ARM GAS  /tmp/cc4hs1Jk.s 			page 1


   1              		.syntax unified
   2              		.cpu cortex-m4
   3              		.fpu softvfp
   4              		.eabi_attribute 20, 1
   5              		.eabi_attribute 21, 1
   6              		.eabi_attribute 23, 3
   7              		.eabi_attribute 24, 1
   8              		.eabi_attribute 25, 1
   9              		.eabi_attribute 26, 1
  10              		.eabi_attribute 30, 2
  11              		.eabi_attribute 34, 1
  12              		.eabi_attribute 18, 4
  13              		.thumb
  14              		.syntax unified
  15              		.file	"chcore_v7m.c"
  16              		.text
  17              	.Ltext0:
  18              		.cfi_sections	.debug_frame
  19              		.section	.text._port_switch_from_isr,"ax",%progbits
  20              		.align	2
  21              		.p2align 4,,15
  22              		.global	_port_switch_from_isr
  23              		.thumb
  24              		.thumb_func
  25              		.type	_port_switch_from_isr, %function
  26              	_port_switch_from_isr:
  27              	.LFB11:
  28              		.file 1 "../../os/ports/GCC/ARMCMx/chcore_v7m.c"
  29              		.loc 1 200 0
  30              		.cfi_startproc
  31              		@ Naked Function: prologue and epilogue provided by programmer.
  32              		@ args = 0, pretend = 0, frame = 0
  33              		@ frame_needed = 0, uses_anonymous_args = 0
  34              		.loc 1 203 0
  35 0000 FFF7FEFF 		bl	chSchDoReschedule
  36              	.LVL0:
  37              		.loc 1 205 0
  38              		.syntax unified
  39              	@ 205 "../../os/ports/GCC/ARMCMx/chcore_v7m.c" 1
  40              		_port_exit_from_isr:
  41              	@ 0 "" 2
  42              		.loc 1 207 0
  43              	@ 207 "../../os/ports/GCC/ARMCMx/chcore_v7m.c" 1
  44 0004 00DF     		svc     #0
  45              	@ 0 "" 2
  46              		.loc 1 214 0
  47              		.thumb
  48              		.syntax unified
  49              		.cfi_endproc
  50              	.LFE11:
  51              		.size	_port_switch_from_isr, .-_port_switch_from_isr
  52 0006 00BF     		.section	.text.SVCallVector,"ax",%progbits
  53              		.align	2
  54              		.p2align 4,,15
  55              		.global	SVCallVector
  56              		.thumb
  57              		.thumb_func
ARM GAS  /tmp/cc4hs1Jk.s 			page 2


  58              		.type	SVCallVector, %function
  59              	SVCallVector:
  60              	.LFB8:
  61              		.loc 1 65 0
  62              		.cfi_startproc
  63              		@ args = 0, pretend = 0, frame = 0
  64              		@ frame_needed = 0, uses_anonymous_args = 0
  65              		@ link register save eliminated.
  66              		.loc 1 74 0
  67              		.syntax unified
  68              	@ 74 "../../os/ports/GCC/ARMCMx/chcore_v7m.c" 1
  69 0000 EFF30983 		mrs     r3, PSP
  70              	@ 0 "" 2
  71              	.LVL1:
  72              		.loc 1 81 0
  73              		.thumb
  74              		.syntax unified
  75 0004 2033     		adds	r3, r3, #32
  76              	.LVL2:
  77              		.syntax unified
  78              	@ 81 "../../os/ports/GCC/ARMCMx/chcore_v7m.c" 1
  79 0006 83F30988 		msr     PSP, r3
  80              	@ 0 "" 2
  81              		.thumb
  82              		.syntax unified
  83              	.LBB5:
  84              		.loc 1 82 0
  85 000a 0023     		movs	r3, #0
  86              	.LVL3:
  87              		.syntax unified
  88              	@ 82 "../../os/ports/GCC/ARMCMx/chcore_v7m.c" 1
  89 000c 83F31188 		msr     BASEPRI, r3
  90              	@ 0 "" 2
  91              		.thumb
  92              		.syntax unified
  93 0010 7047     		bx	lr
  94              	.LBE5:
  95              		.cfi_endproc
  96              	.LFE8:
  97              		.size	SVCallVector, .-SVCallVector
  98 0012 00BF     		.section	.text._port_init,"ax",%progbits
  99              		.align	2
 100              		.p2align 4,,15
 101              		.global	_port_init
 102              		.thumb
 103              		.thumb_func
 104              		.type	_port_init, %function
 105              	_port_init:
 106              	.LFB9:
 107              		.loc 1 120 0
 108              		.cfi_startproc
 109              		@ args = 0, pretend = 0, frame = 0
 110              		@ frame_needed = 0, uses_anonymous_args = 0
 111 0000 08B5     		push	{r3, lr}
 112              		.cfi_def_cfa_offset 8
 113              		.cfi_offset 3, -8
 114              		.cfi_offset 14, -4
ARM GAS  /tmp/cc4hs1Jk.s 			page 3


 115              		.loc 1 123 0
 116 0002 094B     		ldr	r3, .L5
 117              		.loc 1 124 0
 118 0004 094A     		ldr	r2, .L5+4
 119              		.loc 1 123 0
 120 0006 0021     		movs	r1, #0
 121 0008 9960     		str	r1, [r3, #8]
 122              		.loc 1 127 0
 123 000a 0720     		movs	r0, #7
 124              		.loc 1 124 0
 125 000c DA60     		str	r2, [r3, #12]
 126              		.loc 1 127 0
 127 000e 1021     		movs	r1, #16
 128 0010 FFF7FEFF 		bl	nvicSetSystemHandlerPriority
 129              	.LVL4:
 130              		.loc 1 129 0
 131 0014 2021     		movs	r1, #32
 132 0016 0A20     		movs	r0, #10
 133 0018 FFF7FEFF 		bl	nvicSetSystemHandlerPriority
 134              	.LVL5:
 135              		.loc 1 131 0
 136 001c 8021     		movs	r1, #128
 137 001e 0B20     		movs	r0, #11
 138              		.loc 1 133 0
 139 0020 BDE80840 		pop	{r3, lr}
 140              		.cfi_restore 14
 141              		.cfi_restore 3
 142              		.cfi_def_cfa_offset 0
 143              		.loc 1 131 0
 144 0024 FFF7FEBF 		b	nvicSetSystemHandlerPriority
 145              	.LVL6:
 146              	.L6:
 147              		.align	2
 148              	.L5:
 149 0028 00ED00E0 		.word	-536810240
 150 002c 0003FA05 		.word	100270848
 151              		.cfi_endproc
 152              	.LFE9:
 153              		.size	_port_init, .-_port_init
 154              		.section	.text._port_irq_epilogue,"ax",%progbits
 155              		.align	2
 156              		.p2align 4,,15
 157              		.global	_port_irq_epilogue
 158              		.thumb
 159              		.thumb_func
 160              		.type	_port_irq_epilogue, %function
 161              	_port_irq_epilogue:
 162              	.LFB10:
 163              		.loc 1 150 0
 164              		.cfi_startproc
 165              		@ args = 0, pretend = 0, frame = 0
 166              		@ frame_needed = 0, uses_anonymous_args = 0
 167              		@ link register save eliminated.
 168              	.LBB13:
 169              		.loc 1 152 0
 170 0000 2023     		movs	r3, #32
 171              		.syntax unified
ARM GAS  /tmp/cc4hs1Jk.s 			page 4


 172              	@ 152 "../../os/ports/GCC/ARMCMx/chcore_v7m.c" 1
 173 0002 83F31188 		msr     BASEPRI, r3
 174              	@ 0 "" 2
 175              		.thumb
 176              		.syntax unified
 177              	.LBE13:
 178              		.loc 1 153 0
 179 0006 174B     		ldr	r3, .L15
 180 0008 5B68     		ldr	r3, [r3, #4]
 181 000a 13F40063 		ands	r3, r3, #2048
 182 000e 19D0     		beq	.L8
 183              	.LBB14:
 184              	.LBB15:
 185              		.loc 1 163 0
 186              		.syntax unified
 187              	@ 163 "../../os/ports/GCC/ARMCMx/chcore_v7m.c" 1
 188 0010 EFF30983 		mrs     r3, PSP
 189              	@ 0 "" 2
 190              	.LVL7:
 191              		.loc 1 168 0
 192              		.thumb
 193              		.syntax unified
 194 0014 4FF08072 		mov	r2, #16777216
 195 0018 43F8042C 		str	r2, [r3, #-4]
 196              		.loc 1 172 0
 197 001c A3F12002 		sub	r2, r3, #32
 198              	.LVL8:
 199              		.syntax unified
 200              	@ 172 "../../os/ports/GCC/ARMCMx/chcore_v7m.c" 1
 201 0020 82F30988 		msr     PSP, r2
 202              	@ 0 "" 2
 203              		.loc 1 176 0
 204              		.thumb
 205              		.syntax unified
 206 0024 1049     		ldr	r1, .L15+4
 207 0026 8A69     		ldr	r2, [r1, #24]
 208              	.LVL9:
 209 0028 D07F     		ldrb	r0, [r2, #31]	@ zero_extendqisi2
 210 002a 70B1     		cbz	r0, .L9
 211 002c 0868     		ldr	r0, [r1]
 212 002e 9168     		ldr	r1, [r2, #8]
 213 0030 8268     		ldr	r2, [r0, #8]
 214 0032 8A42     		cmp	r2, r1
 215 0034 94BF     		ite	ls
 216 0036 0022     		movls	r2, #0
 217 0038 0122     		movhi	r2, #1
 218 003a 7AB1     		cbz	r2, .L11
 219              	.L14:
 220              		.loc 1 178 0
 221 003c 0B4A     		ldr	r2, .L15+8
 222 003e 43F8082C 		str	r2, [r3, #-8]
 223 0042 7047     		bx	lr
 224              	.LVL10:
 225              	.L8:
 226              	.LBE15:
 227              	.LBE14:
 228              	.LBB17:
ARM GAS  /tmp/cc4hs1Jk.s 			page 5


 229              		.loc 1 190 0
 230              		.syntax unified
 231              	@ 190 "../../os/ports/GCC/ARMCMx/chcore_v7m.c" 1
 232 0044 83F31188 		msr     BASEPRI, r3
 233              	@ 0 "" 2
 234              		.thumb
 235              		.syntax unified
 236 0048 7047     		bx	lr
 237              	.LVL11:
 238              	.L9:
 239              	.LBE17:
 240              	.LBB18:
 241              	.LBB16:
 242              		.loc 1 176 0
 243 004a 0868     		ldr	r0, [r1]
 244 004c 9168     		ldr	r1, [r2, #8]
 245 004e 8268     		ldr	r2, [r0, #8]
 246 0050 8A42     		cmp	r2, r1
 247 0052 34BF     		ite	cc
 248 0054 0022     		movcc	r2, #0
 249 0056 0122     		movcs	r2, #1
 250 0058 002A     		cmp	r2, #0
 251 005a EFD1     		bne	.L14
 252              	.L11:
 253              		.loc 1 183 0
 254 005c 044A     		ldr	r2, .L15+12
 255 005e 43F8082C 		str	r2, [r3, #-8]
 256 0062 7047     		bx	lr
 257              	.L16:
 258              		.align	2
 259              	.L15:
 260 0064 00ED00E0 		.word	-536810240
 261 0068 00000000 		.word	rlist
 262 006c 00000000 		.word	_port_switch_from_isr
 263 0070 04000000 		.word	_port_exit_from_isr
 264              	.LBE16:
 265              	.LBE18:
 266              		.cfi_endproc
 267              	.LFE10:
 268              		.size	_port_irq_epilogue, .-_port_irq_epilogue
 269              		.section	.text.SysTickVector,"ax",%progbits
 270              		.align	2
 271              		.p2align 4,,15
 272              		.global	SysTickVector
 273              		.thumb
 274              		.thumb_func
 275              		.type	SysTickVector, %function
 276              	SysTickVector:
 277              	.LFB7:
 278              		.loc 1 47 0
 279              		.cfi_startproc
 280              		@ args = 0, pretend = 0, frame = 0
 281              		@ frame_needed = 0, uses_anonymous_args = 0
 282 0000 08B5     		push	{r3, lr}
 283              		.cfi_def_cfa_offset 8
 284              		.cfi_offset 3, -8
 285              		.cfi_offset 14, -4
ARM GAS  /tmp/cc4hs1Jk.s 			page 6


 286              	.LBB19:
 287              		.loc 1 51 0
 288 0002 2023     		movs	r3, #32
 289              		.syntax unified
 290              	@ 51 "../../os/ports/GCC/ARMCMx/chcore_v7m.c" 1
 291 0004 83F31188 		msr     BASEPRI, r3
 292              	@ 0 "" 2
 293              		.thumb
 294              		.syntax unified
 295              	.LBE19:
 296              		.loc 1 52 0
 297 0008 FFF7FEFF 		bl	chSysTimerHandlerI
 298              	.LVL12:
 299              	.LBB20:
 300              		.loc 1 53 0
 301 000c 0023     		movs	r3, #0
 302              		.syntax unified
 303              	@ 53 "../../os/ports/GCC/ARMCMx/chcore_v7m.c" 1
 304 000e 83F31188 		msr     BASEPRI, r3
 305              	@ 0 "" 2
 306              		.thumb
 307              		.syntax unified
 308              	.LBE20:
 309              		.loc 1 56 0
 310 0012 BDE80840 		pop	{r3, lr}
 311              		.cfi_restore 14
 312              		.cfi_restore 3
 313              		.cfi_def_cfa_offset 0
 314              		.loc 1 55 0
 315 0016 FFF7FEBF 		b	_port_irq_epilogue
 316              	.LVL13:
 317              		.cfi_endproc
 318              	.LFE7:
 319              		.size	SysTickVector, .-SysTickVector
 320 001a 00BF     		.section	.text._port_switch,"ax",%progbits
 321              		.align	2
 322              		.p2align 4,,15
 323              		.global	_port_switch
 324              		.thumb
 325              		.thumb_func
 326              		.type	_port_switch, %function
 327              	_port_switch:
 328              	.LFB12:
 329              		.loc 1 229 0
 330              		.cfi_startproc
 331              		@ Naked Function: prologue and epilogue provided by programmer.
 332              		@ args = 0, pretend = 0, frame = 0
 333              		@ frame_needed = 0, uses_anonymous_args = 0
 334              	.LVL14:
 335              		.loc 1 231 0
 336              		.syntax unified
 337              	@ 231 "../../os/ports/GCC/ARMCMx/chcore_v7m.c" 1
 338 0000 2DE9F04F 		push    {r4, r5, r6, r7, r8, r9, r10, r11, lr}
 339              	@ 0 "" 2
 340              		.loc 1 237 0
 341              	@ 237 "../../os/ports/GCC/ARMCMx/chcore_v7m.c" 1
 342 0004 C1F80CD0 		str     sp, [r1, #12]                          
ARM GAS  /tmp/cc4hs1Jk.s 			page 7


 343 0008 D0F80CD0 		ldr     sp, [r0, #12]
 344              	@ 0 "" 2
 345              		.loc 1 243 0
 346              	@ 243 "../../os/ports/GCC/ARMCMx/chcore_v7m.c" 1
 347 000c BDE8F08F 		pop     {r4, r5, r6, r7, r8, r9, r10, r11, pc}
 348              	@ 0 "" 2
 349              		.loc 1 245 0
 350              		.thumb
 351              		.syntax unified
 352              		.cfi_endproc
 353              	.LFE12:
 354              		.size	_port_switch, .-_port_switch
 355              		.section	.text._port_thread_start,"ax",%progbits
 356              		.align	2
 357              		.p2align 4,,15
 358              		.global	_port_thread_start
 359              		.thumb
 360              		.thumb_func
 361              		.type	_port_thread_start, %function
 362              	_port_thread_start:
 363              	.LFB13:
 364              		.loc 1 252 0
 365              		.cfi_startproc
 366              		@ args = 0, pretend = 0, frame = 0
 367              		@ frame_needed = 0, uses_anonymous_args = 0
 368              		@ link register save eliminated.
 369              	.LBB21:
 370              		.loc 1 254 0
 371 0000 0023     		movs	r3, #0
 372              		.syntax unified
 373              	@ 254 "../../os/ports/GCC/ARMCMx/chcore_v7m.c" 1
 374 0002 83F31188 		msr     BASEPRI, r3
 375              	@ 0 "" 2
 376              		.thumb
 377              		.syntax unified
 378              	.LBE21:
 379              		.loc 1 255 0
 380              		.syntax unified
 381              	@ 255 "../../os/ports/GCC/ARMCMx/chcore_v7m.c" 1
 382 0006 2846     		mov     r0, r5                                 
 383 0008 A047     		blx     r4                                     
 384 000a FFF7FEFF 		bl      chThdExit
 385              	@ 0 "" 2
 386              		.thumb
 387              		.syntax unified
 388 000e 7047     		bx	lr
 389              		.cfi_endproc
 390              	.LFE13:
 391              		.size	_port_thread_start, .-_port_thread_start
 392              		.text
 393              	.Letext0:
 394              		.file 2 "/home/lithium/Descargas/gcc-arm-none-eabi-5_3-2016q1/arm-none-eabi/include/machine/_defau
 395              		.file 3 "/home/lithium/Descargas/gcc-arm-none-eabi-5_3-2016q1/arm-none-eabi/include/sys/_stdint.h"
 396              		.file 4 "../../os/ports/GCC/ARMCMx/chtypes.h"
 397              		.file 5 "../../os/kernel/include/chlists.h"
 398              		.file 6 "../../os/kernel/include/chthreads.h"
 399              		.file 7 "../../os/ports/GCC/ARMCMx/chcore_v7m.h"
ARM GAS  /tmp/cc4hs1Jk.s 			page 8


 400              		.file 8 "../../os/ports/common/ARMCMx/nvic.h"
 401              		.file 9 "../../os/kernel/include/chschd.h"
 402              		.file 10 "../../os/kernel/include/chmtx.h"
 403              		.file 11 "../../os/kernel/include/chsys.h"
 404              		.section	.debug_info,"",%progbits
 405              	.Ldebug_info0:
 406 0000 1A080000 		.4byte	0x81a
 407 0004 0400     		.2byte	0x4
 408 0006 00000000 		.4byte	.Ldebug_abbrev0
 409 000a 04       		.byte	0x4
 410 000b 01       		.uleb128 0x1
 411 000c A7020000 		.4byte	.LASF97
 412 0010 0C       		.byte	0xc
 413 0011 D4030000 		.4byte	.LASF98
 414 0015 2D040000 		.4byte	.LASF99
 415 0019 18000000 		.4byte	.Ldebug_ranges0+0x18
 416 001d 00000000 		.4byte	0
 417 0021 00000000 		.4byte	.Ldebug_line0
 418 0025 02       		.uleb128 0x2
 419 0026 04       		.byte	0x4
 420 0027 05       		.byte	0x5
 421 0028 696E7400 		.ascii	"int\000"
 422 002c 03       		.uleb128 0x3
 423 002d 04       		.byte	0x4
 424 002e 07       		.byte	0x7
 425 002f 23010000 		.4byte	.LASF0
 426 0033 03       		.uleb128 0x3
 427 0034 08       		.byte	0x8
 428 0035 05       		.byte	0x5
 429 0036 6D000000 		.4byte	.LASF1
 430 003a 03       		.uleb128 0x3
 431 003b 08       		.byte	0x8
 432 003c 04       		.byte	0x4
 433 003d F9010000 		.4byte	.LASF2
 434 0041 03       		.uleb128 0x3
 435 0042 01       		.byte	0x1
 436 0043 06       		.byte	0x6
 437 0044 7B000000 		.4byte	.LASF3
 438 0048 04       		.uleb128 0x4
 439 0049 0D000000 		.4byte	.LASF7
 440 004d 02       		.byte	0x2
 441 004e 1D       		.byte	0x1d
 442 004f 53000000 		.4byte	0x53
 443 0053 03       		.uleb128 0x3
 444 0054 01       		.byte	0x1
 445 0055 08       		.byte	0x8
 446 0056 61020000 		.4byte	.LASF4
 447 005a 03       		.uleb128 0x3
 448 005b 02       		.byte	0x2
 449 005c 05       		.byte	0x5
 450 005d 7F020000 		.4byte	.LASF5
 451 0061 03       		.uleb128 0x3
 452 0062 02       		.byte	0x2
 453 0063 07       		.byte	0x7
 454 0064 80010000 		.4byte	.LASF6
 455 0068 04       		.uleb128 0x4
 456 0069 17040000 		.4byte	.LASF8
ARM GAS  /tmp/cc4hs1Jk.s 			page 9


 457 006d 02       		.byte	0x2
 458 006e 3F       		.byte	0x3f
 459 006f 73000000 		.4byte	0x73
 460 0073 03       		.uleb128 0x3
 461 0074 04       		.byte	0x4
 462 0075 05       		.byte	0x5
 463 0076 A1000000 		.4byte	.LASF9
 464 007a 04       		.uleb128 0x4
 465 007b E0000000 		.4byte	.LASF10
 466 007f 02       		.byte	0x2
 467 0080 41       		.byte	0x41
 468 0081 85000000 		.4byte	0x85
 469 0085 03       		.uleb128 0x3
 470 0086 04       		.byte	0x4
 471 0087 07       		.byte	0x7
 472 0088 4B010000 		.4byte	.LASF11
 473 008c 03       		.uleb128 0x3
 474 008d 08       		.byte	0x8
 475 008e 07       		.byte	0x7
 476 008f 40000000 		.4byte	.LASF12
 477 0093 04       		.uleb128 0x4
 478 0094 95040000 		.4byte	.LASF13
 479 0098 03       		.byte	0x3
 480 0099 14       		.byte	0x14
 481 009a 48000000 		.4byte	0x48
 482 009e 04       		.uleb128 0x4
 483 009f 59020000 		.4byte	.LASF14
 484 00a3 03       		.byte	0x3
 485 00a4 1F       		.byte	0x1f
 486 00a5 68000000 		.4byte	0x68
 487 00a9 04       		.uleb128 0x4
 488 00aa A9030000 		.4byte	.LASF15
 489 00ae 03       		.byte	0x3
 490 00af 20       		.byte	0x20
 491 00b0 7A000000 		.4byte	0x7a
 492 00b4 03       		.uleb128 0x3
 493 00b5 01       		.byte	0x1
 494 00b6 02       		.byte	0x2
 495 00b7 53020000 		.4byte	.LASF16
 496 00bb 04       		.uleb128 0x4
 497 00bc CA010000 		.4byte	.LASF17
 498 00c0 04       		.byte	0x4
 499 00c1 2C       		.byte	0x2c
 500 00c2 93000000 		.4byte	0x93
 501 00c6 04       		.uleb128 0x4
 502 00c7 B7000000 		.4byte	.LASF18
 503 00cb 04       		.byte	0x4
 504 00cc 2D       		.byte	0x2d
 505 00cd 93000000 		.4byte	0x93
 506 00d1 04       		.uleb128 0x4
 507 00d2 37020000 		.4byte	.LASF19
 508 00d6 04       		.byte	0x4
 509 00d7 2E       		.byte	0x2e
 510 00d8 93000000 		.4byte	0x93
 511 00dc 04       		.uleb128 0x4
 512 00dd 97000000 		.4byte	.LASF20
 513 00e1 04       		.byte	0x4
ARM GAS  /tmp/cc4hs1Jk.s 			page 10


 514 00e2 2F       		.byte	0x2f
 515 00e3 93000000 		.4byte	0x93
 516 00e7 04       		.uleb128 0x4
 517 00e8 4B020000 		.4byte	.LASF21
 518 00ec 04       		.byte	0x4
 519 00ed 30       		.byte	0x30
 520 00ee A9000000 		.4byte	0xa9
 521 00f2 04       		.uleb128 0x4
 522 00f3 98010000 		.4byte	.LASF22
 523 00f7 04       		.byte	0x4
 524 00f8 31       		.byte	0x31
 525 00f9 9E000000 		.4byte	0x9e
 526 00fd 04       		.uleb128 0x4
 527 00fe DE010000 		.4byte	.LASF23
 528 0102 04       		.byte	0x4
 529 0103 33       		.byte	0x33
 530 0104 A9000000 		.4byte	0xa9
 531 0108 04       		.uleb128 0x4
 532 0109 02040000 		.4byte	.LASF24
 533 010d 04       		.byte	0x4
 534 010e 35       		.byte	0x35
 535 010f A9000000 		.4byte	0xa9
 536 0113 04       		.uleb128 0x4
 537 0114 97030000 		.4byte	.LASF25
 538 0118 05       		.byte	0x5
 539 0119 2A       		.byte	0x2a
 540 011a 1E010000 		.4byte	0x11e
 541 011e 05       		.uleb128 0x5
 542 011f 97030000 		.4byte	.LASF25
 543 0123 48       		.byte	0x48
 544 0124 06       		.byte	0x6
 545 0125 5E       		.byte	0x5e
 546 0126 1B020000 		.4byte	0x21b
 547 012a 06       		.uleb128 0x6
 548 012b 88030000 		.4byte	.LASF26
 549 012f 06       		.byte	0x6
 550 0130 5F       		.byte	0x5f
 551 0131 3C020000 		.4byte	0x23c
 552 0135 00       		.byte	0
 553 0136 06       		.uleb128 0x6
 554 0137 44020000 		.4byte	.LASF27
 555 013b 06       		.byte	0x6
 556 013c 61       		.byte	0x61
 557 013d 3C020000 		.4byte	0x23c
 558 0141 04       		.byte	0x4
 559 0142 06       		.uleb128 0x6
 560 0143 66000000 		.4byte	.LASF28
 561 0147 06       		.byte	0x6
 562 0148 63       		.byte	0x63
 563 0149 E7000000 		.4byte	0xe7
 564 014d 08       		.byte	0x8
 565 014e 06       		.uleb128 0x6
 566 014f C9040000 		.4byte	.LASF29
 567 0153 06       		.byte	0x6
 568 0154 64       		.byte	0x64
 569 0155 5E030000 		.4byte	0x35e
 570 0159 0C       		.byte	0xc
ARM GAS  /tmp/cc4hs1Jk.s 			page 11


 571 015a 06       		.uleb128 0x6
 572 015b D3000000 		.4byte	.LASF30
 573 015f 06       		.byte	0x6
 574 0160 66       		.byte	0x66
 575 0161 3C020000 		.4byte	0x23c
 576 0165 10       		.byte	0x10
 577 0166 06       		.uleb128 0x6
 578 0167 0A020000 		.4byte	.LASF31
 579 016b 06       		.byte	0x6
 580 016c 67       		.byte	0x67
 581 016d 3C020000 		.4byte	0x23c
 582 0171 14       		.byte	0x14
 583 0172 06       		.uleb128 0x6
 584 0173 AF040000 		.4byte	.LASF32
 585 0177 06       		.byte	0x6
 586 0178 6E       		.byte	0x6e
 587 0179 D7050000 		.4byte	0x5d7
 588 017d 18       		.byte	0x18
 589 017e 06       		.uleb128 0x6
 590 017f 89020000 		.4byte	.LASF33
 591 0183 06       		.byte	0x6
 592 0184 79       		.byte	0x79
 593 0185 C6000000 		.4byte	0xc6
 594 0189 1C       		.byte	0x1c
 595 018a 06       		.uleb128 0x6
 596 018b 8F030000 		.4byte	.LASF34
 597 018f 06       		.byte	0x6
 598 0190 7D       		.byte	0x7d
 599 0191 BB000000 		.4byte	0xbb
 600 0195 1D       		.byte	0x1d
 601 0196 06       		.uleb128 0x6
 602 0197 79040000 		.4byte	.LASF35
 603 019b 06       		.byte	0x6
 604 019c 82       		.byte	0x82
 605 019d D1000000 		.4byte	0xd1
 606 01a1 1E       		.byte	0x1e
 607 01a2 06       		.uleb128 0x6
 608 01a3 91020000 		.4byte	.LASF36
 609 01a7 06       		.byte	0x6
 610 01a8 88       		.byte	0x88
 611 01a9 DC000000 		.4byte	0xdc
 612 01ad 1F       		.byte	0x1f
 613 01ae 06       		.uleb128 0x6
 614 01af 21040000 		.4byte	.LASF37
 615 01b3 06       		.byte	0x6
 616 01b4 8F       		.byte	0x8f
 617 01b5 FF040000 		.4byte	0x4ff
 618 01b9 20       		.byte	0x20
 619 01ba 07       		.uleb128 0x7
 620 01bb 705F7500 		.ascii	"p_u\000"
 621 01bf 06       		.byte	0x6
 622 01c0 B4       		.byte	0xb4
 623 01c1 A2050000 		.4byte	0x5a2
 624 01c5 24       		.byte	0x24
 625 01c6 06       		.uleb128 0x6
 626 01c7 CF040000 		.4byte	.LASF38
 627 01cb 06       		.byte	0x6
ARM GAS  /tmp/cc4hs1Jk.s 			page 12


 628 01cc B9       		.byte	0xb9
 629 01cd 62020000 		.4byte	0x262
 630 01d1 28       		.byte	0x28
 631 01d2 06       		.uleb128 0x6
 632 01d3 6E040000 		.4byte	.LASF39
 633 01d7 06       		.byte	0x6
 634 01d8 BF       		.byte	0xbf
 635 01d9 42020000 		.4byte	0x242
 636 01dd 2C       		.byte	0x2c
 637 01de 06       		.uleb128 0x6
 638 01df 00000000 		.4byte	.LASF40
 639 01e3 06       		.byte	0x6
 640 01e4 C3       		.byte	0xc3
 641 01e5 F2000000 		.4byte	0xf2
 642 01e9 34       		.byte	0x34
 643 01ea 06       		.uleb128 0x6
 644 01eb 9E030000 		.4byte	.LASF41
 645 01ef 06       		.byte	0x6
 646 01f0 C9       		.byte	0xc9
 647 01f1 FD000000 		.4byte	0xfd
 648 01f5 38       		.byte	0x38
 649 01f6 06       		.uleb128 0x6
 650 01f7 75020000 		.4byte	.LASF42
 651 01fb 06       		.byte	0x6
 652 01fc D0       		.byte	0xd0
 653 01fd E9050000 		.4byte	0x5e9
 654 0201 3C       		.byte	0x3c
 655 0202 06       		.uleb128 0x6
 656 0203 0C040000 		.4byte	.LASF43
 657 0207 06       		.byte	0x6
 658 0208 D4       		.byte	0xd4
 659 0209 E7000000 		.4byte	0xe7
 660 020d 40       		.byte	0x40
 661 020e 06       		.uleb128 0x6
 662 020f 87000000 		.4byte	.LASF44
 663 0213 06       		.byte	0x6
 664 0214 DA       		.byte	0xda
 665 0215 78020000 		.4byte	0x278
 666 0219 44       		.byte	0x44
 667 021a 00       		.byte	0
 668 021b 08       		.uleb128 0x8
 669 021c 08       		.byte	0x8
 670 021d 05       		.byte	0x5
 671 021e 61       		.byte	0x61
 672 021f 3C020000 		.4byte	0x23c
 673 0223 06       		.uleb128 0x6
 674 0224 88030000 		.4byte	.LASF26
 675 0228 05       		.byte	0x5
 676 0229 62       		.byte	0x62
 677 022a 3C020000 		.4byte	0x23c
 678 022e 00       		.byte	0
 679 022f 06       		.uleb128 0x6
 680 0230 44020000 		.4byte	.LASF27
 681 0234 05       		.byte	0x5
 682 0235 64       		.byte	0x64
 683 0236 3C020000 		.4byte	0x23c
 684 023a 04       		.byte	0x4
ARM GAS  /tmp/cc4hs1Jk.s 			page 13


 685 023b 00       		.byte	0
 686 023c 09       		.uleb128 0x9
 687 023d 04       		.byte	0x4
 688 023e 13010000 		.4byte	0x113
 689 0242 04       		.uleb128 0x4
 690 0243 18020000 		.4byte	.LASF45
 691 0247 05       		.byte	0x5
 692 0248 66       		.byte	0x66
 693 0249 1B020000 		.4byte	0x21b
 694 024d 08       		.uleb128 0x8
 695 024e 04       		.byte	0x4
 696 024f 05       		.byte	0x5
 697 0250 6B       		.byte	0x6b
 698 0251 62020000 		.4byte	0x262
 699 0255 06       		.uleb128 0x6
 700 0256 88030000 		.4byte	.LASF26
 701 025a 05       		.byte	0x5
 702 025b 6D       		.byte	0x6d
 703 025c 3C020000 		.4byte	0x23c
 704 0260 00       		.byte	0
 705 0261 00       		.byte	0
 706 0262 04       		.uleb128 0x4
 707 0263 D2010000 		.4byte	.LASF46
 708 0267 05       		.byte	0x5
 709 0268 70       		.byte	0x70
 710 0269 4D020000 		.4byte	0x24d
 711 026d 04       		.uleb128 0x4
 712 026e 08010000 		.4byte	.LASF47
 713 0272 07       		.byte	0x7
 714 0273 E5       		.byte	0xe5
 715 0274 78020000 		.4byte	0x278
 716 0278 0A       		.uleb128 0xa
 717 0279 04       		.byte	0x4
 718 027a 05       		.uleb128 0x5
 719 027b 37010000 		.4byte	.LASF48
 720 027f 20       		.byte	0x20
 721 0280 07       		.byte	0x7
 722 0281 ED       		.byte	0xed
 723 0282 E2020000 		.4byte	0x2e2
 724 0286 07       		.uleb128 0x7
 725 0287 723000   		.ascii	"r0\000"
 726 028a 07       		.byte	0x7
 727 028b EE       		.byte	0xee
 728 028c 6D020000 		.4byte	0x26d
 729 0290 00       		.byte	0
 730 0291 07       		.uleb128 0x7
 731 0292 723100   		.ascii	"r1\000"
 732 0295 07       		.byte	0x7
 733 0296 EF       		.byte	0xef
 734 0297 6D020000 		.4byte	0x26d
 735 029b 04       		.byte	0x4
 736 029c 07       		.uleb128 0x7
 737 029d 723200   		.ascii	"r2\000"
 738 02a0 07       		.byte	0x7
 739 02a1 F0       		.byte	0xf0
 740 02a2 6D020000 		.4byte	0x26d
 741 02a6 08       		.byte	0x8
ARM GAS  /tmp/cc4hs1Jk.s 			page 14


 742 02a7 07       		.uleb128 0x7
 743 02a8 723300   		.ascii	"r3\000"
 744 02ab 07       		.byte	0x7
 745 02ac F1       		.byte	0xf1
 746 02ad 6D020000 		.4byte	0x26d
 747 02b1 0C       		.byte	0xc
 748 02b2 07       		.uleb128 0x7
 749 02b3 72313200 		.ascii	"r12\000"
 750 02b7 07       		.byte	0x7
 751 02b8 F2       		.byte	0xf2
 752 02b9 6D020000 		.4byte	0x26d
 753 02bd 10       		.byte	0x10
 754 02be 06       		.uleb128 0x6
 755 02bf 30010000 		.4byte	.LASF49
 756 02c3 07       		.byte	0x7
 757 02c4 F3       		.byte	0xf3
 758 02c5 6D020000 		.4byte	0x26d
 759 02c9 14       		.byte	0x14
 760 02ca 07       		.uleb128 0x7
 761 02cb 706300   		.ascii	"pc\000"
 762 02ce 07       		.byte	0x7
 763 02cf F4       		.byte	0xf4
 764 02d0 6D020000 		.4byte	0x26d
 765 02d4 18       		.byte	0x18
 766 02d5 06       		.uleb128 0x6
 767 02d6 9B020000 		.4byte	.LASF50
 768 02da 07       		.byte	0x7
 769 02db F5       		.byte	0xf5
 770 02dc 6D020000 		.4byte	0x26d
 771 02e0 1C       		.byte	0x1c
 772 02e1 00       		.byte	0
 773 02e2 0B       		.uleb128 0xb
 774 02e3 67040000 		.4byte	.LASF51
 775 02e7 24       		.byte	0x24
 776 02e8 07       		.byte	0x7
 777 02e9 0C01     		.2byte	0x10c
 778 02eb 5E030000 		.4byte	0x35e
 779 02ef 0C       		.uleb128 0xc
 780 02f0 723400   		.ascii	"r4\000"
 781 02f3 07       		.byte	0x7
 782 02f4 1F01     		.2byte	0x11f
 783 02f6 6D020000 		.4byte	0x26d
 784 02fa 00       		.byte	0
 785 02fb 0C       		.uleb128 0xc
 786 02fc 723500   		.ascii	"r5\000"
 787 02ff 07       		.byte	0x7
 788 0300 2001     		.2byte	0x120
 789 0302 6D020000 		.4byte	0x26d
 790 0306 04       		.byte	0x4
 791 0307 0C       		.uleb128 0xc
 792 0308 723600   		.ascii	"r6\000"
 793 030b 07       		.byte	0x7
 794 030c 2101     		.2byte	0x121
 795 030e 6D020000 		.4byte	0x26d
 796 0312 08       		.byte	0x8
 797 0313 0C       		.uleb128 0xc
 798 0314 723700   		.ascii	"r7\000"
ARM GAS  /tmp/cc4hs1Jk.s 			page 15


 799 0317 07       		.byte	0x7
 800 0318 2201     		.2byte	0x122
 801 031a 6D020000 		.4byte	0x26d
 802 031e 0C       		.byte	0xc
 803 031f 0C       		.uleb128 0xc
 804 0320 723800   		.ascii	"r8\000"
 805 0323 07       		.byte	0x7
 806 0324 2301     		.2byte	0x123
 807 0326 6D020000 		.4byte	0x26d
 808 032a 10       		.byte	0x10
 809 032b 0C       		.uleb128 0xc
 810 032c 723900   		.ascii	"r9\000"
 811 032f 07       		.byte	0x7
 812 0330 2401     		.2byte	0x124
 813 0332 6D020000 		.4byte	0x26d
 814 0336 14       		.byte	0x14
 815 0337 0C       		.uleb128 0xc
 816 0338 72313000 		.ascii	"r10\000"
 817 033c 07       		.byte	0x7
 818 033d 2501     		.2byte	0x125
 819 033f 6D020000 		.4byte	0x26d
 820 0343 18       		.byte	0x18
 821 0344 0C       		.uleb128 0xc
 822 0345 72313100 		.ascii	"r11\000"
 823 0349 07       		.byte	0x7
 824 034a 2601     		.2byte	0x126
 825 034c 6D020000 		.4byte	0x26d
 826 0350 1C       		.byte	0x1c
 827 0351 0C       		.uleb128 0xc
 828 0352 6C7200   		.ascii	"lr\000"
 829 0355 07       		.byte	0x7
 830 0356 2701     		.2byte	0x127
 831 0358 6D020000 		.4byte	0x26d
 832 035c 20       		.byte	0x20
 833 035d 00       		.byte	0
 834 035e 0B       		.uleb128 0xb
 835 035f 78010000 		.4byte	.LASF52
 836 0363 04       		.byte	0x4
 837 0364 07       		.byte	0x7
 838 0365 3101     		.2byte	0x131
 839 0367 79030000 		.4byte	0x379
 840 036b 0C       		.uleb128 0xc
 841 036c 72313300 		.ascii	"r13\000"
 842 0370 07       		.byte	0x7
 843 0371 3201     		.2byte	0x132
 844 0373 79030000 		.4byte	0x379
 845 0377 00       		.byte	0
 846 0378 00       		.byte	0
 847 0379 09       		.uleb128 0x9
 848 037a 04       		.byte	0x4
 849 037b E2020000 		.4byte	0x2e2
 850 037f 04       		.uleb128 0x4
 851 0380 CC030000 		.4byte	.LASF53
 852 0384 08       		.byte	0x8
 853 0385 3A       		.byte	0x3a
 854 0386 8A030000 		.4byte	0x38a
 855 038a 0D       		.uleb128 0xd
ARM GAS  /tmp/cc4hs1Jk.s 			page 16


 856 038b A9000000 		.4byte	0xa9
 857 038f 03       		.uleb128 0x3
 858 0390 04       		.byte	0x4
 859 0391 07       		.byte	0x7
 860 0392 F0010000 		.4byte	.LASF54
 861 0396 08       		.uleb128 0x8
 862 0397 8C       		.byte	0x8c
 863 0398 08       		.byte	0x8
 864 0399 89       		.byte	0x89
 865 039a 9B040000 		.4byte	0x49b
 866 039e 06       		.uleb128 0x6
 867 039f 60000000 		.4byte	.LASF55
 868 03a3 08       		.byte	0x8
 869 03a4 8A       		.byte	0x8a
 870 03a5 7F030000 		.4byte	0x37f
 871 03a9 00       		.byte	0
 872 03aa 06       		.uleb128 0x6
 873 03ab 93010000 		.4byte	.LASF56
 874 03af 08       		.byte	0x8
 875 03b0 8B       		.byte	0x8b
 876 03b1 7F030000 		.4byte	0x37f
 877 03b5 04       		.byte	0x4
 878 03b6 06       		.uleb128 0x6
 879 03b7 5D010000 		.4byte	.LASF57
 880 03bb 08       		.byte	0x8
 881 03bc 8C       		.byte	0x8c
 882 03bd 7F030000 		.4byte	0x37f
 883 03c1 08       		.byte	0x8
 884 03c2 06       		.uleb128 0x6
 885 03c3 9E010000 		.4byte	.LASF58
 886 03c7 08       		.byte	0x8
 887 03c8 8D       		.byte	0x8d
 888 03c9 7F030000 		.4byte	0x37f
 889 03cd 0C       		.byte	0xc
 890 03ce 07       		.uleb128 0x7
 891 03cf 53435200 		.ascii	"SCR\000"
 892 03d3 08       		.byte	0x8
 893 03d4 8E       		.byte	0x8e
 894 03d5 7F030000 		.4byte	0x37f
 895 03d9 10       		.byte	0x10
 896 03da 07       		.uleb128 0x7
 897 03db 43435200 		.ascii	"CCR\000"
 898 03df 08       		.byte	0x8
 899 03e0 8F       		.byte	0x8f
 900 03e1 7F030000 		.4byte	0x37f
 901 03e5 14       		.byte	0x14
 902 03e6 06       		.uleb128 0x6
 903 03e7 28040000 		.4byte	.LASF59
 904 03eb 08       		.byte	0x8
 905 03ec 90       		.byte	0x90
 906 03ed AB040000 		.4byte	0x4ab
 907 03f1 18       		.byte	0x18
 908 03f2 06       		.uleb128 0x6
 909 03f3 6F020000 		.4byte	.LASF60
 910 03f7 08       		.byte	0x8
 911 03f8 91       		.byte	0x91
 912 03f9 7F030000 		.4byte	0x37f
ARM GAS  /tmp/cc4hs1Jk.s 			page 17


 913 03fd 24       		.byte	0x24
 914 03fe 06       		.uleb128 0x6
 915 03ff 05020000 		.4byte	.LASF61
 916 0403 08       		.byte	0x8
 917 0404 92       		.byte	0x92
 918 0405 7F030000 		.4byte	0x37f
 919 0409 28       		.byte	0x28
 920 040a 06       		.uleb128 0x6
 921 040b BC040000 		.4byte	.LASF62
 922 040f 08       		.byte	0x8
 923 0410 93       		.byte	0x93
 924 0411 7F030000 		.4byte	0x37f
 925 0415 2C       		.byte	0x2c
 926 0416 06       		.uleb128 0x6
 927 0417 A4010000 		.4byte	.LASF63
 928 041b 08       		.byte	0x8
 929 041c 94       		.byte	0x94
 930 041d 7F030000 		.4byte	0x37f
 931 0421 30       		.byte	0x30
 932 0422 06       		.uleb128 0x6
 933 0423 B1010000 		.4byte	.LASF64
 934 0427 08       		.byte	0x8
 935 0428 95       		.byte	0x95
 936 0429 7F030000 		.4byte	0x37f
 937 042d 34       		.byte	0x34
 938 042e 06       		.uleb128 0x6
 939 042f DB000000 		.4byte	.LASF65
 940 0433 08       		.byte	0x8
 941 0434 96       		.byte	0x96
 942 0435 7F030000 		.4byte	0x37f
 943 0439 38       		.byte	0x38
 944 043a 06       		.uleb128 0x6
 945 043b BA030000 		.4byte	.LASF66
 946 043f 08       		.byte	0x8
 947 0440 97       		.byte	0x97
 948 0441 7F030000 		.4byte	0x37f
 949 0445 3C       		.byte	0x3c
 950 0446 07       		.uleb128 0x7
 951 0447 50465200 		.ascii	"PFR\000"
 952 044b 08       		.byte	0x8
 953 044c 98       		.byte	0x98
 954 044d C0040000 		.4byte	0x4c0
 955 0451 40       		.byte	0x40
 956 0452 07       		.uleb128 0x7
 957 0453 44465200 		.ascii	"DFR\000"
 958 0457 08       		.byte	0x8
 959 0458 99       		.byte	0x99
 960 0459 7F030000 		.4byte	0x37f
 961 045d 48       		.byte	0x48
 962 045e 07       		.uleb128 0x7
 963 045f 41445200 		.ascii	"ADR\000"
 964 0463 08       		.byte	0x8
 965 0464 9A       		.byte	0x9a
 966 0465 7F030000 		.4byte	0x37f
 967 0469 4C       		.byte	0x4c
 968 046a 06       		.uleb128 0x6
 969 046b 8A040000 		.4byte	.LASF67
ARM GAS  /tmp/cc4hs1Jk.s 			page 18


 970 046f 08       		.byte	0x8
 971 0470 9B       		.byte	0x9b
 972 0471 D5040000 		.4byte	0x4d5
 973 0475 50       		.byte	0x50
 974 0476 07       		.uleb128 0x7
 975 0477 53415200 		.ascii	"SAR\000"
 976 047b 08       		.byte	0x8
 977 047c 9C       		.byte	0x9c
 978 047d EA040000 		.4byte	0x4ea
 979 0481 60       		.byte	0x60
 980 0482 06       		.uleb128 0x6
 981 0483 BF030000 		.4byte	.LASF68
 982 0487 08       		.byte	0x8
 983 0488 9D       		.byte	0x9d
 984 0489 EF040000 		.4byte	0x4ef
 985 048d 74       		.byte	0x74
 986 048e 06       		.uleb128 0x6
 987 048f B6040000 		.4byte	.LASF69
 988 0493 08       		.byte	0x8
 989 0494 9E       		.byte	0x9e
 990 0495 7F030000 		.4byte	0x37f
 991 0499 88       		.byte	0x88
 992 049a 00       		.byte	0
 993 049b 0E       		.uleb128 0xe
 994 049c 7F030000 		.4byte	0x37f
 995 04a0 AB040000 		.4byte	0x4ab
 996 04a4 0F       		.uleb128 0xf
 997 04a5 8F030000 		.4byte	0x38f
 998 04a9 02       		.byte	0x2
 999 04aa 00       		.byte	0
 1000 04ab 0D       		.uleb128 0xd
 1001 04ac 9B040000 		.4byte	0x49b
 1002 04b0 0E       		.uleb128 0xe
 1003 04b1 7F030000 		.4byte	0x37f
 1004 04b5 C0040000 		.4byte	0x4c0
 1005 04b9 0F       		.uleb128 0xf
 1006 04ba 8F030000 		.4byte	0x38f
 1007 04be 01       		.byte	0x1
 1008 04bf 00       		.byte	0
 1009 04c0 0D       		.uleb128 0xd
 1010 04c1 B0040000 		.4byte	0x4b0
 1011 04c5 0E       		.uleb128 0xe
 1012 04c6 7F030000 		.4byte	0x37f
 1013 04ca D5040000 		.4byte	0x4d5
 1014 04ce 0F       		.uleb128 0xf
 1015 04cf 8F030000 		.4byte	0x38f
 1016 04d3 03       		.byte	0x3
 1017 04d4 00       		.byte	0
 1018 04d5 0D       		.uleb128 0xd
 1019 04d6 C5040000 		.4byte	0x4c5
 1020 04da 0E       		.uleb128 0xe
 1021 04db 7F030000 		.4byte	0x37f
 1022 04df EA040000 		.4byte	0x4ea
 1023 04e3 0F       		.uleb128 0xf
 1024 04e4 8F030000 		.4byte	0x38f
 1025 04e8 04       		.byte	0x4
 1026 04e9 00       		.byte	0
ARM GAS  /tmp/cc4hs1Jk.s 			page 19


 1027 04ea 0D       		.uleb128 0xd
 1028 04eb DA040000 		.4byte	0x4da
 1029 04ef 0D       		.uleb128 0xd
 1030 04f0 DA040000 		.4byte	0x4da
 1031 04f4 04       		.uleb128 0x4
 1032 04f5 17000000 		.4byte	.LASF70
 1033 04f9 08       		.byte	0x8
 1034 04fa 9F       		.byte	0x9f
 1035 04fb 96030000 		.4byte	0x396
 1036 04ff 0D       		.uleb128 0xd
 1037 0500 08010000 		.4byte	0x108
 1038 0504 08       		.uleb128 0x8
 1039 0505 1C       		.byte	0x1c
 1040 0506 09       		.byte	0x9
 1041 0507 5E       		.byte	0x5e
 1042 0508 55050000 		.4byte	0x555
 1043 050c 06       		.uleb128 0x6
 1044 050d B2030000 		.4byte	.LASF71
 1045 0511 09       		.byte	0x9
 1046 0512 5F       		.byte	0x5f
 1047 0513 42020000 		.4byte	0x242
 1048 0517 00       		.byte	0
 1049 0518 06       		.uleb128 0x6
 1050 0519 A0020000 		.4byte	.LASF72
 1051 051d 09       		.byte	0x9
 1052 051e 60       		.byte	0x60
 1053 051f E7000000 		.4byte	0xe7
 1054 0523 08       		.byte	0x8
 1055 0524 06       		.uleb128 0x6
 1056 0525 12020000 		.4byte	.LASF73
 1057 0529 09       		.byte	0x9
 1058 052a 62       		.byte	0x62
 1059 052b 5E030000 		.4byte	0x35e
 1060 052f 0C       		.byte	0xc
 1061 0530 06       		.uleb128 0x6
 1062 0531 A9010000 		.4byte	.LASF74
 1063 0535 09       		.byte	0x9
 1064 0536 65       		.byte	0x65
 1065 0537 3C020000 		.4byte	0x23c
 1066 053b 10       		.byte	0x10
 1067 053c 06       		.uleb128 0x6
 1068 053d 2F020000 		.4byte	.LASF75
 1069 0541 09       		.byte	0x9
 1070 0542 66       		.byte	0x66
 1071 0543 3C020000 		.4byte	0x23c
 1072 0547 14       		.byte	0x14
 1073 0548 06       		.uleb128 0x6
 1074 0549 25020000 		.4byte	.LASF76
 1075 054d 09       		.byte	0x9
 1076 054e 69       		.byte	0x69
 1077 054f 3C020000 		.4byte	0x23c
 1078 0553 18       		.byte	0x18
 1079 0554 00       		.byte	0
 1080 0555 04       		.uleb128 0x4
 1081 0556 80040000 		.4byte	.LASF77
 1082 055a 09       		.byte	0x9
 1083 055b 6B       		.byte	0x6b
ARM GAS  /tmp/cc4hs1Jk.s 			page 20


 1084 055c 04050000 		.4byte	0x504
 1085 0560 05       		.uleb128 0x5
 1086 0561 EA010000 		.4byte	.LASF78
 1087 0565 10       		.byte	0x10
 1088 0566 0A       		.byte	0xa
 1089 0567 2C       		.byte	0x2c
 1090 0568 91050000 		.4byte	0x591
 1091 056c 06       		.uleb128 0x6
 1092 056d 8F000000 		.4byte	.LASF79
 1093 0571 0A       		.byte	0xa
 1094 0572 2D       		.byte	0x2d
 1095 0573 42020000 		.4byte	0x242
 1096 0577 00       		.byte	0
 1097 0578 06       		.uleb128 0x6
 1098 0579 C1040000 		.4byte	.LASF80
 1099 057d 0A       		.byte	0xa
 1100 057e 2F       		.byte	0x2f
 1101 057f 3C020000 		.4byte	0x23c
 1102 0583 08       		.byte	0x8
 1103 0584 06       		.uleb128 0x6
 1104 0585 FB030000 		.4byte	.LASF81
 1105 0589 0A       		.byte	0xa
 1106 058a 31       		.byte	0x31
 1107 058b 91050000 		.4byte	0x591
 1108 058f 0C       		.byte	0xc
 1109 0590 00       		.byte	0
 1110 0591 09       		.uleb128 0x9
 1111 0592 04       		.byte	0x4
 1112 0593 60050000 		.4byte	0x560
 1113 0597 04       		.uleb128 0x4
 1114 0598 EA010000 		.4byte	.LASF78
 1115 059c 0A       		.byte	0xa
 1116 059d 33       		.byte	0x33
 1117 059e 60050000 		.4byte	0x560
 1118 05a2 10       		.uleb128 0x10
 1119 05a3 04       		.byte	0x4
 1120 05a4 06       		.byte	0x6
 1121 05a5 96       		.byte	0x96
 1122 05a6 D7050000 		.4byte	0x5d7
 1123 05aa 11       		.uleb128 0x11
 1124 05ab 06000000 		.4byte	.LASF82
 1125 05af 06       		.byte	0x6
 1126 05b0 9D       		.byte	0x9d
 1127 05b1 F2000000 		.4byte	0xf2
 1128 05b5 11       		.uleb128 0x11
 1129 05b6 57000000 		.4byte	.LASF83
 1130 05ba 06       		.byte	0x6
 1131 05bb A4       		.byte	0xa4
 1132 05bc F2000000 		.4byte	0xf2
 1133 05c0 11       		.uleb128 0x11
 1134 05c1 A8040000 		.4byte	.LASF84
 1135 05c5 06       		.byte	0x6
 1136 05c6 AB       		.byte	0xab
 1137 05c7 78020000 		.4byte	0x278
 1138 05cb 11       		.uleb128 0x11
 1139 05cc 81030000 		.4byte	.LASF85
 1140 05d0 06       		.byte	0x6
ARM GAS  /tmp/cc4hs1Jk.s 			page 21


 1141 05d1 B2       		.byte	0xb2
 1142 05d2 FD000000 		.4byte	0xfd
 1143 05d6 00       		.byte	0
 1144 05d7 09       		.uleb128 0x9
 1145 05d8 04       		.byte	0x4
 1146 05d9 E4050000 		.4byte	0x5e4
 1147 05dd 03       		.uleb128 0x3
 1148 05de 01       		.byte	0x1
 1149 05df 08       		.byte	0x8
 1150 05e0 C7030000 		.4byte	.LASF86
 1151 05e4 12       		.uleb128 0x12
 1152 05e5 DD050000 		.4byte	0x5dd
 1153 05e9 09       		.uleb128 0x9
 1154 05ea 04       		.byte	0x4
 1155 05eb 97050000 		.4byte	0x597
 1156 05ef 13       		.uleb128 0x13
 1157 05f0 B7010000 		.4byte	.LASF100
 1158 05f4 01       		.byte	0x1
 1159 05f5 96       		.byte	0x96
 1160 05f6 01       		.byte	0x1
 1161 05f7 2B060000 		.4byte	0x62b
 1162 05fb 14       		.uleb128 0x14
 1163 05fc 0C060000 		.4byte	0x60c
 1164 0600 15       		.uleb128 0x15
 1165 0601 746D7000 		.ascii	"tmp\000"
 1166 0605 01       		.byte	0x1
 1167 0606 98       		.byte	0x98
 1168 0607 A9000000 		.4byte	0xa9
 1169 060b 00       		.byte	0
 1170 060c 14       		.uleb128 0x14
 1171 060d 1D060000 		.4byte	0x61d
 1172 0611 16       		.uleb128 0x16
 1173 0612 3F020000 		.4byte	.LASF87
 1174 0616 01       		.byte	0x1
 1175 0617 9A       		.byte	0x9a
 1176 0618 2B060000 		.4byte	0x62b
 1177 061c 00       		.byte	0
 1178 061d 17       		.uleb128 0x17
 1179 061e 15       		.uleb128 0x15
 1180 061f 746D7000 		.ascii	"tmp\000"
 1181 0623 01       		.byte	0x1
 1182 0624 BE       		.byte	0xbe
 1183 0625 A9000000 		.4byte	0xa9
 1184 0629 00       		.byte	0
 1185 062a 00       		.byte	0
 1186 062b 09       		.uleb128 0x9
 1187 062c 04       		.byte	0x4
 1188 062d 7A020000 		.4byte	0x27a
 1189 0631 18       		.uleb128 0x18
 1190 0632 62010000 		.4byte	.LASF88
 1191 0636 01       		.byte	0x1
 1192 0637 C8       		.byte	0xc8
 1193 0638 00000000 		.4byte	.LFB11
 1194 063c 06000000 		.4byte	.LFE11-.LFB11
 1195 0640 01       		.uleb128 0x1
 1196 0641 9C       		.byte	0x9c
 1197 0642 50060000 		.4byte	0x650
ARM GAS  /tmp/cc4hs1Jk.s 			page 22


 1198 0646 19       		.uleb128 0x19
 1199 0647 04000000 		.4byte	.LVL0
 1200 064b FB070000 		.4byte	0x7fb
 1201 064f 00       		.byte	0
 1202 0650 18       		.uleb128 0x18
 1203 0651 AA000000 		.4byte	.LASF89
 1204 0655 01       		.byte	0x1
 1205 0656 41       		.byte	0x41
 1206 0657 00000000 		.4byte	.LFB8
 1207 065b 12000000 		.4byte	.LFE8-.LFB8
 1208 065f 01       		.uleb128 0x1
 1209 0660 9C       		.byte	0x9c
 1210 0661 8C060000 		.4byte	0x68c
 1211 0665 1A       		.uleb128 0x1a
 1212 0666 3F020000 		.4byte	.LASF87
 1213 066a 01       		.byte	0x1
 1214 066b 42       		.byte	0x42
 1215 066c 2B060000 		.4byte	0x62b
 1216 0670 00000000 		.4byte	.LLST0
 1217 0674 1B       		.uleb128 0x1b
 1218 0675 0A000000 		.4byte	.LBB5
 1219 0679 08000000 		.4byte	.LBE5-.LBB5
 1220 067d 1C       		.uleb128 0x1c
 1221 067e 746D7000 		.ascii	"tmp\000"
 1222 0682 01       		.byte	0x1
 1223 0683 52       		.byte	0x52
 1224 0684 A9000000 		.4byte	0xa9
 1225 0688 01       		.uleb128 0x1
 1226 0689 53       		.byte	0x53
 1227 068a 00       		.byte	0
 1228 068b 00       		.byte	0
 1229 068c 18       		.uleb128 0x18
 1230 068d 9D040000 		.4byte	.LASF90
 1231 0691 01       		.byte	0x1
 1232 0692 78       		.byte	0x78
 1233 0693 00000000 		.4byte	.LFB9
 1234 0697 30000000 		.4byte	.LFE9-.LFB9
 1235 069b 01       		.uleb128 0x1
 1236 069c 9C       		.byte	0x9c
 1237 069d E8060000 		.4byte	0x6e8
 1238 06a1 1D       		.uleb128 0x1d
 1239 06a2 14000000 		.4byte	.LVL4
 1240 06a6 06080000 		.4byte	0x806
 1241 06aa B9060000 		.4byte	0x6b9
 1242 06ae 1E       		.uleb128 0x1e
 1243 06af 01       		.uleb128 0x1
 1244 06b0 50       		.byte	0x50
 1245 06b1 01       		.uleb128 0x1
 1246 06b2 37       		.byte	0x37
 1247 06b3 1E       		.uleb128 0x1e
 1248 06b4 01       		.uleb128 0x1
 1249 06b5 51       		.byte	0x51
 1250 06b6 01       		.uleb128 0x1
 1251 06b7 40       		.byte	0x40
 1252 06b8 00       		.byte	0
 1253 06b9 1D       		.uleb128 0x1d
 1254 06ba 1C000000 		.4byte	.LVL5
ARM GAS  /tmp/cc4hs1Jk.s 			page 23


 1255 06be 06080000 		.4byte	0x806
 1256 06c2 D2060000 		.4byte	0x6d2
 1257 06c6 1E       		.uleb128 0x1e
 1258 06c7 01       		.uleb128 0x1
 1259 06c8 50       		.byte	0x50
 1260 06c9 01       		.uleb128 0x1
 1261 06ca 3A       		.byte	0x3a
 1262 06cb 1E       		.uleb128 0x1e
 1263 06cc 01       		.uleb128 0x1
 1264 06cd 51       		.byte	0x51
 1265 06ce 02       		.uleb128 0x2
 1266 06cf 08       		.byte	0x8
 1267 06d0 20       		.byte	0x20
 1268 06d1 00       		.byte	0
 1269 06d2 1F       		.uleb128 0x1f
 1270 06d3 28000000 		.4byte	.LVL6
 1271 06d7 06080000 		.4byte	0x806
 1272 06db 1E       		.uleb128 0x1e
 1273 06dc 01       		.uleb128 0x1
 1274 06dd 50       		.byte	0x50
 1275 06de 01       		.uleb128 0x1
 1276 06df 3B       		.byte	0x3b
 1277 06e0 1E       		.uleb128 0x1e
 1278 06e1 01       		.uleb128 0x1
 1279 06e2 51       		.byte	0x51
 1280 06e3 02       		.uleb128 0x2
 1281 06e4 08       		.byte	0x8
 1282 06e5 80       		.byte	0x80
 1283 06e6 00       		.byte	0
 1284 06e7 00       		.byte	0
 1285 06e8 20       		.uleb128 0x20
 1286 06e9 EF050000 		.4byte	0x5ef
 1287 06ed 00000000 		.4byte	.LFB10
 1288 06f1 74000000 		.4byte	.LFE10-.LFB10
 1289 06f5 01       		.uleb128 0x1
 1290 06f6 9C       		.byte	0x9c
 1291 06f7 35070000 		.4byte	0x735
 1292 06fb 21       		.uleb128 0x21
 1293 06fc 00000000 		.4byte	.LBB13
 1294 0700 06000000 		.4byte	.LBE13-.LBB13
 1295 0704 10070000 		.4byte	0x710
 1296 0708 22       		.uleb128 0x22
 1297 0709 00060000 		.4byte	0x600
 1298 070d 01       		.uleb128 0x1
 1299 070e 53       		.byte	0x53
 1300 070f 00       		.byte	0
 1301 0710 23       		.uleb128 0x23
 1302 0711 00000000 		.4byte	.Ldebug_ranges0+0
 1303 0715 23070000 		.4byte	0x723
 1304 0719 24       		.uleb128 0x24
 1305 071a 11060000 		.4byte	0x611
 1306 071e 20000000 		.4byte	.LLST1
 1307 0722 00       		.byte	0
 1308 0723 1B       		.uleb128 0x1b
 1309 0724 44000000 		.4byte	.LBB17
 1310 0728 06000000 		.4byte	.LBE17-.LBB17
 1311 072c 22       		.uleb128 0x22
ARM GAS  /tmp/cc4hs1Jk.s 			page 24


 1312 072d 1E060000 		.4byte	0x61e
 1313 0731 01       		.uleb128 0x1
 1314 0732 53       		.byte	0x53
 1315 0733 00       		.byte	0
 1316 0734 00       		.byte	0
 1317 0735 18       		.uleb128 0x18
 1318 0736 32000000 		.4byte	.LASF91
 1319 073a 01       		.byte	0x1
 1320 073b 2F       		.byte	0x2f
 1321 073c 00000000 		.4byte	.LFB7
 1322 0740 1A000000 		.4byte	.LFE7-.LFB7
 1323 0744 01       		.uleb128 0x1
 1324 0745 9C       		.byte	0x9c
 1325 0746 93070000 		.4byte	0x793
 1326 074a 21       		.uleb128 0x21
 1327 074b 02000000 		.4byte	.LBB19
 1328 074f 06000000 		.4byte	.LBE19-.LBB19
 1329 0753 65070000 		.4byte	0x765
 1330 0757 1C       		.uleb128 0x1c
 1331 0758 746D7000 		.ascii	"tmp\000"
 1332 075c 01       		.byte	0x1
 1333 075d 33       		.byte	0x33
 1334 075e A9000000 		.4byte	0xa9
 1335 0762 01       		.uleb128 0x1
 1336 0763 53       		.byte	0x53
 1337 0764 00       		.byte	0
 1338 0765 21       		.uleb128 0x21
 1339 0766 0C000000 		.4byte	.LBB20
 1340 076a 06000000 		.4byte	.LBE20-.LBB20
 1341 076e 80070000 		.4byte	0x780
 1342 0772 1C       		.uleb128 0x1c
 1343 0773 746D7000 		.ascii	"tmp\000"
 1344 0777 01       		.byte	0x1
 1345 0778 35       		.byte	0x35
 1346 0779 A9000000 		.4byte	0xa9
 1347 077d 01       		.uleb128 0x1
 1348 077e 53       		.byte	0x53
 1349 077f 00       		.byte	0
 1350 0780 19       		.uleb128 0x19
 1351 0781 0C000000 		.4byte	.LVL12
 1352 0785 12080000 		.4byte	0x812
 1353 0789 25       		.uleb128 0x25
 1354 078a 1A000000 		.4byte	.LVL13
 1355 078e EF050000 		.4byte	0x5ef
 1356 0792 00       		.byte	0
 1357 0793 18       		.uleb128 0x18
 1358 0794 3E010000 		.4byte	.LASF92
 1359 0798 01       		.byte	0x1
 1360 0799 E5       		.byte	0xe5
 1361 079a 00000000 		.4byte	.LFB12
 1362 079e 10000000 		.4byte	.LFE12-.LFB12
 1363 07a2 01       		.uleb128 0x1
 1364 07a3 9C       		.byte	0x9c
 1365 07a4 C3070000 		.4byte	0x7c3
 1366 07a8 26       		.uleb128 0x26
 1367 07a9 6E747000 		.ascii	"ntp\000"
 1368 07ad 01       		.byte	0x1
ARM GAS  /tmp/cc4hs1Jk.s 			page 25


 1369 07ae E5       		.byte	0xe5
 1370 07af 3C020000 		.4byte	0x23c
 1371 07b3 01       		.uleb128 0x1
 1372 07b4 50       		.byte	0x50
 1373 07b5 26       		.uleb128 0x26
 1374 07b6 6F747000 		.ascii	"otp\000"
 1375 07ba 01       		.byte	0x1
 1376 07bb E5       		.byte	0xe5
 1377 07bc 3C020000 		.4byte	0x23c
 1378 07c0 01       		.uleb128 0x1
 1379 07c1 51       		.byte	0x51
 1380 07c2 00       		.byte	0
 1381 07c3 18       		.uleb128 0x18
 1382 07c4 C0000000 		.4byte	.LASF93
 1383 07c8 01       		.byte	0x1
 1384 07c9 FC       		.byte	0xfc
 1385 07ca 00000000 		.4byte	.LFB13
 1386 07ce 10000000 		.4byte	.LFE13-.LFB13
 1387 07d2 01       		.uleb128 0x1
 1388 07d3 9C       		.byte	0x9c
 1389 07d4 F0070000 		.4byte	0x7f0
 1390 07d8 1B       		.uleb128 0x1b
 1391 07d9 00000000 		.4byte	.LBB21
 1392 07dd 06000000 		.4byte	.LBE21-.LBB21
 1393 07e1 1C       		.uleb128 0x1c
 1394 07e2 746D7000 		.ascii	"tmp\000"
 1395 07e6 01       		.byte	0x1
 1396 07e7 FE       		.byte	0xfe
 1397 07e8 A9000000 		.4byte	0xa9
 1398 07ec 01       		.uleb128 0x1
 1399 07ed 53       		.byte	0x53
 1400 07ee 00       		.byte	0
 1401 07ef 00       		.byte	0
 1402 07f0 27       		.uleb128 0x27
 1403 07f1 8F040000 		.4byte	.LASF101
 1404 07f5 09       		.byte	0x9
 1405 07f6 6F       		.byte	0x6f
 1406 07f7 55050000 		.4byte	0x555
 1407 07fb 28       		.uleb128 0x28
 1408 07fc 11010000 		.4byte	.LASF94
 1409 0800 11010000 		.4byte	.LASF94
 1410 0804 09       		.byte	0x9
 1411 0805 A8       		.byte	0xa8
 1412 0806 29       		.uleb128 0x29
 1413 0807 EB000000 		.4byte	.LASF95
 1414 080b EB000000 		.4byte	.LASF95
 1415 080f 08       		.byte	0x8
 1416 0810 2501     		.2byte	0x125
 1417 0812 28       		.uleb128 0x28
 1418 0813 1F000000 		.4byte	.LASF96
 1419 0817 1F000000 		.4byte	.LASF96
 1420 081b 0B       		.byte	0xb
 1421 081c F7       		.byte	0xf7
 1422 081d 00       		.byte	0
 1423              		.section	.debug_abbrev,"",%progbits
 1424              	.Ldebug_abbrev0:
 1425 0000 01       		.uleb128 0x1
ARM GAS  /tmp/cc4hs1Jk.s 			page 26


 1426 0001 11       		.uleb128 0x11
 1427 0002 01       		.byte	0x1
 1428 0003 25       		.uleb128 0x25
 1429 0004 0E       		.uleb128 0xe
 1430 0005 13       		.uleb128 0x13
 1431 0006 0B       		.uleb128 0xb
 1432 0007 03       		.uleb128 0x3
 1433 0008 0E       		.uleb128 0xe
 1434 0009 1B       		.uleb128 0x1b
 1435 000a 0E       		.uleb128 0xe
 1436 000b 55       		.uleb128 0x55
 1437 000c 17       		.uleb128 0x17
 1438 000d 11       		.uleb128 0x11
 1439 000e 01       		.uleb128 0x1
 1440 000f 10       		.uleb128 0x10
 1441 0010 17       		.uleb128 0x17
 1442 0011 00       		.byte	0
 1443 0012 00       		.byte	0
 1444 0013 02       		.uleb128 0x2
 1445 0014 24       		.uleb128 0x24
 1446 0015 00       		.byte	0
 1447 0016 0B       		.uleb128 0xb
 1448 0017 0B       		.uleb128 0xb
 1449 0018 3E       		.uleb128 0x3e
 1450 0019 0B       		.uleb128 0xb
 1451 001a 03       		.uleb128 0x3
 1452 001b 08       		.uleb128 0x8
 1453 001c 00       		.byte	0
 1454 001d 00       		.byte	0
 1455 001e 03       		.uleb128 0x3
 1456 001f 24       		.uleb128 0x24
 1457 0020 00       		.byte	0
 1458 0021 0B       		.uleb128 0xb
 1459 0022 0B       		.uleb128 0xb
 1460 0023 3E       		.uleb128 0x3e
 1461 0024 0B       		.uleb128 0xb
 1462 0025 03       		.uleb128 0x3
 1463 0026 0E       		.uleb128 0xe
 1464 0027 00       		.byte	0
 1465 0028 00       		.byte	0
 1466 0029 04       		.uleb128 0x4
 1467 002a 16       		.uleb128 0x16
 1468 002b 00       		.byte	0
 1469 002c 03       		.uleb128 0x3
 1470 002d 0E       		.uleb128 0xe
 1471 002e 3A       		.uleb128 0x3a
 1472 002f 0B       		.uleb128 0xb
 1473 0030 3B       		.uleb128 0x3b
 1474 0031 0B       		.uleb128 0xb
 1475 0032 49       		.uleb128 0x49
 1476 0033 13       		.uleb128 0x13
 1477 0034 00       		.byte	0
 1478 0035 00       		.byte	0
 1479 0036 05       		.uleb128 0x5
 1480 0037 13       		.uleb128 0x13
 1481 0038 01       		.byte	0x1
 1482 0039 03       		.uleb128 0x3
ARM GAS  /tmp/cc4hs1Jk.s 			page 27


 1483 003a 0E       		.uleb128 0xe
 1484 003b 0B       		.uleb128 0xb
 1485 003c 0B       		.uleb128 0xb
 1486 003d 3A       		.uleb128 0x3a
 1487 003e 0B       		.uleb128 0xb
 1488 003f 3B       		.uleb128 0x3b
 1489 0040 0B       		.uleb128 0xb
 1490 0041 01       		.uleb128 0x1
 1491 0042 13       		.uleb128 0x13
 1492 0043 00       		.byte	0
 1493 0044 00       		.byte	0
 1494 0045 06       		.uleb128 0x6
 1495 0046 0D       		.uleb128 0xd
 1496 0047 00       		.byte	0
 1497 0048 03       		.uleb128 0x3
 1498 0049 0E       		.uleb128 0xe
 1499 004a 3A       		.uleb128 0x3a
 1500 004b 0B       		.uleb128 0xb
 1501 004c 3B       		.uleb128 0x3b
 1502 004d 0B       		.uleb128 0xb
 1503 004e 49       		.uleb128 0x49
 1504 004f 13       		.uleb128 0x13
 1505 0050 38       		.uleb128 0x38
 1506 0051 0B       		.uleb128 0xb
 1507 0052 00       		.byte	0
 1508 0053 00       		.byte	0
 1509 0054 07       		.uleb128 0x7
 1510 0055 0D       		.uleb128 0xd
 1511 0056 00       		.byte	0
 1512 0057 03       		.uleb128 0x3
 1513 0058 08       		.uleb128 0x8
 1514 0059 3A       		.uleb128 0x3a
 1515 005a 0B       		.uleb128 0xb
 1516 005b 3B       		.uleb128 0x3b
 1517 005c 0B       		.uleb128 0xb
 1518 005d 49       		.uleb128 0x49
 1519 005e 13       		.uleb128 0x13
 1520 005f 38       		.uleb128 0x38
 1521 0060 0B       		.uleb128 0xb
 1522 0061 00       		.byte	0
 1523 0062 00       		.byte	0
 1524 0063 08       		.uleb128 0x8
 1525 0064 13       		.uleb128 0x13
 1526 0065 01       		.byte	0x1
 1527 0066 0B       		.uleb128 0xb
 1528 0067 0B       		.uleb128 0xb
 1529 0068 3A       		.uleb128 0x3a
 1530 0069 0B       		.uleb128 0xb
 1531 006a 3B       		.uleb128 0x3b
 1532 006b 0B       		.uleb128 0xb
 1533 006c 01       		.uleb128 0x1
 1534 006d 13       		.uleb128 0x13
 1535 006e 00       		.byte	0
 1536 006f 00       		.byte	0
 1537 0070 09       		.uleb128 0x9
 1538 0071 0F       		.uleb128 0xf
 1539 0072 00       		.byte	0
ARM GAS  /tmp/cc4hs1Jk.s 			page 28


 1540 0073 0B       		.uleb128 0xb
 1541 0074 0B       		.uleb128 0xb
 1542 0075 49       		.uleb128 0x49
 1543 0076 13       		.uleb128 0x13
 1544 0077 00       		.byte	0
 1545 0078 00       		.byte	0
 1546 0079 0A       		.uleb128 0xa
 1547 007a 0F       		.uleb128 0xf
 1548 007b 00       		.byte	0
 1549 007c 0B       		.uleb128 0xb
 1550 007d 0B       		.uleb128 0xb
 1551 007e 00       		.byte	0
 1552 007f 00       		.byte	0
 1553 0080 0B       		.uleb128 0xb
 1554 0081 13       		.uleb128 0x13
 1555 0082 01       		.byte	0x1
 1556 0083 03       		.uleb128 0x3
 1557 0084 0E       		.uleb128 0xe
 1558 0085 0B       		.uleb128 0xb
 1559 0086 0B       		.uleb128 0xb
 1560 0087 3A       		.uleb128 0x3a
 1561 0088 0B       		.uleb128 0xb
 1562 0089 3B       		.uleb128 0x3b
 1563 008a 05       		.uleb128 0x5
 1564 008b 01       		.uleb128 0x1
 1565 008c 13       		.uleb128 0x13
 1566 008d 00       		.byte	0
 1567 008e 00       		.byte	0
 1568 008f 0C       		.uleb128 0xc
 1569 0090 0D       		.uleb128 0xd
 1570 0091 00       		.byte	0
 1571 0092 03       		.uleb128 0x3
 1572 0093 08       		.uleb128 0x8
 1573 0094 3A       		.uleb128 0x3a
 1574 0095 0B       		.uleb128 0xb
 1575 0096 3B       		.uleb128 0x3b
 1576 0097 05       		.uleb128 0x5
 1577 0098 49       		.uleb128 0x49
 1578 0099 13       		.uleb128 0x13
 1579 009a 38       		.uleb128 0x38
 1580 009b 0B       		.uleb128 0xb
 1581 009c 00       		.byte	0
 1582 009d 00       		.byte	0
 1583 009e 0D       		.uleb128 0xd
 1584 009f 35       		.uleb128 0x35
 1585 00a0 00       		.byte	0
 1586 00a1 49       		.uleb128 0x49
 1587 00a2 13       		.uleb128 0x13
 1588 00a3 00       		.byte	0
 1589 00a4 00       		.byte	0
 1590 00a5 0E       		.uleb128 0xe
 1591 00a6 01       		.uleb128 0x1
 1592 00a7 01       		.byte	0x1
 1593 00a8 49       		.uleb128 0x49
 1594 00a9 13       		.uleb128 0x13
 1595 00aa 01       		.uleb128 0x1
 1596 00ab 13       		.uleb128 0x13
ARM GAS  /tmp/cc4hs1Jk.s 			page 29


 1597 00ac 00       		.byte	0
 1598 00ad 00       		.byte	0
 1599 00ae 0F       		.uleb128 0xf
 1600 00af 21       		.uleb128 0x21
 1601 00b0 00       		.byte	0
 1602 00b1 49       		.uleb128 0x49
 1603 00b2 13       		.uleb128 0x13
 1604 00b3 2F       		.uleb128 0x2f
 1605 00b4 0B       		.uleb128 0xb
 1606 00b5 00       		.byte	0
 1607 00b6 00       		.byte	0
 1608 00b7 10       		.uleb128 0x10
 1609 00b8 17       		.uleb128 0x17
 1610 00b9 01       		.byte	0x1
 1611 00ba 0B       		.uleb128 0xb
 1612 00bb 0B       		.uleb128 0xb
 1613 00bc 3A       		.uleb128 0x3a
 1614 00bd 0B       		.uleb128 0xb
 1615 00be 3B       		.uleb128 0x3b
 1616 00bf 0B       		.uleb128 0xb
 1617 00c0 01       		.uleb128 0x1
 1618 00c1 13       		.uleb128 0x13
 1619 00c2 00       		.byte	0
 1620 00c3 00       		.byte	0
 1621 00c4 11       		.uleb128 0x11
 1622 00c5 0D       		.uleb128 0xd
 1623 00c6 00       		.byte	0
 1624 00c7 03       		.uleb128 0x3
 1625 00c8 0E       		.uleb128 0xe
 1626 00c9 3A       		.uleb128 0x3a
 1627 00ca 0B       		.uleb128 0xb
 1628 00cb 3B       		.uleb128 0x3b
 1629 00cc 0B       		.uleb128 0xb
 1630 00cd 49       		.uleb128 0x49
 1631 00ce 13       		.uleb128 0x13
 1632 00cf 00       		.byte	0
 1633 00d0 00       		.byte	0
 1634 00d1 12       		.uleb128 0x12
 1635 00d2 26       		.uleb128 0x26
 1636 00d3 00       		.byte	0
 1637 00d4 49       		.uleb128 0x49
 1638 00d5 13       		.uleb128 0x13
 1639 00d6 00       		.byte	0
 1640 00d7 00       		.byte	0
 1641 00d8 13       		.uleb128 0x13
 1642 00d9 2E       		.uleb128 0x2e
 1643 00da 01       		.byte	0x1
 1644 00db 3F       		.uleb128 0x3f
 1645 00dc 19       		.uleb128 0x19
 1646 00dd 03       		.uleb128 0x3
 1647 00de 0E       		.uleb128 0xe
 1648 00df 3A       		.uleb128 0x3a
 1649 00e0 0B       		.uleb128 0xb
 1650 00e1 3B       		.uleb128 0x3b
 1651 00e2 0B       		.uleb128 0xb
 1652 00e3 27       		.uleb128 0x27
 1653 00e4 19       		.uleb128 0x19
ARM GAS  /tmp/cc4hs1Jk.s 			page 30


 1654 00e5 20       		.uleb128 0x20
 1655 00e6 0B       		.uleb128 0xb
 1656 00e7 01       		.uleb128 0x1
 1657 00e8 13       		.uleb128 0x13
 1658 00e9 00       		.byte	0
 1659 00ea 00       		.byte	0
 1660 00eb 14       		.uleb128 0x14
 1661 00ec 0B       		.uleb128 0xb
 1662 00ed 01       		.byte	0x1
 1663 00ee 01       		.uleb128 0x1
 1664 00ef 13       		.uleb128 0x13
 1665 00f0 00       		.byte	0
 1666 00f1 00       		.byte	0
 1667 00f2 15       		.uleb128 0x15
 1668 00f3 34       		.uleb128 0x34
 1669 00f4 00       		.byte	0
 1670 00f5 03       		.uleb128 0x3
 1671 00f6 08       		.uleb128 0x8
 1672 00f7 3A       		.uleb128 0x3a
 1673 00f8 0B       		.uleb128 0xb
 1674 00f9 3B       		.uleb128 0x3b
 1675 00fa 0B       		.uleb128 0xb
 1676 00fb 49       		.uleb128 0x49
 1677 00fc 13       		.uleb128 0x13
 1678 00fd 00       		.byte	0
 1679 00fe 00       		.byte	0
 1680 00ff 16       		.uleb128 0x16
 1681 0100 34       		.uleb128 0x34
 1682 0101 00       		.byte	0
 1683 0102 03       		.uleb128 0x3
 1684 0103 0E       		.uleb128 0xe
 1685 0104 3A       		.uleb128 0x3a
 1686 0105 0B       		.uleb128 0xb
 1687 0106 3B       		.uleb128 0x3b
 1688 0107 0B       		.uleb128 0xb
 1689 0108 49       		.uleb128 0x49
 1690 0109 13       		.uleb128 0x13
 1691 010a 00       		.byte	0
 1692 010b 00       		.byte	0
 1693 010c 17       		.uleb128 0x17
 1694 010d 0B       		.uleb128 0xb
 1695 010e 01       		.byte	0x1
 1696 010f 00       		.byte	0
 1697 0110 00       		.byte	0
 1698 0111 18       		.uleb128 0x18
 1699 0112 2E       		.uleb128 0x2e
 1700 0113 01       		.byte	0x1
 1701 0114 3F       		.uleb128 0x3f
 1702 0115 19       		.uleb128 0x19
 1703 0116 03       		.uleb128 0x3
 1704 0117 0E       		.uleb128 0xe
 1705 0118 3A       		.uleb128 0x3a
 1706 0119 0B       		.uleb128 0xb
 1707 011a 3B       		.uleb128 0x3b
 1708 011b 0B       		.uleb128 0xb
 1709 011c 27       		.uleb128 0x27
 1710 011d 19       		.uleb128 0x19
ARM GAS  /tmp/cc4hs1Jk.s 			page 31


 1711 011e 11       		.uleb128 0x11
 1712 011f 01       		.uleb128 0x1
 1713 0120 12       		.uleb128 0x12
 1714 0121 06       		.uleb128 0x6
 1715 0122 40       		.uleb128 0x40
 1716 0123 18       		.uleb128 0x18
 1717 0124 9742     		.uleb128 0x2117
 1718 0126 19       		.uleb128 0x19
 1719 0127 01       		.uleb128 0x1
 1720 0128 13       		.uleb128 0x13
 1721 0129 00       		.byte	0
 1722 012a 00       		.byte	0
 1723 012b 19       		.uleb128 0x19
 1724 012c 898201   		.uleb128 0x4109
 1725 012f 00       		.byte	0
 1726 0130 11       		.uleb128 0x11
 1727 0131 01       		.uleb128 0x1
 1728 0132 31       		.uleb128 0x31
 1729 0133 13       		.uleb128 0x13
 1730 0134 00       		.byte	0
 1731 0135 00       		.byte	0
 1732 0136 1A       		.uleb128 0x1a
 1733 0137 34       		.uleb128 0x34
 1734 0138 00       		.byte	0
 1735 0139 03       		.uleb128 0x3
 1736 013a 0E       		.uleb128 0xe
 1737 013b 3A       		.uleb128 0x3a
 1738 013c 0B       		.uleb128 0xb
 1739 013d 3B       		.uleb128 0x3b
 1740 013e 0B       		.uleb128 0xb
 1741 013f 49       		.uleb128 0x49
 1742 0140 13       		.uleb128 0x13
 1743 0141 02       		.uleb128 0x2
 1744 0142 17       		.uleb128 0x17
 1745 0143 00       		.byte	0
 1746 0144 00       		.byte	0
 1747 0145 1B       		.uleb128 0x1b
 1748 0146 0B       		.uleb128 0xb
 1749 0147 01       		.byte	0x1
 1750 0148 11       		.uleb128 0x11
 1751 0149 01       		.uleb128 0x1
 1752 014a 12       		.uleb128 0x12
 1753 014b 06       		.uleb128 0x6
 1754 014c 00       		.byte	0
 1755 014d 00       		.byte	0
 1756 014e 1C       		.uleb128 0x1c
 1757 014f 34       		.uleb128 0x34
 1758 0150 00       		.byte	0
 1759 0151 03       		.uleb128 0x3
 1760 0152 08       		.uleb128 0x8
 1761 0153 3A       		.uleb128 0x3a
 1762 0154 0B       		.uleb128 0xb
 1763 0155 3B       		.uleb128 0x3b
 1764 0156 0B       		.uleb128 0xb
 1765 0157 49       		.uleb128 0x49
 1766 0158 13       		.uleb128 0x13
 1767 0159 02       		.uleb128 0x2
ARM GAS  /tmp/cc4hs1Jk.s 			page 32


 1768 015a 18       		.uleb128 0x18
 1769 015b 00       		.byte	0
 1770 015c 00       		.byte	0
 1771 015d 1D       		.uleb128 0x1d
 1772 015e 898201   		.uleb128 0x4109
 1773 0161 01       		.byte	0x1
 1774 0162 11       		.uleb128 0x11
 1775 0163 01       		.uleb128 0x1
 1776 0164 31       		.uleb128 0x31
 1777 0165 13       		.uleb128 0x13
 1778 0166 01       		.uleb128 0x1
 1779 0167 13       		.uleb128 0x13
 1780 0168 00       		.byte	0
 1781 0169 00       		.byte	0
 1782 016a 1E       		.uleb128 0x1e
 1783 016b 8A8201   		.uleb128 0x410a
 1784 016e 00       		.byte	0
 1785 016f 02       		.uleb128 0x2
 1786 0170 18       		.uleb128 0x18
 1787 0171 9142     		.uleb128 0x2111
 1788 0173 18       		.uleb128 0x18
 1789 0174 00       		.byte	0
 1790 0175 00       		.byte	0
 1791 0176 1F       		.uleb128 0x1f
 1792 0177 898201   		.uleb128 0x4109
 1793 017a 01       		.byte	0x1
 1794 017b 11       		.uleb128 0x11
 1795 017c 01       		.uleb128 0x1
 1796 017d 9542     		.uleb128 0x2115
 1797 017f 19       		.uleb128 0x19
 1798 0180 31       		.uleb128 0x31
 1799 0181 13       		.uleb128 0x13
 1800 0182 00       		.byte	0
 1801 0183 00       		.byte	0
 1802 0184 20       		.uleb128 0x20
 1803 0185 2E       		.uleb128 0x2e
 1804 0186 01       		.byte	0x1
 1805 0187 31       		.uleb128 0x31
 1806 0188 13       		.uleb128 0x13
 1807 0189 11       		.uleb128 0x11
 1808 018a 01       		.uleb128 0x1
 1809 018b 12       		.uleb128 0x12
 1810 018c 06       		.uleb128 0x6
 1811 018d 40       		.uleb128 0x40
 1812 018e 18       		.uleb128 0x18
 1813 018f 9742     		.uleb128 0x2117
 1814 0191 19       		.uleb128 0x19
 1815 0192 01       		.uleb128 0x1
 1816 0193 13       		.uleb128 0x13
 1817 0194 00       		.byte	0
 1818 0195 00       		.byte	0
 1819 0196 21       		.uleb128 0x21
 1820 0197 0B       		.uleb128 0xb
 1821 0198 01       		.byte	0x1
 1822 0199 11       		.uleb128 0x11
 1823 019a 01       		.uleb128 0x1
 1824 019b 12       		.uleb128 0x12
ARM GAS  /tmp/cc4hs1Jk.s 			page 33


 1825 019c 06       		.uleb128 0x6
 1826 019d 01       		.uleb128 0x1
 1827 019e 13       		.uleb128 0x13
 1828 019f 00       		.byte	0
 1829 01a0 00       		.byte	0
 1830 01a1 22       		.uleb128 0x22
 1831 01a2 34       		.uleb128 0x34
 1832 01a3 00       		.byte	0
 1833 01a4 31       		.uleb128 0x31
 1834 01a5 13       		.uleb128 0x13
 1835 01a6 02       		.uleb128 0x2
 1836 01a7 18       		.uleb128 0x18
 1837 01a8 00       		.byte	0
 1838 01a9 00       		.byte	0
 1839 01aa 23       		.uleb128 0x23
 1840 01ab 0B       		.uleb128 0xb
 1841 01ac 01       		.byte	0x1
 1842 01ad 55       		.uleb128 0x55
 1843 01ae 17       		.uleb128 0x17
 1844 01af 01       		.uleb128 0x1
 1845 01b0 13       		.uleb128 0x13
 1846 01b1 00       		.byte	0
 1847 01b2 00       		.byte	0
 1848 01b3 24       		.uleb128 0x24
 1849 01b4 34       		.uleb128 0x34
 1850 01b5 00       		.byte	0
 1851 01b6 31       		.uleb128 0x31
 1852 01b7 13       		.uleb128 0x13
 1853 01b8 02       		.uleb128 0x2
 1854 01b9 17       		.uleb128 0x17
 1855 01ba 00       		.byte	0
 1856 01bb 00       		.byte	0
 1857 01bc 25       		.uleb128 0x25
 1858 01bd 898201   		.uleb128 0x4109
 1859 01c0 00       		.byte	0
 1860 01c1 11       		.uleb128 0x11
 1861 01c2 01       		.uleb128 0x1
 1862 01c3 9542     		.uleb128 0x2115
 1863 01c5 19       		.uleb128 0x19
 1864 01c6 31       		.uleb128 0x31
 1865 01c7 13       		.uleb128 0x13
 1866 01c8 00       		.byte	0
 1867 01c9 00       		.byte	0
 1868 01ca 26       		.uleb128 0x26
 1869 01cb 05       		.uleb128 0x5
 1870 01cc 00       		.byte	0
 1871 01cd 03       		.uleb128 0x3
 1872 01ce 08       		.uleb128 0x8
 1873 01cf 3A       		.uleb128 0x3a
 1874 01d0 0B       		.uleb128 0xb
 1875 01d1 3B       		.uleb128 0x3b
 1876 01d2 0B       		.uleb128 0xb
 1877 01d3 49       		.uleb128 0x49
 1878 01d4 13       		.uleb128 0x13
 1879 01d5 02       		.uleb128 0x2
 1880 01d6 18       		.uleb128 0x18
 1881 01d7 00       		.byte	0
ARM GAS  /tmp/cc4hs1Jk.s 			page 34


 1882 01d8 00       		.byte	0
 1883 01d9 27       		.uleb128 0x27
 1884 01da 34       		.uleb128 0x34
 1885 01db 00       		.byte	0
 1886 01dc 03       		.uleb128 0x3
 1887 01dd 0E       		.uleb128 0xe
 1888 01de 3A       		.uleb128 0x3a
 1889 01df 0B       		.uleb128 0xb
 1890 01e0 3B       		.uleb128 0x3b
 1891 01e1 0B       		.uleb128 0xb
 1892 01e2 49       		.uleb128 0x49
 1893 01e3 13       		.uleb128 0x13
 1894 01e4 3F       		.uleb128 0x3f
 1895 01e5 19       		.uleb128 0x19
 1896 01e6 3C       		.uleb128 0x3c
 1897 01e7 19       		.uleb128 0x19
 1898 01e8 00       		.byte	0
 1899 01e9 00       		.byte	0
 1900 01ea 28       		.uleb128 0x28
 1901 01eb 2E       		.uleb128 0x2e
 1902 01ec 00       		.byte	0
 1903 01ed 3F       		.uleb128 0x3f
 1904 01ee 19       		.uleb128 0x19
 1905 01ef 3C       		.uleb128 0x3c
 1906 01f0 19       		.uleb128 0x19
 1907 01f1 6E       		.uleb128 0x6e
 1908 01f2 0E       		.uleb128 0xe
 1909 01f3 03       		.uleb128 0x3
 1910 01f4 0E       		.uleb128 0xe
 1911 01f5 3A       		.uleb128 0x3a
 1912 01f6 0B       		.uleb128 0xb
 1913 01f7 3B       		.uleb128 0x3b
 1914 01f8 0B       		.uleb128 0xb
 1915 01f9 00       		.byte	0
 1916 01fa 00       		.byte	0
 1917 01fb 29       		.uleb128 0x29
 1918 01fc 2E       		.uleb128 0x2e
 1919 01fd 00       		.byte	0
 1920 01fe 3F       		.uleb128 0x3f
 1921 01ff 19       		.uleb128 0x19
 1922 0200 3C       		.uleb128 0x3c
 1923 0201 19       		.uleb128 0x19
 1924 0202 6E       		.uleb128 0x6e
 1925 0203 0E       		.uleb128 0xe
 1926 0204 03       		.uleb128 0x3
 1927 0205 0E       		.uleb128 0xe
 1928 0206 3A       		.uleb128 0x3a
 1929 0207 0B       		.uleb128 0xb
 1930 0208 3B       		.uleb128 0x3b
 1931 0209 05       		.uleb128 0x5
 1932 020a 00       		.byte	0
 1933 020b 00       		.byte	0
 1934 020c 00       		.byte	0
 1935              		.section	.debug_loc,"",%progbits
 1936              	.Ldebug_loc0:
 1937              	.LLST0:
 1938 0000 04000000 		.4byte	.LVL1
ARM GAS  /tmp/cc4hs1Jk.s 			page 35


 1939 0004 06000000 		.4byte	.LVL2
 1940 0008 0300     		.2byte	0x3
 1941 000a 73       		.byte	0x73
 1942 000b 20       		.sleb128 32
 1943 000c 9F       		.byte	0x9f
 1944 000d 06000000 		.4byte	.LVL2
 1945 0011 0C000000 		.4byte	.LVL3
 1946 0015 0100     		.2byte	0x1
 1947 0017 53       		.byte	0x53
 1948 0018 00000000 		.4byte	0
 1949 001c 00000000 		.4byte	0
 1950              	.LLST1:
 1951 0020 14000000 		.4byte	.LVL7
 1952 0024 20000000 		.4byte	.LVL8
 1953 0028 0300     		.2byte	0x3
 1954 002a 73       		.byte	0x73
 1955 002b 60       		.sleb128 -32
 1956 002c 9F       		.byte	0x9f
 1957 002d 20000000 		.4byte	.LVL8
 1958 0031 28000000 		.4byte	.LVL9
 1959 0035 0100     		.2byte	0x1
 1960 0037 52       		.byte	0x52
 1961 0038 28000000 		.4byte	.LVL9
 1962 003c 44000000 		.4byte	.LVL10
 1963 0040 0300     		.2byte	0x3
 1964 0042 73       		.byte	0x73
 1965 0043 60       		.sleb128 -32
 1966 0044 9F       		.byte	0x9f
 1967 0045 4A000000 		.4byte	.LVL11
 1968 0049 74000000 		.4byte	.LFE10
 1969 004d 0300     		.2byte	0x3
 1970 004f 73       		.byte	0x73
 1971 0050 60       		.sleb128 -32
 1972 0051 9F       		.byte	0x9f
 1973 0052 00000000 		.4byte	0
 1974 0056 00000000 		.4byte	0
 1975              		.section	.debug_aranges,"",%progbits
 1976 0000 4C000000 		.4byte	0x4c
 1977 0004 0200     		.2byte	0x2
 1978 0006 00000000 		.4byte	.Ldebug_info0
 1979 000a 04       		.byte	0x4
 1980 000b 00       		.byte	0
 1981 000c 0000     		.2byte	0
 1982 000e 0000     		.2byte	0
 1983 0010 00000000 		.4byte	.LFB11
 1984 0014 06000000 		.4byte	.LFE11-.LFB11
 1985 0018 00000000 		.4byte	.LFB8
 1986 001c 12000000 		.4byte	.LFE8-.LFB8
 1987 0020 00000000 		.4byte	.LFB9
 1988 0024 30000000 		.4byte	.LFE9-.LFB9
 1989 0028 00000000 		.4byte	.LFB10
 1990 002c 74000000 		.4byte	.LFE10-.LFB10
 1991 0030 00000000 		.4byte	.LFB7
 1992 0034 1A000000 		.4byte	.LFE7-.LFB7
 1993 0038 00000000 		.4byte	.LFB12
 1994 003c 10000000 		.4byte	.LFE12-.LFB12
 1995 0040 00000000 		.4byte	.LFB13
ARM GAS  /tmp/cc4hs1Jk.s 			page 36


 1996 0044 10000000 		.4byte	.LFE13-.LFB13
 1997 0048 00000000 		.4byte	0
 1998 004c 00000000 		.4byte	0
 1999              		.section	.debug_ranges,"",%progbits
 2000              	.Ldebug_ranges0:
 2001 0000 10000000 		.4byte	.LBB15
 2002 0004 44000000 		.4byte	.LBE15
 2003 0008 4A000000 		.4byte	.LBB16
 2004 000c 74000000 		.4byte	.LBE16
 2005 0010 00000000 		.4byte	0
 2006 0014 00000000 		.4byte	0
 2007 0018 00000000 		.4byte	.LFB11
 2008 001c 06000000 		.4byte	.LFE11
 2009 0020 00000000 		.4byte	.LFB8
 2010 0024 12000000 		.4byte	.LFE8
 2011 0028 00000000 		.4byte	.LFB9
 2012 002c 30000000 		.4byte	.LFE9
 2013 0030 00000000 		.4byte	.LFB10
 2014 0034 74000000 		.4byte	.LFE10
 2015 0038 00000000 		.4byte	.LFB7
 2016 003c 1A000000 		.4byte	.LFE7
 2017 0040 00000000 		.4byte	.LFB12
 2018 0044 10000000 		.4byte	.LFE12
 2019 0048 00000000 		.4byte	.LFB13
 2020 004c 10000000 		.4byte	.LFE13
 2021 0050 00000000 		.4byte	0
 2022 0054 00000000 		.4byte	0
 2023              		.section	.debug_line,"",%progbits
 2024              	.Ldebug_line0:
 2025 0000 40020000 		.section	.debug_str,"MS",%progbits,1
 2025      02009A01 
 2025      00000201 
 2025      FB0E0D00 
 2025      01010101 
 2026              	.LASF40:
 2027 0000 705F6D73 		.ascii	"p_msg\000"
 2027      6700
 2028              	.LASF82:
 2029 0006 7264796D 		.ascii	"rdymsg\000"
 2029      736700
 2030              	.LASF7:
 2031 000d 5F5F7569 		.ascii	"__uint8_t\000"
 2031      6E74385F 
 2031      7400
 2032              	.LASF70:
 2033 0017 434D785F 		.ascii	"CMx_SCB\000"
 2033      53434200 
 2034              	.LASF96:
 2035 001f 63685379 		.ascii	"chSysTimerHandlerI\000"
 2035      7354696D 
 2035      65724861 
 2035      6E646C65 
 2035      724900
 2036              	.LASF91:
 2037 0032 53797354 		.ascii	"SysTickVector\000"
 2037      69636B56 
 2037      6563746F 
ARM GAS  /tmp/cc4hs1Jk.s 			page 37


 2037      7200
 2038              	.LASF12:
 2039 0040 6C6F6E67 		.ascii	"long long unsigned int\000"
 2039      206C6F6E 
 2039      6720756E 
 2039      7369676E 
 2039      65642069 
 2040              	.LASF83:
 2041 0057 65786974 		.ascii	"exitcode\000"
 2041      636F6465 
 2041      00
 2042              	.LASF55:
 2043 0060 43505549 		.ascii	"CPUID\000"
 2043      4400
 2044              	.LASF28:
 2045 0066 705F7072 		.ascii	"p_prio\000"
 2045      696F00
 2046              	.LASF1:
 2047 006d 6C6F6E67 		.ascii	"long long int\000"
 2047      206C6F6E 
 2047      6720696E 
 2047      7400
 2048              	.LASF3:
 2049 007b 7369676E 		.ascii	"signed char\000"
 2049      65642063 
 2049      68617200 
 2050              	.LASF44:
 2051 0087 705F6D70 		.ascii	"p_mpool\000"
 2051      6F6F6C00 
 2052              	.LASF79:
 2053 008f 6D5F7175 		.ascii	"m_queue\000"
 2053      65756500 
 2054              	.LASF20:
 2055 0097 74736C69 		.ascii	"tslices_t\000"
 2055      6365735F 
 2055      7400
 2056              	.LASF9:
 2057 00a1 6C6F6E67 		.ascii	"long int\000"
 2057      20696E74 
 2057      00
 2058              	.LASF89:
 2059 00aa 53564361 		.ascii	"SVCallVector\000"
 2059      6C6C5665 
 2059      63746F72 
 2059      00
 2060              	.LASF18:
 2061 00b7 74737461 		.ascii	"tstate_t\000"
 2061      74655F74 
 2061      00
 2062              	.LASF93:
 2063 00c0 5F706F72 		.ascii	"_port_thread_start\000"
 2063      745F7468 
 2063      72656164 
 2063      5F737461 
 2063      727400
 2064              	.LASF30:
 2065 00d3 705F6E65 		.ascii	"p_newer\000"
ARM GAS  /tmp/cc4hs1Jk.s 			page 38


 2065      77657200 
 2066              	.LASF65:
 2067 00db 42464152 		.ascii	"BFAR\000"
 2067      00
 2068              	.LASF10:
 2069 00e0 5F5F7569 		.ascii	"__uint32_t\000"
 2069      6E743332 
 2069      5F7400
 2070              	.LASF95:
 2071 00eb 6E766963 		.ascii	"nvicSetSystemHandlerPriority\000"
 2071      53657453 
 2071      79737465 
 2071      6D48616E 
 2071      646C6572 
 2072              	.LASF47:
 2073 0108 72656761 		.ascii	"regarm_t\000"
 2073      726D5F74 
 2073      00
 2074              	.LASF94:
 2075 0111 63685363 		.ascii	"chSchDoReschedule\000"
 2075      68446F52 
 2075      65736368 
 2075      6564756C 
 2075      6500
 2076              	.LASF0:
 2077 0123 756E7369 		.ascii	"unsigned int\000"
 2077      676E6564 
 2077      20696E74 
 2077      00
 2078              	.LASF49:
 2079 0130 6C725F74 		.ascii	"lr_thd\000"
 2079      686400
 2080              	.LASF48:
 2081 0137 65787463 		.ascii	"extctx\000"
 2081      747800
 2082              	.LASF92:
 2083 013e 5F706F72 		.ascii	"_port_switch\000"
 2083      745F7377 
 2083      69746368 
 2083      00
 2084              	.LASF11:
 2085 014b 6C6F6E67 		.ascii	"long unsigned int\000"
 2085      20756E73 
 2085      69676E65 
 2085      6420696E 
 2085      7400
 2086              	.LASF57:
 2087 015d 56544F52 		.ascii	"VTOR\000"
 2087      00
 2088              	.LASF88:
 2089 0162 5F706F72 		.ascii	"_port_switch_from_isr\000"
 2089      745F7377 
 2089      69746368 
 2089      5F66726F 
 2089      6D5F6973 
 2090              	.LASF52:
 2091 0178 636F6E74 		.ascii	"context\000"
ARM GAS  /tmp/cc4hs1Jk.s 			page 39


 2091      65787400 
 2092              	.LASF6:
 2093 0180 73686F72 		.ascii	"short unsigned int\000"
 2093      7420756E 
 2093      7369676E 
 2093      65642069 
 2093      6E7400
 2094              	.LASF56:
 2095 0193 49435352 		.ascii	"ICSR\000"
 2095      00
 2096              	.LASF22:
 2097 0198 6D73675F 		.ascii	"msg_t\000"
 2097      7400
 2098              	.LASF58:
 2099 019e 41495243 		.ascii	"AIRCR\000"
 2099      5200
 2100              	.LASF63:
 2101 01a4 44465352 		.ascii	"DFSR\000"
 2101      00
 2102              	.LASF74:
 2103 01a9 725F6E65 		.ascii	"r_newer\000"
 2103      77657200 
 2104              	.LASF64:
 2105 01b1 4D4D4641 		.ascii	"MMFAR\000"
 2105      5200
 2106              	.LASF100:
 2107 01b7 5F706F72 		.ascii	"_port_irq_epilogue\000"
 2107      745F6972 
 2107      715F6570 
 2107      696C6F67 
 2107      756500
 2108              	.LASF17:
 2109 01ca 746D6F64 		.ascii	"tmode_t\000"
 2109      655F7400 
 2110              	.LASF46:
 2111 01d2 54687265 		.ascii	"ThreadsList\000"
 2111      6164734C 
 2111      69737400 
 2112              	.LASF23:
 2113 01de 6576656E 		.ascii	"eventmask_t\000"
 2113      746D6173 
 2113      6B5F7400 
 2114              	.LASF78:
 2115 01ea 4D757465 		.ascii	"Mutex\000"
 2115      7800
 2116              	.LASF54:
 2117 01f0 73697A65 		.ascii	"sizetype\000"
 2117      74797065 
 2117      00
 2118              	.LASF2:
 2119 01f9 6C6F6E67 		.ascii	"long double\000"
 2119      20646F75 
 2119      626C6500 
 2120              	.LASF61:
 2121 0205 43465352 		.ascii	"CFSR\000"
 2121      00
 2122              	.LASF31:
ARM GAS  /tmp/cc4hs1Jk.s 			page 40


 2123 020a 705F6F6C 		.ascii	"p_older\000"
 2123      64657200 
 2124              	.LASF73:
 2125 0212 725F6374 		.ascii	"r_ctx\000"
 2125      7800
 2126              	.LASF45:
 2127 0218 54687265 		.ascii	"ThreadsQueue\000"
 2127      61647351 
 2127      75657565 
 2127      00
 2128              	.LASF76:
 2129 0225 725F6375 		.ascii	"r_current\000"
 2129      7272656E 
 2129      7400
 2130              	.LASF75:
 2131 022f 725F6F6C 		.ascii	"r_older\000"
 2131      64657200 
 2132              	.LASF19:
 2133 0237 74726566 		.ascii	"trefs_t\000"
 2133      735F7400 
 2134              	.LASF87:
 2135 023f 63747870 		.ascii	"ctxp\000"
 2135      00
 2136              	.LASF27:
 2137 0244 705F7072 		.ascii	"p_prev\000"
 2137      657600
 2138              	.LASF21:
 2139 024b 74707269 		.ascii	"tprio_t\000"
 2139      6F5F7400 
 2140              	.LASF16:
 2141 0253 5F426F6F 		.ascii	"_Bool\000"
 2141      6C00
 2142              	.LASF14:
 2143 0259 696E7433 		.ascii	"int32_t\000"
 2143      325F7400 
 2144              	.LASF4:
 2145 0261 756E7369 		.ascii	"unsigned char\000"
 2145      676E6564 
 2145      20636861 
 2145      7200
 2146              	.LASF60:
 2147 026f 53484353 		.ascii	"SHCSR\000"
 2147      5200
 2148              	.LASF42:
 2149 0275 705F6D74 		.ascii	"p_mtxlist\000"
 2149      786C6973 
 2149      7400
 2150              	.LASF5:
 2151 027f 73686F72 		.ascii	"short int\000"
 2151      7420696E 
 2151      7400
 2152              	.LASF33:
 2153 0289 705F7374 		.ascii	"p_state\000"
 2153      61746500 
 2154              	.LASF36:
 2155 0291 705F7072 		.ascii	"p_preempt\000"
 2155      65656D70 
ARM GAS  /tmp/cc4hs1Jk.s 			page 41


 2155      7400
 2156              	.LASF50:
 2157 029b 78707372 		.ascii	"xpsr\000"
 2157      00
 2158              	.LASF72:
 2159 02a0 725F7072 		.ascii	"r_prio\000"
 2159      696F00
 2160              	.LASF97:
 2161 02a7 474E5520 		.ascii	"GNU C11 5.3.1 20160307 (release) [ARM/embedded-5-br"
 2161      43313120 
 2161      352E332E 
 2161      31203230 
 2161      31363033 
 2162 02da 616E6368 		.ascii	"anch revision 234589] -mcpu=cortex-m4 -mno-thumb-in"
 2162      20726576 
 2162      6973696F 
 2162      6E203233 
 2162      34353839 
 2163 030d 74657277 		.ascii	"terwork -mthumb -ggdb -O2 -fomit-frame-pointer -fal"
 2163      6F726B20 
 2163      2D6D7468 
 2163      756D6220 
 2163      2D676764 
 2164 0340 69676E2D 		.ascii	"ign-functions=16 -ffunction-sections -fdata-section"
 2164      66756E63 
 2164      74696F6E 
 2164      733D3136 
 2164      202D6666 
 2165 0373 73202D66 		.ascii	"s -fno-common\000"
 2165      6E6F2D63 
 2165      6F6D6D6F 
 2165      6E00
 2166              	.LASF85:
 2167 0381 65776D61 		.ascii	"ewmask\000"
 2167      736B00
 2168              	.LASF26:
 2169 0388 705F6E65 		.ascii	"p_next\000"
 2169      787400
 2170              	.LASF34:
 2171 038f 705F666C 		.ascii	"p_flags\000"
 2171      61677300 
 2172              	.LASF25:
 2173 0397 54687265 		.ascii	"Thread\000"
 2173      616400
 2174              	.LASF41:
 2175 039e 705F6570 		.ascii	"p_epending\000"
 2175      656E6469 
 2175      6E6700
 2176              	.LASF15:
 2177 03a9 75696E74 		.ascii	"uint32_t\000"
 2177      33325F74 
 2177      00
 2178              	.LASF71:
 2179 03b2 725F7175 		.ascii	"r_queue\000"
 2179      65756500 
 2180              	.LASF66:
 2181 03ba 41465352 		.ascii	"AFSR\000"
ARM GAS  /tmp/cc4hs1Jk.s 			page 42


 2181      00
 2182              	.LASF68:
 2183 03bf 756E7573 		.ascii	"unused1\000"
 2183      65643100 
 2184              	.LASF86:
 2185 03c7 63686172 		.ascii	"char\000"
 2185      00
 2186              	.LASF53:
 2187 03cc 494F5245 		.ascii	"IOREG32\000"
 2187      47333200 
 2188              	.LASF98:
 2189 03d4 2E2E2F2E 		.ascii	"../../os/ports/GCC/ARMCMx/chcore_v7m.c\000"
 2189      2E2F6F73 
 2189      2F706F72 
 2189      74732F47 
 2189      43432F41 
 2190              	.LASF81:
 2191 03fb 6D5F6E65 		.ascii	"m_next\000"
 2191      787400
 2192              	.LASF24:
 2193 0402 73797374 		.ascii	"systime_t\000"
 2193      696D655F 
 2193      7400
 2194              	.LASF43:
 2195 040c 705F7265 		.ascii	"p_realprio\000"
 2195      616C7072 
 2195      696F00
 2196              	.LASF8:
 2197 0417 5F5F696E 		.ascii	"__int32_t\000"
 2197      7433325F 
 2197      7400
 2198              	.LASF37:
 2199 0421 705F7469 		.ascii	"p_time\000"
 2199      6D6500
 2200              	.LASF59:
 2201 0428 53485052 		.ascii	"SHPR\000"
 2201      00
 2202              	.LASF99:
 2203 042d 2F686F6D 		.ascii	"/home/lithium/Documentos/ChibiOS_2.6.8/demos/PodioV"
 2203      652F6C69 
 2203      74686975 
 2203      6D2F446F 
 2203      63756D65 
 2204 0460 69727475 		.ascii	"irtual\000"
 2204      616C00
 2205              	.LASF51:
 2206 0467 696E7463 		.ascii	"intctx\000"
 2206      747800
 2207              	.LASF39:
 2208 046e 705F6D73 		.ascii	"p_msgqueue\000"
 2208      67717565 
 2208      756500
 2209              	.LASF35:
 2210 0479 705F7265 		.ascii	"p_refs\000"
 2210      667300
 2211              	.LASF77:
 2212 0480 52656164 		.ascii	"ReadyList\000"
ARM GAS  /tmp/cc4hs1Jk.s 			page 43


 2212      794C6973 
 2212      7400
 2213              	.LASF67:
 2214 048a 4D4D4652 		.ascii	"MMFR\000"
 2214      00
 2215              	.LASF101:
 2216 048f 726C6973 		.ascii	"rlist\000"
 2216      7400
 2217              	.LASF13:
 2218 0495 75696E74 		.ascii	"uint8_t\000"
 2218      385F7400 
 2219              	.LASF90:
 2220 049d 5F706F72 		.ascii	"_port_init\000"
 2220      745F696E 
 2220      697400
 2221              	.LASF84:
 2222 04a8 77746F62 		.ascii	"wtobjp\000"
 2222      6A7000
 2223              	.LASF32:
 2224 04af 705F6E61 		.ascii	"p_name\000"
 2224      6D6500
 2225              	.LASF69:
 2226 04b6 43504143 		.ascii	"CPACR\000"
 2226      5200
 2227              	.LASF62:
 2228 04bc 48465352 		.ascii	"HFSR\000"
 2228      00
 2229              	.LASF80:
 2230 04c1 6D5F6F77 		.ascii	"m_owner\000"
 2230      6E657200 
 2231              	.LASF29:
 2232 04c9 705F6374 		.ascii	"p_ctx\000"
 2232      7800
 2233              	.LASF38:
 2234 04cf 705F7761 		.ascii	"p_waiting\000"
 2234      6974696E 
 2234      6700
 2235              		.ident	"GCC: (GNU Tools for ARM Embedded Processors) 5.3.1 20160307 (release) [ARM/embedded-5-bran
ARM GAS  /tmp/cc4hs1Jk.s 			page 44


DEFINED SYMBOLS
                            *ABS*:00000000 chcore_v7m.c
     /tmp/cc4hs1Jk.s:20     .text._port_switch_from_isr:00000000 $t
     /tmp/cc4hs1Jk.s:26     .text._port_switch_from_isr:00000000 _port_switch_from_isr
     /tmp/cc4hs1Jk.s:40     .text._port_switch_from_isr:00000004 _port_exit_from_isr
     /tmp/cc4hs1Jk.s:53     .text.SVCallVector:00000000 $t
     /tmp/cc4hs1Jk.s:59     .text.SVCallVector:00000000 SVCallVector
     /tmp/cc4hs1Jk.s:99     .text._port_init:00000000 $t
     /tmp/cc4hs1Jk.s:105    .text._port_init:00000000 _port_init
     /tmp/cc4hs1Jk.s:149    .text._port_init:00000028 $d
     /tmp/cc4hs1Jk.s:155    .text._port_irq_epilogue:00000000 $t
     /tmp/cc4hs1Jk.s:161    .text._port_irq_epilogue:00000000 _port_irq_epilogue
     /tmp/cc4hs1Jk.s:260    .text._port_irq_epilogue:00000064 $d
     /tmp/cc4hs1Jk.s:270    .text.SysTickVector:00000000 $t
     /tmp/cc4hs1Jk.s:276    .text.SysTickVector:00000000 SysTickVector
     /tmp/cc4hs1Jk.s:321    .text._port_switch:00000000 $t
     /tmp/cc4hs1Jk.s:327    .text._port_switch:00000000 _port_switch
     /tmp/cc4hs1Jk.s:356    .text._port_thread_start:00000000 $t
     /tmp/cc4hs1Jk.s:362    .text._port_thread_start:00000000 _port_thread_start
                     .debug_frame:00000010 $d

UNDEFINED SYMBOLS
chSchDoReschedule
nvicSetSystemHandlerPriority
rlist
chSysTimerHandlerI
chThdExit
