ARM GAS  /tmp/cc8pYGCh.s 			page 1


   1              		.syntax unified
   2              		.cpu cortex-m4
   3              		.fpu softvfp
   4              		.eabi_attribute 20, 1
   5              		.eabi_attribute 21, 1
   6              		.eabi_attribute 23, 3
   7              		.eabi_attribute 24, 1
   8              		.eabi_attribute 25, 1
   9              		.eabi_attribute 26, 1
  10              		.eabi_attribute 30, 2
  11              		.eabi_attribute 34, 1
  12              		.eabi_attribute 18, 4
  13              		.thumb
  14              		.syntax unified
  15              		.file	"chcore.c"
  16              		.text
  17              	.Ltext0:
  18              		.cfi_sections	.debug_frame
  19              		.section	.text.port_halt,"ax",%progbits
  20              		.align	2
  21              		.p2align 4,,15
  22              		.weak	port_halt
  23              		.thumb
  24              		.thumb_func
  25              		.type	port_halt, %function
  26              	port_halt:
  27              	.LFB7:
  28              		.file 1 "../../os/ports/GCC/ARMCMx/chcore.c"
  29              		.loc 1 46 0
  30              		.cfi_startproc
  31              		@ args = 0, pretend = 0, frame = 0
  32              		@ frame_needed = 0, uses_anonymous_args = 0
  33              		@ link register save eliminated.
  34              		.loc 1 48 0
  35              		.syntax unified
  36              	@ 48 "../../os/ports/GCC/ARMCMx/chcore.c" 1
  37 0000 72B6     		cpsid   i
  38              	@ 0 "" 2
  39              		.thumb
  40              		.syntax unified
  41              	.L2:
  42 0002 FEE7     		b	.L2
  43              		.cfi_endproc
  44              	.LFE7:
  45              		.size	port_halt, .-port_halt
  46              		.text
  47              	.Letext0:
  48              		.section	.debug_info,"",%progbits
  49              	.Ldebug_info0:
  50 0000 95000000 		.4byte	0x95
  51 0004 0400     		.2byte	0x4
  52 0006 00000000 		.4byte	.Ldebug_abbrev0
  53 000a 04       		.byte	0x4
  54 000b 01       		.uleb128 0x1
  55 000c AF000000 		.4byte	.LASF13
  56 0010 0C       		.byte	0xc
  57 0011 1B000000 		.4byte	.LASF14
ARM GAS  /tmp/cc8pYGCh.s 			page 2


  58 0015 67000000 		.4byte	.LASF15
  59 0019 00000000 		.4byte	.Ldebug_ranges0+0
  60 001d 00000000 		.4byte	0
  61 0021 00000000 		.4byte	.Ldebug_line0
  62 0025 02       		.uleb128 0x2
  63 0026 04       		.byte	0x4
  64 0027 05       		.byte	0x5
  65 0028 696E7400 		.ascii	"int\000"
  66 002c 03       		.uleb128 0x3
  67 002d 04       		.byte	0x4
  68 002e 07       		.byte	0x7
  69 002f 0E000000 		.4byte	.LASF0
  70 0033 03       		.uleb128 0x3
  71 0034 08       		.byte	0x8
  72 0035 05       		.byte	0x5
  73 0036 00000000 		.4byte	.LASF1
  74 003a 03       		.uleb128 0x3
  75 003b 08       		.byte	0x8
  76 003c 04       		.byte	0x4
  77 003d BC010000 		.4byte	.LASF2
  78 0041 03       		.uleb128 0x3
  79 0042 01       		.byte	0x1
  80 0043 06       		.byte	0x6
  81 0044 B0010000 		.4byte	.LASF3
  82 0048 03       		.uleb128 0x3
  83 0049 01       		.byte	0x1
  84 004a 08       		.byte	0x8
  85 004b A1000000 		.4byte	.LASF4
  86 004f 03       		.uleb128 0x3
  87 0050 02       		.byte	0x2
  88 0051 05       		.byte	0x5
  89 0052 D2010000 		.4byte	.LASF5
  90 0056 03       		.uleb128 0x3
  91 0057 02       		.byte	0x2
  92 0058 07       		.byte	0x7
  93 0059 9D010000 		.4byte	.LASF6
  94 005d 03       		.uleb128 0x3
  95 005e 04       		.byte	0x4
  96 005f 05       		.byte	0x5
  97 0060 8E010000 		.4byte	.LASF7
  98 0064 03       		.uleb128 0x3
  99 0065 04       		.byte	0x4
 100 0066 07       		.byte	0x7
 101 0067 3E000000 		.4byte	.LASF8
 102 006b 03       		.uleb128 0x3
 103 006c 08       		.byte	0x8
 104 006d 07       		.byte	0x7
 105 006e 50000000 		.4byte	.LASF9
 106 0072 03       		.uleb128 0x3
 107 0073 01       		.byte	0x1
 108 0074 02       		.byte	0x2
 109 0075 97010000 		.4byte	.LASF10
 110 0079 03       		.uleb128 0x3
 111 007a 04       		.byte	0x4
 112 007b 07       		.byte	0x7
 113 007c DC010000 		.4byte	.LASF11
 114 0080 03       		.uleb128 0x3
ARM GAS  /tmp/cc8pYGCh.s 			page 3


 115 0081 01       		.byte	0x1
 116 0082 08       		.byte	0x8
 117 0083 89010000 		.4byte	.LASF12
 118 0087 04       		.uleb128 0x4
 119 0088 C8010000 		.4byte	.LASF16
 120 008c 01       		.byte	0x1
 121 008d 2E       		.byte	0x2e
 122 008e 00000000 		.4byte	.LFB7
 123 0092 04000000 		.4byte	.LFE7-.LFB7
 124 0096 01       		.uleb128 0x1
 125 0097 9C       		.byte	0x9c
 126 0098 00       		.byte	0
 127              		.section	.debug_abbrev,"",%progbits
 128              	.Ldebug_abbrev0:
 129 0000 01       		.uleb128 0x1
 130 0001 11       		.uleb128 0x11
 131 0002 01       		.byte	0x1
 132 0003 25       		.uleb128 0x25
 133 0004 0E       		.uleb128 0xe
 134 0005 13       		.uleb128 0x13
 135 0006 0B       		.uleb128 0xb
 136 0007 03       		.uleb128 0x3
 137 0008 0E       		.uleb128 0xe
 138 0009 1B       		.uleb128 0x1b
 139 000a 0E       		.uleb128 0xe
 140 000b 55       		.uleb128 0x55
 141 000c 17       		.uleb128 0x17
 142 000d 11       		.uleb128 0x11
 143 000e 01       		.uleb128 0x1
 144 000f 10       		.uleb128 0x10
 145 0010 17       		.uleb128 0x17
 146 0011 00       		.byte	0
 147 0012 00       		.byte	0
 148 0013 02       		.uleb128 0x2
 149 0014 24       		.uleb128 0x24
 150 0015 00       		.byte	0
 151 0016 0B       		.uleb128 0xb
 152 0017 0B       		.uleb128 0xb
 153 0018 3E       		.uleb128 0x3e
 154 0019 0B       		.uleb128 0xb
 155 001a 03       		.uleb128 0x3
 156 001b 08       		.uleb128 0x8
 157 001c 00       		.byte	0
 158 001d 00       		.byte	0
 159 001e 03       		.uleb128 0x3
 160 001f 24       		.uleb128 0x24
 161 0020 00       		.byte	0
 162 0021 0B       		.uleb128 0xb
 163 0022 0B       		.uleb128 0xb
 164 0023 3E       		.uleb128 0x3e
 165 0024 0B       		.uleb128 0xb
 166 0025 03       		.uleb128 0x3
 167 0026 0E       		.uleb128 0xe
 168 0027 00       		.byte	0
 169 0028 00       		.byte	0
 170 0029 04       		.uleb128 0x4
 171 002a 2E       		.uleb128 0x2e
ARM GAS  /tmp/cc8pYGCh.s 			page 4


 172 002b 00       		.byte	0
 173 002c 3F       		.uleb128 0x3f
 174 002d 19       		.uleb128 0x19
 175 002e 03       		.uleb128 0x3
 176 002f 0E       		.uleb128 0xe
 177 0030 3A       		.uleb128 0x3a
 178 0031 0B       		.uleb128 0xb
 179 0032 3B       		.uleb128 0x3b
 180 0033 0B       		.uleb128 0xb
 181 0034 27       		.uleb128 0x27
 182 0035 19       		.uleb128 0x19
 183 0036 11       		.uleb128 0x11
 184 0037 01       		.uleb128 0x1
 185 0038 12       		.uleb128 0x12
 186 0039 06       		.uleb128 0x6
 187 003a 40       		.uleb128 0x40
 188 003b 18       		.uleb128 0x18
 189 003c 9742     		.uleb128 0x2117
 190 003e 19       		.uleb128 0x19
 191 003f 00       		.byte	0
 192 0040 00       		.byte	0
 193 0041 00       		.byte	0
 194              		.section	.debug_aranges,"",%progbits
 195 0000 1C000000 		.4byte	0x1c
 196 0004 0200     		.2byte	0x2
 197 0006 00000000 		.4byte	.Ldebug_info0
 198 000a 04       		.byte	0x4
 199 000b 00       		.byte	0
 200 000c 0000     		.2byte	0
 201 000e 0000     		.2byte	0
 202 0010 00000000 		.4byte	.LFB7
 203 0014 04000000 		.4byte	.LFE7-.LFB7
 204 0018 00000000 		.4byte	0
 205 001c 00000000 		.4byte	0
 206              		.section	.debug_ranges,"",%progbits
 207              	.Ldebug_ranges0:
 208 0000 00000000 		.4byte	.LFB7
 209 0004 04000000 		.4byte	.LFE7
 210 0008 00000000 		.4byte	0
 211 000c 00000000 		.4byte	0
 212              		.section	.debug_line,"",%progbits
 213              	.Ldebug_line0:
 214 0000 4F000000 		.section	.debug_str,"MS",%progbits,1
 214      02003900 
 214      00000201 
 214      FB0E0D00 
 214      01010101 
 215              	.LASF1:
 216 0000 6C6F6E67 		.ascii	"long long int\000"
 216      206C6F6E 
 216      6720696E 
 216      7400
 217              	.LASF0:
 218 000e 756E7369 		.ascii	"unsigned int\000"
 218      676E6564 
 218      20696E74 
 218      00
ARM GAS  /tmp/cc8pYGCh.s 			page 5


 219              	.LASF14:
 220 001b 2E2E2F2E 		.ascii	"../../os/ports/GCC/ARMCMx/chcore.c\000"
 220      2E2F6F73 
 220      2F706F72 
 220      74732F47 
 220      43432F41 
 221              	.LASF8:
 222 003e 6C6F6E67 		.ascii	"long unsigned int\000"
 222      20756E73 
 222      69676E65 
 222      6420696E 
 222      7400
 223              	.LASF9:
 224 0050 6C6F6E67 		.ascii	"long long unsigned int\000"
 224      206C6F6E 
 224      6720756E 
 224      7369676E 
 224      65642069 
 225              	.LASF15:
 226 0067 2F686F6D 		.ascii	"/home/lithium/Documentos/ChibiOS_2.6.8/demos/PodioV"
 226      652F6C69 
 226      74686975 
 226      6D2F446F 
 226      63756D65 
 227 009a 69727475 		.ascii	"irtual\000"
 227      616C00
 228              	.LASF4:
 229 00a1 756E7369 		.ascii	"unsigned char\000"
 229      676E6564 
 229      20636861 
 229      7200
 230              	.LASF13:
 231 00af 474E5520 		.ascii	"GNU C11 5.3.1 20160307 (release) [ARM/embedded-5-br"
 231      43313120 
 231      352E332E 
 231      31203230 
 231      31363033 
 232 00e2 616E6368 		.ascii	"anch revision 234589] -mcpu=cortex-m4 -mno-thumb-in"
 232      20726576 
 232      6973696F 
 232      6E203233 
 232      34353839 
 233 0115 74657277 		.ascii	"terwork -mthumb -ggdb -O2 -fomit-frame-pointer -fal"
 233      6F726B20 
 233      2D6D7468 
 233      756D6220 
 233      2D676764 
 234 0148 69676E2D 		.ascii	"ign-functions=16 -ffunction-sections -fdata-section"
 234      66756E63 
 234      74696F6E 
 234      733D3136 
 234      202D6666 
 235 017b 73202D66 		.ascii	"s -fno-common\000"
 235      6E6F2D63 
 235      6F6D6D6F 
 235      6E00
 236              	.LASF12:
ARM GAS  /tmp/cc8pYGCh.s 			page 6


 237 0189 63686172 		.ascii	"char\000"
 237      00
 238              	.LASF7:
 239 018e 6C6F6E67 		.ascii	"long int\000"
 239      20696E74 
 239      00
 240              	.LASF10:
 241 0197 5F426F6F 		.ascii	"_Bool\000"
 241      6C00
 242              	.LASF6:
 243 019d 73686F72 		.ascii	"short unsigned int\000"
 243      7420756E 
 243      7369676E 
 243      65642069 
 243      6E7400
 244              	.LASF3:
 245 01b0 7369676E 		.ascii	"signed char\000"
 245      65642063 
 245      68617200 
 246              	.LASF2:
 247 01bc 6C6F6E67 		.ascii	"long double\000"
 247      20646F75 
 247      626C6500 
 248              	.LASF16:
 249 01c8 706F7274 		.ascii	"port_halt\000"
 249      5F68616C 
 249      7400
 250              	.LASF5:
 251 01d2 73686F72 		.ascii	"short int\000"
 251      7420696E 
 251      7400
 252              	.LASF11:
 253 01dc 73697A65 		.ascii	"sizetype\000"
 253      74797065 
 253      00
 254              		.ident	"GCC: (GNU Tools for ARM Embedded Processors) 5.3.1 20160307 (release) [ARM/embedded-5-bran
ARM GAS  /tmp/cc8pYGCh.s 			page 7


DEFINED SYMBOLS
                            *ABS*:00000000 chcore.c
     /tmp/cc8pYGCh.s:20     .text.port_halt:00000000 $t
     /tmp/cc8pYGCh.s:26     .text.port_halt:00000000 port_halt
                     .debug_frame:00000010 $d

NO UNDEFINED SYMBOLS
