ARM GAS  /tmp/cc9qUCth.s 			page 1


   1              		.syntax unified
   2              		.cpu cortex-m4
   3              		.fpu softvfp
   4              		.eabi_attribute 20, 1
   5              		.eabi_attribute 21, 1
   6              		.eabi_attribute 23, 3
   7              		.eabi_attribute 24, 1
   8              		.eabi_attribute 25, 1
   9              		.eabi_attribute 26, 1
  10              		.eabi_attribute 30, 2
  11              		.eabi_attribute 34, 1
  12              		.eabi_attribute 18, 4
  13              		.thumb
  14              		.syntax unified
  15              		.file	"chmsg.c"
  16              		.text
  17              	.Ltext0:
  18              		.cfi_sections	.debug_frame
  19              		.section	.text.chMsgSend,"ax",%progbits
  20              		.align	2
  21              		.p2align 4,,15
  22              		.global	chMsgSend
  23              		.thumb
  24              		.thumb_func
  25              		.type	chMsgSend, %function
  26              	chMsgSend:
  27              	.LFB7:
  28              		.file 1 "../../os/kernel/src/chmsg.c"
  29              		.loc 1 75 0
  30              		.cfi_startproc
  31              		@ args = 0, pretend = 0, frame = 0
  32              		@ frame_needed = 0, uses_anonymous_args = 0
  33              	.LVL0:
  34 0000 38B5     		push	{r3, r4, r5, lr}
  35              		.cfi_def_cfa_offset 16
  36              		.cfi_offset 3, -16
  37              		.cfi_offset 4, -12
  38              		.cfi_offset 5, -8
  39              		.cfi_offset 14, -4
  40              		.loc 1 76 0
  41 0002 0E4B     		ldr	r3, .L6
  42 0004 9C69     		ldr	r4, [r3, #24]
  43              	.LVL1:
  44              	.LBB10:
  45              		.loc 1 80 0
  46 0006 2023     		movs	r3, #32
  47              		.syntax unified
  48              	@ 80 "../../os/kernel/src/chmsg.c" 1
  49 0008 83F31188 		msr     BASEPRI, r3
  50              	@ 0 "" 2
  51              		.thumb
  52              		.syntax unified
  53              	.LBE10:
  54              		.loc 1 82 0
  55 000c 00F12C05 		add	r5, r0, #44
  56 0010 6562     		str	r5, [r4, #36]
  57              	.LVL2:
ARM GAS  /tmp/cc9qUCth.s 			page 2


  58              	.LBB11:
  59              	.LBB12:
  60              		.file 2 "../../os/kernel/include/chinline.h"
  61              		.loc 2 55 0
  62 0012 036B     		ldr	r3, [r0, #48]
  63 0014 6360     		str	r3, [r4, #4]
  64              	.LBE12:
  65              	.LBE11:
  66              		.loc 1 81 0
  67 0016 6163     		str	r1, [r4, #52]
  68              	.LBB14:
  69              	.LBB13:
  70              		.loc 2 54 0
  71 0018 2560     		str	r5, [r4]
  72              		.loc 2 56 0
  73 001a 0463     		str	r4, [r0, #48]
  74 001c 1C60     		str	r4, [r3]
  75              	.LVL3:
  76              	.LBE13:
  77              	.LBE14:
  78              		.loc 1 84 0
  79 001e 037F     		ldrb	r3, [r0, #28]	@ zero_extendqisi2
  80 0020 0C2B     		cmp	r3, #12
  81 0022 07D0     		beq	.L5
  82              	.LVL4:
  83              	.L2:
  84              		.loc 1 86 0
  85 0024 0A20     		movs	r0, #10
  86 0026 FFF7FEFF 		bl	chSchGoSleepS
  87              	.LVL5:
  88              		.loc 1 87 0
  89 002a 606A     		ldr	r0, [r4, #36]
  90              	.LVL6:
  91              	.LBB15:
  92              		.loc 1 88 0
  93 002c 0023     		movs	r3, #0
  94              		.syntax unified
  95              	@ 88 "../../os/kernel/src/chmsg.c" 1
  96 002e 83F31188 		msr     BASEPRI, r3
  97              	@ 0 "" 2
  98              		.thumb
  99              		.syntax unified
 100              	.LBE15:
 101              		.loc 1 90 0
 102 0032 38BD     		pop	{r3, r4, r5, pc}
 103              	.LVL7:
 104              	.L5:
 105              		.loc 1 85 0
 106 0034 FFF7FEFF 		bl	chSchReadyI
 107              	.LVL8:
 108 0038 F4E7     		b	.L2
 109              	.L7:
 110 003a 00BF     		.align	2
 111              	.L6:
 112 003c 00000000 		.word	rlist
 113              		.cfi_endproc
 114              	.LFE7:
ARM GAS  /tmp/cc9qUCth.s 			page 3


 115              		.size	chMsgSend, .-chMsgSend
 116              		.section	.text.chMsgWait,"ax",%progbits
 117              		.align	2
 118              		.p2align 4,,15
 119              		.global	chMsgWait
 120              		.thumb
 121              		.thumb_func
 122              		.type	chMsgWait, %function
 123              	chMsgWait:
 124              	.LFB8:
 125              		.loc 1 106 0
 126              		.cfi_startproc
 127              		@ args = 0, pretend = 0, frame = 0
 128              		@ frame_needed = 0, uses_anonymous_args = 0
 129 0000 10B5     		push	{r4, lr}
 130              		.cfi_def_cfa_offset 8
 131              		.cfi_offset 4, -8
 132              		.cfi_offset 14, -4
 133              	.LBB16:
 134              		.loc 1 109 0
 135 0002 2023     		movs	r3, #32
 136              		.syntax unified
 137              	@ 109 "../../os/kernel/src/chmsg.c" 1
 138 0004 83F31188 		msr     BASEPRI, r3
 139              	@ 0 "" 2
 140              		.thumb
 141              		.syntax unified
 142              	.LBE16:
 143              		.loc 1 110 0
 144 0008 0B4C     		ldr	r4, .L12
 145 000a A269     		ldr	r2, [r4, #24]
 146 000c 1346     		mov	r3, r2
 147 000e 53F82C0F 		ldr	r0, [r3, #44]!
 148 0012 9842     		cmp	r0, r3
 149 0014 08D0     		beq	.L11
 150              	.L9:
 151              	.LVL9:
 152              	.LBB17:
 153              	.LBB18:
 154              		.loc 2 62 0
 155 0016 0168     		ldr	r1, [r0]
 156 0018 D162     		str	r1, [r2, #44]
 157              	.LVL10:
 158              	.LBE18:
 159              	.LBE17:
 160              		.loc 1 113 0
 161 001a 0B22     		movs	r2, #11
 162              	.LBB20:
 163              	.LBB19:
 164              		.loc 2 62 0
 165 001c 4B60     		str	r3, [r1, #4]
 166              	.LVL11:
 167              	.LBE19:
 168              	.LBE20:
 169              	.LBB21:
 170              		.loc 1 114 0
 171 001e 0023     		movs	r3, #0
ARM GAS  /tmp/cc9qUCth.s 			page 4


 172              	.LBE21:
 173              		.loc 1 113 0
 174 0020 0277     		strb	r2, [r0, #28]
 175              	.LBB22:
 176              		.loc 1 114 0
 177              		.syntax unified
 178              	@ 114 "../../os/kernel/src/chmsg.c" 1
 179 0022 83F31188 		msr     BASEPRI, r3
 180              	@ 0 "" 2
 181              		.thumb
 182              		.syntax unified
 183              	.LBE22:
 184              		.loc 1 116 0
 185 0026 10BD     		pop	{r4, pc}
 186              	.L11:
 187              		.loc 1 111 0
 188 0028 0C20     		movs	r0, #12
 189 002a FFF7FEFF 		bl	chSchGoSleepS
 190              	.LVL12:
 191 002e A269     		ldr	r2, [r4, #24]
 192 0030 D06A     		ldr	r0, [r2, #44]
 193 0032 02F12C03 		add	r3, r2, #44
 194 0036 EEE7     		b	.L9
 195              	.L13:
 196              		.align	2
 197              	.L12:
 198 0038 00000000 		.word	rlist
 199              		.cfi_endproc
 200              	.LFE8:
 201              		.size	chMsgWait, .-chMsgWait
 202              		.section	.text.chMsgRelease,"ax",%progbits
 203              		.align	2
 204              		.p2align 4,,15
 205              		.global	chMsgRelease
 206              		.thumb
 207              		.thumb_func
 208              		.type	chMsgRelease, %function
 209              	chMsgRelease:
 210              	.LFB9:
 211              		.loc 1 128 0
 212              		.cfi_startproc
 213              		@ args = 0, pretend = 0, frame = 0
 214              		@ frame_needed = 0, uses_anonymous_args = 0
 215              	.LVL13:
 216 0000 08B5     		push	{r3, lr}
 217              		.cfi_def_cfa_offset 8
 218              		.cfi_offset 3, -8
 219              		.cfi_offset 14, -4
 220              	.LBB23:
 221              		.loc 1 130 0
 222 0002 2023     		movs	r3, #32
 223              		.syntax unified
 224              	@ 130 "../../os/kernel/src/chmsg.c" 1
 225 0004 83F31188 		msr     BASEPRI, r3
 226              	@ 0 "" 2
 227              		.thumb
 228              		.syntax unified
ARM GAS  /tmp/cc9qUCth.s 			page 5


 229              	.LBE23:
 230              		.loc 1 133 0
 231 0008 FFF7FEFF 		bl	chSchWakeupS
 232              	.LVL14:
 233              	.LBB24:
 234              		.loc 1 134 0
 235 000c 0023     		movs	r3, #0
 236              		.syntax unified
 237              	@ 134 "../../os/kernel/src/chmsg.c" 1
 238 000e 83F31188 		msr     BASEPRI, r3
 239              	@ 0 "" 2
 240              		.thumb
 241              		.syntax unified
 242 0012 08BD     		pop	{r3, pc}
 243              	.LBE24:
 244              		.cfi_endproc
 245              	.LFE9:
 246              		.size	chMsgRelease, .-chMsgRelease
 247              		.text
 248              	.Letext0:
 249              		.file 3 "/home/lithium/Descargas/gcc-arm-none-eabi-5_3-2016q1/arm-none-eabi/include/machine/_defau
 250              		.file 4 "/home/lithium/Descargas/gcc-arm-none-eabi-5_3-2016q1/arm-none-eabi/include/sys/_stdint.h"
 251              		.file 5 "../../os/ports/GCC/ARMCMx/chtypes.h"
 252              		.file 6 "../../os/kernel/include/chlists.h"
 253              		.file 7 "../../os/kernel/include/chthreads.h"
 254              		.file 8 "../../os/ports/GCC/ARMCMx/chcore_v7m.h"
 255              		.file 9 "../../os/kernel/include/chschd.h"
 256              		.file 10 "../../os/kernel/include/chmtx.h"
 257              		.section	.debug_info,"",%progbits
 258              	.Ldebug_info0:
 259 0000 4B060000 		.4byte	0x64b
 260 0004 0400     		.2byte	0x4
 261 0006 00000000 		.4byte	.Ldebug_abbrev0
 262 000a 04       		.byte	0x4
 263 000b 01       		.uleb128 0x1
 264 000c C7010000 		.4byte	.LASF72
 265 0010 0C       		.byte	0xc
 266 0011 CF030000 		.4byte	.LASF73
 267 0015 3F030000 		.4byte	.LASF74
 268 0019 48000000 		.4byte	.Ldebug_ranges0+0x48
 269 001d 00000000 		.4byte	0
 270 0021 00000000 		.4byte	.Ldebug_line0
 271 0025 02       		.uleb128 0x2
 272 0026 04       		.byte	0x4
 273 0027 05       		.byte	0x5
 274 0028 696E7400 		.ascii	"int\000"
 275 002c 03       		.uleb128 0x3
 276 002d 04       		.byte	0x4
 277 002e 07       		.byte	0x7
 278 002f B7000000 		.4byte	.LASF0
 279 0033 03       		.uleb128 0x3
 280 0034 08       		.byte	0x8
 281 0035 05       		.byte	0x5
 282 0036 4B000000 		.4byte	.LASF1
 283 003a 03       		.uleb128 0x3
 284 003b 08       		.byte	0x8
 285 003c 04       		.byte	0x4
ARM GAS  /tmp/cc9qUCth.s 			page 6


 286 003d 2E010000 		.4byte	.LASF2
 287 0041 03       		.uleb128 0x3
 288 0042 01       		.byte	0x1
 289 0043 06       		.byte	0x6
 290 0044 59000000 		.4byte	.LASF3
 291 0048 04       		.uleb128 0x4
 292 0049 1A000000 		.4byte	.LASF7
 293 004d 03       		.byte	0x3
 294 004e 1D       		.byte	0x1d
 295 004f 53000000 		.4byte	0x53
 296 0053 03       		.uleb128 0x3
 297 0054 01       		.byte	0x1
 298 0055 08       		.byte	0x8
 299 0056 8C010000 		.4byte	.LASF4
 300 005a 03       		.uleb128 0x3
 301 005b 02       		.byte	0x2
 302 005c 05       		.byte	0x5
 303 005d A4010000 		.4byte	.LASF5
 304 0061 03       		.uleb128 0x3
 305 0062 02       		.byte	0x2
 306 0063 07       		.byte	0x7
 307 0064 DE000000 		.4byte	.LASF6
 308 0068 04       		.uleb128 0x4
 309 0069 2E030000 		.4byte	.LASF8
 310 006d 03       		.byte	0x3
 311 006e 3F       		.byte	0x3f
 312 006f 73000000 		.4byte	0x73
 313 0073 03       		.uleb128 0x3
 314 0074 04       		.byte	0x4
 315 0075 05       		.byte	0x5
 316 0076 7F000000 		.4byte	.LASF9
 317 007a 04       		.uleb128 0x4
 318 007b A3000000 		.4byte	.LASF10
 319 007f 03       		.byte	0x3
 320 0080 41       		.byte	0x41
 321 0081 85000000 		.4byte	0x85
 322 0085 03       		.uleb128 0x3
 323 0086 04       		.byte	0x4
 324 0087 07       		.byte	0x7
 325 0088 C4000000 		.4byte	.LASF11
 326 008c 03       		.uleb128 0x3
 327 008d 08       		.byte	0x8
 328 008e 07       		.byte	0x7
 329 008f 24000000 		.4byte	.LASF12
 330 0093 04       		.uleb128 0x4
 331 0094 B9030000 		.4byte	.LASF13
 332 0098 04       		.byte	0x4
 333 0099 14       		.byte	0x14
 334 009a 48000000 		.4byte	0x48
 335 009e 04       		.uleb128 0x4
 336 009f 84010000 		.4byte	.LASF14
 337 00a3 04       		.byte	0x4
 338 00a4 1F       		.byte	0x1f
 339 00a5 68000000 		.4byte	0x68
 340 00a9 04       		.uleb128 0x4
 341 00aa E4020000 		.4byte	.LASF15
 342 00ae 04       		.byte	0x4
ARM GAS  /tmp/cc9qUCth.s 			page 7


 343 00af 20       		.byte	0x20
 344 00b0 7A000000 		.4byte	0x7a
 345 00b4 03       		.uleb128 0x3
 346 00b5 01       		.byte	0x1
 347 00b6 02       		.byte	0x2
 348 00b7 7E010000 		.4byte	.LASF16
 349 00bb 04       		.uleb128 0x4
 350 00bc FF000000 		.4byte	.LASF17
 351 00c0 05       		.byte	0x5
 352 00c1 2C       		.byte	0x2c
 353 00c2 93000000 		.4byte	0x93
 354 00c6 04       		.uleb128 0x4
 355 00c7 92000000 		.4byte	.LASF18
 356 00cb 05       		.byte	0x5
 357 00cc 2D       		.byte	0x2d
 358 00cd 93000000 		.4byte	0x93
 359 00d1 04       		.uleb128 0x4
 360 00d2 67010000 		.4byte	.LASF19
 361 00d6 05       		.byte	0x5
 362 00d7 2E       		.byte	0x2e
 363 00d8 93000000 		.4byte	0x93
 364 00dc 04       		.uleb128 0x4
 365 00dd 75000000 		.4byte	.LASF20
 366 00e1 05       		.byte	0x5
 367 00e2 2F       		.byte	0x2f
 368 00e3 93000000 		.4byte	0x93
 369 00e7 04       		.uleb128 0x4
 370 00e8 76010000 		.4byte	.LASF21
 371 00ec 05       		.byte	0x5
 372 00ed 30       		.byte	0x30
 373 00ee A9000000 		.4byte	0xa9
 374 00f2 04       		.uleb128 0x4
 375 00f3 F1000000 		.4byte	.LASF22
 376 00f7 05       		.byte	0x5
 377 00f8 31       		.byte	0x31
 378 00f9 9E000000 		.4byte	0x9e
 379 00fd 04       		.uleb128 0x4
 380 00fe 13010000 		.4byte	.LASF23
 381 0102 05       		.byte	0x5
 382 0103 33       		.byte	0x33
 383 0104 A9000000 		.4byte	0xa9
 384 0108 04       		.uleb128 0x4
 385 0109 19030000 		.4byte	.LASF24
 386 010d 05       		.byte	0x5
 387 010e 35       		.byte	0x35
 388 010f A9000000 		.4byte	0xa9
 389 0113 04       		.uleb128 0x4
 390 0114 B7020000 		.4byte	.LASF25
 391 0118 06       		.byte	0x6
 392 0119 2A       		.byte	0x2a
 393 011a 1E010000 		.4byte	0x11e
 394 011e 05       		.uleb128 0x5
 395 011f B7020000 		.4byte	.LASF25
 396 0123 48       		.byte	0x48
 397 0124 07       		.byte	0x7
 398 0125 5E       		.byte	0x5e
 399 0126 1B020000 		.4byte	0x21b
ARM GAS  /tmp/cc9qUCth.s 			page 8


 400 012a 06       		.uleb128 0x6
 401 012b A8020000 		.4byte	.LASF26
 402 012f 07       		.byte	0x7
 403 0130 5F       		.byte	0x5f
 404 0131 3C020000 		.4byte	0x23c
 405 0135 00       		.byte	0
 406 0136 06       		.uleb128 0x6
 407 0137 6F010000 		.4byte	.LASF27
 408 013b 07       		.byte	0x7
 409 013c 61       		.byte	0x61
 410 013d 3C020000 		.4byte	0x23c
 411 0141 04       		.byte	0x4
 412 0142 06       		.uleb128 0x6
 413 0143 44000000 		.4byte	.LASF28
 414 0147 07       		.byte	0x7
 415 0148 63       		.byte	0x63
 416 0149 E7000000 		.4byte	0xe7
 417 014d 08       		.byte	0x8
 418 014e 06       		.uleb128 0x6
 419 014f F3030000 		.4byte	.LASF29
 420 0153 07       		.byte	0x7
 421 0154 64       		.byte	0x64
 422 0155 F6020000 		.4byte	0x2f6
 423 0159 0C       		.byte	0xc
 424 015a 06       		.uleb128 0x6
 425 015b 9B000000 		.4byte	.LASF30
 426 015f 07       		.byte	0x7
 427 0160 66       		.byte	0x66
 428 0161 3C020000 		.4byte	0x23c
 429 0165 10       		.byte	0x10
 430 0166 06       		.uleb128 0x6
 431 0167 3A010000 		.4byte	.LASF31
 432 016b 07       		.byte	0x7
 433 016c 67       		.byte	0x67
 434 016d 3C020000 		.4byte	0x23c
 435 0171 14       		.byte	0x14
 436 0172 06       		.uleb128 0x6
 437 0173 C8030000 		.4byte	.LASF32
 438 0177 07       		.byte	0x7
 439 0178 6E       		.byte	0x6e
 440 0179 F6030000 		.4byte	0x3f6
 441 017d 18       		.byte	0x18
 442 017e 06       		.uleb128 0x6
 443 017f AE010000 		.4byte	.LASF33
 444 0183 07       		.byte	0x7
 445 0184 79       		.byte	0x79
 446 0185 C6000000 		.4byte	0xc6
 447 0189 1C       		.byte	0x1c
 448 018a 06       		.uleb128 0x6
 449 018b AF020000 		.4byte	.LASF34
 450 018f 07       		.byte	0x7
 451 0190 7D       		.byte	0x7d
 452 0191 BB000000 		.4byte	0xbb
 453 0195 1D       		.byte	0x1d
 454 0196 06       		.uleb128 0x6
 455 0197 A2030000 		.4byte	.LASF35
 456 019b 07       		.byte	0x7
ARM GAS  /tmp/cc9qUCth.s 			page 9


 457 019c 82       		.byte	0x82
 458 019d D1000000 		.4byte	0xd1
 459 01a1 1E       		.byte	0x1e
 460 01a2 06       		.uleb128 0x6
 461 01a3 B6010000 		.4byte	.LASF36
 462 01a7 07       		.byte	0x7
 463 01a8 88       		.byte	0x88
 464 01a9 DC000000 		.4byte	0xdc
 465 01ad 1F       		.byte	0x1f
 466 01ae 06       		.uleb128 0x6
 467 01af 38030000 		.4byte	.LASF37
 468 01b3 07       		.byte	0x7
 469 01b4 8F       		.byte	0x8f
 470 01b5 1E030000 		.4byte	0x31e
 471 01b9 20       		.byte	0x20
 472 01ba 07       		.uleb128 0x7
 473 01bb 705F7500 		.ascii	"p_u\000"
 474 01bf 07       		.byte	0x7
 475 01c0 B4       		.byte	0xb4
 476 01c1 C1030000 		.4byte	0x3c1
 477 01c5 24       		.byte	0x24
 478 01c6 06       		.uleb128 0x6
 479 01c7 F9030000 		.4byte	.LASF38
 480 01cb 07       		.byte	0x7
 481 01cc B9       		.byte	0xb9
 482 01cd 62020000 		.4byte	0x262
 483 01d1 28       		.byte	0x28
 484 01d2 06       		.uleb128 0x6
 485 01d3 80030000 		.4byte	.LASF39
 486 01d7 07       		.byte	0x7
 487 01d8 BF       		.byte	0xbf
 488 01d9 42020000 		.4byte	0x242
 489 01dd 2C       		.byte	0x2c
 490 01de 06       		.uleb128 0x6
 491 01df 00000000 		.4byte	.LASF40
 492 01e3 07       		.byte	0x7
 493 01e4 C3       		.byte	0xc3
 494 01e5 F2000000 		.4byte	0xf2
 495 01e9 34       		.byte	0x34
 496 01ea 06       		.uleb128 0x6
 497 01eb D9020000 		.4byte	.LASF41
 498 01ef 07       		.byte	0x7
 499 01f0 C9       		.byte	0xc9
 500 01f1 FD000000 		.4byte	0xfd
 501 01f5 38       		.byte	0x38
 502 01f6 06       		.uleb128 0x6
 503 01f7 9A010000 		.4byte	.LASF42
 504 01fb 07       		.byte	0x7
 505 01fc D0       		.byte	0xd0
 506 01fd 08040000 		.4byte	0x408
 507 0201 3C       		.byte	0x3c
 508 0202 06       		.uleb128 0x6
 509 0203 23030000 		.4byte	.LASF43
 510 0207 07       		.byte	0x7
 511 0208 D4       		.byte	0xd4
 512 0209 E7000000 		.4byte	0xe7
 513 020d 40       		.byte	0x40
ARM GAS  /tmp/cc9qUCth.s 			page 10


 514 020e 06       		.uleb128 0x6
 515 020f 65000000 		.4byte	.LASF44
 516 0213 07       		.byte	0x7
 517 0214 DA       		.byte	0xda
 518 0215 78020000 		.4byte	0x278
 519 0219 44       		.byte	0x44
 520 021a 00       		.byte	0
 521 021b 08       		.uleb128 0x8
 522 021c 08       		.byte	0x8
 523 021d 06       		.byte	0x6
 524 021e 61       		.byte	0x61
 525 021f 3C020000 		.4byte	0x23c
 526 0223 06       		.uleb128 0x6
 527 0224 A8020000 		.4byte	.LASF26
 528 0228 06       		.byte	0x6
 529 0229 62       		.byte	0x62
 530 022a 3C020000 		.4byte	0x23c
 531 022e 00       		.byte	0
 532 022f 06       		.uleb128 0x6
 533 0230 6F010000 		.4byte	.LASF27
 534 0234 06       		.byte	0x6
 535 0235 64       		.byte	0x64
 536 0236 3C020000 		.4byte	0x23c
 537 023a 04       		.byte	0x4
 538 023b 00       		.byte	0
 539 023c 09       		.uleb128 0x9
 540 023d 04       		.byte	0x4
 541 023e 13010000 		.4byte	0x113
 542 0242 04       		.uleb128 0x4
 543 0243 48010000 		.4byte	.LASF45
 544 0247 06       		.byte	0x6
 545 0248 66       		.byte	0x66
 546 0249 1B020000 		.4byte	0x21b
 547 024d 08       		.uleb128 0x8
 548 024e 04       		.byte	0x4
 549 024f 06       		.byte	0x6
 550 0250 6B       		.byte	0x6b
 551 0251 62020000 		.4byte	0x262
 552 0255 06       		.uleb128 0x6
 553 0256 A8020000 		.4byte	.LASF26
 554 025a 06       		.byte	0x6
 555 025b 6D       		.byte	0x6d
 556 025c 3C020000 		.4byte	0x23c
 557 0260 00       		.byte	0
 558 0261 00       		.byte	0
 559 0262 04       		.uleb128 0x4
 560 0263 07010000 		.4byte	.LASF46
 561 0267 06       		.byte	0x6
 562 0268 70       		.byte	0x70
 563 0269 4D020000 		.4byte	0x24d
 564 026d 04       		.uleb128 0x4
 565 026e AE000000 		.4byte	.LASF47
 566 0272 08       		.byte	0x8
 567 0273 E5       		.byte	0xe5
 568 0274 78020000 		.4byte	0x278
 569 0278 0A       		.uleb128 0xa
 570 0279 04       		.byte	0x4
ARM GAS  /tmp/cc9qUCth.s 			page 11


 571 027a 0B       		.uleb128 0xb
 572 027b 79030000 		.4byte	.LASF48
 573 027f 24       		.byte	0x24
 574 0280 08       		.byte	0x8
 575 0281 0C01     		.2byte	0x10c
 576 0283 F6020000 		.4byte	0x2f6
 577 0287 0C       		.uleb128 0xc
 578 0288 723400   		.ascii	"r4\000"
 579 028b 08       		.byte	0x8
 580 028c 1F01     		.2byte	0x11f
 581 028e 6D020000 		.4byte	0x26d
 582 0292 00       		.byte	0
 583 0293 0C       		.uleb128 0xc
 584 0294 723500   		.ascii	"r5\000"
 585 0297 08       		.byte	0x8
 586 0298 2001     		.2byte	0x120
 587 029a 6D020000 		.4byte	0x26d
 588 029e 04       		.byte	0x4
 589 029f 0C       		.uleb128 0xc
 590 02a0 723600   		.ascii	"r6\000"
 591 02a3 08       		.byte	0x8
 592 02a4 2101     		.2byte	0x121
 593 02a6 6D020000 		.4byte	0x26d
 594 02aa 08       		.byte	0x8
 595 02ab 0C       		.uleb128 0xc
 596 02ac 723700   		.ascii	"r7\000"
 597 02af 08       		.byte	0x8
 598 02b0 2201     		.2byte	0x122
 599 02b2 6D020000 		.4byte	0x26d
 600 02b6 0C       		.byte	0xc
 601 02b7 0C       		.uleb128 0xc
 602 02b8 723800   		.ascii	"r8\000"
 603 02bb 08       		.byte	0x8
 604 02bc 2301     		.2byte	0x123
 605 02be 6D020000 		.4byte	0x26d
 606 02c2 10       		.byte	0x10
 607 02c3 0C       		.uleb128 0xc
 608 02c4 723900   		.ascii	"r9\000"
 609 02c7 08       		.byte	0x8
 610 02c8 2401     		.2byte	0x124
 611 02ca 6D020000 		.4byte	0x26d
 612 02ce 14       		.byte	0x14
 613 02cf 0C       		.uleb128 0xc
 614 02d0 72313000 		.ascii	"r10\000"
 615 02d4 08       		.byte	0x8
 616 02d5 2501     		.2byte	0x125
 617 02d7 6D020000 		.4byte	0x26d
 618 02db 18       		.byte	0x18
 619 02dc 0C       		.uleb128 0xc
 620 02dd 72313100 		.ascii	"r11\000"
 621 02e1 08       		.byte	0x8
 622 02e2 2601     		.2byte	0x126
 623 02e4 6D020000 		.4byte	0x26d
 624 02e8 1C       		.byte	0x1c
 625 02e9 0C       		.uleb128 0xc
 626 02ea 6C7200   		.ascii	"lr\000"
 627 02ed 08       		.byte	0x8
ARM GAS  /tmp/cc9qUCth.s 			page 12


 628 02ee 2701     		.2byte	0x127
 629 02f0 6D020000 		.4byte	0x26d
 630 02f4 20       		.byte	0x20
 631 02f5 00       		.byte	0
 632 02f6 0B       		.uleb128 0xb
 633 02f7 D6000000 		.4byte	.LASF49
 634 02fb 04       		.byte	0x4
 635 02fc 08       		.byte	0x8
 636 02fd 3101     		.2byte	0x131
 637 02ff 11030000 		.4byte	0x311
 638 0303 0C       		.uleb128 0xc
 639 0304 72313300 		.ascii	"r13\000"
 640 0308 08       		.byte	0x8
 641 0309 3201     		.2byte	0x132
 642 030b 11030000 		.4byte	0x311
 643 030f 00       		.byte	0
 644 0310 00       		.byte	0
 645 0311 09       		.uleb128 0x9
 646 0312 04       		.byte	0x4
 647 0313 7A020000 		.4byte	0x27a
 648 0317 03       		.uleb128 0x3
 649 0318 04       		.byte	0x4
 650 0319 07       		.byte	0x7
 651 031a 25010000 		.4byte	.LASF50
 652 031e 0D       		.uleb128 0xd
 653 031f 08010000 		.4byte	0x108
 654 0323 08       		.uleb128 0x8
 655 0324 1C       		.byte	0x1c
 656 0325 09       		.byte	0x9
 657 0326 5E       		.byte	0x5e
 658 0327 74030000 		.4byte	0x374
 659 032b 06       		.uleb128 0x6
 660 032c ED020000 		.4byte	.LASF51
 661 0330 09       		.byte	0x9
 662 0331 5F       		.byte	0x5f
 663 0332 42020000 		.4byte	0x242
 664 0336 00       		.byte	0
 665 0337 06       		.uleb128 0x6
 666 0338 C0010000 		.4byte	.LASF52
 667 033c 09       		.byte	0x9
 668 033d 60       		.byte	0x60
 669 033e E7000000 		.4byte	0xe7
 670 0342 08       		.byte	0x8
 671 0343 06       		.uleb128 0x6
 672 0344 42010000 		.4byte	.LASF53
 673 0348 09       		.byte	0x9
 674 0349 62       		.byte	0x62
 675 034a F6020000 		.4byte	0x2f6
 676 034e 0C       		.byte	0xc
 677 034f 06       		.uleb128 0x6
 678 0350 F7000000 		.4byte	.LASF54
 679 0354 09       		.byte	0x9
 680 0355 65       		.byte	0x65
 681 0356 3C020000 		.4byte	0x23c
 682 035a 10       		.byte	0x10
 683 035b 06       		.uleb128 0x6
 684 035c 5F010000 		.4byte	.LASF55
ARM GAS  /tmp/cc9qUCth.s 			page 13


 685 0360 09       		.byte	0x9
 686 0361 66       		.byte	0x66
 687 0362 3C020000 		.4byte	0x23c
 688 0366 14       		.byte	0x14
 689 0367 06       		.uleb128 0x6
 690 0368 55010000 		.4byte	.LASF56
 691 036c 09       		.byte	0x9
 692 036d 69       		.byte	0x69
 693 036e 3C020000 		.4byte	0x23c
 694 0372 18       		.byte	0x18
 695 0373 00       		.byte	0
 696 0374 04       		.uleb128 0x4
 697 0375 A9030000 		.4byte	.LASF57
 698 0379 09       		.byte	0x9
 699 037a 6B       		.byte	0x6b
 700 037b 23030000 		.4byte	0x323
 701 037f 05       		.uleb128 0x5
 702 0380 1F010000 		.4byte	.LASF58
 703 0384 10       		.byte	0x10
 704 0385 0A       		.byte	0xa
 705 0386 2C       		.byte	0x2c
 706 0387 B0030000 		.4byte	0x3b0
 707 038b 06       		.uleb128 0x6
 708 038c 6D000000 		.4byte	.LASF59
 709 0390 0A       		.byte	0xa
 710 0391 2D       		.byte	0x2d
 711 0392 42020000 		.4byte	0x242
 712 0396 00       		.byte	0
 713 0397 06       		.uleb128 0x6
 714 0398 EB030000 		.4byte	.LASF60
 715 039c 0A       		.byte	0xa
 716 039d 2F       		.byte	0x2f
 717 039e 3C020000 		.4byte	0x23c
 718 03a2 08       		.byte	0x8
 719 03a3 06       		.uleb128 0x6
 720 03a4 12030000 		.4byte	.LASF61
 721 03a8 0A       		.byte	0xa
 722 03a9 31       		.byte	0x31
 723 03aa B0030000 		.4byte	0x3b0
 724 03ae 0C       		.byte	0xc
 725 03af 00       		.byte	0
 726 03b0 09       		.uleb128 0x9
 727 03b1 04       		.byte	0x4
 728 03b2 7F030000 		.4byte	0x37f
 729 03b6 04       		.uleb128 0x4
 730 03b7 1F010000 		.4byte	.LASF58
 731 03bb 0A       		.byte	0xa
 732 03bc 33       		.byte	0x33
 733 03bd 7F030000 		.4byte	0x37f
 734 03c1 0E       		.uleb128 0xe
 735 03c2 04       		.byte	0x4
 736 03c3 07       		.byte	0x7
 737 03c4 96       		.byte	0x96
 738 03c5 F6030000 		.4byte	0x3f6
 739 03c9 0F       		.uleb128 0xf
 740 03ca 13000000 		.4byte	.LASF62
 741 03ce 07       		.byte	0x7
ARM GAS  /tmp/cc9qUCth.s 			page 14


 742 03cf 9D       		.byte	0x9d
 743 03d0 F2000000 		.4byte	0xf2
 744 03d4 0F       		.uleb128 0xf
 745 03d5 3B000000 		.4byte	.LASF63
 746 03d9 07       		.byte	0x7
 747 03da A4       		.byte	0xa4
 748 03db F2000000 		.4byte	0xf2
 749 03df 0F       		.uleb128 0xf
 750 03e0 C1030000 		.4byte	.LASF64
 751 03e4 07       		.byte	0x7
 752 03e5 AB       		.byte	0xab
 753 03e6 78020000 		.4byte	0x278
 754 03ea 0F       		.uleb128 0xf
 755 03eb A1020000 		.4byte	.LASF65
 756 03ef 07       		.byte	0x7
 757 03f0 B2       		.byte	0xb2
 758 03f1 FD000000 		.4byte	0xfd
 759 03f5 00       		.byte	0
 760 03f6 09       		.uleb128 0x9
 761 03f7 04       		.byte	0x4
 762 03f8 03040000 		.4byte	0x403
 763 03fc 03       		.uleb128 0x3
 764 03fd 01       		.byte	0x1
 765 03fe 08       		.byte	0x8
 766 03ff 01030000 		.4byte	.LASF66
 767 0403 10       		.uleb128 0x10
 768 0404 FC030000 		.4byte	0x3fc
 769 0408 09       		.uleb128 0x9
 770 0409 04       		.byte	0x4
 771 040a B6030000 		.4byte	0x3b6
 772 040e 11       		.uleb128 0x11
 773 040f 06000000 		.4byte	.LASF75
 774 0413 02       		.byte	0x2
 775 0414 34       		.byte	0x34
 776 0415 03       		.byte	0x3
 777 0416 30040000 		.4byte	0x430
 778 041a 12       		.uleb128 0x12
 779 041b 747000   		.ascii	"tp\000"
 780 041e 02       		.byte	0x2
 781 041f 34       		.byte	0x34
 782 0420 3C020000 		.4byte	0x23c
 783 0424 12       		.uleb128 0x12
 784 0425 74717000 		.ascii	"tqp\000"
 785 0429 02       		.byte	0x2
 786 042a 34       		.byte	0x34
 787 042b 30040000 		.4byte	0x430
 788 042f 00       		.byte	0
 789 0430 09       		.uleb128 0x9
 790 0431 04       		.byte	0x4
 791 0432 42020000 		.4byte	0x242
 792 0436 13       		.uleb128 0x13
 793 0437 06030000 		.4byte	.LASF76
 794 043b 02       		.byte	0x2
 795 043c 3B       		.byte	0x3b
 796 043d 3C020000 		.4byte	0x23c
 797 0441 03       		.byte	0x3
 798 0442 5C040000 		.4byte	0x45c
ARM GAS  /tmp/cc9qUCth.s 			page 15


 799 0446 12       		.uleb128 0x12
 800 0447 74717000 		.ascii	"tqp\000"
 801 044b 02       		.byte	0x2
 802 044c 3B       		.byte	0x3b
 803 044d 30040000 		.4byte	0x430
 804 0451 14       		.uleb128 0x14
 805 0452 747000   		.ascii	"tp\000"
 806 0455 02       		.byte	0x2
 807 0456 3C       		.byte	0x3c
 808 0457 3C020000 		.4byte	0x23c
 809 045b 00       		.byte	0
 810 045c 15       		.uleb128 0x15
 811 045d 88000000 		.4byte	.LASF67
 812 0461 01       		.byte	0x1
 813 0462 4B       		.byte	0x4b
 814 0463 F2000000 		.4byte	0xf2
 815 0467 00000000 		.4byte	.LFB7
 816 046b 40000000 		.4byte	.LFE7-.LFB7
 817 046f 01       		.uleb128 0x1
 818 0470 9C       		.byte	0x9c
 819 0471 18050000 		.4byte	0x518
 820 0475 16       		.uleb128 0x16
 821 0476 747000   		.ascii	"tp\000"
 822 0479 01       		.byte	0x1
 823 047a 4B       		.byte	0x4b
 824 047b 3C020000 		.4byte	0x23c
 825 047f 00000000 		.4byte	.LLST0
 826 0483 16       		.uleb128 0x16
 827 0484 6D736700 		.ascii	"msg\000"
 828 0488 01       		.byte	0x1
 829 0489 4B       		.byte	0x4b
 830 048a F2000000 		.4byte	0xf2
 831 048e 38000000 		.4byte	.LLST1
 832 0492 17       		.uleb128 0x17
 833 0493 63747000 		.ascii	"ctp\000"
 834 0497 01       		.byte	0x1
 835 0498 4C       		.byte	0x4c
 836 0499 3C020000 		.4byte	0x23c
 837 049d 01       		.uleb128 0x1
 838 049e 54       		.byte	0x54
 839 049f 18       		.uleb128 0x18
 840 04a0 06000000 		.4byte	.LBB10
 841 04a4 06000000 		.4byte	.LBE10-.LBB10
 842 04a8 BA040000 		.4byte	0x4ba
 843 04ac 17       		.uleb128 0x17
 844 04ad 746D7000 		.ascii	"tmp\000"
 845 04b1 01       		.byte	0x1
 846 04b2 50       		.byte	0x50
 847 04b3 A9000000 		.4byte	0xa9
 848 04b7 01       		.uleb128 0x1
 849 04b8 53       		.byte	0x53
 850 04b9 00       		.byte	0
 851 04ba 19       		.uleb128 0x19
 852 04bb 0E040000 		.4byte	0x40e
 853 04bf 12000000 		.4byte	.LBB11
 854 04c3 00000000 		.4byte	.Ldebug_ranges0+0
 855 04c7 01       		.byte	0x1
ARM GAS  /tmp/cc9qUCth.s 			page 16


 856 04c8 53       		.byte	0x53
 857 04c9 E0040000 		.4byte	0x4e0
 858 04cd 1A       		.uleb128 0x1a
 859 04ce 24040000 		.4byte	0x424
 860 04d2 7D000000 		.4byte	.LLST2
 861 04d6 1A       		.uleb128 0x1a
 862 04d7 1A040000 		.4byte	0x41a
 863 04db 90000000 		.4byte	.LLST3
 864 04df 00       		.byte	0
 865 04e0 18       		.uleb128 0x18
 866 04e1 2C000000 		.4byte	.LBB15
 867 04e5 06000000 		.4byte	.LBE15-.LBB15
 868 04e9 FB040000 		.4byte	0x4fb
 869 04ed 17       		.uleb128 0x17
 870 04ee 746D7000 		.ascii	"tmp\000"
 871 04f2 01       		.byte	0x1
 872 04f3 58       		.byte	0x58
 873 04f4 A9000000 		.4byte	0xa9
 874 04f8 01       		.uleb128 0x1
 875 04f9 53       		.byte	0x53
 876 04fa 00       		.byte	0
 877 04fb 1B       		.uleb128 0x1b
 878 04fc 2A000000 		.4byte	.LVL5
 879 0500 2D060000 		.4byte	0x62d
 880 0504 0E050000 		.4byte	0x50e
 881 0508 1C       		.uleb128 0x1c
 882 0509 01       		.uleb128 0x1
 883 050a 50       		.byte	0x50
 884 050b 01       		.uleb128 0x1
 885 050c 3A       		.byte	0x3a
 886 050d 00       		.byte	0
 887 050e 1D       		.uleb128 0x1d
 888 050f 38000000 		.4byte	.LVL8
 889 0513 38060000 		.4byte	0x638
 890 0517 00       		.byte	0
 891 0518 15       		.uleb128 0x15
 892 0519 98030000 		.4byte	.LASF68
 893 051d 01       		.byte	0x1
 894 051e 6A       		.byte	0x6a
 895 051f 3C020000 		.4byte	0x23c
 896 0523 00000000 		.4byte	.LFB8
 897 0527 3C000000 		.4byte	.LFE8-.LFB8
 898 052b 01       		.uleb128 0x1
 899 052c 9C       		.byte	0x9c
 900 052d A1050000 		.4byte	0x5a1
 901 0531 14       		.uleb128 0x14
 902 0532 747000   		.ascii	"tp\000"
 903 0535 01       		.byte	0x1
 904 0536 6B       		.byte	0x6b
 905 0537 3C020000 		.4byte	0x23c
 906 053b 18       		.uleb128 0x18
 907 053c 02000000 		.4byte	.LBB16
 908 0540 06000000 		.4byte	.LBE16-.LBB16
 909 0544 56050000 		.4byte	0x556
 910 0548 17       		.uleb128 0x17
 911 0549 746D7000 		.ascii	"tmp\000"
 912 054d 01       		.byte	0x1
ARM GAS  /tmp/cc9qUCth.s 			page 17


 913 054e 6D       		.byte	0x6d
 914 054f A9000000 		.4byte	0xa9
 915 0553 01       		.uleb128 0x1
 916 0554 53       		.byte	0x53
 917 0555 00       		.byte	0
 918 0556 19       		.uleb128 0x19
 919 0557 36040000 		.4byte	0x436
 920 055b 16000000 		.4byte	.LBB17
 921 055f 18000000 		.4byte	.Ldebug_ranges0+0x18
 922 0563 01       		.byte	0x1
 923 0564 70       		.byte	0x70
 924 0565 7A050000 		.4byte	0x57a
 925 0569 1E       		.uleb128 0x1e
 926 056a 46040000 		.4byte	0x446
 927 056e 1F       		.uleb128 0x1f
 928 056f 18000000 		.4byte	.Ldebug_ranges0+0x18
 929 0573 20       		.uleb128 0x20
 930 0574 51040000 		.4byte	0x451
 931 0578 00       		.byte	0
 932 0579 00       		.byte	0
 933 057a 21       		.uleb128 0x21
 934 057b 30000000 		.4byte	.Ldebug_ranges0+0x30
 935 057f 91050000 		.4byte	0x591
 936 0583 17       		.uleb128 0x17
 937 0584 746D7000 		.ascii	"tmp\000"
 938 0588 01       		.byte	0x1
 939 0589 72       		.byte	0x72
 940 058a A9000000 		.4byte	0xa9
 941 058e 01       		.uleb128 0x1
 942 058f 53       		.byte	0x53
 943 0590 00       		.byte	0
 944 0591 22       		.uleb128 0x22
 945 0592 2E000000 		.4byte	.LVL12
 946 0596 2D060000 		.4byte	0x62d
 947 059a 1C       		.uleb128 0x1c
 948 059b 01       		.uleb128 0x1
 949 059c 50       		.byte	0x50
 950 059d 01       		.uleb128 0x1
 951 059e 3C       		.byte	0x3c
 952 059f 00       		.byte	0
 953 05a0 00       		.byte	0
 954 05a1 23       		.uleb128 0x23
 955 05a2 BE020000 		.4byte	.LASF77
 956 05a6 01       		.byte	0x1
 957 05a7 80       		.byte	0x80
 958 05a8 00000000 		.4byte	.LFB9
 959 05ac 14000000 		.4byte	.LFE9-.LFB9
 960 05b0 01       		.uleb128 0x1
 961 05b1 9C       		.byte	0x9c
 962 05b2 22060000 		.4byte	0x622
 963 05b6 16       		.uleb128 0x16
 964 05b7 747000   		.ascii	"tp\000"
 965 05ba 01       		.byte	0x1
 966 05bb 80       		.byte	0x80
 967 05bc 3C020000 		.4byte	0x23c
 968 05c0 A3000000 		.4byte	.LLST4
 969 05c4 16       		.uleb128 0x16
ARM GAS  /tmp/cc9qUCth.s 			page 18


 970 05c5 6D736700 		.ascii	"msg\000"
 971 05c9 01       		.byte	0x1
 972 05ca 80       		.byte	0x80
 973 05cb F2000000 		.4byte	0xf2
 974 05cf C4000000 		.4byte	.LLST5
 975 05d3 18       		.uleb128 0x18
 976 05d4 02000000 		.4byte	.LBB23
 977 05d8 06000000 		.4byte	.LBE23-.LBB23
 978 05dc EE050000 		.4byte	0x5ee
 979 05e0 17       		.uleb128 0x17
 980 05e1 746D7000 		.ascii	"tmp\000"
 981 05e5 01       		.byte	0x1
 982 05e6 82       		.byte	0x82
 983 05e7 A9000000 		.4byte	0xa9
 984 05eb 01       		.uleb128 0x1
 985 05ec 53       		.byte	0x53
 986 05ed 00       		.byte	0
 987 05ee 18       		.uleb128 0x18
 988 05ef 0C000000 		.4byte	.LBB24
 989 05f3 08000000 		.4byte	.LBE24-.LBB24
 990 05f7 09060000 		.4byte	0x609
 991 05fb 17       		.uleb128 0x17
 992 05fc 746D7000 		.ascii	"tmp\000"
 993 0600 01       		.byte	0x1
 994 0601 86       		.byte	0x86
 995 0602 A9000000 		.4byte	0xa9
 996 0606 01       		.uleb128 0x1
 997 0607 53       		.byte	0x53
 998 0608 00       		.byte	0
 999 0609 22       		.uleb128 0x22
 1000 060a 0C000000 		.4byte	.LVL14
 1001 060e 43060000 		.4byte	0x643
 1002 0612 1C       		.uleb128 0x1c
 1003 0613 01       		.uleb128 0x1
 1004 0614 50       		.byte	0x50
 1005 0615 03       		.uleb128 0x3
 1006 0616 F3       		.byte	0xf3
 1007 0617 01       		.uleb128 0x1
 1008 0618 50       		.byte	0x50
 1009 0619 1C       		.uleb128 0x1c
 1010 061a 01       		.uleb128 0x1
 1011 061b 51       		.byte	0x51
 1012 061c 03       		.uleb128 0x3
 1013 061d F3       		.byte	0xf3
 1014 061e 01       		.uleb128 0x1
 1015 061f 51       		.byte	0x51
 1016 0620 00       		.byte	0
 1017 0621 00       		.byte	0
 1018 0622 24       		.uleb128 0x24
 1019 0623 B3030000 		.4byte	.LASF78
 1020 0627 09       		.byte	0x9
 1021 0628 6F       		.byte	0x6f
 1022 0629 74030000 		.4byte	0x374
 1023 062d 25       		.uleb128 0x25
 1024 062e CB020000 		.4byte	.LASF69
 1025 0632 CB020000 		.4byte	.LASF69
 1026 0636 09       		.byte	0x9
ARM GAS  /tmp/cc9qUCth.s 			page 19


 1027 0637 93       		.byte	0x93
 1028 0638 25       		.uleb128 0x25
 1029 0639 F5020000 		.4byte	.LASF70
 1030 063d F5020000 		.4byte	.LASF70
 1031 0641 09       		.byte	0x9
 1032 0642 90       		.byte	0x90
 1033 0643 25       		.uleb128 0x25
 1034 0644 8B030000 		.4byte	.LASF71
 1035 0648 8B030000 		.4byte	.LASF71
 1036 064c 09       		.byte	0x9
 1037 064d 99       		.byte	0x99
 1038 064e 00       		.byte	0
 1039              		.section	.debug_abbrev,"",%progbits
 1040              	.Ldebug_abbrev0:
 1041 0000 01       		.uleb128 0x1
 1042 0001 11       		.uleb128 0x11
 1043 0002 01       		.byte	0x1
 1044 0003 25       		.uleb128 0x25
 1045 0004 0E       		.uleb128 0xe
 1046 0005 13       		.uleb128 0x13
 1047 0006 0B       		.uleb128 0xb
 1048 0007 03       		.uleb128 0x3
 1049 0008 0E       		.uleb128 0xe
 1050 0009 1B       		.uleb128 0x1b
 1051 000a 0E       		.uleb128 0xe
 1052 000b 55       		.uleb128 0x55
 1053 000c 17       		.uleb128 0x17
 1054 000d 11       		.uleb128 0x11
 1055 000e 01       		.uleb128 0x1
 1056 000f 10       		.uleb128 0x10
 1057 0010 17       		.uleb128 0x17
 1058 0011 00       		.byte	0
 1059 0012 00       		.byte	0
 1060 0013 02       		.uleb128 0x2
 1061 0014 24       		.uleb128 0x24
 1062 0015 00       		.byte	0
 1063 0016 0B       		.uleb128 0xb
 1064 0017 0B       		.uleb128 0xb
 1065 0018 3E       		.uleb128 0x3e
 1066 0019 0B       		.uleb128 0xb
 1067 001a 03       		.uleb128 0x3
 1068 001b 08       		.uleb128 0x8
 1069 001c 00       		.byte	0
 1070 001d 00       		.byte	0
 1071 001e 03       		.uleb128 0x3
 1072 001f 24       		.uleb128 0x24
 1073 0020 00       		.byte	0
 1074 0021 0B       		.uleb128 0xb
 1075 0022 0B       		.uleb128 0xb
 1076 0023 3E       		.uleb128 0x3e
 1077 0024 0B       		.uleb128 0xb
 1078 0025 03       		.uleb128 0x3
 1079 0026 0E       		.uleb128 0xe
 1080 0027 00       		.byte	0
 1081 0028 00       		.byte	0
 1082 0029 04       		.uleb128 0x4
 1083 002a 16       		.uleb128 0x16
ARM GAS  /tmp/cc9qUCth.s 			page 20


 1084 002b 00       		.byte	0
 1085 002c 03       		.uleb128 0x3
 1086 002d 0E       		.uleb128 0xe
 1087 002e 3A       		.uleb128 0x3a
 1088 002f 0B       		.uleb128 0xb
 1089 0030 3B       		.uleb128 0x3b
 1090 0031 0B       		.uleb128 0xb
 1091 0032 49       		.uleb128 0x49
 1092 0033 13       		.uleb128 0x13
 1093 0034 00       		.byte	0
 1094 0035 00       		.byte	0
 1095 0036 05       		.uleb128 0x5
 1096 0037 13       		.uleb128 0x13
 1097 0038 01       		.byte	0x1
 1098 0039 03       		.uleb128 0x3
 1099 003a 0E       		.uleb128 0xe
 1100 003b 0B       		.uleb128 0xb
 1101 003c 0B       		.uleb128 0xb
 1102 003d 3A       		.uleb128 0x3a
 1103 003e 0B       		.uleb128 0xb
 1104 003f 3B       		.uleb128 0x3b
 1105 0040 0B       		.uleb128 0xb
 1106 0041 01       		.uleb128 0x1
 1107 0042 13       		.uleb128 0x13
 1108 0043 00       		.byte	0
 1109 0044 00       		.byte	0
 1110 0045 06       		.uleb128 0x6
 1111 0046 0D       		.uleb128 0xd
 1112 0047 00       		.byte	0
 1113 0048 03       		.uleb128 0x3
 1114 0049 0E       		.uleb128 0xe
 1115 004a 3A       		.uleb128 0x3a
 1116 004b 0B       		.uleb128 0xb
 1117 004c 3B       		.uleb128 0x3b
 1118 004d 0B       		.uleb128 0xb
 1119 004e 49       		.uleb128 0x49
 1120 004f 13       		.uleb128 0x13
 1121 0050 38       		.uleb128 0x38
 1122 0051 0B       		.uleb128 0xb
 1123 0052 00       		.byte	0
 1124 0053 00       		.byte	0
 1125 0054 07       		.uleb128 0x7
 1126 0055 0D       		.uleb128 0xd
 1127 0056 00       		.byte	0
 1128 0057 03       		.uleb128 0x3
 1129 0058 08       		.uleb128 0x8
 1130 0059 3A       		.uleb128 0x3a
 1131 005a 0B       		.uleb128 0xb
 1132 005b 3B       		.uleb128 0x3b
 1133 005c 0B       		.uleb128 0xb
 1134 005d 49       		.uleb128 0x49
 1135 005e 13       		.uleb128 0x13
 1136 005f 38       		.uleb128 0x38
 1137 0060 0B       		.uleb128 0xb
 1138 0061 00       		.byte	0
 1139 0062 00       		.byte	0
 1140 0063 08       		.uleb128 0x8
ARM GAS  /tmp/cc9qUCth.s 			page 21


 1141 0064 13       		.uleb128 0x13
 1142 0065 01       		.byte	0x1
 1143 0066 0B       		.uleb128 0xb
 1144 0067 0B       		.uleb128 0xb
 1145 0068 3A       		.uleb128 0x3a
 1146 0069 0B       		.uleb128 0xb
 1147 006a 3B       		.uleb128 0x3b
 1148 006b 0B       		.uleb128 0xb
 1149 006c 01       		.uleb128 0x1
 1150 006d 13       		.uleb128 0x13
 1151 006e 00       		.byte	0
 1152 006f 00       		.byte	0
 1153 0070 09       		.uleb128 0x9
 1154 0071 0F       		.uleb128 0xf
 1155 0072 00       		.byte	0
 1156 0073 0B       		.uleb128 0xb
 1157 0074 0B       		.uleb128 0xb
 1158 0075 49       		.uleb128 0x49
 1159 0076 13       		.uleb128 0x13
 1160 0077 00       		.byte	0
 1161 0078 00       		.byte	0
 1162 0079 0A       		.uleb128 0xa
 1163 007a 0F       		.uleb128 0xf
 1164 007b 00       		.byte	0
 1165 007c 0B       		.uleb128 0xb
 1166 007d 0B       		.uleb128 0xb
 1167 007e 00       		.byte	0
 1168 007f 00       		.byte	0
 1169 0080 0B       		.uleb128 0xb
 1170 0081 13       		.uleb128 0x13
 1171 0082 01       		.byte	0x1
 1172 0083 03       		.uleb128 0x3
 1173 0084 0E       		.uleb128 0xe
 1174 0085 0B       		.uleb128 0xb
 1175 0086 0B       		.uleb128 0xb
 1176 0087 3A       		.uleb128 0x3a
 1177 0088 0B       		.uleb128 0xb
 1178 0089 3B       		.uleb128 0x3b
 1179 008a 05       		.uleb128 0x5
 1180 008b 01       		.uleb128 0x1
 1181 008c 13       		.uleb128 0x13
 1182 008d 00       		.byte	0
 1183 008e 00       		.byte	0
 1184 008f 0C       		.uleb128 0xc
 1185 0090 0D       		.uleb128 0xd
 1186 0091 00       		.byte	0
 1187 0092 03       		.uleb128 0x3
 1188 0093 08       		.uleb128 0x8
 1189 0094 3A       		.uleb128 0x3a
 1190 0095 0B       		.uleb128 0xb
 1191 0096 3B       		.uleb128 0x3b
 1192 0097 05       		.uleb128 0x5
 1193 0098 49       		.uleb128 0x49
 1194 0099 13       		.uleb128 0x13
 1195 009a 38       		.uleb128 0x38
 1196 009b 0B       		.uleb128 0xb
 1197 009c 00       		.byte	0
ARM GAS  /tmp/cc9qUCth.s 			page 22


 1198 009d 00       		.byte	0
 1199 009e 0D       		.uleb128 0xd
 1200 009f 35       		.uleb128 0x35
 1201 00a0 00       		.byte	0
 1202 00a1 49       		.uleb128 0x49
 1203 00a2 13       		.uleb128 0x13
 1204 00a3 00       		.byte	0
 1205 00a4 00       		.byte	0
 1206 00a5 0E       		.uleb128 0xe
 1207 00a6 17       		.uleb128 0x17
 1208 00a7 01       		.byte	0x1
 1209 00a8 0B       		.uleb128 0xb
 1210 00a9 0B       		.uleb128 0xb
 1211 00aa 3A       		.uleb128 0x3a
 1212 00ab 0B       		.uleb128 0xb
 1213 00ac 3B       		.uleb128 0x3b
 1214 00ad 0B       		.uleb128 0xb
 1215 00ae 01       		.uleb128 0x1
 1216 00af 13       		.uleb128 0x13
 1217 00b0 00       		.byte	0
 1218 00b1 00       		.byte	0
 1219 00b2 0F       		.uleb128 0xf
 1220 00b3 0D       		.uleb128 0xd
 1221 00b4 00       		.byte	0
 1222 00b5 03       		.uleb128 0x3
 1223 00b6 0E       		.uleb128 0xe
 1224 00b7 3A       		.uleb128 0x3a
 1225 00b8 0B       		.uleb128 0xb
 1226 00b9 3B       		.uleb128 0x3b
 1227 00ba 0B       		.uleb128 0xb
 1228 00bb 49       		.uleb128 0x49
 1229 00bc 13       		.uleb128 0x13
 1230 00bd 00       		.byte	0
 1231 00be 00       		.byte	0
 1232 00bf 10       		.uleb128 0x10
 1233 00c0 26       		.uleb128 0x26
 1234 00c1 00       		.byte	0
 1235 00c2 49       		.uleb128 0x49
 1236 00c3 13       		.uleb128 0x13
 1237 00c4 00       		.byte	0
 1238 00c5 00       		.byte	0
 1239 00c6 11       		.uleb128 0x11
 1240 00c7 2E       		.uleb128 0x2e
 1241 00c8 01       		.byte	0x1
 1242 00c9 03       		.uleb128 0x3
 1243 00ca 0E       		.uleb128 0xe
 1244 00cb 3A       		.uleb128 0x3a
 1245 00cc 0B       		.uleb128 0xb
 1246 00cd 3B       		.uleb128 0x3b
 1247 00ce 0B       		.uleb128 0xb
 1248 00cf 27       		.uleb128 0x27
 1249 00d0 19       		.uleb128 0x19
 1250 00d1 20       		.uleb128 0x20
 1251 00d2 0B       		.uleb128 0xb
 1252 00d3 01       		.uleb128 0x1
 1253 00d4 13       		.uleb128 0x13
 1254 00d5 00       		.byte	0
ARM GAS  /tmp/cc9qUCth.s 			page 23


 1255 00d6 00       		.byte	0
 1256 00d7 12       		.uleb128 0x12
 1257 00d8 05       		.uleb128 0x5
 1258 00d9 00       		.byte	0
 1259 00da 03       		.uleb128 0x3
 1260 00db 08       		.uleb128 0x8
 1261 00dc 3A       		.uleb128 0x3a
 1262 00dd 0B       		.uleb128 0xb
 1263 00de 3B       		.uleb128 0x3b
 1264 00df 0B       		.uleb128 0xb
 1265 00e0 49       		.uleb128 0x49
 1266 00e1 13       		.uleb128 0x13
 1267 00e2 00       		.byte	0
 1268 00e3 00       		.byte	0
 1269 00e4 13       		.uleb128 0x13
 1270 00e5 2E       		.uleb128 0x2e
 1271 00e6 01       		.byte	0x1
 1272 00e7 03       		.uleb128 0x3
 1273 00e8 0E       		.uleb128 0xe
 1274 00e9 3A       		.uleb128 0x3a
 1275 00ea 0B       		.uleb128 0xb
 1276 00eb 3B       		.uleb128 0x3b
 1277 00ec 0B       		.uleb128 0xb
 1278 00ed 27       		.uleb128 0x27
 1279 00ee 19       		.uleb128 0x19
 1280 00ef 49       		.uleb128 0x49
 1281 00f0 13       		.uleb128 0x13
 1282 00f1 20       		.uleb128 0x20
 1283 00f2 0B       		.uleb128 0xb
 1284 00f3 01       		.uleb128 0x1
 1285 00f4 13       		.uleb128 0x13
 1286 00f5 00       		.byte	0
 1287 00f6 00       		.byte	0
 1288 00f7 14       		.uleb128 0x14
 1289 00f8 34       		.uleb128 0x34
 1290 00f9 00       		.byte	0
 1291 00fa 03       		.uleb128 0x3
 1292 00fb 08       		.uleb128 0x8
 1293 00fc 3A       		.uleb128 0x3a
 1294 00fd 0B       		.uleb128 0xb
 1295 00fe 3B       		.uleb128 0x3b
 1296 00ff 0B       		.uleb128 0xb
 1297 0100 49       		.uleb128 0x49
 1298 0101 13       		.uleb128 0x13
 1299 0102 00       		.byte	0
 1300 0103 00       		.byte	0
 1301 0104 15       		.uleb128 0x15
 1302 0105 2E       		.uleb128 0x2e
 1303 0106 01       		.byte	0x1
 1304 0107 3F       		.uleb128 0x3f
 1305 0108 19       		.uleb128 0x19
 1306 0109 03       		.uleb128 0x3
 1307 010a 0E       		.uleb128 0xe
 1308 010b 3A       		.uleb128 0x3a
 1309 010c 0B       		.uleb128 0xb
 1310 010d 3B       		.uleb128 0x3b
 1311 010e 0B       		.uleb128 0xb
ARM GAS  /tmp/cc9qUCth.s 			page 24


 1312 010f 27       		.uleb128 0x27
 1313 0110 19       		.uleb128 0x19
 1314 0111 49       		.uleb128 0x49
 1315 0112 13       		.uleb128 0x13
 1316 0113 11       		.uleb128 0x11
 1317 0114 01       		.uleb128 0x1
 1318 0115 12       		.uleb128 0x12
 1319 0116 06       		.uleb128 0x6
 1320 0117 40       		.uleb128 0x40
 1321 0118 18       		.uleb128 0x18
 1322 0119 9742     		.uleb128 0x2117
 1323 011b 19       		.uleb128 0x19
 1324 011c 01       		.uleb128 0x1
 1325 011d 13       		.uleb128 0x13
 1326 011e 00       		.byte	0
 1327 011f 00       		.byte	0
 1328 0120 16       		.uleb128 0x16
 1329 0121 05       		.uleb128 0x5
 1330 0122 00       		.byte	0
 1331 0123 03       		.uleb128 0x3
 1332 0124 08       		.uleb128 0x8
 1333 0125 3A       		.uleb128 0x3a
 1334 0126 0B       		.uleb128 0xb
 1335 0127 3B       		.uleb128 0x3b
 1336 0128 0B       		.uleb128 0xb
 1337 0129 49       		.uleb128 0x49
 1338 012a 13       		.uleb128 0x13
 1339 012b 02       		.uleb128 0x2
 1340 012c 17       		.uleb128 0x17
 1341 012d 00       		.byte	0
 1342 012e 00       		.byte	0
 1343 012f 17       		.uleb128 0x17
 1344 0130 34       		.uleb128 0x34
 1345 0131 00       		.byte	0
 1346 0132 03       		.uleb128 0x3
 1347 0133 08       		.uleb128 0x8
 1348 0134 3A       		.uleb128 0x3a
 1349 0135 0B       		.uleb128 0xb
 1350 0136 3B       		.uleb128 0x3b
 1351 0137 0B       		.uleb128 0xb
 1352 0138 49       		.uleb128 0x49
 1353 0139 13       		.uleb128 0x13
 1354 013a 02       		.uleb128 0x2
 1355 013b 18       		.uleb128 0x18
 1356 013c 00       		.byte	0
 1357 013d 00       		.byte	0
 1358 013e 18       		.uleb128 0x18
 1359 013f 0B       		.uleb128 0xb
 1360 0140 01       		.byte	0x1
 1361 0141 11       		.uleb128 0x11
 1362 0142 01       		.uleb128 0x1
 1363 0143 12       		.uleb128 0x12
 1364 0144 06       		.uleb128 0x6
 1365 0145 01       		.uleb128 0x1
 1366 0146 13       		.uleb128 0x13
 1367 0147 00       		.byte	0
 1368 0148 00       		.byte	0
ARM GAS  /tmp/cc9qUCth.s 			page 25


 1369 0149 19       		.uleb128 0x19
 1370 014a 1D       		.uleb128 0x1d
 1371 014b 01       		.byte	0x1
 1372 014c 31       		.uleb128 0x31
 1373 014d 13       		.uleb128 0x13
 1374 014e 52       		.uleb128 0x52
 1375 014f 01       		.uleb128 0x1
 1376 0150 55       		.uleb128 0x55
 1377 0151 17       		.uleb128 0x17
 1378 0152 58       		.uleb128 0x58
 1379 0153 0B       		.uleb128 0xb
 1380 0154 59       		.uleb128 0x59
 1381 0155 0B       		.uleb128 0xb
 1382 0156 01       		.uleb128 0x1
 1383 0157 13       		.uleb128 0x13
 1384 0158 00       		.byte	0
 1385 0159 00       		.byte	0
 1386 015a 1A       		.uleb128 0x1a
 1387 015b 05       		.uleb128 0x5
 1388 015c 00       		.byte	0
 1389 015d 31       		.uleb128 0x31
 1390 015e 13       		.uleb128 0x13
 1391 015f 02       		.uleb128 0x2
 1392 0160 17       		.uleb128 0x17
 1393 0161 00       		.byte	0
 1394 0162 00       		.byte	0
 1395 0163 1B       		.uleb128 0x1b
 1396 0164 898201   		.uleb128 0x4109
 1397 0167 01       		.byte	0x1
 1398 0168 11       		.uleb128 0x11
 1399 0169 01       		.uleb128 0x1
 1400 016a 31       		.uleb128 0x31
 1401 016b 13       		.uleb128 0x13
 1402 016c 01       		.uleb128 0x1
 1403 016d 13       		.uleb128 0x13
 1404 016e 00       		.byte	0
 1405 016f 00       		.byte	0
 1406 0170 1C       		.uleb128 0x1c
 1407 0171 8A8201   		.uleb128 0x410a
 1408 0174 00       		.byte	0
 1409 0175 02       		.uleb128 0x2
 1410 0176 18       		.uleb128 0x18
 1411 0177 9142     		.uleb128 0x2111
 1412 0179 18       		.uleb128 0x18
 1413 017a 00       		.byte	0
 1414 017b 00       		.byte	0
 1415 017c 1D       		.uleb128 0x1d
 1416 017d 898201   		.uleb128 0x4109
 1417 0180 00       		.byte	0
 1418 0181 11       		.uleb128 0x11
 1419 0182 01       		.uleb128 0x1
 1420 0183 31       		.uleb128 0x31
 1421 0184 13       		.uleb128 0x13
 1422 0185 00       		.byte	0
 1423 0186 00       		.byte	0
 1424 0187 1E       		.uleb128 0x1e
 1425 0188 05       		.uleb128 0x5
ARM GAS  /tmp/cc9qUCth.s 			page 26


 1426 0189 00       		.byte	0
 1427 018a 31       		.uleb128 0x31
 1428 018b 13       		.uleb128 0x13
 1429 018c 00       		.byte	0
 1430 018d 00       		.byte	0
 1431 018e 1F       		.uleb128 0x1f
 1432 018f 0B       		.uleb128 0xb
 1433 0190 01       		.byte	0x1
 1434 0191 55       		.uleb128 0x55
 1435 0192 17       		.uleb128 0x17
 1436 0193 00       		.byte	0
 1437 0194 00       		.byte	0
 1438 0195 20       		.uleb128 0x20
 1439 0196 34       		.uleb128 0x34
 1440 0197 00       		.byte	0
 1441 0198 31       		.uleb128 0x31
 1442 0199 13       		.uleb128 0x13
 1443 019a 00       		.byte	0
 1444 019b 00       		.byte	0
 1445 019c 21       		.uleb128 0x21
 1446 019d 0B       		.uleb128 0xb
 1447 019e 01       		.byte	0x1
 1448 019f 55       		.uleb128 0x55
 1449 01a0 17       		.uleb128 0x17
 1450 01a1 01       		.uleb128 0x1
 1451 01a2 13       		.uleb128 0x13
 1452 01a3 00       		.byte	0
 1453 01a4 00       		.byte	0
 1454 01a5 22       		.uleb128 0x22
 1455 01a6 898201   		.uleb128 0x4109
 1456 01a9 01       		.byte	0x1
 1457 01aa 11       		.uleb128 0x11
 1458 01ab 01       		.uleb128 0x1
 1459 01ac 31       		.uleb128 0x31
 1460 01ad 13       		.uleb128 0x13
 1461 01ae 00       		.byte	0
 1462 01af 00       		.byte	0
 1463 01b0 23       		.uleb128 0x23
 1464 01b1 2E       		.uleb128 0x2e
 1465 01b2 01       		.byte	0x1
 1466 01b3 3F       		.uleb128 0x3f
 1467 01b4 19       		.uleb128 0x19
 1468 01b5 03       		.uleb128 0x3
 1469 01b6 0E       		.uleb128 0xe
 1470 01b7 3A       		.uleb128 0x3a
 1471 01b8 0B       		.uleb128 0xb
 1472 01b9 3B       		.uleb128 0x3b
 1473 01ba 0B       		.uleb128 0xb
 1474 01bb 27       		.uleb128 0x27
 1475 01bc 19       		.uleb128 0x19
 1476 01bd 11       		.uleb128 0x11
 1477 01be 01       		.uleb128 0x1
 1478 01bf 12       		.uleb128 0x12
 1479 01c0 06       		.uleb128 0x6
 1480 01c1 40       		.uleb128 0x40
 1481 01c2 18       		.uleb128 0x18
 1482 01c3 9742     		.uleb128 0x2117
ARM GAS  /tmp/cc9qUCth.s 			page 27


 1483 01c5 19       		.uleb128 0x19
 1484 01c6 01       		.uleb128 0x1
 1485 01c7 13       		.uleb128 0x13
 1486 01c8 00       		.byte	0
 1487 01c9 00       		.byte	0
 1488 01ca 24       		.uleb128 0x24
 1489 01cb 34       		.uleb128 0x34
 1490 01cc 00       		.byte	0
 1491 01cd 03       		.uleb128 0x3
 1492 01ce 0E       		.uleb128 0xe
 1493 01cf 3A       		.uleb128 0x3a
 1494 01d0 0B       		.uleb128 0xb
 1495 01d1 3B       		.uleb128 0x3b
 1496 01d2 0B       		.uleb128 0xb
 1497 01d3 49       		.uleb128 0x49
 1498 01d4 13       		.uleb128 0x13
 1499 01d5 3F       		.uleb128 0x3f
 1500 01d6 19       		.uleb128 0x19
 1501 01d7 3C       		.uleb128 0x3c
 1502 01d8 19       		.uleb128 0x19
 1503 01d9 00       		.byte	0
 1504 01da 00       		.byte	0
 1505 01db 25       		.uleb128 0x25
 1506 01dc 2E       		.uleb128 0x2e
 1507 01dd 00       		.byte	0
 1508 01de 3F       		.uleb128 0x3f
 1509 01df 19       		.uleb128 0x19
 1510 01e0 3C       		.uleb128 0x3c
 1511 01e1 19       		.uleb128 0x19
 1512 01e2 6E       		.uleb128 0x6e
 1513 01e3 0E       		.uleb128 0xe
 1514 01e4 03       		.uleb128 0x3
 1515 01e5 0E       		.uleb128 0xe
 1516 01e6 3A       		.uleb128 0x3a
 1517 01e7 0B       		.uleb128 0xb
 1518 01e8 3B       		.uleb128 0x3b
 1519 01e9 0B       		.uleb128 0xb
 1520 01ea 00       		.byte	0
 1521 01eb 00       		.byte	0
 1522 01ec 00       		.byte	0
 1523              		.section	.debug_loc,"",%progbits
 1524              	.Ldebug_loc0:
 1525              	.LLST0:
 1526 0000 00000000 		.4byte	.LVL0
 1527 0004 24000000 		.4byte	.LVL4
 1528 0008 0100     		.2byte	0x1
 1529 000a 50       		.byte	0x50
 1530 000b 24000000 		.4byte	.LVL4
 1531 000f 34000000 		.4byte	.LVL7
 1532 0013 0300     		.2byte	0x3
 1533 0015 75       		.byte	0x75
 1534 0016 54       		.sleb128 -44
 1535 0017 9F       		.byte	0x9f
 1536 0018 34000000 		.4byte	.LVL7
 1537 001c 37000000 		.4byte	.LVL8-1
 1538 0020 0100     		.2byte	0x1
 1539 0022 50       		.byte	0x50
ARM GAS  /tmp/cc9qUCth.s 			page 28


 1540 0023 37000000 		.4byte	.LVL8-1
 1541 0027 40000000 		.4byte	.LFE7
 1542 002b 0300     		.2byte	0x3
 1543 002d 75       		.byte	0x75
 1544 002e 54       		.sleb128 -44
 1545 002f 9F       		.byte	0x9f
 1546 0030 00000000 		.4byte	0
 1547 0034 00000000 		.4byte	0
 1548              	.LLST1:
 1549 0038 00000000 		.4byte	.LVL0
 1550 003c 24000000 		.4byte	.LVL4
 1551 0040 0100     		.2byte	0x1
 1552 0042 51       		.byte	0x51
 1553 0043 24000000 		.4byte	.LVL4
 1554 0047 2C000000 		.4byte	.LVL6
 1555 004b 0400     		.2byte	0x4
 1556 004d F3       		.byte	0xf3
 1557 004e 01       		.uleb128 0x1
 1558 004f 51       		.byte	0x51
 1559 0050 9F       		.byte	0x9f
 1560 0051 2C000000 		.4byte	.LVL6
 1561 0055 34000000 		.4byte	.LVL7
 1562 0059 0100     		.2byte	0x1
 1563 005b 50       		.byte	0x50
 1564 005c 34000000 		.4byte	.LVL7
 1565 0060 37000000 		.4byte	.LVL8-1
 1566 0064 0100     		.2byte	0x1
 1567 0066 51       		.byte	0x51
 1568 0067 37000000 		.4byte	.LVL8-1
 1569 006b 40000000 		.4byte	.LFE7
 1570 006f 0400     		.2byte	0x4
 1571 0071 F3       		.byte	0xf3
 1572 0072 01       		.uleb128 0x1
 1573 0073 51       		.byte	0x51
 1574 0074 9F       		.byte	0x9f
 1575 0075 00000000 		.4byte	0
 1576 0079 00000000 		.4byte	0
 1577              	.LLST2:
 1578 007d 12000000 		.4byte	.LVL2
 1579 0081 1E000000 		.4byte	.LVL3
 1580 0085 0100     		.2byte	0x1
 1581 0087 55       		.byte	0x55
 1582 0088 00000000 		.4byte	0
 1583 008c 00000000 		.4byte	0
 1584              	.LLST3:
 1585 0090 12000000 		.4byte	.LVL2
 1586 0094 1E000000 		.4byte	.LVL3
 1587 0098 0100     		.2byte	0x1
 1588 009a 54       		.byte	0x54
 1589 009b 00000000 		.4byte	0
 1590 009f 00000000 		.4byte	0
 1591              	.LLST4:
 1592 00a3 00000000 		.4byte	.LVL13
 1593 00a7 0B000000 		.4byte	.LVL14-1
 1594 00ab 0100     		.2byte	0x1
 1595 00ad 50       		.byte	0x50
 1596 00ae 0B000000 		.4byte	.LVL14-1
ARM GAS  /tmp/cc9qUCth.s 			page 29


 1597 00b2 14000000 		.4byte	.LFE9
 1598 00b6 0400     		.2byte	0x4
 1599 00b8 F3       		.byte	0xf3
 1600 00b9 01       		.uleb128 0x1
 1601 00ba 50       		.byte	0x50
 1602 00bb 9F       		.byte	0x9f
 1603 00bc 00000000 		.4byte	0
 1604 00c0 00000000 		.4byte	0
 1605              	.LLST5:
 1606 00c4 00000000 		.4byte	.LVL13
 1607 00c8 0B000000 		.4byte	.LVL14-1
 1608 00cc 0100     		.2byte	0x1
 1609 00ce 51       		.byte	0x51
 1610 00cf 0B000000 		.4byte	.LVL14-1
 1611 00d3 14000000 		.4byte	.LFE9
 1612 00d7 0400     		.2byte	0x4
 1613 00d9 F3       		.byte	0xf3
 1614 00da 01       		.uleb128 0x1
 1615 00db 51       		.byte	0x51
 1616 00dc 9F       		.byte	0x9f
 1617 00dd 00000000 		.4byte	0
 1618 00e1 00000000 		.4byte	0
 1619              		.section	.debug_aranges,"",%progbits
 1620 0000 2C000000 		.4byte	0x2c
 1621 0004 0200     		.2byte	0x2
 1622 0006 00000000 		.4byte	.Ldebug_info0
 1623 000a 04       		.byte	0x4
 1624 000b 00       		.byte	0
 1625 000c 0000     		.2byte	0
 1626 000e 0000     		.2byte	0
 1627 0010 00000000 		.4byte	.LFB7
 1628 0014 40000000 		.4byte	.LFE7-.LFB7
 1629 0018 00000000 		.4byte	.LFB8
 1630 001c 3C000000 		.4byte	.LFE8-.LFB8
 1631 0020 00000000 		.4byte	.LFB9
 1632 0024 14000000 		.4byte	.LFE9-.LFB9
 1633 0028 00000000 		.4byte	0
 1634 002c 00000000 		.4byte	0
 1635              		.section	.debug_ranges,"",%progbits
 1636              	.Ldebug_ranges0:
 1637 0000 12000000 		.4byte	.LBB11
 1638 0004 16000000 		.4byte	.LBE11
 1639 0008 18000000 		.4byte	.LBB14
 1640 000c 1E000000 		.4byte	.LBE14
 1641 0010 00000000 		.4byte	0
 1642 0014 00000000 		.4byte	0
 1643 0018 16000000 		.4byte	.LBB17
 1644 001c 1A000000 		.4byte	.LBE17
 1645 0020 1C000000 		.4byte	.LBB20
 1646 0024 1E000000 		.4byte	.LBE20
 1647 0028 00000000 		.4byte	0
 1648 002c 00000000 		.4byte	0
 1649 0030 1E000000 		.4byte	.LBB21
 1650 0034 20000000 		.4byte	.LBE21
 1651 0038 22000000 		.4byte	.LBB22
 1652 003c 26000000 		.4byte	.LBE22
 1653 0040 00000000 		.4byte	0
ARM GAS  /tmp/cc9qUCth.s 			page 30


 1654 0044 00000000 		.4byte	0
 1655 0048 00000000 		.4byte	.LFB7
 1656 004c 40000000 		.4byte	.LFE7
 1657 0050 00000000 		.4byte	.LFB8
 1658 0054 3C000000 		.4byte	.LFE8
 1659 0058 00000000 		.4byte	.LFB9
 1660 005c 14000000 		.4byte	.LFE9
 1661 0060 00000000 		.4byte	0
 1662 0064 00000000 		.4byte	0
 1663              		.section	.debug_line,"",%progbits
 1664              	.Ldebug_line0:
 1665 0000 F5010000 		.section	.debug_str,"MS",%progbits,1
 1665      02008501 
 1665      00000201 
 1665      FB0E0D00 
 1665      01010101 
 1666              	.LASF40:
 1667 0000 705F6D73 		.ascii	"p_msg\000"
 1667      6700
 1668              	.LASF75:
 1669 0006 71756575 		.ascii	"queue_insert\000"
 1669      655F696E 
 1669      73657274 
 1669      00
 1670              	.LASF62:
 1671 0013 7264796D 		.ascii	"rdymsg\000"
 1671      736700
 1672              	.LASF7:
 1673 001a 5F5F7569 		.ascii	"__uint8_t\000"
 1673      6E74385F 
 1673      7400
 1674              	.LASF12:
 1675 0024 6C6F6E67 		.ascii	"long long unsigned int\000"
 1675      206C6F6E 
 1675      6720756E 
 1675      7369676E 
 1675      65642069 
 1676              	.LASF63:
 1677 003b 65786974 		.ascii	"exitcode\000"
 1677      636F6465 
 1677      00
 1678              	.LASF28:
 1679 0044 705F7072 		.ascii	"p_prio\000"
 1679      696F00
 1680              	.LASF1:
 1681 004b 6C6F6E67 		.ascii	"long long int\000"
 1681      206C6F6E 
 1681      6720696E 
 1681      7400
 1682              	.LASF3:
 1683 0059 7369676E 		.ascii	"signed char\000"
 1683      65642063 
 1683      68617200 
 1684              	.LASF44:
 1685 0065 705F6D70 		.ascii	"p_mpool\000"
 1685      6F6F6C00 
 1686              	.LASF59:
ARM GAS  /tmp/cc9qUCth.s 			page 31


 1687 006d 6D5F7175 		.ascii	"m_queue\000"
 1687      65756500 
 1688              	.LASF20:
 1689 0075 74736C69 		.ascii	"tslices_t\000"
 1689      6365735F 
 1689      7400
 1690              	.LASF9:
 1691 007f 6C6F6E67 		.ascii	"long int\000"
 1691      20696E74 
 1691      00
 1692              	.LASF67:
 1693 0088 63684D73 		.ascii	"chMsgSend\000"
 1693      6753656E 
 1693      6400
 1694              	.LASF18:
 1695 0092 74737461 		.ascii	"tstate_t\000"
 1695      74655F74 
 1695      00
 1696              	.LASF30:
 1697 009b 705F6E65 		.ascii	"p_newer\000"
 1697      77657200 
 1698              	.LASF10:
 1699 00a3 5F5F7569 		.ascii	"__uint32_t\000"
 1699      6E743332 
 1699      5F7400
 1700              	.LASF47:
 1701 00ae 72656761 		.ascii	"regarm_t\000"
 1701      726D5F74 
 1701      00
 1702              	.LASF0:
 1703 00b7 756E7369 		.ascii	"unsigned int\000"
 1703      676E6564 
 1703      20696E74 
 1703      00
 1704              	.LASF11:
 1705 00c4 6C6F6E67 		.ascii	"long unsigned int\000"
 1705      20756E73 
 1705      69676E65 
 1705      6420696E 
 1705      7400
 1706              	.LASF49:
 1707 00d6 636F6E74 		.ascii	"context\000"
 1707      65787400 
 1708              	.LASF6:
 1709 00de 73686F72 		.ascii	"short unsigned int\000"
 1709      7420756E 
 1709      7369676E 
 1709      65642069 
 1709      6E7400
 1710              	.LASF22:
 1711 00f1 6D73675F 		.ascii	"msg_t\000"
 1711      7400
 1712              	.LASF54:
 1713 00f7 725F6E65 		.ascii	"r_newer\000"
 1713      77657200 
 1714              	.LASF17:
 1715 00ff 746D6F64 		.ascii	"tmode_t\000"
ARM GAS  /tmp/cc9qUCth.s 			page 32


 1715      655F7400 
 1716              	.LASF46:
 1717 0107 54687265 		.ascii	"ThreadsList\000"
 1717      6164734C 
 1717      69737400 
 1718              	.LASF23:
 1719 0113 6576656E 		.ascii	"eventmask_t\000"
 1719      746D6173 
 1719      6B5F7400 
 1720              	.LASF58:
 1721 011f 4D757465 		.ascii	"Mutex\000"
 1721      7800
 1722              	.LASF50:
 1723 0125 73697A65 		.ascii	"sizetype\000"
 1723      74797065 
 1723      00
 1724              	.LASF2:
 1725 012e 6C6F6E67 		.ascii	"long double\000"
 1725      20646F75 
 1725      626C6500 
 1726              	.LASF31:
 1727 013a 705F6F6C 		.ascii	"p_older\000"
 1727      64657200 
 1728              	.LASF53:
 1729 0142 725F6374 		.ascii	"r_ctx\000"
 1729      7800
 1730              	.LASF45:
 1731 0148 54687265 		.ascii	"ThreadsQueue\000"
 1731      61647351 
 1731      75657565 
 1731      00
 1732              	.LASF56:
 1733 0155 725F6375 		.ascii	"r_current\000"
 1733      7272656E 
 1733      7400
 1734              	.LASF55:
 1735 015f 725F6F6C 		.ascii	"r_older\000"
 1735      64657200 
 1736              	.LASF19:
 1737 0167 74726566 		.ascii	"trefs_t\000"
 1737      735F7400 
 1738              	.LASF27:
 1739 016f 705F7072 		.ascii	"p_prev\000"
 1739      657600
 1740              	.LASF21:
 1741 0176 74707269 		.ascii	"tprio_t\000"
 1741      6F5F7400 
 1742              	.LASF16:
 1743 017e 5F426F6F 		.ascii	"_Bool\000"
 1743      6C00
 1744              	.LASF14:
 1745 0184 696E7433 		.ascii	"int32_t\000"
 1745      325F7400 
 1746              	.LASF4:
 1747 018c 756E7369 		.ascii	"unsigned char\000"
 1747      676E6564 
 1747      20636861 
ARM GAS  /tmp/cc9qUCth.s 			page 33


 1747      7200
 1748              	.LASF42:
 1749 019a 705F6D74 		.ascii	"p_mtxlist\000"
 1749      786C6973 
 1749      7400
 1750              	.LASF5:
 1751 01a4 73686F72 		.ascii	"short int\000"
 1751      7420696E 
 1751      7400
 1752              	.LASF33:
 1753 01ae 705F7374 		.ascii	"p_state\000"
 1753      61746500 
 1754              	.LASF36:
 1755 01b6 705F7072 		.ascii	"p_preempt\000"
 1755      65656D70 
 1755      7400
 1756              	.LASF52:
 1757 01c0 725F7072 		.ascii	"r_prio\000"
 1757      696F00
 1758              	.LASF72:
 1759 01c7 474E5520 		.ascii	"GNU C11 5.3.1 20160307 (release) [ARM/embedded-5-br"
 1759      43313120 
 1759      352E332E 
 1759      31203230 
 1759      31363033 
 1760 01fa 616E6368 		.ascii	"anch revision 234589] -mcpu=cortex-m4 -mno-thumb-in"
 1760      20726576 
 1760      6973696F 
 1760      6E203233 
 1760      34353839 
 1761 022d 74657277 		.ascii	"terwork -mthumb -ggdb -O2 -fomit-frame-pointer -fal"
 1761      6F726B20 
 1761      2D6D7468 
 1761      756D6220 
 1761      2D676764 
 1762 0260 69676E2D 		.ascii	"ign-functions=16 -ffunction-sections -fdata-section"
 1762      66756E63 
 1762      74696F6E 
 1762      733D3136 
 1762      202D6666 
 1763 0293 73202D66 		.ascii	"s -fno-common\000"
 1763      6E6F2D63 
 1763      6F6D6D6F 
 1763      6E00
 1764              	.LASF65:
 1765 02a1 65776D61 		.ascii	"ewmask\000"
 1765      736B00
 1766              	.LASF26:
 1767 02a8 705F6E65 		.ascii	"p_next\000"
 1767      787400
 1768              	.LASF34:
 1769 02af 705F666C 		.ascii	"p_flags\000"
 1769      61677300 
 1770              	.LASF25:
 1771 02b7 54687265 		.ascii	"Thread\000"
 1771      616400
 1772              	.LASF77:
ARM GAS  /tmp/cc9qUCth.s 			page 34


 1773 02be 63684D73 		.ascii	"chMsgRelease\000"
 1773      6752656C 
 1773      65617365 
 1773      00
 1774              	.LASF69:
 1775 02cb 63685363 		.ascii	"chSchGoSleepS\000"
 1775      68476F53 
 1775      6C656570 
 1775      5300
 1776              	.LASF41:
 1777 02d9 705F6570 		.ascii	"p_epending\000"
 1777      656E6469 
 1777      6E6700
 1778              	.LASF15:
 1779 02e4 75696E74 		.ascii	"uint32_t\000"
 1779      33325F74 
 1779      00
 1780              	.LASF51:
 1781 02ed 725F7175 		.ascii	"r_queue\000"
 1781      65756500 
 1782              	.LASF70:
 1783 02f5 63685363 		.ascii	"chSchReadyI\000"
 1783      68526561 
 1783      64794900 
 1784              	.LASF66:
 1785 0301 63686172 		.ascii	"char\000"
 1785      00
 1786              	.LASF76:
 1787 0306 6669666F 		.ascii	"fifo_remove\000"
 1787      5F72656D 
 1787      6F766500 
 1788              	.LASF61:
 1789 0312 6D5F6E65 		.ascii	"m_next\000"
 1789      787400
 1790              	.LASF24:
 1791 0319 73797374 		.ascii	"systime_t\000"
 1791      696D655F 
 1791      7400
 1792              	.LASF43:
 1793 0323 705F7265 		.ascii	"p_realprio\000"
 1793      616C7072 
 1793      696F00
 1794              	.LASF8:
 1795 032e 5F5F696E 		.ascii	"__int32_t\000"
 1795      7433325F 
 1795      7400
 1796              	.LASF37:
 1797 0338 705F7469 		.ascii	"p_time\000"
 1797      6D6500
 1798              	.LASF74:
 1799 033f 2F686F6D 		.ascii	"/home/lithium/Documentos/ChibiOS_2.6.8/demos/PodioV"
 1799      652F6C69 
 1799      74686975 
 1799      6D2F446F 
 1799      63756D65 
 1800 0372 69727475 		.ascii	"irtual\000"
 1800      616C00
ARM GAS  /tmp/cc9qUCth.s 			page 35


 1801              	.LASF48:
 1802 0379 696E7463 		.ascii	"intctx\000"
 1802      747800
 1803              	.LASF39:
 1804 0380 705F6D73 		.ascii	"p_msgqueue\000"
 1804      67717565 
 1804      756500
 1805              	.LASF71:
 1806 038b 63685363 		.ascii	"chSchWakeupS\000"
 1806      6857616B 
 1806      65757053 
 1806      00
 1807              	.LASF68:
 1808 0398 63684D73 		.ascii	"chMsgWait\000"
 1808      67576169 
 1808      7400
 1809              	.LASF35:
 1810 03a2 705F7265 		.ascii	"p_refs\000"
 1810      667300
 1811              	.LASF57:
 1812 03a9 52656164 		.ascii	"ReadyList\000"
 1812      794C6973 
 1812      7400
 1813              	.LASF78:
 1814 03b3 726C6973 		.ascii	"rlist\000"
 1814      7400
 1815              	.LASF13:
 1816 03b9 75696E74 		.ascii	"uint8_t\000"
 1816      385F7400 
 1817              	.LASF64:
 1818 03c1 77746F62 		.ascii	"wtobjp\000"
 1818      6A7000
 1819              	.LASF32:
 1820 03c8 705F6E61 		.ascii	"p_name\000"
 1820      6D6500
 1821              	.LASF73:
 1822 03cf 2E2E2F2E 		.ascii	"../../os/kernel/src/chmsg.c\000"
 1822      2E2F6F73 
 1822      2F6B6572 
 1822      6E656C2F 
 1822      7372632F 
 1823              	.LASF60:
 1824 03eb 6D5F6F77 		.ascii	"m_owner\000"
 1824      6E657200 
 1825              	.LASF29:
 1826 03f3 705F6374 		.ascii	"p_ctx\000"
 1826      7800
 1827              	.LASF38:
 1828 03f9 705F7761 		.ascii	"p_waiting\000"
 1828      6974696E 
 1828      6700
 1829              		.ident	"GCC: (GNU Tools for ARM Embedded Processors) 5.3.1 20160307 (release) [ARM/embedded-5-bran
ARM GAS  /tmp/cc9qUCth.s 			page 36


DEFINED SYMBOLS
                            *ABS*:00000000 chmsg.c
     /tmp/cc9qUCth.s:20     .text.chMsgSend:00000000 $t
     /tmp/cc9qUCth.s:26     .text.chMsgSend:00000000 chMsgSend
     /tmp/cc9qUCth.s:112    .text.chMsgSend:0000003c $d
     /tmp/cc9qUCth.s:117    .text.chMsgWait:00000000 $t
     /tmp/cc9qUCth.s:123    .text.chMsgWait:00000000 chMsgWait
     /tmp/cc9qUCth.s:198    .text.chMsgWait:00000038 $d
     /tmp/cc9qUCth.s:203    .text.chMsgRelease:00000000 $t
     /tmp/cc9qUCth.s:209    .text.chMsgRelease:00000000 chMsgRelease
                     .debug_frame:00000010 $d

UNDEFINED SYMBOLS
chSchGoSleepS
chSchReadyI
rlist
chSchWakeupS
