ARM GAS  /tmp/ccxf20ti.s 			page 1


   1              		.syntax unified
   2              		.cpu cortex-m4
   3              		.fpu softvfp
   4              		.eabi_attribute 20, 1
   5              		.eabi_attribute 21, 1
   6              		.eabi_attribute 23, 3
   7              		.eabi_attribute 24, 1
   8              		.eabi_attribute 25, 1
   9              		.eabi_attribute 26, 1
  10              		.eabi_attribute 30, 2
  11              		.eabi_attribute 34, 1
  12              		.eabi_attribute 18, 4
  13              		.thumb
  14              		.syntax unified
  15              		.file	"chsys.c"
  16              		.text
  17              	.Ltext0:
  18              		.cfi_sections	.debug_frame
  19              		.section	.text._idle_thread,"ax",%progbits
  20              		.align	2
  21              		.p2align 4,,15
  22              		.global	_idle_thread
  23              		.thumb
  24              		.thumb_func
  25              		.type	_idle_thread, %function
  26              	_idle_thread:
  27              	.LFB7:
  28              		.file 1 "../../os/kernel/src/chsys.c"
  29              		.loc 1 61 0
  30              		.cfi_startproc
  31              		@ Volatile: function does not return.
  32              		@ args = 0, pretend = 0, frame = 0
  33              		@ frame_needed = 0, uses_anonymous_args = 0
  34              		@ link register save eliminated.
  35              	.LVL0:
  36              		.loc 1 64 0
  37 0000 024B     		ldr	r3, .L4
  38 0002 034A     		ldr	r2, .L4+4
  39 0004 9B69     		ldr	r3, [r3, #24]
  40 0006 9A61     		str	r2, [r3, #24]
  41              	.L2:
  42 0008 FEE7     		b	.L2
  43              	.L5:
  44 000a 00BF     		.align	2
  45              	.L4:
  46 000c 00000000 		.word	rlist
  47 0010 00000000 		.word	.LC0
  48              		.cfi_endproc
  49              	.LFE7:
  50              		.size	_idle_thread, .-_idle_thread
  51              		.section	.text.chSysInit,"ax",%progbits
  52              		.align	2
  53              		.p2align 4,,15
  54              		.global	chSysInit
  55              		.thumb
  56              		.thumb_func
  57              		.type	chSysInit, %function
ARM GAS  /tmp/ccxf20ti.s 			page 2


  58              	chSysInit:
  59              	.LFB8:
  60              		.loc 1 84 0
  61              		.cfi_startproc
  62              		@ args = 0, pretend = 0, frame = 0
  63              		@ frame_needed = 0, uses_anonymous_args = 0
  64 0000 00B5     		push	{lr}
  65              		.cfi_def_cfa_offset 4
  66              		.cfi_offset 14, -4
  67 0002 83B0     		sub	sp, sp, #12
  68              		.cfi_def_cfa_offset 16
  69              		.loc 1 90 0
  70 0004 FFF7FEFF 		bl	_port_init
  71              	.LVL1:
  72              		.loc 1 91 0
  73 0008 FFF7FEFF 		bl	_scheduler_init
  74              	.LVL2:
  75              		.loc 1 92 0
  76 000c FFF7FEFF 		bl	_vt_init
  77              	.LVL3:
  78              		.loc 1 94 0
  79 0010 FFF7FEFF 		bl	_core_init
  80              	.LVL4:
  81              		.loc 1 97 0
  82 0014 FFF7FEFF 		bl	_heap_init
  83              	.LVL5:
  84              		.loc 1 104 0
  85 0018 4021     		movs	r1, #64
  86 001a 0B48     		ldr	r0, .L8
  87 001c FFF7FEFF 		bl	_thread_init
  88              	.LVL6:
  89 0020 0A49     		ldr	r1, .L8+4
  90              		.loc 1 105 0
  91 0022 0122     		movs	r2, #1
  92              		.loc 1 104 0
  93 0024 8861     		str	r0, [r1, #24]
  94              		.loc 1 105 0
  95 0026 0277     		strb	r2, [r0, #28]
  96              	.LBB2:
  97              		.loc 1 111 0
  98 0028 0023     		movs	r3, #0
  99              		.syntax unified
 100              	@ 111 "../../os/kernel/src/chsys.c" 1
 101 002a 83F31188 		msr     BASEPRI, r3                    
 102 002e 62B6     		cpsie   i
 103              	@ 0 "" 2
 104              		.thumb
 105              		.syntax unified
 106              	.LBE2:
 107              		.loc 1 115 0
 108 0030 8969     		ldr	r1, [r1, #24]
 109 0032 0748     		ldr	r0, .L8+8
 110 0034 8861     		str	r0, [r1, #24]
 111              		.loc 1 121 0
 112 0036 0093     		str	r3, [sp]
 113 0038 E021     		movs	r1, #224
 114 003a 064B     		ldr	r3, .L8+12
ARM GAS  /tmp/ccxf20ti.s 			page 3


 115 003c 0648     		ldr	r0, .L8+16
 116 003e FFF7FEFF 		bl	chThdCreateStatic
 117              	.LVL7:
 118              		.loc 1 124 0
 119 0042 03B0     		add	sp, sp, #12
 120              		.cfi_def_cfa_offset 4
 121              		@ sp needed
 122 0044 5DF804FB 		ldr	pc, [sp], #4
 123              	.L9:
 124              		.align	2
 125              	.L8:
 126 0048 00000000 		.word	.LANCHOR0
 127 004c 00000000 		.word	rlist
 128 0050 00000000 		.word	ch_debug
 129 0054 00000000 		.word	_idle_thread
 130 0058 00000000 		.word	.LANCHOR1
 131              		.cfi_endproc
 132              	.LFE8:
 133              		.size	chSysInit, .-chSysInit
 134              		.section	.text.chSysTimerHandlerI,"ax",%progbits
 135              		.align	2
 136              		.p2align 4,,15
 137              		.global	chSysTimerHandlerI
 138              		.thumb
 139              		.thumb_func
 140              		.type	chSysTimerHandlerI, %function
 141              	chSysTimerHandlerI:
 142              	.LFB9:
 143              		.loc 1 137 0
 144              		.cfi_startproc
 145              		@ args = 0, pretend = 0, frame = 0
 146              		@ frame_needed = 0, uses_anonymous_args = 0
 147 0000 70B5     		push	{r4, r5, r6, lr}
 148              		.cfi_def_cfa_offset 16
 149              		.cfi_offset 4, -16
 150              		.cfi_offset 5, -12
 151              		.cfi_offset 6, -8
 152              		.cfi_offset 14, -4
 153              		.loc 1 143 0
 154 0002 134B     		ldr	r3, .L21
 155 0004 9B69     		ldr	r3, [r3, #24]
 156 0006 DA7F     		ldrb	r2, [r3, #31]	@ zero_extendqisi2
 157 0008 0AB1     		cbz	r2, .L11
 158              		.loc 1 145 0
 159 000a 013A     		subs	r2, r2, #1
 160 000c DA77     		strb	r2, [r3, #31]
 161              	.L11:
 162              		.loc 1 148 0
 163 000e 1A6A     		ldr	r2, [r3, #32]
 164              		.loc 1 150 0
 165 0010 104C     		ldr	r4, .L21+4
 166              		.loc 1 148 0
 167 0012 0132     		adds	r2, r2, #1
 168 0014 1A62     		str	r2, [r3, #32]
 169              		.loc 1 150 0
 170 0016 E368     		ldr	r3, [r4, #12]
 171 0018 2268     		ldr	r2, [r4]
ARM GAS  /tmp/ccxf20ti.s 			page 4


 172 001a 0133     		adds	r3, r3, #1
 173 001c A242     		cmp	r2, r4
 174 001e E360     		str	r3, [r4, #12]
 175 0020 14D0     		beq	.L10
 176              	.LBB3:
 177              		.loc 1 150 0 is_stmt 0 discriminator 1
 178 0022 9668     		ldr	r6, [r2, #8]
 179 0024 013E     		subs	r6, r6, #1
 180 0026 9660     		str	r6, [r2, #8]
 181              	.LVL8:
 182 0028 86B9     		cbnz	r6, .L10
 183              	.L14:
 184              	.LBB4:
 185              		.loc 1 150 0 discriminator 4
 186 002a 1168     		ldr	r1, [r2]
 187 002c D568     		ldr	r5, [r2, #12]
 188              	.LVL9:
 189 002e 2160     		str	r1, [r4]
 190 0030 D660     		str	r6, [r2, #12]
 191              	.LBB5:
 192 0032 0023     		movs	r3, #0
 193              	.LBE5:
 194 0034 4C60     		str	r4, [r1, #4]
 195              	.LBB6:
 196              		.syntax unified
 197              	@ 150 "../../os/kernel/src/chsys.c" 1
 198 0036 83F31188 		msr     BASEPRI, r3
 199              	@ 0 "" 2
 200              		.thumb
 201              		.syntax unified
 202              	.LBE6:
 203 003a 1069     		ldr	r0, [r2, #16]
 204 003c A847     		blx	r5
 205              	.LVL10:
 206              	.LBB7:
 207 003e 2023     		movs	r3, #32
 208              		.syntax unified
 209              	@ 150 "../../os/kernel/src/chsys.c" 1
 210 0040 83F31188 		msr     BASEPRI, r3
 211              	@ 0 "" 2
 212              		.thumb
 213              		.syntax unified
 214              	.LBE7:
 215              	.LBE4:
 216 0044 2268     		ldr	r2, [r4]
 217              	.LVL11:
 218 0046 9368     		ldr	r3, [r2, #8]
 219 0048 002B     		cmp	r3, #0
 220 004a EED0     		beq	.L14
 221              	.LVL12:
 222              	.L10:
 223 004c 70BD     		pop	{r4, r5, r6, pc}
 224              	.L22:
 225 004e 00BF     		.align	2
 226              	.L21:
 227 0050 00000000 		.word	rlist
 228 0054 00000000 		.word	vtlist
ARM GAS  /tmp/ccxf20ti.s 			page 5


 229              	.LBE3:
 230              		.cfi_endproc
 231              	.LFE9:
 232              		.size	chSysTimerHandlerI, .-chSysTimerHandlerI
 233              		.global	_idle_thread_wa
 234              		.section	.rodata.str1.4,"aMS",%progbits,1
 235              		.align	2
 236              	.LC0:
 237 0000 69646C65 		.ascii	"idle\000"
 237      00
 238              		.section	.bss.mainthread.4904,"aw",%nobits
 239              		.align	2
 240              		.set	.LANCHOR0,. + 0
 241              		.type	mainthread.4904, %object
 242              		.size	mainthread.4904, 72
 243              	mainthread.4904:
 244 0000 00000000 		.space	72
 244      00000000 
 244      00000000 
 244      00000000 
 244      00000000 
 245              		.section	.bss._idle_thread_wa,"aw",%nobits
 246              		.align	3
 247              		.set	.LANCHOR1,. + 0
 248              		.type	_idle_thread_wa, %object
 249              		.size	_idle_thread_wa, 224
 250              	_idle_thread_wa:
 251 0000 00000000 		.space	224
 251      00000000 
 251      00000000 
 251      00000000 
 251      00000000 
 252              		.text
 253              	.Letext0:
 254              		.file 2 "/home/lithium/Descargas/gcc-arm-none-eabi-5_3-2016q1/arm-none-eabi/include/machine/_defau
 255              		.file 3 "/home/lithium/Descargas/gcc-arm-none-eabi-5_3-2016q1/arm-none-eabi/include/sys/_stdint.h"
 256              		.file 4 "../../os/ports/GCC/ARMCMx/chtypes.h"
 257              		.file 5 "../../os/kernel/include/chlists.h"
 258              		.file 6 "../../os/kernel/include/chthreads.h"
 259              		.file 7 "../../os/ports/GCC/ARMCMx/chcore_v7m.h"
 260              		.file 8 "../../os/kernel/include/chvt.h"
 261              		.file 9 "../../os/kernel/include/chschd.h"
 262              		.file 10 "../../os/kernel/include/chmtx.h"
 263              		.file 11 "../../os/kernel/include/chregistry.h"
 264              		.file 12 "../../os/kernel/include/chmemcore.h"
 265              		.file 13 "../../os/kernel/include/chheap.h"
 266              		.section	.debug_info,"",%progbits
 267              	.Ldebug_info0:
 268 0000 0A080000 		.4byte	0x80a
 269 0004 0400     		.2byte	0x4
 270 0006 00000000 		.4byte	.Ldebug_abbrev0
 271 000a 04       		.byte	0x4
 272 000b 01       		.uleb128 0x1
 273 000c 44030000 		.4byte	.LASF115
 274 0010 0C       		.byte	0xc
 275 0011 4E050000 		.4byte	.LASF116
 276 0015 D2040000 		.4byte	.LASF117
ARM GAS  /tmp/ccxf20ti.s 			page 6


 277 0019 18000000 		.4byte	.Ldebug_ranges0+0x18
 278 001d 00000000 		.4byte	0
 279 0021 00000000 		.4byte	.Ldebug_line0
 280 0025 02       		.uleb128 0x2
 281 0026 04       		.byte	0x4
 282 0027 05       		.byte	0x5
 283 0028 696E7400 		.ascii	"int\000"
 284 002c 03       		.uleb128 0x3
 285 002d 04       		.byte	0x4
 286 002e 07       		.byte	0x7
 287 002f 6C010000 		.4byte	.LASF0
 288 0033 03       		.uleb128 0x3
 289 0034 08       		.byte	0x8
 290 0035 05       		.byte	0x5
 291 0036 AD000000 		.4byte	.LASF1
 292 003a 03       		.uleb128 0x3
 293 003b 08       		.byte	0x8
 294 003c 04       		.byte	0x4
 295 003d 51020000 		.4byte	.LASF2
 296 0041 03       		.uleb128 0x3
 297 0042 01       		.byte	0x1
 298 0043 06       		.byte	0x6
 299 0044 BB000000 		.4byte	.LASF3
 300 0048 04       		.uleb128 0x4
 301 0049 2C000000 		.4byte	.LASF6
 302 004d 02       		.byte	0x2
 303 004e 1D       		.byte	0x1d
 304 004f 53000000 		.4byte	0x53
 305 0053 03       		.uleb128 0x3
 306 0054 01       		.byte	0x1
 307 0055 08       		.byte	0x8
 308 0056 F2020000 		.4byte	.LASF4
 309 005a 03       		.uleb128 0x3
 310 005b 02       		.byte	0x2
 311 005c 05       		.byte	0x5
 312 005d 15030000 		.4byte	.LASF5
 313 0061 04       		.uleb128 0x4
 314 0062 91040000 		.4byte	.LASF7
 315 0066 02       		.byte	0x2
 316 0067 2B       		.byte	0x2b
 317 0068 6C000000 		.4byte	0x6c
 318 006c 03       		.uleb128 0x3
 319 006d 02       		.byte	0x2
 320 006e 07       		.byte	0x7
 321 006f C8010000 		.4byte	.LASF8
 322 0073 04       		.uleb128 0x4
 323 0074 B8040000 		.4byte	.LASF9
 324 0078 02       		.byte	0x2
 325 0079 3F       		.byte	0x3f
 326 007a 7E000000 		.4byte	0x7e
 327 007e 03       		.uleb128 0x3
 328 007f 04       		.byte	0x4
 329 0080 05       		.byte	0x5
 330 0081 FE000000 		.4byte	.LASF10
 331 0085 04       		.uleb128 0x4
 332 0086 3B010000 		.4byte	.LASF11
 333 008a 02       		.byte	0x2
ARM GAS  /tmp/ccxf20ti.s 			page 7


 334 008b 41       		.byte	0x41
 335 008c 90000000 		.4byte	0x90
 336 0090 03       		.uleb128 0x3
 337 0091 04       		.byte	0x4
 338 0092 07       		.byte	0x7
 339 0093 8E010000 		.4byte	.LASF12
 340 0097 04       		.uleb128 0x4
 341 0098 B7020000 		.4byte	.LASF13
 342 009c 02       		.byte	0x2
 343 009d 5B       		.byte	0x5b
 344 009e A2000000 		.4byte	0xa2
 345 00a2 03       		.uleb128 0x3
 346 00a3 08       		.byte	0x8
 347 00a4 07       		.byte	0x7
 348 00a5 50000000 		.4byte	.LASF14
 349 00a9 04       		.uleb128 0x4
 350 00aa 6A050000 		.4byte	.LASF15
 351 00ae 03       		.byte	0x3
 352 00af 14       		.byte	0x14
 353 00b0 48000000 		.4byte	0x48
 354 00b4 04       		.uleb128 0x4
 355 00b5 10010000 		.4byte	.LASF16
 356 00b9 03       		.byte	0x3
 357 00ba 1A       		.byte	0x1a
 358 00bb 61000000 		.4byte	0x61
 359 00bf 04       		.uleb128 0x4
 360 00c0 EA020000 		.4byte	.LASF17
 361 00c4 03       		.byte	0x3
 362 00c5 1F       		.byte	0x1f
 363 00c6 73000000 		.4byte	0x73
 364 00ca 04       		.uleb128 0x4
 365 00cb 62040000 		.4byte	.LASF18
 366 00cf 03       		.byte	0x3
 367 00d0 20       		.byte	0x20
 368 00d1 85000000 		.4byte	0x85
 369 00d5 04       		.uleb128 0x4
 370 00d6 23000000 		.4byte	.LASF19
 371 00da 03       		.byte	0x3
 372 00db 26       		.byte	0x26
 373 00dc 97000000 		.4byte	0x97
 374 00e0 03       		.uleb128 0x3
 375 00e1 01       		.byte	0x1
 376 00e2 02       		.byte	0x2
 377 00e3 E4020000 		.4byte	.LASF20
 378 00e7 04       		.uleb128 0x4
 379 00e8 E9010000 		.4byte	.LASF21
 380 00ec 04       		.byte	0x4
 381 00ed 2C       		.byte	0x2c
 382 00ee A9000000 		.4byte	0xa9
 383 00f2 04       		.uleb128 0x4
 384 00f3 07010000 		.4byte	.LASF22
 385 00f7 04       		.byte	0x4
 386 00f8 2D       		.byte	0x2d
 387 00f9 A9000000 		.4byte	0xa9
 388 00fd 04       		.uleb128 0x4
 389 00fe C2020000 		.4byte	.LASF23
 390 0102 04       		.byte	0x4
ARM GAS  /tmp/ccxf20ti.s 			page 8


 391 0103 2E       		.byte	0x2e
 392 0104 A9000000 		.4byte	0xa9
 393 0108 04       		.uleb128 0x4
 394 0109 F4000000 		.4byte	.LASF24
 395 010d 04       		.byte	0x4
 396 010e 2F       		.byte	0x2f
 397 010f A9000000 		.4byte	0xa9
 398 0113 04       		.uleb128 0x4
 399 0114 DC020000 		.4byte	.LASF25
 400 0118 04       		.byte	0x4
 401 0119 30       		.byte	0x30
 402 011a CA000000 		.4byte	0xca
 403 011e 04       		.uleb128 0x4
 404 011f DB010000 		.4byte	.LASF26
 405 0123 04       		.byte	0x4
 406 0124 31       		.byte	0x31
 407 0125 BF000000 		.4byte	0xbf
 408 0129 04       		.uleb128 0x4
 409 012a FD010000 		.4byte	.LASF27
 410 012e 04       		.byte	0x4
 411 012f 33       		.byte	0x33
 412 0130 CA000000 		.4byte	0xca
 413 0134 04       		.uleb128 0x4
 414 0135 A3040000 		.4byte	.LASF28
 415 0139 04       		.byte	0x4
 416 013a 35       		.byte	0x35
 417 013b CA000000 		.4byte	0xca
 418 013f 04       		.uleb128 0x4
 419 0140 43040000 		.4byte	.LASF29
 420 0144 05       		.byte	0x5
 421 0145 2A       		.byte	0x2a
 422 0146 4A010000 		.4byte	0x14a
 423 014a 05       		.uleb128 0x5
 424 014b 43040000 		.4byte	.LASF29
 425 014f 48       		.byte	0x48
 426 0150 06       		.byte	0x6
 427 0151 5E       		.byte	0x5e
 428 0152 47020000 		.4byte	0x247
 429 0156 06       		.uleb128 0x6
 430 0157 25040000 		.4byte	.LASF30
 431 015b 06       		.byte	0x6
 432 015c 5F       		.byte	0x5f
 433 015d 68020000 		.4byte	0x268
 434 0161 00       		.byte	0
 435 0162 06       		.uleb128 0x6
 436 0163 D5020000 		.4byte	.LASF31
 437 0167 06       		.byte	0x6
 438 0168 61       		.byte	0x61
 439 0169 68020000 		.4byte	0x268
 440 016d 04       		.byte	0x4
 441 016e 06       		.uleb128 0x6
 442 016f 89000000 		.4byte	.LASF32
 443 0173 06       		.byte	0x6
 444 0174 63       		.byte	0x63
 445 0175 13010000 		.4byte	0x113
 446 0179 08       		.byte	0x8
 447 017a 06       		.uleb128 0x6
ARM GAS  /tmp/ccxf20ti.s 			page 9


 448 017b B0050000 		.4byte	.LASF33
 449 017f 06       		.byte	0x6
 450 0180 64       		.byte	0x64
 451 0181 2D030000 		.4byte	0x32d
 452 0185 0C       		.byte	0xc
 453 0186 06       		.uleb128 0x6
 454 0187 23010000 		.4byte	.LASF34
 455 018b 06       		.byte	0x6
 456 018c 66       		.byte	0x66
 457 018d 68020000 		.4byte	0x268
 458 0191 10       		.byte	0x10
 459 0192 06       		.uleb128 0x6
 460 0193 75020000 		.4byte	.LASF35
 461 0197 06       		.byte	0x6
 462 0198 67       		.byte	0x67
 463 0199 68020000 		.4byte	0x268
 464 019d 14       		.byte	0x14
 465 019e 06       		.uleb128 0x6
 466 019f 84050000 		.4byte	.LASF36
 467 01a3 06       		.byte	0x6
 468 01a4 6E       		.byte	0x6e
 469 01a5 E7040000 		.4byte	0x4e7
 470 01a9 18       		.byte	0x18
 471 01aa 06       		.uleb128 0x6
 472 01ab 1F030000 		.4byte	.LASF37
 473 01af 06       		.byte	0x6
 474 01b0 79       		.byte	0x79
 475 01b1 F2000000 		.4byte	0xf2
 476 01b5 1C       		.byte	0x1c
 477 01b6 06       		.uleb128 0x6
 478 01b7 3B040000 		.4byte	.LASF38
 479 01bb 06       		.byte	0x6
 480 01bc 7D       		.byte	0x7d
 481 01bd E7000000 		.4byte	0xe7
 482 01c1 1D       		.byte	0x1d
 483 01c2 06       		.uleb128 0x6
 484 01c3 37050000 		.4byte	.LASF39
 485 01c7 06       		.byte	0x6
 486 01c8 82       		.byte	0x82
 487 01c9 FD000000 		.4byte	0xfd
 488 01cd 1E       		.byte	0x1e
 489 01ce 06       		.uleb128 0x6
 490 01cf 27030000 		.4byte	.LASF40
 491 01d3 06       		.byte	0x6
 492 01d4 88       		.byte	0x88
 493 01d5 08010000 		.4byte	0x108
 494 01d9 1F       		.byte	0x1f
 495 01da 06       		.uleb128 0x6
 496 01db CB040000 		.4byte	.LASF41
 497 01df 06       		.byte	0x6
 498 01e0 8F       		.byte	0x8f
 499 01e1 04040000 		.4byte	0x404
 500 01e5 20       		.byte	0x20
 501 01e6 07       		.uleb128 0x7
 502 01e7 705F7500 		.ascii	"p_u\000"
 503 01eb 06       		.byte	0x6
 504 01ec B4       		.byte	0xb4
ARM GAS  /tmp/ccxf20ti.s 			page 10


 505 01ed B2040000 		.4byte	0x4b2
 506 01f1 24       		.byte	0x24
 507 01f2 06       		.uleb128 0x6
 508 01f3 B6050000 		.4byte	.LASF42
 509 01f7 06       		.byte	0x6
 510 01f8 B9       		.byte	0xb9
 511 01f9 8E020000 		.4byte	0x28e
 512 01fd 28       		.byte	0x28
 513 01fe 06       		.uleb128 0x6
 514 01ff 13050000 		.4byte	.LASF43
 515 0203 06       		.byte	0x6
 516 0204 BF       		.byte	0xbf
 517 0205 6E020000 		.4byte	0x26e
 518 0209 2C       		.byte	0x2c
 519 020a 06       		.uleb128 0x6
 520 020b 15000000 		.4byte	.LASF44
 521 020f 06       		.byte	0x6
 522 0210 C3       		.byte	0xc3
 523 0211 1E010000 		.4byte	0x11e
 524 0215 34       		.byte	0x34
 525 0216 06       		.uleb128 0x6
 526 0217 57040000 		.4byte	.LASF45
 527 021b 06       		.byte	0x6
 528 021c C9       		.byte	0xc9
 529 021d 29010000 		.4byte	0x129
 530 0221 38       		.byte	0x38
 531 0222 06       		.uleb128 0x6
 532 0223 0B030000 		.4byte	.LASF46
 533 0227 06       		.byte	0x6
 534 0228 D0       		.byte	0xd0
 535 0229 F9040000 		.4byte	0x4f9
 536 022d 3C       		.byte	0x3c
 537 022e 06       		.uleb128 0x6
 538 022f AD040000 		.4byte	.LASF47
 539 0233 06       		.byte	0x6
 540 0234 D4       		.byte	0xd4
 541 0235 13010000 		.4byte	0x113
 542 0239 40       		.byte	0x40
 543 023a 06       		.uleb128 0x6
 544 023b E4000000 		.4byte	.LASF48
 545 023f 06       		.byte	0x6
 546 0240 DA       		.byte	0xda
 547 0241 A4020000 		.4byte	0x2a4
 548 0245 44       		.byte	0x44
 549 0246 00       		.byte	0
 550 0247 08       		.uleb128 0x8
 551 0248 08       		.byte	0x8
 552 0249 05       		.byte	0x5
 553 024a 61       		.byte	0x61
 554 024b 68020000 		.4byte	0x268
 555 024f 06       		.uleb128 0x6
 556 0250 25040000 		.4byte	.LASF30
 557 0254 05       		.byte	0x5
 558 0255 62       		.byte	0x62
 559 0256 68020000 		.4byte	0x268
 560 025a 00       		.byte	0
 561 025b 06       		.uleb128 0x6
ARM GAS  /tmp/ccxf20ti.s 			page 11


 562 025c D5020000 		.4byte	.LASF31
 563 0260 05       		.byte	0x5
 564 0261 64       		.byte	0x64
 565 0262 68020000 		.4byte	0x268
 566 0266 04       		.byte	0x4
 567 0267 00       		.byte	0
 568 0268 09       		.uleb128 0x9
 569 0269 04       		.byte	0x4
 570 026a 3F010000 		.4byte	0x13f
 571 026e 04       		.uleb128 0x4
 572 026f 83020000 		.4byte	.LASF49
 573 0273 05       		.byte	0x5
 574 0274 66       		.byte	0x66
 575 0275 47020000 		.4byte	0x247
 576 0279 08       		.uleb128 0x8
 577 027a 04       		.byte	0x4
 578 027b 05       		.byte	0x5
 579 027c 6B       		.byte	0x6b
 580 027d 8E020000 		.4byte	0x28e
 581 0281 06       		.uleb128 0x6
 582 0282 25040000 		.4byte	.LASF30
 583 0286 05       		.byte	0x5
 584 0287 6D       		.byte	0x6d
 585 0288 68020000 		.4byte	0x268
 586 028c 00       		.byte	0
 587 028d 00       		.byte	0
 588 028e 04       		.uleb128 0x4
 589 028f F1010000 		.4byte	.LASF50
 590 0293 05       		.byte	0x5
 591 0294 70       		.byte	0x70
 592 0295 79020000 		.4byte	0x279
 593 0299 04       		.uleb128 0x4
 594 029a 46010000 		.4byte	.LASF51
 595 029e 07       		.byte	0x7
 596 029f E5       		.byte	0xe5
 597 02a0 A4020000 		.4byte	0x2a4
 598 02a4 0A       		.uleb128 0xa
 599 02a5 04       		.byte	0x4
 600 02a6 04       		.uleb128 0x4
 601 02a7 0F020000 		.4byte	.LASF52
 602 02ab 07       		.byte	0x7
 603 02ac EB       		.byte	0xeb
 604 02ad D5000000 		.4byte	0xd5
 605 02b1 0B       		.uleb128 0xb
 606 02b2 0C050000 		.4byte	.LASF53
 607 02b6 24       		.byte	0x24
 608 02b7 07       		.byte	0x7
 609 02b8 0C01     		.2byte	0x10c
 610 02ba 2D030000 		.4byte	0x32d
 611 02be 0C       		.uleb128 0xc
 612 02bf 723400   		.ascii	"r4\000"
 613 02c2 07       		.byte	0x7
 614 02c3 1F01     		.2byte	0x11f
 615 02c5 99020000 		.4byte	0x299
 616 02c9 00       		.byte	0
 617 02ca 0C       		.uleb128 0xc
 618 02cb 723500   		.ascii	"r5\000"
ARM GAS  /tmp/ccxf20ti.s 			page 12


 619 02ce 07       		.byte	0x7
 620 02cf 2001     		.2byte	0x120
 621 02d1 99020000 		.4byte	0x299
 622 02d5 04       		.byte	0x4
 623 02d6 0C       		.uleb128 0xc
 624 02d7 723600   		.ascii	"r6\000"
 625 02da 07       		.byte	0x7
 626 02db 2101     		.2byte	0x121
 627 02dd 99020000 		.4byte	0x299
 628 02e1 08       		.byte	0x8
 629 02e2 0C       		.uleb128 0xc
 630 02e3 723700   		.ascii	"r7\000"
 631 02e6 07       		.byte	0x7
 632 02e7 2201     		.2byte	0x122
 633 02e9 99020000 		.4byte	0x299
 634 02ed 0C       		.byte	0xc
 635 02ee 0C       		.uleb128 0xc
 636 02ef 723800   		.ascii	"r8\000"
 637 02f2 07       		.byte	0x7
 638 02f3 2301     		.2byte	0x123
 639 02f5 99020000 		.4byte	0x299
 640 02f9 10       		.byte	0x10
 641 02fa 0C       		.uleb128 0xc
 642 02fb 723900   		.ascii	"r9\000"
 643 02fe 07       		.byte	0x7
 644 02ff 2401     		.2byte	0x124
 645 0301 99020000 		.4byte	0x299
 646 0305 14       		.byte	0x14
 647 0306 0C       		.uleb128 0xc
 648 0307 72313000 		.ascii	"r10\000"
 649 030b 07       		.byte	0x7
 650 030c 2501     		.2byte	0x125
 651 030e 99020000 		.4byte	0x299
 652 0312 18       		.byte	0x18
 653 0313 0C       		.uleb128 0xc
 654 0314 72313100 		.ascii	"r11\000"
 655 0318 07       		.byte	0x7
 656 0319 2601     		.2byte	0x126
 657 031b 99020000 		.4byte	0x299
 658 031f 1C       		.byte	0x1c
 659 0320 0C       		.uleb128 0xc
 660 0321 6C7200   		.ascii	"lr\000"
 661 0324 07       		.byte	0x7
 662 0325 2701     		.2byte	0x127
 663 0327 99020000 		.4byte	0x299
 664 032b 20       		.byte	0x20
 665 032c 00       		.byte	0
 666 032d 0B       		.uleb128 0xb
 667 032e C0010000 		.4byte	.LASF54
 668 0332 04       		.byte	0x4
 669 0333 07       		.byte	0x7
 670 0334 3101     		.2byte	0x131
 671 0336 48030000 		.4byte	0x348
 672 033a 0C       		.uleb128 0xc
 673 033b 72313300 		.ascii	"r13\000"
 674 033f 07       		.byte	0x7
 675 0340 3201     		.2byte	0x132
ARM GAS  /tmp/ccxf20ti.s 			page 13


 676 0342 48030000 		.4byte	0x348
 677 0346 00       		.byte	0
 678 0347 00       		.byte	0
 679 0348 09       		.uleb128 0x9
 680 0349 04       		.byte	0x4
 681 034a B1020000 		.4byte	0x2b1
 682 034e 03       		.uleb128 0x3
 683 034f 04       		.byte	0x4
 684 0350 07       		.byte	0x7
 685 0351 48020000 		.4byte	.LASF55
 686 0355 04       		.uleb128 0x4
 687 0356 A9010000 		.4byte	.LASF56
 688 035a 08       		.byte	0x8
 689 035b 58       		.byte	0x58
 690 035c 60030000 		.4byte	0x360
 691 0360 09       		.uleb128 0x9
 692 0361 04       		.byte	0x4
 693 0362 66030000 		.4byte	0x366
 694 0366 0D       		.uleb128 0xd
 695 0367 71030000 		.4byte	0x371
 696 036b 0E       		.uleb128 0xe
 697 036c A4020000 		.4byte	0x2a4
 698 0370 00       		.byte	0
 699 0371 04       		.uleb128 0x4
 700 0372 7F040000 		.4byte	.LASF57
 701 0376 08       		.byte	0x8
 702 0377 5D       		.byte	0x5d
 703 0378 7C030000 		.4byte	0x37c
 704 037c 05       		.uleb128 0x5
 705 037d 7F040000 		.4byte	.LASF57
 706 0381 14       		.byte	0x14
 707 0382 08       		.byte	0x8
 708 0383 64       		.byte	0x64
 709 0384 C5030000 		.4byte	0x3c5
 710 0388 06       		.uleb128 0x6
 711 0389 86010000 		.4byte	.LASF58
 712 038d 08       		.byte	0x8
 713 038e 65       		.byte	0x65
 714 038f C5030000 		.4byte	0x3c5
 715 0393 00       		.byte	0
 716 0394 06       		.uleb128 0x6
 717 0395 4F010000 		.4byte	.LASF59
 718 0399 08       		.byte	0x8
 719 039a 67       		.byte	0x67
 720 039b C5030000 		.4byte	0x3c5
 721 039f 04       		.byte	0x4
 722 03a0 06       		.uleb128 0x6
 723 03a1 40020000 		.4byte	.LASF60
 724 03a5 08       		.byte	0x8
 725 03a6 69       		.byte	0x69
 726 03a7 34010000 		.4byte	0x134
 727 03ab 08       		.byte	0x8
 728 03ac 06       		.uleb128 0x6
 729 03ad 1B000000 		.4byte	.LASF61
 730 03b1 08       		.byte	0x8
 731 03b2 6A       		.byte	0x6a
 732 03b3 55030000 		.4byte	0x355
ARM GAS  /tmp/ccxf20ti.s 			page 14


 733 03b7 0C       		.byte	0xc
 734 03b8 06       		.uleb128 0x6
 735 03b9 1E050000 		.4byte	.LASF62
 736 03bd 08       		.byte	0x8
 737 03be 6C       		.byte	0x6c
 738 03bf A4020000 		.4byte	0x2a4
 739 03c3 10       		.byte	0x10
 740 03c4 00       		.byte	0
 741 03c5 09       		.uleb128 0x9
 742 03c6 04       		.byte	0x4
 743 03c7 71030000 		.4byte	0x371
 744 03cb 08       		.uleb128 0x8
 745 03cc 10       		.byte	0x10
 746 03cd 08       		.byte	0x8
 747 03ce 76       		.byte	0x76
 748 03cf 04040000 		.4byte	0x404
 749 03d3 06       		.uleb128 0x6
 750 03d4 86010000 		.4byte	.LASF58
 751 03d8 08       		.byte	0x8
 752 03d9 77       		.byte	0x77
 753 03da C5030000 		.4byte	0x3c5
 754 03de 00       		.byte	0
 755 03df 06       		.uleb128 0x6
 756 03e0 4F010000 		.4byte	.LASF59
 757 03e4 08       		.byte	0x8
 758 03e5 79       		.byte	0x79
 759 03e6 C5030000 		.4byte	0x3c5
 760 03ea 04       		.byte	0x4
 761 03eb 06       		.uleb128 0x6
 762 03ec 40020000 		.4byte	.LASF60
 763 03f0 08       		.byte	0x8
 764 03f1 7B       		.byte	0x7b
 765 03f2 34010000 		.4byte	0x134
 766 03f6 08       		.byte	0x8
 767 03f7 06       		.uleb128 0x6
 768 03f8 8B050000 		.4byte	.LASF63
 769 03fc 08       		.byte	0x8
 770 03fd 7C       		.byte	0x7c
 771 03fe 04040000 		.4byte	0x404
 772 0402 0C       		.byte	0xc
 773 0403 00       		.byte	0
 774 0404 0F       		.uleb128 0xf
 775 0405 34010000 		.4byte	0x134
 776 0409 04       		.uleb128 0x4
 777 040a A1050000 		.4byte	.LASF64
 778 040e 08       		.byte	0x8
 779 040f 7D       		.byte	0x7d
 780 0410 CB030000 		.4byte	0x3cb
 781 0414 08       		.uleb128 0x8
 782 0415 1C       		.byte	0x1c
 783 0416 09       		.byte	0x9
 784 0417 5E       		.byte	0x5e
 785 0418 65040000 		.4byte	0x465
 786 041c 06       		.uleb128 0x6
 787 041d 77040000 		.4byte	.LASF65
 788 0421 09       		.byte	0x9
 789 0422 5F       		.byte	0x5f
ARM GAS  /tmp/ccxf20ti.s 			page 15


 790 0423 6E020000 		.4byte	0x26e
 791 0427 00       		.byte	0
 792 0428 06       		.uleb128 0x6
 793 0429 3D030000 		.4byte	.LASF66
 794 042d 09       		.byte	0x9
 795 042e 60       		.byte	0x60
 796 042f 13010000 		.4byte	0x113
 797 0433 08       		.byte	0x8
 798 0434 06       		.uleb128 0x6
 799 0435 7D020000 		.4byte	.LASF67
 800 0439 09       		.byte	0x9
 801 043a 62       		.byte	0x62
 802 043b 2D030000 		.4byte	0x32d
 803 043f 0C       		.byte	0xc
 804 0440 06       		.uleb128 0x6
 805 0441 E1010000 		.4byte	.LASF68
 806 0445 09       		.byte	0x9
 807 0446 65       		.byte	0x65
 808 0447 68020000 		.4byte	0x268
 809 044b 10       		.byte	0x10
 810 044c 06       		.uleb128 0x6
 811 044d A2020000 		.4byte	.LASF69
 812 0451 09       		.byte	0x9
 813 0452 66       		.byte	0x66
 814 0453 68020000 		.4byte	0x268
 815 0457 14       		.byte	0x14
 816 0458 06       		.uleb128 0x6
 817 0459 98020000 		.4byte	.LASF70
 818 045d 09       		.byte	0x9
 819 045e 69       		.byte	0x69
 820 045f 68020000 		.4byte	0x268
 821 0463 18       		.byte	0x18
 822 0464 00       		.byte	0
 823 0465 04       		.uleb128 0x4
 824 0466 3E050000 		.4byte	.LASF71
 825 046a 09       		.byte	0x9
 826 046b 6B       		.byte	0x6b
 827 046c 14040000 		.4byte	0x414
 828 0470 05       		.uleb128 0x5
 829 0471 09020000 		.4byte	.LASF72
 830 0475 10       		.byte	0x10
 831 0476 0A       		.byte	0xa
 832 0477 2C       		.byte	0x2c
 833 0478 A1040000 		.4byte	0x4a1
 834 047c 06       		.uleb128 0x6
 835 047d EC000000 		.4byte	.LASF73
 836 0481 0A       		.byte	0xa
 837 0482 2D       		.byte	0x2d
 838 0483 6E020000 		.4byte	0x26e
 839 0487 00       		.byte	0
 840 0488 06       		.uleb128 0x6
 841 0489 A8050000 		.4byte	.LASF74
 842 048d 0A       		.byte	0xa
 843 048e 2F       		.byte	0x2f
 844 048f 68020000 		.4byte	0x268
 845 0493 08       		.byte	0x8
 846 0494 06       		.uleb128 0x6
ARM GAS  /tmp/ccxf20ti.s 			page 16


 847 0495 9C040000 		.4byte	.LASF75
 848 0499 0A       		.byte	0xa
 849 049a 31       		.byte	0x31
 850 049b A1040000 		.4byte	0x4a1
 851 049f 0C       		.byte	0xc
 852 04a0 00       		.byte	0
 853 04a1 09       		.uleb128 0x9
 854 04a2 04       		.byte	0x4
 855 04a3 70040000 		.4byte	0x470
 856 04a7 04       		.uleb128 0x4
 857 04a8 09020000 		.4byte	.LASF72
 858 04ac 0A       		.byte	0xa
 859 04ad 33       		.byte	0x33
 860 04ae 70040000 		.4byte	0x470
 861 04b2 10       		.uleb128 0x10
 862 04b3 04       		.byte	0x4
 863 04b4 06       		.byte	0x6
 864 04b5 96       		.byte	0x96
 865 04b6 E7040000 		.4byte	0x4e7
 866 04ba 11       		.uleb128 0x11
 867 04bb 30050000 		.4byte	.LASF76
 868 04bf 06       		.byte	0x6
 869 04c0 9D       		.byte	0x9d
 870 04c1 1E010000 		.4byte	0x11e
 871 04c5 11       		.uleb128 0x11
 872 04c6 75000000 		.4byte	.LASF77
 873 04ca 06       		.byte	0x6
 874 04cb A4       		.byte	0xa4
 875 04cc 1E010000 		.4byte	0x11e
 876 04d0 11       		.uleb128 0x11
 877 04d1 7D050000 		.4byte	.LASF78
 878 04d5 06       		.byte	0x6
 879 04d6 AB       		.byte	0xab
 880 04d7 A4020000 		.4byte	0x2a4
 881 04db 11       		.uleb128 0x11
 882 04dc 1E040000 		.4byte	.LASF79
 883 04e0 06       		.byte	0x6
 884 04e1 B2       		.byte	0xb2
 885 04e2 29010000 		.4byte	0x129
 886 04e6 00       		.byte	0
 887 04e7 09       		.uleb128 0x9
 888 04e8 04       		.byte	0x4
 889 04e9 F4040000 		.4byte	0x4f4
 890 04ed 03       		.uleb128 0x3
 891 04ee 01       		.byte	0x1
 892 04ef 08       		.byte	0x8
 893 04f0 8C040000 		.4byte	.LASF80
 894 04f4 12       		.uleb128 0x12
 895 04f5 ED040000 		.4byte	0x4ed
 896 04f9 09       		.uleb128 0x9
 897 04fa 04       		.byte	0x4
 898 04fb A7040000 		.4byte	0x4a7
 899 04ff 04       		.uleb128 0x4
 900 0500 00000000 		.4byte	.LASF81
 901 0504 06       		.byte	0x6
 902 0505 E5       		.byte	0xe5
 903 0506 0A050000 		.4byte	0x50a
ARM GAS  /tmp/ccxf20ti.s 			page 17


 904 050a 09       		.uleb128 0x9
 905 050b 04       		.byte	0x4
 906 050c 10050000 		.4byte	0x510
 907 0510 13       		.uleb128 0x13
 908 0511 1E010000 		.4byte	0x11e
 909 0515 1F050000 		.4byte	0x51f
 910 0519 0E       		.uleb128 0xe
 911 051a A4020000 		.4byte	0x2a4
 912 051e 00       		.byte	0
 913 051f 08       		.uleb128 0x8
 914 0520 16       		.byte	0x16
 915 0521 0B       		.byte	0xb
 916 0522 2C       		.byte	0x2c
 917 0523 00060000 		.4byte	0x600
 918 0527 06       		.uleb128 0x6
 919 0528 B2010000 		.4byte	.LASF82
 920 052c 0B       		.byte	0xb
 921 052d 2D       		.byte	0x2d
 922 052e 00060000 		.4byte	0x600
 923 0532 00       		.byte	0
 924 0533 06       		.uleb128 0x6
 925 0534 2C020000 		.4byte	.LASF83
 926 0538 0B       		.byte	0xb
 927 0539 2E       		.byte	0x2e
 928 053a A9000000 		.4byte	0xa9
 929 053e 04       		.byte	0x4
 930 053f 06       		.uleb128 0x6
 931 0540 90020000 		.4byte	.LASF84
 932 0544 0B       		.byte	0xb
 933 0545 2F       		.byte	0x2f
 934 0546 A9000000 		.4byte	0xa9
 935 054a 05       		.byte	0x5
 936 054b 06       		.uleb128 0x6
 937 054c 96050000 		.4byte	.LASF85
 938 0550 0B       		.byte	0xb
 939 0551 30       		.byte	0x30
 940 0552 B4000000 		.4byte	0xb4
 941 0556 06       		.byte	0x6
 942 0557 06       		.uleb128 0x6
 943 0558 CA020000 		.4byte	.LASF86
 944 055c 0B       		.byte	0xb
 945 055d 31       		.byte	0x31
 946 055e A9000000 		.4byte	0xa9
 947 0562 08       		.byte	0x8
 948 0563 06       		.uleb128 0x6
 949 0564 5D020000 		.4byte	.LASF87
 950 0568 0B       		.byte	0xb
 951 0569 32       		.byte	0x32
 952 056a A9000000 		.4byte	0xa9
 953 056e 09       		.byte	0x9
 954 056f 06       		.uleb128 0x6
 955 0570 67000000 		.4byte	.LASF88
 956 0574 0B       		.byte	0xb
 957 0575 33       		.byte	0x33
 958 0576 A9000000 		.4byte	0xa9
 959 057a 0A       		.byte	0xa
 960 057b 06       		.uleb128 0x6
ARM GAS  /tmp/ccxf20ti.s 			page 18


 961 057c 6B040000 		.4byte	.LASF89
 962 0580 0B       		.byte	0xb
 963 0581 34       		.byte	0x34
 964 0582 A9000000 		.4byte	0xa9
 965 0586 0B       		.byte	0xb
 966 0587 06       		.uleb128 0x6
 967 0588 25050000 		.4byte	.LASF90
 968 058c 0B       		.byte	0xb
 969 058d 35       		.byte	0x35
 970 058e A9000000 		.4byte	0xa9
 971 0592 0C       		.byte	0xc
 972 0593 06       		.uleb128 0x6
 973 0594 4A040000 		.4byte	.LASF91
 974 0598 0B       		.byte	0xb
 975 0599 36       		.byte	0x36
 976 059a A9000000 		.4byte	0xa9
 977 059e 0D       		.byte	0xd
 978 059f 06       		.uleb128 0x6
 979 05a0 08000000 		.4byte	.LASF92
 980 05a4 0B       		.byte	0xb
 981 05a5 37       		.byte	0x37
 982 05a6 A9000000 		.4byte	0xa9
 983 05aa 0E       		.byte	0xe
 984 05ab 06       		.uleb128 0x6
 985 05ac 69020000 		.4byte	.LASF93
 986 05b0 0B       		.byte	0xb
 987 05b1 38       		.byte	0x38
 988 05b2 A9000000 		.4byte	0xa9
 989 05b6 0F       		.byte	0xf
 990 05b7 06       		.uleb128 0x6
 991 05b8 C7000000 		.4byte	.LASF94
 992 05bc 0B       		.byte	0xb
 993 05bd 39       		.byte	0x39
 994 05be A9000000 		.4byte	0xa9
 995 05c2 10       		.byte	0x10
 996 05c3 06       		.uleb128 0x6
 997 05c4 90000000 		.4byte	.LASF95
 998 05c8 0B       		.byte	0xb
 999 05c9 3B       		.byte	0x3b
 1000 05ca A9000000 		.4byte	0xa9
 1001 05ce 11       		.byte	0x11
 1002 05cf 06       		.uleb128 0x6
 1003 05d0 D7000000 		.4byte	.LASF96
 1004 05d4 0B       		.byte	0xb
 1005 05d5 3C       		.byte	0x3c
 1006 05d6 A9000000 		.4byte	0xa9
 1007 05da 12       		.byte	0x12
 1008 05db 06       		.uleb128 0x6
 1009 05dc 34020000 		.4byte	.LASF97
 1010 05e0 0B       		.byte	0xb
 1011 05e1 3D       		.byte	0x3d
 1012 05e2 A9000000 		.4byte	0xa9
 1013 05e6 13       		.byte	0x13
 1014 05e7 06       		.uleb128 0x6
 1015 05e8 2C040000 		.4byte	.LASF98
 1016 05ec 0B       		.byte	0xb
 1017 05ed 3E       		.byte	0x3e
ARM GAS  /tmp/ccxf20ti.s 			page 19


 1018 05ee A9000000 		.4byte	0xa9
 1019 05f2 14       		.byte	0x14
 1020 05f3 06       		.uleb128 0x6
 1021 05f4 31030000 		.4byte	.LASF99
 1022 05f8 0B       		.byte	0xb
 1023 05f9 40       		.byte	0x40
 1024 05fa A9000000 		.4byte	0xa9
 1025 05fe 15       		.byte	0x15
 1026 05ff 00       		.byte	0
 1027 0600 14       		.uleb128 0x14
 1028 0601 ED040000 		.4byte	0x4ed
 1029 0605 10060000 		.4byte	0x610
 1030 0609 15       		.uleb128 0x15
 1031 060a 4E030000 		.4byte	0x34e
 1032 060e 03       		.byte	0x3
 1033 060f 00       		.byte	0
 1034 0610 04       		.uleb128 0x4
 1035 0611 19010000 		.4byte	.LASF100
 1036 0615 0B       		.byte	0xb
 1037 0616 41       		.byte	0x41
 1038 0617 1F050000 		.4byte	0x51f
 1039 061b 16       		.uleb128 0x16
 1040 061c AA020000 		.4byte	.LASF118
 1041 0620 01       		.byte	0x1
 1042 0621 3D       		.byte	0x3d
 1043 0622 00000000 		.4byte	.LFB7
 1044 0626 14000000 		.4byte	.LFE7-.LFB7
 1045 062a 01       		.uleb128 0x1
 1046 062b 9C       		.byte	0x9c
 1047 062c 3C060000 		.4byte	0x63c
 1048 0630 17       		.uleb128 0x17
 1049 0631 7000     		.ascii	"p\000"
 1050 0633 01       		.byte	0x1
 1051 0634 3D       		.byte	0x3d
 1052 0635 A4020000 		.4byte	0x2a4
 1053 0639 01       		.uleb128 0x1
 1054 063a 50       		.byte	0x50
 1055 063b 00       		.byte	0
 1056 063c 18       		.uleb128 0x18
 1057 063d 57010000 		.4byte	.LASF102
 1058 0641 01       		.byte	0x1
 1059 0642 54       		.byte	0x54
 1060 0643 00000000 		.4byte	.LFB8
 1061 0647 5C000000 		.4byte	.LFE8-.LFB8
 1062 064b 01       		.uleb128 0x1
 1063 064c 9C       		.byte	0x9c
 1064 064d F5060000 		.4byte	0x6f5
 1065 0651 19       		.uleb128 0x19
 1066 0652 7E000000 		.4byte	.LASF101
 1067 0656 01       		.byte	0x1
 1068 0657 55       		.byte	0x55
 1069 0658 3F010000 		.4byte	0x13f
 1070 065c 05       		.uleb128 0x5
 1071 065d 03       		.byte	0x3
 1072 065e 00000000 		.4byte	mainthread.4904
 1073 0662 1A       		.uleb128 0x1a
 1074 0663 28000000 		.4byte	.LBB2
ARM GAS  /tmp/ccxf20ti.s 			page 20


 1075 0667 08000000 		.4byte	.LBE2-.LBB2
 1076 066b 7D060000 		.4byte	0x67d
 1077 066f 1B       		.uleb128 0x1b
 1078 0670 746D7000 		.ascii	"tmp\000"
 1079 0674 01       		.byte	0x1
 1080 0675 6F       		.byte	0x6f
 1081 0676 CA000000 		.4byte	0xca
 1082 067a 01       		.uleb128 0x1
 1083 067b 53       		.byte	0x53
 1084 067c 00       		.byte	0
 1085 067d 1C       		.uleb128 0x1c
 1086 067e 08000000 		.4byte	.LVL1
 1087 0682 BD070000 		.4byte	0x7bd
 1088 0686 1C       		.uleb128 0x1c
 1089 0687 0C000000 		.4byte	.LVL2
 1090 068b C9070000 		.4byte	0x7c9
 1091 068f 1C       		.uleb128 0x1c
 1092 0690 10000000 		.4byte	.LVL3
 1093 0694 D4070000 		.4byte	0x7d4
 1094 0698 1C       		.uleb128 0x1c
 1095 0699 14000000 		.4byte	.LVL4
 1096 069d DF070000 		.4byte	0x7df
 1097 06a1 1C       		.uleb128 0x1c
 1098 06a2 18000000 		.4byte	.LVL5
 1099 06a6 EA070000 		.4byte	0x7ea
 1100 06aa 1D       		.uleb128 0x1d
 1101 06ab 20000000 		.4byte	.LVL6
 1102 06af F5070000 		.4byte	0x7f5
 1103 06b3 C7060000 		.4byte	0x6c7
 1104 06b7 1E       		.uleb128 0x1e
 1105 06b8 01       		.uleb128 0x1
 1106 06b9 50       		.byte	0x50
 1107 06ba 05       		.uleb128 0x5
 1108 06bb 03       		.byte	0x3
 1109 06bc 00000000 		.4byte	.LANCHOR0
 1110 06c0 1E       		.uleb128 0x1e
 1111 06c1 01       		.uleb128 0x1
 1112 06c2 51       		.byte	0x51
 1113 06c3 02       		.uleb128 0x2
 1114 06c4 08       		.byte	0x8
 1115 06c5 40       		.byte	0x40
 1116 06c6 00       		.byte	0
 1117 06c7 1F       		.uleb128 0x1f
 1118 06c8 42000000 		.4byte	.LVL7
 1119 06cc 01080000 		.4byte	0x801
 1120 06d0 1E       		.uleb128 0x1e
 1121 06d1 01       		.uleb128 0x1
 1122 06d2 50       		.byte	0x50
 1123 06d3 05       		.uleb128 0x5
 1124 06d4 03       		.byte	0x3
 1125 06d5 00000000 		.4byte	.LANCHOR1
 1126 06d9 1E       		.uleb128 0x1e
 1127 06da 01       		.uleb128 0x1
 1128 06db 51       		.byte	0x51
 1129 06dc 02       		.uleb128 0x2
 1130 06dd 08       		.byte	0x8
 1131 06de E0       		.byte	0xe0
ARM GAS  /tmp/ccxf20ti.s 			page 21


 1132 06df 1E       		.uleb128 0x1e
 1133 06e0 01       		.uleb128 0x1
 1134 06e1 52       		.byte	0x52
 1135 06e2 01       		.uleb128 0x1
 1136 06e3 31       		.byte	0x31
 1137 06e4 1E       		.uleb128 0x1e
 1138 06e5 01       		.uleb128 0x1
 1139 06e6 53       		.byte	0x53
 1140 06e7 05       		.uleb128 0x5
 1141 06e8 03       		.byte	0x3
 1142 06e9 00000000 		.4byte	_idle_thread
 1143 06ed 1E       		.uleb128 0x1e
 1144 06ee 02       		.uleb128 0x2
 1145 06ef 7D       		.byte	0x7d
 1146 06f0 00       		.sleb128 0
 1147 06f1 01       		.uleb128 0x1
 1148 06f2 30       		.byte	0x30
 1149 06f3 00       		.byte	0
 1150 06f4 00       		.byte	0
 1151 06f5 18       		.uleb128 0x18
 1152 06f6 3D000000 		.4byte	.LASF103
 1153 06fa 01       		.byte	0x1
 1154 06fb 89       		.byte	0x89
 1155 06fc 00000000 		.4byte	.LFB9
 1156 0700 58000000 		.4byte	.LFE9-.LFB9
 1157 0704 01       		.uleb128 0x1
 1158 0705 9C       		.byte	0x9c
 1159 0706 76070000 		.4byte	0x776
 1160 070a 20       		.uleb128 0x20
 1161 070b 22000000 		.4byte	.LBB3
 1162 070f 36000000 		.4byte	.LBE3-.LBB3
 1163 0713 21       		.uleb128 0x21
 1164 0714 76747000 		.ascii	"vtp\000"
 1165 0718 01       		.byte	0x1
 1166 0719 96       		.byte	0x96
 1167 071a C5030000 		.4byte	0x3c5
 1168 071e 00000000 		.4byte	.LLST0
 1169 0722 20       		.uleb128 0x20
 1170 0723 2A000000 		.4byte	.LBB4
 1171 0727 1A000000 		.4byte	.LBE4-.LBB4
 1172 072b 21       		.uleb128 0x21
 1173 072c 666E00   		.ascii	"fn\000"
 1174 072f 01       		.byte	0x1
 1175 0730 96       		.byte	0x96
 1176 0731 55030000 		.4byte	0x355
 1177 0735 1E000000 		.4byte	.LLST1
 1178 0739 22       		.uleb128 0x22
 1179 073a 00000000 		.4byte	.Ldebug_ranges0+0
 1180 073e 50070000 		.4byte	0x750
 1181 0742 1B       		.uleb128 0x1b
 1182 0743 746D7000 		.ascii	"tmp\000"
 1183 0747 01       		.byte	0x1
 1184 0748 96       		.byte	0x96
 1185 0749 CA000000 		.4byte	0xca
 1186 074d 01       		.uleb128 0x1
 1187 074e 53       		.byte	0x53
 1188 074f 00       		.byte	0
ARM GAS  /tmp/ccxf20ti.s 			page 22


 1189 0750 1A       		.uleb128 0x1a
 1190 0751 3E000000 		.4byte	.LBB7
 1191 0755 06000000 		.4byte	.LBE7-.LBB7
 1192 0759 6B070000 		.4byte	0x76b
 1193 075d 1B       		.uleb128 0x1b
 1194 075e 746D7000 		.ascii	"tmp\000"
 1195 0762 01       		.byte	0x1
 1196 0763 96       		.byte	0x96
 1197 0764 CA000000 		.4byte	0xca
 1198 0768 01       		.uleb128 0x1
 1199 0769 53       		.byte	0x53
 1200 076a 00       		.byte	0
 1201 076b 23       		.uleb128 0x23
 1202 076c 3E000000 		.4byte	.LVL10
 1203 0770 02       		.uleb128 0x2
 1204 0771 75       		.byte	0x75
 1205 0772 00       		.sleb128 0
 1206 0773 00       		.byte	0
 1207 0774 00       		.byte	0
 1208 0775 00       		.byte	0
 1209 0776 24       		.uleb128 0x24
 1210 0777 36000000 		.4byte	.LASF104
 1211 077b 08       		.byte	0x8
 1212 077c F5       		.byte	0xf5
 1213 077d 09040000 		.4byte	0x409
 1214 0781 24       		.uleb128 0x24
 1215 0782 48050000 		.4byte	.LASF105
 1216 0786 09       		.byte	0x9
 1217 0787 6F       		.byte	0x6f
 1218 0788 65040000 		.4byte	0x465
 1219 078c 24       		.uleb128 0x24
 1220 078d A0010000 		.4byte	.LASF106
 1221 0791 0B       		.byte	0xb
 1222 0792 7E       		.byte	0x7e
 1223 0793 97070000 		.4byte	0x797
 1224 0797 12       		.uleb128 0x12
 1225 0798 10060000 		.4byte	0x610
 1226 079c 14       		.uleb128 0x14
 1227 079d A6020000 		.4byte	0x2a6
 1228 07a1 AC070000 		.4byte	0x7ac
 1229 07a5 15       		.uleb128 0x15
 1230 07a6 4E030000 		.4byte	0x34e
 1231 07aa 1B       		.byte	0x1b
 1232 07ab 00       		.byte	0
 1233 07ac 25       		.uleb128 0x25
 1234 07ad 2B010000 		.4byte	.LASF107
 1235 07b1 01       		.byte	0x1
 1236 07b2 31       		.byte	0x31
 1237 07b3 9C070000 		.4byte	0x79c
 1238 07b7 05       		.uleb128 0x5
 1239 07b8 03       		.byte	0x3
 1240 07b9 00000000 		.4byte	_idle_thread_wa
 1241 07bd 26       		.uleb128 0x26
 1242 07be 72050000 		.4byte	.LASF108
 1243 07c2 72050000 		.4byte	.LASF108
 1244 07c6 07       		.byte	0x7
 1245 07c7 0202     		.2byte	0x202
ARM GAS  /tmp/ccxf20ti.s 			page 23


 1246 07c9 27       		.uleb128 0x27
 1247 07ca 9D000000 		.4byte	.LASF109
 1248 07ce 9D000000 		.4byte	.LASF109
 1249 07d2 09       		.byte	0x9
 1250 07d3 8E       		.byte	0x8e
 1251 07d4 27       		.uleb128 0x27
 1252 07d5 C2040000 		.4byte	.LASF110
 1253 07d9 C2040000 		.4byte	.LASF110
 1254 07dd 08       		.byte	0x8
 1255 07de FD       		.byte	0xfd
 1256 07df 27       		.uleb128 0x27
 1257 07e0 00030000 		.4byte	.LASF111
 1258 07e4 00030000 		.4byte	.LASF111
 1259 07e8 0C       		.byte	0xc
 1260 07e9 51       		.byte	0x51
 1261 07ea 27       		.uleb128 0x27
 1262 07eb 61010000 		.4byte	.LASF112
 1263 07ef 61010000 		.4byte	.LASF112
 1264 07f3 0D       		.byte	0xd
 1265 07f4 55       		.byte	0x55
 1266 07f5 26       		.uleb128 0x26
 1267 07f6 79010000 		.4byte	.LASF113
 1268 07fa 79010000 		.4byte	.LASF113
 1269 07fe 06       		.byte	0x6
 1270 07ff 6A01     		.2byte	0x16a
 1271 0801 26       		.uleb128 0x26
 1272 0802 1A020000 		.4byte	.LASF114
 1273 0806 1A020000 		.4byte	.LASF114
 1274 080a 06       		.byte	0x6
 1275 080b 7001     		.2byte	0x170
 1276 080d 00       		.byte	0
 1277              		.section	.debug_abbrev,"",%progbits
 1278              	.Ldebug_abbrev0:
 1279 0000 01       		.uleb128 0x1
 1280 0001 11       		.uleb128 0x11
 1281 0002 01       		.byte	0x1
 1282 0003 25       		.uleb128 0x25
 1283 0004 0E       		.uleb128 0xe
 1284 0005 13       		.uleb128 0x13
 1285 0006 0B       		.uleb128 0xb
 1286 0007 03       		.uleb128 0x3
 1287 0008 0E       		.uleb128 0xe
 1288 0009 1B       		.uleb128 0x1b
 1289 000a 0E       		.uleb128 0xe
 1290 000b 55       		.uleb128 0x55
 1291 000c 17       		.uleb128 0x17
 1292 000d 11       		.uleb128 0x11
 1293 000e 01       		.uleb128 0x1
 1294 000f 10       		.uleb128 0x10
 1295 0010 17       		.uleb128 0x17
 1296 0011 00       		.byte	0
 1297 0012 00       		.byte	0
 1298 0013 02       		.uleb128 0x2
 1299 0014 24       		.uleb128 0x24
 1300 0015 00       		.byte	0
 1301 0016 0B       		.uleb128 0xb
 1302 0017 0B       		.uleb128 0xb
ARM GAS  /tmp/ccxf20ti.s 			page 24


 1303 0018 3E       		.uleb128 0x3e
 1304 0019 0B       		.uleb128 0xb
 1305 001a 03       		.uleb128 0x3
 1306 001b 08       		.uleb128 0x8
 1307 001c 00       		.byte	0
 1308 001d 00       		.byte	0
 1309 001e 03       		.uleb128 0x3
 1310 001f 24       		.uleb128 0x24
 1311 0020 00       		.byte	0
 1312 0021 0B       		.uleb128 0xb
 1313 0022 0B       		.uleb128 0xb
 1314 0023 3E       		.uleb128 0x3e
 1315 0024 0B       		.uleb128 0xb
 1316 0025 03       		.uleb128 0x3
 1317 0026 0E       		.uleb128 0xe
 1318 0027 00       		.byte	0
 1319 0028 00       		.byte	0
 1320 0029 04       		.uleb128 0x4
 1321 002a 16       		.uleb128 0x16
 1322 002b 00       		.byte	0
 1323 002c 03       		.uleb128 0x3
 1324 002d 0E       		.uleb128 0xe
 1325 002e 3A       		.uleb128 0x3a
 1326 002f 0B       		.uleb128 0xb
 1327 0030 3B       		.uleb128 0x3b
 1328 0031 0B       		.uleb128 0xb
 1329 0032 49       		.uleb128 0x49
 1330 0033 13       		.uleb128 0x13
 1331 0034 00       		.byte	0
 1332 0035 00       		.byte	0
 1333 0036 05       		.uleb128 0x5
 1334 0037 13       		.uleb128 0x13
 1335 0038 01       		.byte	0x1
 1336 0039 03       		.uleb128 0x3
 1337 003a 0E       		.uleb128 0xe
 1338 003b 0B       		.uleb128 0xb
 1339 003c 0B       		.uleb128 0xb
 1340 003d 3A       		.uleb128 0x3a
 1341 003e 0B       		.uleb128 0xb
 1342 003f 3B       		.uleb128 0x3b
 1343 0040 0B       		.uleb128 0xb
 1344 0041 01       		.uleb128 0x1
 1345 0042 13       		.uleb128 0x13
 1346 0043 00       		.byte	0
 1347 0044 00       		.byte	0
 1348 0045 06       		.uleb128 0x6
 1349 0046 0D       		.uleb128 0xd
 1350 0047 00       		.byte	0
 1351 0048 03       		.uleb128 0x3
 1352 0049 0E       		.uleb128 0xe
 1353 004a 3A       		.uleb128 0x3a
 1354 004b 0B       		.uleb128 0xb
 1355 004c 3B       		.uleb128 0x3b
 1356 004d 0B       		.uleb128 0xb
 1357 004e 49       		.uleb128 0x49
 1358 004f 13       		.uleb128 0x13
 1359 0050 38       		.uleb128 0x38
ARM GAS  /tmp/ccxf20ti.s 			page 25


 1360 0051 0B       		.uleb128 0xb
 1361 0052 00       		.byte	0
 1362 0053 00       		.byte	0
 1363 0054 07       		.uleb128 0x7
 1364 0055 0D       		.uleb128 0xd
 1365 0056 00       		.byte	0
 1366 0057 03       		.uleb128 0x3
 1367 0058 08       		.uleb128 0x8
 1368 0059 3A       		.uleb128 0x3a
 1369 005a 0B       		.uleb128 0xb
 1370 005b 3B       		.uleb128 0x3b
 1371 005c 0B       		.uleb128 0xb
 1372 005d 49       		.uleb128 0x49
 1373 005e 13       		.uleb128 0x13
 1374 005f 38       		.uleb128 0x38
 1375 0060 0B       		.uleb128 0xb
 1376 0061 00       		.byte	0
 1377 0062 00       		.byte	0
 1378 0063 08       		.uleb128 0x8
 1379 0064 13       		.uleb128 0x13
 1380 0065 01       		.byte	0x1
 1381 0066 0B       		.uleb128 0xb
 1382 0067 0B       		.uleb128 0xb
 1383 0068 3A       		.uleb128 0x3a
 1384 0069 0B       		.uleb128 0xb
 1385 006a 3B       		.uleb128 0x3b
 1386 006b 0B       		.uleb128 0xb
 1387 006c 01       		.uleb128 0x1
 1388 006d 13       		.uleb128 0x13
 1389 006e 00       		.byte	0
 1390 006f 00       		.byte	0
 1391 0070 09       		.uleb128 0x9
 1392 0071 0F       		.uleb128 0xf
 1393 0072 00       		.byte	0
 1394 0073 0B       		.uleb128 0xb
 1395 0074 0B       		.uleb128 0xb
 1396 0075 49       		.uleb128 0x49
 1397 0076 13       		.uleb128 0x13
 1398 0077 00       		.byte	0
 1399 0078 00       		.byte	0
 1400 0079 0A       		.uleb128 0xa
 1401 007a 0F       		.uleb128 0xf
 1402 007b 00       		.byte	0
 1403 007c 0B       		.uleb128 0xb
 1404 007d 0B       		.uleb128 0xb
 1405 007e 00       		.byte	0
 1406 007f 00       		.byte	0
 1407 0080 0B       		.uleb128 0xb
 1408 0081 13       		.uleb128 0x13
 1409 0082 01       		.byte	0x1
 1410 0083 03       		.uleb128 0x3
 1411 0084 0E       		.uleb128 0xe
 1412 0085 0B       		.uleb128 0xb
 1413 0086 0B       		.uleb128 0xb
 1414 0087 3A       		.uleb128 0x3a
 1415 0088 0B       		.uleb128 0xb
 1416 0089 3B       		.uleb128 0x3b
ARM GAS  /tmp/ccxf20ti.s 			page 26


 1417 008a 05       		.uleb128 0x5
 1418 008b 01       		.uleb128 0x1
 1419 008c 13       		.uleb128 0x13
 1420 008d 00       		.byte	0
 1421 008e 00       		.byte	0
 1422 008f 0C       		.uleb128 0xc
 1423 0090 0D       		.uleb128 0xd
 1424 0091 00       		.byte	0
 1425 0092 03       		.uleb128 0x3
 1426 0093 08       		.uleb128 0x8
 1427 0094 3A       		.uleb128 0x3a
 1428 0095 0B       		.uleb128 0xb
 1429 0096 3B       		.uleb128 0x3b
 1430 0097 05       		.uleb128 0x5
 1431 0098 49       		.uleb128 0x49
 1432 0099 13       		.uleb128 0x13
 1433 009a 38       		.uleb128 0x38
 1434 009b 0B       		.uleb128 0xb
 1435 009c 00       		.byte	0
 1436 009d 00       		.byte	0
 1437 009e 0D       		.uleb128 0xd
 1438 009f 15       		.uleb128 0x15
 1439 00a0 01       		.byte	0x1
 1440 00a1 27       		.uleb128 0x27
 1441 00a2 19       		.uleb128 0x19
 1442 00a3 01       		.uleb128 0x1
 1443 00a4 13       		.uleb128 0x13
 1444 00a5 00       		.byte	0
 1445 00a6 00       		.byte	0
 1446 00a7 0E       		.uleb128 0xe
 1447 00a8 05       		.uleb128 0x5
 1448 00a9 00       		.byte	0
 1449 00aa 49       		.uleb128 0x49
 1450 00ab 13       		.uleb128 0x13
 1451 00ac 00       		.byte	0
 1452 00ad 00       		.byte	0
 1453 00ae 0F       		.uleb128 0xf
 1454 00af 35       		.uleb128 0x35
 1455 00b0 00       		.byte	0
 1456 00b1 49       		.uleb128 0x49
 1457 00b2 13       		.uleb128 0x13
 1458 00b3 00       		.byte	0
 1459 00b4 00       		.byte	0
 1460 00b5 10       		.uleb128 0x10
 1461 00b6 17       		.uleb128 0x17
 1462 00b7 01       		.byte	0x1
 1463 00b8 0B       		.uleb128 0xb
 1464 00b9 0B       		.uleb128 0xb
 1465 00ba 3A       		.uleb128 0x3a
 1466 00bb 0B       		.uleb128 0xb
 1467 00bc 3B       		.uleb128 0x3b
 1468 00bd 0B       		.uleb128 0xb
 1469 00be 01       		.uleb128 0x1
 1470 00bf 13       		.uleb128 0x13
 1471 00c0 00       		.byte	0
 1472 00c1 00       		.byte	0
 1473 00c2 11       		.uleb128 0x11
ARM GAS  /tmp/ccxf20ti.s 			page 27


 1474 00c3 0D       		.uleb128 0xd
 1475 00c4 00       		.byte	0
 1476 00c5 03       		.uleb128 0x3
 1477 00c6 0E       		.uleb128 0xe
 1478 00c7 3A       		.uleb128 0x3a
 1479 00c8 0B       		.uleb128 0xb
 1480 00c9 3B       		.uleb128 0x3b
 1481 00ca 0B       		.uleb128 0xb
 1482 00cb 49       		.uleb128 0x49
 1483 00cc 13       		.uleb128 0x13
 1484 00cd 00       		.byte	0
 1485 00ce 00       		.byte	0
 1486 00cf 12       		.uleb128 0x12
 1487 00d0 26       		.uleb128 0x26
 1488 00d1 00       		.byte	0
 1489 00d2 49       		.uleb128 0x49
 1490 00d3 13       		.uleb128 0x13
 1491 00d4 00       		.byte	0
 1492 00d5 00       		.byte	0
 1493 00d6 13       		.uleb128 0x13
 1494 00d7 15       		.uleb128 0x15
 1495 00d8 01       		.byte	0x1
 1496 00d9 27       		.uleb128 0x27
 1497 00da 19       		.uleb128 0x19
 1498 00db 49       		.uleb128 0x49
 1499 00dc 13       		.uleb128 0x13
 1500 00dd 01       		.uleb128 0x1
 1501 00de 13       		.uleb128 0x13
 1502 00df 00       		.byte	0
 1503 00e0 00       		.byte	0
 1504 00e1 14       		.uleb128 0x14
 1505 00e2 01       		.uleb128 0x1
 1506 00e3 01       		.byte	0x1
 1507 00e4 49       		.uleb128 0x49
 1508 00e5 13       		.uleb128 0x13
 1509 00e6 01       		.uleb128 0x1
 1510 00e7 13       		.uleb128 0x13
 1511 00e8 00       		.byte	0
 1512 00e9 00       		.byte	0
 1513 00ea 15       		.uleb128 0x15
 1514 00eb 21       		.uleb128 0x21
 1515 00ec 00       		.byte	0
 1516 00ed 49       		.uleb128 0x49
 1517 00ee 13       		.uleb128 0x13
 1518 00ef 2F       		.uleb128 0x2f
 1519 00f0 0B       		.uleb128 0xb
 1520 00f1 00       		.byte	0
 1521 00f2 00       		.byte	0
 1522 00f3 16       		.uleb128 0x16
 1523 00f4 2E       		.uleb128 0x2e
 1524 00f5 01       		.byte	0x1
 1525 00f6 3F       		.uleb128 0x3f
 1526 00f7 19       		.uleb128 0x19
 1527 00f8 03       		.uleb128 0x3
 1528 00f9 0E       		.uleb128 0xe
 1529 00fa 3A       		.uleb128 0x3a
 1530 00fb 0B       		.uleb128 0xb
ARM GAS  /tmp/ccxf20ti.s 			page 28


 1531 00fc 3B       		.uleb128 0x3b
 1532 00fd 0B       		.uleb128 0xb
 1533 00fe 27       		.uleb128 0x27
 1534 00ff 19       		.uleb128 0x19
 1535 0100 8701     		.uleb128 0x87
 1536 0102 19       		.uleb128 0x19
 1537 0103 11       		.uleb128 0x11
 1538 0104 01       		.uleb128 0x1
 1539 0105 12       		.uleb128 0x12
 1540 0106 06       		.uleb128 0x6
 1541 0107 40       		.uleb128 0x40
 1542 0108 18       		.uleb128 0x18
 1543 0109 9742     		.uleb128 0x2117
 1544 010b 19       		.uleb128 0x19
 1545 010c 01       		.uleb128 0x1
 1546 010d 13       		.uleb128 0x13
 1547 010e 00       		.byte	0
 1548 010f 00       		.byte	0
 1549 0110 17       		.uleb128 0x17
 1550 0111 05       		.uleb128 0x5
 1551 0112 00       		.byte	0
 1552 0113 03       		.uleb128 0x3
 1553 0114 08       		.uleb128 0x8
 1554 0115 3A       		.uleb128 0x3a
 1555 0116 0B       		.uleb128 0xb
 1556 0117 3B       		.uleb128 0x3b
 1557 0118 0B       		.uleb128 0xb
 1558 0119 49       		.uleb128 0x49
 1559 011a 13       		.uleb128 0x13
 1560 011b 02       		.uleb128 0x2
 1561 011c 18       		.uleb128 0x18
 1562 011d 00       		.byte	0
 1563 011e 00       		.byte	0
 1564 011f 18       		.uleb128 0x18
 1565 0120 2E       		.uleb128 0x2e
 1566 0121 01       		.byte	0x1
 1567 0122 3F       		.uleb128 0x3f
 1568 0123 19       		.uleb128 0x19
 1569 0124 03       		.uleb128 0x3
 1570 0125 0E       		.uleb128 0xe
 1571 0126 3A       		.uleb128 0x3a
 1572 0127 0B       		.uleb128 0xb
 1573 0128 3B       		.uleb128 0x3b
 1574 0129 0B       		.uleb128 0xb
 1575 012a 27       		.uleb128 0x27
 1576 012b 19       		.uleb128 0x19
 1577 012c 11       		.uleb128 0x11
 1578 012d 01       		.uleb128 0x1
 1579 012e 12       		.uleb128 0x12
 1580 012f 06       		.uleb128 0x6
 1581 0130 40       		.uleb128 0x40
 1582 0131 18       		.uleb128 0x18
 1583 0132 9742     		.uleb128 0x2117
 1584 0134 19       		.uleb128 0x19
 1585 0135 01       		.uleb128 0x1
 1586 0136 13       		.uleb128 0x13
 1587 0137 00       		.byte	0
ARM GAS  /tmp/ccxf20ti.s 			page 29


 1588 0138 00       		.byte	0
 1589 0139 19       		.uleb128 0x19
 1590 013a 34       		.uleb128 0x34
 1591 013b 00       		.byte	0
 1592 013c 03       		.uleb128 0x3
 1593 013d 0E       		.uleb128 0xe
 1594 013e 3A       		.uleb128 0x3a
 1595 013f 0B       		.uleb128 0xb
 1596 0140 3B       		.uleb128 0x3b
 1597 0141 0B       		.uleb128 0xb
 1598 0142 49       		.uleb128 0x49
 1599 0143 13       		.uleb128 0x13
 1600 0144 02       		.uleb128 0x2
 1601 0145 18       		.uleb128 0x18
 1602 0146 00       		.byte	0
 1603 0147 00       		.byte	0
 1604 0148 1A       		.uleb128 0x1a
 1605 0149 0B       		.uleb128 0xb
 1606 014a 01       		.byte	0x1
 1607 014b 11       		.uleb128 0x11
 1608 014c 01       		.uleb128 0x1
 1609 014d 12       		.uleb128 0x12
 1610 014e 06       		.uleb128 0x6
 1611 014f 01       		.uleb128 0x1
 1612 0150 13       		.uleb128 0x13
 1613 0151 00       		.byte	0
 1614 0152 00       		.byte	0
 1615 0153 1B       		.uleb128 0x1b
 1616 0154 34       		.uleb128 0x34
 1617 0155 00       		.byte	0
 1618 0156 03       		.uleb128 0x3
 1619 0157 08       		.uleb128 0x8
 1620 0158 3A       		.uleb128 0x3a
 1621 0159 0B       		.uleb128 0xb
 1622 015a 3B       		.uleb128 0x3b
 1623 015b 0B       		.uleb128 0xb
 1624 015c 49       		.uleb128 0x49
 1625 015d 13       		.uleb128 0x13
 1626 015e 02       		.uleb128 0x2
 1627 015f 18       		.uleb128 0x18
 1628 0160 00       		.byte	0
 1629 0161 00       		.byte	0
 1630 0162 1C       		.uleb128 0x1c
 1631 0163 898201   		.uleb128 0x4109
 1632 0166 00       		.byte	0
 1633 0167 11       		.uleb128 0x11
 1634 0168 01       		.uleb128 0x1
 1635 0169 31       		.uleb128 0x31
 1636 016a 13       		.uleb128 0x13
 1637 016b 00       		.byte	0
 1638 016c 00       		.byte	0
 1639 016d 1D       		.uleb128 0x1d
 1640 016e 898201   		.uleb128 0x4109
 1641 0171 01       		.byte	0x1
 1642 0172 11       		.uleb128 0x11
 1643 0173 01       		.uleb128 0x1
 1644 0174 31       		.uleb128 0x31
ARM GAS  /tmp/ccxf20ti.s 			page 30


 1645 0175 13       		.uleb128 0x13
 1646 0176 01       		.uleb128 0x1
 1647 0177 13       		.uleb128 0x13
 1648 0178 00       		.byte	0
 1649 0179 00       		.byte	0
 1650 017a 1E       		.uleb128 0x1e
 1651 017b 8A8201   		.uleb128 0x410a
 1652 017e 00       		.byte	0
 1653 017f 02       		.uleb128 0x2
 1654 0180 18       		.uleb128 0x18
 1655 0181 9142     		.uleb128 0x2111
 1656 0183 18       		.uleb128 0x18
 1657 0184 00       		.byte	0
 1658 0185 00       		.byte	0
 1659 0186 1F       		.uleb128 0x1f
 1660 0187 898201   		.uleb128 0x4109
 1661 018a 01       		.byte	0x1
 1662 018b 11       		.uleb128 0x11
 1663 018c 01       		.uleb128 0x1
 1664 018d 31       		.uleb128 0x31
 1665 018e 13       		.uleb128 0x13
 1666 018f 00       		.byte	0
 1667 0190 00       		.byte	0
 1668 0191 20       		.uleb128 0x20
 1669 0192 0B       		.uleb128 0xb
 1670 0193 01       		.byte	0x1
 1671 0194 11       		.uleb128 0x11
 1672 0195 01       		.uleb128 0x1
 1673 0196 12       		.uleb128 0x12
 1674 0197 06       		.uleb128 0x6
 1675 0198 00       		.byte	0
 1676 0199 00       		.byte	0
 1677 019a 21       		.uleb128 0x21
 1678 019b 34       		.uleb128 0x34
 1679 019c 00       		.byte	0
 1680 019d 03       		.uleb128 0x3
 1681 019e 08       		.uleb128 0x8
 1682 019f 3A       		.uleb128 0x3a
 1683 01a0 0B       		.uleb128 0xb
 1684 01a1 3B       		.uleb128 0x3b
 1685 01a2 0B       		.uleb128 0xb
 1686 01a3 49       		.uleb128 0x49
 1687 01a4 13       		.uleb128 0x13
 1688 01a5 02       		.uleb128 0x2
 1689 01a6 17       		.uleb128 0x17
 1690 01a7 00       		.byte	0
 1691 01a8 00       		.byte	0
 1692 01a9 22       		.uleb128 0x22
 1693 01aa 0B       		.uleb128 0xb
 1694 01ab 01       		.byte	0x1
 1695 01ac 55       		.uleb128 0x55
 1696 01ad 17       		.uleb128 0x17
 1697 01ae 01       		.uleb128 0x1
 1698 01af 13       		.uleb128 0x13
 1699 01b0 00       		.byte	0
 1700 01b1 00       		.byte	0
 1701 01b2 23       		.uleb128 0x23
ARM GAS  /tmp/ccxf20ti.s 			page 31


 1702 01b3 898201   		.uleb128 0x4109
 1703 01b6 00       		.byte	0
 1704 01b7 11       		.uleb128 0x11
 1705 01b8 01       		.uleb128 0x1
 1706 01b9 9342     		.uleb128 0x2113
 1707 01bb 18       		.uleb128 0x18
 1708 01bc 00       		.byte	0
 1709 01bd 00       		.byte	0
 1710 01be 24       		.uleb128 0x24
 1711 01bf 34       		.uleb128 0x34
 1712 01c0 00       		.byte	0
 1713 01c1 03       		.uleb128 0x3
 1714 01c2 0E       		.uleb128 0xe
 1715 01c3 3A       		.uleb128 0x3a
 1716 01c4 0B       		.uleb128 0xb
 1717 01c5 3B       		.uleb128 0x3b
 1718 01c6 0B       		.uleb128 0xb
 1719 01c7 49       		.uleb128 0x49
 1720 01c8 13       		.uleb128 0x13
 1721 01c9 3F       		.uleb128 0x3f
 1722 01ca 19       		.uleb128 0x19
 1723 01cb 3C       		.uleb128 0x3c
 1724 01cc 19       		.uleb128 0x19
 1725 01cd 00       		.byte	0
 1726 01ce 00       		.byte	0
 1727 01cf 25       		.uleb128 0x25
 1728 01d0 34       		.uleb128 0x34
 1729 01d1 00       		.byte	0
 1730 01d2 03       		.uleb128 0x3
 1731 01d3 0E       		.uleb128 0xe
 1732 01d4 3A       		.uleb128 0x3a
 1733 01d5 0B       		.uleb128 0xb
 1734 01d6 3B       		.uleb128 0x3b
 1735 01d7 0B       		.uleb128 0xb
 1736 01d8 49       		.uleb128 0x49
 1737 01d9 13       		.uleb128 0x13
 1738 01da 3F       		.uleb128 0x3f
 1739 01db 19       		.uleb128 0x19
 1740 01dc 02       		.uleb128 0x2
 1741 01dd 18       		.uleb128 0x18
 1742 01de 00       		.byte	0
 1743 01df 00       		.byte	0
 1744 01e0 26       		.uleb128 0x26
 1745 01e1 2E       		.uleb128 0x2e
 1746 01e2 00       		.byte	0
 1747 01e3 3F       		.uleb128 0x3f
 1748 01e4 19       		.uleb128 0x19
 1749 01e5 3C       		.uleb128 0x3c
 1750 01e6 19       		.uleb128 0x19
 1751 01e7 6E       		.uleb128 0x6e
 1752 01e8 0E       		.uleb128 0xe
 1753 01e9 03       		.uleb128 0x3
 1754 01ea 0E       		.uleb128 0xe
 1755 01eb 3A       		.uleb128 0x3a
 1756 01ec 0B       		.uleb128 0xb
 1757 01ed 3B       		.uleb128 0x3b
 1758 01ee 05       		.uleb128 0x5
ARM GAS  /tmp/ccxf20ti.s 			page 32


 1759 01ef 00       		.byte	0
 1760 01f0 00       		.byte	0
 1761 01f1 27       		.uleb128 0x27
 1762 01f2 2E       		.uleb128 0x2e
 1763 01f3 00       		.byte	0
 1764 01f4 3F       		.uleb128 0x3f
 1765 01f5 19       		.uleb128 0x19
 1766 01f6 3C       		.uleb128 0x3c
 1767 01f7 19       		.uleb128 0x19
 1768 01f8 6E       		.uleb128 0x6e
 1769 01f9 0E       		.uleb128 0xe
 1770 01fa 03       		.uleb128 0x3
 1771 01fb 0E       		.uleb128 0xe
 1772 01fc 3A       		.uleb128 0x3a
 1773 01fd 0B       		.uleb128 0xb
 1774 01fe 3B       		.uleb128 0x3b
 1775 01ff 0B       		.uleb128 0xb
 1776 0200 00       		.byte	0
 1777 0201 00       		.byte	0
 1778 0202 00       		.byte	0
 1779              		.section	.debug_loc,"",%progbits
 1780              	.Ldebug_loc0:
 1781              	.LLST0:
 1782 0000 28000000 		.4byte	.LVL8
 1783 0004 3D000000 		.4byte	.LVL10-1
 1784 0008 0100     		.2byte	0x1
 1785 000a 52       		.byte	0x52
 1786 000b 46000000 		.4byte	.LVL11
 1787 000f 4C000000 		.4byte	.LVL12
 1788 0013 0100     		.2byte	0x1
 1789 0015 52       		.byte	0x52
 1790 0016 00000000 		.4byte	0
 1791 001a 00000000 		.4byte	0
 1792              	.LLST1:
 1793 001e 2E000000 		.4byte	.LVL9
 1794 0022 4C000000 		.4byte	.LVL12
 1795 0026 0100     		.2byte	0x1
 1796 0028 55       		.byte	0x55
 1797 0029 00000000 		.4byte	0
 1798 002d 00000000 		.4byte	0
 1799              		.section	.debug_aranges,"",%progbits
 1800 0000 2C000000 		.4byte	0x2c
 1801 0004 0200     		.2byte	0x2
 1802 0006 00000000 		.4byte	.Ldebug_info0
 1803 000a 04       		.byte	0x4
 1804 000b 00       		.byte	0
 1805 000c 0000     		.2byte	0
 1806 000e 0000     		.2byte	0
 1807 0010 00000000 		.4byte	.LFB7
 1808 0014 14000000 		.4byte	.LFE7-.LFB7
 1809 0018 00000000 		.4byte	.LFB8
 1810 001c 5C000000 		.4byte	.LFE8-.LFB8
 1811 0020 00000000 		.4byte	.LFB9
 1812 0024 58000000 		.4byte	.LFE9-.LFB9
 1813 0028 00000000 		.4byte	0
 1814 002c 00000000 		.4byte	0
 1815              		.section	.debug_ranges,"",%progbits
ARM GAS  /tmp/ccxf20ti.s 			page 33


 1816              	.Ldebug_ranges0:
 1817 0000 32000000 		.4byte	.LBB5
 1818 0004 34000000 		.4byte	.LBE5
 1819 0008 36000000 		.4byte	.LBB6
 1820 000c 3A000000 		.4byte	.LBE6
 1821 0010 00000000 		.4byte	0
 1822 0014 00000000 		.4byte	0
 1823 0018 00000000 		.4byte	.LFB7
 1824 001c 14000000 		.4byte	.LFE7
 1825 0020 00000000 		.4byte	.LFB8
 1826 0024 5C000000 		.4byte	.LFE8
 1827 0028 00000000 		.4byte	.LFB9
 1828 002c 58000000 		.4byte	.LFE9
 1829 0030 00000000 		.4byte	0
 1830 0034 00000000 		.4byte	0
 1831              		.section	.debug_line,"",%progbits
 1832              	.Ldebug_line0:
 1833 0000 00020000 		.section	.debug_str,"MS",%progbits,1
 1833      0200AC01 
 1833      00000201 
 1833      FB0E0D00 
 1833      01010101 
 1834              	.LASF81:
 1835 0000 7466756E 		.ascii	"tfunc_t\000"
 1835      635F7400 
 1836              	.LASF92:
 1837 0008 63665F6F 		.ascii	"cf_off_older\000"
 1837      66665F6F 
 1837      6C646572 
 1837      00
 1838              	.LASF44:
 1839 0015 705F6D73 		.ascii	"p_msg\000"
 1839      6700
 1840              	.LASF61:
 1841 001b 76745F66 		.ascii	"vt_func\000"
 1841      756E6300 
 1842              	.LASF19:
 1843 0023 75696E74 		.ascii	"uint64_t\000"
 1843      36345F74 
 1843      00
 1844              	.LASF6:
 1845 002c 5F5F7569 		.ascii	"__uint8_t\000"
 1845      6E74385F 
 1845      7400
 1846              	.LASF104:
 1847 0036 76746C69 		.ascii	"vtlist\000"
 1847      737400
 1848              	.LASF103:
 1849 003d 63685379 		.ascii	"chSysTimerHandlerI\000"
 1849      7354696D 
 1849      65724861 
 1849      6E646C65 
 1849      724900
 1850              	.LASF14:
 1851 0050 6C6F6E67 		.ascii	"long long unsigned int\000"
 1851      206C6F6E 
 1851      6720756E 
ARM GAS  /tmp/ccxf20ti.s 			page 34


 1851      7369676E 
 1851      65642069 
 1852              	.LASF88:
 1853 0067 63685F74 		.ascii	"ch_threadsize\000"
 1853      68726561 
 1853      6473697A 
 1853      6500
 1854              	.LASF77:
 1855 0075 65786974 		.ascii	"exitcode\000"
 1855      636F6465 
 1855      00
 1856              	.LASF101:
 1857 007e 6D61696E 		.ascii	"mainthread\000"
 1857      74687265 
 1857      616400
 1858              	.LASF32:
 1859 0089 705F7072 		.ascii	"p_prio\000"
 1859      696F00
 1860              	.LASF95:
 1861 0090 63665F6F 		.ascii	"cf_off_state\000"
 1861      66665F73 
 1861      74617465 
 1861      00
 1862              	.LASF109:
 1863 009d 5F736368 		.ascii	"_scheduler_init\000"
 1863      6564756C 
 1863      65725F69 
 1863      6E697400 
 1864              	.LASF1:
 1865 00ad 6C6F6E67 		.ascii	"long long int\000"
 1865      206C6F6E 
 1865      6720696E 
 1865      7400
 1866              	.LASF3:
 1867 00bb 7369676E 		.ascii	"signed char\000"
 1867      65642063 
 1867      68617200 
 1868              	.LASF94:
 1869 00c7 63665F6F 		.ascii	"cf_off_stklimit\000"
 1869      66665F73 
 1869      746B6C69 
 1869      6D697400 
 1870              	.LASF96:
 1871 00d7 63665F6F 		.ascii	"cf_off_flags\000"
 1871      66665F66 
 1871      6C616773 
 1871      00
 1872              	.LASF48:
 1873 00e4 705F6D70 		.ascii	"p_mpool\000"
 1873      6F6F6C00 
 1874              	.LASF73:
 1875 00ec 6D5F7175 		.ascii	"m_queue\000"
 1875      65756500 
 1876              	.LASF24:
 1877 00f4 74736C69 		.ascii	"tslices_t\000"
 1877      6365735F 
 1877      7400
ARM GAS  /tmp/ccxf20ti.s 			page 35


 1878              	.LASF10:
 1879 00fe 6C6F6E67 		.ascii	"long int\000"
 1879      20696E74 
 1879      00
 1880              	.LASF22:
 1881 0107 74737461 		.ascii	"tstate_t\000"
 1881      74655F74 
 1881      00
 1882              	.LASF16:
 1883 0110 75696E74 		.ascii	"uint16_t\000"
 1883      31365F74 
 1883      00
 1884              	.LASF100:
 1885 0119 63686465 		.ascii	"chdebug_t\000"
 1885      6275675F 
 1885      7400
 1886              	.LASF34:
 1887 0123 705F6E65 		.ascii	"p_newer\000"
 1887      77657200 
 1888              	.LASF107:
 1889 012b 5F69646C 		.ascii	"_idle_thread_wa\000"
 1889      655F7468 
 1889      72656164 
 1889      5F776100 
 1890              	.LASF11:
 1891 013b 5F5F7569 		.ascii	"__uint32_t\000"
 1891      6E743332 
 1891      5F7400
 1892              	.LASF51:
 1893 0146 72656761 		.ascii	"regarm_t\000"
 1893      726D5F74 
 1893      00
 1894              	.LASF59:
 1895 014f 76745F70 		.ascii	"vt_prev\000"
 1895      72657600 
 1896              	.LASF102:
 1897 0157 63685379 		.ascii	"chSysInit\000"
 1897      73496E69 
 1897      7400
 1898              	.LASF112:
 1899 0161 5F686561 		.ascii	"_heap_init\000"
 1899      705F696E 
 1899      697400
 1900              	.LASF0:
 1901 016c 756E7369 		.ascii	"unsigned int\000"
 1901      676E6564 
 1901      20696E74 
 1901      00
 1902              	.LASF113:
 1903 0179 5F746872 		.ascii	"_thread_init\000"
 1903      6561645F 
 1903      696E6974 
 1903      00
 1904              	.LASF58:
 1905 0186 76745F6E 		.ascii	"vt_next\000"
 1905      65787400 
 1906              	.LASF12:
ARM GAS  /tmp/ccxf20ti.s 			page 36


 1907 018e 6C6F6E67 		.ascii	"long unsigned int\000"
 1907      20756E73 
 1907      69676E65 
 1907      6420696E 
 1907      7400
 1908              	.LASF106:
 1909 01a0 63685F64 		.ascii	"ch_debug\000"
 1909      65627567 
 1909      00
 1910              	.LASF56:
 1911 01a9 76746675 		.ascii	"vtfunc_t\000"
 1911      6E635F74 
 1911      00
 1912              	.LASF82:
 1913 01b2 63685F69 		.ascii	"ch_identifier\000"
 1913      64656E74 
 1913      69666965 
 1913      7200
 1914              	.LASF54:
 1915 01c0 636F6E74 		.ascii	"context\000"
 1915      65787400 
 1916              	.LASF8:
 1917 01c8 73686F72 		.ascii	"short unsigned int\000"
 1917      7420756E 
 1917      7369676E 
 1917      65642069 
 1917      6E7400
 1918              	.LASF26:
 1919 01db 6D73675F 		.ascii	"msg_t\000"
 1919      7400
 1920              	.LASF68:
 1921 01e1 725F6E65 		.ascii	"r_newer\000"
 1921      77657200 
 1922              	.LASF21:
 1923 01e9 746D6F64 		.ascii	"tmode_t\000"
 1923      655F7400 
 1924              	.LASF50:
 1925 01f1 54687265 		.ascii	"ThreadsList\000"
 1925      6164734C 
 1925      69737400 
 1926              	.LASF27:
 1927 01fd 6576656E 		.ascii	"eventmask_t\000"
 1927      746D6173 
 1927      6B5F7400 
 1928              	.LASF72:
 1929 0209 4D757465 		.ascii	"Mutex\000"
 1929      7800
 1930              	.LASF52:
 1931 020f 73746B61 		.ascii	"stkalign_t\000"
 1931      6C69676E 
 1931      5F7400
 1932              	.LASF114:
 1933 021a 63685468 		.ascii	"chThdCreateStatic\000"
 1933      64437265 
 1933      61746553 
 1933      74617469 
 1933      6300
ARM GAS  /tmp/ccxf20ti.s 			page 37


 1934              	.LASF83:
 1935 022c 63685F7A 		.ascii	"ch_zero\000"
 1935      65726F00 
 1936              	.LASF97:
 1937 0234 63665F6F 		.ascii	"cf_off_refs\000"
 1937      66665F72 
 1937      65667300 
 1938              	.LASF60:
 1939 0240 76745F74 		.ascii	"vt_time\000"
 1939      696D6500 
 1940              	.LASF55:
 1941 0248 73697A65 		.ascii	"sizetype\000"
 1941      74797065 
 1941      00
 1942              	.LASF2:
 1943 0251 6C6F6E67 		.ascii	"long double\000"
 1943      20646F75 
 1943      626C6500 
 1944              	.LASF87:
 1945 025d 63685F74 		.ascii	"ch_timesize\000"
 1945      696D6573 
 1945      697A6500 
 1946              	.LASF93:
 1947 0269 63665F6F 		.ascii	"cf_off_name\000"
 1947      66665F6E 
 1947      616D6500 
 1948              	.LASF35:
 1949 0275 705F6F6C 		.ascii	"p_older\000"
 1949      64657200 
 1950              	.LASF67:
 1951 027d 725F6374 		.ascii	"r_ctx\000"
 1951      7800
 1952              	.LASF49:
 1953 0283 54687265 		.ascii	"ThreadsQueue\000"
 1953      61647351 
 1953      75657565 
 1953      00
 1954              	.LASF84:
 1955 0290 63685F73 		.ascii	"ch_size\000"
 1955      697A6500 
 1956              	.LASF70:
 1957 0298 725F6375 		.ascii	"r_current\000"
 1957      7272656E 
 1957      7400
 1958              	.LASF69:
 1959 02a2 725F6F6C 		.ascii	"r_older\000"
 1959      64657200 
 1960              	.LASF118:
 1961 02aa 5F69646C 		.ascii	"_idle_thread\000"
 1961      655F7468 
 1961      72656164 
 1961      00
 1962              	.LASF13:
 1963 02b7 5F5F7569 		.ascii	"__uint64_t\000"
 1963      6E743634 
 1963      5F7400
 1964              	.LASF23:
ARM GAS  /tmp/ccxf20ti.s 			page 38


 1965 02c2 74726566 		.ascii	"trefs_t\000"
 1965      735F7400 
 1966              	.LASF86:
 1967 02ca 63685F70 		.ascii	"ch_ptrsize\000"
 1967      74727369 
 1967      7A6500
 1968              	.LASF31:
 1969 02d5 705F7072 		.ascii	"p_prev\000"
 1969      657600
 1970              	.LASF25:
 1971 02dc 74707269 		.ascii	"tprio_t\000"
 1971      6F5F7400 
 1972              	.LASF20:
 1973 02e4 5F426F6F 		.ascii	"_Bool\000"
 1973      6C00
 1974              	.LASF17:
 1975 02ea 696E7433 		.ascii	"int32_t\000"
 1975      325F7400 
 1976              	.LASF4:
 1977 02f2 756E7369 		.ascii	"unsigned char\000"
 1977      676E6564 
 1977      20636861 
 1977      7200
 1978              	.LASF111:
 1979 0300 5F636F72 		.ascii	"_core_init\000"
 1979      655F696E 
 1979      697400
 1980              	.LASF46:
 1981 030b 705F6D74 		.ascii	"p_mtxlist\000"
 1981      786C6973 
 1981      7400
 1982              	.LASF5:
 1983 0315 73686F72 		.ascii	"short int\000"
 1983      7420696E 
 1983      7400
 1984              	.LASF37:
 1985 031f 705F7374 		.ascii	"p_state\000"
 1985      61746500 
 1986              	.LASF40:
 1987 0327 705F7072 		.ascii	"p_preempt\000"
 1987      65656D70 
 1987      7400
 1988              	.LASF99:
 1989 0331 63665F6F 		.ascii	"cf_off_time\000"
 1989      66665F74 
 1989      696D6500 
 1990              	.LASF66:
 1991 033d 725F7072 		.ascii	"r_prio\000"
 1991      696F00
 1992              	.LASF115:
 1993 0344 474E5520 		.ascii	"GNU C11 5.3.1 20160307 (release) [ARM/embedded-5-br"
 1993      43313120 
 1993      352E332E 
 1993      31203230 
 1993      31363033 
 1994 0377 616E6368 		.ascii	"anch revision 234589] -mcpu=cortex-m4 -mno-thumb-in"
 1994      20726576 
ARM GAS  /tmp/ccxf20ti.s 			page 39


 1994      6973696F 
 1994      6E203233 
 1994      34353839 
 1995 03aa 74657277 		.ascii	"terwork -mthumb -ggdb -O2 -fomit-frame-pointer -fal"
 1995      6F726B20 
 1995      2D6D7468 
 1995      756D6220 
 1995      2D676764 
 1996 03dd 69676E2D 		.ascii	"ign-functions=16 -ffunction-sections -fdata-section"
 1996      66756E63 
 1996      74696F6E 
 1996      733D3136 
 1996      202D6666 
 1997 0410 73202D66 		.ascii	"s -fno-common\000"
 1997      6E6F2D63 
 1997      6F6D6D6F 
 1997      6E00
 1998              	.LASF79:
 1999 041e 65776D61 		.ascii	"ewmask\000"
 1999      736B00
 2000              	.LASF30:
 2001 0425 705F6E65 		.ascii	"p_next\000"
 2001      787400
 2002              	.LASF98:
 2003 042c 63665F6F 		.ascii	"cf_off_preempt\000"
 2003      66665F70 
 2003      7265656D 
 2003      707400
 2004              	.LASF38:
 2005 043b 705F666C 		.ascii	"p_flags\000"
 2005      61677300 
 2006              	.LASF29:
 2007 0443 54687265 		.ascii	"Thread\000"
 2007      616400
 2008              	.LASF91:
 2009 044a 63665F6F 		.ascii	"cf_off_newer\000"
 2009      66665F6E 
 2009      65776572 
 2009      00
 2010              	.LASF45:
 2011 0457 705F6570 		.ascii	"p_epending\000"
 2011      656E6469 
 2011      6E6700
 2012              	.LASF18:
 2013 0462 75696E74 		.ascii	"uint32_t\000"
 2013      33325F74 
 2013      00
 2014              	.LASF89:
 2015 046b 63665F6F 		.ascii	"cf_off_prio\000"
 2015      66665F70 
 2015      72696F00 
 2016              	.LASF65:
 2017 0477 725F7175 		.ascii	"r_queue\000"
 2017      65756500 
 2018              	.LASF57:
 2019 047f 56697274 		.ascii	"VirtualTimer\000"
 2019      75616C54 
ARM GAS  /tmp/ccxf20ti.s 			page 40


 2019      696D6572 
 2019      00
 2020              	.LASF80:
 2021 048c 63686172 		.ascii	"char\000"
 2021      00
 2022              	.LASF7:
 2023 0491 5F5F7569 		.ascii	"__uint16_t\000"
 2023      6E743136 
 2023      5F7400
 2024              	.LASF75:
 2025 049c 6D5F6E65 		.ascii	"m_next\000"
 2025      787400
 2026              	.LASF28:
 2027 04a3 73797374 		.ascii	"systime_t\000"
 2027      696D655F 
 2027      7400
 2028              	.LASF47:
 2029 04ad 705F7265 		.ascii	"p_realprio\000"
 2029      616C7072 
 2029      696F00
 2030              	.LASF9:
 2031 04b8 5F5F696E 		.ascii	"__int32_t\000"
 2031      7433325F 
 2031      7400
 2032              	.LASF110:
 2033 04c2 5F76745F 		.ascii	"_vt_init\000"
 2033      696E6974 
 2033      00
 2034              	.LASF41:
 2035 04cb 705F7469 		.ascii	"p_time\000"
 2035      6D6500
 2036              	.LASF117:
 2037 04d2 2F686F6D 		.ascii	"/home/lithium/Documentos/ChibiOS_2.6.8/demos/PodioV"
 2037      652F6C69 
 2037      74686975 
 2037      6D2F446F 
 2037      63756D65 
 2038 0505 69727475 		.ascii	"irtual\000"
 2038      616C00
 2039              	.LASF53:
 2040 050c 696E7463 		.ascii	"intctx\000"
 2040      747800
 2041              	.LASF43:
 2042 0513 705F6D73 		.ascii	"p_msgqueue\000"
 2042      67717565 
 2042      756500
 2043              	.LASF62:
 2044 051e 76745F70 		.ascii	"vt_par\000"
 2044      617200
 2045              	.LASF90:
 2046 0525 63665F6F 		.ascii	"cf_off_ctx\000"
 2046      66665F63 
 2046      747800
 2047              	.LASF76:
 2048 0530 7264796D 		.ascii	"rdymsg\000"
 2048      736700
 2049              	.LASF39:
ARM GAS  /tmp/ccxf20ti.s 			page 41


 2050 0537 705F7265 		.ascii	"p_refs\000"
 2050      667300
 2051              	.LASF71:
 2052 053e 52656164 		.ascii	"ReadyList\000"
 2052      794C6973 
 2052      7400
 2053              	.LASF105:
 2054 0548 726C6973 		.ascii	"rlist\000"
 2054      7400
 2055              	.LASF116:
 2056 054e 2E2E2F2E 		.ascii	"../../os/kernel/src/chsys.c\000"
 2056      2E2F6F73 
 2056      2F6B6572 
 2056      6E656C2F 
 2056      7372632F 
 2057              	.LASF15:
 2058 056a 75696E74 		.ascii	"uint8_t\000"
 2058      385F7400 
 2059              	.LASF108:
 2060 0572 5F706F72 		.ascii	"_port_init\000"
 2060      745F696E 
 2060      697400
 2061              	.LASF78:
 2062 057d 77746F62 		.ascii	"wtobjp\000"
 2062      6A7000
 2063              	.LASF36:
 2064 0584 705F6E61 		.ascii	"p_name\000"
 2064      6D6500
 2065              	.LASF63:
 2066 058b 76745F73 		.ascii	"vt_systime\000"
 2066      79737469 
 2066      6D6500
 2067              	.LASF85:
 2068 0596 63685F76 		.ascii	"ch_version\000"
 2068      65727369 
 2068      6F6E00
 2069              	.LASF64:
 2070 05a1 56544C69 		.ascii	"VTList\000"
 2070      737400
 2071              	.LASF74:
 2072 05a8 6D5F6F77 		.ascii	"m_owner\000"
 2072      6E657200 
 2073              	.LASF33:
 2074 05b0 705F6374 		.ascii	"p_ctx\000"
 2074      7800
 2075              	.LASF42:
 2076 05b6 705F7761 		.ascii	"p_waiting\000"
 2076      6974696E 
 2076      6700
 2077              		.ident	"GCC: (GNU Tools for ARM Embedded Processors) 5.3.1 20160307 (release) [ARM/embedded-5-bran
ARM GAS  /tmp/ccxf20ti.s 			page 42


DEFINED SYMBOLS
                            *ABS*:00000000 chsys.c
     /tmp/ccxf20ti.s:20     .text._idle_thread:00000000 $t
     /tmp/ccxf20ti.s:26     .text._idle_thread:00000000 _idle_thread
     /tmp/ccxf20ti.s:46     .text._idle_thread:0000000c $d
     /tmp/ccxf20ti.s:52     .text.chSysInit:00000000 $t
     /tmp/ccxf20ti.s:58     .text.chSysInit:00000000 chSysInit
     /tmp/ccxf20ti.s:126    .text.chSysInit:00000048 $d
     /tmp/ccxf20ti.s:135    .text.chSysTimerHandlerI:00000000 $t
     /tmp/ccxf20ti.s:141    .text.chSysTimerHandlerI:00000000 chSysTimerHandlerI
     /tmp/ccxf20ti.s:227    .text.chSysTimerHandlerI:00000050 $d
     /tmp/ccxf20ti.s:250    .bss._idle_thread_wa:00000000 _idle_thread_wa
     /tmp/ccxf20ti.s:235    .rodata.str1.4:00000000 $d
     /tmp/ccxf20ti.s:239    .bss.mainthread.4904:00000000 $d
     /tmp/ccxf20ti.s:243    .bss.mainthread.4904:00000000 mainthread.4904
     /tmp/ccxf20ti.s:246    .bss._idle_thread_wa:00000000 $d
                     .debug_frame:00000010 $d

UNDEFINED SYMBOLS
rlist
_port_init
_scheduler_init
_vt_init
_core_init
_heap_init
_thread_init
chThdCreateStatic
ch_debug
vtlist
