ARM GAS  /tmp/ccCeoIlC.s 			page 1


   1              		.syntax unified
   2              		.cpu cortex-m4
   3              		.fpu softvfp
   4              		.eabi_attribute 20, 1
   5              		.eabi_attribute 21, 1
   6              		.eabi_attribute 23, 3
   7              		.eabi_attribute 24, 1
   8              		.eabi_attribute 25, 1
   9              		.eabi_attribute 26, 1
  10              		.eabi_attribute 30, 2
  11              		.eabi_attribute 34, 1
  12              		.eabi_attribute 18, 4
  13              		.thumb
  14              		.syntax unified
  15              		.file	"hal.c"
  16              		.text
  17              	.Ltext0:
  18              		.cfi_sections	.debug_frame
  19              		.section	.text.halInit,"ax",%progbits
  20              		.align	2
  21              		.p2align 4,,15
  22              		.global	halInit
  23              		.thumb
  24              		.thumb_func
  25              		.type	halInit, %function
  26              	halInit:
  27              	.LFB118:
  28              		.file 1 "../../os/hal/src/hal.c"
  29              		.loc 1 68 0
  30              		.cfi_startproc
  31              		@ args = 0, pretend = 0, frame = 0
  32              		@ frame_needed = 0, uses_anonymous_args = 0
  33 0000 08B5     		push	{r3, lr}
  34              		.cfi_def_cfa_offset 8
  35              		.cfi_offset 3, -8
  36              		.cfi_offset 14, -4
  37              		.loc 1 70 0
  38 0002 FFF7FEFF 		bl	hal_lld_init
  39              	.LVL0:
  40              		.loc 1 76 0
  41 0006 0648     		ldr	r0, .L3
  42 0008 FFF7FEFF 		bl	_pal_lld_init
  43              	.LVL1:
  44              		.loc 1 100 0
  45 000c FFF7FEFF 		bl	pwmInit
  46              	.LVL2:
  47              		.loc 1 109 0
  48 0010 FFF7FEFF 		bl	spiInit
  49              	.LVL3:
  50              		.loc 1 112 0
  51 0014 FFF7FEFF 		bl	uartInit
  52              	.LVL4:
  53              		.loc 1 128 0
  54 0018 BDE80840 		pop	{r3, lr}
  55              		.cfi_restore 14
  56              		.cfi_restore 3
  57              		.cfi_def_cfa_offset 0
ARM GAS  /tmp/ccCeoIlC.s 			page 2


  58              		.loc 1 127 0
  59 001c FFF7FEBF 		b	boardInit
  60              	.LVL5:
  61              	.L4:
  62              		.align	2
  63              	.L3:
  64 0020 00000000 		.word	pal_default_config
  65              		.cfi_endproc
  66              	.LFE118:
  67              		.size	halInit, .-halInit
  68              		.section	.text.halIsCounterWithin,"ax",%progbits
  69              		.align	2
  70              		.p2align 4,,15
  71              		.global	halIsCounterWithin
  72              		.thumb
  73              		.thumb_func
  74              		.type	halIsCounterWithin, %function
  75              	halIsCounterWithin:
  76              	.LFB119:
  77              		.loc 1 174 0
  78              		.cfi_startproc
  79              		@ args = 0, pretend = 0, frame = 0
  80              		@ frame_needed = 0, uses_anonymous_args = 0
  81              		@ link register save eliminated.
  82              	.LVL6:
  83              		.loc 1 175 0
  84 0000 084B     		ldr	r3, .L15
  85              		.loc 1 177 0
  86 0002 8142     		cmp	r1, r0
  87              		.loc 1 175 0
  88 0004 5B68     		ldr	r3, [r3, #4]
  89              	.LVL7:
  90              		.loc 1 177 0
  91 0006 06D9     		bls	.L6
  92              		.loc 1 177 0 is_stmt 0 discriminator 1
  93 0008 8342     		cmp	r3, r0
  94 000a 08D3     		bcc	.L14
  95              	.L12:
  96 000c 8B42     		cmp	r3, r1
  97 000e 2CBF     		ite	cs
  98 0010 0020     		movcs	r0, #0
  99              	.LVL8:
 100 0012 0120     		movcc	r0, #1
 101 0014 7047     		bx	lr
 102              	.LVL9:
 103              	.L6:
 104              		.loc 1 178 0 is_stmt 1
 105 0016 8342     		cmp	r3, r0
 106 0018 F8D3     		bcc	.L12
 107 001a 0120     		movs	r0, #1
 108              	.LVL10:
 109              		.loc 1 179 0
 110 001c 7047     		bx	lr
 111              	.LVL11:
 112              	.L14:
 113 001e 0020     		movs	r0, #0
 114              	.LVL12:
ARM GAS  /tmp/ccCeoIlC.s 			page 3


 115 0020 7047     		bx	lr
 116              	.L16:
 117 0022 00BF     		.align	2
 118              	.L15:
 119 0024 001000E0 		.word	-536866816
 120              		.cfi_endproc
 121              	.LFE119:
 122              		.size	halIsCounterWithin, .-halIsCounterWithin
 123              		.section	.text.halPolledDelay,"ax",%progbits
 124              		.align	2
 125              		.p2align 4,,15
 126              		.global	halPolledDelay
 127              		.thumb
 128              		.thumb_func
 129              		.type	halPolledDelay, %function
 130              	halPolledDelay:
 131              	.LFB120:
 132              		.loc 1 193 0
 133              		.cfi_startproc
 134              		@ args = 0, pretend = 0, frame = 0
 135              		@ frame_needed = 0, uses_anonymous_args = 0
 136              		@ link register save eliminated.
 137              	.LVL13:
 138              		.loc 1 194 0
 139 0000 0849     		ldr	r1, .L23
 140 0002 4A68     		ldr	r2, [r1, #4]
 141              	.LVL14:
 142              		.loc 1 195 0
 143 0004 1044     		add	r0, r0, r2
 144              	.LVL15:
 145              	.L21:
 146              	.LBB4:
 147              	.LBB5:
 148              		.loc 1 177 0 discriminator 1
 149 0006 8242     		cmp	r2, r0
 150              		.loc 1 175 0 discriminator 1
 151 0008 4B68     		ldr	r3, [r1, #4]
 152              	.LVL16:
 153              		.loc 1 177 0 discriminator 1
 154 000a 02D2     		bcs	.L18
 155              		.loc 1 177 0 is_stmt 0
 156 000c 9A42     		cmp	r2, r3
 157 000e 05D9     		bls	.L22
 158              	.LVL17:
 159              	.L17:
 160 0010 7047     		bx	lr
 161              	.LVL18:
 162              	.L18:
 163              		.loc 1 178 0 is_stmt 1
 164 0012 9A42     		cmp	r2, r3
 165 0014 F7D9     		bls	.L21
 166              	.LBE5:
 167              	.LBE4:
 168              		.loc 1 196 0
 169 0016 9842     		cmp	r0, r3
 170 0018 F5D8     		bhi	.L21
 171 001a F9E7     		b	.L17
ARM GAS  /tmp/ccCeoIlC.s 			page 4


 172              	.LVL19:
 173              	.L22:
 174              	.LBB7:
 175              	.LBB6:
 176              		.loc 1 177 0
 177 001c 9842     		cmp	r0, r3
 178 001e F2D8     		bhi	.L21
 179 0020 7047     		bx	lr
 180              	.L24:
 181 0022 00BF     		.align	2
 182              	.L23:
 183 0024 001000E0 		.word	-536866816
 184              	.LBE6:
 185              	.LBE7:
 186              		.cfi_endproc
 187              	.LFE120:
 188              		.size	halPolledDelay, .-halPolledDelay
 189              		.text
 190              	.Letext0:
 191              		.file 2 "/home/lithium/Descargas/gcc-arm-none-eabi-5_3-2016q1/arm-none-eabi/include/machine/_defau
 192              		.file 3 "/home/lithium/Descargas/gcc-arm-none-eabi-5_3-2016q1/arm-none-eabi/include/sys/_stdint.h"
 193              		.file 4 "../../os/ports/GCC/ARMCMx/chtypes.h"
 194              		.file 5 "../../os/ports/common/ARMCMx/nvic.h"
 195              		.file 6 "../../os/hal/platforms/STM32F4xx/hal_lld.h"
 196              		.file 7 "../../os/hal/platforms/STM32/GPIOv2/pal_lld.h"
 197              		.file 8 "../../os/ports/common/ARMCMx/CMSIS/include/core_cm4.h"
 198              		.file 9 "../../os/hal/include/pwm.h"
 199              		.file 10 "../../os/hal/include/spi.h"
 200              		.file 11 "../../os/hal/include/uart.h"
 201              		.file 12 "../../boards/ST_STM32F4_DISCOVERY/board.h"
 202              		.section	.debug_info,"",%progbits
 203              	.Ldebug_info0:
 204 0000 BE030000 		.4byte	0x3be
 205 0004 0400     		.2byte	0x4
 206 0006 00000000 		.4byte	.Ldebug_abbrev0
 207 000a 04       		.byte	0x4
 208 000b 01       		.uleb128 0x1
 209 000c 55020000 		.4byte	.LASF58
 210 0010 0C       		.byte	0xc
 211 0011 07010000 		.4byte	.LASF59
 212 0015 31000000 		.4byte	.LASF60
 213 0019 18000000 		.4byte	.Ldebug_ranges0+0x18
 214 001d 00000000 		.4byte	0
 215 0021 00000000 		.4byte	.Ldebug_line0
 216 0025 02       		.uleb128 0x2
 217 0026 04       		.byte	0x4
 218 0027 05       		.byte	0x5
 219 0028 696E7400 		.ascii	"int\000"
 220 002c 03       		.uleb128 0x3
 221 002d 04       		.byte	0x4
 222 002e 07       		.byte	0x7
 223 002f 3C030000 		.4byte	.LASF0
 224 0033 03       		.uleb128 0x3
 225 0034 08       		.byte	0x8
 226 0035 05       		.byte	0x5
 227 0036 B1000000 		.4byte	.LASF1
 228 003a 03       		.uleb128 0x3
ARM GAS  /tmp/ccCeoIlC.s 			page 5


 229 003b 08       		.byte	0x8
 230 003c 04       		.byte	0x4
 231 003d 2F010000 		.4byte	.LASF2
 232 0041 03       		.uleb128 0x3
 233 0042 01       		.byte	0x1
 234 0043 06       		.byte	0x6
 235 0044 55010000 		.4byte	.LASF3
 236 0048 03       		.uleb128 0x3
 237 0049 01       		.byte	0x1
 238 004a 08       		.byte	0x8
 239 004b 42010000 		.4byte	.LASF4
 240 004f 03       		.uleb128 0x3
 241 0050 02       		.byte	0x2
 242 0051 05       		.byte	0x5
 243 0052 27000000 		.4byte	.LASF5
 244 0056 03       		.uleb128 0x3
 245 0057 02       		.byte	0x2
 246 0058 07       		.byte	0x7
 247 0059 B7010000 		.4byte	.LASF6
 248 005d 04       		.uleb128 0x4
 249 005e CE000000 		.4byte	.LASF8
 250 0062 02       		.byte	0x2
 251 0063 3F       		.byte	0x3f
 252 0064 68000000 		.4byte	0x68
 253 0068 03       		.uleb128 0x3
 254 0069 04       		.byte	0x4
 255 006a 05       		.byte	0x5
 256 006b E0000000 		.4byte	.LASF7
 257 006f 04       		.uleb128 0x4
 258 0070 97000000 		.4byte	.LASF9
 259 0074 02       		.byte	0x2
 260 0075 41       		.byte	0x41
 261 0076 7A000000 		.4byte	0x7a
 262 007a 03       		.uleb128 0x3
 263 007b 04       		.byte	0x4
 264 007c 07       		.byte	0x7
 265 007d 0B020000 		.4byte	.LASF10
 266 0081 03       		.uleb128 0x3
 267 0082 08       		.byte	0x8
 268 0083 07       		.byte	0x7
 269 0084 61010000 		.4byte	.LASF11
 270 0088 04       		.uleb128 0x4
 271 0089 CF010000 		.4byte	.LASF12
 272 008d 03       		.byte	0x3
 273 008e 1F       		.byte	0x1f
 274 008f 5D000000 		.4byte	0x5d
 275 0093 04       		.uleb128 0x4
 276 0094 78010000 		.4byte	.LASF13
 277 0098 03       		.byte	0x3
 278 0099 20       		.byte	0x20
 279 009a 6F000000 		.4byte	0x6f
 280 009e 04       		.uleb128 0x4
 281 009f D7010000 		.4byte	.LASF14
 282 00a3 04       		.byte	0x4
 283 00a4 2B       		.byte	0x2b
 284 00a5 A9000000 		.4byte	0xa9
 285 00a9 03       		.uleb128 0x3
ARM GAS  /tmp/ccCeoIlC.s 			page 6


 286 00aa 01       		.byte	0x1
 287 00ab 02       		.byte	0x2
 288 00ac EF010000 		.4byte	.LASF15
 289 00b0 04       		.uleb128 0x4
 290 00b1 A2000000 		.4byte	.LASF16
 291 00b5 05       		.byte	0x5
 292 00b6 3A       		.byte	0x3a
 293 00b7 BB000000 		.4byte	0xbb
 294 00bb 05       		.uleb128 0x5
 295 00bc 93000000 		.4byte	0x93
 296 00c0 03       		.uleb128 0x3
 297 00c1 04       		.byte	0x4
 298 00c2 07       		.byte	0x7
 299 00c3 6B000000 		.4byte	.LASF17
 300 00c7 06       		.uleb128 0x6
 301 00c8 20       		.byte	0x20
 302 00c9 05       		.byte	0x5
 303 00ca 0601     		.2byte	0x106
 304 00cc 39010000 		.4byte	0x139
 305 00d0 07       		.uleb128 0x7
 306 00d1 50010000 		.4byte	.LASF18
 307 00d5 05       		.byte	0x5
 308 00d6 0701     		.2byte	0x107
 309 00d8 B0000000 		.4byte	0xb0
 310 00dc 00       		.byte	0
 311 00dd 07       		.uleb128 0x7
 312 00de C7000000 		.4byte	.LASF19
 313 00e2 05       		.byte	0x5
 314 00e3 0801     		.2byte	0x108
 315 00e5 B0000000 		.4byte	0xb0
 316 00e9 04       		.byte	0x4
 317 00ea 07       		.uleb128 0x7
 318 00eb 04020000 		.4byte	.LASF20
 319 00ef 05       		.byte	0x5
 320 00f0 0901     		.2byte	0x109
 321 00f2 B0000000 		.4byte	0xb0
 322 00f6 08       		.byte	0x8
 323 00f7 07       		.uleb128 0x7
 324 00f8 5C030000 		.4byte	.LASF21
 325 00fc 05       		.byte	0x5
 326 00fd 0A01     		.2byte	0x10a
 327 00ff B0000000 		.4byte	0xb0
 328 0103 0C       		.byte	0xc
 329 0104 07       		.uleb128 0x7
 330 0105 2F020000 		.4byte	.LASF22
 331 0109 05       		.byte	0x5
 332 010a 0B01     		.2byte	0x10b
 333 010c B0000000 		.4byte	0xb0
 334 0110 10       		.byte	0x10
 335 0111 07       		.uleb128 0x7
 336 0112 3E020000 		.4byte	.LASF23
 337 0116 05       		.byte	0x5
 338 0117 0C01     		.2byte	0x10c
 339 0119 B0000000 		.4byte	0xb0
 340 011d 14       		.byte	0x14
 341 011e 07       		.uleb128 0x7
 342 011f 87000000 		.4byte	.LASF24
ARM GAS  /tmp/ccCeoIlC.s 			page 7


 343 0123 05       		.byte	0x5
 344 0124 0D01     		.2byte	0x10d
 345 0126 B0000000 		.4byte	0xb0
 346 012a 18       		.byte	0x18
 347 012b 07       		.uleb128 0x7
 348 012c 74000000 		.4byte	.LASF25
 349 0130 05       		.byte	0x5
 350 0131 0E01     		.2byte	0x10e
 351 0133 B0000000 		.4byte	0xb0
 352 0137 1C       		.byte	0x1c
 353 0138 00       		.byte	0
 354 0139 08       		.uleb128 0x8
 355 013a F5010000 		.4byte	.LASF26
 356 013e 05       		.byte	0x5
 357 013f 0F01     		.2byte	0x10f
 358 0141 C7000000 		.4byte	0xc7
 359 0145 03       		.uleb128 0x3
 360 0146 01       		.byte	0x1
 361 0147 08       		.byte	0x8
 362 0148 CA010000 		.4byte	.LASF27
 363 014c 05       		.uleb128 0x5
 364 014d 88000000 		.4byte	0x88
 365 0151 08       		.uleb128 0x8
 366 0152 24020000 		.4byte	.LASF28
 367 0156 06       		.byte	0x6
 368 0157 C006     		.2byte	0x6c0
 369 0159 93000000 		.4byte	0x93
 370 015d 09       		.uleb128 0x9
 371 015e 1C       		.byte	0x1c
 372 015f 07       		.byte	0x7
 373 0160 A3       		.byte	0xa3
 374 0161 BA010000 		.4byte	0x1ba
 375 0165 0A       		.uleb128 0xa
 376 0166 4F020000 		.4byte	.LASF29
 377 016a 07       		.byte	0x7
 378 016b A5       		.byte	0xa5
 379 016c 93000000 		.4byte	0x93
 380 0170 00       		.byte	0
 381 0171 0A       		.uleb128 0xa
 382 0172 81010000 		.4byte	.LASF30
 383 0176 07       		.byte	0x7
 384 0177 A7       		.byte	0xa7
 385 0178 93000000 		.4byte	0x93
 386 017c 04       		.byte	0x4
 387 017d 0A       		.uleb128 0xa
 388 017e D8000000 		.4byte	.LASF31
 389 0182 07       		.byte	0x7
 390 0183 A9       		.byte	0xa9
 391 0184 93000000 		.4byte	0x93
 392 0188 08       		.byte	0x8
 393 0189 0A       		.uleb128 0xa
 394 018a 38020000 		.4byte	.LASF32
 395 018e 07       		.byte	0x7
 396 018f AB       		.byte	0xab
 397 0190 93000000 		.4byte	0x93
 398 0194 0C       		.byte	0xc
 399 0195 0B       		.uleb128 0xb
ARM GAS  /tmp/ccCeoIlC.s 			page 8


 400 0196 6F647200 		.ascii	"odr\000"
 401 019a 07       		.byte	0x7
 402 019b AD       		.byte	0xad
 403 019c 93000000 		.4byte	0x93
 404 01a0 10       		.byte	0x10
 405 01a1 0A       		.uleb128 0xa
 406 01a2 4A020000 		.4byte	.LASF33
 407 01a6 07       		.byte	0x7
 408 01a7 AF       		.byte	0xaf
 409 01a8 93000000 		.4byte	0x93
 410 01ac 14       		.byte	0x14
 411 01ad 0A       		.uleb128 0xa
 412 01ae 45020000 		.4byte	.LASF34
 413 01b2 07       		.byte	0x7
 414 01b3 B1       		.byte	0xb1
 415 01b4 93000000 		.4byte	0x93
 416 01b8 18       		.byte	0x18
 417 01b9 00       		.byte	0
 418 01ba 04       		.uleb128 0x4
 419 01bb 88010000 		.4byte	.LASF35
 420 01bf 07       		.byte	0x7
 421 01c0 B2       		.byte	0xb2
 422 01c1 5D010000 		.4byte	0x15d
 423 01c5 09       		.uleb128 0x9
 424 01c6 FC       		.byte	0xfc
 425 01c7 07       		.byte	0x7
 426 01c8 BB       		.byte	0xbb
 427 01c9 3A020000 		.4byte	0x23a
 428 01cd 0A       		.uleb128 0xa
 429 01ce AA000000 		.4byte	.LASF36
 430 01d2 07       		.byte	0x7
 431 01d3 BE       		.byte	0xbe
 432 01d4 BA010000 		.4byte	0x1ba
 433 01d8 00       		.byte	0
 434 01d9 0A       		.uleb128 0xa
 435 01da E8010000 		.4byte	.LASF37
 436 01de 07       		.byte	0x7
 437 01df C2       		.byte	0xc2
 438 01e0 BA010000 		.4byte	0x1ba
 439 01e4 1C       		.byte	0x1c
 440 01e5 0A       		.uleb128 0xa
 441 01e6 3B010000 		.4byte	.LASF38
 442 01ea 07       		.byte	0x7
 443 01eb C6       		.byte	0xc6
 444 01ec BA010000 		.4byte	0x1ba
 445 01f0 38       		.byte	0x38
 446 01f1 0A       		.uleb128 0xa
 447 01f2 F1000000 		.4byte	.LASF39
 448 01f6 07       		.byte	0x7
 449 01f7 CA       		.byte	0xca
 450 01f8 BA010000 		.4byte	0x1ba
 451 01fc 54       		.byte	0x54
 452 01fd 0A       		.uleb128 0xa
 453 01fe FD010000 		.4byte	.LASF40
 454 0202 07       		.byte	0x7
 455 0203 CE       		.byte	0xce
 456 0204 BA010000 		.4byte	0x1ba
ARM GAS  /tmp/ccCeoIlC.s 			page 9


 457 0208 70       		.byte	0x70
 458 0209 0A       		.uleb128 0xa
 459 020a 79000000 		.4byte	.LASF41
 460 020e 07       		.byte	0x7
 461 020f D2       		.byte	0xd2
 462 0210 BA010000 		.4byte	0x1ba
 463 0214 8C       		.byte	0x8c
 464 0215 0A       		.uleb128 0xa
 465 0216 28010000 		.4byte	.LASF42
 466 021a 07       		.byte	0x7
 467 021b D6       		.byte	0xd6
 468 021c BA010000 		.4byte	0x1ba
 469 0220 A8       		.byte	0xa8
 470 0221 0A       		.uleb128 0xa
 471 0222 1D020000 		.4byte	.LASF43
 472 0226 07       		.byte	0x7
 473 0227 DA       		.byte	0xda
 474 0228 BA010000 		.4byte	0x1ba
 475 022c C4       		.byte	0xc4
 476 022d 0A       		.uleb128 0xa
 477 022e 80000000 		.4byte	.LASF44
 478 0232 07       		.byte	0x7
 479 0233 DE       		.byte	0xde
 480 0234 BA010000 		.4byte	0x1ba
 481 0238 E0       		.byte	0xe0
 482 0239 00       		.byte	0
 483 023a 04       		.uleb128 0x4
 484 023b DE010000 		.4byte	.LASF45
 485 023f 07       		.byte	0x7
 486 0240 E0       		.byte	0xe0
 487 0241 C5010000 		.4byte	0x1c5
 488 0245 0C       		.uleb128 0xc
 489 0246 49030000 		.4byte	.LASF61
 490 024a 01       		.byte	0x1
 491 024b AE       		.byte	0xae
 492 024c 9E000000 		.4byte	0x9e
 493 0250 01       		.byte	0x1
 494 0251 77020000 		.4byte	0x277
 495 0255 0D       		.uleb128 0xd
 496 0256 B1010000 		.4byte	.LASF46
 497 025a 01       		.byte	0x1
 498 025b AE       		.byte	0xae
 499 025c 51010000 		.4byte	0x151
 500 0260 0E       		.uleb128 0xe
 501 0261 656E6400 		.ascii	"end\000"
 502 0265 01       		.byte	0x1
 503 0266 AE       		.byte	0xae
 504 0267 51010000 		.4byte	0x151
 505 026b 0F       		.uleb128 0xf
 506 026c 6E6F7700 		.ascii	"now\000"
 507 0270 01       		.byte	0x1
 508 0271 AF       		.byte	0xaf
 509 0272 51010000 		.4byte	0x151
 510 0276 00       		.byte	0
 511 0277 10       		.uleb128 0x10
 512 0278 BF000000 		.4byte	.LASF47
 513 027c 01       		.byte	0x1
ARM GAS  /tmp/ccCeoIlC.s 			page 10


 514 027d 44       		.byte	0x44
 515 027e 00000000 		.4byte	.LFB118
 516 0282 24000000 		.4byte	.LFE118-.LFB118
 517 0286 01       		.uleb128 0x1
 518 0287 9C       		.byte	0x9c
 519 0288 C3020000 		.4byte	0x2c3
 520 028c 11       		.uleb128 0x11
 521 028d 06000000 		.4byte	.LVL0
 522 0291 7B030000 		.4byte	0x37b
 523 0295 11       		.uleb128 0x11
 524 0296 0C000000 		.4byte	.LVL1
 525 029a 87030000 		.4byte	0x387
 526 029e 11       		.uleb128 0x11
 527 029f 10000000 		.4byte	.LVL2
 528 02a3 93030000 		.4byte	0x393
 529 02a7 11       		.uleb128 0x11
 530 02a8 14000000 		.4byte	.LVL3
 531 02ac 9E030000 		.4byte	0x39e
 532 02b0 11       		.uleb128 0x11
 533 02b1 18000000 		.4byte	.LVL4
 534 02b5 AA030000 		.4byte	0x3aa
 535 02b9 12       		.uleb128 0x12
 536 02ba 20000000 		.4byte	.LVL5
 537 02be B5030000 		.4byte	0x3b5
 538 02c2 00       		.byte	0
 539 02c3 13       		.uleb128 0x13
 540 02c4 45020000 		.4byte	0x245
 541 02c8 00000000 		.4byte	.LFB119
 542 02cc 28000000 		.4byte	.LFE119-.LFB119
 543 02d0 01       		.uleb128 0x1
 544 02d1 9C       		.byte	0x9c
 545 02d2 EE020000 		.4byte	0x2ee
 546 02d6 14       		.uleb128 0x14
 547 02d7 55020000 		.4byte	0x255
 548 02db 00000000 		.4byte	.LLST0
 549 02df 15       		.uleb128 0x15
 550 02e0 60020000 		.4byte	0x260
 551 02e4 01       		.uleb128 0x1
 552 02e5 51       		.byte	0x51
 553 02e6 16       		.uleb128 0x16
 554 02e7 6B020000 		.4byte	0x26b
 555 02eb 01       		.uleb128 0x1
 556 02ec 53       		.byte	0x53
 557 02ed 00       		.byte	0
 558 02ee 10       		.uleb128 0x10
 559 02ef F8000000 		.4byte	.LASF48
 560 02f3 01       		.byte	0x1
 561 02f4 C1       		.byte	0xc1
 562 02f5 00000000 		.4byte	.LFB120
 563 02f9 28000000 		.4byte	.LFE120-.LFB120
 564 02fd 01       		.uleb128 0x1
 565 02fe 9C       		.byte	0x9c
 566 02ff 5E030000 		.4byte	0x35e
 567 0303 17       		.uleb128 0x17
 568 0304 00000000 		.4byte	.LASF62
 569 0308 01       		.byte	0x1
 570 0309 C1       		.byte	0xc1
ARM GAS  /tmp/ccCeoIlC.s 			page 11


 571 030a 51010000 		.4byte	0x151
 572 030e 53000000 		.4byte	.LLST1
 573 0312 18       		.uleb128 0x18
 574 0313 B1010000 		.4byte	.LASF46
 575 0317 01       		.byte	0x1
 576 0318 C2       		.byte	0xc2
 577 0319 51010000 		.4byte	0x151
 578 031d 01       		.uleb128 0x1
 579 031e 52       		.byte	0x52
 580 031f 18       		.uleb128 0x18
 581 0320 63030000 		.4byte	.LASF49
 582 0324 01       		.byte	0x1
 583 0325 C3       		.byte	0xc3
 584 0326 51010000 		.4byte	0x151
 585 032a 01       		.uleb128 0x1
 586 032b 50       		.byte	0x50
 587 032c 19       		.uleb128 0x19
 588 032d 45020000 		.4byte	0x245
 589 0331 06000000 		.4byte	.LBB4
 590 0335 00000000 		.4byte	.Ldebug_ranges0+0
 591 0339 01       		.byte	0x1
 592 033a C4       		.byte	0xc4
 593 033b 14       		.uleb128 0x14
 594 033c 60020000 		.4byte	0x260
 595 0340 74000000 		.4byte	.LLST2
 596 0344 14       		.uleb128 0x14
 597 0345 55020000 		.4byte	0x255
 598 0349 92000000 		.4byte	.LLST3
 599 034d 1A       		.uleb128 0x1a
 600 034e 00000000 		.4byte	.Ldebug_ranges0+0
 601 0352 1B       		.uleb128 0x1b
 602 0353 6B020000 		.4byte	0x26b
 603 0357 B0000000 		.4byte	.LLST4
 604 035b 00       		.byte	0
 605 035c 00       		.byte	0
 606 035d 00       		.byte	0
 607 035e 1C       		.uleb128 0x1c
 608 035f 2F030000 		.4byte	.LASF50
 609 0363 08       		.byte	0x8
 610 0364 9806     		.2byte	0x698
 611 0366 4C010000 		.4byte	0x14c
 612 036a 1C       		.uleb128 0x1c
 613 036b 14000000 		.4byte	.LASF51
 614 036f 07       		.byte	0x7
 615 0370 BC01     		.2byte	0x1bc
 616 0372 76030000 		.4byte	0x376
 617 0376 1D       		.uleb128 0x1d
 618 0377 3A020000 		.4byte	0x23a
 619 037b 1E       		.uleb128 0x1e
 620 037c 9B010000 		.4byte	.LASF52
 621 0380 9B010000 		.4byte	.LASF52
 622 0384 06       		.byte	0x6
 623 0385 E906     		.2byte	0x6e9
 624 0387 1E       		.uleb128 0x1e
 625 0388 06000000 		.4byte	.LASF53
 626 038c 06000000 		.4byte	.LASF53
 627 0390 07       		.byte	0x7
ARM GAS  /tmp/ccCeoIlC.s 			page 12


 628 0391 C101     		.2byte	0x1c1
 629 0393 1F       		.uleb128 0x1f
 630 0394 E9000000 		.4byte	.LASF54
 631 0398 E9000000 		.4byte	.LASF54
 632 039c 09       		.byte	0x9
 633 039d F2       		.byte	0xf2
 634 039e 1E       		.uleb128 0x1e
 635 039f 8F000000 		.4byte	.LASF55
 636 03a3 8F000000 		.4byte	.LASF55
 637 03a7 0A       		.byte	0xa
 638 03a8 2E01     		.2byte	0x12e
 639 03aa 1F       		.uleb128 0x1f
 640 03ab A8010000 		.4byte	.LASF56
 641 03af A8010000 		.4byte	.LASF56
 642 03b3 0B       		.byte	0xb
 643 03b4 6D       		.byte	0x6d
 644 03b5 1E       		.uleb128 0x1e
 645 03b6 1E010000 		.4byte	.LASF57
 646 03ba 1E010000 		.4byte	.LASF57
 647 03be 0C       		.byte	0xc
 648 03bf 0A05     		.2byte	0x50a
 649 03c1 00       		.byte	0
 650              		.section	.debug_abbrev,"",%progbits
 651              	.Ldebug_abbrev0:
 652 0000 01       		.uleb128 0x1
 653 0001 11       		.uleb128 0x11
 654 0002 01       		.byte	0x1
 655 0003 25       		.uleb128 0x25
 656 0004 0E       		.uleb128 0xe
 657 0005 13       		.uleb128 0x13
 658 0006 0B       		.uleb128 0xb
 659 0007 03       		.uleb128 0x3
 660 0008 0E       		.uleb128 0xe
 661 0009 1B       		.uleb128 0x1b
 662 000a 0E       		.uleb128 0xe
 663 000b 55       		.uleb128 0x55
 664 000c 17       		.uleb128 0x17
 665 000d 11       		.uleb128 0x11
 666 000e 01       		.uleb128 0x1
 667 000f 10       		.uleb128 0x10
 668 0010 17       		.uleb128 0x17
 669 0011 00       		.byte	0
 670 0012 00       		.byte	0
 671 0013 02       		.uleb128 0x2
 672 0014 24       		.uleb128 0x24
 673 0015 00       		.byte	0
 674 0016 0B       		.uleb128 0xb
 675 0017 0B       		.uleb128 0xb
 676 0018 3E       		.uleb128 0x3e
 677 0019 0B       		.uleb128 0xb
 678 001a 03       		.uleb128 0x3
 679 001b 08       		.uleb128 0x8
 680 001c 00       		.byte	0
 681 001d 00       		.byte	0
 682 001e 03       		.uleb128 0x3
 683 001f 24       		.uleb128 0x24
 684 0020 00       		.byte	0
ARM GAS  /tmp/ccCeoIlC.s 			page 13


 685 0021 0B       		.uleb128 0xb
 686 0022 0B       		.uleb128 0xb
 687 0023 3E       		.uleb128 0x3e
 688 0024 0B       		.uleb128 0xb
 689 0025 03       		.uleb128 0x3
 690 0026 0E       		.uleb128 0xe
 691 0027 00       		.byte	0
 692 0028 00       		.byte	0
 693 0029 04       		.uleb128 0x4
 694 002a 16       		.uleb128 0x16
 695 002b 00       		.byte	0
 696 002c 03       		.uleb128 0x3
 697 002d 0E       		.uleb128 0xe
 698 002e 3A       		.uleb128 0x3a
 699 002f 0B       		.uleb128 0xb
 700 0030 3B       		.uleb128 0x3b
 701 0031 0B       		.uleb128 0xb
 702 0032 49       		.uleb128 0x49
 703 0033 13       		.uleb128 0x13
 704 0034 00       		.byte	0
 705 0035 00       		.byte	0
 706 0036 05       		.uleb128 0x5
 707 0037 35       		.uleb128 0x35
 708 0038 00       		.byte	0
 709 0039 49       		.uleb128 0x49
 710 003a 13       		.uleb128 0x13
 711 003b 00       		.byte	0
 712 003c 00       		.byte	0
 713 003d 06       		.uleb128 0x6
 714 003e 13       		.uleb128 0x13
 715 003f 01       		.byte	0x1
 716 0040 0B       		.uleb128 0xb
 717 0041 0B       		.uleb128 0xb
 718 0042 3A       		.uleb128 0x3a
 719 0043 0B       		.uleb128 0xb
 720 0044 3B       		.uleb128 0x3b
 721 0045 05       		.uleb128 0x5
 722 0046 01       		.uleb128 0x1
 723 0047 13       		.uleb128 0x13
 724 0048 00       		.byte	0
 725 0049 00       		.byte	0
 726 004a 07       		.uleb128 0x7
 727 004b 0D       		.uleb128 0xd
 728 004c 00       		.byte	0
 729 004d 03       		.uleb128 0x3
 730 004e 0E       		.uleb128 0xe
 731 004f 3A       		.uleb128 0x3a
 732 0050 0B       		.uleb128 0xb
 733 0051 3B       		.uleb128 0x3b
 734 0052 05       		.uleb128 0x5
 735 0053 49       		.uleb128 0x49
 736 0054 13       		.uleb128 0x13
 737 0055 38       		.uleb128 0x38
 738 0056 0B       		.uleb128 0xb
 739 0057 00       		.byte	0
 740 0058 00       		.byte	0
 741 0059 08       		.uleb128 0x8
ARM GAS  /tmp/ccCeoIlC.s 			page 14


 742 005a 16       		.uleb128 0x16
 743 005b 00       		.byte	0
 744 005c 03       		.uleb128 0x3
 745 005d 0E       		.uleb128 0xe
 746 005e 3A       		.uleb128 0x3a
 747 005f 0B       		.uleb128 0xb
 748 0060 3B       		.uleb128 0x3b
 749 0061 05       		.uleb128 0x5
 750 0062 49       		.uleb128 0x49
 751 0063 13       		.uleb128 0x13
 752 0064 00       		.byte	0
 753 0065 00       		.byte	0
 754 0066 09       		.uleb128 0x9
 755 0067 13       		.uleb128 0x13
 756 0068 01       		.byte	0x1
 757 0069 0B       		.uleb128 0xb
 758 006a 0B       		.uleb128 0xb
 759 006b 3A       		.uleb128 0x3a
 760 006c 0B       		.uleb128 0xb
 761 006d 3B       		.uleb128 0x3b
 762 006e 0B       		.uleb128 0xb
 763 006f 01       		.uleb128 0x1
 764 0070 13       		.uleb128 0x13
 765 0071 00       		.byte	0
 766 0072 00       		.byte	0
 767 0073 0A       		.uleb128 0xa
 768 0074 0D       		.uleb128 0xd
 769 0075 00       		.byte	0
 770 0076 03       		.uleb128 0x3
 771 0077 0E       		.uleb128 0xe
 772 0078 3A       		.uleb128 0x3a
 773 0079 0B       		.uleb128 0xb
 774 007a 3B       		.uleb128 0x3b
 775 007b 0B       		.uleb128 0xb
 776 007c 49       		.uleb128 0x49
 777 007d 13       		.uleb128 0x13
 778 007e 38       		.uleb128 0x38
 779 007f 0B       		.uleb128 0xb
 780 0080 00       		.byte	0
 781 0081 00       		.byte	0
 782 0082 0B       		.uleb128 0xb
 783 0083 0D       		.uleb128 0xd
 784 0084 00       		.byte	0
 785 0085 03       		.uleb128 0x3
 786 0086 08       		.uleb128 0x8
 787 0087 3A       		.uleb128 0x3a
 788 0088 0B       		.uleb128 0xb
 789 0089 3B       		.uleb128 0x3b
 790 008a 0B       		.uleb128 0xb
 791 008b 49       		.uleb128 0x49
 792 008c 13       		.uleb128 0x13
 793 008d 38       		.uleb128 0x38
 794 008e 0B       		.uleb128 0xb
 795 008f 00       		.byte	0
 796 0090 00       		.byte	0
 797 0091 0C       		.uleb128 0xc
 798 0092 2E       		.uleb128 0x2e
ARM GAS  /tmp/ccCeoIlC.s 			page 15


 799 0093 01       		.byte	0x1
 800 0094 3F       		.uleb128 0x3f
 801 0095 19       		.uleb128 0x19
 802 0096 03       		.uleb128 0x3
 803 0097 0E       		.uleb128 0xe
 804 0098 3A       		.uleb128 0x3a
 805 0099 0B       		.uleb128 0xb
 806 009a 3B       		.uleb128 0x3b
 807 009b 0B       		.uleb128 0xb
 808 009c 27       		.uleb128 0x27
 809 009d 19       		.uleb128 0x19
 810 009e 49       		.uleb128 0x49
 811 009f 13       		.uleb128 0x13
 812 00a0 20       		.uleb128 0x20
 813 00a1 0B       		.uleb128 0xb
 814 00a2 01       		.uleb128 0x1
 815 00a3 13       		.uleb128 0x13
 816 00a4 00       		.byte	0
 817 00a5 00       		.byte	0
 818 00a6 0D       		.uleb128 0xd
 819 00a7 05       		.uleb128 0x5
 820 00a8 00       		.byte	0
 821 00a9 03       		.uleb128 0x3
 822 00aa 0E       		.uleb128 0xe
 823 00ab 3A       		.uleb128 0x3a
 824 00ac 0B       		.uleb128 0xb
 825 00ad 3B       		.uleb128 0x3b
 826 00ae 0B       		.uleb128 0xb
 827 00af 49       		.uleb128 0x49
 828 00b0 13       		.uleb128 0x13
 829 00b1 00       		.byte	0
 830 00b2 00       		.byte	0
 831 00b3 0E       		.uleb128 0xe
 832 00b4 05       		.uleb128 0x5
 833 00b5 00       		.byte	0
 834 00b6 03       		.uleb128 0x3
 835 00b7 08       		.uleb128 0x8
 836 00b8 3A       		.uleb128 0x3a
 837 00b9 0B       		.uleb128 0xb
 838 00ba 3B       		.uleb128 0x3b
 839 00bb 0B       		.uleb128 0xb
 840 00bc 49       		.uleb128 0x49
 841 00bd 13       		.uleb128 0x13
 842 00be 00       		.byte	0
 843 00bf 00       		.byte	0
 844 00c0 0F       		.uleb128 0xf
 845 00c1 34       		.uleb128 0x34
 846 00c2 00       		.byte	0
 847 00c3 03       		.uleb128 0x3
 848 00c4 08       		.uleb128 0x8
 849 00c5 3A       		.uleb128 0x3a
 850 00c6 0B       		.uleb128 0xb
 851 00c7 3B       		.uleb128 0x3b
 852 00c8 0B       		.uleb128 0xb
 853 00c9 49       		.uleb128 0x49
 854 00ca 13       		.uleb128 0x13
 855 00cb 00       		.byte	0
ARM GAS  /tmp/ccCeoIlC.s 			page 16


 856 00cc 00       		.byte	0
 857 00cd 10       		.uleb128 0x10
 858 00ce 2E       		.uleb128 0x2e
 859 00cf 01       		.byte	0x1
 860 00d0 3F       		.uleb128 0x3f
 861 00d1 19       		.uleb128 0x19
 862 00d2 03       		.uleb128 0x3
 863 00d3 0E       		.uleb128 0xe
 864 00d4 3A       		.uleb128 0x3a
 865 00d5 0B       		.uleb128 0xb
 866 00d6 3B       		.uleb128 0x3b
 867 00d7 0B       		.uleb128 0xb
 868 00d8 27       		.uleb128 0x27
 869 00d9 19       		.uleb128 0x19
 870 00da 11       		.uleb128 0x11
 871 00db 01       		.uleb128 0x1
 872 00dc 12       		.uleb128 0x12
 873 00dd 06       		.uleb128 0x6
 874 00de 40       		.uleb128 0x40
 875 00df 18       		.uleb128 0x18
 876 00e0 9742     		.uleb128 0x2117
 877 00e2 19       		.uleb128 0x19
 878 00e3 01       		.uleb128 0x1
 879 00e4 13       		.uleb128 0x13
 880 00e5 00       		.byte	0
 881 00e6 00       		.byte	0
 882 00e7 11       		.uleb128 0x11
 883 00e8 898201   		.uleb128 0x4109
 884 00eb 00       		.byte	0
 885 00ec 11       		.uleb128 0x11
 886 00ed 01       		.uleb128 0x1
 887 00ee 31       		.uleb128 0x31
 888 00ef 13       		.uleb128 0x13
 889 00f0 00       		.byte	0
 890 00f1 00       		.byte	0
 891 00f2 12       		.uleb128 0x12
 892 00f3 898201   		.uleb128 0x4109
 893 00f6 00       		.byte	0
 894 00f7 11       		.uleb128 0x11
 895 00f8 01       		.uleb128 0x1
 896 00f9 9542     		.uleb128 0x2115
 897 00fb 19       		.uleb128 0x19
 898 00fc 31       		.uleb128 0x31
 899 00fd 13       		.uleb128 0x13
 900 00fe 00       		.byte	0
 901 00ff 00       		.byte	0
 902 0100 13       		.uleb128 0x13
 903 0101 2E       		.uleb128 0x2e
 904 0102 01       		.byte	0x1
 905 0103 31       		.uleb128 0x31
 906 0104 13       		.uleb128 0x13
 907 0105 11       		.uleb128 0x11
 908 0106 01       		.uleb128 0x1
 909 0107 12       		.uleb128 0x12
 910 0108 06       		.uleb128 0x6
 911 0109 40       		.uleb128 0x40
 912 010a 18       		.uleb128 0x18
ARM GAS  /tmp/ccCeoIlC.s 			page 17


 913 010b 9742     		.uleb128 0x2117
 914 010d 19       		.uleb128 0x19
 915 010e 01       		.uleb128 0x1
 916 010f 13       		.uleb128 0x13
 917 0110 00       		.byte	0
 918 0111 00       		.byte	0
 919 0112 14       		.uleb128 0x14
 920 0113 05       		.uleb128 0x5
 921 0114 00       		.byte	0
 922 0115 31       		.uleb128 0x31
 923 0116 13       		.uleb128 0x13
 924 0117 02       		.uleb128 0x2
 925 0118 17       		.uleb128 0x17
 926 0119 00       		.byte	0
 927 011a 00       		.byte	0
 928 011b 15       		.uleb128 0x15
 929 011c 05       		.uleb128 0x5
 930 011d 00       		.byte	0
 931 011e 31       		.uleb128 0x31
 932 011f 13       		.uleb128 0x13
 933 0120 02       		.uleb128 0x2
 934 0121 18       		.uleb128 0x18
 935 0122 00       		.byte	0
 936 0123 00       		.byte	0
 937 0124 16       		.uleb128 0x16
 938 0125 34       		.uleb128 0x34
 939 0126 00       		.byte	0
 940 0127 31       		.uleb128 0x31
 941 0128 13       		.uleb128 0x13
 942 0129 02       		.uleb128 0x2
 943 012a 18       		.uleb128 0x18
 944 012b 00       		.byte	0
 945 012c 00       		.byte	0
 946 012d 17       		.uleb128 0x17
 947 012e 05       		.uleb128 0x5
 948 012f 00       		.byte	0
 949 0130 03       		.uleb128 0x3
 950 0131 0E       		.uleb128 0xe
 951 0132 3A       		.uleb128 0x3a
 952 0133 0B       		.uleb128 0xb
 953 0134 3B       		.uleb128 0x3b
 954 0135 0B       		.uleb128 0xb
 955 0136 49       		.uleb128 0x49
 956 0137 13       		.uleb128 0x13
 957 0138 02       		.uleb128 0x2
 958 0139 17       		.uleb128 0x17
 959 013a 00       		.byte	0
 960 013b 00       		.byte	0
 961 013c 18       		.uleb128 0x18
 962 013d 34       		.uleb128 0x34
 963 013e 00       		.byte	0
 964 013f 03       		.uleb128 0x3
 965 0140 0E       		.uleb128 0xe
 966 0141 3A       		.uleb128 0x3a
 967 0142 0B       		.uleb128 0xb
 968 0143 3B       		.uleb128 0x3b
 969 0144 0B       		.uleb128 0xb
ARM GAS  /tmp/ccCeoIlC.s 			page 18


 970 0145 49       		.uleb128 0x49
 971 0146 13       		.uleb128 0x13
 972 0147 02       		.uleb128 0x2
 973 0148 18       		.uleb128 0x18
 974 0149 00       		.byte	0
 975 014a 00       		.byte	0
 976 014b 19       		.uleb128 0x19
 977 014c 1D       		.uleb128 0x1d
 978 014d 01       		.byte	0x1
 979 014e 31       		.uleb128 0x31
 980 014f 13       		.uleb128 0x13
 981 0150 52       		.uleb128 0x52
 982 0151 01       		.uleb128 0x1
 983 0152 55       		.uleb128 0x55
 984 0153 17       		.uleb128 0x17
 985 0154 58       		.uleb128 0x58
 986 0155 0B       		.uleb128 0xb
 987 0156 59       		.uleb128 0x59
 988 0157 0B       		.uleb128 0xb
 989 0158 00       		.byte	0
 990 0159 00       		.byte	0
 991 015a 1A       		.uleb128 0x1a
 992 015b 0B       		.uleb128 0xb
 993 015c 01       		.byte	0x1
 994 015d 55       		.uleb128 0x55
 995 015e 17       		.uleb128 0x17
 996 015f 00       		.byte	0
 997 0160 00       		.byte	0
 998 0161 1B       		.uleb128 0x1b
 999 0162 34       		.uleb128 0x34
 1000 0163 00       		.byte	0
 1001 0164 31       		.uleb128 0x31
 1002 0165 13       		.uleb128 0x13
 1003 0166 02       		.uleb128 0x2
 1004 0167 17       		.uleb128 0x17
 1005 0168 00       		.byte	0
 1006 0169 00       		.byte	0
 1007 016a 1C       		.uleb128 0x1c
 1008 016b 34       		.uleb128 0x34
 1009 016c 00       		.byte	0
 1010 016d 03       		.uleb128 0x3
 1011 016e 0E       		.uleb128 0xe
 1012 016f 3A       		.uleb128 0x3a
 1013 0170 0B       		.uleb128 0xb
 1014 0171 3B       		.uleb128 0x3b
 1015 0172 05       		.uleb128 0x5
 1016 0173 49       		.uleb128 0x49
 1017 0174 13       		.uleb128 0x13
 1018 0175 3F       		.uleb128 0x3f
 1019 0176 19       		.uleb128 0x19
 1020 0177 3C       		.uleb128 0x3c
 1021 0178 19       		.uleb128 0x19
 1022 0179 00       		.byte	0
 1023 017a 00       		.byte	0
 1024 017b 1D       		.uleb128 0x1d
 1025 017c 26       		.uleb128 0x26
 1026 017d 00       		.byte	0
ARM GAS  /tmp/ccCeoIlC.s 			page 19


 1027 017e 49       		.uleb128 0x49
 1028 017f 13       		.uleb128 0x13
 1029 0180 00       		.byte	0
 1030 0181 00       		.byte	0
 1031 0182 1E       		.uleb128 0x1e
 1032 0183 2E       		.uleb128 0x2e
 1033 0184 00       		.byte	0
 1034 0185 3F       		.uleb128 0x3f
 1035 0186 19       		.uleb128 0x19
 1036 0187 3C       		.uleb128 0x3c
 1037 0188 19       		.uleb128 0x19
 1038 0189 6E       		.uleb128 0x6e
 1039 018a 0E       		.uleb128 0xe
 1040 018b 03       		.uleb128 0x3
 1041 018c 0E       		.uleb128 0xe
 1042 018d 3A       		.uleb128 0x3a
 1043 018e 0B       		.uleb128 0xb
 1044 018f 3B       		.uleb128 0x3b
 1045 0190 05       		.uleb128 0x5
 1046 0191 00       		.byte	0
 1047 0192 00       		.byte	0
 1048 0193 1F       		.uleb128 0x1f
 1049 0194 2E       		.uleb128 0x2e
 1050 0195 00       		.byte	0
 1051 0196 3F       		.uleb128 0x3f
 1052 0197 19       		.uleb128 0x19
 1053 0198 3C       		.uleb128 0x3c
 1054 0199 19       		.uleb128 0x19
 1055 019a 6E       		.uleb128 0x6e
 1056 019b 0E       		.uleb128 0xe
 1057 019c 03       		.uleb128 0x3
 1058 019d 0E       		.uleb128 0xe
 1059 019e 3A       		.uleb128 0x3a
 1060 019f 0B       		.uleb128 0xb
 1061 01a0 3B       		.uleb128 0x3b
 1062 01a1 0B       		.uleb128 0xb
 1063 01a2 00       		.byte	0
 1064 01a3 00       		.byte	0
 1065 01a4 00       		.byte	0
 1066              		.section	.debug_loc,"",%progbits
 1067              	.Ldebug_loc0:
 1068              	.LLST0:
 1069 0000 00000000 		.4byte	.LVL6
 1070 0004 12000000 		.4byte	.LVL8
 1071 0008 0100     		.2byte	0x1
 1072 000a 50       		.byte	0x50
 1073 000b 12000000 		.4byte	.LVL8
 1074 000f 16000000 		.4byte	.LVL9
 1075 0013 0400     		.2byte	0x4
 1076 0015 F3       		.byte	0xf3
 1077 0016 01       		.uleb128 0x1
 1078 0017 50       		.byte	0x50
 1079 0018 9F       		.byte	0x9f
 1080 0019 16000000 		.4byte	.LVL9
 1081 001d 1C000000 		.4byte	.LVL10
 1082 0021 0100     		.2byte	0x1
 1083 0023 50       		.byte	0x50
ARM GAS  /tmp/ccCeoIlC.s 			page 20


 1084 0024 1C000000 		.4byte	.LVL10
 1085 0028 1E000000 		.4byte	.LVL11
 1086 002c 0400     		.2byte	0x4
 1087 002e F3       		.byte	0xf3
 1088 002f 01       		.uleb128 0x1
 1089 0030 50       		.byte	0x50
 1090 0031 9F       		.byte	0x9f
 1091 0032 1E000000 		.4byte	.LVL11
 1092 0036 20000000 		.4byte	.LVL12
 1093 003a 0100     		.2byte	0x1
 1094 003c 50       		.byte	0x50
 1095 003d 20000000 		.4byte	.LVL12
 1096 0041 28000000 		.4byte	.LFE119
 1097 0045 0400     		.2byte	0x4
 1098 0047 F3       		.byte	0xf3
 1099 0048 01       		.uleb128 0x1
 1100 0049 50       		.byte	0x50
 1101 004a 9F       		.byte	0x9f
 1102 004b 00000000 		.4byte	0
 1103 004f 00000000 		.4byte	0
 1104              	.LLST1:
 1105 0053 00000000 		.4byte	.LVL13
 1106 0057 06000000 		.4byte	.LVL15
 1107 005b 0100     		.2byte	0x1
 1108 005d 50       		.byte	0x50
 1109 005e 06000000 		.4byte	.LVL15
 1110 0062 28000000 		.4byte	.LFE120
 1111 0066 0400     		.2byte	0x4
 1112 0068 F3       		.byte	0xf3
 1113 0069 01       		.uleb128 0x1
 1114 006a 50       		.byte	0x50
 1115 006b 9F       		.byte	0x9f
 1116 006c 00000000 		.4byte	0
 1117 0070 00000000 		.4byte	0
 1118              	.LLST2:
 1119 0074 06000000 		.4byte	.LVL15
 1120 0078 10000000 		.4byte	.LVL17
 1121 007c 0100     		.2byte	0x1
 1122 007e 50       		.byte	0x50
 1123 007f 1C000000 		.4byte	.LVL19
 1124 0083 28000000 		.4byte	.LFE120
 1125 0087 0100     		.2byte	0x1
 1126 0089 50       		.byte	0x50
 1127 008a 00000000 		.4byte	0
 1128 008e 00000000 		.4byte	0
 1129              	.LLST3:
 1130 0092 06000000 		.4byte	.LVL15
 1131 0096 10000000 		.4byte	.LVL17
 1132 009a 0100     		.2byte	0x1
 1133 009c 52       		.byte	0x52
 1134 009d 1C000000 		.4byte	.LVL19
 1135 00a1 28000000 		.4byte	.LFE120
 1136 00a5 0100     		.2byte	0x1
 1137 00a7 52       		.byte	0x52
 1138 00a8 00000000 		.4byte	0
 1139 00ac 00000000 		.4byte	0
 1140              	.LLST4:
ARM GAS  /tmp/ccCeoIlC.s 			page 21


 1141 00b0 0A000000 		.4byte	.LVL16
 1142 00b4 10000000 		.4byte	.LVL17
 1143 00b8 0100     		.2byte	0x1
 1144 00ba 53       		.byte	0x53
 1145 00bb 1C000000 		.4byte	.LVL19
 1146 00bf 28000000 		.4byte	.LFE120
 1147 00c3 0100     		.2byte	0x1
 1148 00c5 53       		.byte	0x53
 1149 00c6 00000000 		.4byte	0
 1150 00ca 00000000 		.4byte	0
 1151              		.section	.debug_aranges,"",%progbits
 1152 0000 2C000000 		.4byte	0x2c
 1153 0004 0200     		.2byte	0x2
 1154 0006 00000000 		.4byte	.Ldebug_info0
 1155 000a 04       		.byte	0x4
 1156 000b 00       		.byte	0
 1157 000c 0000     		.2byte	0
 1158 000e 0000     		.2byte	0
 1159 0010 00000000 		.4byte	.LFB118
 1160 0014 24000000 		.4byte	.LFE118-.LFB118
 1161 0018 00000000 		.4byte	.LFB119
 1162 001c 28000000 		.4byte	.LFE119-.LFB119
 1163 0020 00000000 		.4byte	.LFB120
 1164 0024 28000000 		.4byte	.LFE120-.LFB120
 1165 0028 00000000 		.4byte	0
 1166 002c 00000000 		.4byte	0
 1167              		.section	.debug_ranges,"",%progbits
 1168              	.Ldebug_ranges0:
 1169 0000 06000000 		.4byte	.LBB4
 1170 0004 16000000 		.4byte	.LBE4
 1171 0008 1C000000 		.4byte	.LBB7
 1172 000c 28000000 		.4byte	.LBE7
 1173 0010 00000000 		.4byte	0
 1174 0014 00000000 		.4byte	0
 1175 0018 00000000 		.4byte	.LFB118
 1176 001c 24000000 		.4byte	.LFE118
 1177 0020 00000000 		.4byte	.LFB119
 1178 0024 28000000 		.4byte	.LFE119
 1179 0028 00000000 		.4byte	.LFB120
 1180 002c 28000000 		.4byte	.LFE120
 1181 0030 00000000 		.4byte	0
 1182 0034 00000000 		.4byte	0
 1183              		.section	.debug_line,"",%progbits
 1184              	.Ldebug_line0:
 1185 0000 A1020000 		.section	.debug_str,"MS",%progbits,1
 1185      02003402 
 1185      00000201 
 1185      FB0E0D00 
 1185      01010101 
 1186              	.LASF62:
 1187 0000 7469636B 		.ascii	"ticks\000"
 1187      7300
 1188              	.LASF53:
 1189 0006 5F70616C 		.ascii	"_pal_lld_init\000"
 1189      5F6C6C64 
 1189      5F696E69 
 1189      7400
ARM GAS  /tmp/ccCeoIlC.s 			page 22


 1190              	.LASF51:
 1191 0014 70616C5F 		.ascii	"pal_default_config\000"
 1191      64656661 
 1191      756C745F 
 1191      636F6E66 
 1191      696700
 1192              	.LASF5:
 1193 0027 73686F72 		.ascii	"short int\000"
 1193      7420696E 
 1193      7400
 1194              	.LASF60:
 1195 0031 2F686F6D 		.ascii	"/home/lithium/Documentos/ChibiOS_2.6.8/demos/PodioV"
 1195      652F6C69 
 1195      74686975 
 1195      6D2F446F 
 1195      63756D65 
 1196 0064 69727475 		.ascii	"irtual\000"
 1196      616C00
 1197              	.LASF17:
 1198 006b 73697A65 		.ascii	"sizetype\000"
 1198      74797065 
 1198      00
 1199              	.LASF25:
 1200 0074 50435352 		.ascii	"PCSR\000"
 1200      00
 1201              	.LASF41:
 1202 0079 50464461 		.ascii	"PFData\000"
 1202      746100
 1203              	.LASF44:
 1204 0080 50494461 		.ascii	"PIData\000"
 1204      746100
 1205              	.LASF24:
 1206 0087 464F4C44 		.ascii	"FOLDCNT\000"
 1206      434E5400 
 1207              	.LASF55:
 1208 008f 73706949 		.ascii	"spiInit\000"
 1208      6E697400 
 1209              	.LASF9:
 1210 0097 5F5F7569 		.ascii	"__uint32_t\000"
 1210      6E743332 
 1210      5F7400
 1211              	.LASF16:
 1212 00a2 494F5245 		.ascii	"IOREG32\000"
 1212      47333200 
 1213              	.LASF36:
 1214 00aa 50414461 		.ascii	"PAData\000"
 1214      746100
 1215              	.LASF1:
 1216 00b1 6C6F6E67 		.ascii	"long long int\000"
 1216      206C6F6E 
 1216      6720696E 
 1216      7400
 1217              	.LASF47:
 1218 00bf 68616C49 		.ascii	"halInit\000"
 1218      6E697400 
 1219              	.LASF19:
 1220 00c7 43594343 		.ascii	"CYCCNT\000"
ARM GAS  /tmp/ccCeoIlC.s 			page 23


 1220      4E5400
 1221              	.LASF8:
 1222 00ce 5F5F696E 		.ascii	"__int32_t\000"
 1222      7433325F 
 1222      7400
 1223              	.LASF31:
 1224 00d8 6F737065 		.ascii	"ospeedr\000"
 1224      65647200 
 1225              	.LASF7:
 1226 00e0 6C6F6E67 		.ascii	"long int\000"
 1226      20696E74 
 1226      00
 1227              	.LASF54:
 1228 00e9 70776D49 		.ascii	"pwmInit\000"
 1228      6E697400 
 1229              	.LASF39:
 1230 00f1 50444461 		.ascii	"PDData\000"
 1230      746100
 1231              	.LASF48:
 1232 00f8 68616C50 		.ascii	"halPolledDelay\000"
 1232      6F6C6C65 
 1232      6444656C 
 1232      617900
 1233              	.LASF59:
 1234 0107 2E2E2F2E 		.ascii	"../../os/hal/src/hal.c\000"
 1234      2E2F6F73 
 1234      2F68616C 
 1234      2F737263 
 1234      2F68616C 
 1235              	.LASF57:
 1236 011e 626F6172 		.ascii	"boardInit\000"
 1236      64496E69 
 1236      7400
 1237              	.LASF42:
 1238 0128 50474461 		.ascii	"PGData\000"
 1238      746100
 1239              	.LASF2:
 1240 012f 6C6F6E67 		.ascii	"long double\000"
 1240      20646F75 
 1240      626C6500 
 1241              	.LASF38:
 1242 013b 50434461 		.ascii	"PCData\000"
 1242      746100
 1243              	.LASF4:
 1244 0142 756E7369 		.ascii	"unsigned char\000"
 1244      676E6564 
 1244      20636861 
 1244      7200
 1245              	.LASF18:
 1246 0150 4354524C 		.ascii	"CTRL\000"
 1246      00
 1247              	.LASF3:
 1248 0155 7369676E 		.ascii	"signed char\000"
 1248      65642063 
 1248      68617200 
 1249              	.LASF11:
 1250 0161 6C6F6E67 		.ascii	"long long unsigned int\000"
ARM GAS  /tmp/ccCeoIlC.s 			page 24


 1250      206C6F6E 
 1250      6720756E 
 1250      7369676E 
 1250      65642069 
 1251              	.LASF13:
 1252 0178 75696E74 		.ascii	"uint32_t\000"
 1252      33325F74 
 1252      00
 1253              	.LASF30:
 1254 0181 6F747970 		.ascii	"otyper\000"
 1254      657200
 1255              	.LASF35:
 1256 0188 73746D33 		.ascii	"stm32_gpio_setup_t\000"
 1256      325F6770 
 1256      696F5F73 
 1256      65747570 
 1256      5F7400
 1257              	.LASF52:
 1258 019b 68616C5F 		.ascii	"hal_lld_init\000"
 1258      6C6C645F 
 1258      696E6974 
 1258      00
 1259              	.LASF56:
 1260 01a8 75617274 		.ascii	"uartInit\000"
 1260      496E6974 
 1260      00
 1261              	.LASF46:
 1262 01b1 73746172 		.ascii	"start\000"
 1262      7400
 1263              	.LASF6:
 1264 01b7 73686F72 		.ascii	"short unsigned int\000"
 1264      7420756E 
 1264      7369676E 
 1264      65642069 
 1264      6E7400
 1265              	.LASF27:
 1266 01ca 63686172 		.ascii	"char\000"
 1266      00
 1267              	.LASF12:
 1268 01cf 696E7433 		.ascii	"int32_t\000"
 1268      325F7400 
 1269              	.LASF14:
 1270 01d7 626F6F6C 		.ascii	"bool_t\000"
 1270      5F7400
 1271              	.LASF45:
 1272 01de 50414C43 		.ascii	"PALConfig\000"
 1272      6F6E6669 
 1272      6700
 1273              	.LASF37:
 1274 01e8 50424461 		.ascii	"PBData\000"
 1274      746100
 1275              	.LASF15:
 1276 01ef 5F426F6F 		.ascii	"_Bool\000"
 1276      6C00
 1277              	.LASF26:
 1278 01f5 434D785F 		.ascii	"CMx_DWT\000"
 1278      44575400 
ARM GAS  /tmp/ccCeoIlC.s 			page 25


 1279              	.LASF40:
 1280 01fd 50454461 		.ascii	"PEData\000"
 1280      746100
 1281              	.LASF20:
 1282 0204 43504943 		.ascii	"CPICNT\000"
 1282      4E5400
 1283              	.LASF10:
 1284 020b 6C6F6E67 		.ascii	"long unsigned int\000"
 1284      20756E73 
 1284      69676E65 
 1284      6420696E 
 1284      7400
 1285              	.LASF43:
 1286 021d 50484461 		.ascii	"PHData\000"
 1286      746100
 1287              	.LASF28:
 1288 0224 68616C72 		.ascii	"halrtcnt_t\000"
 1288      74636E74 
 1288      5F7400
 1289              	.LASF22:
 1290 022f 534C4545 		.ascii	"SLEEPCNT\000"
 1290      50434E54 
 1290      00
 1291              	.LASF32:
 1292 0238 70757064 		.ascii	"pupdr\000"
 1292      7200
 1293              	.LASF23:
 1294 023e 4C535543 		.ascii	"LSUCNT\000"
 1294      4E5400
 1295              	.LASF34:
 1296 0245 61667268 		.ascii	"afrh\000"
 1296      00
 1297              	.LASF33:
 1298 024a 6166726C 		.ascii	"afrl\000"
 1298      00
 1299              	.LASF29:
 1300 024f 6D6F6465 		.ascii	"moder\000"
 1300      7200
 1301              	.LASF58:
 1302 0255 474E5520 		.ascii	"GNU C11 5.3.1 20160307 (release) [ARM/embedded-5-br"
 1302      43313120 
 1302      352E332E 
 1302      31203230 
 1302      31363033 
 1303 0288 616E6368 		.ascii	"anch revision 234589] -mcpu=cortex-m4 -mno-thumb-in"
 1303      20726576 
 1303      6973696F 
 1303      6E203233 
 1303      34353839 
 1304 02bb 74657277 		.ascii	"terwork -mthumb -ggdb -O2 -fomit-frame-pointer -fal"
 1304      6F726B20 
 1304      2D6D7468 
 1304      756D6220 
 1304      2D676764 
 1305 02ee 69676E2D 		.ascii	"ign-functions=16 -ffunction-sections -fdata-section"
 1305      66756E63 
 1305      74696F6E 
ARM GAS  /tmp/ccCeoIlC.s 			page 26


 1305      733D3136 
 1305      202D6666 
 1306 0321 73202D66 		.ascii	"s -fno-common\000"
 1306      6E6F2D63 
 1306      6F6D6D6F 
 1306      6E00
 1307              	.LASF50:
 1308 032f 49544D5F 		.ascii	"ITM_RxBuffer\000"
 1308      52784275 
 1308      66666572 
 1308      00
 1309              	.LASF0:
 1310 033c 756E7369 		.ascii	"unsigned int\000"
 1310      676E6564 
 1310      20696E74 
 1310      00
 1311              	.LASF61:
 1312 0349 68616C49 		.ascii	"halIsCounterWithin\000"
 1312      73436F75 
 1312      6E746572 
 1312      57697468 
 1312      696E00
 1313              	.LASF21:
 1314 035c 45584343 		.ascii	"EXCCNT\000"
 1314      4E5400
 1315              	.LASF49:
 1316 0363 74696D65 		.ascii	"timeout\000"
 1316      6F757400 
 1317              		.ident	"GCC: (GNU Tools for ARM Embedded Processors) 5.3.1 20160307 (release) [ARM/embedded-5-bran
ARM GAS  /tmp/ccCeoIlC.s 			page 27


DEFINED SYMBOLS
                            *ABS*:00000000 hal.c
     /tmp/ccCeoIlC.s:20     .text.halInit:00000000 $t
     /tmp/ccCeoIlC.s:26     .text.halInit:00000000 halInit
     /tmp/ccCeoIlC.s:64     .text.halInit:00000020 $d
     /tmp/ccCeoIlC.s:69     .text.halIsCounterWithin:00000000 $t
     /tmp/ccCeoIlC.s:75     .text.halIsCounterWithin:00000000 halIsCounterWithin
     /tmp/ccCeoIlC.s:119    .text.halIsCounterWithin:00000024 $d
     /tmp/ccCeoIlC.s:124    .text.halPolledDelay:00000000 $t
     /tmp/ccCeoIlC.s:130    .text.halPolledDelay:00000000 halPolledDelay
     /tmp/ccCeoIlC.s:183    .text.halPolledDelay:00000024 $d
                     .debug_frame:00000010 $d

UNDEFINED SYMBOLS
hal_lld_init
_pal_lld_init
pwmInit
spiInit
uartInit
boardInit
pal_default_config
