ARM GAS  /tmp/ccuzA2ea.s 			page 1


   1              		.syntax unified
   2              		.cpu cortex-m4
   3              		.fpu softvfp
   4              		.eabi_attribute 20, 1
   5              		.eabi_attribute 21, 1
   6              		.eabi_attribute 23, 3
   7              		.eabi_attribute 24, 1
   8              		.eabi_attribute 25, 1
   9              		.eabi_attribute 26, 1
  10              		.eabi_attribute 30, 2
  11              		.eabi_attribute 34, 1
  12              		.eabi_attribute 18, 4
  13              		.thumb
  14              		.syntax unified
  15              		.file	"hal_lld.c"
  16              		.text
  17              	.Ltext0:
  18              		.cfi_sections	.debug_frame
  19              		.section	.text.hal_lld_init,"ax",%progbits
  20              		.align	2
  21              		.p2align 4,,15
  22              		.global	hal_lld_init
  23              		.thumb
  24              		.thumb_func
  25              		.type	hal_lld_init, %function
  26              	hal_lld_init:
  27              	.LFB119:
  28              		.file 1 "../../os/hal/platforms/STM32F4xx/hal_lld.c"
  29              		.loc 1 111 0
  30              		.cfi_startproc
  31              		@ args = 0, pretend = 0, frame = 0
  32              		@ frame_needed = 0, uses_anonymous_args = 0
  33              		.loc 1 115 0
  34 0000 1F4B     		ldr	r3, .L8
  35              		.loc 1 121 0
  36 0002 2049     		ldr	r1, .L8+4
  37              		.loc 1 115 0
  38 0004 1A69     		ldr	r2, [r3, #16]
  39 0006 4FF0FF30 		mov	r0, #-1
  40 000a 0022     		movs	r2, #0
  41              		.loc 1 111 0
  42 000c F0B5     		push	{r4, r5, r6, r7, lr}
  43              		.cfi_def_cfa_offset 20
  44              		.cfi_offset 4, -20
  45              		.cfi_offset 5, -16
  46              		.cfi_offset 6, -12
  47              		.cfi_offset 7, -8
  48              		.cfi_offset 14, -4
  49              		.loc 1 115 0
  50 000e 1861     		str	r0, [r3, #16]
  51 0010 1A61     		str	r2, [r3, #16]
  52              		.loc 1 116 0
  53 0012 5C69     		ldr	r4, [r3, #20]
  54 0014 5861     		str	r0, [r3, #20]
  55 0016 5A61     		str	r2, [r3, #20]
  56              		.loc 1 117 0
  57 0018 1C6A     		ldr	r4, [r3, #32]
ARM GAS  /tmp/ccuzA2ea.s 			page 2


  58              		.loc 1 128 0
  59 001a 1B4E     		ldr	r6, .L8+8
  60              		.loc 1 121 0
  61 001c 1B4F     		ldr	r7, .L8+12
  62              		.loc 1 129 0
  63 001e 1C4D     		ldr	r5, .L8+16
  64              		.loc 1 117 0
  65 0020 64F08054 		orn	r4, r4, #268435456
  66 0024 1C62     		str	r4, [r3, #32]
  67 0026 1A62     		str	r2, [r3, #32]
  68              		.loc 1 123 0
  69 0028 0724     		movs	r4, #7
  70              		.loc 1 118 0
  71 002a D3F824E0 		ldr	lr, [r3, #36]
  72 002e 5862     		str	r0, [r3, #36]
  73 0030 5A62     		str	r2, [r3, #36]
  74              		.loc 1 121 0
  75 0032 4F60     		str	r7, [r1, #4]
  76              		.loc 1 122 0
  77 0034 8A60     		str	r2, [r1, #8]
  78              		.loc 1 123 0
  79 0036 0C60     		str	r4, [r1]
  80              		.loc 1 128 0
  81 0038 F168     		ldr	r1, [r6, #12]
  82              	.LBB4:
  83              	.LBB5:
  84              		.loc 1 54 0
  85 003a 1648     		ldr	r0, .L8+20
  86              	.LBE5:
  87              	.LBE4:
  88              		.loc 1 128 0
  89 003c 41F08071 		orr	r1, r1, #16777216
  90 0040 F160     		str	r1, [r6, #12]
  91              		.loc 1 129 0
  92 0042 2968     		ldr	r1, [r5]
  93 0044 41F00101 		orr	r1, r1, #1
  94 0048 2960     		str	r1, [r5]
  95              		.loc 1 132 0
  96 004a 196C     		ldr	r1, [r3, #64]
  97 004c 41F08051 		orr	r1, r1, #268435456
  98 0050 1964     		str	r1, [r3, #64]
  99              	.LBB7:
 100              	.LBB6:
 101              		.loc 1 54 0
 102 0052 0168     		ldr	r1, [r0]
 103 0054 41F48071 		orr	r1, r1, #256
 104 0058 0160     		str	r1, [r0]
 105              		.loc 1 57 0
 106 005a 196F     		ldr	r1, [r3, #112]
 107 005c 01F44071 		and	r1, r1, #768
 108 0060 B1F5007F 		cmp	r1, #512
 109 0064 03D0     		beq	.L2
 110              		.loc 1 59 0
 111 0066 4FF48031 		mov	r1, #65536
 112 006a 1967     		str	r1, [r3, #112]
 113              		.loc 1 60 0
 114 006c 1A67     		str	r2, [r3, #112]
ARM GAS  /tmp/ccuzA2ea.s 			page 3


 115              	.L2:
 116              		.loc 1 94 0
 117 006e 094A     		ldr	r2, .L8+20
 118 0070 5368     		ldr	r3, [r2, #4]
 119 0072 23F40073 		bic	r3, r3, #512
 120 0076 5360     		str	r3, [r2, #4]
 121              	.LBE6:
 122              	.LBE7:
 123              		.loc 1 145 0
 124 0078 BDE8F040 		pop	{r4, r5, r6, r7, lr}
 125              		.cfi_restore 14
 126              		.cfi_restore 7
 127              		.cfi_restore 6
 128              		.cfi_restore 5
 129              		.cfi_restore 4
 130              		.cfi_def_cfa_offset 0
 131              		.loc 1 138 0
 132 007c FFF7FEBF 		b	dmaInit
 133              	.LVL0:
 134              	.L9:
 135              		.align	2
 136              	.L8:
 137 0080 00380240 		.word	1073887232
 138 0084 10E000E0 		.word	-536813552
 139 0088 F0ED00E0 		.word	-536810000
 140 008c 3F900200 		.word	167999
 141 0090 001000E0 		.word	-536866816
 142 0094 00700040 		.word	1073770496
 143              		.cfi_endproc
 144              	.LFE119:
 145              		.size	hal_lld_init, .-hal_lld_init
 146              		.section	.text.stm32_clock_init,"ax",%progbits
 147              		.align	2
 148              		.p2align 4,,15
 149              		.global	stm32_clock_init
 150              		.thumb
 151              		.thumb_func
 152              		.type	stm32_clock_init, %function
 153              	stm32_clock_init:
 154              	.LFB120:
 155              		.loc 1 154 0
 156              		.cfi_startproc
 157              		@ args = 0, pretend = 0, frame = 0
 158              		@ frame_needed = 0, uses_anonymous_args = 0
 159              		@ link register save eliminated.
 160              		.loc 1 158 0
 161 0000 2C49     		ldr	r1, .L31
 162              		.loc 1 162 0
 163 0002 2D4B     		ldr	r3, .L31+4
 164              		.loc 1 158 0
 165 0004 4FF08050 		mov	r0, #268435456
 166              		.loc 1 162 0
 167 0008 4FF44042 		mov	r2, #49152
 168              		.loc 1 158 0
 169 000c 0864     		str	r0, [r1, #64]
 170              		.loc 1 162 0
 171 000e 1A60     		str	r2, [r3]
ARM GAS  /tmp/ccuzA2ea.s 			page 4


 172              		.loc 1 169 0
 173 0010 0B68     		ldr	r3, [r1]
 174 0012 43F00103 		orr	r3, r3, #1
 175 0016 0B60     		str	r3, [r1]
 176              	.L11:
 177              		.loc 1 170 0 discriminator 1
 178 0018 0A68     		ldr	r2, [r1]
 179 001a 264B     		ldr	r3, .L31
 180 001c 9007     		lsls	r0, r2, #30
 181 001e FBD5     		bpl	.L11
 182              		.loc 1 176 0
 183 0020 9A68     		ldr	r2, [r3, #8]
 184 0022 22F00302 		bic	r2, r2, #3
 185 0026 9A60     		str	r2, [r3, #8]
 186              		.loc 1 177 0
 187 0028 9A68     		ldr	r2, [r3, #8]
 188 002a 9A60     		str	r2, [r3, #8]
 189              		.loc 1 178 0
 190 002c 1946     		mov	r1, r3
 191              	.L12:
 192              		.loc 1 178 0 is_stmt 0 discriminator 1
 193 002e 8B68     		ldr	r3, [r1, #8]
 194 0030 204A     		ldr	r2, .L31
 195 0032 13F00C03 		ands	r3, r3, #12
 196 0036 FAD1     		bne	.L12
 197              		.loc 1 182 0 is_stmt 1
 198 0038 1168     		ldr	r1, [r2]
 199 003a 01F0F901 		and	r1, r1, #249
 200 003e 1160     		str	r1, [r2]
 201              		.loc 1 183 0
 202 0040 9360     		str	r3, [r2, #8]
 203              		.loc 1 192 0
 204 0042 1368     		ldr	r3, [r2]
 205 0044 43F48033 		orr	r3, r3, #65536
 206 0048 1360     		str	r3, [r2]
 207              	.L13:
 208              		.loc 1 194 0 discriminator 1
 209 004a 1168     		ldr	r1, [r2]
 210 004c 194B     		ldr	r3, .L31
 211 004e 8903     		lsls	r1, r1, #14
 212 0050 FBD5     		bpl	.L13
 213              		.loc 1 200 0
 214 0052 5A6F     		ldr	r2, [r3, #116]
 215 0054 42F00102 		orr	r2, r2, #1
 216 0058 5A67     		str	r2, [r3, #116]
 217              	.L14:
 218              		.loc 1 201 0 discriminator 1
 219 005a 5A6F     		ldr	r2, [r3, #116]
 220 005c 1549     		ldr	r1, .L31
 221 005e 9007     		lsls	r0, r2, #30
 222 0060 FBD5     		bpl	.L14
 223              		.loc 1 207 0
 224 0062 164B     		ldr	r3, .L31+8
 225 0064 4B60     		str	r3, [r1, #4]
 226              		.loc 1 209 0
 227 0066 0B68     		ldr	r3, [r1]
 228              		.loc 1 213 0
ARM GAS  /tmp/ccuzA2ea.s 			page 5


 229 0068 134A     		ldr	r2, .L31+4
 230              		.loc 1 209 0
 231 006a 43F08073 		orr	r3, r3, #16777216
 232 006e 0B60     		str	r3, [r1]
 233              	.L15:
 234              		.loc 1 213 0 discriminator 1
 235 0070 5368     		ldr	r3, [r2, #4]
 236 0072 5904     		lsls	r1, r3, #17
 237 0074 FCD5     		bpl	.L15
 238              		.loc 1 229 0 discriminator 1
 239 0076 0F49     		ldr	r1, .L31
 240              	.L25:
 241 0078 0A68     		ldr	r2, [r1]
 242 007a 0E4B     		ldr	r3, .L31
 243 007c 9201     		lsls	r2, r2, #6
 244 007e FBD5     		bpl	.L25
 245              		.loc 1 257 0
 246 0080 0F4A     		ldr	r2, .L31+12
 247              		.loc 1 244 0
 248 0082 1049     		ldr	r1, .L31+16
 249 0084 9960     		str	r1, [r3, #8]
 250              		.loc 1 257 0
 251 0086 40F20571 		movw	r1, #1797
 252 008a 1160     		str	r1, [r2]
 253              		.loc 1 263 0
 254 008c 9A68     		ldr	r2, [r3, #8]
 255 008e 42F00202 		orr	r2, r2, #2
 256 0092 9A60     		str	r2, [r3, #8]
 257              		.loc 1 264 0
 258 0094 1A46     		mov	r2, r3
 259              	.L17:
 260              		.loc 1 264 0 is_stmt 0 discriminator 1
 261 0096 9368     		ldr	r3, [r2, #8]
 262 0098 0649     		ldr	r1, .L31
 263 009a 03F00C03 		and	r3, r3, #12
 264 009e 082B     		cmp	r3, #8
 265 00a0 F9D1     		bne	.L17
 266              		.loc 1 271 0 is_stmt 1
 267 00a2 4B6C     		ldr	r3, [r1, #68]
 268 00a4 43F48043 		orr	r3, r3, #16384
 269 00a8 4B64     		str	r3, [r1, #68]
 270 00aa 4B6E     		ldr	r3, [r1, #100]
 271 00ac 43F48043 		orr	r3, r3, #16384
 272 00b0 4B66     		str	r3, [r1, #100]
 273 00b2 7047     		bx	lr
 274              	.L32:
 275              		.align	2
 276              	.L31:
 277 00b4 00380240 		.word	1073887232
 278 00b8 00700040 		.word	1073770496
 279 00bc 08544007 		.word	121656328
 280 00c0 003C0240 		.word	1073888256
 281 00c4 00940838 		.word	940086272
 282              		.cfi_endproc
 283              	.LFE120:
 284              		.size	stm32_clock_init, .-stm32_clock_init
 285              		.text
ARM GAS  /tmp/ccuzA2ea.s 			page 6


 286              	.Letext0:
 287              		.file 2 "/home/lithium/Descargas/gcc-arm-none-eabi-5_3-2016q1/arm-none-eabi/include/machine/_defau
 288              		.file 3 "/home/lithium/Descargas/gcc-arm-none-eabi-5_3-2016q1/arm-none-eabi/include/sys/_stdint.h"
 289              		.file 4 "../../os/ports/common/ARMCMx/nvic.h"
 290              		.file 5 "../../os/ports/common/ARMCMx/CMSIS/include/core_cm4.h"
 291              		.file 6 "../../os/hal/platforms/STM32F4xx/stm32f4xx.h"
 292              		.file 7 "../../os/hal/platforms/STM32F4xx/stm32_dma.h"
 293              		.section	.debug_info,"",%progbits
 294              	.Ldebug_info0:
 295 0000 98040000 		.4byte	0x498
 296 0004 0400     		.2byte	0x4
 297 0006 00000000 		.4byte	.Ldebug_abbrev0
 298 000a 04       		.byte	0x4
 299 000b 01       		.uleb128 0x1
 300 000c 66010000 		.4byte	.LASF71
 301 0010 0C       		.byte	0xc
 302 0011 91030000 		.4byte	.LASF72
 303 0015 F0020000 		.4byte	.LASF73
 304 0019 18000000 		.4byte	.Ldebug_ranges0+0x18
 305 001d 00000000 		.4byte	0
 306 0021 00000000 		.4byte	.Ldebug_line0
 307 0025 02       		.uleb128 0x2
 308 0026 04       		.byte	0x4
 309 0027 05       		.byte	0x5
 310 0028 696E7400 		.ascii	"int\000"
 311 002c 03       		.uleb128 0x3
 312 002d 04       		.byte	0x4
 313 002e 07       		.byte	0x7
 314 002f 74020000 		.4byte	.LASF0
 315 0033 03       		.uleb128 0x3
 316 0034 08       		.byte	0x8
 317 0035 05       		.byte	0x5
 318 0036 E1000000 		.4byte	.LASF1
 319 003a 03       		.uleb128 0x3
 320 003b 08       		.byte	0x8
 321 003c 04       		.byte	0x4
 322 003d 45010000 		.4byte	.LASF2
 323 0041 03       		.uleb128 0x3
 324 0042 01       		.byte	0x1
 325 0043 06       		.byte	0x6
 326 0044 48020000 		.4byte	.LASF3
 327 0048 03       		.uleb128 0x3
 328 0049 01       		.byte	0x1
 329 004a 08       		.byte	0x8
 330 004b 58010000 		.4byte	.LASF4
 331 004f 03       		.uleb128 0x3
 332 0050 02       		.byte	0x2
 333 0051 05       		.byte	0x5
 334 0052 21000000 		.4byte	.LASF5
 335 0056 03       		.uleb128 0x3
 336 0057 02       		.byte	0x2
 337 0058 07       		.byte	0x7
 338 0059 BE020000 		.4byte	.LASF6
 339 005d 04       		.uleb128 0x4
 340 005e BC030000 		.4byte	.LASF8
 341 0062 02       		.byte	0x2
 342 0063 3F       		.byte	0x3f
ARM GAS  /tmp/ccuzA2ea.s 			page 7


 343 0064 68000000 		.4byte	0x68
 344 0068 03       		.uleb128 0x3
 345 0069 04       		.byte	0x4
 346 006a 05       		.byte	0x5
 347 006b 02010000 		.4byte	.LASF7
 348 006f 04       		.uleb128 0x4
 349 0070 5D000000 		.4byte	.LASF9
 350 0074 02       		.byte	0x2
 351 0075 41       		.byte	0x41
 352 0076 7A000000 		.4byte	0x7a
 353 007a 03       		.uleb128 0x3
 354 007b 04       		.byte	0x4
 355 007c 07       		.byte	0x7
 356 007d 8A020000 		.4byte	.LASF10
 357 0081 03       		.uleb128 0x3
 358 0082 08       		.byte	0x8
 359 0083 07       		.byte	0x7
 360 0084 54020000 		.4byte	.LASF11
 361 0088 04       		.uleb128 0x4
 362 0089 E8020000 		.4byte	.LASF12
 363 008d 03       		.byte	0x3
 364 008e 1F       		.byte	0x1f
 365 008f 5D000000 		.4byte	0x5d
 366 0093 04       		.uleb128 0x4
 367 0094 6B020000 		.4byte	.LASF13
 368 0098 03       		.byte	0x3
 369 0099 20       		.byte	0x20
 370 009a 6F000000 		.4byte	0x6f
 371 009e 03       		.uleb128 0x3
 372 009f 01       		.byte	0x1
 373 00a0 02       		.byte	0x2
 374 00a1 2A030000 		.4byte	.LASF14
 375 00a5 04       		.uleb128 0x4
 376 00a6 D1000000 		.4byte	.LASF15
 377 00aa 04       		.byte	0x4
 378 00ab 3A       		.byte	0x3a
 379 00ac B0000000 		.4byte	0xb0
 380 00b0 05       		.uleb128 0x5
 381 00b1 93000000 		.4byte	0x93
 382 00b5 03       		.uleb128 0x3
 383 00b6 04       		.byte	0x4
 384 00b7 07       		.byte	0x7
 385 00b8 2B000000 		.4byte	.LASF16
 386 00bc 06       		.uleb128 0x6
 387 00bd 10       		.byte	0x10
 388 00be 04       		.byte	0x4
 389 00bf F1       		.byte	0xf1
 390 00c0 F5000000 		.4byte	0xf5
 391 00c4 07       		.uleb128 0x7
 392 00c5 FC000000 		.4byte	.LASF17
 393 00c9 04       		.byte	0x4
 394 00ca F2       		.byte	0xf2
 395 00cb A5000000 		.4byte	0xa5
 396 00cf 00       		.byte	0
 397 00d0 07       		.uleb128 0x7
 398 00d1 A2000000 		.4byte	.LASF18
 399 00d5 04       		.byte	0x4
ARM GAS  /tmp/ccuzA2ea.s 			page 8


 400 00d6 F3       		.byte	0xf3
 401 00d7 A5000000 		.4byte	0xa5
 402 00db 04       		.byte	0x4
 403 00dc 07       		.uleb128 0x7
 404 00dd C3000000 		.4byte	.LASF19
 405 00e1 04       		.byte	0x4
 406 00e2 F4       		.byte	0xf4
 407 00e3 A5000000 		.4byte	0xa5
 408 00e7 08       		.byte	0x8
 409 00e8 07       		.uleb128 0x7
 410 00e9 1B000000 		.4byte	.LASF20
 411 00ed 04       		.byte	0x4
 412 00ee F5       		.byte	0xf5
 413 00ef A5000000 		.4byte	0xa5
 414 00f3 0C       		.byte	0xc
 415 00f4 00       		.byte	0
 416 00f5 04       		.uleb128 0x4
 417 00f6 E0020000 		.4byte	.LASF21
 418 00fa 04       		.byte	0x4
 419 00fb F6       		.byte	0xf6
 420 00fc BC000000 		.4byte	0xbc
 421 0100 08       		.uleb128 0x8
 422 0101 20       		.byte	0x20
 423 0102 04       		.byte	0x4
 424 0103 0601     		.2byte	0x106
 425 0105 72010000 		.4byte	0x172
 426 0109 09       		.uleb128 0x9
 427 010a 76000000 		.4byte	.LASF22
 428 010e 04       		.byte	0x4
 429 010f 0701     		.2byte	0x107
 430 0111 A5000000 		.4byte	0xa5
 431 0115 00       		.byte	0
 432 0116 09       		.uleb128 0x9
 433 0117 EF000000 		.4byte	.LASF23
 434 011b 04       		.byte	0x4
 435 011c 0801     		.2byte	0x108
 436 011e A5000000 		.4byte	0xa5
 437 0122 04       		.byte	0x4
 438 0123 09       		.uleb128 0x9
 439 0124 89000000 		.4byte	.LASF24
 440 0128 04       		.byte	0x4
 441 0129 0901     		.2byte	0x109
 442 012b A5000000 		.4byte	0xa5
 443 012f 08       		.byte	0x8
 444 0130 09       		.uleb128 0x9
 445 0131 51010000 		.4byte	.LASF25
 446 0135 04       		.byte	0x4
 447 0136 0A01     		.2byte	0x10a
 448 0138 A5000000 		.4byte	0xa5
 449 013c 0C       		.byte	0xc
 450 013d 09       		.uleb128 0x9
 451 013e 88030000 		.4byte	.LASF26
 452 0142 04       		.byte	0x4
 453 0143 0B01     		.2byte	0x10b
 454 0145 A5000000 		.4byte	0xa5
 455 0149 10       		.byte	0x10
 456 014a 09       		.uleb128 0x9
ARM GAS  /tmp/ccuzA2ea.s 			page 9


 457 014b C6030000 		.4byte	.LASF27
 458 014f 04       		.byte	0x4
 459 0150 0C01     		.2byte	0x10c
 460 0152 A5000000 		.4byte	0xa5
 461 0156 14       		.byte	0x14
 462 0157 09       		.uleb128 0x9
 463 0158 3E000000 		.4byte	.LASF28
 464 015c 04       		.byte	0x4
 465 015d 0D01     		.2byte	0x10d
 466 015f A5000000 		.4byte	0xa5
 467 0163 18       		.byte	0x18
 468 0164 09       		.uleb128 0x9
 469 0165 39000000 		.4byte	.LASF29
 470 0169 04       		.byte	0x4
 471 016a 0E01     		.2byte	0x10e
 472 016c A5000000 		.4byte	0xa5
 473 0170 1C       		.byte	0x1c
 474 0171 00       		.byte	0
 475 0172 0A       		.uleb128 0xa
 476 0173 68000000 		.4byte	.LASF30
 477 0177 04       		.byte	0x4
 478 0178 0F01     		.2byte	0x10f
 479 017a 00010000 		.4byte	0x100
 480 017e 03       		.uleb128 0x3
 481 017f 01       		.byte	0x1
 482 0180 08       		.byte	0x8
 483 0181 DB020000 		.4byte	.LASF31
 484 0185 0B       		.uleb128 0xb
 485 0186 B0000000 		.4byte	0xb0
 486 018a 08       		.uleb128 0x8
 487 018b 10       		.byte	0x10
 488 018c 05       		.byte	0x5
 489 018d 6002     		.2byte	0x260
 490 018f C8010000 		.4byte	0x1c8
 491 0193 09       		.uleb128 0x9
 492 0194 76000000 		.4byte	.LASF22
 493 0198 05       		.byte	0x5
 494 0199 6202     		.2byte	0x262
 495 019b B0000000 		.4byte	0xb0
 496 019f 00       		.byte	0
 497 01a0 09       		.uleb128 0x9
 498 01a1 CD030000 		.4byte	.LASF32
 499 01a5 05       		.byte	0x5
 500 01a6 6302     		.2byte	0x263
 501 01a8 B0000000 		.4byte	0xb0
 502 01ac 04       		.byte	0x4
 503 01ad 0C       		.uleb128 0xc
 504 01ae 56414C00 		.ascii	"VAL\000"
 505 01b2 05       		.byte	0x5
 506 01b3 6402     		.2byte	0x264
 507 01b5 B0000000 		.4byte	0xb0
 508 01b9 08       		.byte	0x8
 509 01ba 09       		.uleb128 0x9
 510 01bb F6000000 		.4byte	.LASF33
 511 01bf 05       		.byte	0x5
 512 01c0 6502     		.2byte	0x265
 513 01c2 85010000 		.4byte	0x185
ARM GAS  /tmp/ccuzA2ea.s 			page 10


 514 01c6 0C       		.byte	0xc
 515 01c7 00       		.byte	0
 516 01c8 0A       		.uleb128 0xa
 517 01c9 B1020000 		.4byte	.LASF34
 518 01cd 05       		.byte	0x5
 519 01ce 6602     		.2byte	0x266
 520 01d0 8A010000 		.4byte	0x18a
 521 01d4 0D       		.uleb128 0xd
 522 01d5 93000000 		.4byte	0x93
 523 01d9 E4010000 		.4byte	0x1e4
 524 01dd 0E       		.uleb128 0xe
 525 01de B5000000 		.4byte	0xb5
 526 01e2 01       		.byte	0x1
 527 01e3 00       		.byte	0
 528 01e4 05       		.uleb128 0x5
 529 01e5 88000000 		.4byte	0x88
 530 01e9 08       		.uleb128 0x8
 531 01ea 1C       		.byte	0x1c
 532 01eb 06       		.byte	0x6
 533 01ec 3E03     		.2byte	0x33e
 534 01ee 4C020000 		.4byte	0x24c
 535 01f2 0C       		.uleb128 0xc
 536 01f3 41435200 		.ascii	"ACR\000"
 537 01f7 06       		.byte	0x6
 538 01f8 4003     		.2byte	0x340
 539 01fa B0000000 		.4byte	0xb0
 540 01fe 00       		.byte	0
 541 01ff 09       		.uleb128 0x9
 542 0200 40010000 		.4byte	.LASF35
 543 0204 06       		.byte	0x6
 544 0205 4103     		.2byte	0x341
 545 0207 B0000000 		.4byte	0xb0
 546 020b 04       		.byte	0x4
 547 020c 09       		.uleb128 0x9
 548 020d D9000000 		.4byte	.LASF36
 549 0211 06       		.byte	0x6
 550 0212 4203     		.2byte	0x342
 551 0214 B0000000 		.4byte	0xb0
 552 0218 08       		.byte	0x8
 553 0219 0C       		.uleb128 0xc
 554 021a 535200   		.ascii	"SR\000"
 555 021d 06       		.byte	0x6
 556 021e 4303     		.2byte	0x343
 557 0220 B0000000 		.4byte	0xb0
 558 0224 0C       		.byte	0xc
 559 0225 0C       		.uleb128 0xc
 560 0226 435200   		.ascii	"CR\000"
 561 0229 06       		.byte	0x6
 562 022a 4403     		.2byte	0x344
 563 022c B0000000 		.4byte	0xb0
 564 0230 10       		.byte	0x10
 565 0231 09       		.uleb128 0x9
 566 0232 13040000 		.4byte	.LASF37
 567 0236 06       		.byte	0x6
 568 0237 4503     		.2byte	0x345
 569 0239 B0000000 		.4byte	0xb0
 570 023d 14       		.byte	0x14
ARM GAS  /tmp/ccuzA2ea.s 			page 11


 571 023e 09       		.uleb128 0x9
 572 023f 31010000 		.4byte	.LASF38
 573 0243 06       		.byte	0x6
 574 0244 4603     		.2byte	0x346
 575 0246 B0000000 		.4byte	0xb0
 576 024a 18       		.byte	0x18
 577 024b 00       		.byte	0
 578 024c 0A       		.uleb128 0xa
 579 024d E3030000 		.4byte	.LASF39
 580 0251 06       		.byte	0x6
 581 0252 4703     		.2byte	0x347
 582 0254 E9010000 		.4byte	0x1e9
 583 0258 08       		.uleb128 0x8
 584 0259 08       		.byte	0x8
 585 025a 06       		.byte	0x6
 586 025b 4E04     		.2byte	0x44e
 587 025d 7B020000 		.4byte	0x27b
 588 0261 0C       		.uleb128 0xc
 589 0262 435200   		.ascii	"CR\000"
 590 0265 06       		.byte	0x6
 591 0266 5004     		.2byte	0x450
 592 0268 B0000000 		.4byte	0xb0
 593 026c 00       		.byte	0
 594 026d 0C       		.uleb128 0xc
 595 026e 43535200 		.ascii	"CSR\000"
 596 0272 06       		.byte	0x6
 597 0273 5104     		.2byte	0x451
 598 0275 B0000000 		.4byte	0xb0
 599 0279 04       		.byte	0x4
 600 027a 00       		.byte	0
 601 027b 0A       		.uleb128 0xa
 602 027c 51000000 		.4byte	.LASF40
 603 0280 06       		.byte	0x6
 604 0281 5204     		.2byte	0x452
 605 0283 58020000 		.4byte	0x258
 606 0287 08       		.uleb128 0x8
 607 0288 90       		.byte	0x90
 608 0289 06       		.byte	0x6
 609 028a 5804     		.2byte	0x458
 610 028c 30040000 		.4byte	0x430
 611 0290 0C       		.uleb128 0xc
 612 0291 435200   		.ascii	"CR\000"
 613 0294 06       		.byte	0x6
 614 0295 5A04     		.2byte	0x45a
 615 0297 B0000000 		.4byte	0xb0
 616 029b 00       		.byte	0
 617 029c 09       		.uleb128 0x9
 618 029d A9020000 		.4byte	.LASF41
 619 02a1 06       		.byte	0x6
 620 02a2 5B04     		.2byte	0x45b
 621 02a4 B0000000 		.4byte	0xb0
 622 02a8 04       		.byte	0x4
 623 02a9 09       		.uleb128 0x9
 624 02aa 84000000 		.4byte	.LASF42
 625 02ae 06       		.byte	0x6
 626 02af 5C04     		.2byte	0x45c
 627 02b1 B0000000 		.4byte	0xb0
ARM GAS  /tmp/ccuzA2ea.s 			page 12


 628 02b5 08       		.byte	0x8
 629 02b6 0C       		.uleb128 0xc
 630 02b7 43495200 		.ascii	"CIR\000"
 631 02bb 06       		.byte	0x6
 632 02bc 5D04     		.2byte	0x45d
 633 02be B0000000 		.4byte	0xb0
 634 02c2 0C       		.byte	0xc
 635 02c3 09       		.uleb128 0x9
 636 02c4 7B000000 		.4byte	.LASF43
 637 02c8 06       		.byte	0x6
 638 02c9 5E04     		.2byte	0x45e
 639 02cb B0000000 		.4byte	0xb0
 640 02cf 10       		.byte	0x10
 641 02d0 09       		.uleb128 0x9
 642 02d1 81020000 		.4byte	.LASF44
 643 02d5 06       		.byte	0x6
 644 02d6 5F04     		.2byte	0x45f
 645 02d8 B0000000 		.4byte	0xb0
 646 02dc 14       		.byte	0x14
 647 02dd 09       		.uleb128 0x9
 648 02de DA030000 		.4byte	.LASF45
 649 02e2 06       		.byte	0x6
 650 02e3 6004     		.2byte	0x460
 651 02e5 B0000000 		.4byte	0xb0
 652 02e9 18       		.byte	0x18
 653 02ea 09       		.uleb128 0x9
 654 02eb 42030000 		.4byte	.LASF46
 655 02ef 06       		.byte	0x6
 656 02f0 6104     		.2byte	0x461
 657 02f2 93000000 		.4byte	0x93
 658 02f6 1C       		.byte	0x1c
 659 02f7 09       		.uleb128 0x9
 660 02f8 0A000000 		.4byte	.LASF47
 661 02fc 06       		.byte	0x6
 662 02fd 6204     		.2byte	0x462
 663 02ff B0000000 		.4byte	0xb0
 664 0303 20       		.byte	0x20
 665 0304 09       		.uleb128 0x9
 666 0305 17010000 		.4byte	.LASF48
 667 0309 06       		.byte	0x6
 668 030a 6304     		.2byte	0x463
 669 030c B0000000 		.4byte	0xb0
 670 0310 24       		.byte	0x24
 671 0311 09       		.uleb128 0x9
 672 0312 4C030000 		.4byte	.LASF49
 673 0316 06       		.byte	0x6
 674 0317 6404     		.2byte	0x464
 675 0319 D4010000 		.4byte	0x1d4
 676 031d 28       		.byte	0x28
 677 031e 09       		.uleb128 0x9
 678 031f D2030000 		.4byte	.LASF50
 679 0323 06       		.byte	0x6
 680 0324 6504     		.2byte	0x465
 681 0326 B0000000 		.4byte	0xb0
 682 032a 30       		.byte	0x30
 683 032b 09       		.uleb128 0x9
 684 032c 13000000 		.4byte	.LASF51
ARM GAS  /tmp/ccuzA2ea.s 			page 13


 685 0330 06       		.byte	0x6
 686 0331 6604     		.2byte	0x466
 687 0333 B0000000 		.4byte	0xb0
 688 0337 34       		.byte	0x34
 689 0338 09       		.uleb128 0x9
 690 0339 38010000 		.4byte	.LASF52
 691 033d 06       		.byte	0x6
 692 033e 6704     		.2byte	0x467
 693 0340 B0000000 		.4byte	0xb0
 694 0344 38       		.byte	0x38
 695 0345 09       		.uleb128 0x9
 696 0346 56030000 		.4byte	.LASF53
 697 034a 06       		.byte	0x6
 698 034b 6804     		.2byte	0x468
 699 034d 93000000 		.4byte	0x93
 700 0351 3C       		.byte	0x3c
 701 0352 09       		.uleb128 0x9
 702 0353 9A000000 		.4byte	.LASF54
 703 0357 06       		.byte	0x6
 704 0358 6904     		.2byte	0x469
 705 035a B0000000 		.4byte	0xb0
 706 035e 40       		.byte	0x40
 707 035f 09       		.uleb128 0x9
 708 0360 40020000 		.4byte	.LASF55
 709 0364 06       		.byte	0x6
 710 0365 6A04     		.2byte	0x46a
 711 0367 B0000000 		.4byte	0xb0
 712 036b 44       		.byte	0x44
 713 036c 09       		.uleb128 0x9
 714 036d 60030000 		.4byte	.LASF56
 715 0371 06       		.byte	0x6
 716 0372 6B04     		.2byte	0x46b
 717 0374 D4010000 		.4byte	0x1d4
 718 0378 48       		.byte	0x48
 719 0379 09       		.uleb128 0x9
 720 037a 00000000 		.4byte	.LASF57
 721 037e 06       		.byte	0x6
 722 037f 6C04     		.2byte	0x46c
 723 0381 B0000000 		.4byte	0xb0
 724 0385 50       		.byte	0x50
 725 0386 09       		.uleb128 0x9
 726 0387 30030000 		.4byte	.LASF58
 727 038b 06       		.byte	0x6
 728 038c 6D04     		.2byte	0x46d
 729 038e B0000000 		.4byte	0xb0
 730 0392 54       		.byte	0x54
 731 0393 09       		.uleb128 0x9
 732 0394 90000000 		.4byte	.LASF59
 733 0398 06       		.byte	0x6
 734 0399 6E04     		.2byte	0x46e
 735 039b B0000000 		.4byte	0xb0
 736 039f 58       		.byte	0x58
 737 03a0 09       		.uleb128 0x9
 738 03a1 6A030000 		.4byte	.LASF60
 739 03a5 06       		.byte	0x6
 740 03a6 6F04     		.2byte	0x46f
 741 03a8 93000000 		.4byte	0x93
ARM GAS  /tmp/ccuzA2ea.s 			page 14


 742 03ac 5C       		.byte	0x5c
 743 03ad 09       		.uleb128 0x9
 744 03ae D1020000 		.4byte	.LASF61
 745 03b2 06       		.byte	0x6
 746 03b3 7004     		.2byte	0x470
 747 03b5 B0000000 		.4byte	0xb0
 748 03b9 60       		.byte	0x60
 749 03ba 09       		.uleb128 0x9
 750 03bb 09040000 		.4byte	.LASF62
 751 03bf 06       		.byte	0x6
 752 03c0 7104     		.2byte	0x471
 753 03c2 B0000000 		.4byte	0xb0
 754 03c6 64       		.byte	0x64
 755 03c7 09       		.uleb128 0x9
 756 03c8 74030000 		.4byte	.LASF63
 757 03cc 06       		.byte	0x6
 758 03cd 7204     		.2byte	0x472
 759 03cf D4010000 		.4byte	0x1d4
 760 03d3 68       		.byte	0x68
 761 03d4 09       		.uleb128 0x9
 762 03d5 34000000 		.4byte	.LASF64
 763 03d9 06       		.byte	0x6
 764 03da 7304     		.2byte	0x473
 765 03dc B0000000 		.4byte	0xb0
 766 03e0 70       		.byte	0x70
 767 03e1 0C       		.uleb128 0xc
 768 03e2 43535200 		.ascii	"CSR\000"
 769 03e6 06       		.byte	0x6
 770 03e7 7404     		.2byte	0x474
 771 03e9 B0000000 		.4byte	0xb0
 772 03ed 74       		.byte	0x74
 773 03ee 09       		.uleb128 0x9
 774 03ef 7E030000 		.4byte	.LASF65
 775 03f3 06       		.byte	0x6
 776 03f4 7504     		.2byte	0x475
 777 03f6 D4010000 		.4byte	0x1d4
 778 03fa 78       		.byte	0x78
 779 03fb 09       		.uleb128 0x9
 780 03fc 70000000 		.4byte	.LASF66
 781 0400 06       		.byte	0x6
 782 0401 7604     		.2byte	0x476
 783 0403 B0000000 		.4byte	0xb0
 784 0407 80       		.byte	0x80
 785 0408 09       		.uleb128 0x9
 786 0409 46000000 		.4byte	.LASF67
 787 040d 06       		.byte	0x6
 788 040e 7704     		.2byte	0x477
 789 0410 B0000000 		.4byte	0xb0
 790 0414 84       		.byte	0x84
 791 0415 09       		.uleb128 0x9
 792 0416 FE030000 		.4byte	.LASF68
 793 041a 06       		.byte	0x6
 794 041b 7804     		.2byte	0x478
 795 041d B0000000 		.4byte	0xb0
 796 0421 88       		.byte	0x88
 797 0422 09       		.uleb128 0x9
 798 0423 C9000000 		.4byte	.LASF69
ARM GAS  /tmp/ccuzA2ea.s 			page 15


 799 0427 06       		.byte	0x6
 800 0428 7904     		.2byte	0x479
 801 042a B0000000 		.4byte	0xb0
 802 042e 8C       		.byte	0x8c
 803 042f 00       		.byte	0
 804 0430 0A       		.uleb128 0xa
 805 0431 0B010000 		.4byte	.LASF70
 806 0435 06       		.byte	0x6
 807 0436 7B04     		.2byte	0x47b
 808 0438 87020000 		.4byte	0x287
 809 043c 0F       		.uleb128 0xf
 810 043d A8000000 		.4byte	.LASF74
 811 0441 01       		.byte	0x1
 812 0442 33       		.byte	0x33
 813 0443 01       		.byte	0x1
 814 0444 10       		.uleb128 0x10
 815 0445 9C020000 		.4byte	.LASF75
 816 0449 01       		.byte	0x1
 817 044a 6F       		.byte	0x6f
 818 044b 00000000 		.4byte	.LFB119
 819 044f 98000000 		.4byte	.LFE119-.LFB119
 820 0453 01       		.uleb128 0x1
 821 0454 9C       		.byte	0x9c
 822 0455 72040000 		.4byte	0x472
 823 0459 11       		.uleb128 0x11
 824 045a 3C040000 		.4byte	0x43c
 825 045e 3A000000 		.4byte	.LBB4
 826 0462 00000000 		.4byte	.Ldebug_ranges0+0
 827 0466 01       		.byte	0x1
 828 0467 87       		.byte	0x87
 829 0468 12       		.uleb128 0x12
 830 0469 80000000 		.4byte	.LVL0
 831 046d 8F040000 		.4byte	0x48f
 832 0471 00       		.byte	0
 833 0472 13       		.uleb128 0x13
 834 0473 20010000 		.4byte	.LASF76
 835 0477 01       		.byte	0x1
 836 0478 9A       		.byte	0x9a
 837 0479 00000000 		.4byte	.LFB120
 838 047d C8000000 		.4byte	.LFE120-.LFB120
 839 0481 01       		.uleb128 0x1
 840 0482 9C       		.byte	0x9c
 841 0483 14       		.uleb128 0x14
 842 0484 F1030000 		.4byte	.LASF77
 843 0488 05       		.byte	0x5
 844 0489 9806     		.2byte	0x698
 845 048b E4010000 		.4byte	0x1e4
 846 048f 15       		.uleb128 0x15
 847 0490 3A030000 		.4byte	.LASF78
 848 0494 3A030000 		.4byte	.LASF78
 849 0498 07       		.byte	0x7
 850 0499 C101     		.2byte	0x1c1
 851 049b 00       		.byte	0
 852              		.section	.debug_abbrev,"",%progbits
 853              	.Ldebug_abbrev0:
 854 0000 01       		.uleb128 0x1
 855 0001 11       		.uleb128 0x11
ARM GAS  /tmp/ccuzA2ea.s 			page 16


 856 0002 01       		.byte	0x1
 857 0003 25       		.uleb128 0x25
 858 0004 0E       		.uleb128 0xe
 859 0005 13       		.uleb128 0x13
 860 0006 0B       		.uleb128 0xb
 861 0007 03       		.uleb128 0x3
 862 0008 0E       		.uleb128 0xe
 863 0009 1B       		.uleb128 0x1b
 864 000a 0E       		.uleb128 0xe
 865 000b 55       		.uleb128 0x55
 866 000c 17       		.uleb128 0x17
 867 000d 11       		.uleb128 0x11
 868 000e 01       		.uleb128 0x1
 869 000f 10       		.uleb128 0x10
 870 0010 17       		.uleb128 0x17
 871 0011 00       		.byte	0
 872 0012 00       		.byte	0
 873 0013 02       		.uleb128 0x2
 874 0014 24       		.uleb128 0x24
 875 0015 00       		.byte	0
 876 0016 0B       		.uleb128 0xb
 877 0017 0B       		.uleb128 0xb
 878 0018 3E       		.uleb128 0x3e
 879 0019 0B       		.uleb128 0xb
 880 001a 03       		.uleb128 0x3
 881 001b 08       		.uleb128 0x8
 882 001c 00       		.byte	0
 883 001d 00       		.byte	0
 884 001e 03       		.uleb128 0x3
 885 001f 24       		.uleb128 0x24
 886 0020 00       		.byte	0
 887 0021 0B       		.uleb128 0xb
 888 0022 0B       		.uleb128 0xb
 889 0023 3E       		.uleb128 0x3e
 890 0024 0B       		.uleb128 0xb
 891 0025 03       		.uleb128 0x3
 892 0026 0E       		.uleb128 0xe
 893 0027 00       		.byte	0
 894 0028 00       		.byte	0
 895 0029 04       		.uleb128 0x4
 896 002a 16       		.uleb128 0x16
 897 002b 00       		.byte	0
 898 002c 03       		.uleb128 0x3
 899 002d 0E       		.uleb128 0xe
 900 002e 3A       		.uleb128 0x3a
 901 002f 0B       		.uleb128 0xb
 902 0030 3B       		.uleb128 0x3b
 903 0031 0B       		.uleb128 0xb
 904 0032 49       		.uleb128 0x49
 905 0033 13       		.uleb128 0x13
 906 0034 00       		.byte	0
 907 0035 00       		.byte	0
 908 0036 05       		.uleb128 0x5
 909 0037 35       		.uleb128 0x35
 910 0038 00       		.byte	0
 911 0039 49       		.uleb128 0x49
 912 003a 13       		.uleb128 0x13
ARM GAS  /tmp/ccuzA2ea.s 			page 17


 913 003b 00       		.byte	0
 914 003c 00       		.byte	0
 915 003d 06       		.uleb128 0x6
 916 003e 13       		.uleb128 0x13
 917 003f 01       		.byte	0x1
 918 0040 0B       		.uleb128 0xb
 919 0041 0B       		.uleb128 0xb
 920 0042 3A       		.uleb128 0x3a
 921 0043 0B       		.uleb128 0xb
 922 0044 3B       		.uleb128 0x3b
 923 0045 0B       		.uleb128 0xb
 924 0046 01       		.uleb128 0x1
 925 0047 13       		.uleb128 0x13
 926 0048 00       		.byte	0
 927 0049 00       		.byte	0
 928 004a 07       		.uleb128 0x7
 929 004b 0D       		.uleb128 0xd
 930 004c 00       		.byte	0
 931 004d 03       		.uleb128 0x3
 932 004e 0E       		.uleb128 0xe
 933 004f 3A       		.uleb128 0x3a
 934 0050 0B       		.uleb128 0xb
 935 0051 3B       		.uleb128 0x3b
 936 0052 0B       		.uleb128 0xb
 937 0053 49       		.uleb128 0x49
 938 0054 13       		.uleb128 0x13
 939 0055 38       		.uleb128 0x38
 940 0056 0B       		.uleb128 0xb
 941 0057 00       		.byte	0
 942 0058 00       		.byte	0
 943 0059 08       		.uleb128 0x8
 944 005a 13       		.uleb128 0x13
 945 005b 01       		.byte	0x1
 946 005c 0B       		.uleb128 0xb
 947 005d 0B       		.uleb128 0xb
 948 005e 3A       		.uleb128 0x3a
 949 005f 0B       		.uleb128 0xb
 950 0060 3B       		.uleb128 0x3b
 951 0061 05       		.uleb128 0x5
 952 0062 01       		.uleb128 0x1
 953 0063 13       		.uleb128 0x13
 954 0064 00       		.byte	0
 955 0065 00       		.byte	0
 956 0066 09       		.uleb128 0x9
 957 0067 0D       		.uleb128 0xd
 958 0068 00       		.byte	0
 959 0069 03       		.uleb128 0x3
 960 006a 0E       		.uleb128 0xe
 961 006b 3A       		.uleb128 0x3a
 962 006c 0B       		.uleb128 0xb
 963 006d 3B       		.uleb128 0x3b
 964 006e 05       		.uleb128 0x5
 965 006f 49       		.uleb128 0x49
 966 0070 13       		.uleb128 0x13
 967 0071 38       		.uleb128 0x38
 968 0072 0B       		.uleb128 0xb
 969 0073 00       		.byte	0
ARM GAS  /tmp/ccuzA2ea.s 			page 18


 970 0074 00       		.byte	0
 971 0075 0A       		.uleb128 0xa
 972 0076 16       		.uleb128 0x16
 973 0077 00       		.byte	0
 974 0078 03       		.uleb128 0x3
 975 0079 0E       		.uleb128 0xe
 976 007a 3A       		.uleb128 0x3a
 977 007b 0B       		.uleb128 0xb
 978 007c 3B       		.uleb128 0x3b
 979 007d 05       		.uleb128 0x5
 980 007e 49       		.uleb128 0x49
 981 007f 13       		.uleb128 0x13
 982 0080 00       		.byte	0
 983 0081 00       		.byte	0
 984 0082 0B       		.uleb128 0xb
 985 0083 26       		.uleb128 0x26
 986 0084 00       		.byte	0
 987 0085 49       		.uleb128 0x49
 988 0086 13       		.uleb128 0x13
 989 0087 00       		.byte	0
 990 0088 00       		.byte	0
 991 0089 0C       		.uleb128 0xc
 992 008a 0D       		.uleb128 0xd
 993 008b 00       		.byte	0
 994 008c 03       		.uleb128 0x3
 995 008d 08       		.uleb128 0x8
 996 008e 3A       		.uleb128 0x3a
 997 008f 0B       		.uleb128 0xb
 998 0090 3B       		.uleb128 0x3b
 999 0091 05       		.uleb128 0x5
 1000 0092 49       		.uleb128 0x49
 1001 0093 13       		.uleb128 0x13
 1002 0094 38       		.uleb128 0x38
 1003 0095 0B       		.uleb128 0xb
 1004 0096 00       		.byte	0
 1005 0097 00       		.byte	0
 1006 0098 0D       		.uleb128 0xd
 1007 0099 01       		.uleb128 0x1
 1008 009a 01       		.byte	0x1
 1009 009b 49       		.uleb128 0x49
 1010 009c 13       		.uleb128 0x13
 1011 009d 01       		.uleb128 0x1
 1012 009e 13       		.uleb128 0x13
 1013 009f 00       		.byte	0
 1014 00a0 00       		.byte	0
 1015 00a1 0E       		.uleb128 0xe
 1016 00a2 21       		.uleb128 0x21
 1017 00a3 00       		.byte	0
 1018 00a4 49       		.uleb128 0x49
 1019 00a5 13       		.uleb128 0x13
 1020 00a6 2F       		.uleb128 0x2f
 1021 00a7 0B       		.uleb128 0xb
 1022 00a8 00       		.byte	0
 1023 00a9 00       		.byte	0
 1024 00aa 0F       		.uleb128 0xf
 1025 00ab 2E       		.uleb128 0x2e
 1026 00ac 00       		.byte	0
ARM GAS  /tmp/ccuzA2ea.s 			page 19


 1027 00ad 03       		.uleb128 0x3
 1028 00ae 0E       		.uleb128 0xe
 1029 00af 3A       		.uleb128 0x3a
 1030 00b0 0B       		.uleb128 0xb
 1031 00b1 3B       		.uleb128 0x3b
 1032 00b2 0B       		.uleb128 0xb
 1033 00b3 27       		.uleb128 0x27
 1034 00b4 19       		.uleb128 0x19
 1035 00b5 20       		.uleb128 0x20
 1036 00b6 0B       		.uleb128 0xb
 1037 00b7 00       		.byte	0
 1038 00b8 00       		.byte	0
 1039 00b9 10       		.uleb128 0x10
 1040 00ba 2E       		.uleb128 0x2e
 1041 00bb 01       		.byte	0x1
 1042 00bc 3F       		.uleb128 0x3f
 1043 00bd 19       		.uleb128 0x19
 1044 00be 03       		.uleb128 0x3
 1045 00bf 0E       		.uleb128 0xe
 1046 00c0 3A       		.uleb128 0x3a
 1047 00c1 0B       		.uleb128 0xb
 1048 00c2 3B       		.uleb128 0x3b
 1049 00c3 0B       		.uleb128 0xb
 1050 00c4 27       		.uleb128 0x27
 1051 00c5 19       		.uleb128 0x19
 1052 00c6 11       		.uleb128 0x11
 1053 00c7 01       		.uleb128 0x1
 1054 00c8 12       		.uleb128 0x12
 1055 00c9 06       		.uleb128 0x6
 1056 00ca 40       		.uleb128 0x40
 1057 00cb 18       		.uleb128 0x18
 1058 00cc 9742     		.uleb128 0x2117
 1059 00ce 19       		.uleb128 0x19
 1060 00cf 01       		.uleb128 0x1
 1061 00d0 13       		.uleb128 0x13
 1062 00d1 00       		.byte	0
 1063 00d2 00       		.byte	0
 1064 00d3 11       		.uleb128 0x11
 1065 00d4 1D       		.uleb128 0x1d
 1066 00d5 00       		.byte	0
 1067 00d6 31       		.uleb128 0x31
 1068 00d7 13       		.uleb128 0x13
 1069 00d8 52       		.uleb128 0x52
 1070 00d9 01       		.uleb128 0x1
 1071 00da 55       		.uleb128 0x55
 1072 00db 17       		.uleb128 0x17
 1073 00dc 58       		.uleb128 0x58
 1074 00dd 0B       		.uleb128 0xb
 1075 00de 59       		.uleb128 0x59
 1076 00df 0B       		.uleb128 0xb
 1077 00e0 00       		.byte	0
 1078 00e1 00       		.byte	0
 1079 00e2 12       		.uleb128 0x12
 1080 00e3 898201   		.uleb128 0x4109
 1081 00e6 00       		.byte	0
 1082 00e7 11       		.uleb128 0x11
 1083 00e8 01       		.uleb128 0x1
ARM GAS  /tmp/ccuzA2ea.s 			page 20


 1084 00e9 9542     		.uleb128 0x2115
 1085 00eb 19       		.uleb128 0x19
 1086 00ec 31       		.uleb128 0x31
 1087 00ed 13       		.uleb128 0x13
 1088 00ee 00       		.byte	0
 1089 00ef 00       		.byte	0
 1090 00f0 13       		.uleb128 0x13
 1091 00f1 2E       		.uleb128 0x2e
 1092 00f2 00       		.byte	0
 1093 00f3 3F       		.uleb128 0x3f
 1094 00f4 19       		.uleb128 0x19
 1095 00f5 03       		.uleb128 0x3
 1096 00f6 0E       		.uleb128 0xe
 1097 00f7 3A       		.uleb128 0x3a
 1098 00f8 0B       		.uleb128 0xb
 1099 00f9 3B       		.uleb128 0x3b
 1100 00fa 0B       		.uleb128 0xb
 1101 00fb 27       		.uleb128 0x27
 1102 00fc 19       		.uleb128 0x19
 1103 00fd 11       		.uleb128 0x11
 1104 00fe 01       		.uleb128 0x1
 1105 00ff 12       		.uleb128 0x12
 1106 0100 06       		.uleb128 0x6
 1107 0101 40       		.uleb128 0x40
 1108 0102 18       		.uleb128 0x18
 1109 0103 9742     		.uleb128 0x2117
 1110 0105 19       		.uleb128 0x19
 1111 0106 00       		.byte	0
 1112 0107 00       		.byte	0
 1113 0108 14       		.uleb128 0x14
 1114 0109 34       		.uleb128 0x34
 1115 010a 00       		.byte	0
 1116 010b 03       		.uleb128 0x3
 1117 010c 0E       		.uleb128 0xe
 1118 010d 3A       		.uleb128 0x3a
 1119 010e 0B       		.uleb128 0xb
 1120 010f 3B       		.uleb128 0x3b
 1121 0110 05       		.uleb128 0x5
 1122 0111 49       		.uleb128 0x49
 1123 0112 13       		.uleb128 0x13
 1124 0113 3F       		.uleb128 0x3f
 1125 0114 19       		.uleb128 0x19
 1126 0115 3C       		.uleb128 0x3c
 1127 0116 19       		.uleb128 0x19
 1128 0117 00       		.byte	0
 1129 0118 00       		.byte	0
 1130 0119 15       		.uleb128 0x15
 1131 011a 2E       		.uleb128 0x2e
 1132 011b 00       		.byte	0
 1133 011c 3F       		.uleb128 0x3f
 1134 011d 19       		.uleb128 0x19
 1135 011e 3C       		.uleb128 0x3c
 1136 011f 19       		.uleb128 0x19
 1137 0120 6E       		.uleb128 0x6e
 1138 0121 0E       		.uleb128 0xe
 1139 0122 03       		.uleb128 0x3
 1140 0123 0E       		.uleb128 0xe
ARM GAS  /tmp/ccuzA2ea.s 			page 21


 1141 0124 3A       		.uleb128 0x3a
 1142 0125 0B       		.uleb128 0xb
 1143 0126 3B       		.uleb128 0x3b
 1144 0127 05       		.uleb128 0x5
 1145 0128 00       		.byte	0
 1146 0129 00       		.byte	0
 1147 012a 00       		.byte	0
 1148              		.section	.debug_aranges,"",%progbits
 1149 0000 24000000 		.4byte	0x24
 1150 0004 0200     		.2byte	0x2
 1151 0006 00000000 		.4byte	.Ldebug_info0
 1152 000a 04       		.byte	0x4
 1153 000b 00       		.byte	0
 1154 000c 0000     		.2byte	0
 1155 000e 0000     		.2byte	0
 1156 0010 00000000 		.4byte	.LFB119
 1157 0014 98000000 		.4byte	.LFE119-.LFB119
 1158 0018 00000000 		.4byte	.LFB120
 1159 001c C8000000 		.4byte	.LFE120-.LFB120
 1160 0020 00000000 		.4byte	0
 1161 0024 00000000 		.4byte	0
 1162              		.section	.debug_ranges,"",%progbits
 1163              	.Ldebug_ranges0:
 1164 0000 3A000000 		.4byte	.LBB4
 1165 0004 3C000000 		.4byte	.LBE4
 1166 0008 52000000 		.4byte	.LBB7
 1167 000c 78000000 		.4byte	.LBE7
 1168 0010 00000000 		.4byte	0
 1169 0014 00000000 		.4byte	0
 1170 0018 00000000 		.4byte	.LFB119
 1171 001c 98000000 		.4byte	.LFE119
 1172 0020 00000000 		.4byte	.LFB120
 1173 0024 C8000000 		.4byte	.LFE120
 1174 0028 00000000 		.4byte	0
 1175 002c 00000000 		.4byte	0
 1176              		.section	.debug_line,"",%progbits
 1177              	.Ldebug_line0:
 1178 0000 24020000 		.section	.debug_str,"MS",%progbits,1
 1178      02008201 
 1178      00000201 
 1178      FB0E0D00 
 1178      01010101 
 1179              	.LASF57:
 1180 0000 41484231 		.ascii	"AHB1LPENR\000"
 1180      4C50454E 
 1180      5200
 1181              	.LASF47:
 1182 000a 41504231 		.ascii	"APB1RSTR\000"
 1182      52535452 
 1182      00
 1183              	.LASF51:
 1184 0013 41484232 		.ascii	"AHB2ENR\000"
 1184      454E5200 
 1185              	.LASF20:
 1186 001b 44454D43 		.ascii	"DEMCR\000"
 1186      5200
 1187              	.LASF5:
ARM GAS  /tmp/ccuzA2ea.s 			page 22


 1188 0021 73686F72 		.ascii	"short int\000"
 1188      7420696E 
 1188      7400
 1189              	.LASF16:
 1190 002b 73697A65 		.ascii	"sizetype\000"
 1190      74797065 
 1190      00
 1191              	.LASF64:
 1192 0034 42444352 		.ascii	"BDCR\000"
 1192      00
 1193              	.LASF29:
 1194 0039 50435352 		.ascii	"PCSR\000"
 1194      00
 1195              	.LASF28:
 1196 003e 464F4C44 		.ascii	"FOLDCNT\000"
 1196      434E5400 
 1197              	.LASF67:
 1198 0046 504C4C49 		.ascii	"PLLI2SCFGR\000"
 1198      32534346 
 1198      475200
 1199              	.LASF40:
 1200 0051 5057525F 		.ascii	"PWR_TypeDef\000"
 1200      54797065 
 1200      44656600 
 1201              	.LASF9:
 1202 005d 5F5F7569 		.ascii	"__uint32_t\000"
 1202      6E743332 
 1202      5F7400
 1203              	.LASF30:
 1204 0068 434D785F 		.ascii	"CMx_DWT\000"
 1204      44575400 
 1205              	.LASF66:
 1206 0070 53534347 		.ascii	"SSCGR\000"
 1206      5200
 1207              	.LASF22:
 1208 0076 4354524C 		.ascii	"CTRL\000"
 1208      00
 1209              	.LASF43:
 1210 007b 41484231 		.ascii	"AHB1RSTR\000"
 1210      52535452 
 1210      00
 1211              	.LASF42:
 1212 0084 43464752 		.ascii	"CFGR\000"
 1212      00
 1213              	.LASF24:
 1214 0089 43504943 		.ascii	"CPICNT\000"
 1214      4E5400
 1215              	.LASF59:
 1216 0090 41484233 		.ascii	"AHB3LPENR\000"
 1216      4C50454E 
 1216      5200
 1217              	.LASF54:
 1218 009a 41504231 		.ascii	"APB1ENR\000"
 1218      454E5200 
 1219              	.LASF18:
 1220 00a2 44435253 		.ascii	"DCRSR\000"
 1220      5200
ARM GAS  /tmp/ccuzA2ea.s 			page 23


 1221              	.LASF74:
 1222 00a8 68616C5F 		.ascii	"hal_lld_backup_domain_init\000"
 1222      6C6C645F 
 1222      6261636B 
 1222      75705F64 
 1222      6F6D6169 
 1223              	.LASF19:
 1224 00c3 44435244 		.ascii	"DCRDR\000"
 1224      5200
 1225              	.LASF69:
 1226 00c9 44434B43 		.ascii	"DCKCFGR\000"
 1226      46475200 
 1227              	.LASF15:
 1228 00d1 494F5245 		.ascii	"IOREG32\000"
 1228      47333200 
 1229              	.LASF36:
 1230 00d9 4F50544B 		.ascii	"OPTKEYR\000"
 1230      45595200 
 1231              	.LASF1:
 1232 00e1 6C6F6E67 		.ascii	"long long int\000"
 1232      206C6F6E 
 1232      6720696E 
 1232      7400
 1233              	.LASF23:
 1234 00ef 43594343 		.ascii	"CYCCNT\000"
 1234      4E5400
 1235              	.LASF33:
 1236 00f6 43414C49 		.ascii	"CALIB\000"
 1236      4200
 1237              	.LASF17:
 1238 00fc 44484353 		.ascii	"DHCSR\000"
 1238      5200
 1239              	.LASF7:
 1240 0102 6C6F6E67 		.ascii	"long int\000"
 1240      20696E74 
 1240      00
 1241              	.LASF70:
 1242 010b 5243435F 		.ascii	"RCC_TypeDef\000"
 1242      54797065 
 1242      44656600 
 1243              	.LASF48:
 1244 0117 41504232 		.ascii	"APB2RSTR\000"
 1244      52535452 
 1244      00
 1245              	.LASF76:
 1246 0120 73746D33 		.ascii	"stm32_clock_init\000"
 1246      325F636C 
 1246      6F636B5F 
 1246      696E6974 
 1246      00
 1247              	.LASF38:
 1248 0131 4F505443 		.ascii	"OPTCR1\000"
 1248      523100
 1249              	.LASF52:
 1250 0138 41484233 		.ascii	"AHB3ENR\000"
 1250      454E5200 
 1251              	.LASF35:
ARM GAS  /tmp/ccuzA2ea.s 			page 24


 1252 0140 4B455952 		.ascii	"KEYR\000"
 1252      00
 1253              	.LASF2:
 1254 0145 6C6F6E67 		.ascii	"long double\000"
 1254      20646F75 
 1254      626C6500 
 1255              	.LASF25:
 1256 0151 45584343 		.ascii	"EXCCNT\000"
 1256      4E5400
 1257              	.LASF4:
 1258 0158 756E7369 		.ascii	"unsigned char\000"
 1258      676E6564 
 1258      20636861 
 1258      7200
 1259              	.LASF71:
 1260 0166 474E5520 		.ascii	"GNU C11 5.3.1 20160307 (release) [ARM/embedded-5-br"
 1260      43313120 
 1260      352E332E 
 1260      31203230 
 1260      31363033 
 1261 0199 616E6368 		.ascii	"anch revision 234589] -mcpu=cortex-m4 -mno-thumb-in"
 1261      20726576 
 1261      6973696F 
 1261      6E203233 
 1261      34353839 
 1262 01cc 74657277 		.ascii	"terwork -mthumb -ggdb -O2 -fomit-frame-pointer -fal"
 1262      6F726B20 
 1262      2D6D7468 
 1262      756D6220 
 1262      2D676764 
 1263 01ff 69676E2D 		.ascii	"ign-functions=16 -ffunction-sections -fdata-section"
 1263      66756E63 
 1263      74696F6E 
 1263      733D3136 
 1263      202D6666 
 1264 0232 73202D66 		.ascii	"s -fno-common\000"
 1264      6E6F2D63 
 1264      6F6D6D6F 
 1264      6E00
 1265              	.LASF55:
 1266 0240 41504232 		.ascii	"APB2ENR\000"
 1266      454E5200 
 1267              	.LASF3:
 1268 0248 7369676E 		.ascii	"signed char\000"
 1268      65642063 
 1268      68617200 
 1269              	.LASF11:
 1270 0254 6C6F6E67 		.ascii	"long long unsigned int\000"
 1270      206C6F6E 
 1270      6720756E 
 1270      7369676E 
 1270      65642069 
 1271              	.LASF13:
 1272 026b 75696E74 		.ascii	"uint32_t\000"
 1272      33325F74 
 1272      00
 1273              	.LASF0:
ARM GAS  /tmp/ccuzA2ea.s 			page 25


 1274 0274 756E7369 		.ascii	"unsigned int\000"
 1274      676E6564 
 1274      20696E74 
 1274      00
 1275              	.LASF44:
 1276 0281 41484232 		.ascii	"AHB2RSTR\000"
 1276      52535452 
 1276      00
 1277              	.LASF10:
 1278 028a 6C6F6E67 		.ascii	"long unsigned int\000"
 1278      20756E73 
 1278      69676E65 
 1278      6420696E 
 1278      7400
 1279              	.LASF75:
 1280 029c 68616C5F 		.ascii	"hal_lld_init\000"
 1280      6C6C645F 
 1280      696E6974 
 1280      00
 1281              	.LASF41:
 1282 02a9 504C4C43 		.ascii	"PLLCFGR\000"
 1282      46475200 
 1283              	.LASF34:
 1284 02b1 53797354 		.ascii	"SysTick_Type\000"
 1284      69636B5F 
 1284      54797065 
 1284      00
 1285              	.LASF6:
 1286 02be 73686F72 		.ascii	"short unsigned int\000"
 1286      7420756E 
 1286      7369676E 
 1286      65642069 
 1286      6E7400
 1287              	.LASF61:
 1288 02d1 41504231 		.ascii	"APB1LPENR\000"
 1288      4C50454E 
 1288      5200
 1289              	.LASF31:
 1290 02db 63686172 		.ascii	"char\000"
 1290      00
 1291              	.LASF21:
 1292 02e0 434D785F 		.ascii	"CMx_SCS\000"
 1292      53435300 
 1293              	.LASF12:
 1294 02e8 696E7433 		.ascii	"int32_t\000"
 1294      325F7400 
 1295              	.LASF73:
 1296 02f0 2F686F6D 		.ascii	"/home/lithium/Documentos/ChibiOS_2.6.8/demos/PodioV"
 1296      652F6C69 
 1296      74686975 
 1296      6D2F446F 
 1296      63756D65 
 1297 0323 69727475 		.ascii	"irtual\000"
 1297      616C00
 1298              	.LASF14:
 1299 032a 5F426F6F 		.ascii	"_Bool\000"
 1299      6C00
ARM GAS  /tmp/ccuzA2ea.s 			page 26


 1300              	.LASF58:
 1301 0330 41484232 		.ascii	"AHB2LPENR\000"
 1301      4C50454E 
 1301      5200
 1302              	.LASF78:
 1303 033a 646D6149 		.ascii	"dmaInit\000"
 1303      6E697400 
 1304              	.LASF46:
 1305 0342 52455345 		.ascii	"RESERVED0\000"
 1305      52564544 
 1305      3000
 1306              	.LASF49:
 1307 034c 52455345 		.ascii	"RESERVED1\000"
 1307      52564544 
 1307      3100
 1308              	.LASF53:
 1309 0356 52455345 		.ascii	"RESERVED2\000"
 1309      52564544 
 1309      3200
 1310              	.LASF56:
 1311 0360 52455345 		.ascii	"RESERVED3\000"
 1311      52564544 
 1311      3300
 1312              	.LASF60:
 1313 036a 52455345 		.ascii	"RESERVED4\000"
 1313      52564544 
 1313      3400
 1314              	.LASF63:
 1315 0374 52455345 		.ascii	"RESERVED5\000"
 1315      52564544 
 1315      3500
 1316              	.LASF65:
 1317 037e 52455345 		.ascii	"RESERVED6\000"
 1317      52564544 
 1317      3600
 1318              	.LASF26:
 1319 0388 534C4545 		.ascii	"SLEEPCNT\000"
 1319      50434E54 
 1319      00
 1320              	.LASF72:
 1321 0391 2E2E2F2E 		.ascii	"../../os/hal/platforms/STM32F4xx/hal_lld.c\000"
 1321      2E2F6F73 
 1321      2F68616C 
 1321      2F706C61 
 1321      74666F72 
 1322              	.LASF8:
 1323 03bc 5F5F696E 		.ascii	"__int32_t\000"
 1323      7433325F 
 1323      7400
 1324              	.LASF27:
 1325 03c6 4C535543 		.ascii	"LSUCNT\000"
 1325      4E5400
 1326              	.LASF32:
 1327 03cd 4C4F4144 		.ascii	"LOAD\000"
 1327      00
 1328              	.LASF50:
 1329 03d2 41484231 		.ascii	"AHB1ENR\000"
ARM GAS  /tmp/ccuzA2ea.s 			page 27


 1329      454E5200 
 1330              	.LASF45:
 1331 03da 41484233 		.ascii	"AHB3RSTR\000"
 1331      52535452 
 1331      00
 1332              	.LASF39:
 1333 03e3 464C4153 		.ascii	"FLASH_TypeDef\000"
 1333      485F5479 
 1333      70654465 
 1333      6600
 1334              	.LASF77:
 1335 03f1 49544D5F 		.ascii	"ITM_RxBuffer\000"
 1335      52784275 
 1335      66666572 
 1335      00
 1336              	.LASF68:
 1337 03fe 504C4C53 		.ascii	"PLLSAICFGR\000"
 1337      41494346 
 1337      475200
 1338              	.LASF62:
 1339 0409 41504232 		.ascii	"APB2LPENR\000"
 1339      4C50454E 
 1339      5200
 1340              	.LASF37:
 1341 0413 4F505443 		.ascii	"OPTCR\000"
 1341      5200
 1342              		.ident	"GCC: (GNU Tools for ARM Embedded Processors) 5.3.1 20160307 (release) [ARM/embedded-5-bran
ARM GAS  /tmp/ccuzA2ea.s 			page 28


DEFINED SYMBOLS
                            *ABS*:00000000 hal_lld.c
     /tmp/ccuzA2ea.s:20     .text.hal_lld_init:00000000 $t
     /tmp/ccuzA2ea.s:26     .text.hal_lld_init:00000000 hal_lld_init
     /tmp/ccuzA2ea.s:137    .text.hal_lld_init:00000080 $d
     /tmp/ccuzA2ea.s:147    .text.stm32_clock_init:00000000 $t
     /tmp/ccuzA2ea.s:153    .text.stm32_clock_init:00000000 stm32_clock_init
     /tmp/ccuzA2ea.s:277    .text.stm32_clock_init:000000b4 $d
                     .debug_frame:00000010 $d

UNDEFINED SYMBOLS
dmaInit
