ARM GAS  /tmp/ccpBhv6K.s 			page 1


   1              		.syntax unified
   2              		.cpu cortex-m4
   3              		.fpu softvfp
   4              		.eabi_attribute 20, 1
   5              		.eabi_attribute 21, 1
   6              		.eabi_attribute 23, 3
   7              		.eabi_attribute 24, 1
   8              		.eabi_attribute 25, 1
   9              		.eabi_attribute 26, 1
  10              		.eabi_attribute 30, 2
  11              		.eabi_attribute 34, 1
  12              		.eabi_attribute 18, 4
  13              		.thumb
  14              		.syntax unified
  15              		.file	"lis302dl.c"
  16              		.text
  17              	.Ltext0:
  18              		.cfi_sections	.debug_frame
  19              		.section	.text.lis302dlReadRegister,"ax",%progbits
  20              		.align	2
  21              		.p2align 4,,15
  22              		.global	lis302dlReadRegister
  23              		.thumb
  24              		.thumb_func
  25              		.type	lis302dlReadRegister, %function
  26              	lis302dlReadRegister:
  27              	.LFB118:
  28              		.file 1 "../../os/various/devices_lib/accel/lis302dl.c"
  29              		.loc 1 60 0
  30              		.cfi_startproc
  31              		@ args = 0, pretend = 0, frame = 0
  32              		@ frame_needed = 0, uses_anonymous_args = 0
  33              	.LVL0:
  34 0000 F8B5     		push	{r3, r4, r5, r6, r7, lr}
  35              		.cfi_def_cfa_offset 24
  36              		.cfi_offset 3, -24
  37              		.cfi_offset 4, -20
  38              		.cfi_offset 5, -16
  39              		.cfi_offset 6, -12
  40              		.cfi_offset 7, -8
  41              		.cfi_offset 14, -4
  42              		.loc 1 63 0
  43 0002 0B4C     		ldr	r4, .L3
  44              		.loc 1 65 0
  45 0004 0B4E     		ldr	r6, .L3+4
  46              		.loc 1 60 0
  47 0006 0D46     		mov	r5, r1
  48 0008 0746     		mov	r7, r0
  49              		.loc 1 62 0
  50 000a FFF7FEFF 		bl	spiSelect
  51              	.LVL1:
  52              		.loc 1 63 0
  53 000e 65F07F01 		orn	r1, r5, #127
  54              		.loc 1 65 0
  55 0012 2246     		mov	r2, r4
  56 0014 3846     		mov	r0, r7
  57 0016 3346     		mov	r3, r6
ARM GAS  /tmp/ccpBhv6K.s 			page 2


  58              		.loc 1 63 0
  59 0018 2170     		strb	r1, [r4]
  60              		.loc 1 64 0
  61 001a FF25     		movs	r5, #255
  62              		.loc 1 65 0
  63 001c 0221     		movs	r1, #2
  64              		.loc 1 64 0
  65 001e 6570     		strb	r5, [r4, #1]
  66              		.loc 1 65 0
  67 0020 FFF7FEFF 		bl	spiExchange
  68              	.LVL2:
  69              		.loc 1 66 0
  70 0024 3846     		mov	r0, r7
  71 0026 FFF7FEFF 		bl	spiUnselect
  72              	.LVL3:
  73              		.loc 1 68 0
  74 002a 7078     		ldrb	r0, [r6, #1]	@ zero_extendqisi2
  75 002c F8BD     		pop	{r3, r4, r5, r6, r7, pc}
  76              	.LVL4:
  77              	.L4:
  78 002e 00BF     		.align	2
  79              	.L3:
  80 0030 00000000 		.word	.LANCHOR0
  81 0034 00000000 		.word	.LANCHOR1
  82              		.cfi_endproc
  83              	.LFE118:
  84              		.size	lis302dlReadRegister, .-lis302dlReadRegister
  85              		.section	.text.lis302dlWriteRegister,"ax",%progbits
  86              		.align	2
  87              		.p2align 4,,15
  88              		.global	lis302dlWriteRegister
  89              		.thumb
  90              		.thumb_func
  91              		.type	lis302dlWriteRegister, %function
  92              	lis302dlWriteRegister:
  93              	.LFB119:
  94              		.loc 1 78 0
  95              		.cfi_startproc
  96              		@ args = 0, pretend = 0, frame = 0
  97              		@ frame_needed = 0, uses_anonymous_args = 0
  98              	.LVL5:
  99 0000 A1F12003 		sub	r3, r1, #32
 100 0004 DBB2     		uxtb	r3, r3
 101 0006 1F2B     		cmp	r3, #31
 102 0008 07D8     		bhi	.L11
 103 000a 70B5     		push	{r4, r5, r6, lr}
 104              		.cfi_def_cfa_offset 16
 105              		.cfi_offset 4, -16
 106              		.cfi_offset 5, -12
 107              		.cfi_offset 6, -8
 108              		.cfi_offset 14, -4
 109 000c 0125     		movs	r5, #1
 110 000e 0C4C     		ldr	r4, .L14
 111 0010 05FA03F3 		lsl	r3, r5, r3
 112 0014 1C40     		ands	r4, r4, r3
 113 0016 0CB9     		cbnz	r4, .L13
 114 0018 70BD     		pop	{r4, r5, r6, pc}
ARM GAS  /tmp/ccpBhv6K.s 			page 3


 115              	.L11:
 116              		.cfi_def_cfa_offset 0
 117              		.cfi_restore 4
 118              		.cfi_restore 5
 119              		.cfi_restore 6
 120              		.cfi_restore 14
 121 001a 7047     		bx	lr
 122              	.L13:
 123              		.cfi_def_cfa_offset 16
 124              		.cfi_offset 4, -16
 125              		.cfi_offset 5, -12
 126              		.cfi_offset 6, -8
 127              		.cfi_offset 14, -4
 128 001c 0646     		mov	r6, r0
 129 001e 1546     		mov	r5, r2
 130 0020 0C46     		mov	r4, r1
 131              		.loc 1 111 0
 132 0022 FFF7FEFF 		bl	spiSelect
 133              	.LVL6:
 134              		.loc 1 112 0
 135 0026 074B     		ldr	r3, .L14+4
 136              		.loc 1 114 0
 137 0028 3046     		mov	r0, r6
 138 002a 0221     		movs	r1, #2
 139 002c 1A46     		mov	r2, r3
 140              		.loc 1 112 0
 141 002e 1C70     		strb	r4, [r3]
 142              		.loc 1 113 0
 143 0030 5D70     		strb	r5, [r3, #1]
 144              		.loc 1 114 0
 145 0032 FFF7FEFF 		bl	spiSend
 146              	.LVL7:
 147              		.loc 1 115 0
 148 0036 3046     		mov	r0, r6
 149              		.loc 1 117 0
 150 0038 BDE87040 		pop	{r4, r5, r6, lr}
 151              		.cfi_restore 14
 152              		.cfi_restore 6
 153              		.cfi_restore 5
 154              		.cfi_restore 4
 155              		.cfi_def_cfa_offset 0
 156              	.LVL8:
 157              		.loc 1 115 0
 158 003c FFF7FEBF 		b	spiUnselect
 159              	.LVL9:
 160              	.L15:
 161              		.align	2
 162              	.L14:
 163 0040 0700DDF9 		.word	-102957049
 164 0044 00000000 		.word	.LANCHOR0
 165              		.cfi_endproc
 166              	.LFE119:
 167              		.size	lis302dlWriteRegister, .-lis302dlWriteRegister
 168              		.section	.bss.rxbuf,"aw",%nobits
 169              		.align	2
 170              		.set	.LANCHOR1,. + 0
 171              		.type	rxbuf, %object
ARM GAS  /tmp/ccpBhv6K.s 			page 4


 172              		.size	rxbuf, 2
 173              	rxbuf:
 174 0000 0000     		.space	2
 175              		.section	.bss.txbuf,"aw",%nobits
 176              		.align	2
 177              		.set	.LANCHOR0,. + 0
 178              		.type	txbuf, %object
 179              		.size	txbuf, 2
 180              	txbuf:
 181 0000 0000     		.space	2
 182              		.text
 183              	.Letext0:
 184              		.file 2 "/home/lithium/Descargas/gcc-arm-none-eabi-5_3-2016q1/arm-none-eabi/include/machine/_defau
 185              		.file 3 "/home/lithium/Descargas/gcc-arm-none-eabi-5_3-2016q1/arm-none-eabi/include/sys/_stdint.h"
 186              		.file 4 "../../os/ports/GCC/ARMCMx/chtypes.h"
 187              		.file 5 "../../os/kernel/include/chlists.h"
 188              		.file 6 "../../os/kernel/include/chthreads.h"
 189              		.file 7 "../../os/ports/GCC/ARMCMx/chcore_v7m.h"
 190              		.file 8 "../../os/kernel/include/chmtx.h"
 191              		.file 9 "../../os/hal/platforms/STM32F4xx/stm32f4xx.h"
 192              		.file 10 "../../os/hal/platforms/STM32F4xx/stm32_dma.h"
 193              		.file 11 "../../os/hal/platforms/STM32/GPIOv2/pal_lld.h"
 194              		.file 12 "../../os/hal/include/spi.h"
 195              		.file 13 "../../os/hal/platforms/STM32/SPIv1/spi_lld.h"
 196              		.file 14 "../../os/ports/common/ARMCMx/CMSIS/include/core_cm4.h"
 197              		.section	.debug_info,"",%progbits
 198              	.Ldebug_info0:
 199 0000 36090000 		.4byte	0x936
 200 0004 0400     		.2byte	0x4
 201 0006 00000000 		.4byte	.Ldebug_abbrev0
 202 000a 04       		.byte	0x4
 203 000b 01       		.uleb128 0x1
 204 000c 31030000 		.4byte	.LASF126
 205 0010 0C       		.byte	0xc
 206 0011 A3050000 		.4byte	.LASF127
 207 0015 F1040000 		.4byte	.LASF128
 208 0019 00000000 		.4byte	.Ldebug_ranges0+0
 209 001d 00000000 		.4byte	0
 210 0021 00000000 		.4byte	.Ldebug_line0
 211 0025 02       		.uleb128 0x2
 212 0026 04       		.byte	0x4
 213 0027 05       		.byte	0x5
 214 0028 696E7400 		.ascii	"int\000"
 215 002c 03       		.uleb128 0x3
 216 002d 04       		.byte	0x4
 217 002e 07       		.byte	0x7
 218 002f B1010000 		.4byte	.LASF0
 219 0033 03       		.uleb128 0x3
 220 0034 08       		.byte	0x8
 221 0035 05       		.byte	0x5
 222 0036 C6000000 		.4byte	.LASF1
 223 003a 03       		.uleb128 0x3
 224 003b 08       		.byte	0x8
 225 003c 04       		.byte	0x4
 226 003d 35020000 		.4byte	.LASF2
 227 0041 03       		.uleb128 0x3
 228 0042 01       		.byte	0x1
ARM GAS  /tmp/ccpBhv6K.s 			page 5


 229 0043 06       		.byte	0x6
 230 0044 D4000000 		.4byte	.LASF3
 231 0048 04       		.uleb128 0x4
 232 0049 20000000 		.4byte	.LASF6
 233 004d 02       		.byte	0x2
 234 004e 1D       		.byte	0x1d
 235 004f 53000000 		.4byte	0x53
 236 0053 03       		.uleb128 0x3
 237 0054 01       		.byte	0x1
 238 0055 08       		.byte	0x8
 239 0056 EA020000 		.4byte	.LASF4
 240 005a 03       		.uleb128 0x3
 241 005b 02       		.byte	0x2
 242 005c 05       		.byte	0x5
 243 005d 15030000 		.4byte	.LASF5
 244 0061 04       		.uleb128 0x4
 245 0062 8A040000 		.4byte	.LASF7
 246 0066 02       		.byte	0x2
 247 0067 2B       		.byte	0x2b
 248 0068 6C000000 		.4byte	0x6c
 249 006c 03       		.uleb128 0x3
 250 006d 02       		.byte	0x2
 251 006e 07       		.byte	0x7
 252 006f DB010000 		.4byte	.LASF8
 253 0073 04       		.uleb128 0x4
 254 0074 BC040000 		.4byte	.LASF9
 255 0078 02       		.byte	0x2
 256 0079 3F       		.byte	0x3f
 257 007a 7E000000 		.4byte	0x7e
 258 007e 03       		.uleb128 0x3
 259 007f 04       		.byte	0x4
 260 0080 05       		.byte	0x5
 261 0081 1C010000 		.4byte	.LASF10
 262 0085 04       		.uleb128 0x4
 263 0086 79010000 		.4byte	.LASF11
 264 008a 02       		.byte	0x2
 265 008b 41       		.byte	0x41
 266 008c 90000000 		.4byte	0x90
 267 0090 03       		.uleb128 0x3
 268 0091 04       		.byte	0x4
 269 0092 07       		.byte	0x7
 270 0093 53040000 		.4byte	.LASF12
 271 0097 03       		.uleb128 0x3
 272 0098 08       		.byte	0x8
 273 0099 07       		.byte	0x7
 274 009a 42000000 		.4byte	.LASF13
 275 009e 04       		.uleb128 0x4
 276 009f 68050000 		.4byte	.LASF14
 277 00a3 03       		.byte	0x3
 278 00a4 14       		.byte	0x14
 279 00a5 48000000 		.4byte	0x48
 280 00a9 04       		.uleb128 0x4
 281 00aa 35010000 		.4byte	.LASF15
 282 00ae 03       		.byte	0x3
 283 00af 1A       		.byte	0x1a
 284 00b0 61000000 		.4byte	0x61
 285 00b4 04       		.uleb128 0x4
ARM GAS  /tmp/ccpBhv6K.s 			page 6


 286 00b5 E2020000 		.4byte	.LASF16
 287 00b9 03       		.byte	0x3
 288 00ba 1F       		.byte	0x1f
 289 00bb 73000000 		.4byte	0x73
 290 00bf 04       		.uleb128 0x4
 291 00c0 42040000 		.4byte	.LASF17
 292 00c4 03       		.byte	0x3
 293 00c5 20       		.byte	0x20
 294 00c6 85000000 		.4byte	0x85
 295 00ca 03       		.uleb128 0x3
 296 00cb 01       		.byte	0x1
 297 00cc 02       		.byte	0x2
 298 00cd DC020000 		.4byte	.LASF18
 299 00d1 04       		.uleb128 0x4
 300 00d2 F4010000 		.4byte	.LASF19
 301 00d6 04       		.byte	0x4
 302 00d7 2C       		.byte	0x2c
 303 00d8 9E000000 		.4byte	0x9e
 304 00dc 04       		.uleb128 0x4
 305 00dd 25010000 		.4byte	.LASF20
 306 00e1 04       		.byte	0x4
 307 00e2 2D       		.byte	0x2d
 308 00e3 9E000000 		.4byte	0x9e
 309 00e7 04       		.uleb128 0x4
 310 00e8 4B040000 		.4byte	.LASF21
 311 00ec 04       		.byte	0x4
 312 00ed 2E       		.byte	0x2e
 313 00ee 9E000000 		.4byte	0x9e
 314 00f2 04       		.uleb128 0x4
 315 00f3 FE000000 		.4byte	.LASF22
 316 00f7 04       		.byte	0x4
 317 00f8 2F       		.byte	0x2f
 318 00f9 9E000000 		.4byte	0x9e
 319 00fd 04       		.uleb128 0x4
 320 00fe CE020000 		.4byte	.LASF23
 321 0102 04       		.byte	0x4
 322 0103 30       		.byte	0x30
 323 0104 BF000000 		.4byte	0xbf
 324 0108 04       		.uleb128 0x4
 325 0109 EE010000 		.4byte	.LASF24
 326 010d 04       		.byte	0x4
 327 010e 31       		.byte	0x31
 328 010f B4000000 		.4byte	0xb4
 329 0113 04       		.uleb128 0x4
 330 0114 08020000 		.4byte	.LASF25
 331 0118 04       		.byte	0x4
 332 0119 33       		.byte	0x33
 333 011a BF000000 		.4byte	0xbf
 334 011e 04       		.uleb128 0x4
 335 011f A7040000 		.4byte	.LASF26
 336 0123 04       		.byte	0x4
 337 0124 35       		.byte	0x35
 338 0125 BF000000 		.4byte	0xbf
 339 0129 04       		.uleb128 0x4
 340 012a 21040000 		.4byte	.LASF27
 341 012e 05       		.byte	0x5
 342 012f 2A       		.byte	0x2a
ARM GAS  /tmp/ccpBhv6K.s 			page 7


 343 0130 34010000 		.4byte	0x134
 344 0134 05       		.uleb128 0x5
 345 0135 21040000 		.4byte	.LASF27
 346 0139 48       		.byte	0x48
 347 013a 06       		.byte	0x6
 348 013b 5E       		.byte	0x5e
 349 013c 31020000 		.4byte	0x231
 350 0140 06       		.uleb128 0x6
 351 0141 12040000 		.4byte	.LASF28
 352 0145 06       		.byte	0x6
 353 0146 5F       		.byte	0x5f
 354 0147 52020000 		.4byte	0x252
 355 014b 00       		.byte	0
 356 014c 06       		.uleb128 0x6
 357 014d A9020000 		.4byte	.LASF29
 358 0151 06       		.byte	0x6
 359 0152 61       		.byte	0x61
 360 0153 52020000 		.4byte	0x252
 361 0157 04       		.byte	0x4
 362 0158 06       		.uleb128 0x6
 363 0159 B9000000 		.4byte	.LASF30
 364 015d 06       		.byte	0x6
 365 015e 63       		.byte	0x63
 366 015f FD000000 		.4byte	0xfd
 367 0163 08       		.byte	0x8
 368 0164 06       		.uleb128 0x6
 369 0165 D1050000 		.4byte	.LASF31
 370 0169 06       		.byte	0x6
 371 016a 64       		.byte	0x64
 372 016b 0C030000 		.4byte	0x30c
 373 016f 0C       		.byte	0xc
 374 0170 06       		.uleb128 0x6
 375 0171 45010000 		.4byte	.LASF32
 376 0175 06       		.byte	0x6
 377 0176 66       		.byte	0x66
 378 0177 52020000 		.4byte	0x252
 379 017b 10       		.byte	0x10
 380 017c 06       		.uleb128 0x6
 381 017d 47020000 		.4byte	.LASF33
 382 0181 06       		.byte	0x6
 383 0182 67       		.byte	0x67
 384 0183 52020000 		.4byte	0x252
 385 0187 14       		.byte	0x14
 386 0188 06       		.uleb128 0x6
 387 0189 7C050000 		.4byte	.LASF34
 388 018d 06       		.byte	0x6
 389 018e 6E       		.byte	0x6e
 390 018f B5030000 		.4byte	0x3b5
 391 0193 18       		.byte	0x18
 392 0194 06       		.uleb128 0x6
 393 0195 1F030000 		.4byte	.LASF35
 394 0199 06       		.byte	0x6
 395 019a 79       		.byte	0x79
 396 019b DC000000 		.4byte	0xdc
 397 019f 1C       		.byte	0x1c
 398 01a0 06       		.uleb128 0x6
 399 01a1 19040000 		.4byte	.LASF36
ARM GAS  /tmp/ccpBhv6K.s 			page 8


 400 01a5 06       		.byte	0x6
 401 01a6 7D       		.byte	0x7d
 402 01a7 D1000000 		.4byte	0xd1
 403 01ab 1D       		.byte	0x1d
 404 01ac 06       		.uleb128 0x6
 405 01ad 61050000 		.4byte	.LASF37
 406 01b1 06       		.byte	0x6
 407 01b2 82       		.byte	0x82
 408 01b3 E7000000 		.4byte	0xe7
 409 01b7 1E       		.byte	0x1e
 410 01b8 06       		.uleb128 0x6
 411 01b9 27030000 		.4byte	.LASF38
 412 01bd 06       		.byte	0x6
 413 01be 88       		.byte	0x88
 414 01bf F2000000 		.4byte	0xf2
 415 01c3 1F       		.byte	0x1f
 416 01c4 06       		.uleb128 0x6
 417 01c5 3E010000 		.4byte	.LASF39
 418 01c9 06       		.byte	0x6
 419 01ca 8F       		.byte	0x8f
 420 01cb 39030000 		.4byte	0x339
 421 01cf 20       		.byte	0x20
 422 01d0 07       		.uleb128 0x7
 423 01d1 705F7500 		.ascii	"p_u\000"
 424 01d5 06       		.byte	0x6
 425 01d6 B4       		.byte	0xb4
 426 01d7 80030000 		.4byte	0x380
 427 01db 24       		.byte	0x24
 428 01dc 06       		.uleb128 0x6
 429 01dd D7050000 		.4byte	.LASF40
 430 01e1 06       		.byte	0x6
 431 01e2 B9       		.byte	0xb9
 432 01e3 78020000 		.4byte	0x278
 433 01e7 28       		.byte	0x28
 434 01e8 06       		.uleb128 0x6
 435 01e9 C4010000 		.4byte	.LASF41
 436 01ed 06       		.byte	0x6
 437 01ee BF       		.byte	0xbf
 438 01ef 58020000 		.4byte	0x258
 439 01f3 2C       		.byte	0x2c
 440 01f4 06       		.uleb128 0x6
 441 01f5 95050000 		.4byte	.LASF42
 442 01f9 06       		.byte	0x6
 443 01fa C3       		.byte	0xc3
 444 01fb 08010000 		.4byte	0x108
 445 01ff 34       		.byte	0x34
 446 0200 06       		.uleb128 0x6
 447 0201 28040000 		.4byte	.LASF43
 448 0205 06       		.byte	0x6
 449 0206 C9       		.byte	0xc9
 450 0207 13010000 		.4byte	0x113
 451 020b 38       		.byte	0x38
 452 020c 06       		.uleb128 0x6
 453 020d 0B030000 		.4byte	.LASF44
 454 0211 06       		.byte	0x6
 455 0212 D0       		.byte	0xd0
 456 0213 C7030000 		.4byte	0x3c7
ARM GAS  /tmp/ccpBhv6K.s 			page 9


 457 0217 3C       		.byte	0x3c
 458 0218 06       		.uleb128 0x6
 459 0219 B1040000 		.4byte	.LASF45
 460 021d 06       		.byte	0x6
 461 021e D4       		.byte	0xd4
 462 021f FD000000 		.4byte	0xfd
 463 0223 40       		.byte	0x40
 464 0224 06       		.uleb128 0x6
 465 0225 84010000 		.4byte	.LASF46
 466 0229 06       		.byte	0x6
 467 022a DA       		.byte	0xda
 468 022b 8E020000 		.4byte	0x28e
 469 022f 44       		.byte	0x44
 470 0230 00       		.byte	0
 471 0231 08       		.uleb128 0x8
 472 0232 08       		.byte	0x8
 473 0233 05       		.byte	0x5
 474 0234 61       		.byte	0x61
 475 0235 52020000 		.4byte	0x252
 476 0239 06       		.uleb128 0x6
 477 023a 12040000 		.4byte	.LASF28
 478 023e 05       		.byte	0x5
 479 023f 62       		.byte	0x62
 480 0240 52020000 		.4byte	0x252
 481 0244 00       		.byte	0
 482 0245 06       		.uleb128 0x6
 483 0246 A9020000 		.4byte	.LASF29
 484 024a 05       		.byte	0x5
 485 024b 64       		.byte	0x64
 486 024c 52020000 		.4byte	0x252
 487 0250 04       		.byte	0x4
 488 0251 00       		.byte	0
 489 0252 09       		.uleb128 0x9
 490 0253 04       		.byte	0x4
 491 0254 29010000 		.4byte	0x129
 492 0258 04       		.uleb128 0x4
 493 0259 4F020000 		.4byte	.LASF47
 494 025d 05       		.byte	0x5
 495 025e 66       		.byte	0x66
 496 025f 31020000 		.4byte	0x231
 497 0263 08       		.uleb128 0x8
 498 0264 04       		.byte	0x4
 499 0265 05       		.byte	0x5
 500 0266 6B       		.byte	0x6b
 501 0267 78020000 		.4byte	0x278
 502 026b 06       		.uleb128 0x6
 503 026c 12040000 		.4byte	.LASF28
 504 0270 05       		.byte	0x5
 505 0271 6D       		.byte	0x6d
 506 0272 52020000 		.4byte	0x252
 507 0276 00       		.byte	0
 508 0277 00       		.byte	0
 509 0278 04       		.uleb128 0x4
 510 0279 FC010000 		.4byte	.LASF48
 511 027d 05       		.byte	0x5
 512 027e 70       		.byte	0x70
 513 027f 63020000 		.4byte	0x263
ARM GAS  /tmp/ccpBhv6K.s 			page 10


 514 0283 04       		.uleb128 0x4
 515 0284 8C010000 		.4byte	.LASF49
 516 0288 07       		.byte	0x7
 517 0289 E5       		.byte	0xe5
 518 028a 8E020000 		.4byte	0x28e
 519 028e 0A       		.uleb128 0xa
 520 028f 04       		.byte	0x4
 521 0290 0B       		.uleb128 0xb
 522 0291 35050000 		.4byte	.LASF50
 523 0295 24       		.byte	0x24
 524 0296 07       		.byte	0x7
 525 0297 0C01     		.2byte	0x10c
 526 0299 0C030000 		.4byte	0x30c
 527 029d 0C       		.uleb128 0xc
 528 029e 723400   		.ascii	"r4\000"
 529 02a1 07       		.byte	0x7
 530 02a2 1F01     		.2byte	0x11f
 531 02a4 83020000 		.4byte	0x283
 532 02a8 00       		.byte	0
 533 02a9 0C       		.uleb128 0xc
 534 02aa 723500   		.ascii	"r5\000"
 535 02ad 07       		.byte	0x7
 536 02ae 2001     		.2byte	0x120
 537 02b0 83020000 		.4byte	0x283
 538 02b4 04       		.byte	0x4
 539 02b5 0C       		.uleb128 0xc
 540 02b6 723600   		.ascii	"r6\000"
 541 02b9 07       		.byte	0x7
 542 02ba 2101     		.2byte	0x121
 543 02bc 83020000 		.4byte	0x283
 544 02c0 08       		.byte	0x8
 545 02c1 0C       		.uleb128 0xc
 546 02c2 723700   		.ascii	"r7\000"
 547 02c5 07       		.byte	0x7
 548 02c6 2201     		.2byte	0x122
 549 02c8 83020000 		.4byte	0x283
 550 02cc 0C       		.byte	0xc
 551 02cd 0C       		.uleb128 0xc
 552 02ce 723800   		.ascii	"r8\000"
 553 02d1 07       		.byte	0x7
 554 02d2 2301     		.2byte	0x123
 555 02d4 83020000 		.4byte	0x283
 556 02d8 10       		.byte	0x10
 557 02d9 0C       		.uleb128 0xc
 558 02da 723900   		.ascii	"r9\000"
 559 02dd 07       		.byte	0x7
 560 02de 2401     		.2byte	0x124
 561 02e0 83020000 		.4byte	0x283
 562 02e4 14       		.byte	0x14
 563 02e5 0C       		.uleb128 0xc
 564 02e6 72313000 		.ascii	"r10\000"
 565 02ea 07       		.byte	0x7
 566 02eb 2501     		.2byte	0x125
 567 02ed 83020000 		.4byte	0x283
 568 02f1 18       		.byte	0x18
 569 02f2 0C       		.uleb128 0xc
 570 02f3 72313100 		.ascii	"r11\000"
ARM GAS  /tmp/ccpBhv6K.s 			page 11


 571 02f7 07       		.byte	0x7
 572 02f8 2601     		.2byte	0x126
 573 02fa 83020000 		.4byte	0x283
 574 02fe 1C       		.byte	0x1c
 575 02ff 0C       		.uleb128 0xc
 576 0300 6C7200   		.ascii	"lr\000"
 577 0303 07       		.byte	0x7
 578 0304 2701     		.2byte	0x127
 579 0306 83020000 		.4byte	0x283
 580 030a 20       		.byte	0x20
 581 030b 00       		.byte	0
 582 030c 0B       		.uleb128 0xb
 583 030d E9040000 		.4byte	.LASF51
 584 0311 04       		.byte	0x4
 585 0312 07       		.byte	0x7
 586 0313 3101     		.2byte	0x131
 587 0315 27030000 		.4byte	0x327
 588 0319 0C       		.uleb128 0xc
 589 031a 72313300 		.ascii	"r13\000"
 590 031e 07       		.byte	0x7
 591 031f 3201     		.2byte	0x132
 592 0321 27030000 		.4byte	0x327
 593 0325 00       		.byte	0
 594 0326 00       		.byte	0
 595 0327 09       		.uleb128 0x9
 596 0328 04       		.byte	0x4
 597 0329 90020000 		.4byte	0x290
 598 032d 0D       		.uleb128 0xd
 599 032e BF000000 		.4byte	0xbf
 600 0332 03       		.uleb128 0x3
 601 0333 04       		.byte	0x4
 602 0334 07       		.byte	0x7
 603 0335 26020000 		.4byte	.LASF52
 604 0339 0D       		.uleb128 0xd
 605 033a 1E010000 		.4byte	0x11e
 606 033e 05       		.uleb128 0x5
 607 033f 41020000 		.4byte	.LASF53
 608 0343 10       		.byte	0x10
 609 0344 08       		.byte	0x8
 610 0345 2C       		.byte	0x2c
 611 0346 6F030000 		.4byte	0x36f
 612 034a 06       		.uleb128 0x6
 613 034b F6000000 		.4byte	.LASF54
 614 034f 08       		.byte	0x8
 615 0350 2D       		.byte	0x2d
 616 0351 58020000 		.4byte	0x258
 617 0355 00       		.byte	0
 618 0356 06       		.uleb128 0x6
 619 0357 9B050000 		.4byte	.LASF55
 620 035b 08       		.byte	0x8
 621 035c 2F       		.byte	0x2f
 622 035d 52020000 		.4byte	0x252
 623 0361 08       		.byte	0x8
 624 0362 06       		.uleb128 0x6
 625 0363 A0040000 		.4byte	.LASF56
 626 0367 08       		.byte	0x8
 627 0368 31       		.byte	0x31
ARM GAS  /tmp/ccpBhv6K.s 			page 12


 628 0369 6F030000 		.4byte	0x36f
 629 036d 0C       		.byte	0xc
 630 036e 00       		.byte	0
 631 036f 09       		.uleb128 0x9
 632 0370 04       		.byte	0x4
 633 0371 3E030000 		.4byte	0x33e
 634 0375 04       		.uleb128 0x4
 635 0376 41020000 		.4byte	.LASF53
 636 037a 08       		.byte	0x8
 637 037b 33       		.byte	0x33
 638 037c 3E030000 		.4byte	0x33e
 639 0380 0E       		.uleb128 0xe
 640 0381 04       		.byte	0x4
 641 0382 06       		.byte	0x6
 642 0383 96       		.byte	0x96
 643 0384 B5030000 		.4byte	0x3b5
 644 0388 0F       		.uleb128 0xf
 645 0389 12000000 		.4byte	.LASF57
 646 038d 06       		.byte	0x6
 647 038e 9D       		.byte	0x9d
 648 038f 08010000 		.4byte	0x108
 649 0393 0F       		.uleb128 0xf
 650 0394 6F000000 		.4byte	.LASF58
 651 0398 06       		.byte	0x6
 652 0399 A4       		.byte	0xa4
 653 039a 08010000 		.4byte	0x108
 654 039e 0F       		.uleb128 0xf
 655 039f 75050000 		.4byte	.LASF59
 656 03a3 06       		.byte	0x6
 657 03a4 AB       		.byte	0xab
 658 03a5 8E020000 		.4byte	0x28e
 659 03a9 0F       		.uleb128 0xf
 660 03aa 0B040000 		.4byte	.LASF60
 661 03ae 06       		.byte	0x6
 662 03af B2       		.byte	0xb2
 663 03b0 13010000 		.4byte	0x113
 664 03b4 00       		.byte	0
 665 03b5 09       		.uleb128 0x9
 666 03b6 04       		.byte	0x4
 667 03b7 C2030000 		.4byte	0x3c2
 668 03bb 03       		.uleb128 0x3
 669 03bc 01       		.byte	0x1
 670 03bd 08       		.byte	0x8
 671 03be 71040000 		.4byte	.LASF61
 672 03c2 10       		.uleb128 0x10
 673 03c3 BB030000 		.4byte	0x3bb
 674 03c7 09       		.uleb128 0x9
 675 03c8 04       		.byte	0x4
 676 03c9 75030000 		.4byte	0x375
 677 03cd 0D       		.uleb128 0xd
 678 03ce A9000000 		.4byte	0xa9
 679 03d2 0D       		.uleb128 0xd
 680 03d3 B4000000 		.4byte	0xb4
 681 03d7 11       		.uleb128 0x11
 682 03d8 18       		.byte	0x18
 683 03d9 09       		.byte	0x9
 684 03da B102     		.2byte	0x2b1
ARM GAS  /tmp/ccpBhv6K.s 			page 13


 685 03dc 2E040000 		.4byte	0x42e
 686 03e0 0C       		.uleb128 0xc
 687 03e1 435200   		.ascii	"CR\000"
 688 03e4 09       		.byte	0x9
 689 03e5 B302     		.2byte	0x2b3
 690 03e7 2D030000 		.4byte	0x32d
 691 03eb 00       		.byte	0
 692 03ec 12       		.uleb128 0x12
 693 03ed C6040000 		.4byte	.LASF62
 694 03f1 09       		.byte	0x9
 695 03f2 B402     		.2byte	0x2b4
 696 03f4 2D030000 		.4byte	0x32d
 697 03f8 04       		.byte	0x4
 698 03f9 0C       		.uleb128 0xc
 699 03fa 50415200 		.ascii	"PAR\000"
 700 03fe 09       		.byte	0x9
 701 03ff B502     		.2byte	0x2b5
 702 0401 2D030000 		.4byte	0x32d
 703 0405 08       		.byte	0x8
 704 0406 12       		.uleb128 0x12
 705 0407 06000000 		.4byte	.LASF63
 706 040b 09       		.byte	0x9
 707 040c B602     		.2byte	0x2b6
 708 040e 2D030000 		.4byte	0x32d
 709 0412 0C       		.byte	0xc
 710 0413 12       		.uleb128 0x12
 711 0414 3C050000 		.4byte	.LASF64
 712 0418 09       		.byte	0x9
 713 0419 B702     		.2byte	0x2b7
 714 041b 2D030000 		.4byte	0x32d
 715 041f 10       		.byte	0x10
 716 0420 0C       		.uleb128 0xc
 717 0421 46435200 		.ascii	"FCR\000"
 718 0425 09       		.byte	0x9
 719 0426 B802     		.2byte	0x2b8
 720 0428 2D030000 		.4byte	0x32d
 721 042c 14       		.byte	0x14
 722 042d 00       		.byte	0
 723 042e 13       		.uleb128 0x13
 724 042f CB040000 		.4byte	.LASF65
 725 0433 09       		.byte	0x9
 726 0434 B902     		.2byte	0x2b9
 727 0436 D7030000 		.4byte	0x3d7
 728 043a 11       		.uleb128 0x11
 729 043b 24       		.byte	0x24
 730 043c 09       		.byte	0x9
 731 043d E304     		.2byte	0x4e3
 732 043f 2C050000 		.4byte	0x52c
 733 0443 0C       		.uleb128 0xc
 734 0444 43523100 		.ascii	"CR1\000"
 735 0448 09       		.byte	0x9
 736 0449 E504     		.2byte	0x4e5
 737 044b CD030000 		.4byte	0x3cd
 738 044f 00       		.byte	0
 739 0450 12       		.uleb128 0x12
 740 0451 77020000 		.4byte	.LASF66
 741 0455 09       		.byte	0x9
ARM GAS  /tmp/ccpBhv6K.s 			page 14


 742 0456 E604     		.2byte	0x4e6
 743 0458 A9000000 		.4byte	0xa9
 744 045c 02       		.byte	0x2
 745 045d 0C       		.uleb128 0xc
 746 045e 43523200 		.ascii	"CR2\000"
 747 0462 09       		.byte	0x9
 748 0463 E704     		.2byte	0x4e7
 749 0465 CD030000 		.4byte	0x3cd
 750 0469 04       		.byte	0x4
 751 046a 12       		.uleb128 0x12
 752 046b 81020000 		.4byte	.LASF67
 753 046f 09       		.byte	0x9
 754 0470 E804     		.2byte	0x4e8
 755 0472 A9000000 		.4byte	0xa9
 756 0476 06       		.byte	0x6
 757 0477 0C       		.uleb128 0xc
 758 0478 535200   		.ascii	"SR\000"
 759 047b 09       		.byte	0x9
 760 047c E904     		.2byte	0x4e9
 761 047e CD030000 		.4byte	0x3cd
 762 0482 08       		.byte	0x8
 763 0483 12       		.uleb128 0x12
 764 0484 8B020000 		.4byte	.LASF68
 765 0488 09       		.byte	0x9
 766 0489 EA04     		.2byte	0x4ea
 767 048b A9000000 		.4byte	0xa9
 768 048f 0A       		.byte	0xa
 769 0490 0C       		.uleb128 0xc
 770 0491 445200   		.ascii	"DR\000"
 771 0494 09       		.byte	0x9
 772 0495 EB04     		.2byte	0x4eb
 773 0497 CD030000 		.4byte	0x3cd
 774 049b 0C       		.byte	0xc
 775 049c 12       		.uleb128 0x12
 776 049d 95020000 		.4byte	.LASF69
 777 04a1 09       		.byte	0x9
 778 04a2 EC04     		.2byte	0x4ec
 779 04a4 A9000000 		.4byte	0xa9
 780 04a8 0E       		.byte	0xe
 781 04a9 12       		.uleb128 0x12
 782 04aa 63000000 		.4byte	.LASF70
 783 04ae 09       		.byte	0x9
 784 04af ED04     		.2byte	0x4ed
 785 04b1 CD030000 		.4byte	0x3cd
 786 04b5 10       		.byte	0x10
 787 04b6 12       		.uleb128 0x12
 788 04b7 9F020000 		.4byte	.LASF71
 789 04bb 09       		.byte	0x9
 790 04bc EE04     		.2byte	0x4ee
 791 04be A9000000 		.4byte	0xa9
 792 04c2 12       		.byte	0x12
 793 04c3 12       		.uleb128 0x12
 794 04c4 0B000000 		.4byte	.LASF72
 795 04c8 09       		.byte	0x9
 796 04c9 EF04     		.2byte	0x4ef
 797 04cb CD030000 		.4byte	0x3cd
 798 04cf 14       		.byte	0x14
ARM GAS  /tmp/ccpBhv6K.s 			page 15


 799 04d0 12       		.uleb128 0x12
 800 04d1 38040000 		.4byte	.LASF73
 801 04d5 09       		.byte	0x9
 802 04d6 F004     		.2byte	0x4f0
 803 04d8 A9000000 		.4byte	0xa9
 804 04dc 16       		.byte	0x16
 805 04dd 12       		.uleb128 0x12
 806 04de 70020000 		.4byte	.LASF74
 807 04e2 09       		.byte	0x9
 808 04e3 F104     		.2byte	0x4f1
 809 04e5 CD030000 		.4byte	0x3cd
 810 04e9 18       		.byte	0x18
 811 04ea 12       		.uleb128 0x12
 812 04eb B0020000 		.4byte	.LASF75
 813 04ef 09       		.byte	0x9
 814 04f0 F204     		.2byte	0x4f2
 815 04f2 A9000000 		.4byte	0xa9
 816 04f6 1A       		.byte	0x1a
 817 04f7 12       		.uleb128 0x12
 818 04f8 EE000000 		.4byte	.LASF76
 819 04fc 09       		.byte	0x9
 820 04fd F304     		.2byte	0x4f3
 821 04ff CD030000 		.4byte	0x3cd
 822 0503 1C       		.byte	0x1c
 823 0504 12       		.uleb128 0x12
 824 0505 BA020000 		.4byte	.LASF77
 825 0509 09       		.byte	0x9
 826 050a F404     		.2byte	0x4f4
 827 050c A9000000 		.4byte	0xa9
 828 0510 1E       		.byte	0x1e
 829 0511 12       		.uleb128 0x12
 830 0512 20020000 		.4byte	.LASF78
 831 0516 09       		.byte	0x9
 832 0517 F504     		.2byte	0x4f5
 833 0519 CD030000 		.4byte	0x3cd
 834 051d 20       		.byte	0x20
 835 051e 12       		.uleb128 0x12
 836 051f C4020000 		.4byte	.LASF79
 837 0523 09       		.byte	0x9
 838 0524 F604     		.2byte	0x4f6
 839 0526 A9000000 		.4byte	0xa9
 840 052a 22       		.byte	0x22
 841 052b 00       		.byte	0
 842 052c 13       		.uleb128 0x13
 843 052d 65040000 		.4byte	.LASF80
 844 0531 09       		.byte	0x9
 845 0532 F704     		.2byte	0x4f7
 846 0534 3A040000 		.4byte	0x43a
 847 0538 08       		.uleb128 0x8
 848 0539 0C       		.byte	0xc
 849 053a 0A       		.byte	0xa
 850 053b DA       		.byte	0xda
 851 053c 7D050000 		.4byte	0x57d
 852 0540 06       		.uleb128 0x6
 853 0541 35000000 		.4byte	.LASF81
 854 0545 0A       		.byte	0xa
 855 0546 DB       		.byte	0xdb
ARM GAS  /tmp/ccpBhv6K.s 			page 16


 856 0547 7D050000 		.4byte	0x57d
 857 054b 00       		.byte	0
 858 054c 06       		.uleb128 0x6
 859 054d 33040000 		.4byte	.LASF82
 860 0551 0A       		.byte	0xa
 861 0552 DC       		.byte	0xdc
 862 0553 83050000 		.4byte	0x583
 863 0557 04       		.byte	0x4
 864 0558 06       		.uleb128 0x6
 865 0559 D4010000 		.4byte	.LASF83
 866 055d 0A       		.byte	0xa
 867 055e DD       		.byte	0xdd
 868 055f 9E000000 		.4byte	0x9e
 869 0563 08       		.byte	0x8
 870 0564 06       		.uleb128 0x6
 871 0565 95010000 		.4byte	.LASF84
 872 0569 0A       		.byte	0xa
 873 056a DF       		.byte	0xdf
 874 056b 9E000000 		.4byte	0x9e
 875 056f 09       		.byte	0x9
 876 0570 06       		.uleb128 0x6
 877 0571 78000000 		.4byte	.LASF85
 878 0575 0A       		.byte	0xa
 879 0576 E0       		.byte	0xe0
 880 0577 9E000000 		.4byte	0x9e
 881 057b 0A       		.byte	0xa
 882 057c 00       		.byte	0
 883 057d 09       		.uleb128 0x9
 884 057e 04       		.byte	0x4
 885 057f 2E040000 		.4byte	0x42e
 886 0583 09       		.uleb128 0x9
 887 0584 04       		.byte	0x4
 888 0585 2D030000 		.4byte	0x32d
 889 0589 04       		.uleb128 0x4
 890 058a F8020000 		.4byte	.LASF86
 891 058e 0A       		.byte	0xa
 892 058f E1       		.byte	0xe1
 893 0590 38050000 		.4byte	0x538
 894 0594 08       		.uleb128 0x8
 895 0595 04       		.byte	0x4
 896 0596 0B       		.byte	0xb
 897 0597 96       		.byte	0x96
 898 0598 B5050000 		.4byte	0x5b5
 899 059c 07       		.uleb128 0x7
 900 059d 73657400 		.ascii	"set\000"
 901 05a1 0B       		.byte	0xb
 902 05a2 97       		.byte	0x97
 903 05a3 A9000000 		.4byte	0xa9
 904 05a7 00       		.byte	0
 905 05a8 06       		.uleb128 0x6
 906 05a9 2F020000 		.4byte	.LASF87
 907 05ad 0B       		.byte	0xb
 908 05ae 98       		.byte	0x98
 909 05af A9000000 		.4byte	0xa9
 910 05b3 02       		.byte	0x2
 911 05b4 00       		.byte	0
 912 05b5 0E       		.uleb128 0xe
ARM GAS  /tmp/ccpBhv6K.s 			page 17


 913 05b6 04       		.byte	0x4
 914 05b7 0B       		.byte	0xb
 915 05b8 94       		.byte	0x94
 916 05b9 D0050000 		.4byte	0x5d0
 917 05bd 14       		.uleb128 0x14
 918 05be 5700     		.ascii	"W\000"
 919 05c0 0B       		.byte	0xb
 920 05c1 95       		.byte	0x95
 921 05c2 BF000000 		.4byte	0xbf
 922 05c6 14       		.uleb128 0x14
 923 05c7 4800     		.ascii	"H\000"
 924 05c9 0B       		.byte	0xb
 925 05ca 99       		.byte	0x99
 926 05cb 94050000 		.4byte	0x594
 927 05cf 00       		.byte	0
 928 05d0 08       		.uleb128 0x8
 929 05d1 28       		.byte	0x28
 930 05d2 0B       		.byte	0xb
 931 05d3 8C       		.byte	0x8c
 932 05d4 51060000 		.4byte	0x651
 933 05d8 06       		.uleb128 0x6
 934 05d9 3C000000 		.4byte	.LASF88
 935 05dd 0B       		.byte	0xb
 936 05de 8E       		.byte	0x8e
 937 05df 2D030000 		.4byte	0x32d
 938 05e3 00       		.byte	0
 939 05e4 06       		.uleb128 0x6
 940 05e5 19000000 		.4byte	.LASF89
 941 05e9 0B       		.byte	0xb
 942 05ea 8F       		.byte	0x8f
 943 05eb 2D030000 		.4byte	0x32d
 944 05ef 04       		.byte	0x4
 945 05f0 06       		.uleb128 0x6
 946 05f1 71010000 		.4byte	.LASF90
 947 05f5 0B       		.byte	0xb
 948 05f6 90       		.byte	0x90
 949 05f7 2D030000 		.4byte	0x32d
 950 05fb 08       		.byte	0x8
 951 05fc 06       		.uleb128 0x6
 952 05fd 69000000 		.4byte	.LASF91
 953 0601 0B       		.byte	0xb
 954 0602 91       		.byte	0x91
 955 0603 2D030000 		.4byte	0x32d
 956 0607 0C       		.byte	0xc
 957 0608 07       		.uleb128 0x7
 958 0609 49445200 		.ascii	"IDR\000"
 959 060d 0B       		.byte	0xb
 960 060e 92       		.byte	0x92
 961 060f 2D030000 		.4byte	0x32d
 962 0613 10       		.byte	0x10
 963 0614 07       		.uleb128 0x7
 964 0615 4F445200 		.ascii	"ODR\000"
 965 0619 0B       		.byte	0xb
 966 061a 93       		.byte	0x93
 967 061b 2D030000 		.4byte	0x32d
 968 061f 14       		.byte	0x14
 969 0620 06       		.uleb128 0x6
ARM GAS  /tmp/ccpBhv6K.s 			page 18


 970 0621 E0000000 		.4byte	.LASF92
 971 0625 0B       		.byte	0xb
 972 0626 9A       		.byte	0x9a
 973 0627 51060000 		.4byte	0x651
 974 062b 18       		.byte	0x18
 975 062c 06       		.uleb128 0x6
 976 062d CF010000 		.4byte	.LASF93
 977 0631 0B       		.byte	0xb
 978 0632 9B       		.byte	0x9b
 979 0633 2D030000 		.4byte	0x32d
 980 0637 1C       		.byte	0x1c
 981 0638 06       		.uleb128 0x6
 982 0639 6B020000 		.4byte	.LASF94
 983 063d 0B       		.byte	0xb
 984 063e 9C       		.byte	0x9c
 985 063f 2D030000 		.4byte	0x32d
 986 0643 20       		.byte	0x20
 987 0644 06       		.uleb128 0x6
 988 0645 66020000 		.4byte	.LASF95
 989 0649 0B       		.byte	0xb
 990 064a 9D       		.byte	0x9d
 991 064b 2D030000 		.4byte	0x32d
 992 064f 24       		.byte	0x24
 993 0650 00       		.byte	0
 994 0651 0D       		.uleb128 0xd
 995 0652 B5050000 		.4byte	0x5b5
 996 0656 04       		.uleb128 0x4
 997 0657 5E010000 		.4byte	.LASF96
 998 065b 0B       		.byte	0xb
 999 065c 9E       		.byte	0x9e
 1000 065d D0050000 		.4byte	0x5d0
 1001 0661 04       		.uleb128 0x4
 1002 0662 DE040000 		.4byte	.LASF97
 1003 0666 0B       		.byte	0xb
 1004 0667 FD       		.byte	0xfd
 1005 0668 6C060000 		.4byte	0x66c
 1006 066c 09       		.uleb128 0x9
 1007 066d 04       		.byte	0x4
 1008 066e 56060000 		.4byte	0x656
 1009 0672 15       		.uleb128 0x15
 1010 0673 01       		.byte	0x1
 1011 0674 53000000 		.4byte	0x53
 1012 0678 0C       		.byte	0xc
 1013 0679 55       		.byte	0x55
 1014 067a 9D060000 		.4byte	0x69d
 1015 067e 16       		.uleb128 0x16
 1016 067f 41050000 		.4byte	.LASF98
 1017 0683 00       		.byte	0
 1018 0684 16       		.uleb128 0x16
 1019 0685 E5000000 		.4byte	.LASF99
 1020 0689 01       		.byte	0x1
 1021 068a 16       		.uleb128 0x16
 1022 068b 59000000 		.4byte	.LASF100
 1023 068f 02       		.byte	0x2
 1024 0690 16       		.uleb128 0x16
 1025 0691 2A000000 		.4byte	.LASF101
 1026 0695 03       		.byte	0x3
ARM GAS  /tmp/ccpBhv6K.s 			page 19


 1027 0696 16       		.uleb128 0x16
 1028 0697 76040000 		.4byte	.LASF102
 1029 069b 04       		.byte	0x4
 1030 069c 00       		.byte	0
 1031 069d 04       		.uleb128 0x4
 1032 069e 95040000 		.4byte	.LASF103
 1033 06a2 0C       		.byte	0xc
 1034 06a3 5B       		.byte	0x5b
 1035 06a4 72060000 		.4byte	0x672
 1036 06a8 13       		.uleb128 0x13
 1037 06a9 95000000 		.4byte	.LASF104
 1038 06ad 0D       		.byte	0xd
 1039 06ae E701     		.2byte	0x1e7
 1040 06b0 B4060000 		.4byte	0x6b4
 1041 06b4 0B       		.uleb128 0xb
 1042 06b5 95000000 		.4byte	.LASF104
 1043 06b9 30       		.byte	0x30
 1044 06ba 0D       		.byte	0xd
 1045 06bb 0B02     		.2byte	0x20b
 1046 06bd 37070000 		.4byte	0x737
 1047 06c1 12       		.uleb128 0x12
 1048 06c2 16010000 		.4byte	.LASF105
 1049 06c6 0D       		.byte	0xd
 1050 06c7 0F02     		.2byte	0x20f
 1051 06c9 9D060000 		.4byte	0x69d
 1052 06cd 00       		.byte	0
 1053 06ce 12       		.uleb128 0x12
 1054 06cf 83040000 		.4byte	.LASF106
 1055 06d3 0D       		.byte	0xd
 1056 06d4 1302     		.2byte	0x213
 1057 06d6 A4070000 		.4byte	0x7a4
 1058 06da 04       		.byte	0x4
 1059 06db 12       		.uleb128 0x12
 1060 06dc 2E010000 		.4byte	.LASF107
 1061 06e0 0D       		.byte	0xd
 1062 06e1 1802     		.2byte	0x218
 1063 06e3 52020000 		.4byte	0x252
 1064 06e7 08       		.byte	0x8
 1065 06e8 12       		.uleb128 0x12
 1066 06e9 D6020000 		.4byte	.LASF108
 1067 06ed 0D       		.byte	0xd
 1068 06ee 1F02     		.2byte	0x21f
 1069 06f0 75030000 		.4byte	0x375
 1070 06f4 0C       		.byte	0xc
 1071 06f5 0C       		.uleb128 0xc
 1072 06f6 73706900 		.ascii	"spi\000"
 1073 06fa 0D       		.byte	0xd
 1074 06fb 2B02     		.2byte	0x22b
 1075 06fd AF070000 		.4byte	0x7af
 1076 0701 1C       		.byte	0x1c
 1077 0702 12       		.uleb128 0x12
 1078 0703 00000000 		.4byte	.LASF109
 1079 0707 0D       		.byte	0xd
 1080 0708 2F02     		.2byte	0x22f
 1081 070a B5070000 		.4byte	0x7b5
 1082 070e 20       		.byte	0x20
 1083 070f 12       		.uleb128 0x12
ARM GAS  /tmp/ccpBhv6K.s 			page 20


 1084 0710 6B010000 		.4byte	.LASF110
 1085 0714 0D       		.byte	0xd
 1086 0715 3302     		.2byte	0x233
 1087 0717 B5070000 		.4byte	0x7b5
 1088 071b 24       		.byte	0x24
 1089 071c 12       		.uleb128 0x12
 1090 071d 54010000 		.4byte	.LASF111
 1091 0721 0D       		.byte	0xd
 1092 0722 3702     		.2byte	0x237
 1093 0724 BF000000 		.4byte	0xbf
 1094 0728 28       		.byte	0x28
 1095 0729 12       		.uleb128 0x12
 1096 072a 5C020000 		.4byte	.LASF112
 1097 072e 0D       		.byte	0xd
 1098 072f 3B02     		.2byte	0x23b
 1099 0731 BF000000 		.4byte	0xbf
 1100 0735 2C       		.byte	0x2c
 1101 0736 00       		.byte	0
 1102 0737 13       		.uleb128 0x13
 1103 0738 08010000 		.4byte	.LASF113
 1104 073c 0D       		.byte	0xd
 1105 073d EF01     		.2byte	0x1ef
 1106 073f 43070000 		.4byte	0x743
 1107 0743 09       		.uleb128 0x9
 1108 0744 04       		.byte	0x4
 1109 0745 49070000 		.4byte	0x749
 1110 0749 17       		.uleb128 0x17
 1111 074a 54070000 		.4byte	0x754
 1112 074e 18       		.uleb128 0x18
 1113 074f 54070000 		.4byte	0x754
 1114 0753 00       		.byte	0
 1115 0754 09       		.uleb128 0x9
 1116 0755 04       		.byte	0x4
 1117 0756 A8060000 		.4byte	0x6a8
 1118 075a 11       		.uleb128 0x11
 1119 075b 0C       		.byte	0xc
 1120 075c 0D       		.byte	0xd
 1121 075d F401     		.2byte	0x1f4
 1122 075f 98070000 		.4byte	0x798
 1123 0763 12       		.uleb128 0x12
 1124 0764 4D010000 		.4byte	.LASF114
 1125 0768 0D       		.byte	0xd
 1126 0769 F801     		.2byte	0x1f8
 1127 076b 37070000 		.4byte	0x737
 1128 076f 00       		.byte	0
 1129 0770 12       		.uleb128 0x12
 1130 0771 9F000000 		.4byte	.LASF115
 1131 0775 0D       		.byte	0xd
 1132 0776 FD01     		.2byte	0x1fd
 1133 0778 61060000 		.4byte	0x661
 1134 077c 04       		.byte	0x4
 1135 077d 12       		.uleb128 0x12
 1136 077e C0000000 		.4byte	.LASF116
 1137 0782 0D       		.byte	0xd
 1138 0783 0102     		.2byte	0x201
 1139 0785 A9000000 		.4byte	0xa9
 1140 0789 08       		.byte	0x8
ARM GAS  /tmp/ccpBhv6K.s 			page 21


 1141 078a 0C       		.uleb128 0xc
 1142 078b 63723100 		.ascii	"cr1\000"
 1143 078f 0D       		.byte	0xd
 1144 0790 0502     		.2byte	0x205
 1145 0792 A9000000 		.4byte	0xa9
 1146 0796 0A       		.byte	0xa
 1147 0797 00       		.byte	0
 1148 0798 13       		.uleb128 0x13
 1149 0799 8B050000 		.4byte	.LASF117
 1150 079d 0D       		.byte	0xd
 1151 079e 0602     		.2byte	0x206
 1152 07a0 5A070000 		.4byte	0x75a
 1153 07a4 09       		.uleb128 0x9
 1154 07a5 04       		.byte	0x4
 1155 07a6 AA070000 		.4byte	0x7aa
 1156 07aa 10       		.uleb128 0x10
 1157 07ab 98070000 		.4byte	0x798
 1158 07af 09       		.uleb128 0x9
 1159 07b0 04       		.byte	0x4
 1160 07b1 2C050000 		.4byte	0x52c
 1161 07b5 09       		.uleb128 0x9
 1162 07b6 04       		.byte	0x4
 1163 07b7 BB070000 		.4byte	0x7bb
 1164 07bb 10       		.uleb128 0x10
 1165 07bc 89050000 		.4byte	0x589
 1166 07c0 19       		.uleb128 0x19
 1167 07c1 4C050000 		.4byte	.LASF129
 1168 07c5 01       		.byte	0x1
 1169 07c6 3C       		.byte	0x3c
 1170 07c7 9E000000 		.4byte	0x9e
 1171 07cb 00000000 		.4byte	.LFB118
 1172 07cf 38000000 		.4byte	.LFE118-.LFB118
 1173 07d3 01       		.uleb128 0x1
 1174 07d4 9C       		.byte	0x9c
 1175 07d5 41080000 		.4byte	0x841
 1176 07d9 1A       		.uleb128 0x1a
 1177 07da 70050000 		.4byte	.LASF118
 1178 07de 01       		.byte	0x1
 1179 07df 3C       		.byte	0x3c
 1180 07e0 54070000 		.4byte	0x754
 1181 07e4 00000000 		.4byte	.LLST0
 1182 07e8 1B       		.uleb128 0x1b
 1183 07e9 72656700 		.ascii	"reg\000"
 1184 07ed 01       		.byte	0x1
 1185 07ee 3C       		.byte	0x3c
 1186 07ef 9E000000 		.4byte	0x9e
 1187 07f3 2C000000 		.4byte	.LLST1
 1188 07f7 1C       		.uleb128 0x1c
 1189 07f8 0E000000 		.4byte	.LVL1
 1190 07fc 09090000 		.4byte	0x909
 1191 0800 0B080000 		.4byte	0x80b
 1192 0804 1D       		.uleb128 0x1d
 1193 0805 01       		.uleb128 0x1
 1194 0806 50       		.byte	0x50
 1195 0807 02       		.uleb128 0x2
 1196 0808 77       		.byte	0x77
 1197 0809 00       		.sleb128 0
ARM GAS  /tmp/ccpBhv6K.s 			page 22


 1198 080a 00       		.byte	0
 1199 080b 1C       		.uleb128 0x1c
 1200 080c 24000000 		.4byte	.LVL2
 1201 0810 15090000 		.4byte	0x915
 1202 0814 30080000 		.4byte	0x830
 1203 0818 1D       		.uleb128 0x1d
 1204 0819 01       		.uleb128 0x1
 1205 081a 50       		.byte	0x50
 1206 081b 02       		.uleb128 0x2
 1207 081c 77       		.byte	0x77
 1208 081d 00       		.sleb128 0
 1209 081e 1D       		.uleb128 0x1d
 1210 081f 01       		.uleb128 0x1
 1211 0820 51       		.byte	0x51
 1212 0821 01       		.uleb128 0x1
 1213 0822 32       		.byte	0x32
 1214 0823 1D       		.uleb128 0x1d
 1215 0824 01       		.uleb128 0x1
 1216 0825 52       		.byte	0x52
 1217 0826 02       		.uleb128 0x2
 1218 0827 74       		.byte	0x74
 1219 0828 00       		.sleb128 0
 1220 0829 1D       		.uleb128 0x1d
 1221 082a 01       		.uleb128 0x1
 1222 082b 53       		.byte	0x53
 1223 082c 02       		.uleb128 0x2
 1224 082d 76       		.byte	0x76
 1225 082e 00       		.sleb128 0
 1226 082f 00       		.byte	0
 1227 0830 1E       		.uleb128 0x1e
 1228 0831 2A000000 		.4byte	.LVL3
 1229 0835 21090000 		.4byte	0x921
 1230 0839 1D       		.uleb128 0x1d
 1231 083a 01       		.uleb128 0x1
 1232 083b 50       		.byte	0x50
 1233 083c 02       		.uleb128 0x2
 1234 083d 77       		.byte	0x77
 1235 083e 00       		.sleb128 0
 1236 083f 00       		.byte	0
 1237 0840 00       		.byte	0
 1238 0841 1F       		.uleb128 0x1f
 1239 0842 7F000000 		.4byte	.LASF130
 1240 0846 01       		.byte	0x1
 1241 0847 4E       		.byte	0x4e
 1242 0848 00000000 		.4byte	.LFB119
 1243 084c 48000000 		.4byte	.LFE119-.LFB119
 1244 0850 01       		.uleb128 0x1
 1245 0851 9C       		.byte	0x9c
 1246 0852 CB080000 		.4byte	0x8cb
 1247 0856 1A       		.uleb128 0x1a
 1248 0857 70050000 		.4byte	.LASF118
 1249 085b 01       		.byte	0x1
 1250 085c 4E       		.byte	0x4e
 1251 085d 54070000 		.4byte	0x754
 1252 0861 4D000000 		.4byte	.LLST2
 1253 0865 1B       		.uleb128 0x1b
 1254 0866 72656700 		.ascii	"reg\000"
ARM GAS  /tmp/ccpBhv6K.s 			page 23


 1255 086a 01       		.byte	0x1
 1256 086b 4E       		.byte	0x4e
 1257 086c 9E000000 		.4byte	0x9e
 1258 0870 84000000 		.4byte	.LLST3
 1259 0874 1A       		.uleb128 0x1a
 1260 0875 AB010000 		.4byte	.LASF119
 1261 0879 01       		.byte	0x1
 1262 087a 4E       		.byte	0x4e
 1263 087b 9E000000 		.4byte	0x9e
 1264 087f A5000000 		.4byte	.LLST4
 1265 0883 1C       		.uleb128 0x1c
 1266 0884 26000000 		.4byte	.LVL6
 1267 0888 09090000 		.4byte	0x909
 1268 088c 97080000 		.4byte	0x897
 1269 0890 1D       		.uleb128 0x1d
 1270 0891 01       		.uleb128 0x1
 1271 0892 50       		.byte	0x50
 1272 0893 02       		.uleb128 0x2
 1273 0894 76       		.byte	0x76
 1274 0895 00       		.sleb128 0
 1275 0896 00       		.byte	0
 1276 0897 1C       		.uleb128 0x1c
 1277 0898 36000000 		.4byte	.LVL7
 1278 089c 2D090000 		.4byte	0x92d
 1279 08a0 B9080000 		.4byte	0x8b9
 1280 08a4 1D       		.uleb128 0x1d
 1281 08a5 01       		.uleb128 0x1
 1282 08a6 50       		.byte	0x50
 1283 08a7 02       		.uleb128 0x2
 1284 08a8 76       		.byte	0x76
 1285 08a9 00       		.sleb128 0
 1286 08aa 1D       		.uleb128 0x1d
 1287 08ab 01       		.uleb128 0x1
 1288 08ac 51       		.byte	0x51
 1289 08ad 01       		.uleb128 0x1
 1290 08ae 32       		.byte	0x32
 1291 08af 1D       		.uleb128 0x1d
 1292 08b0 01       		.uleb128 0x1
 1293 08b1 52       		.byte	0x52
 1294 08b2 05       		.uleb128 0x5
 1295 08b3 03       		.byte	0x3
 1296 08b4 00000000 		.4byte	.LANCHOR0
 1297 08b8 00       		.byte	0
 1298 08b9 20       		.uleb128 0x20
 1299 08ba 40000000 		.4byte	.LVL9
 1300 08be 21090000 		.4byte	0x921
 1301 08c2 1D       		.uleb128 0x1d
 1302 08c3 01       		.uleb128 0x1
 1303 08c4 50       		.byte	0x50
 1304 08c5 03       		.uleb128 0x3
 1305 08c6 F3       		.byte	0xf3
 1306 08c7 01       		.uleb128 0x1
 1307 08c8 50       		.byte	0x50
 1308 08c9 00       		.byte	0
 1309 08ca 00       		.byte	0
 1310 08cb 21       		.uleb128 0x21
 1311 08cc 9E000000 		.4byte	0x9e
ARM GAS  /tmp/ccpBhv6K.s 			page 24


 1312 08d0 DB080000 		.4byte	0x8db
 1313 08d4 22       		.uleb128 0x22
 1314 08d5 32030000 		.4byte	0x332
 1315 08d9 01       		.byte	0x1
 1316 08da 00       		.byte	0
 1317 08db 23       		.uleb128 0x23
 1318 08dc BE010000 		.4byte	.LASF120
 1319 08e0 01       		.byte	0x1
 1320 08e1 29       		.byte	0x29
 1321 08e2 CB080000 		.4byte	0x8cb
 1322 08e6 05       		.uleb128 0x5
 1323 08e7 03       		.byte	0x3
 1324 08e8 00000000 		.4byte	txbuf
 1325 08ec 23       		.uleb128 0x23
 1326 08ed B3000000 		.4byte	.LASF121
 1327 08f1 01       		.byte	0x1
 1328 08f2 2A       		.byte	0x2a
 1329 08f3 CB080000 		.4byte	0x8cb
 1330 08f7 05       		.uleb128 0x5
 1331 08f8 03       		.byte	0x3
 1332 08f9 00000000 		.4byte	rxbuf
 1333 08fd 24       		.uleb128 0x24
 1334 08fe A6000000 		.4byte	.LASF131
 1335 0902 0E       		.byte	0xe
 1336 0903 9806     		.2byte	0x698
 1337 0905 D2030000 		.4byte	0x3d2
 1338 0909 25       		.uleb128 0x25
 1339 090a 2B050000 		.4byte	.LASF122
 1340 090e 2B050000 		.4byte	.LASF122
 1341 0912 0C       		.byte	0xc
 1342 0913 3201     		.2byte	0x132
 1343 0915 25       		.uleb128 0x25
 1344 0916 14020000 		.4byte	.LASF123
 1345 091a 14020000 		.4byte	.LASF123
 1346 091e 0C       		.byte	0xc
 1347 091f 3B01     		.2byte	0x13b
 1348 0921 25       		.uleb128 0x25
 1349 0922 9F010000 		.4byte	.LASF124
 1350 0926 9F010000 		.4byte	.LASF124
 1351 092a 0C       		.byte	0xc
 1352 092b 3301     		.2byte	0x133
 1353 092d 25       		.uleb128 0x25
 1354 092e 83050000 		.4byte	.LASF125
 1355 0932 83050000 		.4byte	.LASF125
 1356 0936 0C       		.byte	0xc
 1357 0937 3C01     		.2byte	0x13c
 1358 0939 00       		.byte	0
 1359              		.section	.debug_abbrev,"",%progbits
 1360              	.Ldebug_abbrev0:
 1361 0000 01       		.uleb128 0x1
 1362 0001 11       		.uleb128 0x11
 1363 0002 01       		.byte	0x1
 1364 0003 25       		.uleb128 0x25
 1365 0004 0E       		.uleb128 0xe
 1366 0005 13       		.uleb128 0x13
 1367 0006 0B       		.uleb128 0xb
 1368 0007 03       		.uleb128 0x3
ARM GAS  /tmp/ccpBhv6K.s 			page 25


 1369 0008 0E       		.uleb128 0xe
 1370 0009 1B       		.uleb128 0x1b
 1371 000a 0E       		.uleb128 0xe
 1372 000b 55       		.uleb128 0x55
 1373 000c 17       		.uleb128 0x17
 1374 000d 11       		.uleb128 0x11
 1375 000e 01       		.uleb128 0x1
 1376 000f 10       		.uleb128 0x10
 1377 0010 17       		.uleb128 0x17
 1378 0011 00       		.byte	0
 1379 0012 00       		.byte	0
 1380 0013 02       		.uleb128 0x2
 1381 0014 24       		.uleb128 0x24
 1382 0015 00       		.byte	0
 1383 0016 0B       		.uleb128 0xb
 1384 0017 0B       		.uleb128 0xb
 1385 0018 3E       		.uleb128 0x3e
 1386 0019 0B       		.uleb128 0xb
 1387 001a 03       		.uleb128 0x3
 1388 001b 08       		.uleb128 0x8
 1389 001c 00       		.byte	0
 1390 001d 00       		.byte	0
 1391 001e 03       		.uleb128 0x3
 1392 001f 24       		.uleb128 0x24
 1393 0020 00       		.byte	0
 1394 0021 0B       		.uleb128 0xb
 1395 0022 0B       		.uleb128 0xb
 1396 0023 3E       		.uleb128 0x3e
 1397 0024 0B       		.uleb128 0xb
 1398 0025 03       		.uleb128 0x3
 1399 0026 0E       		.uleb128 0xe
 1400 0027 00       		.byte	0
 1401 0028 00       		.byte	0
 1402 0029 04       		.uleb128 0x4
 1403 002a 16       		.uleb128 0x16
 1404 002b 00       		.byte	0
 1405 002c 03       		.uleb128 0x3
 1406 002d 0E       		.uleb128 0xe
 1407 002e 3A       		.uleb128 0x3a
 1408 002f 0B       		.uleb128 0xb
 1409 0030 3B       		.uleb128 0x3b
 1410 0031 0B       		.uleb128 0xb
 1411 0032 49       		.uleb128 0x49
 1412 0033 13       		.uleb128 0x13
 1413 0034 00       		.byte	0
 1414 0035 00       		.byte	0
 1415 0036 05       		.uleb128 0x5
 1416 0037 13       		.uleb128 0x13
 1417 0038 01       		.byte	0x1
 1418 0039 03       		.uleb128 0x3
 1419 003a 0E       		.uleb128 0xe
 1420 003b 0B       		.uleb128 0xb
 1421 003c 0B       		.uleb128 0xb
 1422 003d 3A       		.uleb128 0x3a
 1423 003e 0B       		.uleb128 0xb
 1424 003f 3B       		.uleb128 0x3b
 1425 0040 0B       		.uleb128 0xb
ARM GAS  /tmp/ccpBhv6K.s 			page 26


 1426 0041 01       		.uleb128 0x1
 1427 0042 13       		.uleb128 0x13
 1428 0043 00       		.byte	0
 1429 0044 00       		.byte	0
 1430 0045 06       		.uleb128 0x6
 1431 0046 0D       		.uleb128 0xd
 1432 0047 00       		.byte	0
 1433 0048 03       		.uleb128 0x3
 1434 0049 0E       		.uleb128 0xe
 1435 004a 3A       		.uleb128 0x3a
 1436 004b 0B       		.uleb128 0xb
 1437 004c 3B       		.uleb128 0x3b
 1438 004d 0B       		.uleb128 0xb
 1439 004e 49       		.uleb128 0x49
 1440 004f 13       		.uleb128 0x13
 1441 0050 38       		.uleb128 0x38
 1442 0051 0B       		.uleb128 0xb
 1443 0052 00       		.byte	0
 1444 0053 00       		.byte	0
 1445 0054 07       		.uleb128 0x7
 1446 0055 0D       		.uleb128 0xd
 1447 0056 00       		.byte	0
 1448 0057 03       		.uleb128 0x3
 1449 0058 08       		.uleb128 0x8
 1450 0059 3A       		.uleb128 0x3a
 1451 005a 0B       		.uleb128 0xb
 1452 005b 3B       		.uleb128 0x3b
 1453 005c 0B       		.uleb128 0xb
 1454 005d 49       		.uleb128 0x49
 1455 005e 13       		.uleb128 0x13
 1456 005f 38       		.uleb128 0x38
 1457 0060 0B       		.uleb128 0xb
 1458 0061 00       		.byte	0
 1459 0062 00       		.byte	0
 1460 0063 08       		.uleb128 0x8
 1461 0064 13       		.uleb128 0x13
 1462 0065 01       		.byte	0x1
 1463 0066 0B       		.uleb128 0xb
 1464 0067 0B       		.uleb128 0xb
 1465 0068 3A       		.uleb128 0x3a
 1466 0069 0B       		.uleb128 0xb
 1467 006a 3B       		.uleb128 0x3b
 1468 006b 0B       		.uleb128 0xb
 1469 006c 01       		.uleb128 0x1
 1470 006d 13       		.uleb128 0x13
 1471 006e 00       		.byte	0
 1472 006f 00       		.byte	0
 1473 0070 09       		.uleb128 0x9
 1474 0071 0F       		.uleb128 0xf
 1475 0072 00       		.byte	0
 1476 0073 0B       		.uleb128 0xb
 1477 0074 0B       		.uleb128 0xb
 1478 0075 49       		.uleb128 0x49
 1479 0076 13       		.uleb128 0x13
 1480 0077 00       		.byte	0
 1481 0078 00       		.byte	0
 1482 0079 0A       		.uleb128 0xa
ARM GAS  /tmp/ccpBhv6K.s 			page 27


 1483 007a 0F       		.uleb128 0xf
 1484 007b 00       		.byte	0
 1485 007c 0B       		.uleb128 0xb
 1486 007d 0B       		.uleb128 0xb
 1487 007e 00       		.byte	0
 1488 007f 00       		.byte	0
 1489 0080 0B       		.uleb128 0xb
 1490 0081 13       		.uleb128 0x13
 1491 0082 01       		.byte	0x1
 1492 0083 03       		.uleb128 0x3
 1493 0084 0E       		.uleb128 0xe
 1494 0085 0B       		.uleb128 0xb
 1495 0086 0B       		.uleb128 0xb
 1496 0087 3A       		.uleb128 0x3a
 1497 0088 0B       		.uleb128 0xb
 1498 0089 3B       		.uleb128 0x3b
 1499 008a 05       		.uleb128 0x5
 1500 008b 01       		.uleb128 0x1
 1501 008c 13       		.uleb128 0x13
 1502 008d 00       		.byte	0
 1503 008e 00       		.byte	0
 1504 008f 0C       		.uleb128 0xc
 1505 0090 0D       		.uleb128 0xd
 1506 0091 00       		.byte	0
 1507 0092 03       		.uleb128 0x3
 1508 0093 08       		.uleb128 0x8
 1509 0094 3A       		.uleb128 0x3a
 1510 0095 0B       		.uleb128 0xb
 1511 0096 3B       		.uleb128 0x3b
 1512 0097 05       		.uleb128 0x5
 1513 0098 49       		.uleb128 0x49
 1514 0099 13       		.uleb128 0x13
 1515 009a 38       		.uleb128 0x38
 1516 009b 0B       		.uleb128 0xb
 1517 009c 00       		.byte	0
 1518 009d 00       		.byte	0
 1519 009e 0D       		.uleb128 0xd
 1520 009f 35       		.uleb128 0x35
 1521 00a0 00       		.byte	0
 1522 00a1 49       		.uleb128 0x49
 1523 00a2 13       		.uleb128 0x13
 1524 00a3 00       		.byte	0
 1525 00a4 00       		.byte	0
 1526 00a5 0E       		.uleb128 0xe
 1527 00a6 17       		.uleb128 0x17
 1528 00a7 01       		.byte	0x1
 1529 00a8 0B       		.uleb128 0xb
 1530 00a9 0B       		.uleb128 0xb
 1531 00aa 3A       		.uleb128 0x3a
 1532 00ab 0B       		.uleb128 0xb
 1533 00ac 3B       		.uleb128 0x3b
 1534 00ad 0B       		.uleb128 0xb
 1535 00ae 01       		.uleb128 0x1
 1536 00af 13       		.uleb128 0x13
 1537 00b0 00       		.byte	0
 1538 00b1 00       		.byte	0
 1539 00b2 0F       		.uleb128 0xf
ARM GAS  /tmp/ccpBhv6K.s 			page 28


 1540 00b3 0D       		.uleb128 0xd
 1541 00b4 00       		.byte	0
 1542 00b5 03       		.uleb128 0x3
 1543 00b6 0E       		.uleb128 0xe
 1544 00b7 3A       		.uleb128 0x3a
 1545 00b8 0B       		.uleb128 0xb
 1546 00b9 3B       		.uleb128 0x3b
 1547 00ba 0B       		.uleb128 0xb
 1548 00bb 49       		.uleb128 0x49
 1549 00bc 13       		.uleb128 0x13
 1550 00bd 00       		.byte	0
 1551 00be 00       		.byte	0
 1552 00bf 10       		.uleb128 0x10
 1553 00c0 26       		.uleb128 0x26
 1554 00c1 00       		.byte	0
 1555 00c2 49       		.uleb128 0x49
 1556 00c3 13       		.uleb128 0x13
 1557 00c4 00       		.byte	0
 1558 00c5 00       		.byte	0
 1559 00c6 11       		.uleb128 0x11
 1560 00c7 13       		.uleb128 0x13
 1561 00c8 01       		.byte	0x1
 1562 00c9 0B       		.uleb128 0xb
 1563 00ca 0B       		.uleb128 0xb
 1564 00cb 3A       		.uleb128 0x3a
 1565 00cc 0B       		.uleb128 0xb
 1566 00cd 3B       		.uleb128 0x3b
 1567 00ce 05       		.uleb128 0x5
 1568 00cf 01       		.uleb128 0x1
 1569 00d0 13       		.uleb128 0x13
 1570 00d1 00       		.byte	0
 1571 00d2 00       		.byte	0
 1572 00d3 12       		.uleb128 0x12
 1573 00d4 0D       		.uleb128 0xd
 1574 00d5 00       		.byte	0
 1575 00d6 03       		.uleb128 0x3
 1576 00d7 0E       		.uleb128 0xe
 1577 00d8 3A       		.uleb128 0x3a
 1578 00d9 0B       		.uleb128 0xb
 1579 00da 3B       		.uleb128 0x3b
 1580 00db 05       		.uleb128 0x5
 1581 00dc 49       		.uleb128 0x49
 1582 00dd 13       		.uleb128 0x13
 1583 00de 38       		.uleb128 0x38
 1584 00df 0B       		.uleb128 0xb
 1585 00e0 00       		.byte	0
 1586 00e1 00       		.byte	0
 1587 00e2 13       		.uleb128 0x13
 1588 00e3 16       		.uleb128 0x16
 1589 00e4 00       		.byte	0
 1590 00e5 03       		.uleb128 0x3
 1591 00e6 0E       		.uleb128 0xe
 1592 00e7 3A       		.uleb128 0x3a
 1593 00e8 0B       		.uleb128 0xb
 1594 00e9 3B       		.uleb128 0x3b
 1595 00ea 05       		.uleb128 0x5
 1596 00eb 49       		.uleb128 0x49
ARM GAS  /tmp/ccpBhv6K.s 			page 29


 1597 00ec 13       		.uleb128 0x13
 1598 00ed 00       		.byte	0
 1599 00ee 00       		.byte	0
 1600 00ef 14       		.uleb128 0x14
 1601 00f0 0D       		.uleb128 0xd
 1602 00f1 00       		.byte	0
 1603 00f2 03       		.uleb128 0x3
 1604 00f3 08       		.uleb128 0x8
 1605 00f4 3A       		.uleb128 0x3a
 1606 00f5 0B       		.uleb128 0xb
 1607 00f6 3B       		.uleb128 0x3b
 1608 00f7 0B       		.uleb128 0xb
 1609 00f8 49       		.uleb128 0x49
 1610 00f9 13       		.uleb128 0x13
 1611 00fa 00       		.byte	0
 1612 00fb 00       		.byte	0
 1613 00fc 15       		.uleb128 0x15
 1614 00fd 04       		.uleb128 0x4
 1615 00fe 01       		.byte	0x1
 1616 00ff 0B       		.uleb128 0xb
 1617 0100 0B       		.uleb128 0xb
 1618 0101 49       		.uleb128 0x49
 1619 0102 13       		.uleb128 0x13
 1620 0103 3A       		.uleb128 0x3a
 1621 0104 0B       		.uleb128 0xb
 1622 0105 3B       		.uleb128 0x3b
 1623 0106 0B       		.uleb128 0xb
 1624 0107 01       		.uleb128 0x1
 1625 0108 13       		.uleb128 0x13
 1626 0109 00       		.byte	0
 1627 010a 00       		.byte	0
 1628 010b 16       		.uleb128 0x16
 1629 010c 28       		.uleb128 0x28
 1630 010d 00       		.byte	0
 1631 010e 03       		.uleb128 0x3
 1632 010f 0E       		.uleb128 0xe
 1633 0110 1C       		.uleb128 0x1c
 1634 0111 0B       		.uleb128 0xb
 1635 0112 00       		.byte	0
 1636 0113 00       		.byte	0
 1637 0114 17       		.uleb128 0x17
 1638 0115 15       		.uleb128 0x15
 1639 0116 01       		.byte	0x1
 1640 0117 27       		.uleb128 0x27
 1641 0118 19       		.uleb128 0x19
 1642 0119 01       		.uleb128 0x1
 1643 011a 13       		.uleb128 0x13
 1644 011b 00       		.byte	0
 1645 011c 00       		.byte	0
 1646 011d 18       		.uleb128 0x18
 1647 011e 05       		.uleb128 0x5
 1648 011f 00       		.byte	0
 1649 0120 49       		.uleb128 0x49
 1650 0121 13       		.uleb128 0x13
 1651 0122 00       		.byte	0
 1652 0123 00       		.byte	0
 1653 0124 19       		.uleb128 0x19
ARM GAS  /tmp/ccpBhv6K.s 			page 30


 1654 0125 2E       		.uleb128 0x2e
 1655 0126 01       		.byte	0x1
 1656 0127 3F       		.uleb128 0x3f
 1657 0128 19       		.uleb128 0x19
 1658 0129 03       		.uleb128 0x3
 1659 012a 0E       		.uleb128 0xe
 1660 012b 3A       		.uleb128 0x3a
 1661 012c 0B       		.uleb128 0xb
 1662 012d 3B       		.uleb128 0x3b
 1663 012e 0B       		.uleb128 0xb
 1664 012f 27       		.uleb128 0x27
 1665 0130 19       		.uleb128 0x19
 1666 0131 49       		.uleb128 0x49
 1667 0132 13       		.uleb128 0x13
 1668 0133 11       		.uleb128 0x11
 1669 0134 01       		.uleb128 0x1
 1670 0135 12       		.uleb128 0x12
 1671 0136 06       		.uleb128 0x6
 1672 0137 40       		.uleb128 0x40
 1673 0138 18       		.uleb128 0x18
 1674 0139 9742     		.uleb128 0x2117
 1675 013b 19       		.uleb128 0x19
 1676 013c 01       		.uleb128 0x1
 1677 013d 13       		.uleb128 0x13
 1678 013e 00       		.byte	0
 1679 013f 00       		.byte	0
 1680 0140 1A       		.uleb128 0x1a
 1681 0141 05       		.uleb128 0x5
 1682 0142 00       		.byte	0
 1683 0143 03       		.uleb128 0x3
 1684 0144 0E       		.uleb128 0xe
 1685 0145 3A       		.uleb128 0x3a
 1686 0146 0B       		.uleb128 0xb
 1687 0147 3B       		.uleb128 0x3b
 1688 0148 0B       		.uleb128 0xb
 1689 0149 49       		.uleb128 0x49
 1690 014a 13       		.uleb128 0x13
 1691 014b 02       		.uleb128 0x2
 1692 014c 17       		.uleb128 0x17
 1693 014d 00       		.byte	0
 1694 014e 00       		.byte	0
 1695 014f 1B       		.uleb128 0x1b
 1696 0150 05       		.uleb128 0x5
 1697 0151 00       		.byte	0
 1698 0152 03       		.uleb128 0x3
 1699 0153 08       		.uleb128 0x8
 1700 0154 3A       		.uleb128 0x3a
 1701 0155 0B       		.uleb128 0xb
 1702 0156 3B       		.uleb128 0x3b
 1703 0157 0B       		.uleb128 0xb
 1704 0158 49       		.uleb128 0x49
 1705 0159 13       		.uleb128 0x13
 1706 015a 02       		.uleb128 0x2
 1707 015b 17       		.uleb128 0x17
 1708 015c 00       		.byte	0
 1709 015d 00       		.byte	0
 1710 015e 1C       		.uleb128 0x1c
ARM GAS  /tmp/ccpBhv6K.s 			page 31


 1711 015f 898201   		.uleb128 0x4109
 1712 0162 01       		.byte	0x1
 1713 0163 11       		.uleb128 0x11
 1714 0164 01       		.uleb128 0x1
 1715 0165 31       		.uleb128 0x31
 1716 0166 13       		.uleb128 0x13
 1717 0167 01       		.uleb128 0x1
 1718 0168 13       		.uleb128 0x13
 1719 0169 00       		.byte	0
 1720 016a 00       		.byte	0
 1721 016b 1D       		.uleb128 0x1d
 1722 016c 8A8201   		.uleb128 0x410a
 1723 016f 00       		.byte	0
 1724 0170 02       		.uleb128 0x2
 1725 0171 18       		.uleb128 0x18
 1726 0172 9142     		.uleb128 0x2111
 1727 0174 18       		.uleb128 0x18
 1728 0175 00       		.byte	0
 1729 0176 00       		.byte	0
 1730 0177 1E       		.uleb128 0x1e
 1731 0178 898201   		.uleb128 0x4109
 1732 017b 01       		.byte	0x1
 1733 017c 11       		.uleb128 0x11
 1734 017d 01       		.uleb128 0x1
 1735 017e 31       		.uleb128 0x31
 1736 017f 13       		.uleb128 0x13
 1737 0180 00       		.byte	0
 1738 0181 00       		.byte	0
 1739 0182 1F       		.uleb128 0x1f
 1740 0183 2E       		.uleb128 0x2e
 1741 0184 01       		.byte	0x1
 1742 0185 3F       		.uleb128 0x3f
 1743 0186 19       		.uleb128 0x19
 1744 0187 03       		.uleb128 0x3
 1745 0188 0E       		.uleb128 0xe
 1746 0189 3A       		.uleb128 0x3a
 1747 018a 0B       		.uleb128 0xb
 1748 018b 3B       		.uleb128 0x3b
 1749 018c 0B       		.uleb128 0xb
 1750 018d 27       		.uleb128 0x27
 1751 018e 19       		.uleb128 0x19
 1752 018f 11       		.uleb128 0x11
 1753 0190 01       		.uleb128 0x1
 1754 0191 12       		.uleb128 0x12
 1755 0192 06       		.uleb128 0x6
 1756 0193 40       		.uleb128 0x40
 1757 0194 18       		.uleb128 0x18
 1758 0195 9742     		.uleb128 0x2117
 1759 0197 19       		.uleb128 0x19
 1760 0198 01       		.uleb128 0x1
 1761 0199 13       		.uleb128 0x13
 1762 019a 00       		.byte	0
 1763 019b 00       		.byte	0
 1764 019c 20       		.uleb128 0x20
 1765 019d 898201   		.uleb128 0x4109
 1766 01a0 01       		.byte	0x1
 1767 01a1 11       		.uleb128 0x11
ARM GAS  /tmp/ccpBhv6K.s 			page 32


 1768 01a2 01       		.uleb128 0x1
 1769 01a3 9542     		.uleb128 0x2115
 1770 01a5 19       		.uleb128 0x19
 1771 01a6 31       		.uleb128 0x31
 1772 01a7 13       		.uleb128 0x13
 1773 01a8 00       		.byte	0
 1774 01a9 00       		.byte	0
 1775 01aa 21       		.uleb128 0x21
 1776 01ab 01       		.uleb128 0x1
 1777 01ac 01       		.byte	0x1
 1778 01ad 49       		.uleb128 0x49
 1779 01ae 13       		.uleb128 0x13
 1780 01af 01       		.uleb128 0x1
 1781 01b0 13       		.uleb128 0x13
 1782 01b1 00       		.byte	0
 1783 01b2 00       		.byte	0
 1784 01b3 22       		.uleb128 0x22
 1785 01b4 21       		.uleb128 0x21
 1786 01b5 00       		.byte	0
 1787 01b6 49       		.uleb128 0x49
 1788 01b7 13       		.uleb128 0x13
 1789 01b8 2F       		.uleb128 0x2f
 1790 01b9 0B       		.uleb128 0xb
 1791 01ba 00       		.byte	0
 1792 01bb 00       		.byte	0
 1793 01bc 23       		.uleb128 0x23
 1794 01bd 34       		.uleb128 0x34
 1795 01be 00       		.byte	0
 1796 01bf 03       		.uleb128 0x3
 1797 01c0 0E       		.uleb128 0xe
 1798 01c1 3A       		.uleb128 0x3a
 1799 01c2 0B       		.uleb128 0xb
 1800 01c3 3B       		.uleb128 0x3b
 1801 01c4 0B       		.uleb128 0xb
 1802 01c5 49       		.uleb128 0x49
 1803 01c6 13       		.uleb128 0x13
 1804 01c7 02       		.uleb128 0x2
 1805 01c8 18       		.uleb128 0x18
 1806 01c9 00       		.byte	0
 1807 01ca 00       		.byte	0
 1808 01cb 24       		.uleb128 0x24
 1809 01cc 34       		.uleb128 0x34
 1810 01cd 00       		.byte	0
 1811 01ce 03       		.uleb128 0x3
 1812 01cf 0E       		.uleb128 0xe
 1813 01d0 3A       		.uleb128 0x3a
 1814 01d1 0B       		.uleb128 0xb
 1815 01d2 3B       		.uleb128 0x3b
 1816 01d3 05       		.uleb128 0x5
 1817 01d4 49       		.uleb128 0x49
 1818 01d5 13       		.uleb128 0x13
 1819 01d6 3F       		.uleb128 0x3f
 1820 01d7 19       		.uleb128 0x19
 1821 01d8 3C       		.uleb128 0x3c
 1822 01d9 19       		.uleb128 0x19
 1823 01da 00       		.byte	0
 1824 01db 00       		.byte	0
ARM GAS  /tmp/ccpBhv6K.s 			page 33


 1825 01dc 25       		.uleb128 0x25
 1826 01dd 2E       		.uleb128 0x2e
 1827 01de 00       		.byte	0
 1828 01df 3F       		.uleb128 0x3f
 1829 01e0 19       		.uleb128 0x19
 1830 01e1 3C       		.uleb128 0x3c
 1831 01e2 19       		.uleb128 0x19
 1832 01e3 6E       		.uleb128 0x6e
 1833 01e4 0E       		.uleb128 0xe
 1834 01e5 03       		.uleb128 0x3
 1835 01e6 0E       		.uleb128 0xe
 1836 01e7 3A       		.uleb128 0x3a
 1837 01e8 0B       		.uleb128 0xb
 1838 01e9 3B       		.uleb128 0x3b
 1839 01ea 05       		.uleb128 0x5
 1840 01eb 00       		.byte	0
 1841 01ec 00       		.byte	0
 1842 01ed 00       		.byte	0
 1843              		.section	.debug_loc,"",%progbits
 1844              	.Ldebug_loc0:
 1845              	.LLST0:
 1846 0000 00000000 		.4byte	.LVL0
 1847 0004 0D000000 		.4byte	.LVL1-1
 1848 0008 0100     		.2byte	0x1
 1849 000a 50       		.byte	0x50
 1850 000b 0D000000 		.4byte	.LVL1-1
 1851 000f 2E000000 		.4byte	.LVL4
 1852 0013 0100     		.2byte	0x1
 1853 0015 57       		.byte	0x57
 1854 0016 2E000000 		.4byte	.LVL4
 1855 001a 38000000 		.4byte	.LFE118
 1856 001e 0400     		.2byte	0x4
 1857 0020 F3       		.byte	0xf3
 1858 0021 01       		.uleb128 0x1
 1859 0022 50       		.byte	0x50
 1860 0023 9F       		.byte	0x9f
 1861 0024 00000000 		.4byte	0
 1862 0028 00000000 		.4byte	0
 1863              	.LLST1:
 1864 002c 00000000 		.4byte	.LVL0
 1865 0030 0D000000 		.4byte	.LVL1-1
 1866 0034 0100     		.2byte	0x1
 1867 0036 51       		.byte	0x51
 1868 0037 0D000000 		.4byte	.LVL1-1
 1869 003b 38000000 		.4byte	.LFE118
 1870 003f 0400     		.2byte	0x4
 1871 0041 F3       		.byte	0xf3
 1872 0042 01       		.uleb128 0x1
 1873 0043 51       		.byte	0x51
 1874 0044 9F       		.byte	0x9f
 1875 0045 00000000 		.4byte	0
 1876 0049 00000000 		.4byte	0
 1877              	.LLST2:
 1878 004d 00000000 		.4byte	.LVL5
 1879 0051 25000000 		.4byte	.LVL6-1
 1880 0055 0100     		.2byte	0x1
 1881 0057 50       		.byte	0x50
ARM GAS  /tmp/ccpBhv6K.s 			page 34


 1882 0058 25000000 		.4byte	.LVL6-1
 1883 005c 3C000000 		.4byte	.LVL8
 1884 0060 0100     		.2byte	0x1
 1885 0062 56       		.byte	0x56
 1886 0063 3C000000 		.4byte	.LVL8
 1887 0067 3F000000 		.4byte	.LVL9-1
 1888 006b 0100     		.2byte	0x1
 1889 006d 50       		.byte	0x50
 1890 006e 3F000000 		.4byte	.LVL9-1
 1891 0072 48000000 		.4byte	.LFE119
 1892 0076 0400     		.2byte	0x4
 1893 0078 F3       		.byte	0xf3
 1894 0079 01       		.uleb128 0x1
 1895 007a 50       		.byte	0x50
 1896 007b 9F       		.byte	0x9f
 1897 007c 00000000 		.4byte	0
 1898 0080 00000000 		.4byte	0
 1899              	.LLST3:
 1900 0084 00000000 		.4byte	.LVL5
 1901 0088 25000000 		.4byte	.LVL6-1
 1902 008c 0100     		.2byte	0x1
 1903 008e 51       		.byte	0x51
 1904 008f 25000000 		.4byte	.LVL6-1
 1905 0093 48000000 		.4byte	.LFE119
 1906 0097 0400     		.2byte	0x4
 1907 0099 F3       		.byte	0xf3
 1908 009a 01       		.uleb128 0x1
 1909 009b 51       		.byte	0x51
 1910 009c 9F       		.byte	0x9f
 1911 009d 00000000 		.4byte	0
 1912 00a1 00000000 		.4byte	0
 1913              	.LLST4:
 1914 00a5 00000000 		.4byte	.LVL5
 1915 00a9 25000000 		.4byte	.LVL6-1
 1916 00ad 0100     		.2byte	0x1
 1917 00af 52       		.byte	0x52
 1918 00b0 25000000 		.4byte	.LVL6-1
 1919 00b4 48000000 		.4byte	.LFE119
 1920 00b8 0400     		.2byte	0x4
 1921 00ba F3       		.byte	0xf3
 1922 00bb 01       		.uleb128 0x1
 1923 00bc 52       		.byte	0x52
 1924 00bd 9F       		.byte	0x9f
 1925 00be 00000000 		.4byte	0
 1926 00c2 00000000 		.4byte	0
 1927              		.section	.debug_aranges,"",%progbits
 1928 0000 24000000 		.4byte	0x24
 1929 0004 0200     		.2byte	0x2
 1930 0006 00000000 		.4byte	.Ldebug_info0
 1931 000a 04       		.byte	0x4
 1932 000b 00       		.byte	0
 1933 000c 0000     		.2byte	0
 1934 000e 0000     		.2byte	0
 1935 0010 00000000 		.4byte	.LFB118
 1936 0014 38000000 		.4byte	.LFE118-.LFB118
 1937 0018 00000000 		.4byte	.LFB119
 1938 001c 48000000 		.4byte	.LFE119-.LFB119
ARM GAS  /tmp/ccpBhv6K.s 			page 35


 1939 0020 00000000 		.4byte	0
 1940 0024 00000000 		.4byte	0
 1941              		.section	.debug_ranges,"",%progbits
 1942              	.Ldebug_ranges0:
 1943 0000 00000000 		.4byte	.LFB118
 1944 0004 38000000 		.4byte	.LFE118
 1945 0008 00000000 		.4byte	.LFB119
 1946 000c 48000000 		.4byte	.LFE119
 1947 0010 00000000 		.4byte	0
 1948 0014 00000000 		.4byte	0
 1949              		.section	.debug_line,"",%progbits
 1950              	.Ldebug_line0:
 1951 0000 B2020000 		.section	.debug_str,"MS",%progbits,1
 1951      02007402 
 1951      00000201 
 1951      FB0E0D00 
 1951      01010101 
 1952              	.LASF109:
 1953 0000 646D6172 		.ascii	"dmarx\000"
 1953      7800
 1954              	.LASF63:
 1955 0006 4D304152 		.ascii	"M0AR\000"
 1955      00
 1956              	.LASF72:
 1957 000b 52584352 		.ascii	"RXCRCR\000"
 1957      435200
 1958              	.LASF57:
 1959 0012 7264796D 		.ascii	"rdymsg\000"
 1959      736700
 1960              	.LASF89:
 1961 0019 4F545950 		.ascii	"OTYPER\000"
 1961      455200
 1962              	.LASF6:
 1963 0020 5F5F7569 		.ascii	"__uint8_t\000"
 1963      6E74385F 
 1963      7400
 1964              	.LASF101:
 1965 002a 5350495F 		.ascii	"SPI_ACTIVE\000"
 1965      41435449 
 1965      564500
 1966              	.LASF81:
 1967 0035 73747265 		.ascii	"stream\000"
 1967      616D00
 1968              	.LASF88:
 1969 003c 4D4F4445 		.ascii	"MODER\000"
 1969      5200
 1970              	.LASF13:
 1971 0042 6C6F6E67 		.ascii	"long long unsigned int\000"
 1971      206C6F6E 
 1971      6720756E 
 1971      7369676E 
 1971      65642069 
 1972              	.LASF100:
 1973 0059 5350495F 		.ascii	"SPI_READY\000"
 1973      52454144 
 1973      5900
 1974              	.LASF70:
ARM GAS  /tmp/ccpBhv6K.s 			page 36


 1975 0063 43524350 		.ascii	"CRCPR\000"
 1975      5200
 1976              	.LASF91:
 1977 0069 50555044 		.ascii	"PUPDR\000"
 1977      5200
 1978              	.LASF58:
 1979 006f 65786974 		.ascii	"exitcode\000"
 1979      636F6465 
 1979      00
 1980              	.LASF85:
 1981 0078 76656374 		.ascii	"vector\000"
 1981      6F7200
 1982              	.LASF130:
 1983 007f 6C697333 		.ascii	"lis302dlWriteRegister\000"
 1983      3032646C 
 1983      57726974 
 1983      65526567 
 1983      69737465 
 1984              	.LASF104:
 1985 0095 53504944 		.ascii	"SPIDriver\000"
 1985      72697665 
 1985      7200
 1986              	.LASF115:
 1987 009f 7373706F 		.ascii	"ssport\000"
 1987      727400
 1988              	.LASF131:
 1989 00a6 49544D5F 		.ascii	"ITM_RxBuffer\000"
 1989      52784275 
 1989      66666572 
 1989      00
 1990              	.LASF121:
 1991 00b3 72786275 		.ascii	"rxbuf\000"
 1991      6600
 1992              	.LASF30:
 1993 00b9 705F7072 		.ascii	"p_prio\000"
 1993      696F00
 1994              	.LASF116:
 1995 00c0 73737061 		.ascii	"sspad\000"
 1995      6400
 1996              	.LASF1:
 1997 00c6 6C6F6E67 		.ascii	"long long int\000"
 1997      206C6F6E 
 1997      6720696E 
 1997      7400
 1998              	.LASF3:
 1999 00d4 7369676E 		.ascii	"signed char\000"
 1999      65642063 
 1999      68617200 
 2000              	.LASF92:
 2001 00e0 42535252 		.ascii	"BSRR\000"
 2001      00
 2002              	.LASF99:
 2003 00e5 5350495F 		.ascii	"SPI_STOP\000"
 2003      53544F50 
 2003      00
 2004              	.LASF76:
 2005 00ee 49325343 		.ascii	"I2SCFGR\000"
ARM GAS  /tmp/ccpBhv6K.s 			page 37


 2005      46475200 
 2006              	.LASF54:
 2007 00f6 6D5F7175 		.ascii	"m_queue\000"
 2007      65756500 
 2008              	.LASF22:
 2009 00fe 74736C69 		.ascii	"tslices_t\000"
 2009      6365735F 
 2009      7400
 2010              	.LASF113:
 2011 0108 73706963 		.ascii	"spicallback_t\000"
 2011      616C6C62 
 2011      61636B5F 
 2011      7400
 2012              	.LASF105:
 2013 0116 73746174 		.ascii	"state\000"
 2013      6500
 2014              	.LASF10:
 2015 011c 6C6F6E67 		.ascii	"long int\000"
 2015      20696E74 
 2015      00
 2016              	.LASF20:
 2017 0125 74737461 		.ascii	"tstate_t\000"
 2017      74655F74 
 2017      00
 2018              	.LASF107:
 2019 012e 74687265 		.ascii	"thread\000"
 2019      616400
 2020              	.LASF15:
 2021 0135 75696E74 		.ascii	"uint16_t\000"
 2021      31365F74 
 2021      00
 2022              	.LASF39:
 2023 013e 705F7469 		.ascii	"p_time\000"
 2023      6D6500
 2024              	.LASF32:
 2025 0145 705F6E65 		.ascii	"p_newer\000"
 2025      77657200 
 2026              	.LASF114:
 2027 014d 656E645F 		.ascii	"end_cb\000"
 2027      636200
 2028              	.LASF111:
 2029 0154 7278646D 		.ascii	"rxdmamode\000"
 2029      616D6F64 
 2029      6500
 2030              	.LASF96:
 2031 015e 4750494F 		.ascii	"GPIO_TypeDef\000"
 2031      5F547970 
 2031      65446566 
 2031      00
 2032              	.LASF110:
 2033 016b 646D6174 		.ascii	"dmatx\000"
 2033      7800
 2034              	.LASF90:
 2035 0171 4F535045 		.ascii	"OSPEEDR\000"
 2035      45445200 
 2036              	.LASF11:
 2037 0179 5F5F7569 		.ascii	"__uint32_t\000"
ARM GAS  /tmp/ccpBhv6K.s 			page 38


 2037      6E743332 
 2037      5F7400
 2038              	.LASF46:
 2039 0184 705F6D70 		.ascii	"p_mpool\000"
 2039      6F6F6C00 
 2040              	.LASF49:
 2041 018c 72656761 		.ascii	"regarm_t\000"
 2041      726D5F74 
 2041      00
 2042              	.LASF84:
 2043 0195 73656C66 		.ascii	"selfindex\000"
 2043      696E6465 
 2043      7800
 2044              	.LASF124:
 2045 019f 73706955 		.ascii	"spiUnselect\000"
 2045      6E73656C 
 2045      65637400 
 2046              	.LASF119:
 2047 01ab 76616C75 		.ascii	"value\000"
 2047      6500
 2048              	.LASF0:
 2049 01b1 756E7369 		.ascii	"unsigned int\000"
 2049      676E6564 
 2049      20696E74 
 2049      00
 2050              	.LASF120:
 2051 01be 74786275 		.ascii	"txbuf\000"
 2051      6600
 2052              	.LASF41:
 2053 01c4 705F6D73 		.ascii	"p_msgqueue\000"
 2053      67717565 
 2053      756500
 2054              	.LASF93:
 2055 01cf 4C434B52 		.ascii	"LCKR\000"
 2055      00
 2056              	.LASF83:
 2057 01d4 69736869 		.ascii	"ishift\000"
 2057      667400
 2058              	.LASF8:
 2059 01db 73686F72 		.ascii	"short unsigned int\000"
 2059      7420756E 
 2059      7369676E 
 2059      65642069 
 2059      6E7400
 2060              	.LASF24:
 2061 01ee 6D73675F 		.ascii	"msg_t\000"
 2061      7400
 2062              	.LASF19:
 2063 01f4 746D6F64 		.ascii	"tmode_t\000"
 2063      655F7400 
 2064              	.LASF48:
 2065 01fc 54687265 		.ascii	"ThreadsList\000"
 2065      6164734C 
 2065      69737400 
 2066              	.LASF25:
 2067 0208 6576656E 		.ascii	"eventmask_t\000"
 2067      746D6173 
ARM GAS  /tmp/ccpBhv6K.s 			page 39


 2067      6B5F7400 
 2068              	.LASF123:
 2069 0214 73706945 		.ascii	"spiExchange\000"
 2069      78636861 
 2069      6E676500 
 2070              	.LASF78:
 2071 0220 49325350 		.ascii	"I2SPR\000"
 2071      5200
 2072              	.LASF52:
 2073 0226 73697A65 		.ascii	"sizetype\000"
 2073      74797065 
 2073      00
 2074              	.LASF87:
 2075 022f 636C6561 		.ascii	"clear\000"
 2075      7200
 2076              	.LASF2:
 2077 0235 6C6F6E67 		.ascii	"long double\000"
 2077      20646F75 
 2077      626C6500 
 2078              	.LASF53:
 2079 0241 4D757465 		.ascii	"Mutex\000"
 2079      7800
 2080              	.LASF33:
 2081 0247 705F6F6C 		.ascii	"p_older\000"
 2081      64657200 
 2082              	.LASF47:
 2083 024f 54687265 		.ascii	"ThreadsQueue\000"
 2083      61647351 
 2083      75657565 
 2083      00
 2084              	.LASF112:
 2085 025c 7478646D 		.ascii	"txdmamode\000"
 2085      616D6F64 
 2085      6500
 2086              	.LASF95:
 2087 0266 41465248 		.ascii	"AFRH\000"
 2087      00
 2088              	.LASF94:
 2089 026b 4146524C 		.ascii	"AFRL\000"
 2089      00
 2090              	.LASF74:
 2091 0270 54584352 		.ascii	"TXCRCR\000"
 2091      435200
 2092              	.LASF66:
 2093 0277 52455345 		.ascii	"RESERVED0\000"
 2093      52564544 
 2093      3000
 2094              	.LASF67:
 2095 0281 52455345 		.ascii	"RESERVED1\000"
 2095      52564544 
 2095      3100
 2096              	.LASF68:
 2097 028b 52455345 		.ascii	"RESERVED2\000"
 2097      52564544 
 2097      3200
 2098              	.LASF69:
 2099 0295 52455345 		.ascii	"RESERVED3\000"
ARM GAS  /tmp/ccpBhv6K.s 			page 40


 2099      52564544 
 2099      3300
 2100              	.LASF71:
 2101 029f 52455345 		.ascii	"RESERVED4\000"
 2101      52564544 
 2101      3400
 2102              	.LASF29:
 2103 02a9 705F7072 		.ascii	"p_prev\000"
 2103      657600
 2104              	.LASF75:
 2105 02b0 52455345 		.ascii	"RESERVED6\000"
 2105      52564544 
 2105      3600
 2106              	.LASF77:
 2107 02ba 52455345 		.ascii	"RESERVED7\000"
 2107      52564544 
 2107      3700
 2108              	.LASF79:
 2109 02c4 52455345 		.ascii	"RESERVED8\000"
 2109      52564544 
 2109      3800
 2110              	.LASF23:
 2111 02ce 74707269 		.ascii	"tprio_t\000"
 2111      6F5F7400 
 2112              	.LASF108:
 2113 02d6 6D757465 		.ascii	"mutex\000"
 2113      7800
 2114              	.LASF18:
 2115 02dc 5F426F6F 		.ascii	"_Bool\000"
 2115      6C00
 2116              	.LASF16:
 2117 02e2 696E7433 		.ascii	"int32_t\000"
 2117      325F7400 
 2118              	.LASF4:
 2119 02ea 756E7369 		.ascii	"unsigned char\000"
 2119      676E6564 
 2119      20636861 
 2119      7200
 2120              	.LASF86:
 2121 02f8 73746D33 		.ascii	"stm32_dma_stream_t\000"
 2121      325F646D 
 2121      615F7374 
 2121      7265616D 
 2121      5F7400
 2122              	.LASF44:
 2123 030b 705F6D74 		.ascii	"p_mtxlist\000"
 2123      786C6973 
 2123      7400
 2124              	.LASF5:
 2125 0315 73686F72 		.ascii	"short int\000"
 2125      7420696E 
 2125      7400
 2126              	.LASF35:
 2127 031f 705F7374 		.ascii	"p_state\000"
 2127      61746500 
 2128              	.LASF38:
 2129 0327 705F7072 		.ascii	"p_preempt\000"
ARM GAS  /tmp/ccpBhv6K.s 			page 41


 2129      65656D70 
 2129      7400
 2130              	.LASF126:
 2131 0331 474E5520 		.ascii	"GNU C11 5.3.1 20160307 (release) [ARM/embedded-5-br"
 2131      43313120 
 2131      352E332E 
 2131      31203230 
 2131      31363033 
 2132 0364 616E6368 		.ascii	"anch revision 234589] -mcpu=cortex-m4 -mno-thumb-in"
 2132      20726576 
 2132      6973696F 
 2132      6E203233 
 2132      34353839 
 2133 0397 74657277 		.ascii	"terwork -mthumb -ggdb -O2 -fomit-frame-pointer -fal"
 2133      6F726B20 
 2133      2D6D7468 
 2133      756D6220 
 2133      2D676764 
 2134 03ca 69676E2D 		.ascii	"ign-functions=16 -ffunction-sections -fdata-section"
 2134      66756E63 
 2134      74696F6E 
 2134      733D3136 
 2134      202D6666 
 2135 03fd 73202D66 		.ascii	"s -fno-common\000"
 2135      6E6F2D63 
 2135      6F6D6D6F 
 2135      6E00
 2136              	.LASF60:
 2137 040b 65776D61 		.ascii	"ewmask\000"
 2137      736B00
 2138              	.LASF28:
 2139 0412 705F6E65 		.ascii	"p_next\000"
 2139      787400
 2140              	.LASF36:
 2141 0419 705F666C 		.ascii	"p_flags\000"
 2141      61677300 
 2142              	.LASF27:
 2143 0421 54687265 		.ascii	"Thread\000"
 2143      616400
 2144              	.LASF43:
 2145 0428 705F6570 		.ascii	"p_epending\000"
 2145      656E6469 
 2145      6E6700
 2146              	.LASF82:
 2147 0433 69666372 		.ascii	"ifcr\000"
 2147      00
 2148              	.LASF73:
 2149 0438 52455345 		.ascii	"RESERVED5\000"
 2149      52564544 
 2149      3500
 2150              	.LASF17:
 2151 0442 75696E74 		.ascii	"uint32_t\000"
 2151      33325F74 
 2151      00
 2152              	.LASF21:
 2153 044b 74726566 		.ascii	"trefs_t\000"
 2153      735F7400 
ARM GAS  /tmp/ccpBhv6K.s 			page 42


 2154              	.LASF12:
 2155 0453 6C6F6E67 		.ascii	"long unsigned int\000"
 2155      20756E73 
 2155      69676E65 
 2155      6420696E 
 2155      7400
 2156              	.LASF80:
 2157 0465 5350495F 		.ascii	"SPI_TypeDef\000"
 2157      54797065 
 2157      44656600 
 2158              	.LASF61:
 2159 0471 63686172 		.ascii	"char\000"
 2159      00
 2160              	.LASF102:
 2161 0476 5350495F 		.ascii	"SPI_COMPLETE\000"
 2161      434F4D50 
 2161      4C455445 
 2161      00
 2162              	.LASF106:
 2163 0483 636F6E66 		.ascii	"config\000"
 2163      696700
 2164              	.LASF7:
 2165 048a 5F5F7569 		.ascii	"__uint16_t\000"
 2165      6E743136 
 2165      5F7400
 2166              	.LASF103:
 2167 0495 73706973 		.ascii	"spistate_t\000"
 2167      74617465 
 2167      5F7400
 2168              	.LASF56:
 2169 04a0 6D5F6E65 		.ascii	"m_next\000"
 2169      787400
 2170              	.LASF26:
 2171 04a7 73797374 		.ascii	"systime_t\000"
 2171      696D655F 
 2171      7400
 2172              	.LASF45:
 2173 04b1 705F7265 		.ascii	"p_realprio\000"
 2173      616C7072 
 2173      696F00
 2174              	.LASF9:
 2175 04bc 5F5F696E 		.ascii	"__int32_t\000"
 2175      7433325F 
 2175      7400
 2176              	.LASF62:
 2177 04c6 4E445452 		.ascii	"NDTR\000"
 2177      00
 2178              	.LASF65:
 2179 04cb 444D415F 		.ascii	"DMA_Stream_TypeDef\000"
 2179      53747265 
 2179      616D5F54 
 2179      79706544 
 2179      656600
 2180              	.LASF97:
 2181 04de 696F706F 		.ascii	"ioportid_t\000"
 2181      72746964 
 2181      5F7400
ARM GAS  /tmp/ccpBhv6K.s 			page 43


 2182              	.LASF51:
 2183 04e9 636F6E74 		.ascii	"context\000"
 2183      65787400 
 2184              	.LASF128:
 2185 04f1 2F686F6D 		.ascii	"/home/lithium/Documentos/ChibiOS_2.6.8/demos/PodioV"
 2185      652F6C69 
 2185      74686975 
 2185      6D2F446F 
 2185      63756D65 
 2186 0524 69727475 		.ascii	"irtual\000"
 2186      616C00
 2187              	.LASF122:
 2188 052b 73706953 		.ascii	"spiSelect\000"
 2188      656C6563 
 2188      7400
 2189              	.LASF50:
 2190 0535 696E7463 		.ascii	"intctx\000"
 2190      747800
 2191              	.LASF64:
 2192 053c 4D314152 		.ascii	"M1AR\000"
 2192      00
 2193              	.LASF98:
 2194 0541 5350495F 		.ascii	"SPI_UNINIT\000"
 2194      554E494E 
 2194      495400
 2195              	.LASF129:
 2196 054c 6C697333 		.ascii	"lis302dlReadRegister\000"
 2196      3032646C 
 2196      52656164 
 2196      52656769 
 2196      73746572 
 2197              	.LASF37:
 2198 0561 705F7265 		.ascii	"p_refs\000"
 2198      667300
 2199              	.LASF14:
 2200 0568 75696E74 		.ascii	"uint8_t\000"
 2200      385F7400 
 2201              	.LASF118:
 2202 0570 73706970 		.ascii	"spip\000"
 2202      00
 2203              	.LASF59:
 2204 0575 77746F62 		.ascii	"wtobjp\000"
 2204      6A7000
 2205              	.LASF34:
 2206 057c 705F6E61 		.ascii	"p_name\000"
 2206      6D6500
 2207              	.LASF125:
 2208 0583 73706953 		.ascii	"spiSend\000"
 2208      656E6400 
 2209              	.LASF117:
 2210 058b 53504943 		.ascii	"SPIConfig\000"
 2210      6F6E6669 
 2210      6700
 2211              	.LASF42:
 2212 0595 705F6D73 		.ascii	"p_msg\000"
 2212      6700
 2213              	.LASF55:
ARM GAS  /tmp/ccpBhv6K.s 			page 44


 2214 059b 6D5F6F77 		.ascii	"m_owner\000"
 2214      6E657200 
 2215              	.LASF127:
 2216 05a3 2E2E2F2E 		.ascii	"../../os/various/devices_lib/accel/lis302dl.c\000"
 2216      2E2F6F73 
 2216      2F766172 
 2216      696F7573 
 2216      2F646576 
 2217              	.LASF31:
 2218 05d1 705F6374 		.ascii	"p_ctx\000"
 2218      7800
 2219              	.LASF40:
 2220 05d7 705F7761 		.ascii	"p_waiting\000"
 2220      6974696E 
 2220      6700
 2221              		.ident	"GCC: (GNU Tools for ARM Embedded Processors) 5.3.1 20160307 (release) [ARM/embedded-5-bran
ARM GAS  /tmp/ccpBhv6K.s 			page 45


DEFINED SYMBOLS
                            *ABS*:00000000 lis302dl.c
     /tmp/ccpBhv6K.s:20     .text.lis302dlReadRegister:00000000 $t
     /tmp/ccpBhv6K.s:26     .text.lis302dlReadRegister:00000000 lis302dlReadRegister
     /tmp/ccpBhv6K.s:80     .text.lis302dlReadRegister:00000030 $d
     /tmp/ccpBhv6K.s:86     .text.lis302dlWriteRegister:00000000 $t
     /tmp/ccpBhv6K.s:92     .text.lis302dlWriteRegister:00000000 lis302dlWriteRegister
     /tmp/ccpBhv6K.s:163    .text.lis302dlWriteRegister:00000040 $d
     /tmp/ccpBhv6K.s:169    .bss.rxbuf:00000000 $d
     /tmp/ccpBhv6K.s:173    .bss.rxbuf:00000000 rxbuf
     /tmp/ccpBhv6K.s:176    .bss.txbuf:00000000 $d
     /tmp/ccpBhv6K.s:180    .bss.txbuf:00000000 txbuf
                     .debug_frame:00000010 $d

UNDEFINED SYMBOLS
spiSelect
spiExchange
spiUnselect
spiSend
