ARM GAS  /tmp/ccAkTPRb.s 			page 1


   1              		.syntax unified
   2              		.cpu cortex-m4
   3              		.fpu softvfp
   4              		.eabi_attribute 20, 1
   5              		.eabi_attribute 21, 1
   6              		.eabi_attribute 23, 3
   7              		.eabi_attribute 24, 1
   8              		.eabi_attribute 25, 1
   9              		.eabi_attribute 26, 1
  10              		.eabi_attribute 30, 2
  11              		.eabi_attribute 34, 1
  12              		.eabi_attribute 18, 4
  13              		.thumb
  14              		.syntax unified
  15              		.file	"vectors.c"
  16              		.text
  17              	.Ltext0:
  18              		.cfi_sections	.debug_frame
  19              		.section	.text._unhandled_exception,"ax",%progbits
  20              		.align	2
  21              		.p2align 4,,15
  22              		.global	_unhandled_exception
  23              		.thumb
  24              		.thumb_func
  25              		.type	_unhandled_exception, %function
  26              	_unhandled_exception:
  27              	.LFB7:
  28              		.file 1 "../../os/ports/GCC/ARMCMx/STM32F4xx/vectors.c"
  29              		.loc 1 226 0
  30              		.cfi_startproc
  31              		@ Naked Function: prologue and epilogue provided by programmer.
  32              		@ Volatile: function does not return.
  33              		@ args = 0, pretend = 0, frame = 0
  34              		@ frame_needed = 0, uses_anonymous_args = 0
  35              	.L2:
  36 0000 FEE7     		b	.L2
  37              		.cfi_endproc
  38              	.LFE7:
  39              		.size	_unhandled_exception, .-_unhandled_exception
  40              		.weak	Vector1A8
  41              		.thumb_set Vector1A8,_unhandled_exception
  42              		.weak	Vector1A4
  43              		.thumb_set Vector1A4,_unhandled_exception
  44              		.weak	Vector1A0
  45              		.thumb_set Vector1A0,_unhandled_exception
  46              		.weak	Vector19C
  47              		.thumb_set Vector19C,_unhandled_exception
  48              		.weak	Vector198
  49              		.thumb_set Vector198,_unhandled_exception
  50              		.weak	Vector194
  51              		.thumb_set Vector194,_unhandled_exception
  52              		.weak	Vector190
  53              		.thumb_set Vector190,_unhandled_exception
  54              		.weak	Vector18C
  55              		.thumb_set Vector18C,_unhandled_exception
  56              		.weak	Vector188
  57              		.thumb_set Vector188,_unhandled_exception
ARM GAS  /tmp/ccAkTPRb.s 			page 2


  58              		.weak	Vector184
  59              		.thumb_set Vector184,_unhandled_exception
  60              		.weak	Vector180
  61              		.thumb_set Vector180,_unhandled_exception
  62              		.weak	Vector17C
  63              		.thumb_set Vector17C,_unhandled_exception
  64              		.weak	Vector178
  65              		.thumb_set Vector178,_unhandled_exception
  66              		.weak	Vector174
  67              		.thumb_set Vector174,_unhandled_exception
  68              		.weak	Vector170
  69              		.thumb_set Vector170,_unhandled_exception
  70              		.weak	Vector16C
  71              		.thumb_set Vector16C,_unhandled_exception
  72              		.weak	Vector168
  73              		.thumb_set Vector168,_unhandled_exception
  74              		.weak	Vector164
  75              		.thumb_set Vector164,_unhandled_exception
  76              		.weak	Vector160
  77              		.thumb_set Vector160,_unhandled_exception
  78              		.weak	Vector15C
  79              		.thumb_set Vector15C,_unhandled_exception
  80              		.weak	Vector158
  81              		.thumb_set Vector158,_unhandled_exception
  82              		.weak	Vector154
  83              		.thumb_set Vector154,_unhandled_exception
  84              		.weak	Vector150
  85              		.thumb_set Vector150,_unhandled_exception
  86              		.weak	Vector14C
  87              		.thumb_set Vector14C,_unhandled_exception
  88              		.weak	Vector148
  89              		.thumb_set Vector148,_unhandled_exception
  90              		.weak	Vector144
  91              		.thumb_set Vector144,_unhandled_exception
  92              		.weak	Vector140
  93              		.thumb_set Vector140,_unhandled_exception
  94              		.weak	Vector13C
  95              		.thumb_set Vector13C,_unhandled_exception
  96              		.weak	Vector138
  97              		.thumb_set Vector138,_unhandled_exception
  98              		.weak	Vector134
  99              		.thumb_set Vector134,_unhandled_exception
 100              		.weak	Vector130
 101              		.thumb_set Vector130,_unhandled_exception
 102              		.weak	Vector12C
 103              		.thumb_set Vector12C,_unhandled_exception
 104              		.weak	Vector128
 105              		.thumb_set Vector128,_unhandled_exception
 106              		.weak	Vector124
 107              		.thumb_set Vector124,_unhandled_exception
 108              		.weak	Vector120
 109              		.thumb_set Vector120,_unhandled_exception
 110              		.weak	Vector11C
 111              		.thumb_set Vector11C,_unhandled_exception
 112              		.weak	Vector118
 113              		.thumb_set Vector118,_unhandled_exception
 114              		.weak	Vector114
ARM GAS  /tmp/ccAkTPRb.s 			page 3


 115              		.thumb_set Vector114,_unhandled_exception
 116              		.weak	Vector110
 117              		.thumb_set Vector110,_unhandled_exception
 118              		.weak	Vector10C
 119              		.thumb_set Vector10C,_unhandled_exception
 120              		.weak	Vector108
 121              		.thumb_set Vector108,_unhandled_exception
 122              		.weak	Vector104
 123              		.thumb_set Vector104,_unhandled_exception
 124              		.weak	Vector100
 125              		.thumb_set Vector100,_unhandled_exception
 126              		.weak	VectorFC
 127              		.thumb_set VectorFC,_unhandled_exception
 128              		.weak	VectorF8
 129              		.thumb_set VectorF8,_unhandled_exception
 130              		.weak	VectorF4
 131              		.thumb_set VectorF4,_unhandled_exception
 132              		.weak	VectorF0
 133              		.thumb_set VectorF0,_unhandled_exception
 134              		.weak	VectorEC
 135              		.thumb_set VectorEC,_unhandled_exception
 136              		.weak	VectorE8
 137              		.thumb_set VectorE8,_unhandled_exception
 138              		.weak	VectorE4
 139              		.thumb_set VectorE4,_unhandled_exception
 140              		.weak	VectorE0
 141              		.thumb_set VectorE0,_unhandled_exception
 142              		.weak	VectorDC
 143              		.thumb_set VectorDC,_unhandled_exception
 144              		.weak	VectorD8
 145              		.thumb_set VectorD8,_unhandled_exception
 146              		.weak	VectorD4
 147              		.thumb_set VectorD4,_unhandled_exception
 148              		.weak	VectorD0
 149              		.thumb_set VectorD0,_unhandled_exception
 150              		.weak	VectorCC
 151              		.thumb_set VectorCC,_unhandled_exception
 152              		.weak	VectorC8
 153              		.thumb_set VectorC8,_unhandled_exception
 154              		.weak	VectorC4
 155              		.thumb_set VectorC4,_unhandled_exception
 156              		.weak	VectorC0
 157              		.thumb_set VectorC0,_unhandled_exception
 158              		.weak	VectorBC
 159              		.thumb_set VectorBC,_unhandled_exception
 160              		.weak	VectorB8
 161              		.thumb_set VectorB8,_unhandled_exception
 162              		.weak	VectorB4
 163              		.thumb_set VectorB4,_unhandled_exception
 164              		.weak	VectorB0
 165              		.thumb_set VectorB0,_unhandled_exception
 166              		.weak	VectorAC
 167              		.thumb_set VectorAC,_unhandled_exception
 168              		.weak	VectorA8
 169              		.thumb_set VectorA8,_unhandled_exception
 170              		.weak	VectorA4
 171              		.thumb_set VectorA4,_unhandled_exception
ARM GAS  /tmp/ccAkTPRb.s 			page 4


 172              		.weak	VectorA0
 173              		.thumb_set VectorA0,_unhandled_exception
 174              		.weak	Vector9C
 175              		.thumb_set Vector9C,_unhandled_exception
 176              		.weak	Vector98
 177              		.thumb_set Vector98,_unhandled_exception
 178              		.weak	Vector94
 179              		.thumb_set Vector94,_unhandled_exception
 180              		.weak	Vector90
 181              		.thumb_set Vector90,_unhandled_exception
 182              		.weak	Vector8C
 183              		.thumb_set Vector8C,_unhandled_exception
 184              		.weak	Vector88
 185              		.thumb_set Vector88,_unhandled_exception
 186              		.weak	Vector84
 187              		.thumb_set Vector84,_unhandled_exception
 188              		.weak	Vector80
 189              		.thumb_set Vector80,_unhandled_exception
 190              		.weak	Vector7C
 191              		.thumb_set Vector7C,_unhandled_exception
 192              		.weak	Vector78
 193              		.thumb_set Vector78,_unhandled_exception
 194              		.weak	Vector74
 195              		.thumb_set Vector74,_unhandled_exception
 196              		.weak	Vector70
 197              		.thumb_set Vector70,_unhandled_exception
 198              		.weak	Vector6C
 199              		.thumb_set Vector6C,_unhandled_exception
 200              		.weak	Vector68
 201              		.thumb_set Vector68,_unhandled_exception
 202              		.weak	Vector64
 203              		.thumb_set Vector64,_unhandled_exception
 204              		.weak	Vector60
 205              		.thumb_set Vector60,_unhandled_exception
 206              		.weak	Vector5C
 207              		.thumb_set Vector5C,_unhandled_exception
 208              		.weak	Vector58
 209              		.thumb_set Vector58,_unhandled_exception
 210              		.weak	Vector54
 211              		.thumb_set Vector54,_unhandled_exception
 212              		.weak	Vector50
 213              		.thumb_set Vector50,_unhandled_exception
 214              		.weak	Vector4C
 215              		.thumb_set Vector4C,_unhandled_exception
 216              		.weak	Vector48
 217              		.thumb_set Vector48,_unhandled_exception
 218              		.weak	Vector44
 219              		.thumb_set Vector44,_unhandled_exception
 220              		.weak	Vector40
 221              		.thumb_set Vector40,_unhandled_exception
 222              		.weak	SysTickVector
 223              		.thumb_set SysTickVector,_unhandled_exception
 224              		.weak	PendSVVector
 225              		.thumb_set PendSVVector,_unhandled_exception
 226              		.weak	Vector34
 227              		.thumb_set Vector34,_unhandled_exception
 228              		.weak	DebugMonitorVector
ARM GAS  /tmp/ccAkTPRb.s 			page 5


 229              		.thumb_set DebugMonitorVector,_unhandled_exception
 230              		.weak	SVCallVector
 231              		.thumb_set SVCallVector,_unhandled_exception
 232              		.weak	Vector28
 233              		.thumb_set Vector28,_unhandled_exception
 234              		.weak	Vector24
 235              		.thumb_set Vector24,_unhandled_exception
 236              		.weak	Vector20
 237              		.thumb_set Vector20,_unhandled_exception
 238              		.weak	Vector1C
 239              		.thumb_set Vector1C,_unhandled_exception
 240              		.weak	UsageFaultVector
 241              		.thumb_set UsageFaultVector,_unhandled_exception
 242              		.weak	BusFaultVector
 243              		.thumb_set BusFaultVector,_unhandled_exception
 244              		.weak	MemManageVector
 245              		.thumb_set MemManageVector,_unhandled_exception
 246              		.weak	HardFaultVector
 247              		.thumb_set HardFaultVector,_unhandled_exception
 248              		.weak	NMIVector
 249              		.thumb_set NMIVector,_unhandled_exception
 250              		.global	_vectors
 251              		.section	vectors,"aw",%progbits
 252              		.align	2
 253              		.type	_vectors, %object
 254              		.size	_vectors, 428
 255              	_vectors:
 256 0000 00000000 		.word	__main_stack_end__
 257 0004 00000000 		.word	ResetHandler
 258 0008 00000000 		.word	NMIVector
 259 000c 00000000 		.word	HardFaultVector
 260 0010 00000000 		.word	MemManageVector
 261 0014 00000000 		.word	BusFaultVector
 262 0018 00000000 		.word	UsageFaultVector
 263 001c 00000000 		.word	Vector1C
 264 0020 00000000 		.word	Vector20
 265 0024 00000000 		.word	Vector24
 266 0028 00000000 		.word	Vector28
 267 002c 00000000 		.word	SVCallVector
 268 0030 00000000 		.word	DebugMonitorVector
 269 0034 00000000 		.word	Vector34
 270 0038 00000000 		.word	PendSVVector
 271 003c 00000000 		.word	SysTickVector
 272 0040 00000000 		.word	Vector40
 273 0044 00000000 		.word	Vector44
 274 0048 00000000 		.word	Vector48
 275 004c 00000000 		.word	Vector4C
 276 0050 00000000 		.word	Vector50
 277 0054 00000000 		.word	Vector54
 278 0058 00000000 		.word	Vector58
 279 005c 00000000 		.word	Vector5C
 280 0060 00000000 		.word	Vector60
 281 0064 00000000 		.word	Vector64
 282 0068 00000000 		.word	Vector68
 283 006c 00000000 		.word	Vector6C
 284 0070 00000000 		.word	Vector70
 285 0074 00000000 		.word	Vector74
ARM GAS  /tmp/ccAkTPRb.s 			page 6


 286 0078 00000000 		.word	Vector78
 287 007c 00000000 		.word	Vector7C
 288 0080 00000000 		.word	Vector80
 289 0084 00000000 		.word	Vector84
 290 0088 00000000 		.word	Vector88
 291 008c 00000000 		.word	Vector8C
 292 0090 00000000 		.word	Vector90
 293 0094 00000000 		.word	Vector94
 294 0098 00000000 		.word	Vector98
 295 009c 00000000 		.word	Vector9C
 296 00a0 00000000 		.word	VectorA0
 297 00a4 00000000 		.word	VectorA4
 298 00a8 00000000 		.word	VectorA8
 299 00ac 00000000 		.word	VectorAC
 300 00b0 00000000 		.word	VectorB0
 301 00b4 00000000 		.word	VectorB4
 302 00b8 00000000 		.word	VectorB8
 303 00bc 00000000 		.word	VectorBC
 304 00c0 00000000 		.word	VectorC0
 305 00c4 00000000 		.word	VectorC4
 306 00c8 00000000 		.word	VectorC8
 307 00cc 00000000 		.word	VectorCC
 308 00d0 00000000 		.word	VectorD0
 309 00d4 00000000 		.word	VectorD4
 310 00d8 00000000 		.word	VectorD8
 311 00dc 00000000 		.word	VectorDC
 312 00e0 00000000 		.word	VectorE0
 313 00e4 00000000 		.word	VectorE4
 314 00e8 00000000 		.word	VectorE8
 315 00ec 00000000 		.word	VectorEC
 316 00f0 00000000 		.word	VectorF0
 317 00f4 00000000 		.word	VectorF4
 318 00f8 00000000 		.word	VectorF8
 319 00fc 00000000 		.word	VectorFC
 320 0100 00000000 		.word	Vector100
 321 0104 00000000 		.word	Vector104
 322 0108 00000000 		.word	Vector108
 323 010c 00000000 		.word	Vector10C
 324 0110 00000000 		.word	Vector110
 325 0114 00000000 		.word	Vector114
 326 0118 00000000 		.word	Vector118
 327 011c 00000000 		.word	Vector11C
 328 0120 00000000 		.word	Vector120
 329 0124 00000000 		.word	Vector124
 330 0128 00000000 		.word	Vector128
 331 012c 00000000 		.word	Vector12C
 332 0130 00000000 		.word	Vector130
 333 0134 00000000 		.word	Vector134
 334 0138 00000000 		.word	Vector138
 335 013c 00000000 		.word	Vector13C
 336 0140 00000000 		.word	Vector140
 337 0144 00000000 		.word	Vector144
 338 0148 00000000 		.word	Vector148
 339 014c 00000000 		.word	Vector14C
 340 0150 00000000 		.word	Vector150
 341 0154 00000000 		.word	Vector154
 342 0158 00000000 		.word	Vector158
ARM GAS  /tmp/ccAkTPRb.s 			page 7


 343 015c 00000000 		.word	Vector15C
 344 0160 00000000 		.word	Vector160
 345 0164 00000000 		.word	Vector164
 346 0168 00000000 		.word	Vector168
 347 016c 00000000 		.word	Vector16C
 348 0170 00000000 		.word	Vector170
 349 0174 00000000 		.word	Vector174
 350 0178 00000000 		.word	Vector178
 351 017c 00000000 		.word	Vector17C
 352 0180 00000000 		.word	Vector180
 353 0184 00000000 		.word	Vector184
 354 0188 00000000 		.word	Vector188
 355 018c 00000000 		.word	Vector18C
 356 0190 00000000 		.word	Vector190
 357 0194 00000000 		.word	Vector194
 358 0198 00000000 		.word	Vector198
 359 019c 00000000 		.word	Vector19C
 360 01a0 00000000 		.word	Vector1A0
 361 01a4 00000000 		.word	Vector1A4
 362 01a8 00000000 		.word	Vector1A8
 363              		.text
 364              	.Letext0:
 365              		.file 2 "/home/lithium/Descargas/gcc-arm-none-eabi-5_3-2016q1/arm-none-eabi/include/machine/_defau
 366              		.file 3 "/home/lithium/Descargas/gcc-arm-none-eabi-5_3-2016q1/arm-none-eabi/include/sys/_stdint.h"
 367              		.section	.debug_info,"",%progbits
 368              	.Ldebug_info0:
 369 0000 D0010000 		.4byte	0x1d0
 370 0004 0400     		.2byte	0x4
 371 0006 00000000 		.4byte	.Ldebug_abbrev0
 372 000a 04       		.byte	0x4
 373 000b 01       		.uleb128 0x1
 374 000c EC010000 		.4byte	.LASF36
 375 0010 0C       		.byte	0xc
 376 0011 DA000000 		.4byte	.LASF37
 377 0015 74000000 		.4byte	.LASF38
 378 0019 00000000 		.4byte	.Ldebug_ranges0+0
 379 001d 00000000 		.4byte	0
 380 0021 00000000 		.4byte	.Ldebug_line0
 381 0025 02       		.uleb128 0x2
 382 0026 04       		.byte	0x4
 383 0027 05       		.byte	0x5
 384 0028 696E7400 		.ascii	"int\000"
 385 002c 03       		.uleb128 0x3
 386 002d 04       		.byte	0x4
 387 002e 07       		.byte	0x7
 388 002f 08010000 		.4byte	.LASF0
 389 0033 03       		.uleb128 0x3
 390 0034 08       		.byte	0x8
 391 0035 05       		.byte	0x5
 392 0036 94010000 		.4byte	.LASF1
 393 003a 03       		.uleb128 0x3
 394 003b 08       		.byte	0x8
 395 003c 04       		.byte	0x4
 396 003d CF020000 		.4byte	.LASF2
 397 0041 03       		.uleb128 0x3
 398 0042 01       		.byte	0x1
 399 0043 06       		.byte	0x6
ARM GAS  /tmp/ccAkTPRb.s 			page 8


 400 0044 DB020000 		.4byte	.LASF3
 401 0048 03       		.uleb128 0x3
 402 0049 01       		.byte	0x1
 403 004a 08       		.byte	0x8
 404 004b 41000000 		.4byte	.LASF4
 405 004f 03       		.uleb128 0x3
 406 0050 02       		.byte	0x2
 407 0051 05       		.byte	0x5
 408 0052 D5010000 		.4byte	.LASF5
 409 0056 03       		.uleb128 0x3
 410 0057 02       		.byte	0x2
 411 0058 07       		.byte	0x7
 412 0059 61000000 		.4byte	.LASF6
 413 005d 03       		.uleb128 0x3
 414 005e 04       		.byte	0x4
 415 005f 05       		.byte	0x5
 416 0060 C6020000 		.4byte	.LASF7
 417 0064 04       		.uleb128 0x4
 418 0065 CF000000 		.4byte	.LASF10
 419 0069 02       		.byte	0x2
 420 006a 41       		.byte	0x41
 421 006b 6F000000 		.4byte	0x6f
 422 006f 03       		.uleb128 0x3
 423 0070 04       		.byte	0x4
 424 0071 07       		.byte	0x7
 425 0072 4F000000 		.4byte	.LASF8
 426 0076 03       		.uleb128 0x3
 427 0077 08       		.byte	0x8
 428 0078 07       		.byte	0x7
 429 0079 20010000 		.4byte	.LASF9
 430 007d 04       		.uleb128 0x4
 431 007e AE000000 		.4byte	.LASF11
 432 0082 03       		.byte	0x3
 433 0083 20       		.byte	0x20
 434 0084 64000000 		.4byte	0x64
 435 0088 03       		.uleb128 0x3
 436 0089 01       		.byte	0x1
 437 008a 02       		.byte	0x2
 438 008b 04030000 		.4byte	.LASF12
 439 008f 03       		.uleb128 0x3
 440 0090 04       		.byte	0x4
 441 0091 07       		.byte	0x7
 442 0092 6C010000 		.4byte	.LASF13
 443 0096 03       		.uleb128 0x3
 444 0097 01       		.byte	0x1
 445 0098 08       		.byte	0x8
 446 0099 A2010000 		.4byte	.LASF14
 447 009d 04       		.uleb128 0x4
 448 009e 09000000 		.4byte	.LASF15
 449 00a2 01       		.byte	0x1
 450 00a3 2B       		.byte	0x2b
 451 00a4 A8000000 		.4byte	0xa8
 452 00a8 05       		.uleb128 0x5
 453 00a9 04       		.byte	0x4
 454 00aa AE000000 		.4byte	0xae
 455 00ae 06       		.uleb128 0x6
 456 00af 07       		.uleb128 0x7
ARM GAS  /tmp/ccAkTPRb.s 			page 9


 457 00b0 AC01     		.2byte	0x1ac
 458 00b2 01       		.byte	0x1
 459 00b3 30       		.byte	0x30
 460 00b4 85010000 		.4byte	0x185
 461 00b8 08       		.uleb128 0x8
 462 00b9 28000000 		.4byte	.LASF16
 463 00bd 01       		.byte	0x1
 464 00be 31       		.byte	0x31
 465 00bf 85010000 		.4byte	0x185
 466 00c3 00       		.byte	0
 467 00c4 08       		.uleb128 0x8
 468 00c5 DF010000 		.4byte	.LASF17
 469 00c9 01       		.byte	0x1
 470 00ca 32       		.byte	0x32
 471 00cb 9D000000 		.4byte	0x9d
 472 00cf 04       		.byte	0x4
 473 00d0 08       		.uleb128 0x8
 474 00d1 15010000 		.4byte	.LASF18
 475 00d5 01       		.byte	0x1
 476 00d6 33       		.byte	0x33
 477 00d7 9D000000 		.4byte	0x9d
 478 00db 08       		.byte	0x8
 479 00dc 08       		.uleb128 0x8
 480 00dd 83010000 		.4byte	.LASF19
 481 00e1 01       		.byte	0x1
 482 00e2 34       		.byte	0x34
 483 00e3 9D000000 		.4byte	0x9d
 484 00e7 0C       		.byte	0xc
 485 00e8 08       		.uleb128 0x8
 486 00e9 A7010000 		.4byte	.LASF20
 487 00ed 01       		.byte	0x1
 488 00ee 35       		.byte	0x35
 489 00ef 9D000000 		.4byte	0x9d
 490 00f3 10       		.byte	0x10
 491 00f4 08       		.uleb128 0x8
 492 00f5 37010000 		.4byte	.LASF21
 493 00f9 01       		.byte	0x1
 494 00fa 36       		.byte	0x36
 495 00fb 9D000000 		.4byte	0x9d
 496 00ff 14       		.byte	0x14
 497 0100 08       		.uleb128 0x8
 498 0101 50010000 		.4byte	.LASF22
 499 0105 01       		.byte	0x1
 500 0106 37       		.byte	0x37
 501 0107 9D000000 		.4byte	0x9d
 502 010b 18       		.byte	0x18
 503 010c 08       		.uleb128 0x8
 504 010d B7000000 		.4byte	.LASF23
 505 0111 01       		.byte	0x1
 506 0112 38       		.byte	0x38
 507 0113 9D000000 		.4byte	0x9d
 508 0117 1C       		.byte	0x1c
 509 0118 08       		.uleb128 0x8
 510 0119 FB020000 		.4byte	.LASF24
 511 011d 01       		.byte	0x1
 512 011e 39       		.byte	0x39
 513 011f 9D000000 		.4byte	0x9d
ARM GAS  /tmp/ccAkTPRb.s 			page 10


 514 0123 20       		.byte	0x20
 515 0124 08       		.uleb128 0x8
 516 0125 00000000 		.4byte	.LASF25
 517 0129 01       		.byte	0x1
 518 012a 3A       		.byte	0x3a
 519 012b 9D000000 		.4byte	0x9d
 520 012f 24       		.byte	0x24
 521 0130 08       		.uleb128 0x8
 522 0131 47010000 		.4byte	.LASF26
 523 0135 01       		.byte	0x1
 524 0136 3B       		.byte	0x3b
 525 0137 9D000000 		.4byte	0x9d
 526 013b 28       		.byte	0x28
 527 013c 08       		.uleb128 0x8
 528 013d 33000000 		.4byte	.LASF27
 529 0141 01       		.byte	0x1
 530 0142 3C       		.byte	0x3c
 531 0143 9D000000 		.4byte	0x9d
 532 0147 2C       		.byte	0x2c
 533 0148 08       		.uleb128 0x8
 534 0149 E7020000 		.4byte	.LASF28
 535 014d 01       		.byte	0x1
 536 014e 3D       		.byte	0x3d
 537 014f 9D000000 		.4byte	0x9d
 538 0153 30       		.byte	0x30
 539 0154 08       		.uleb128 0x8
 540 0155 16000000 		.4byte	.LASF29
 541 0159 01       		.byte	0x1
 542 015a 3E       		.byte	0x3e
 543 015b 9D000000 		.4byte	0x9d
 544 015f 34       		.byte	0x34
 545 0160 08       		.uleb128 0x8
 546 0161 75010000 		.4byte	.LASF30
 547 0165 01       		.byte	0x1
 548 0166 3F       		.byte	0x3f
 549 0167 9D000000 		.4byte	0x9d
 550 016b 38       		.byte	0x38
 551 016c 08       		.uleb128 0x8
 552 016d C0000000 		.4byte	.LASF31
 553 0171 01       		.byte	0x1
 554 0172 40       		.byte	0x40
 555 0173 9D000000 		.4byte	0x9d
 556 0177 3C       		.byte	0x3c
 557 0178 08       		.uleb128 0x8
 558 0179 CD010000 		.4byte	.LASF32
 559 017d 01       		.byte	0x1
 560 017e 41       		.byte	0x41
 561 017f 8B010000 		.4byte	0x18b
 562 0183 40       		.byte	0x40
 563 0184 00       		.byte	0
 564 0185 05       		.uleb128 0x5
 565 0186 04       		.byte	0x4
 566 0187 7D000000 		.4byte	0x7d
 567 018b 09       		.uleb128 0x9
 568 018c 9D000000 		.4byte	0x9d
 569 0190 9B010000 		.4byte	0x19b
 570 0194 0A       		.uleb128 0xa
ARM GAS  /tmp/ccAkTPRb.s 			page 11


 571 0195 8F000000 		.4byte	0x8f
 572 0199 5A       		.byte	0x5a
 573 019a 00       		.byte	0
 574 019b 04       		.uleb128 0x4
 575 019c 62010000 		.4byte	.LASF33
 576 01a0 01       		.byte	0x1
 577 01a1 42       		.byte	0x42
 578 01a2 AF000000 		.4byte	0xaf
 579 01a6 0B       		.uleb128 0xb
 580 01a7 B8010000 		.4byte	.LASF39
 581 01ab 01       		.byte	0x1
 582 01ac E2       		.byte	0xe2
 583 01ad 00000000 		.4byte	.LFB7
 584 01b1 02000000 		.4byte	.LFE7-.LFB7
 585 01b5 01       		.uleb128 0x1
 586 01b6 9C       		.byte	0x9c
 587 01b7 0C       		.uleb128 0xc
 588 01b8 0A030000 		.4byte	.LASF34
 589 01bc 01       		.byte	0x1
 590 01bd 45       		.byte	0x45
 591 01be 7D000000 		.4byte	0x7d
 592 01c2 0D       		.uleb128 0xd
 593 01c3 1F000000 		.4byte	.LASF35
 594 01c7 01       		.byte	0x1
 595 01c8 B8       		.byte	0xb8
 596 01c9 9B010000 		.4byte	0x19b
 597 01cd 05       		.uleb128 0x5
 598 01ce 03       		.byte	0x3
 599 01cf 00000000 		.4byte	_vectors
 600 01d3 00       		.byte	0
 601              		.section	.debug_abbrev,"",%progbits
 602              	.Ldebug_abbrev0:
 603 0000 01       		.uleb128 0x1
 604 0001 11       		.uleb128 0x11
 605 0002 01       		.byte	0x1
 606 0003 25       		.uleb128 0x25
 607 0004 0E       		.uleb128 0xe
 608 0005 13       		.uleb128 0x13
 609 0006 0B       		.uleb128 0xb
 610 0007 03       		.uleb128 0x3
 611 0008 0E       		.uleb128 0xe
 612 0009 1B       		.uleb128 0x1b
 613 000a 0E       		.uleb128 0xe
 614 000b 55       		.uleb128 0x55
 615 000c 17       		.uleb128 0x17
 616 000d 11       		.uleb128 0x11
 617 000e 01       		.uleb128 0x1
 618 000f 10       		.uleb128 0x10
 619 0010 17       		.uleb128 0x17
 620 0011 00       		.byte	0
 621 0012 00       		.byte	0
 622 0013 02       		.uleb128 0x2
 623 0014 24       		.uleb128 0x24
 624 0015 00       		.byte	0
 625 0016 0B       		.uleb128 0xb
 626 0017 0B       		.uleb128 0xb
 627 0018 3E       		.uleb128 0x3e
ARM GAS  /tmp/ccAkTPRb.s 			page 12


 628 0019 0B       		.uleb128 0xb
 629 001a 03       		.uleb128 0x3
 630 001b 08       		.uleb128 0x8
 631 001c 00       		.byte	0
 632 001d 00       		.byte	0
 633 001e 03       		.uleb128 0x3
 634 001f 24       		.uleb128 0x24
 635 0020 00       		.byte	0
 636 0021 0B       		.uleb128 0xb
 637 0022 0B       		.uleb128 0xb
 638 0023 3E       		.uleb128 0x3e
 639 0024 0B       		.uleb128 0xb
 640 0025 03       		.uleb128 0x3
 641 0026 0E       		.uleb128 0xe
 642 0027 00       		.byte	0
 643 0028 00       		.byte	0
 644 0029 04       		.uleb128 0x4
 645 002a 16       		.uleb128 0x16
 646 002b 00       		.byte	0
 647 002c 03       		.uleb128 0x3
 648 002d 0E       		.uleb128 0xe
 649 002e 3A       		.uleb128 0x3a
 650 002f 0B       		.uleb128 0xb
 651 0030 3B       		.uleb128 0x3b
 652 0031 0B       		.uleb128 0xb
 653 0032 49       		.uleb128 0x49
 654 0033 13       		.uleb128 0x13
 655 0034 00       		.byte	0
 656 0035 00       		.byte	0
 657 0036 05       		.uleb128 0x5
 658 0037 0F       		.uleb128 0xf
 659 0038 00       		.byte	0
 660 0039 0B       		.uleb128 0xb
 661 003a 0B       		.uleb128 0xb
 662 003b 49       		.uleb128 0x49
 663 003c 13       		.uleb128 0x13
 664 003d 00       		.byte	0
 665 003e 00       		.byte	0
 666 003f 06       		.uleb128 0x6
 667 0040 15       		.uleb128 0x15
 668 0041 00       		.byte	0
 669 0042 27       		.uleb128 0x27
 670 0043 19       		.uleb128 0x19
 671 0044 00       		.byte	0
 672 0045 00       		.byte	0
 673 0046 07       		.uleb128 0x7
 674 0047 13       		.uleb128 0x13
 675 0048 01       		.byte	0x1
 676 0049 0B       		.uleb128 0xb
 677 004a 05       		.uleb128 0x5
 678 004b 3A       		.uleb128 0x3a
 679 004c 0B       		.uleb128 0xb
 680 004d 3B       		.uleb128 0x3b
 681 004e 0B       		.uleb128 0xb
 682 004f 01       		.uleb128 0x1
 683 0050 13       		.uleb128 0x13
 684 0051 00       		.byte	0
ARM GAS  /tmp/ccAkTPRb.s 			page 13


 685 0052 00       		.byte	0
 686 0053 08       		.uleb128 0x8
 687 0054 0D       		.uleb128 0xd
 688 0055 00       		.byte	0
 689 0056 03       		.uleb128 0x3
 690 0057 0E       		.uleb128 0xe
 691 0058 3A       		.uleb128 0x3a
 692 0059 0B       		.uleb128 0xb
 693 005a 3B       		.uleb128 0x3b
 694 005b 0B       		.uleb128 0xb
 695 005c 49       		.uleb128 0x49
 696 005d 13       		.uleb128 0x13
 697 005e 38       		.uleb128 0x38
 698 005f 0B       		.uleb128 0xb
 699 0060 00       		.byte	0
 700 0061 00       		.byte	0
 701 0062 09       		.uleb128 0x9
 702 0063 01       		.uleb128 0x1
 703 0064 01       		.byte	0x1
 704 0065 49       		.uleb128 0x49
 705 0066 13       		.uleb128 0x13
 706 0067 01       		.uleb128 0x1
 707 0068 13       		.uleb128 0x13
 708 0069 00       		.byte	0
 709 006a 00       		.byte	0
 710 006b 0A       		.uleb128 0xa
 711 006c 21       		.uleb128 0x21
 712 006d 00       		.byte	0
 713 006e 49       		.uleb128 0x49
 714 006f 13       		.uleb128 0x13
 715 0070 2F       		.uleb128 0x2f
 716 0071 0B       		.uleb128 0xb
 717 0072 00       		.byte	0
 718 0073 00       		.byte	0
 719 0074 0B       		.uleb128 0xb
 720 0075 2E       		.uleb128 0x2e
 721 0076 00       		.byte	0
 722 0077 3F       		.uleb128 0x3f
 723 0078 19       		.uleb128 0x19
 724 0079 03       		.uleb128 0x3
 725 007a 0E       		.uleb128 0xe
 726 007b 3A       		.uleb128 0x3a
 727 007c 0B       		.uleb128 0xb
 728 007d 3B       		.uleb128 0x3b
 729 007e 0B       		.uleb128 0xb
 730 007f 27       		.uleb128 0x27
 731 0080 19       		.uleb128 0x19
 732 0081 8701     		.uleb128 0x87
 733 0083 19       		.uleb128 0x19
 734 0084 11       		.uleb128 0x11
 735 0085 01       		.uleb128 0x1
 736 0086 12       		.uleb128 0x12
 737 0087 06       		.uleb128 0x6
 738 0088 40       		.uleb128 0x40
 739 0089 18       		.uleb128 0x18
 740 008a 9742     		.uleb128 0x2117
 741 008c 19       		.uleb128 0x19
ARM GAS  /tmp/ccAkTPRb.s 			page 14


 742 008d 00       		.byte	0
 743 008e 00       		.byte	0
 744 008f 0C       		.uleb128 0xc
 745 0090 34       		.uleb128 0x34
 746 0091 00       		.byte	0
 747 0092 03       		.uleb128 0x3
 748 0093 0E       		.uleb128 0xe
 749 0094 3A       		.uleb128 0x3a
 750 0095 0B       		.uleb128 0xb
 751 0096 3B       		.uleb128 0x3b
 752 0097 0B       		.uleb128 0xb
 753 0098 49       		.uleb128 0x49
 754 0099 13       		.uleb128 0x13
 755 009a 3F       		.uleb128 0x3f
 756 009b 19       		.uleb128 0x19
 757 009c 3C       		.uleb128 0x3c
 758 009d 19       		.uleb128 0x19
 759 009e 00       		.byte	0
 760 009f 00       		.byte	0
 761 00a0 0D       		.uleb128 0xd
 762 00a1 34       		.uleb128 0x34
 763 00a2 00       		.byte	0
 764 00a3 03       		.uleb128 0x3
 765 00a4 0E       		.uleb128 0xe
 766 00a5 3A       		.uleb128 0x3a
 767 00a6 0B       		.uleb128 0xb
 768 00a7 3B       		.uleb128 0x3b
 769 00a8 0B       		.uleb128 0xb
 770 00a9 49       		.uleb128 0x49
 771 00aa 13       		.uleb128 0x13
 772 00ab 3F       		.uleb128 0x3f
 773 00ac 19       		.uleb128 0x19
 774 00ad 02       		.uleb128 0x2
 775 00ae 18       		.uleb128 0x18
 776 00af 00       		.byte	0
 777 00b0 00       		.byte	0
 778 00b1 00       		.byte	0
 779              		.section	.debug_aranges,"",%progbits
 780 0000 1C000000 		.4byte	0x1c
 781 0004 0200     		.2byte	0x2
 782 0006 00000000 		.4byte	.Ldebug_info0
 783 000a 04       		.byte	0x4
 784 000b 00       		.byte	0
 785 000c 0000     		.2byte	0
 786 000e 0000     		.2byte	0
 787 0010 00000000 		.4byte	.LFB7
 788 0014 02000000 		.4byte	.LFE7-.LFB7
 789 0018 00000000 		.4byte	0
 790 001c 00000000 		.4byte	0
 791              		.section	.debug_ranges,"",%progbits
 792              	.Ldebug_ranges0:
 793 0000 00000000 		.4byte	.LFB7
 794 0004 02000000 		.4byte	.LFE7
 795 0008 00000000 		.4byte	0
 796 000c 00000000 		.4byte	0
 797              		.section	.debug_line,"",%progbits
 798              	.Ldebug_line0:
ARM GAS  /tmp/ccAkTPRb.s 			page 15


 799 0000 1D010000 		.section	.debug_str,"MS",%progbits,1
 799      02000701 
 799      00000201 
 799      FB0E0D00 
 799      01010101 
 800              	.LASF25:
 801 0000 76656374 		.ascii	"vector24\000"
 801      6F723234 
 801      00
 802              	.LASF15:
 803 0009 6972715F 		.ascii	"irq_vector_t\000"
 803      76656374 
 803      6F725F74 
 803      00
 804              	.LASF29:
 805 0016 76656374 		.ascii	"vector34\000"
 805      6F723334 
 805      00
 806              	.LASF35:
 807 001f 5F766563 		.ascii	"_vectors\000"
 807      746F7273 
 807      00
 808              	.LASF16:
 809 0028 696E6974 		.ascii	"init_stack\000"
 809      5F737461 
 809      636B00
 810              	.LASF27:
 811 0033 73766361 		.ascii	"svcall_vector\000"
 811      6C6C5F76 
 811      6563746F 
 811      7200
 812              	.LASF4:
 813 0041 756E7369 		.ascii	"unsigned char\000"
 813      676E6564 
 813      20636861 
 813      7200
 814              	.LASF8:
 815 004f 6C6F6E67 		.ascii	"long unsigned int\000"
 815      20756E73 
 815      69676E65 
 815      6420696E 
 815      7400
 816              	.LASF6:
 817 0061 73686F72 		.ascii	"short unsigned int\000"
 817      7420756E 
 817      7369676E 
 817      65642069 
 817      6E7400
 818              	.LASF38:
 819 0074 2F686F6D 		.ascii	"/home/lithium/Documentos/ChibiOS_2.6.8/demos/PodioV"
 819      652F6C69 
 819      74686975 
 819      6D2F446F 
 819      63756D65 
 820 00a7 69727475 		.ascii	"irtual\000"
 820      616C00
 821              	.LASF11:
ARM GAS  /tmp/ccAkTPRb.s 			page 16


 822 00ae 75696E74 		.ascii	"uint32_t\000"
 822      33325F74 
 822      00
 823              	.LASF23:
 824 00b7 76656374 		.ascii	"vector1c\000"
 824      6F723163 
 824      00
 825              	.LASF31:
 826 00c0 73797374 		.ascii	"systick_vector\000"
 826      69636B5F 
 826      76656374 
 826      6F7200
 827              	.LASF10:
 828 00cf 5F5F7569 		.ascii	"__uint32_t\000"
 828      6E743332 
 828      5F7400
 829              	.LASF37:
 830 00da 2E2E2F2E 		.ascii	"../../os/ports/GCC/ARMCMx/STM32F4xx/vectors.c\000"
 830      2E2F6F73 
 830      2F706F72 
 830      74732F47 
 830      43432F41 
 831              	.LASF0:
 832 0108 756E7369 		.ascii	"unsigned int\000"
 832      676E6564 
 832      20696E74 
 832      00
 833              	.LASF18:
 834 0115 6E6D695F 		.ascii	"nmi_vector\000"
 834      76656374 
 834      6F7200
 835              	.LASF9:
 836 0120 6C6F6E67 		.ascii	"long long unsigned int\000"
 836      206C6F6E 
 836      6720756E 
 836      7369676E 
 836      65642069 
 837              	.LASF21:
 838 0137 62757366 		.ascii	"busfault_vector\000"
 838      61756C74 
 838      5F766563 
 838      746F7200 
 839              	.LASF26:
 840 0147 76656374 		.ascii	"vector28\000"
 840      6F723238 
 840      00
 841              	.LASF22:
 842 0150 75736167 		.ascii	"usagefault_vector\000"
 842      65666175 
 842      6C745F76 
 842      6563746F 
 842      7200
 843              	.LASF33:
 844 0162 76656374 		.ascii	"vectors_t\000"
 844      6F72735F 
 844      7400
 845              	.LASF13:
ARM GAS  /tmp/ccAkTPRb.s 			page 17


 846 016c 73697A65 		.ascii	"sizetype\000"
 846      74797065 
 846      00
 847              	.LASF30:
 848 0175 70656E64 		.ascii	"pendsv_vector\000"
 848      73765F76 
 848      6563746F 
 848      7200
 849              	.LASF19:
 850 0183 68617264 		.ascii	"hardfault_vector\000"
 850      6661756C 
 850      745F7665 
 850      63746F72 
 850      00
 851              	.LASF1:
 852 0194 6C6F6E67 		.ascii	"long long int\000"
 852      206C6F6E 
 852      6720696E 
 852      7400
 853              	.LASF14:
 854 01a2 63686172 		.ascii	"char\000"
 854      00
 855              	.LASF20:
 856 01a7 6D656D6D 		.ascii	"memmanage_vector\000"
 856      616E6167 
 856      655F7665 
 856      63746F72 
 856      00
 857              	.LASF39:
 858 01b8 5F756E68 		.ascii	"_unhandled_exception\000"
 858      616E646C 
 858      65645F65 
 858      78636570 
 858      74696F6E 
 859              	.LASF32:
 860 01cd 76656374 		.ascii	"vectors\000"
 860      6F727300 
 861              	.LASF5:
 862 01d5 73686F72 		.ascii	"short int\000"
 862      7420696E 
 862      7400
 863              	.LASF17:
 864 01df 72657365 		.ascii	"reset_vector\000"
 864      745F7665 
 864      63746F72 
 864      00
 865              	.LASF36:
 866 01ec 474E5520 		.ascii	"GNU C11 5.3.1 20160307 (release) [ARM/embedded-5-br"
 866      43313120 
 866      352E332E 
 866      31203230 
 866      31363033 
 867 021f 616E6368 		.ascii	"anch revision 234589] -mcpu=cortex-m4 -mno-thumb-in"
 867      20726576 
 867      6973696F 
 867      6E203233 
 867      34353839 
ARM GAS  /tmp/ccAkTPRb.s 			page 18


 868 0252 74657277 		.ascii	"terwork -mthumb -ggdb -O2 -fomit-frame-pointer -fal"
 868      6F726B20 
 868      2D6D7468 
 868      756D6220 
 868      2D676764 
 869 0285 69676E2D 		.ascii	"ign-functions=16 -ffunction-sections -fdata-section"
 869      66756E63 
 869      74696F6E 
 869      733D3136 
 869      202D6666 
 870 02b8 73202D66 		.ascii	"s -fno-common\000"
 870      6E6F2D63 
 870      6F6D6D6F 
 870      6E00
 871              	.LASF7:
 872 02c6 6C6F6E67 		.ascii	"long int\000"
 872      20696E74 
 872      00
 873              	.LASF2:
 874 02cf 6C6F6E67 		.ascii	"long double\000"
 874      20646F75 
 874      626C6500 
 875              	.LASF3:
 876 02db 7369676E 		.ascii	"signed char\000"
 876      65642063 
 876      68617200 
 877              	.LASF28:
 878 02e7 64656275 		.ascii	"debugmonitor_vector\000"
 878      676D6F6E 
 878      69746F72 
 878      5F766563 
 878      746F7200 
 879              	.LASF24:
 880 02fb 76656374 		.ascii	"vector20\000"
 880      6F723230 
 880      00
 881              	.LASF12:
 882 0304 5F426F6F 		.ascii	"_Bool\000"
 882      6C00
 883              	.LASF34:
 884 030a 5F5F6D61 		.ascii	"__main_stack_end__\000"
 884      696E5F73 
 884      7461636B 
 884      5F656E64 
 884      5F5F00
 885              		.ident	"GCC: (GNU Tools for ARM Embedded Processors) 5.3.1 20160307 (release) [ARM/embedded-5-bran
ARM GAS  /tmp/ccAkTPRb.s 			page 19


DEFINED SYMBOLS
                            *ABS*:00000000 vectors.c
     /tmp/ccAkTPRb.s:20     .text._unhandled_exception:00000000 $t
     /tmp/ccAkTPRb.s:26     .text._unhandled_exception:00000000 _unhandled_exception
     /tmp/ccAkTPRb.s:26     .text._unhandled_exception:00000000 Vector1A8
     /tmp/ccAkTPRb.s:26     .text._unhandled_exception:00000000 Vector1A4
     /tmp/ccAkTPRb.s:26     .text._unhandled_exception:00000000 Vector1A0
     /tmp/ccAkTPRb.s:26     .text._unhandled_exception:00000000 Vector19C
     /tmp/ccAkTPRb.s:26     .text._unhandled_exception:00000000 Vector198
     /tmp/ccAkTPRb.s:26     .text._unhandled_exception:00000000 Vector194
     /tmp/ccAkTPRb.s:26     .text._unhandled_exception:00000000 Vector190
     /tmp/ccAkTPRb.s:26     .text._unhandled_exception:00000000 Vector18C
     /tmp/ccAkTPRb.s:26     .text._unhandled_exception:00000000 Vector188
     /tmp/ccAkTPRb.s:26     .text._unhandled_exception:00000000 Vector184
     /tmp/ccAkTPRb.s:26     .text._unhandled_exception:00000000 Vector180
     /tmp/ccAkTPRb.s:26     .text._unhandled_exception:00000000 Vector17C
     /tmp/ccAkTPRb.s:26     .text._unhandled_exception:00000000 Vector178
     /tmp/ccAkTPRb.s:26     .text._unhandled_exception:00000000 Vector174
     /tmp/ccAkTPRb.s:26     .text._unhandled_exception:00000000 Vector170
     /tmp/ccAkTPRb.s:26     .text._unhandled_exception:00000000 Vector16C
     /tmp/ccAkTPRb.s:26     .text._unhandled_exception:00000000 Vector168
     /tmp/ccAkTPRb.s:26     .text._unhandled_exception:00000000 Vector164
     /tmp/ccAkTPRb.s:26     .text._unhandled_exception:00000000 Vector160
     /tmp/ccAkTPRb.s:26     .text._unhandled_exception:00000000 Vector15C
     /tmp/ccAkTPRb.s:26     .text._unhandled_exception:00000000 Vector158
     /tmp/ccAkTPRb.s:26     .text._unhandled_exception:00000000 Vector154
     /tmp/ccAkTPRb.s:26     .text._unhandled_exception:00000000 Vector150
     /tmp/ccAkTPRb.s:26     .text._unhandled_exception:00000000 Vector14C
     /tmp/ccAkTPRb.s:26     .text._unhandled_exception:00000000 Vector148
     /tmp/ccAkTPRb.s:26     .text._unhandled_exception:00000000 Vector144
     /tmp/ccAkTPRb.s:26     .text._unhandled_exception:00000000 Vector140
     /tmp/ccAkTPRb.s:26     .text._unhandled_exception:00000000 Vector13C
     /tmp/ccAkTPRb.s:26     .text._unhandled_exception:00000000 Vector138
     /tmp/ccAkTPRb.s:26     .text._unhandled_exception:00000000 Vector134
     /tmp/ccAkTPRb.s:26     .text._unhandled_exception:00000000 Vector130
     /tmp/ccAkTPRb.s:26     .text._unhandled_exception:00000000 Vector12C
     /tmp/ccAkTPRb.s:26     .text._unhandled_exception:00000000 Vector128
     /tmp/ccAkTPRb.s:26     .text._unhandled_exception:00000000 Vector124
     /tmp/ccAkTPRb.s:26     .text._unhandled_exception:00000000 Vector120
     /tmp/ccAkTPRb.s:26     .text._unhandled_exception:00000000 Vector11C
     /tmp/ccAkTPRb.s:26     .text._unhandled_exception:00000000 Vector118
     /tmp/ccAkTPRb.s:26     .text._unhandled_exception:00000000 Vector114
     /tmp/ccAkTPRb.s:26     .text._unhandled_exception:00000000 Vector110
     /tmp/ccAkTPRb.s:26     .text._unhandled_exception:00000000 Vector10C
     /tmp/ccAkTPRb.s:26     .text._unhandled_exception:00000000 Vector108
     /tmp/ccAkTPRb.s:26     .text._unhandled_exception:00000000 Vector104
     /tmp/ccAkTPRb.s:26     .text._unhandled_exception:00000000 Vector100
     /tmp/ccAkTPRb.s:26     .text._unhandled_exception:00000000 VectorFC
     /tmp/ccAkTPRb.s:26     .text._unhandled_exception:00000000 VectorF8
     /tmp/ccAkTPRb.s:26     .text._unhandled_exception:00000000 VectorF4
     /tmp/ccAkTPRb.s:26     .text._unhandled_exception:00000000 VectorF0
     /tmp/ccAkTPRb.s:26     .text._unhandled_exception:00000000 VectorEC
     /tmp/ccAkTPRb.s:26     .text._unhandled_exception:00000000 VectorE8
     /tmp/ccAkTPRb.s:26     .text._unhandled_exception:00000000 VectorE4
     /tmp/ccAkTPRb.s:26     .text._unhandled_exception:00000000 VectorE0
     /tmp/ccAkTPRb.s:26     .text._unhandled_exception:00000000 VectorDC
     /tmp/ccAkTPRb.s:26     .text._unhandled_exception:00000000 VectorD8
ARM GAS  /tmp/ccAkTPRb.s 			page 20


     /tmp/ccAkTPRb.s:26     .text._unhandled_exception:00000000 VectorD4
     /tmp/ccAkTPRb.s:26     .text._unhandled_exception:00000000 VectorD0
     /tmp/ccAkTPRb.s:26     .text._unhandled_exception:00000000 VectorCC
     /tmp/ccAkTPRb.s:26     .text._unhandled_exception:00000000 VectorC8
     /tmp/ccAkTPRb.s:26     .text._unhandled_exception:00000000 VectorC4
     /tmp/ccAkTPRb.s:26     .text._unhandled_exception:00000000 VectorC0
     /tmp/ccAkTPRb.s:26     .text._unhandled_exception:00000000 VectorBC
     /tmp/ccAkTPRb.s:26     .text._unhandled_exception:00000000 VectorB8
     /tmp/ccAkTPRb.s:26     .text._unhandled_exception:00000000 VectorB4
     /tmp/ccAkTPRb.s:26     .text._unhandled_exception:00000000 VectorB0
     /tmp/ccAkTPRb.s:26     .text._unhandled_exception:00000000 VectorAC
     /tmp/ccAkTPRb.s:26     .text._unhandled_exception:00000000 VectorA8
     /tmp/ccAkTPRb.s:26     .text._unhandled_exception:00000000 VectorA4
     /tmp/ccAkTPRb.s:26     .text._unhandled_exception:00000000 VectorA0
     /tmp/ccAkTPRb.s:26     .text._unhandled_exception:00000000 Vector9C
     /tmp/ccAkTPRb.s:26     .text._unhandled_exception:00000000 Vector98
     /tmp/ccAkTPRb.s:26     .text._unhandled_exception:00000000 Vector94
     /tmp/ccAkTPRb.s:26     .text._unhandled_exception:00000000 Vector90
     /tmp/ccAkTPRb.s:26     .text._unhandled_exception:00000000 Vector8C
     /tmp/ccAkTPRb.s:26     .text._unhandled_exception:00000000 Vector88
     /tmp/ccAkTPRb.s:26     .text._unhandled_exception:00000000 Vector84
     /tmp/ccAkTPRb.s:26     .text._unhandled_exception:00000000 Vector80
     /tmp/ccAkTPRb.s:26     .text._unhandled_exception:00000000 Vector7C
     /tmp/ccAkTPRb.s:26     .text._unhandled_exception:00000000 Vector78
     /tmp/ccAkTPRb.s:26     .text._unhandled_exception:00000000 Vector74
     /tmp/ccAkTPRb.s:26     .text._unhandled_exception:00000000 Vector70
     /tmp/ccAkTPRb.s:26     .text._unhandled_exception:00000000 Vector6C
     /tmp/ccAkTPRb.s:26     .text._unhandled_exception:00000000 Vector68
     /tmp/ccAkTPRb.s:26     .text._unhandled_exception:00000000 Vector64
     /tmp/ccAkTPRb.s:26     .text._unhandled_exception:00000000 Vector60
     /tmp/ccAkTPRb.s:26     .text._unhandled_exception:00000000 Vector5C
     /tmp/ccAkTPRb.s:26     .text._unhandled_exception:00000000 Vector58
     /tmp/ccAkTPRb.s:26     .text._unhandled_exception:00000000 Vector54
     /tmp/ccAkTPRb.s:26     .text._unhandled_exception:00000000 Vector50
     /tmp/ccAkTPRb.s:26     .text._unhandled_exception:00000000 Vector4C
     /tmp/ccAkTPRb.s:26     .text._unhandled_exception:00000000 Vector48
     /tmp/ccAkTPRb.s:26     .text._unhandled_exception:00000000 Vector44
     /tmp/ccAkTPRb.s:26     .text._unhandled_exception:00000000 Vector40
     /tmp/ccAkTPRb.s:26     .text._unhandled_exception:00000000 SysTickVector
     /tmp/ccAkTPRb.s:26     .text._unhandled_exception:00000000 PendSVVector
     /tmp/ccAkTPRb.s:26     .text._unhandled_exception:00000000 Vector34
     /tmp/ccAkTPRb.s:26     .text._unhandled_exception:00000000 DebugMonitorVector
     /tmp/ccAkTPRb.s:26     .text._unhandled_exception:00000000 SVCallVector
     /tmp/ccAkTPRb.s:26     .text._unhandled_exception:00000000 Vector28
     /tmp/ccAkTPRb.s:26     .text._unhandled_exception:00000000 Vector24
     /tmp/ccAkTPRb.s:26     .text._unhandled_exception:00000000 Vector20
     /tmp/ccAkTPRb.s:26     .text._unhandled_exception:00000000 Vector1C
     /tmp/ccAkTPRb.s:26     .text._unhandled_exception:00000000 UsageFaultVector
     /tmp/ccAkTPRb.s:26     .text._unhandled_exception:00000000 BusFaultVector
     /tmp/ccAkTPRb.s:26     .text._unhandled_exception:00000000 MemManageVector
     /tmp/ccAkTPRb.s:26     .text._unhandled_exception:00000000 HardFaultVector
     /tmp/ccAkTPRb.s:26     .text._unhandled_exception:00000000 NMIVector
     /tmp/ccAkTPRb.s:255    vectors:00000000 _vectors
     /tmp/ccAkTPRb.s:252    vectors:00000000 $d
                     .debug_frame:00000010 $d

UNDEFINED SYMBOLS
ARM GAS  /tmp/ccAkTPRb.s 			page 21


__main_stack_end__
ResetHandler
