ARM GAS  /tmp/cc7fPFZ4.s 			page 1


   1              		.syntax unified
   2              		.cpu cortex-m4
   3              		.fpu softvfp
   4              		.eabi_attribute 20, 1
   5              		.eabi_attribute 21, 1
   6              		.eabi_attribute 23, 3
   7              		.eabi_attribute 24, 1
   8              		.eabi_attribute 25, 1
   9              		.eabi_attribute 26, 1
  10              		.eabi_attribute 30, 2
  11              		.eabi_attribute 34, 1
  12              		.eabi_attribute 18, 4
  13              		.thumb
  14              		.syntax unified
  15              		.file	"chheap.c"
  16              		.text
  17              	.Ltext0:
  18              		.cfi_sections	.debug_frame
  19              		.section	.text._heap_init,"ax",%progbits
  20              		.align	2
  21              		.p2align 4,,15
  22              		.global	_heap_init
  23              		.thumb
  24              		.thumb_func
  25              		.type	_heap_init, %function
  26              	_heap_init:
  27              	.LFB7:
  28              		.file 1 "../../os/kernel/src/chheap.c"
  29              		.loc 1 75 0
  30              		.cfi_startproc
  31              		@ args = 0, pretend = 0, frame = 0
  32              		@ frame_needed = 0, uses_anonymous_args = 0
  33              		@ link register save eliminated.
  34              		.loc 1 76 0
  35 0000 044B     		ldr	r3, .L2
  36 0002 054A     		ldr	r2, .L2+4
  37 0004 1A60     		str	r2, [r3]
  38              		.loc 1 80 0
  39 0006 03F11000 		add	r0, r3, #16
  40              		.loc 1 77 0
  41 000a 0022     		movs	r2, #0
  42 000c 9A60     		str	r2, [r3, #8]
  43              		.loc 1 78 0
  44 000e DA60     		str	r2, [r3, #12]
  45              		.loc 1 80 0
  46 0010 FFF7FEBF 		b	chMtxInit
  47              	.LVL0:
  48              	.L3:
  49              		.align	2
  50              	.L2:
  51 0014 00000000 		.word	.LANCHOR0
  52 0018 00000000 		.word	chCoreAlloc
  53              		.cfi_endproc
  54              	.LFE7:
  55              		.size	_heap_init, .-_heap_init
  56              		.section	.text.chHeapInit,"ax",%progbits
  57              		.align	2
ARM GAS  /tmp/cc7fPFZ4.s 			page 2


  58              		.p2align 4,,15
  59              		.global	chHeapInit
  60              		.thumb
  61              		.thumb_func
  62              		.type	chHeapInit, %function
  63              	chHeapInit:
  64              	.LFB8:
  65              		.loc 1 99 0
  66              		.cfi_startproc
  67              		@ args = 0, pretend = 0, frame = 0
  68              		@ frame_needed = 0, uses_anonymous_args = 0
  69              		@ link register save eliminated.
  70              	.LVL1:
  71              		.loc 1 104 0
  72 0000 0023     		movs	r3, #0
  73              		.loc 1 108 0
  74 0002 083A     		subs	r2, r2, #8
  75              	.LVL2:
  76              		.loc 1 105 0
  77 0004 8160     		str	r1, [r0, #8]
  78              		.loc 1 104 0
  79 0006 0360     		str	r3, [r0]
  80              	.LVL3:
  81              		.loc 1 106 0
  82 0008 C360     		str	r3, [r0, #12]
  83              		.loc 1 110 0
  84 000a 1030     		adds	r0, r0, #16
  85              	.LVL4:
  86              		.loc 1 108 0
  87 000c 4A60     		str	r2, [r1, #4]
  88              		.loc 1 107 0
  89 000e 0B60     		str	r3, [r1]
  90              		.loc 1 110 0
  91 0010 FFF7FEBF 		b	chMtxInit
  92              	.LVL5:
  93              		.cfi_endproc
  94              	.LFE8:
  95              		.size	chHeapInit, .-chHeapInit
  96              		.section	.text.chHeapAlloc,"ax",%progbits
  97              		.align	2
  98              		.p2align 4,,15
  99              		.global	chHeapAlloc
 100              		.thumb
 101              		.thumb_func
 102              		.type	chHeapAlloc, %function
 103              	chHeapAlloc:
 104              	.LFB9:
 105              		.loc 1 132 0
 106              		.cfi_startproc
 107              		@ args = 0, pretend = 0, frame = 0
 108              		@ frame_needed = 0, uses_anonymous_args = 0
 109              	.LVL6:
 110 0000 F8B5     		push	{r3, r4, r5, r6, r7, lr}
 111              		.cfi_def_cfa_offset 24
 112              		.cfi_offset 3, -24
 113              		.cfi_offset 4, -20
 114              		.cfi_offset 5, -16
ARM GAS  /tmp/cc7fPFZ4.s 			page 3


 115              		.cfi_offset 6, -12
 116              		.cfi_offset 7, -8
 117              		.cfi_offset 14, -4
 118              		.loc 1 136 0
 119 0002 1E4E     		ldr	r6, .L21
 120 0004 0028     		cmp	r0, #0
 121 0006 18BF     		it	ne
 122 0008 0646     		movne	r6, r0
 123              	.LVL7:
 124              		.loc 1 138 0
 125 000a 0731     		adds	r1, r1, #7
 126              	.LVL8:
 127              		.loc 1 140 0
 128 000c 06F11000 		add	r0, r6, #16
 129              		.loc 1 138 0
 130 0010 21F00705 		bic	r5, r1, #7
 131              	.LVL9:
 132              		.loc 1 139 0
 133 0014 06F10804 		add	r4, r6, #8
 134              	.LVL10:
 135              		.loc 1 140 0
 136 0018 FFF7FEFF 		bl	chMtxLock
 137              	.LVL11:
 138              		.loc 1 142 0
 139 001c 03E0     		b	.L7
 140              	.LVL12:
 141              	.L11:
 142              		.loc 1 144 0
 143 001e 4368     		ldr	r3, [r0, #4]
 144 0020 9D42     		cmp	r5, r3
 145 0022 11D9     		bls	.L20
 146 0024 0446     		mov	r4, r0
 147              	.LVL13:
 148              	.L7:
 149              		.loc 1 142 0
 150 0026 2068     		ldr	r0, [r4]
 151              	.LVL14:
 152 0028 0028     		cmp	r0, #0
 153 002a F8D1     		bne	.L11
 154              		.loc 1 167 0
 155 002c FFF7FEFF 		bl	chMtxUnlock
 156              	.LVL15:
 157              		.loc 1 171 0
 158 0030 3368     		ldr	r3, [r6]
 159 0032 0BB3     		cbz	r3, .L13
 160              		.loc 1 172 0
 161 0034 05F10800 		add	r0, r5, #8
 162 0038 9847     		blx	r3
 163              	.LVL16:
 164              		.loc 1 173 0
 165 003a E8B1     		cbz	r0, .L13
 166              		.loc 1 174 0
 167 003c 0660     		str	r6, [r0]
 168              		.loc 1 175 0
 169 003e 4560     		str	r5, [r0, #4]
 170              		.loc 1 176 0
 171 0040 00F10804 		add	r4, r0, #8
ARM GAS  /tmp/cc7fPFZ4.s 			page 4


 172              	.LVL17:
 173              	.L10:
 174              		.loc 1 181 0
 175 0044 2046     		mov	r0, r4
 176 0046 F8BD     		pop	{r3, r4, r5, r6, r7, pc}
 177              	.LVL18:
 178              	.L20:
 179              		.loc 1 145 0
 180 0048 05F10802 		add	r2, r5, #8
 181 004c 9342     		cmp	r3, r2
 182 004e 08D2     		bcs	.L8
 183              		.loc 1 149 0
 184 0050 0368     		ldr	r3, [r0]
 185 0052 2360     		str	r3, [r4]
 186              	.L9:
 187              		.loc 1 159 0
 188 0054 0446     		mov	r4, r0
 189              	.LVL19:
 190 0056 44F8086B 		str	r6, [r4], #8
 191              		.loc 1 161 0
 192 005a FFF7FEFF 		bl	chMtxUnlock
 193              	.LVL20:
 194              		.loc 1 181 0
 195 005e 2046     		mov	r0, r4
 196 0060 F8BD     		pop	{r3, r4, r5, r6, r7, pc}
 197              	.LVL21:
 198              	.L8:
 199              		.loc 1 155 0
 200 0062 6FF00701 		mvn	r1, #7
 201 0066 491B     		subs	r1, r1, r5
 202              		.loc 1 153 0
 203 0068 8718     		adds	r7, r0, r2
 204              	.LVL22:
 205              		.loc 1 155 0
 206 006a 0B44     		add	r3, r3, r1
 207              		.loc 1 154 0
 208 006c 0168     		ldr	r1, [r0]
 209 006e 8150     		str	r1, [r0, r2]
 210              		.loc 1 155 0
 211 0070 7B60     		str	r3, [r7, #4]
 212              		.loc 1 156 0
 213 0072 2760     		str	r7, [r4]
 214              		.loc 1 157 0
 215 0074 4560     		str	r5, [r0, #4]
 216 0076 EDE7     		b	.L9
 217              	.LVL23:
 218              	.L13:
 219              		.loc 1 180 0
 220 0078 0024     		movs	r4, #0
 221              	.LVL24:
 222 007a E3E7     		b	.L10
 223              	.L22:
 224              		.align	2
 225              	.L21:
 226 007c 00000000 		.word	.LANCHOR0
 227              		.cfi_endproc
 228              	.LFE9:
ARM GAS  /tmp/cc7fPFZ4.s 			page 5


 229              		.size	chHeapAlloc, .-chHeapAlloc
 230              		.section	.text.chHeapFree,"ax",%progbits
 231              		.align	2
 232              		.p2align 4,,15
 233              		.global	chHeapFree
 234              		.thumb
 235              		.thumb_func
 236              		.type	chHeapFree, %function
 237              	chHeapFree:
 238              	.LFB10:
 239              		.loc 1 194 0
 240              		.cfi_startproc
 241              		@ args = 0, pretend = 0, frame = 0
 242              		@ frame_needed = 0, uses_anonymous_args = 0
 243              	.LVL25:
 244 0000 70B5     		push	{r4, r5, r6, lr}
 245              		.cfi_def_cfa_offset 16
 246              		.cfi_offset 4, -16
 247              		.cfi_offset 5, -12
 248              		.cfi_offset 6, -8
 249              		.cfi_offset 14, -4
 250              		.loc 1 194 0
 251 0002 0646     		mov	r6, r0
 252              		.loc 1 200 0
 253 0004 A0F10804 		sub	r4, r0, #8
 254              	.LVL26:
 255              		.loc 1 201 0
 256 0008 50F8080C 		ldr	r0, [r0, #-8]
 257              	.LVL27:
 258              		.loc 1 202 0
 259 000c 00F10805 		add	r5, r0, #8
 260              	.LVL28:
 261              		.loc 1 203 0
 262 0010 1030     		adds	r0, r0, #16
 263              	.LVL29:
 264 0012 FFF7FEFF 		bl	chMtxLock
 265              	.LVL30:
 266              		.loc 1 202 0
 267 0016 2B46     		mov	r3, r5
 268              	.LVL31:
 269              	.L30:
 270              		.loc 1 210 0
 271 0018 AB42     		cmp	r3, r5
 272 001a 04D0     		beq	.L24
 273              	.L36:
 274              		.loc 1 210 0 is_stmt 0 discriminator 2
 275 001c A342     		cmp	r3, r4
 276 001e 02D3     		bcc	.L24
 277 0020 1B68     		ldr	r3, [r3]
 278              	.LVL32:
 279              		.loc 1 210 0
 280 0022 AB42     		cmp	r3, r5
 281 0024 FAD1     		bne	.L36
 282              	.L24:
 283              		.loc 1 211 0 is_stmt 1 discriminator 3
 284 0026 1A68     		ldr	r2, [r3]
 285              		.loc 1 210 0 discriminator 3
ARM GAS  /tmp/cc7fPFZ4.s 			page 6


 286 0028 1AB1     		cbz	r2, .L26
 287              		.loc 1 211 0
 288 002a 9442     		cmp	r4, r2
 289 002c 01D3     		bcc	.L26
 290 002e 1346     		mov	r3, r2
 291              	.LVL33:
 292              		.loc 1 229 0
 293 0030 F2E7     		b	.L30
 294              	.LVL34:
 295              	.L26:
 296              		.loc 1 213 0
 297 0032 46F8082C 		str	r2, [r6, #-8]
 298              		.loc 1 214 0
 299 0036 1C60     		str	r4, [r3]
 300              		.loc 1 216 0
 301 0038 56F8041C 		ldr	r1, [r6, #-4]
 302 003c 56F8085C 		ldr	r5, [r6, #-8]
 303              	.LVL35:
 304 0040 01F10802 		add	r2, r1, #8
 305 0044 A018     		adds	r0, r4, r2
 306 0046 A842     		cmp	r0, r5
 307 0048 09D0     		beq	.L37
 308              		.loc 1 221 0
 309 004a 5968     		ldr	r1, [r3, #4]
 310 004c 01F10802 		add	r2, r1, #8
 311 0050 1A44     		add	r2, r2, r3
 312 0052 9442     		cmp	r4, r2
 313 0054 11D0     		beq	.L38
 314              	.L29:
 315              		.loc 1 233 0
 316 0056 BDE87040 		pop	{r4, r5, r6, lr}
 317              		.cfi_remember_state
 318              		.cfi_restore 14
 319              		.cfi_restore 6
 320              		.cfi_restore 5
 321              		.cfi_restore 4
 322              		.cfi_def_cfa_offset 0
 323              	.LVL36:
 324              		.loc 1 231 0
 325 005a FFF7FEBF 		b	chMtxUnlock
 326              	.LVL37:
 327              	.L37:
 328              		.cfi_restore_state
 329              		.loc 1 218 0
 330 005e 4068     		ldr	r0, [r0, #4]
 331 0060 0144     		add	r1, r1, r0
 332 0062 0831     		adds	r1, r1, #8
 333 0064 46F8041C 		str	r1, [r6, #-4]
 334              		.loc 1 219 0
 335 0068 A258     		ldr	r2, [r4, r2]
 336 006a 46F8082C 		str	r2, [r6, #-8]
 337              		.loc 1 221 0
 338 006e 5968     		ldr	r1, [r3, #4]
 339 0070 01F10802 		add	r2, r1, #8
 340 0074 1A44     		add	r2, r2, r3
 341 0076 9442     		cmp	r4, r2
 342 0078 EDD1     		bne	.L29
ARM GAS  /tmp/cc7fPFZ4.s 			page 7


 343              	.L38:
 344              		.loc 1 223 0
 345 007a 56F8042C 		ldr	r2, [r6, #-4]
 346 007e 0A44     		add	r2, r2, r1
 347 0080 0832     		adds	r2, r2, #8
 348 0082 5A60     		str	r2, [r3, #4]
 349              		.loc 1 224 0
 350 0084 56F8082C 		ldr	r2, [r6, #-8]
 351 0088 1A60     		str	r2, [r3]
 352              		.loc 1 233 0
 353 008a BDE87040 		pop	{r4, r5, r6, lr}
 354              		.cfi_restore 4
 355              		.cfi_restore 5
 356              		.cfi_restore 6
 357              		.cfi_restore 14
 358              		.cfi_def_cfa_offset 0
 359              	.LVL38:
 360              		.loc 1 231 0
 361 008e FFF7FEBF 		b	chMtxUnlock
 362              	.LVL39:
 363              		.cfi_endproc
 364              	.LFE10:
 365              		.size	chHeapFree, .-chHeapFree
 366 0092 00BF     		.section	.text.chHeapStatus,"ax",%progbits
 367              		.align	2
 368              		.p2align 4,,15
 369              		.global	chHeapStatus
 370              		.thumb
 371              		.thumb_func
 372              		.type	chHeapStatus, %function
 373              	chHeapStatus:
 374              	.LFB11:
 375              		.loc 1 250 0
 376              		.cfi_startproc
 377              		@ args = 0, pretend = 0, frame = 0
 378              		@ frame_needed = 0, uses_anonymous_args = 0
 379              	.LVL40:
 380 0000 38B5     		push	{r3, r4, r5, lr}
 381              		.cfi_def_cfa_offset 16
 382              		.cfi_offset 3, -16
 383              		.cfi_offset 4, -12
 384              		.cfi_offset 5, -8
 385              		.cfi_offset 14, -4
 386              		.loc 1 255 0
 387 0002 0E4C     		ldr	r4, .L50
 388 0004 0028     		cmp	r0, #0
 389 0006 18BF     		it	ne
 390 0008 0446     		movne	r4, r0
 391              	.LVL41:
 392              		.loc 1 257 0
 393 000a 04F11000 		add	r0, r4, #16
 394              		.loc 1 250 0
 395 000e 0D46     		mov	r5, r1
 396              		.loc 1 257 0
 397 0010 FFF7FEFF 		bl	chMtxLock
 398              	.LVL42:
 399              		.loc 1 260 0
ARM GAS  /tmp/cc7fPFZ4.s 			page 8


 400 0014 A368     		ldr	r3, [r4, #8]
 401 0016 6BB1     		cbz	r3, .L44
 402              		.loc 1 260 0 is_stmt 0 discriminator 3
 403 0018 0022     		movs	r2, #0
 404 001a 1446     		mov	r4, r2
 405              	.LVL43:
 406              	.L42:
 407              		.loc 1 261 0 is_stmt 1 discriminator 3
 408 001c 5868     		ldr	r0, [r3, #4]
 409              		.loc 1 260 0 discriminator 3
 410 001e 1B68     		ldr	r3, [r3]
 411 0020 0134     		adds	r4, r4, #1
 412              	.LVL44:
 413              		.loc 1 261 0 discriminator 3
 414 0022 0244     		add	r2, r2, r0
 415              	.LVL45:
 416              		.loc 1 260 0 discriminator 3
 417 0024 002B     		cmp	r3, #0
 418 0026 F9D1     		bne	.L42
 419              	.LVL46:
 420              	.L41:
 421              		.loc 1 262 0
 422 0028 05B1     		cbz	r5, .L43
 423              		.loc 1 263 0
 424 002a 2A60     		str	r2, [r5]
 425              	.L43:
 426              		.loc 1 265 0
 427 002c FFF7FEFF 		bl	chMtxUnlock
 428              	.LVL47:
 429              		.loc 1 267 0
 430 0030 2046     		mov	r0, r4
 431 0032 38BD     		pop	{r3, r4, r5, pc}
 432              	.LVL48:
 433              	.L44:
 434              		.loc 1 259 0
 435 0034 1A46     		mov	r2, r3
 436              		.loc 1 260 0
 437 0036 1C46     		mov	r4, r3
 438              	.LVL49:
 439 0038 F6E7     		b	.L41
 440              	.L51:
 441 003a 00BF     		.align	2
 442              	.L50:
 443 003c 00000000 		.word	.LANCHOR0
 444              		.cfi_endproc
 445              	.LFE11:
 446              		.size	chHeapStatus, .-chHeapStatus
 447              		.section	.bss.default_heap,"aw",%nobits
 448              		.align	3
 449              		.set	.LANCHOR0,. + 0
 450              		.type	default_heap, %object
 451              		.size	default_heap, 32
 452              	default_heap:
 453 0000 00000000 		.space	32
 453      00000000 
 453      00000000 
 453      00000000 
ARM GAS  /tmp/cc7fPFZ4.s 			page 9


 453      00000000 
 454              		.text
 455              	.Letext0:
 456              		.file 2 "/home/lithium/Descargas/gcc-arm-none-eabi-5_3-2016q1/lib/gcc/arm-none-eabi/5.3.1/include/
 457              		.file 3 "/home/lithium/Descargas/gcc-arm-none-eabi-5_3-2016q1/arm-none-eabi/include/machine/_defau
 458              		.file 4 "/home/lithium/Descargas/gcc-arm-none-eabi-5_3-2016q1/arm-none-eabi/include/sys/_stdint.h"
 459              		.file 5 "../../os/ports/GCC/ARMCMx/chtypes.h"
 460              		.file 6 "../../os/kernel/include/chlists.h"
 461              		.file 7 "../../os/kernel/include/chthreads.h"
 462              		.file 8 "../../os/ports/GCC/ARMCMx/chcore_v7m.h"
 463              		.file 9 "../../os/kernel/include/chmtx.h"
 464              		.file 10 "../../os/kernel/include/chmemcore.h"
 465              		.file 11 "../../os/kernel/include/chheap.h"
 466              		.section	.debug_info,"",%progbits
 467              	.Ldebug_info0:
 468 0000 F1060000 		.4byte	0x6f1
 469 0004 0400     		.2byte	0x4
 470 0006 00000000 		.4byte	.Ldebug_abbrev0
 471 000a 04       		.byte	0x4
 472 000b 01       		.uleb128 0x1
 473 000c 7D020000 		.4byte	.LASF85
 474 0010 0C       		.byte	0xc
 475 0011 D2000000 		.4byte	.LASF86
 476 0015 24020000 		.4byte	.LASF87
 477 0019 00000000 		.4byte	.Ldebug_ranges0+0
 478 001d 00000000 		.4byte	0
 479 0021 00000000 		.4byte	.Ldebug_line0
 480 0025 02       		.uleb128 0x2
 481 0026 04       		.byte	0x4
 482 0027 05       		.byte	0x5
 483 0028 696E7400 		.ascii	"int\000"
 484 002c 03       		.uleb128 0x3
 485 002d 06000000 		.4byte	.LASF4
 486 0031 02       		.byte	0x2
 487 0032 D8       		.byte	0xd8
 488 0033 37000000 		.4byte	0x37
 489 0037 04       		.uleb128 0x4
 490 0038 04       		.byte	0x4
 491 0039 07       		.byte	0x7
 492 003a 1A010000 		.4byte	.LASF0
 493 003e 04       		.uleb128 0x4
 494 003f 08       		.byte	0x8
 495 0040 05       		.byte	0x5
 496 0041 84000000 		.4byte	.LASF1
 497 0045 04       		.uleb128 0x4
 498 0046 08       		.byte	0x8
 499 0047 04       		.byte	0x4
 500 0048 99010000 		.4byte	.LASF2
 501 004c 04       		.uleb128 0x4
 502 004d 01       		.byte	0x1
 503 004e 06       		.byte	0x6
 504 004f 92000000 		.4byte	.LASF3
 505 0053 03       		.uleb128 0x3
 506 0054 1D000000 		.4byte	.LASF5
 507 0058 03       		.byte	0x3
 508 0059 1D       		.byte	0x1d
 509 005a 5E000000 		.4byte	0x5e
ARM GAS  /tmp/cc7fPFZ4.s 			page 10


 510 005e 04       		.uleb128 0x4
 511 005f 01       		.byte	0x1
 512 0060 08       		.byte	0x8
 513 0061 0B020000 		.4byte	.LASF6
 514 0065 04       		.uleb128 0x4
 515 0066 02       		.byte	0x2
 516 0067 05       		.byte	0x5
 517 0068 61020000 		.4byte	.LASF7
 518 006c 04       		.uleb128 0x4
 519 006d 02       		.byte	0x2
 520 006e 07       		.byte	0x7
 521 006f 46010000 		.4byte	.LASF8
 522 0073 03       		.uleb128 0x3
 523 0074 D4030000 		.4byte	.LASF9
 524 0078 03       		.byte	0x3
 525 0079 3F       		.byte	0x3f
 526 007a 7E000000 		.4byte	0x7e
 527 007e 04       		.uleb128 0x4
 528 007f 04       		.byte	0x4
 529 0080 05       		.byte	0x5
 530 0081 C9000000 		.4byte	.LASF10
 531 0085 03       		.uleb128 0x3
 532 0086 00010000 		.4byte	.LASF11
 533 008a 03       		.byte	0x3
 534 008b 41       		.byte	0x41
 535 008c 90000000 		.4byte	0x90
 536 0090 04       		.uleb128 0x4
 537 0091 04       		.byte	0x4
 538 0092 07       		.byte	0x7
 539 0093 27010000 		.4byte	.LASF12
 540 0097 03       		.uleb128 0x3
 541 0098 DB010000 		.4byte	.LASF13
 542 009c 03       		.byte	0x3
 543 009d 5B       		.byte	0x5b
 544 009e A2000000 		.4byte	0xa2
 545 00a2 04       		.uleb128 0x4
 546 00a3 08       		.byte	0x8
 547 00a4 07       		.byte	0x7
 548 00a5 34000000 		.4byte	.LASF14
 549 00a9 03       		.uleb128 0x3
 550 00aa 08040000 		.4byte	.LASF15
 551 00ae 04       		.byte	0x4
 552 00af 14       		.byte	0x14
 553 00b0 53000000 		.4byte	0x53
 554 00b4 03       		.uleb128 0x3
 555 00b5 03020000 		.4byte	.LASF16
 556 00b9 04       		.byte	0x4
 557 00ba 1F       		.byte	0x1f
 558 00bb 73000000 		.4byte	0x73
 559 00bf 03       		.uleb128 0x3
 560 00c0 8B030000 		.4byte	.LASF17
 561 00c4 04       		.byte	0x4
 562 00c5 20       		.byte	0x20
 563 00c6 85000000 		.4byte	0x85
 564 00ca 03       		.uleb128 0x3
 565 00cb 14000000 		.4byte	.LASF18
 566 00cf 04       		.byte	0x4
ARM GAS  /tmp/cc7fPFZ4.s 			page 11


 567 00d0 26       		.byte	0x26
 568 00d1 97000000 		.4byte	0x97
 569 00d5 04       		.uleb128 0x4
 570 00d6 01       		.byte	0x1
 571 00d7 02       		.byte	0x2
 572 00d8 FD010000 		.4byte	.LASF19
 573 00dc 03       		.uleb128 0x3
 574 00dd 5F010000 		.4byte	.LASF20
 575 00e1 05       		.byte	0x5
 576 00e2 2C       		.byte	0x2c
 577 00e3 A9000000 		.4byte	0xa9
 578 00e7 03       		.uleb128 0x3
 579 00e8 EF000000 		.4byte	.LASF21
 580 00ec 05       		.byte	0x5
 581 00ed 2D       		.byte	0x2d
 582 00ee A9000000 		.4byte	0xa9
 583 00f2 03       		.uleb128 0x3
 584 00f3 E6010000 		.4byte	.LASF22
 585 00f7 05       		.byte	0x5
 586 00f8 2E       		.byte	0x2e
 587 00f9 A9000000 		.4byte	0xa9
 588 00fd 03       		.uleb128 0x3
 589 00fe BF000000 		.4byte	.LASF23
 590 0102 05       		.byte	0x5
 591 0103 2F       		.byte	0x2f
 592 0104 A9000000 		.4byte	0xa9
 593 0108 03       		.uleb128 0x3
 594 0109 F5010000 		.4byte	.LASF24
 595 010d 05       		.byte	0x5
 596 010e 30       		.byte	0x30
 597 010f BF000000 		.4byte	0xbf
 598 0113 03       		.uleb128 0x3
 599 0114 59010000 		.4byte	.LASF25
 600 0118 05       		.byte	0x5
 601 0119 31       		.byte	0x31
 602 011a B4000000 		.4byte	0xb4
 603 011e 03       		.uleb128 0x3
 604 011f 73010000 		.4byte	.LASF26
 605 0123 05       		.byte	0x5
 606 0124 33       		.byte	0x33
 607 0125 BF000000 		.4byte	0xbf
 608 0129 03       		.uleb128 0x3
 609 012a BF030000 		.4byte	.LASF27
 610 012e 05       		.byte	0x5
 611 012f 35       		.byte	0x35
 612 0130 BF000000 		.4byte	0xbf
 613 0134 03       		.uleb128 0x3
 614 0135 6D030000 		.4byte	.LASF28
 615 0139 06       		.byte	0x6
 616 013a 2A       		.byte	0x2a
 617 013b 3F010000 		.4byte	0x13f
 618 013f 05       		.uleb128 0x5
 619 0140 6D030000 		.4byte	.LASF28
 620 0144 48       		.byte	0x48
 621 0145 07       		.byte	0x7
 622 0146 5E       		.byte	0x5e
 623 0147 3C020000 		.4byte	0x23c
ARM GAS  /tmp/cc7fPFZ4.s 			page 12


 624 014b 06       		.uleb128 0x6
 625 014c 5E030000 		.4byte	.LASF29
 626 0150 07       		.byte	0x7
 627 0151 5F       		.byte	0x5f
 628 0152 5D020000 		.4byte	0x25d
 629 0156 00       		.byte	0
 630 0157 06       		.uleb128 0x6
 631 0158 EE010000 		.4byte	.LASF30
 632 015c 07       		.byte	0x7
 633 015d 61       		.byte	0x61
 634 015e 5D020000 		.4byte	0x25d
 635 0162 04       		.byte	0x4
 636 0163 06       		.uleb128 0x6
 637 0164 7D000000 		.4byte	.LASF31
 638 0168 07       		.byte	0x7
 639 0169 63       		.byte	0x63
 640 016a 08010000 		.4byte	0x108
 641 016e 08       		.byte	0x8
 642 016f 06       		.uleb128 0x6
 643 0170 37040000 		.4byte	.LASF32
 644 0174 07       		.byte	0x7
 645 0175 64       		.byte	0x64
 646 0176 22030000 		.4byte	0x322
 647 017a 0C       		.byte	0xc
 648 017b 06       		.uleb128 0x6
 649 017c F8000000 		.4byte	.LASF33
 650 0180 07       		.byte	0x7
 651 0181 66       		.byte	0x66
 652 0182 5D020000 		.4byte	0x25d
 653 0186 10       		.byte	0x10
 654 0187 06       		.uleb128 0x6
 655 0188 AF010000 		.4byte	.LASF34
 656 018c 07       		.byte	0x7
 657 018d 67       		.byte	0x67
 658 018e 5D020000 		.4byte	0x25d
 659 0192 14       		.byte	0x14
 660 0193 06       		.uleb128 0x6
 661 0194 1D040000 		.4byte	.LASF35
 662 0198 07       		.byte	0x7
 663 0199 6E       		.byte	0x6e
 664 019a 8D040000 		.4byte	0x48d
 665 019e 18       		.byte	0x18
 666 019f 06       		.uleb128 0x6
 667 01a0 6B020000 		.4byte	.LASF36
 668 01a4 07       		.byte	0x7
 669 01a5 79       		.byte	0x79
 670 01a6 E7000000 		.4byte	0xe7
 671 01aa 1C       		.byte	0x1c
 672 01ab 06       		.uleb128 0x6
 673 01ac 65030000 		.4byte	.LASF37
 674 01b0 07       		.byte	0x7
 675 01b1 7D       		.byte	0x7d
 676 01b2 DC000000 		.4byte	0xdc
 677 01b6 1D       		.byte	0x1d
 678 01b7 06       		.uleb128 0x6
 679 01b8 01040000 		.4byte	.LASF38
 680 01bc 07       		.byte	0x7
ARM GAS  /tmp/cc7fPFZ4.s 			page 13


 681 01bd 82       		.byte	0x82
 682 01be F2000000 		.4byte	0xf2
 683 01c2 1E       		.byte	0x1e
 684 01c3 06       		.uleb128 0x6
 685 01c4 73020000 		.4byte	.LASF39
 686 01c8 07       		.byte	0x7
 687 01c9 88       		.byte	0x88
 688 01ca FD000000 		.4byte	0xfd
 689 01ce 1F       		.byte	0x1f
 690 01cf 06       		.uleb128 0x6
 691 01d0 DE030000 		.4byte	.LASF40
 692 01d4 07       		.byte	0x7
 693 01d5 8F       		.byte	0x8f
 694 01d6 4A030000 		.4byte	0x34a
 695 01da 20       		.byte	0x20
 696 01db 07       		.uleb128 0x7
 697 01dc 705F7500 		.ascii	"p_u\000"
 698 01e0 07       		.byte	0x7
 699 01e1 B4       		.byte	0xb4
 700 01e2 58040000 		.4byte	0x458
 701 01e6 24       		.byte	0x24
 702 01e7 06       		.uleb128 0x6
 703 01e8 3D040000 		.4byte	.LASF41
 704 01ec 07       		.byte	0x7
 705 01ed B9       		.byte	0xb9
 706 01ee 83020000 		.4byte	0x283
 707 01f2 28       		.byte	0x28
 708 01f3 06       		.uleb128 0x6
 709 01f4 EC030000 		.4byte	.LASF42
 710 01f8 07       		.byte	0x7
 711 01f9 BF       		.byte	0xbf
 712 01fa 63020000 		.4byte	0x263
 713 01fe 2C       		.byte	0x2c
 714 01ff 06       		.uleb128 0x6
 715 0200 00000000 		.4byte	.LASF43
 716 0204 07       		.byte	0x7
 717 0205 C3       		.byte	0xc3
 718 0206 13010000 		.4byte	0x113
 719 020a 34       		.byte	0x34
 720 020b 06       		.uleb128 0x6
 721 020c 80030000 		.4byte	.LASF44
 722 0210 07       		.byte	0x7
 723 0211 C9       		.byte	0xc9
 724 0212 1E010000 		.4byte	0x11e
 725 0216 38       		.byte	0x38
 726 0217 06       		.uleb128 0x6
 727 0218 57020000 		.4byte	.LASF45
 728 021c 07       		.byte	0x7
 729 021d D0       		.byte	0xd0
 730 021e 9F040000 		.4byte	0x49f
 731 0222 3C       		.byte	0x3c
 732 0223 06       		.uleb128 0x6
 733 0224 C9030000 		.4byte	.LASF46
 734 0228 07       		.byte	0x7
 735 0229 D4       		.byte	0xd4
 736 022a 08010000 		.4byte	0x108
 737 022e 40       		.byte	0x40
ARM GAS  /tmp/cc7fPFZ4.s 			page 14


 738 022f 06       		.uleb128 0x6
 739 0230 A4000000 		.4byte	.LASF47
 740 0234 07       		.byte	0x7
 741 0235 DA       		.byte	0xda
 742 0236 99020000 		.4byte	0x299
 743 023a 44       		.byte	0x44
 744 023b 00       		.byte	0
 745 023c 08       		.uleb128 0x8
 746 023d 08       		.byte	0x8
 747 023e 06       		.byte	0x6
 748 023f 61       		.byte	0x61
 749 0240 5D020000 		.4byte	0x25d
 750 0244 06       		.uleb128 0x6
 751 0245 5E030000 		.4byte	.LASF29
 752 0249 06       		.byte	0x6
 753 024a 62       		.byte	0x62
 754 024b 5D020000 		.4byte	0x25d
 755 024f 00       		.byte	0
 756 0250 06       		.uleb128 0x6
 757 0251 EE010000 		.4byte	.LASF30
 758 0255 06       		.byte	0x6
 759 0256 64       		.byte	0x64
 760 0257 5D020000 		.4byte	0x25d
 761 025b 04       		.byte	0x4
 762 025c 00       		.byte	0
 763 025d 09       		.uleb128 0x9
 764 025e 04       		.byte	0x4
 765 025f 34010000 		.4byte	0x134
 766 0263 03       		.uleb128 0x3
 767 0264 B7010000 		.4byte	.LASF48
 768 0268 06       		.byte	0x6
 769 0269 66       		.byte	0x66
 770 026a 3C020000 		.4byte	0x23c
 771 026e 08       		.uleb128 0x8
 772 026f 04       		.byte	0x4
 773 0270 06       		.byte	0x6
 774 0271 6B       		.byte	0x6b
 775 0272 83020000 		.4byte	0x283
 776 0276 06       		.uleb128 0x6
 777 0277 5E030000 		.4byte	.LASF29
 778 027b 06       		.byte	0x6
 779 027c 6D       		.byte	0x6d
 780 027d 5D020000 		.4byte	0x25d
 781 0281 00       		.byte	0
 782 0282 00       		.byte	0
 783 0283 03       		.uleb128 0x3
 784 0284 67010000 		.4byte	.LASF49
 785 0288 06       		.byte	0x6
 786 0289 70       		.byte	0x70
 787 028a 6E020000 		.4byte	0x26e
 788 028e 03       		.uleb128 0x3
 789 028f 0B010000 		.4byte	.LASF50
 790 0293 08       		.byte	0x8
 791 0294 E5       		.byte	0xe5
 792 0295 99020000 		.4byte	0x299
 793 0299 0A       		.uleb128 0xa
 794 029a 04       		.byte	0x4
ARM GAS  /tmp/cc7fPFZ4.s 			page 15


 795 029b 03       		.uleb128 0x3
 796 029c 85010000 		.4byte	.LASF51
 797 02a0 08       		.byte	0x8
 798 02a1 EB       		.byte	0xeb
 799 02a2 CA000000 		.4byte	0xca
 800 02a6 0B       		.uleb128 0xb
 801 02a7 E5030000 		.4byte	.LASF52
 802 02ab 24       		.byte	0x24
 803 02ac 08       		.byte	0x8
 804 02ad 0C01     		.2byte	0x10c
 805 02af 22030000 		.4byte	0x322
 806 02b3 0C       		.uleb128 0xc
 807 02b4 723400   		.ascii	"r4\000"
 808 02b7 08       		.byte	0x8
 809 02b8 1F01     		.2byte	0x11f
 810 02ba 8E020000 		.4byte	0x28e
 811 02be 00       		.byte	0
 812 02bf 0C       		.uleb128 0xc
 813 02c0 723500   		.ascii	"r5\000"
 814 02c3 08       		.byte	0x8
 815 02c4 2001     		.2byte	0x120
 816 02c6 8E020000 		.4byte	0x28e
 817 02ca 04       		.byte	0x4
 818 02cb 0C       		.uleb128 0xc
 819 02cc 723600   		.ascii	"r6\000"
 820 02cf 08       		.byte	0x8
 821 02d0 2101     		.2byte	0x121
 822 02d2 8E020000 		.4byte	0x28e
 823 02d6 08       		.byte	0x8
 824 02d7 0C       		.uleb128 0xc
 825 02d8 723700   		.ascii	"r7\000"
 826 02db 08       		.byte	0x8
 827 02dc 2201     		.2byte	0x122
 828 02de 8E020000 		.4byte	0x28e
 829 02e2 0C       		.byte	0xc
 830 02e3 0C       		.uleb128 0xc
 831 02e4 723800   		.ascii	"r8\000"
 832 02e7 08       		.byte	0x8
 833 02e8 2301     		.2byte	0x123
 834 02ea 8E020000 		.4byte	0x28e
 835 02ee 10       		.byte	0x10
 836 02ef 0C       		.uleb128 0xc
 837 02f0 723900   		.ascii	"r9\000"
 838 02f3 08       		.byte	0x8
 839 02f4 2401     		.2byte	0x124
 840 02f6 8E020000 		.4byte	0x28e
 841 02fa 14       		.byte	0x14
 842 02fb 0C       		.uleb128 0xc
 843 02fc 72313000 		.ascii	"r10\000"
 844 0300 08       		.byte	0x8
 845 0301 2501     		.2byte	0x125
 846 0303 8E020000 		.4byte	0x28e
 847 0307 18       		.byte	0x18
 848 0308 0C       		.uleb128 0xc
 849 0309 72313100 		.ascii	"r11\000"
 850 030d 08       		.byte	0x8
 851 030e 2601     		.2byte	0x126
ARM GAS  /tmp/cc7fPFZ4.s 			page 16


 852 0310 8E020000 		.4byte	0x28e
 853 0314 1C       		.byte	0x1c
 854 0315 0C       		.uleb128 0xc
 855 0316 6C7200   		.ascii	"lr\000"
 856 0319 08       		.byte	0x8
 857 031a 2701     		.2byte	0x127
 858 031c 8E020000 		.4byte	0x28e
 859 0320 20       		.byte	0x20
 860 0321 00       		.byte	0
 861 0322 0B       		.uleb128 0xb
 862 0323 39010000 		.4byte	.LASF53
 863 0327 04       		.byte	0x4
 864 0328 08       		.byte	0x8
 865 0329 3101     		.2byte	0x131
 866 032b 3D030000 		.4byte	0x33d
 867 032f 0C       		.uleb128 0xc
 868 0330 72313300 		.ascii	"r13\000"
 869 0334 08       		.byte	0x8
 870 0335 3201     		.2byte	0x132
 871 0337 3D030000 		.4byte	0x33d
 872 033b 00       		.byte	0
 873 033c 00       		.byte	0
 874 033d 09       		.uleb128 0x9
 875 033e 04       		.byte	0x4
 876 033f A6020000 		.4byte	0x2a6
 877 0343 04       		.uleb128 0x4
 878 0344 04       		.byte	0x4
 879 0345 07       		.byte	0x7
 880 0346 90010000 		.4byte	.LASF54
 881 034a 0D       		.uleb128 0xd
 882 034b 29010000 		.4byte	0x129
 883 034f 05       		.uleb128 0x5
 884 0350 7F010000 		.4byte	.LASF55
 885 0354 10       		.byte	0x10
 886 0355 09       		.byte	0x9
 887 0356 2C       		.byte	0x2c
 888 0357 80030000 		.4byte	0x380
 889 035b 06       		.uleb128 0x6
 890 035c AC000000 		.4byte	.LASF56
 891 0360 09       		.byte	0x9
 892 0361 2D       		.byte	0x2d
 893 0362 63020000 		.4byte	0x263
 894 0366 00       		.byte	0
 895 0367 06       		.uleb128 0x6
 896 0368 2F040000 		.4byte	.LASF57
 897 036c 09       		.byte	0x9
 898 036d 2F       		.byte	0x2f
 899 036e 5D020000 		.4byte	0x25d
 900 0372 08       		.byte	0x8
 901 0373 06       		.uleb128 0x6
 902 0374 B8030000 		.4byte	.LASF58
 903 0378 09       		.byte	0x9
 904 0379 31       		.byte	0x31
 905 037a 80030000 		.4byte	0x380
 906 037e 0C       		.byte	0xc
 907 037f 00       		.byte	0
 908 0380 09       		.uleb128 0x9
ARM GAS  /tmp/cc7fPFZ4.s 			page 17


 909 0381 04       		.byte	0x4
 910 0382 4F030000 		.4byte	0x34f
 911 0386 03       		.uleb128 0x3
 912 0387 7F010000 		.4byte	.LASF55
 913 038b 09       		.byte	0x9
 914 038c 33       		.byte	0x33
 915 038d 4F030000 		.4byte	0x34f
 916 0391 03       		.uleb128 0x3
 917 0392 27000000 		.4byte	.LASF59
 918 0396 0A       		.byte	0xa
 919 0397 2C       		.byte	0x2c
 920 0398 9C030000 		.4byte	0x39c
 921 039c 09       		.uleb128 0x9
 922 039d 04       		.byte	0x4
 923 039e A2030000 		.4byte	0x3a2
 924 03a2 0E       		.uleb128 0xe
 925 03a3 99020000 		.4byte	0x299
 926 03a7 B1030000 		.4byte	0x3b1
 927 03ab 0F       		.uleb128 0xf
 928 03ac 2C000000 		.4byte	0x2c
 929 03b0 00       		.byte	0
 930 03b1 03       		.uleb128 0x3
 931 03b2 D0010000 		.4byte	.LASF60
 932 03b6 0B       		.byte	0xb
 933 03b7 34       		.byte	0x34
 934 03b8 BC030000 		.4byte	0x3bc
 935 03bc 05       		.uleb128 0x5
 936 03bd 47040000 		.4byte	.LASF61
 937 03c1 20       		.byte	0x20
 938 03c2 0B       		.byte	0xb
 939 03c3 47       		.byte	0x47
 940 03c4 ED030000 		.4byte	0x3ed
 941 03c8 06       		.uleb128 0x6
 942 03c9 19020000 		.4byte	.LASF62
 943 03cd 0B       		.byte	0xb
 944 03ce 48       		.byte	0x48
 945 03cf 91030000 		.4byte	0x391
 946 03d3 00       		.byte	0
 947 03d4 06       		.uleb128 0x6
 948 03d5 54000000 		.4byte	.LASF63
 949 03d9 0B       		.byte	0xb
 950 03da 4A       		.byte	0x4a
 951 03db 0C040000 		.4byte	0x40c
 952 03df 08       		.byte	0x8
 953 03e0 06       		.uleb128 0x6
 954 03e1 9E000000 		.4byte	.LASF64
 955 03e5 0B       		.byte	0xb
 956 03e6 4C       		.byte	0x4c
 957 03e7 86030000 		.4byte	0x386
 958 03eb 10       		.byte	0x10
 959 03ec 00       		.byte	0
 960 03ed 10       		.uleb128 0x10
 961 03ee 04       		.byte	0x4
 962 03ef 0B       		.byte	0xb
 963 03f0 3C       		.byte	0x3c
 964 03f1 0C040000 		.4byte	0x40c
 965 03f5 11       		.uleb128 0x11
ARM GAS  /tmp/cc7fPFZ4.s 			page 18


 966 03f6 78000000 		.4byte	.LASF65
 967 03fa 0B       		.byte	0xb
 968 03fb 3D       		.byte	0x3d
 969 03fc 2D040000 		.4byte	0x42d
 970 0400 11       		.uleb128 0x11
 971 0401 94030000 		.4byte	.LASF66
 972 0405 0B       		.byte	0xb
 973 0406 3E       		.byte	0x3e
 974 0407 33040000 		.4byte	0x433
 975 040b 00       		.byte	0
 976 040c 12       		.uleb128 0x12
 977 040d 74030000 		.4byte	.LASF88
 978 0411 08       		.byte	0x8
 979 0412 0B       		.byte	0xb
 980 0413 39       		.byte	0x39
 981 0414 2D040000 		.4byte	0x42d
 982 0418 11       		.uleb128 0x11
 983 0419 14010000 		.4byte	.LASF67
 984 041d 0B       		.byte	0xb
 985 041e 3A       		.byte	0x3a
 986 041f 9B020000 		.4byte	0x29b
 987 0423 13       		.uleb128 0x13
 988 0424 6800     		.ascii	"h\000"
 989 0426 0B       		.byte	0xb
 990 0427 41       		.byte	0x41
 991 0428 39040000 		.4byte	0x439
 992 042c 00       		.byte	0
 993 042d 09       		.uleb128 0x9
 994 042e 04       		.byte	0x4
 995 042f 0C040000 		.4byte	0x40c
 996 0433 09       		.uleb128 0x9
 997 0434 04       		.byte	0x4
 998 0435 B1030000 		.4byte	0x3b1
 999 0439 08       		.uleb128 0x8
 1000 043a 08       		.byte	0x8
 1001 043b 0B       		.byte	0xb
 1002 043c 3B       		.byte	0x3b
 1003 043d 58040000 		.4byte	0x458
 1004 0441 07       		.uleb128 0x7
 1005 0442 7500     		.ascii	"u\000"
 1006 0444 0B       		.byte	0xb
 1007 0445 3F       		.byte	0x3f
 1008 0446 ED030000 		.4byte	0x3ed
 1009 044a 00       		.byte	0
 1010 044b 06       		.uleb128 0x6
 1011 044c 41010000 		.4byte	.LASF68
 1012 0450 0B       		.byte	0xb
 1013 0451 40       		.byte	0x40
 1014 0452 2C000000 		.4byte	0x2c
 1015 0456 04       		.byte	0x4
 1016 0457 00       		.byte	0
 1017 0458 10       		.uleb128 0x10
 1018 0459 04       		.byte	0x4
 1019 045a 07       		.byte	0x7
 1020 045b 96       		.byte	0x96
 1021 045c 8D040000 		.4byte	0x48d
 1022 0460 11       		.uleb128 0x11
ARM GAS  /tmp/cc7fPFZ4.s 			page 19


 1023 0461 0D000000 		.4byte	.LASF69
 1024 0465 07       		.byte	0x7
 1025 0466 9D       		.byte	0x9d
 1026 0467 13010000 		.4byte	0x113
 1027 046b 11       		.uleb128 0x11
 1028 046c 4B000000 		.4byte	.LASF70
 1029 0470 07       		.byte	0x7
 1030 0471 A4       		.byte	0xa4
 1031 0472 13010000 		.4byte	0x113
 1032 0476 11       		.uleb128 0x11
 1033 0477 10040000 		.4byte	.LASF71
 1034 047b 07       		.byte	0x7
 1035 047c AB       		.byte	0xab
 1036 047d 99020000 		.4byte	0x299
 1037 0481 11       		.uleb128 0x11
 1038 0482 57030000 		.4byte	.LASF72
 1039 0486 07       		.byte	0x7
 1040 0487 B2       		.byte	0xb2
 1041 0488 1E010000 		.4byte	0x11e
 1042 048c 00       		.byte	0
 1043 048d 09       		.uleb128 0x9
 1044 048e 04       		.byte	0x4
 1045 048f 9A040000 		.4byte	0x49a
 1046 0493 04       		.uleb128 0x4
 1047 0494 01       		.byte	0x1
 1048 0495 08       		.byte	0x8
 1049 0496 A6030000 		.4byte	.LASF73
 1050 049a 14       		.uleb128 0x14
 1051 049b 93040000 		.4byte	0x493
 1052 049f 09       		.uleb128 0x9
 1053 04a0 04       		.byte	0x4
 1054 04a1 86030000 		.4byte	0x386
 1055 04a5 15       		.uleb128 0x15
 1056 04a6 24040000 		.4byte	.LASF74
 1057 04aa 01       		.byte	0x1
 1058 04ab 4B       		.byte	0x4b
 1059 04ac 00000000 		.4byte	.LFB7
 1060 04b0 1C000000 		.4byte	.LFE7-.LFB7
 1061 04b4 01       		.uleb128 0x1
 1062 04b5 9C       		.byte	0x9c
 1063 04b6 CE040000 		.4byte	0x4ce
 1064 04ba 16       		.uleb128 0x16
 1065 04bb 14000000 		.4byte	.LVL0
 1066 04bf D3060000 		.4byte	0x6d3
 1067 04c3 17       		.uleb128 0x17
 1068 04c4 01       		.uleb128 0x1
 1069 04c5 50       		.byte	0x50
 1070 04c6 05       		.uleb128 0x5
 1071 04c7 03       		.byte	0x3
 1072 04c8 10000000 		.4byte	.LANCHOR0+16
 1073 04cc 00       		.byte	0
 1074 04cd 00       		.byte	0
 1075 04ce 15       		.uleb128 0x15
 1076 04cf 6D000000 		.4byte	.LASF75
 1077 04d3 01       		.byte	0x1
 1078 04d4 63       		.byte	0x63
 1079 04d5 00000000 		.4byte	.LFB8
ARM GAS  /tmp/cc7fPFZ4.s 			page 20


 1080 04d9 14000000 		.4byte	.LFE8-.LFB8
 1081 04dd 01       		.uleb128 0x1
 1082 04de 9C       		.byte	0x9c
 1083 04df 32050000 		.4byte	0x532
 1084 04e3 18       		.uleb128 0x18
 1085 04e4 5B000000 		.4byte	.LASF76
 1086 04e8 01       		.byte	0x1
 1087 04e9 63       		.byte	0x63
 1088 04ea 33040000 		.4byte	0x433
 1089 04ee 00000000 		.4byte	.LLST0
 1090 04f2 19       		.uleb128 0x19
 1091 04f3 62756600 		.ascii	"buf\000"
 1092 04f7 01       		.byte	0x1
 1093 04f8 63       		.byte	0x63
 1094 04f9 99020000 		.4byte	0x299
 1095 04fd 2E000000 		.4byte	.LLST1
 1096 0501 18       		.uleb128 0x18
 1097 0502 41010000 		.4byte	.LASF68
 1098 0506 01       		.byte	0x1
 1099 0507 63       		.byte	0x63
 1100 0508 2C000000 		.4byte	0x2c
 1101 050c 4F000000 		.4byte	.LLST2
 1102 0510 1A       		.uleb128 0x1a
 1103 0511 687000   		.ascii	"hp\000"
 1104 0514 01       		.byte	0x1
 1105 0515 64       		.byte	0x64
 1106 0516 2D040000 		.4byte	0x42d
 1107 051a 7D000000 		.4byte	.LLST3
 1108 051e 16       		.uleb128 0x16
 1109 051f 14000000 		.4byte	.LVL5
 1110 0523 D3060000 		.4byte	0x6d3
 1111 0527 17       		.uleb128 0x17
 1112 0528 01       		.uleb128 0x1
 1113 0529 50       		.byte	0x50
 1114 052a 05       		.uleb128 0x5
 1115 052b F3       		.byte	0xf3
 1116 052c 01       		.uleb128 0x1
 1117 052d 50       		.byte	0x50
 1118 052e 23       		.byte	0x23
 1119 052f 10       		.uleb128 0x10
 1120 0530 00       		.byte	0
 1121 0531 00       		.byte	0
 1122 0532 1B       		.uleb128 0x1b
 1123 0533 C4010000 		.4byte	.LASF78
 1124 0537 01       		.byte	0x1
 1125 0538 84       		.byte	0x84
 1126 0539 99020000 		.4byte	0x299
 1127 053d 00000000 		.4byte	.LFB9
 1128 0541 80000000 		.4byte	.LFE9-.LFB9
 1129 0545 01       		.uleb128 0x1
 1130 0546 9C       		.byte	0x9c
 1131 0547 CA050000 		.4byte	0x5ca
 1132 054b 18       		.uleb128 0x18
 1133 054c 5B000000 		.4byte	.LASF76
 1134 0550 01       		.byte	0x1
 1135 0551 84       		.byte	0x84
 1136 0552 33040000 		.4byte	0x433
ARM GAS  /tmp/cc7fPFZ4.s 			page 21


 1137 0556 9E000000 		.4byte	.LLST4
 1138 055a 18       		.uleb128 0x18
 1139 055b 41010000 		.4byte	.LASF68
 1140 055f 01       		.byte	0x1
 1141 0560 84       		.byte	0x84
 1142 0561 2C000000 		.4byte	0x2c
 1143 0565 BC000000 		.4byte	.LLST5
 1144 0569 1A       		.uleb128 0x1a
 1145 056a 717000   		.ascii	"qp\000"
 1146 056d 01       		.byte	0x1
 1147 056e 85       		.byte	0x85
 1148 056f 2D040000 		.4byte	0x42d
 1149 0573 E7000000 		.4byte	.LLST6
 1150 0577 1A       		.uleb128 0x1a
 1151 0578 687000   		.ascii	"hp\000"
 1152 057b 01       		.byte	0x1
 1153 057c 85       		.byte	0x85
 1154 057d 2D040000 		.4byte	0x42d
 1155 0581 10010000 		.4byte	.LLST7
 1156 0585 1A       		.uleb128 0x1a
 1157 0586 667000   		.ascii	"fp\000"
 1158 0589 01       		.byte	0x1
 1159 058a 85       		.byte	0x85
 1160 058b 2D040000 		.4byte	0x42d
 1161 058f 5C010000 		.4byte	.LLST8
 1162 0593 1C       		.uleb128 0x1c
 1163 0594 1C000000 		.4byte	.LVL11
 1164 0598 DE060000 		.4byte	0x6de
 1165 059c A7050000 		.4byte	0x5a7
 1166 05a0 17       		.uleb128 0x17
 1167 05a1 01       		.uleb128 0x1
 1168 05a2 50       		.byte	0x50
 1169 05a3 02       		.uleb128 0x2
 1170 05a4 76       		.byte	0x76
 1171 05a5 10       		.sleb128 16
 1172 05a6 00       		.byte	0
 1173 05a7 1D       		.uleb128 0x1d
 1174 05a8 30000000 		.4byte	.LVL15
 1175 05ac E9060000 		.4byte	0x6e9
 1176 05b0 1E       		.uleb128 0x1e
 1177 05b1 3A000000 		.4byte	.LVL16
 1178 05b5 C0050000 		.4byte	0x5c0
 1179 05b9 17       		.uleb128 0x17
 1180 05ba 01       		.uleb128 0x1
 1181 05bb 50       		.byte	0x50
 1182 05bc 02       		.uleb128 0x2
 1183 05bd 75       		.byte	0x75
 1184 05be 08       		.sleb128 8
 1185 05bf 00       		.byte	0
 1186 05c0 1D       		.uleb128 0x1d
 1187 05c1 5E000000 		.4byte	.LVL20
 1188 05c5 E9060000 		.4byte	0x6e9
 1189 05c9 00       		.byte	0
 1190 05ca 15       		.uleb128 0x15
 1191 05cb B4000000 		.4byte	.LASF77
 1192 05cf 01       		.byte	0x1
 1193 05d0 C2       		.byte	0xc2
ARM GAS  /tmp/cc7fPFZ4.s 			page 22


 1194 05d1 00000000 		.4byte	.LFB10
 1195 05d5 92000000 		.4byte	.LFE10-.LFB10
 1196 05d9 01       		.uleb128 0x1
 1197 05da 9C       		.byte	0x9c
 1198 05db 3E060000 		.4byte	0x63e
 1199 05df 19       		.uleb128 0x19
 1200 05e0 7000     		.ascii	"p\000"
 1201 05e2 01       		.byte	0x1
 1202 05e3 C2       		.byte	0xc2
 1203 05e4 99020000 		.4byte	0x299
 1204 05e8 6F010000 		.4byte	.LLST9
 1205 05ec 1A       		.uleb128 0x1a
 1206 05ed 717000   		.ascii	"qp\000"
 1207 05f0 01       		.byte	0x1
 1208 05f1 C3       		.byte	0xc3
 1209 05f2 2D040000 		.4byte	0x42d
 1210 05f6 B4010000 		.4byte	.LLST10
 1211 05fa 1A       		.uleb128 0x1a
 1212 05fb 687000   		.ascii	"hp\000"
 1213 05fe 01       		.byte	0x1
 1214 05ff C3       		.byte	0xc3
 1215 0600 2D040000 		.4byte	0x42d
 1216 0604 E8010000 		.4byte	.LLST11
 1217 0608 1F       		.uleb128 0x1f
 1218 0609 5B000000 		.4byte	.LASF76
 1219 060d 01       		.byte	0x1
 1220 060e C4       		.byte	0xc4
 1221 060f 33040000 		.4byte	0x433
 1222 0613 26020000 		.4byte	.LLST12
 1223 0617 1C       		.uleb128 0x1c
 1224 0618 16000000 		.4byte	.LVL30
 1225 061c DE060000 		.4byte	0x6de
 1226 0620 2B060000 		.4byte	0x62b
 1227 0624 17       		.uleb128 0x17
 1228 0625 01       		.uleb128 0x1
 1229 0626 50       		.byte	0x50
 1230 0627 02       		.uleb128 0x2
 1231 0628 75       		.byte	0x75
 1232 0629 08       		.sleb128 8
 1233 062a 00       		.byte	0
 1234 062b 20       		.uleb128 0x20
 1235 062c 5E000000 		.4byte	.LVL37
 1236 0630 E9060000 		.4byte	0x6e9
 1237 0634 20       		.uleb128 0x20
 1238 0635 92000000 		.4byte	.LVL39
 1239 0639 E9060000 		.4byte	0x6e9
 1240 063d 00       		.byte	0
 1241 063e 1B       		.uleb128 0x1b
 1242 063f AB030000 		.4byte	.LASF79
 1243 0643 01       		.byte	0x1
 1244 0644 FA       		.byte	0xfa
 1245 0645 2C000000 		.4byte	0x2c
 1246 0649 00000000 		.4byte	.LFB11
 1247 064d 40000000 		.4byte	.LFE11-.LFB11
 1248 0651 01       		.uleb128 0x1
 1249 0652 9C       		.byte	0x9c
 1250 0653 BC060000 		.4byte	0x6bc
ARM GAS  /tmp/cc7fPFZ4.s 			page 23


 1251 0657 18       		.uleb128 0x18
 1252 0658 5B000000 		.4byte	.LASF76
 1253 065c 01       		.byte	0x1
 1254 065d FA       		.byte	0xfa
 1255 065e 33040000 		.4byte	0x433
 1256 0662 52020000 		.4byte	.LLST13
 1257 0666 18       		.uleb128 0x18
 1258 0667 17040000 		.4byte	.LASF80
 1259 066b 01       		.byte	0x1
 1260 066c FA       		.byte	0xfa
 1261 066d BC060000 		.4byte	0x6bc
 1262 0671 B5020000 		.4byte	.LLST14
 1263 0675 1A       		.uleb128 0x1a
 1264 0676 717000   		.ascii	"qp\000"
 1265 0679 01       		.byte	0x1
 1266 067a FB       		.byte	0xfb
 1267 067b 2D040000 		.4byte	0x42d
 1268 067f D3020000 		.4byte	.LLST15
 1269 0683 1A       		.uleb128 0x1a
 1270 0684 6E00     		.ascii	"n\000"
 1271 0686 01       		.byte	0x1
 1272 0687 FC       		.byte	0xfc
 1273 0688 2C000000 		.4byte	0x2c
 1274 068c 33030000 		.4byte	.LLST16
 1275 0690 1A       		.uleb128 0x1a
 1276 0691 737A00   		.ascii	"sz\000"
 1277 0694 01       		.byte	0x1
 1278 0695 FC       		.byte	0xfc
 1279 0696 2C000000 		.4byte	0x2c
 1280 069a 76030000 		.4byte	.LLST17
 1281 069e 1C       		.uleb128 0x1c
 1282 069f 14000000 		.4byte	.LVL42
 1283 06a3 DE060000 		.4byte	0x6de
 1284 06a7 B2060000 		.4byte	0x6b2
 1285 06ab 17       		.uleb128 0x17
 1286 06ac 01       		.uleb128 0x1
 1287 06ad 50       		.byte	0x50
 1288 06ae 02       		.uleb128 0x2
 1289 06af 74       		.byte	0x74
 1290 06b0 10       		.sleb128 16
 1291 06b1 00       		.byte	0
 1292 06b2 1D       		.uleb128 0x1d
 1293 06b3 30000000 		.4byte	.LVL47
 1294 06b7 E9060000 		.4byte	0x6e9
 1295 06bb 00       		.byte	0
 1296 06bc 09       		.uleb128 0x9
 1297 06bd 04       		.byte	0x4
 1298 06be 2C000000 		.4byte	0x2c
 1299 06c2 21       		.uleb128 0x21
 1300 06c3 99030000 		.4byte	.LASF81
 1301 06c7 01       		.byte	0x1
 1302 06c8 44       		.byte	0x44
 1303 06c9 B1030000 		.4byte	0x3b1
 1304 06cd 05       		.uleb128 0x5
 1305 06ce 03       		.byte	0x3
 1306 06cf 00000000 		.4byte	default_heap
 1307 06d3 22       		.uleb128 0x22
ARM GAS  /tmp/cc7fPFZ4.s 			page 24


 1308 06d4 F7030000 		.4byte	.LASF82
 1309 06d8 F7030000 		.4byte	.LASF82
 1310 06dc 09       		.byte	0x9
 1311 06dd 38       		.byte	0x38
 1312 06de 22       		.uleb128 0x22
 1313 06df A5010000 		.4byte	.LASF83
 1314 06e3 A5010000 		.4byte	.LASF83
 1315 06e7 09       		.byte	0x9
 1316 06e8 39       		.byte	0x39
 1317 06e9 22       		.uleb128 0x22
 1318 06ea 61000000 		.4byte	.LASF84
 1319 06ee 61000000 		.4byte	.LASF84
 1320 06f2 09       		.byte	0x9
 1321 06f3 3D       		.byte	0x3d
 1322 06f4 00       		.byte	0
 1323              		.section	.debug_abbrev,"",%progbits
 1324              	.Ldebug_abbrev0:
 1325 0000 01       		.uleb128 0x1
 1326 0001 11       		.uleb128 0x11
 1327 0002 01       		.byte	0x1
 1328 0003 25       		.uleb128 0x25
 1329 0004 0E       		.uleb128 0xe
 1330 0005 13       		.uleb128 0x13
 1331 0006 0B       		.uleb128 0xb
 1332 0007 03       		.uleb128 0x3
 1333 0008 0E       		.uleb128 0xe
 1334 0009 1B       		.uleb128 0x1b
 1335 000a 0E       		.uleb128 0xe
 1336 000b 55       		.uleb128 0x55
 1337 000c 17       		.uleb128 0x17
 1338 000d 11       		.uleb128 0x11
 1339 000e 01       		.uleb128 0x1
 1340 000f 10       		.uleb128 0x10
 1341 0010 17       		.uleb128 0x17
 1342 0011 00       		.byte	0
 1343 0012 00       		.byte	0
 1344 0013 02       		.uleb128 0x2
 1345 0014 24       		.uleb128 0x24
 1346 0015 00       		.byte	0
 1347 0016 0B       		.uleb128 0xb
 1348 0017 0B       		.uleb128 0xb
 1349 0018 3E       		.uleb128 0x3e
 1350 0019 0B       		.uleb128 0xb
 1351 001a 03       		.uleb128 0x3
 1352 001b 08       		.uleb128 0x8
 1353 001c 00       		.byte	0
 1354 001d 00       		.byte	0
 1355 001e 03       		.uleb128 0x3
 1356 001f 16       		.uleb128 0x16
 1357 0020 00       		.byte	0
 1358 0021 03       		.uleb128 0x3
 1359 0022 0E       		.uleb128 0xe
 1360 0023 3A       		.uleb128 0x3a
 1361 0024 0B       		.uleb128 0xb
 1362 0025 3B       		.uleb128 0x3b
 1363 0026 0B       		.uleb128 0xb
 1364 0027 49       		.uleb128 0x49
ARM GAS  /tmp/cc7fPFZ4.s 			page 25


 1365 0028 13       		.uleb128 0x13
 1366 0029 00       		.byte	0
 1367 002a 00       		.byte	0
 1368 002b 04       		.uleb128 0x4
 1369 002c 24       		.uleb128 0x24
 1370 002d 00       		.byte	0
 1371 002e 0B       		.uleb128 0xb
 1372 002f 0B       		.uleb128 0xb
 1373 0030 3E       		.uleb128 0x3e
 1374 0031 0B       		.uleb128 0xb
 1375 0032 03       		.uleb128 0x3
 1376 0033 0E       		.uleb128 0xe
 1377 0034 00       		.byte	0
 1378 0035 00       		.byte	0
 1379 0036 05       		.uleb128 0x5
 1380 0037 13       		.uleb128 0x13
 1381 0038 01       		.byte	0x1
 1382 0039 03       		.uleb128 0x3
 1383 003a 0E       		.uleb128 0xe
 1384 003b 0B       		.uleb128 0xb
 1385 003c 0B       		.uleb128 0xb
 1386 003d 3A       		.uleb128 0x3a
 1387 003e 0B       		.uleb128 0xb
 1388 003f 3B       		.uleb128 0x3b
 1389 0040 0B       		.uleb128 0xb
 1390 0041 01       		.uleb128 0x1
 1391 0042 13       		.uleb128 0x13
 1392 0043 00       		.byte	0
 1393 0044 00       		.byte	0
 1394 0045 06       		.uleb128 0x6
 1395 0046 0D       		.uleb128 0xd
 1396 0047 00       		.byte	0
 1397 0048 03       		.uleb128 0x3
 1398 0049 0E       		.uleb128 0xe
 1399 004a 3A       		.uleb128 0x3a
 1400 004b 0B       		.uleb128 0xb
 1401 004c 3B       		.uleb128 0x3b
 1402 004d 0B       		.uleb128 0xb
 1403 004e 49       		.uleb128 0x49
 1404 004f 13       		.uleb128 0x13
 1405 0050 38       		.uleb128 0x38
 1406 0051 0B       		.uleb128 0xb
 1407 0052 00       		.byte	0
 1408 0053 00       		.byte	0
 1409 0054 07       		.uleb128 0x7
 1410 0055 0D       		.uleb128 0xd
 1411 0056 00       		.byte	0
 1412 0057 03       		.uleb128 0x3
 1413 0058 08       		.uleb128 0x8
 1414 0059 3A       		.uleb128 0x3a
 1415 005a 0B       		.uleb128 0xb
 1416 005b 3B       		.uleb128 0x3b
 1417 005c 0B       		.uleb128 0xb
 1418 005d 49       		.uleb128 0x49
 1419 005e 13       		.uleb128 0x13
 1420 005f 38       		.uleb128 0x38
 1421 0060 0B       		.uleb128 0xb
ARM GAS  /tmp/cc7fPFZ4.s 			page 26


 1422 0061 00       		.byte	0
 1423 0062 00       		.byte	0
 1424 0063 08       		.uleb128 0x8
 1425 0064 13       		.uleb128 0x13
 1426 0065 01       		.byte	0x1
 1427 0066 0B       		.uleb128 0xb
 1428 0067 0B       		.uleb128 0xb
 1429 0068 3A       		.uleb128 0x3a
 1430 0069 0B       		.uleb128 0xb
 1431 006a 3B       		.uleb128 0x3b
 1432 006b 0B       		.uleb128 0xb
 1433 006c 01       		.uleb128 0x1
 1434 006d 13       		.uleb128 0x13
 1435 006e 00       		.byte	0
 1436 006f 00       		.byte	0
 1437 0070 09       		.uleb128 0x9
 1438 0071 0F       		.uleb128 0xf
 1439 0072 00       		.byte	0
 1440 0073 0B       		.uleb128 0xb
 1441 0074 0B       		.uleb128 0xb
 1442 0075 49       		.uleb128 0x49
 1443 0076 13       		.uleb128 0x13
 1444 0077 00       		.byte	0
 1445 0078 00       		.byte	0
 1446 0079 0A       		.uleb128 0xa
 1447 007a 0F       		.uleb128 0xf
 1448 007b 00       		.byte	0
 1449 007c 0B       		.uleb128 0xb
 1450 007d 0B       		.uleb128 0xb
 1451 007e 00       		.byte	0
 1452 007f 00       		.byte	0
 1453 0080 0B       		.uleb128 0xb
 1454 0081 13       		.uleb128 0x13
 1455 0082 01       		.byte	0x1
 1456 0083 03       		.uleb128 0x3
 1457 0084 0E       		.uleb128 0xe
 1458 0085 0B       		.uleb128 0xb
 1459 0086 0B       		.uleb128 0xb
 1460 0087 3A       		.uleb128 0x3a
 1461 0088 0B       		.uleb128 0xb
 1462 0089 3B       		.uleb128 0x3b
 1463 008a 05       		.uleb128 0x5
 1464 008b 01       		.uleb128 0x1
 1465 008c 13       		.uleb128 0x13
 1466 008d 00       		.byte	0
 1467 008e 00       		.byte	0
 1468 008f 0C       		.uleb128 0xc
 1469 0090 0D       		.uleb128 0xd
 1470 0091 00       		.byte	0
 1471 0092 03       		.uleb128 0x3
 1472 0093 08       		.uleb128 0x8
 1473 0094 3A       		.uleb128 0x3a
 1474 0095 0B       		.uleb128 0xb
 1475 0096 3B       		.uleb128 0x3b
 1476 0097 05       		.uleb128 0x5
 1477 0098 49       		.uleb128 0x49
 1478 0099 13       		.uleb128 0x13
ARM GAS  /tmp/cc7fPFZ4.s 			page 27


 1479 009a 38       		.uleb128 0x38
 1480 009b 0B       		.uleb128 0xb
 1481 009c 00       		.byte	0
 1482 009d 00       		.byte	0
 1483 009e 0D       		.uleb128 0xd
 1484 009f 35       		.uleb128 0x35
 1485 00a0 00       		.byte	0
 1486 00a1 49       		.uleb128 0x49
 1487 00a2 13       		.uleb128 0x13
 1488 00a3 00       		.byte	0
 1489 00a4 00       		.byte	0
 1490 00a5 0E       		.uleb128 0xe
 1491 00a6 15       		.uleb128 0x15
 1492 00a7 01       		.byte	0x1
 1493 00a8 27       		.uleb128 0x27
 1494 00a9 19       		.uleb128 0x19
 1495 00aa 49       		.uleb128 0x49
 1496 00ab 13       		.uleb128 0x13
 1497 00ac 01       		.uleb128 0x1
 1498 00ad 13       		.uleb128 0x13
 1499 00ae 00       		.byte	0
 1500 00af 00       		.byte	0
 1501 00b0 0F       		.uleb128 0xf
 1502 00b1 05       		.uleb128 0x5
 1503 00b2 00       		.byte	0
 1504 00b3 49       		.uleb128 0x49
 1505 00b4 13       		.uleb128 0x13
 1506 00b5 00       		.byte	0
 1507 00b6 00       		.byte	0
 1508 00b7 10       		.uleb128 0x10
 1509 00b8 17       		.uleb128 0x17
 1510 00b9 01       		.byte	0x1
 1511 00ba 0B       		.uleb128 0xb
 1512 00bb 0B       		.uleb128 0xb
 1513 00bc 3A       		.uleb128 0x3a
 1514 00bd 0B       		.uleb128 0xb
 1515 00be 3B       		.uleb128 0x3b
 1516 00bf 0B       		.uleb128 0xb
 1517 00c0 01       		.uleb128 0x1
 1518 00c1 13       		.uleb128 0x13
 1519 00c2 00       		.byte	0
 1520 00c3 00       		.byte	0
 1521 00c4 11       		.uleb128 0x11
 1522 00c5 0D       		.uleb128 0xd
 1523 00c6 00       		.byte	0
 1524 00c7 03       		.uleb128 0x3
 1525 00c8 0E       		.uleb128 0xe
 1526 00c9 3A       		.uleb128 0x3a
 1527 00ca 0B       		.uleb128 0xb
 1528 00cb 3B       		.uleb128 0x3b
 1529 00cc 0B       		.uleb128 0xb
 1530 00cd 49       		.uleb128 0x49
 1531 00ce 13       		.uleb128 0x13
 1532 00cf 00       		.byte	0
 1533 00d0 00       		.byte	0
 1534 00d1 12       		.uleb128 0x12
 1535 00d2 17       		.uleb128 0x17
ARM GAS  /tmp/cc7fPFZ4.s 			page 28


 1536 00d3 01       		.byte	0x1
 1537 00d4 03       		.uleb128 0x3
 1538 00d5 0E       		.uleb128 0xe
 1539 00d6 0B       		.uleb128 0xb
 1540 00d7 0B       		.uleb128 0xb
 1541 00d8 3A       		.uleb128 0x3a
 1542 00d9 0B       		.uleb128 0xb
 1543 00da 3B       		.uleb128 0x3b
 1544 00db 0B       		.uleb128 0xb
 1545 00dc 01       		.uleb128 0x1
 1546 00dd 13       		.uleb128 0x13
 1547 00de 00       		.byte	0
 1548 00df 00       		.byte	0
 1549 00e0 13       		.uleb128 0x13
 1550 00e1 0D       		.uleb128 0xd
 1551 00e2 00       		.byte	0
 1552 00e3 03       		.uleb128 0x3
 1553 00e4 08       		.uleb128 0x8
 1554 00e5 3A       		.uleb128 0x3a
 1555 00e6 0B       		.uleb128 0xb
 1556 00e7 3B       		.uleb128 0x3b
 1557 00e8 0B       		.uleb128 0xb
 1558 00e9 49       		.uleb128 0x49
 1559 00ea 13       		.uleb128 0x13
 1560 00eb 00       		.byte	0
 1561 00ec 00       		.byte	0
 1562 00ed 14       		.uleb128 0x14
 1563 00ee 26       		.uleb128 0x26
 1564 00ef 00       		.byte	0
 1565 00f0 49       		.uleb128 0x49
 1566 00f1 13       		.uleb128 0x13
 1567 00f2 00       		.byte	0
 1568 00f3 00       		.byte	0
 1569 00f4 15       		.uleb128 0x15
 1570 00f5 2E       		.uleb128 0x2e
 1571 00f6 01       		.byte	0x1
 1572 00f7 3F       		.uleb128 0x3f
 1573 00f8 19       		.uleb128 0x19
 1574 00f9 03       		.uleb128 0x3
 1575 00fa 0E       		.uleb128 0xe
 1576 00fb 3A       		.uleb128 0x3a
 1577 00fc 0B       		.uleb128 0xb
 1578 00fd 3B       		.uleb128 0x3b
 1579 00fe 0B       		.uleb128 0xb
 1580 00ff 27       		.uleb128 0x27
 1581 0100 19       		.uleb128 0x19
 1582 0101 11       		.uleb128 0x11
 1583 0102 01       		.uleb128 0x1
 1584 0103 12       		.uleb128 0x12
 1585 0104 06       		.uleb128 0x6
 1586 0105 40       		.uleb128 0x40
 1587 0106 18       		.uleb128 0x18
 1588 0107 9742     		.uleb128 0x2117
 1589 0109 19       		.uleb128 0x19
 1590 010a 01       		.uleb128 0x1
 1591 010b 13       		.uleb128 0x13
 1592 010c 00       		.byte	0
ARM GAS  /tmp/cc7fPFZ4.s 			page 29


 1593 010d 00       		.byte	0
 1594 010e 16       		.uleb128 0x16
 1595 010f 898201   		.uleb128 0x4109
 1596 0112 01       		.byte	0x1
 1597 0113 11       		.uleb128 0x11
 1598 0114 01       		.uleb128 0x1
 1599 0115 9542     		.uleb128 0x2115
 1600 0117 19       		.uleb128 0x19
 1601 0118 31       		.uleb128 0x31
 1602 0119 13       		.uleb128 0x13
 1603 011a 00       		.byte	0
 1604 011b 00       		.byte	0
 1605 011c 17       		.uleb128 0x17
 1606 011d 8A8201   		.uleb128 0x410a
 1607 0120 00       		.byte	0
 1608 0121 02       		.uleb128 0x2
 1609 0122 18       		.uleb128 0x18
 1610 0123 9142     		.uleb128 0x2111
 1611 0125 18       		.uleb128 0x18
 1612 0126 00       		.byte	0
 1613 0127 00       		.byte	0
 1614 0128 18       		.uleb128 0x18
 1615 0129 05       		.uleb128 0x5
 1616 012a 00       		.byte	0
 1617 012b 03       		.uleb128 0x3
 1618 012c 0E       		.uleb128 0xe
 1619 012d 3A       		.uleb128 0x3a
 1620 012e 0B       		.uleb128 0xb
 1621 012f 3B       		.uleb128 0x3b
 1622 0130 0B       		.uleb128 0xb
 1623 0131 49       		.uleb128 0x49
 1624 0132 13       		.uleb128 0x13
 1625 0133 02       		.uleb128 0x2
 1626 0134 17       		.uleb128 0x17
 1627 0135 00       		.byte	0
 1628 0136 00       		.byte	0
 1629 0137 19       		.uleb128 0x19
 1630 0138 05       		.uleb128 0x5
 1631 0139 00       		.byte	0
 1632 013a 03       		.uleb128 0x3
 1633 013b 08       		.uleb128 0x8
 1634 013c 3A       		.uleb128 0x3a
 1635 013d 0B       		.uleb128 0xb
 1636 013e 3B       		.uleb128 0x3b
 1637 013f 0B       		.uleb128 0xb
 1638 0140 49       		.uleb128 0x49
 1639 0141 13       		.uleb128 0x13
 1640 0142 02       		.uleb128 0x2
 1641 0143 17       		.uleb128 0x17
 1642 0144 00       		.byte	0
 1643 0145 00       		.byte	0
 1644 0146 1A       		.uleb128 0x1a
 1645 0147 34       		.uleb128 0x34
 1646 0148 00       		.byte	0
 1647 0149 03       		.uleb128 0x3
 1648 014a 08       		.uleb128 0x8
 1649 014b 3A       		.uleb128 0x3a
ARM GAS  /tmp/cc7fPFZ4.s 			page 30


 1650 014c 0B       		.uleb128 0xb
 1651 014d 3B       		.uleb128 0x3b
 1652 014e 0B       		.uleb128 0xb
 1653 014f 49       		.uleb128 0x49
 1654 0150 13       		.uleb128 0x13
 1655 0151 02       		.uleb128 0x2
 1656 0152 17       		.uleb128 0x17
 1657 0153 00       		.byte	0
 1658 0154 00       		.byte	0
 1659 0155 1B       		.uleb128 0x1b
 1660 0156 2E       		.uleb128 0x2e
 1661 0157 01       		.byte	0x1
 1662 0158 3F       		.uleb128 0x3f
 1663 0159 19       		.uleb128 0x19
 1664 015a 03       		.uleb128 0x3
 1665 015b 0E       		.uleb128 0xe
 1666 015c 3A       		.uleb128 0x3a
 1667 015d 0B       		.uleb128 0xb
 1668 015e 3B       		.uleb128 0x3b
 1669 015f 0B       		.uleb128 0xb
 1670 0160 27       		.uleb128 0x27
 1671 0161 19       		.uleb128 0x19
 1672 0162 49       		.uleb128 0x49
 1673 0163 13       		.uleb128 0x13
 1674 0164 11       		.uleb128 0x11
 1675 0165 01       		.uleb128 0x1
 1676 0166 12       		.uleb128 0x12
 1677 0167 06       		.uleb128 0x6
 1678 0168 40       		.uleb128 0x40
 1679 0169 18       		.uleb128 0x18
 1680 016a 9742     		.uleb128 0x2117
 1681 016c 19       		.uleb128 0x19
 1682 016d 01       		.uleb128 0x1
 1683 016e 13       		.uleb128 0x13
 1684 016f 00       		.byte	0
 1685 0170 00       		.byte	0
 1686 0171 1C       		.uleb128 0x1c
 1687 0172 898201   		.uleb128 0x4109
 1688 0175 01       		.byte	0x1
 1689 0176 11       		.uleb128 0x11
 1690 0177 01       		.uleb128 0x1
 1691 0178 31       		.uleb128 0x31
 1692 0179 13       		.uleb128 0x13
 1693 017a 01       		.uleb128 0x1
 1694 017b 13       		.uleb128 0x13
 1695 017c 00       		.byte	0
 1696 017d 00       		.byte	0
 1697 017e 1D       		.uleb128 0x1d
 1698 017f 898201   		.uleb128 0x4109
 1699 0182 00       		.byte	0
 1700 0183 11       		.uleb128 0x11
 1701 0184 01       		.uleb128 0x1
 1702 0185 31       		.uleb128 0x31
 1703 0186 13       		.uleb128 0x13
 1704 0187 00       		.byte	0
 1705 0188 00       		.byte	0
 1706 0189 1E       		.uleb128 0x1e
ARM GAS  /tmp/cc7fPFZ4.s 			page 31


 1707 018a 898201   		.uleb128 0x4109
 1708 018d 01       		.byte	0x1
 1709 018e 11       		.uleb128 0x11
 1710 018f 01       		.uleb128 0x1
 1711 0190 01       		.uleb128 0x1
 1712 0191 13       		.uleb128 0x13
 1713 0192 00       		.byte	0
 1714 0193 00       		.byte	0
 1715 0194 1F       		.uleb128 0x1f
 1716 0195 34       		.uleb128 0x34
 1717 0196 00       		.byte	0
 1718 0197 03       		.uleb128 0x3
 1719 0198 0E       		.uleb128 0xe
 1720 0199 3A       		.uleb128 0x3a
 1721 019a 0B       		.uleb128 0xb
 1722 019b 3B       		.uleb128 0x3b
 1723 019c 0B       		.uleb128 0xb
 1724 019d 49       		.uleb128 0x49
 1725 019e 13       		.uleb128 0x13
 1726 019f 02       		.uleb128 0x2
 1727 01a0 17       		.uleb128 0x17
 1728 01a1 00       		.byte	0
 1729 01a2 00       		.byte	0
 1730 01a3 20       		.uleb128 0x20
 1731 01a4 898201   		.uleb128 0x4109
 1732 01a7 00       		.byte	0
 1733 01a8 11       		.uleb128 0x11
 1734 01a9 01       		.uleb128 0x1
 1735 01aa 9542     		.uleb128 0x2115
 1736 01ac 19       		.uleb128 0x19
 1737 01ad 31       		.uleb128 0x31
 1738 01ae 13       		.uleb128 0x13
 1739 01af 00       		.byte	0
 1740 01b0 00       		.byte	0
 1741 01b1 21       		.uleb128 0x21
 1742 01b2 34       		.uleb128 0x34
 1743 01b3 00       		.byte	0
 1744 01b4 03       		.uleb128 0x3
 1745 01b5 0E       		.uleb128 0xe
 1746 01b6 3A       		.uleb128 0x3a
 1747 01b7 0B       		.uleb128 0xb
 1748 01b8 3B       		.uleb128 0x3b
 1749 01b9 0B       		.uleb128 0xb
 1750 01ba 49       		.uleb128 0x49
 1751 01bb 13       		.uleb128 0x13
 1752 01bc 02       		.uleb128 0x2
 1753 01bd 18       		.uleb128 0x18
 1754 01be 00       		.byte	0
 1755 01bf 00       		.byte	0
 1756 01c0 22       		.uleb128 0x22
 1757 01c1 2E       		.uleb128 0x2e
 1758 01c2 00       		.byte	0
 1759 01c3 3F       		.uleb128 0x3f
 1760 01c4 19       		.uleb128 0x19
 1761 01c5 3C       		.uleb128 0x3c
 1762 01c6 19       		.uleb128 0x19
 1763 01c7 6E       		.uleb128 0x6e
ARM GAS  /tmp/cc7fPFZ4.s 			page 32


 1764 01c8 0E       		.uleb128 0xe
 1765 01c9 03       		.uleb128 0x3
 1766 01ca 0E       		.uleb128 0xe
 1767 01cb 3A       		.uleb128 0x3a
 1768 01cc 0B       		.uleb128 0xb
 1769 01cd 3B       		.uleb128 0x3b
 1770 01ce 0B       		.uleb128 0xb
 1771 01cf 00       		.byte	0
 1772 01d0 00       		.byte	0
 1773 01d1 00       		.byte	0
 1774              		.section	.debug_loc,"",%progbits
 1775              	.Ldebug_loc0:
 1776              	.LLST0:
 1777 0000 00000000 		.4byte	.LVL1
 1778 0004 0C000000 		.4byte	.LVL4
 1779 0008 0100     		.2byte	0x1
 1780 000a 50       		.byte	0x50
 1781 000b 0C000000 		.4byte	.LVL4
 1782 000f 13000000 		.4byte	.LVL5-1
 1783 0013 0300     		.2byte	0x3
 1784 0015 70       		.byte	0x70
 1785 0016 70       		.sleb128 -16
 1786 0017 9F       		.byte	0x9f
 1787 0018 13000000 		.4byte	.LVL5-1
 1788 001c 14000000 		.4byte	.LFE8
 1789 0020 0400     		.2byte	0x4
 1790 0022 F3       		.byte	0xf3
 1791 0023 01       		.uleb128 0x1
 1792 0024 50       		.byte	0x50
 1793 0025 9F       		.byte	0x9f
 1794 0026 00000000 		.4byte	0
 1795 002a 00000000 		.4byte	0
 1796              	.LLST1:
 1797 002e 00000000 		.4byte	.LVL1
 1798 0032 13000000 		.4byte	.LVL5-1
 1799 0036 0100     		.2byte	0x1
 1800 0038 51       		.byte	0x51
 1801 0039 13000000 		.4byte	.LVL5-1
 1802 003d 14000000 		.4byte	.LFE8
 1803 0041 0400     		.2byte	0x4
 1804 0043 F3       		.byte	0xf3
 1805 0044 01       		.uleb128 0x1
 1806 0045 51       		.byte	0x51
 1807 0046 9F       		.byte	0x9f
 1808 0047 00000000 		.4byte	0
 1809 004b 00000000 		.4byte	0
 1810              	.LLST2:
 1811 004f 00000000 		.4byte	.LVL1
 1812 0053 04000000 		.4byte	.LVL2
 1813 0057 0100     		.2byte	0x1
 1814 0059 52       		.byte	0x52
 1815 005a 04000000 		.4byte	.LVL2
 1816 005e 13000000 		.4byte	.LVL5-1
 1817 0062 0300     		.2byte	0x3
 1818 0064 72       		.byte	0x72
 1819 0065 08       		.sleb128 8
 1820 0066 9F       		.byte	0x9f
ARM GAS  /tmp/cc7fPFZ4.s 			page 33


 1821 0067 13000000 		.4byte	.LVL5-1
 1822 006b 14000000 		.4byte	.LFE8
 1823 006f 0400     		.2byte	0x4
 1824 0071 F3       		.byte	0xf3
 1825 0072 01       		.uleb128 0x1
 1826 0073 52       		.byte	0x52
 1827 0074 9F       		.byte	0x9f
 1828 0075 00000000 		.4byte	0
 1829 0079 00000000 		.4byte	0
 1830              	.LLST3:
 1831 007d 08000000 		.4byte	.LVL3
 1832 0081 13000000 		.4byte	.LVL5-1
 1833 0085 0100     		.2byte	0x1
 1834 0087 51       		.byte	0x51
 1835 0088 13000000 		.4byte	.LVL5-1
 1836 008c 14000000 		.4byte	.LFE8
 1837 0090 0400     		.2byte	0x4
 1838 0092 F3       		.byte	0xf3
 1839 0093 01       		.uleb128 0x1
 1840 0094 51       		.byte	0x51
 1841 0095 9F       		.byte	0x9f
 1842 0096 00000000 		.4byte	0
 1843 009a 00000000 		.4byte	0
 1844              	.LLST4:
 1845 009e 00000000 		.4byte	.LVL6
 1846 00a2 0A000000 		.4byte	.LVL7
 1847 00a6 0100     		.2byte	0x1
 1848 00a8 50       		.byte	0x50
 1849 00a9 0A000000 		.4byte	.LVL7
 1850 00ad 80000000 		.4byte	.LFE9
 1851 00b1 0100     		.2byte	0x1
 1852 00b3 56       		.byte	0x56
 1853 00b4 00000000 		.4byte	0
 1854 00b8 00000000 		.4byte	0
 1855              	.LLST5:
 1856 00bc 00000000 		.4byte	.LVL6
 1857 00c0 0C000000 		.4byte	.LVL8
 1858 00c4 0100     		.2byte	0x1
 1859 00c6 51       		.byte	0x51
 1860 00c7 0C000000 		.4byte	.LVL8
 1861 00cb 14000000 		.4byte	.LVL9
 1862 00cf 0300     		.2byte	0x3
 1863 00d1 71       		.byte	0x71
 1864 00d2 79       		.sleb128 -7
 1865 00d3 9F       		.byte	0x9f
 1866 00d4 14000000 		.4byte	.LVL9
 1867 00d8 80000000 		.4byte	.LFE9
 1868 00dc 0100     		.2byte	0x1
 1869 00de 55       		.byte	0x55
 1870 00df 00000000 		.4byte	0
 1871 00e3 00000000 		.4byte	0
 1872              	.LLST6:
 1873 00e7 18000000 		.4byte	.LVL10
 1874 00eb 44000000 		.4byte	.LVL17
 1875 00ef 0100     		.2byte	0x1
 1876 00f1 54       		.byte	0x54
 1877 00f2 48000000 		.4byte	.LVL18
ARM GAS  /tmp/cc7fPFZ4.s 			page 34


 1878 00f6 56000000 		.4byte	.LVL19
 1879 00fa 0100     		.2byte	0x1
 1880 00fc 54       		.byte	0x54
 1881 00fd 62000000 		.4byte	.LVL21
 1882 0101 7A000000 		.4byte	.LVL24
 1883 0105 0100     		.2byte	0x1
 1884 0107 54       		.byte	0x54
 1885 0108 00000000 		.4byte	0
 1886 010c 00000000 		.4byte	0
 1887              	.LLST7:
 1888 0110 1E000000 		.4byte	.LVL12
 1889 0114 26000000 		.4byte	.LVL13
 1890 0118 0100     		.2byte	0x1
 1891 011a 50       		.byte	0x50
 1892 011b 28000000 		.4byte	.LVL14
 1893 011f 2F000000 		.4byte	.LVL15-1
 1894 0123 0100     		.2byte	0x1
 1895 0125 50       		.byte	0x50
 1896 0126 3A000000 		.4byte	.LVL16
 1897 012a 44000000 		.4byte	.LVL17
 1898 012e 0100     		.2byte	0x1
 1899 0130 50       		.byte	0x50
 1900 0131 48000000 		.4byte	.LVL18
 1901 0135 5D000000 		.4byte	.LVL20-1
 1902 0139 0100     		.2byte	0x1
 1903 013b 50       		.byte	0x50
 1904 013c 5D000000 		.4byte	.LVL20-1
 1905 0140 62000000 		.4byte	.LVL21
 1906 0144 0300     		.2byte	0x3
 1907 0146 74       		.byte	0x74
 1908 0147 78       		.sleb128 -8
 1909 0148 9F       		.byte	0x9f
 1910 0149 62000000 		.4byte	.LVL21
 1911 014d 78000000 		.4byte	.LVL23
 1912 0151 0100     		.2byte	0x1
 1913 0153 50       		.byte	0x50
 1914 0154 00000000 		.4byte	0
 1915 0158 00000000 		.4byte	0
 1916              	.LLST8:
 1917 015c 6A000000 		.4byte	.LVL22
 1918 0160 78000000 		.4byte	.LVL23
 1919 0164 0100     		.2byte	0x1
 1920 0166 57       		.byte	0x57
 1921 0167 00000000 		.4byte	0
 1922 016b 00000000 		.4byte	0
 1923              	.LLST9:
 1924 016f 00000000 		.4byte	.LVL25
 1925 0173 0C000000 		.4byte	.LVL27
 1926 0177 0100     		.2byte	0x1
 1927 0179 50       		.byte	0x50
 1928 017a 0C000000 		.4byte	.LVL27
 1929 017e 5A000000 		.4byte	.LVL36
 1930 0182 0100     		.2byte	0x1
 1931 0184 56       		.byte	0x56
 1932 0185 5A000000 		.4byte	.LVL36
 1933 0189 5E000000 		.4byte	.LVL37
 1934 018d 0400     		.2byte	0x4
ARM GAS  /tmp/cc7fPFZ4.s 			page 35


 1935 018f F3       		.byte	0xf3
 1936 0190 01       		.uleb128 0x1
 1937 0191 50       		.byte	0x50
 1938 0192 9F       		.byte	0x9f
 1939 0193 5E000000 		.4byte	.LVL37
 1940 0197 8E000000 		.4byte	.LVL38
 1941 019b 0100     		.2byte	0x1
 1942 019d 56       		.byte	0x56
 1943 019e 8E000000 		.4byte	.LVL38
 1944 01a2 92000000 		.4byte	.LFE10
 1945 01a6 0400     		.2byte	0x4
 1946 01a8 F3       		.byte	0xf3
 1947 01a9 01       		.uleb128 0x1
 1948 01aa 50       		.byte	0x50
 1949 01ab 9F       		.byte	0x9f
 1950 01ac 00000000 		.4byte	0
 1951 01b0 00000000 		.4byte	0
 1952              	.LLST10:
 1953 01b4 10000000 		.4byte	.LVL28
 1954 01b8 18000000 		.4byte	.LVL31
 1955 01bc 0100     		.2byte	0x1
 1956 01be 55       		.byte	0x55
 1957 01bf 18000000 		.4byte	.LVL31
 1958 01c3 30000000 		.4byte	.LVL33
 1959 01c7 0100     		.2byte	0x1
 1960 01c9 53       		.byte	0x53
 1961 01ca 32000000 		.4byte	.LVL34
 1962 01ce 5D000000 		.4byte	.LVL37-1
 1963 01d2 0100     		.2byte	0x1
 1964 01d4 53       		.byte	0x53
 1965 01d5 5E000000 		.4byte	.LVL37
 1966 01d9 91000000 		.4byte	.LVL39-1
 1967 01dd 0100     		.2byte	0x1
 1968 01df 53       		.byte	0x53
 1969 01e0 00000000 		.4byte	0
 1970 01e4 00000000 		.4byte	0
 1971              	.LLST11:
 1972 01e8 08000000 		.4byte	.LVL26
 1973 01ec 5A000000 		.4byte	.LVL36
 1974 01f0 0100     		.2byte	0x1
 1975 01f2 54       		.byte	0x54
 1976 01f3 5A000000 		.4byte	.LVL36
 1977 01f7 5E000000 		.4byte	.LVL37
 1978 01fb 0600     		.2byte	0x6
 1979 01fd F3       		.byte	0xf3
 1980 01fe 01       		.uleb128 0x1
 1981 01ff 50       		.byte	0x50
 1982 0200 38       		.byte	0x38
 1983 0201 1C       		.byte	0x1c
 1984 0202 9F       		.byte	0x9f
 1985 0203 5E000000 		.4byte	.LVL37
 1986 0207 8E000000 		.4byte	.LVL38
 1987 020b 0100     		.2byte	0x1
 1988 020d 54       		.byte	0x54
 1989 020e 8E000000 		.4byte	.LVL38
 1990 0212 92000000 		.4byte	.LFE10
 1991 0216 0600     		.2byte	0x6
ARM GAS  /tmp/cc7fPFZ4.s 			page 36


 1992 0218 F3       		.byte	0xf3
 1993 0219 01       		.uleb128 0x1
 1994 021a 50       		.byte	0x50
 1995 021b 38       		.byte	0x38
 1996 021c 1C       		.byte	0x1c
 1997 021d 9F       		.byte	0x9f
 1998 021e 00000000 		.4byte	0
 1999 0222 00000000 		.4byte	0
 2000              	.LLST12:
 2001 0226 0C000000 		.4byte	.LVL27
 2002 022a 12000000 		.4byte	.LVL29
 2003 022e 0100     		.2byte	0x1
 2004 0230 50       		.byte	0x50
 2005 0231 12000000 		.4byte	.LVL29
 2006 0235 15000000 		.4byte	.LVL30-1
 2007 0239 0200     		.2byte	0x2
 2008 023b 74       		.byte	0x74
 2009 023c 00       		.sleb128 0
 2010 023d 15000000 		.4byte	.LVL30-1
 2011 0241 40000000 		.4byte	.LVL35
 2012 0245 0300     		.2byte	0x3
 2013 0247 75       		.byte	0x75
 2014 0248 78       		.sleb128 -8
 2015 0249 9F       		.byte	0x9f
 2016 024a 00000000 		.4byte	0
 2017 024e 00000000 		.4byte	0
 2018              	.LLST13:
 2019 0252 00000000 		.4byte	.LVL40
 2020 0256 0A000000 		.4byte	.LVL41
 2021 025a 0100     		.2byte	0x1
 2022 025c 50       		.byte	0x50
 2023 025d 0A000000 		.4byte	.LVL41
 2024 0261 1C000000 		.4byte	.LVL43
 2025 0265 0100     		.2byte	0x1
 2026 0267 54       		.byte	0x54
 2027 0268 1C000000 		.4byte	.LVL43
 2028 026c 34000000 		.4byte	.LVL48
 2029 0270 1300     		.2byte	0x13
 2030 0272 F3       		.byte	0xf3
 2031 0273 01       		.uleb128 0x1
 2032 0274 50       		.byte	0x50
 2033 0275 03       		.byte	0x3
 2034 0276 00000000 		.4byte	.LANCHOR0
 2035 027a F3       		.byte	0xf3
 2036 027b 01       		.uleb128 0x1
 2037 027c 50       		.byte	0x50
 2038 027d 30       		.byte	0x30
 2039 027e 2E       		.byte	0x2e
 2040 027f 28       		.byte	0x28
 2041 0280 0100     		.2byte	0x1
 2042 0282 16       		.byte	0x16
 2043 0283 13       		.byte	0x13
 2044 0284 9F       		.byte	0x9f
 2045 0285 34000000 		.4byte	.LVL48
 2046 0289 38000000 		.4byte	.LVL49
 2047 028d 0100     		.2byte	0x1
 2048 028f 54       		.byte	0x54
ARM GAS  /tmp/cc7fPFZ4.s 			page 37


 2049 0290 38000000 		.4byte	.LVL49
 2050 0294 40000000 		.4byte	.LFE11
 2051 0298 1300     		.2byte	0x13
 2052 029a F3       		.byte	0xf3
 2053 029b 01       		.uleb128 0x1
 2054 029c 50       		.byte	0x50
 2055 029d 03       		.byte	0x3
 2056 029e 00000000 		.4byte	.LANCHOR0
 2057 02a2 F3       		.byte	0xf3
 2058 02a3 01       		.uleb128 0x1
 2059 02a4 50       		.byte	0x50
 2060 02a5 30       		.byte	0x30
 2061 02a6 2E       		.byte	0x2e
 2062 02a7 28       		.byte	0x28
 2063 02a8 0100     		.2byte	0x1
 2064 02aa 16       		.byte	0x16
 2065 02ab 13       		.byte	0x13
 2066 02ac 9F       		.byte	0x9f
 2067 02ad 00000000 		.4byte	0
 2068 02b1 00000000 		.4byte	0
 2069              	.LLST14:
 2070 02b5 00000000 		.4byte	.LVL40
 2071 02b9 13000000 		.4byte	.LVL42-1
 2072 02bd 0100     		.2byte	0x1
 2073 02bf 51       		.byte	0x51
 2074 02c0 13000000 		.4byte	.LVL42-1
 2075 02c4 40000000 		.4byte	.LFE11
 2076 02c8 0100     		.2byte	0x1
 2077 02ca 55       		.byte	0x55
 2078 02cb 00000000 		.4byte	0
 2079 02cf 00000000 		.4byte	0
 2080              	.LLST15:
 2081 02d3 14000000 		.4byte	.LVL42
 2082 02d7 1C000000 		.4byte	.LVL43
 2083 02db 0300     		.2byte	0x3
 2084 02dd 74       		.byte	0x74
 2085 02de 08       		.sleb128 8
 2086 02df 9F       		.byte	0x9f
 2087 02e0 1C000000 		.4byte	.LVL43
 2088 02e4 24000000 		.4byte	.LVL45
 2089 02e8 1500     		.2byte	0x15
 2090 02ea F3       		.byte	0xf3
 2091 02eb 01       		.uleb128 0x1
 2092 02ec 50       		.byte	0x50
 2093 02ed 03       		.byte	0x3
 2094 02ee 00000000 		.4byte	.LANCHOR0
 2095 02f2 F3       		.byte	0xf3
 2096 02f3 01       		.uleb128 0x1
 2097 02f4 50       		.byte	0x50
 2098 02f5 30       		.byte	0x30
 2099 02f6 2E       		.byte	0x2e
 2100 02f7 28       		.byte	0x28
 2101 02f8 0100     		.2byte	0x1
 2102 02fa 16       		.byte	0x16
 2103 02fb 13       		.byte	0x13
 2104 02fc 23       		.byte	0x23
 2105 02fd 08       		.uleb128 0x8
ARM GAS  /tmp/cc7fPFZ4.s 			page 38


 2106 02fe 9F       		.byte	0x9f
 2107 02ff 34000000 		.4byte	.LVL48
 2108 0303 38000000 		.4byte	.LVL49
 2109 0307 0300     		.2byte	0x3
 2110 0309 74       		.byte	0x74
 2111 030a 08       		.sleb128 8
 2112 030b 9F       		.byte	0x9f
 2113 030c 38000000 		.4byte	.LVL49
 2114 0310 40000000 		.4byte	.LFE11
 2115 0314 1500     		.2byte	0x15
 2116 0316 F3       		.byte	0xf3
 2117 0317 01       		.uleb128 0x1
 2118 0318 50       		.byte	0x50
 2119 0319 03       		.byte	0x3
 2120 031a 00000000 		.4byte	.LANCHOR0
 2121 031e F3       		.byte	0xf3
 2122 031f 01       		.uleb128 0x1
 2123 0320 50       		.byte	0x50
 2124 0321 30       		.byte	0x30
 2125 0322 2E       		.byte	0x2e
 2126 0323 28       		.byte	0x28
 2127 0324 0100     		.2byte	0x1
 2128 0326 16       		.byte	0x16
 2129 0327 13       		.byte	0x13
 2130 0328 23       		.byte	0x23
 2131 0329 08       		.uleb128 0x8
 2132 032a 9F       		.byte	0x9f
 2133 032b 00000000 		.4byte	0
 2134 032f 00000000 		.4byte	0
 2135              	.LLST16:
 2136 0333 14000000 		.4byte	.LVL42
 2137 0337 1C000000 		.4byte	.LVL43
 2138 033b 0200     		.2byte	0x2
 2139 033d 30       		.byte	0x30
 2140 033e 9F       		.byte	0x9f
 2141 033f 1C000000 		.4byte	.LVL43
 2142 0343 22000000 		.4byte	.LVL44
 2143 0347 0100     		.2byte	0x1
 2144 0349 54       		.byte	0x54
 2145 034a 22000000 		.4byte	.LVL44
 2146 034e 24000000 		.4byte	.LVL45
 2147 0352 0300     		.2byte	0x3
 2148 0354 74       		.byte	0x74
 2149 0355 7F       		.sleb128 -1
 2150 0356 9F       		.byte	0x9f
 2151 0357 24000000 		.4byte	.LVL45
 2152 035b 28000000 		.4byte	.LVL46
 2153 035f 0100     		.2byte	0x1
 2154 0361 54       		.byte	0x54
 2155 0362 34000000 		.4byte	.LVL48
 2156 0366 40000000 		.4byte	.LFE11
 2157 036a 0200     		.2byte	0x2
 2158 036c 30       		.byte	0x30
 2159 036d 9F       		.byte	0x9f
 2160 036e 00000000 		.4byte	0
 2161 0372 00000000 		.4byte	0
 2162              	.LLST17:
ARM GAS  /tmp/cc7fPFZ4.s 			page 39


 2163 0376 14000000 		.4byte	.LVL42
 2164 037a 1C000000 		.4byte	.LVL43
 2165 037e 0200     		.2byte	0x2
 2166 0380 30       		.byte	0x30
 2167 0381 9F       		.byte	0x9f
 2168 0382 1C000000 		.4byte	.LVL43
 2169 0386 28000000 		.4byte	.LVL46
 2170 038a 0100     		.2byte	0x1
 2171 038c 52       		.byte	0x52
 2172 038d 34000000 		.4byte	.LVL48
 2173 0391 40000000 		.4byte	.LFE11
 2174 0395 0200     		.2byte	0x2
 2175 0397 30       		.byte	0x30
 2176 0398 9F       		.byte	0x9f
 2177 0399 00000000 		.4byte	0
 2178 039d 00000000 		.4byte	0
 2179              		.section	.debug_aranges,"",%progbits
 2180 0000 3C000000 		.4byte	0x3c
 2181 0004 0200     		.2byte	0x2
 2182 0006 00000000 		.4byte	.Ldebug_info0
 2183 000a 04       		.byte	0x4
 2184 000b 00       		.byte	0
 2185 000c 0000     		.2byte	0
 2186 000e 0000     		.2byte	0
 2187 0010 00000000 		.4byte	.LFB7
 2188 0014 1C000000 		.4byte	.LFE7-.LFB7
 2189 0018 00000000 		.4byte	.LFB8
 2190 001c 14000000 		.4byte	.LFE8-.LFB8
 2191 0020 00000000 		.4byte	.LFB9
 2192 0024 80000000 		.4byte	.LFE9-.LFB9
 2193 0028 00000000 		.4byte	.LFB10
 2194 002c 92000000 		.4byte	.LFE10-.LFB10
 2195 0030 00000000 		.4byte	.LFB11
 2196 0034 40000000 		.4byte	.LFE11-.LFB11
 2197 0038 00000000 		.4byte	0
 2198 003c 00000000 		.4byte	0
 2199              		.section	.debug_ranges,"",%progbits
 2200              	.Ldebug_ranges0:
 2201 0000 00000000 		.4byte	.LFB7
 2202 0004 1C000000 		.4byte	.LFE7
 2203 0008 00000000 		.4byte	.LFB8
 2204 000c 14000000 		.4byte	.LFE8
 2205 0010 00000000 		.4byte	.LFB9
 2206 0014 80000000 		.4byte	.LFE9
 2207 0018 00000000 		.4byte	.LFB10
 2208 001c 92000000 		.4byte	.LFE10
 2209 0020 00000000 		.4byte	.LFB11
 2210 0024 40000000 		.4byte	.LFE11
 2211 0028 00000000 		.4byte	0
 2212 002c 00000000 		.4byte	0
 2213              		.section	.debug_line,"",%progbits
 2214              	.Ldebug_line0:
 2215 0000 D6020000 		.section	.debug_str,"MS",%progbits,1
 2215      0200EC01 
 2215      00000201 
 2215      FB0E0D00 
 2215      01010101 
ARM GAS  /tmp/cc7fPFZ4.s 			page 40


 2216              	.LASF43:
 2217 0000 705F6D73 		.ascii	"p_msg\000"
 2217      6700
 2218              	.LASF4:
 2219 0006 73697A65 		.ascii	"size_t\000"
 2219      5F7400
 2220              	.LASF69:
 2221 000d 7264796D 		.ascii	"rdymsg\000"
 2221      736700
 2222              	.LASF18:
 2223 0014 75696E74 		.ascii	"uint64_t\000"
 2223      36345F74 
 2223      00
 2224              	.LASF5:
 2225 001d 5F5F7569 		.ascii	"__uint8_t\000"
 2225      6E74385F 
 2225      7400
 2226              	.LASF59:
 2227 0027 6D656D67 		.ascii	"memgetfunc_t\000"
 2227      65746675 
 2227      6E635F74 
 2227      00
 2228              	.LASF14:
 2229 0034 6C6F6E67 		.ascii	"long long unsigned int\000"
 2229      206C6F6E 
 2229      6720756E 
 2229      7369676E 
 2229      65642069 
 2230              	.LASF70:
 2231 004b 65786974 		.ascii	"exitcode\000"
 2231      636F6465 
 2231      00
 2232              	.LASF63:
 2233 0054 685F6672 		.ascii	"h_free\000"
 2233      656500
 2234              	.LASF76:
 2235 005b 68656170 		.ascii	"heapp\000"
 2235      7000
 2236              	.LASF84:
 2237 0061 63684D74 		.ascii	"chMtxUnlock\000"
 2237      78556E6C 
 2237      6F636B00 
 2238              	.LASF75:
 2239 006d 63684865 		.ascii	"chHeapInit\000"
 2239      6170496E 
 2239      697400
 2240              	.LASF65:
 2241 0078 6E657874 		.ascii	"next\000"
 2241      00
 2242              	.LASF31:
 2243 007d 705F7072 		.ascii	"p_prio\000"
 2243      696F00
 2244              	.LASF1:
 2245 0084 6C6F6E67 		.ascii	"long long int\000"
 2245      206C6F6E 
 2245      6720696E 
 2245      7400
ARM GAS  /tmp/cc7fPFZ4.s 			page 41


 2246              	.LASF3:
 2247 0092 7369676E 		.ascii	"signed char\000"
 2247      65642063 
 2247      68617200 
 2248              	.LASF64:
 2249 009e 685F6D74 		.ascii	"h_mtx\000"
 2249      7800
 2250              	.LASF47:
 2251 00a4 705F6D70 		.ascii	"p_mpool\000"
 2251      6F6F6C00 
 2252              	.LASF56:
 2253 00ac 6D5F7175 		.ascii	"m_queue\000"
 2253      65756500 
 2254              	.LASF77:
 2255 00b4 63684865 		.ascii	"chHeapFree\000"
 2255      61704672 
 2255      656500
 2256              	.LASF23:
 2257 00bf 74736C69 		.ascii	"tslices_t\000"
 2257      6365735F 
 2257      7400
 2258              	.LASF10:
 2259 00c9 6C6F6E67 		.ascii	"long int\000"
 2259      20696E74 
 2259      00
 2260              	.LASF86:
 2261 00d2 2E2E2F2E 		.ascii	"../../os/kernel/src/chheap.c\000"
 2261      2E2F6F73 
 2261      2F6B6572 
 2261      6E656C2F 
 2261      7372632F 
 2262              	.LASF21:
 2263 00ef 74737461 		.ascii	"tstate_t\000"
 2263      74655F74 
 2263      00
 2264              	.LASF33:
 2265 00f8 705F6E65 		.ascii	"p_newer\000"
 2265      77657200 
 2266              	.LASF11:
 2267 0100 5F5F7569 		.ascii	"__uint32_t\000"
 2267      6E743332 
 2267      5F7400
 2268              	.LASF50:
 2269 010b 72656761 		.ascii	"regarm_t\000"
 2269      726D5F74 
 2269      00
 2270              	.LASF67:
 2271 0114 616C6967 		.ascii	"align\000"
 2271      6E00
 2272              	.LASF0:
 2273 011a 756E7369 		.ascii	"unsigned int\000"
 2273      676E6564 
 2273      20696E74 
 2273      00
 2274              	.LASF12:
 2275 0127 6C6F6E67 		.ascii	"long unsigned int\000"
 2275      20756E73 
ARM GAS  /tmp/cc7fPFZ4.s 			page 42


 2275      69676E65 
 2275      6420696E 
 2275      7400
 2276              	.LASF53:
 2277 0139 636F6E74 		.ascii	"context\000"
 2277      65787400 
 2278              	.LASF68:
 2279 0141 73697A65 		.ascii	"size\000"
 2279      00
 2280              	.LASF8:
 2281 0146 73686F72 		.ascii	"short unsigned int\000"
 2281      7420756E 
 2281      7369676E 
 2281      65642069 
 2281      6E7400
 2282              	.LASF25:
 2283 0159 6D73675F 		.ascii	"msg_t\000"
 2283      7400
 2284              	.LASF20:
 2285 015f 746D6F64 		.ascii	"tmode_t\000"
 2285      655F7400 
 2286              	.LASF49:
 2287 0167 54687265 		.ascii	"ThreadsList\000"
 2287      6164734C 
 2287      69737400 
 2288              	.LASF26:
 2289 0173 6576656E 		.ascii	"eventmask_t\000"
 2289      746D6173 
 2289      6B5F7400 
 2290              	.LASF55:
 2291 017f 4D757465 		.ascii	"Mutex\000"
 2291      7800
 2292              	.LASF51:
 2293 0185 73746B61 		.ascii	"stkalign_t\000"
 2293      6C69676E 
 2293      5F7400
 2294              	.LASF54:
 2295 0190 73697A65 		.ascii	"sizetype\000"
 2295      74797065 
 2295      00
 2296              	.LASF2:
 2297 0199 6C6F6E67 		.ascii	"long double\000"
 2297      20646F75 
 2297      626C6500 
 2298              	.LASF83:
 2299 01a5 63684D74 		.ascii	"chMtxLock\000"
 2299      784C6F63 
 2299      6B00
 2300              	.LASF34:
 2301 01af 705F6F6C 		.ascii	"p_older\000"
 2301      64657200 
 2302              	.LASF48:
 2303 01b7 54687265 		.ascii	"ThreadsQueue\000"
 2303      61647351 
 2303      75657565 
 2303      00
 2304              	.LASF78:
ARM GAS  /tmp/cc7fPFZ4.s 			page 43


 2305 01c4 63684865 		.ascii	"chHeapAlloc\000"
 2305      6170416C 
 2305      6C6F6300 
 2306              	.LASF60:
 2307 01d0 4D656D6F 		.ascii	"MemoryHeap\000"
 2307      72794865 
 2307      617000
 2308              	.LASF13:
 2309 01db 5F5F7569 		.ascii	"__uint64_t\000"
 2309      6E743634 
 2309      5F7400
 2310              	.LASF22:
 2311 01e6 74726566 		.ascii	"trefs_t\000"
 2311      735F7400 
 2312              	.LASF30:
 2313 01ee 705F7072 		.ascii	"p_prev\000"
 2313      657600
 2314              	.LASF24:
 2315 01f5 74707269 		.ascii	"tprio_t\000"
 2315      6F5F7400 
 2316              	.LASF19:
 2317 01fd 5F426F6F 		.ascii	"_Bool\000"
 2317      6C00
 2318              	.LASF16:
 2319 0203 696E7433 		.ascii	"int32_t\000"
 2319      325F7400 
 2320              	.LASF6:
 2321 020b 756E7369 		.ascii	"unsigned char\000"
 2321      676E6564 
 2321      20636861 
 2321      7200
 2322              	.LASF62:
 2323 0219 685F7072 		.ascii	"h_provider\000"
 2323      6F766964 
 2323      657200
 2324              	.LASF87:
 2325 0224 2F686F6D 		.ascii	"/home/lithium/Documentos/ChibiOS_2.6.8/demos/ESPv1\000"
 2325      652F6C69 
 2325      74686975 
 2325      6D2F446F 
 2325      63756D65 
 2326              	.LASF45:
 2327 0257 705F6D74 		.ascii	"p_mtxlist\000"
 2327      786C6973 
 2327      7400
 2328              	.LASF7:
 2329 0261 73686F72 		.ascii	"short int\000"
 2329      7420696E 
 2329      7400
 2330              	.LASF36:
 2331 026b 705F7374 		.ascii	"p_state\000"
 2331      61746500 
 2332              	.LASF39:
 2333 0273 705F7072 		.ascii	"p_preempt\000"
 2333      65656D70 
 2333      7400
 2334              	.LASF85:
ARM GAS  /tmp/cc7fPFZ4.s 			page 44


 2335 027d 474E5520 		.ascii	"GNU C11 5.3.1 20160307 (release) [ARM/embedded-5-br"
 2335      43313120 
 2335      352E332E 
 2335      31203230 
 2335      31363033 
 2336 02b0 616E6368 		.ascii	"anch revision 234589] -mcpu=cortex-m4 -mno-thumb-in"
 2336      20726576 
 2336      6973696F 
 2336      6E203233 
 2336      34353839 
 2337 02e3 74657277 		.ascii	"terwork -mthumb -ggdb -O2 -fomit-frame-pointer -fal"
 2337      6F726B20 
 2337      2D6D7468 
 2337      756D6220 
 2337      2D676764 
 2338 0316 69676E2D 		.ascii	"ign-functions=16 -ffunction-sections -fdata-section"
 2338      66756E63 
 2338      74696F6E 
 2338      733D3136 
 2338      202D6666 
 2339 0349 73202D66 		.ascii	"s -fno-common\000"
 2339      6E6F2D63 
 2339      6F6D6D6F 
 2339      6E00
 2340              	.LASF72:
 2341 0357 65776D61 		.ascii	"ewmask\000"
 2341      736B00
 2342              	.LASF29:
 2343 035e 705F6E65 		.ascii	"p_next\000"
 2343      787400
 2344              	.LASF37:
 2345 0365 705F666C 		.ascii	"p_flags\000"
 2345      61677300 
 2346              	.LASF28:
 2347 036d 54687265 		.ascii	"Thread\000"
 2347      616400
 2348              	.LASF88:
 2349 0374 68656170 		.ascii	"heap_header\000"
 2349      5F686561 
 2349      64657200 
 2350              	.LASF44:
 2351 0380 705F6570 		.ascii	"p_epending\000"
 2351      656E6469 
 2351      6E6700
 2352              	.LASF17:
 2353 038b 75696E74 		.ascii	"uint32_t\000"
 2353      33325F74 
 2353      00
 2354              	.LASF66:
 2355 0394 68656170 		.ascii	"heap\000"
 2355      00
 2356              	.LASF81:
 2357 0399 64656661 		.ascii	"default_heap\000"
 2357      756C745F 
 2357      68656170 
 2357      00
 2358              	.LASF73:
ARM GAS  /tmp/cc7fPFZ4.s 			page 45


 2359 03a6 63686172 		.ascii	"char\000"
 2359      00
 2360              	.LASF79:
 2361 03ab 63684865 		.ascii	"chHeapStatus\000"
 2361      61705374 
 2361      61747573 
 2361      00
 2362              	.LASF58:
 2363 03b8 6D5F6E65 		.ascii	"m_next\000"
 2363      787400
 2364              	.LASF27:
 2365 03bf 73797374 		.ascii	"systime_t\000"
 2365      696D655F 
 2365      7400
 2366              	.LASF46:
 2367 03c9 705F7265 		.ascii	"p_realprio\000"
 2367      616C7072 
 2367      696F00
 2368              	.LASF9:
 2369 03d4 5F5F696E 		.ascii	"__int32_t\000"
 2369      7433325F 
 2369      7400
 2370              	.LASF40:
 2371 03de 705F7469 		.ascii	"p_time\000"
 2371      6D6500
 2372              	.LASF52:
 2373 03e5 696E7463 		.ascii	"intctx\000"
 2373      747800
 2374              	.LASF42:
 2375 03ec 705F6D73 		.ascii	"p_msgqueue\000"
 2375      67717565 
 2375      756500
 2376              	.LASF82:
 2377 03f7 63684D74 		.ascii	"chMtxInit\000"
 2377      78496E69 
 2377      7400
 2378              	.LASF38:
 2379 0401 705F7265 		.ascii	"p_refs\000"
 2379      667300
 2380              	.LASF15:
 2381 0408 75696E74 		.ascii	"uint8_t\000"
 2381      385F7400 
 2382              	.LASF71:
 2383 0410 77746F62 		.ascii	"wtobjp\000"
 2383      6A7000
 2384              	.LASF80:
 2385 0417 73697A65 		.ascii	"sizep\000"
 2385      7000
 2386              	.LASF35:
 2387 041d 705F6E61 		.ascii	"p_name\000"
 2387      6D6500
 2388              	.LASF74:
 2389 0424 5F686561 		.ascii	"_heap_init\000"
 2389      705F696E 
 2389      697400
 2390              	.LASF57:
 2391 042f 6D5F6F77 		.ascii	"m_owner\000"
ARM GAS  /tmp/cc7fPFZ4.s 			page 46


 2391      6E657200 
 2392              	.LASF32:
 2393 0437 705F6374 		.ascii	"p_ctx\000"
 2393      7800
 2394              	.LASF41:
 2395 043d 705F7761 		.ascii	"p_waiting\000"
 2395      6974696E 
 2395      6700
 2396              	.LASF61:
 2397 0447 6D656D6F 		.ascii	"memory_heap\000"
 2397      72795F68 
 2397      65617000 
 2398              		.ident	"GCC: (GNU Tools for ARM Embedded Processors) 5.3.1 20160307 (release) [ARM/embedded-5-bran
ARM GAS  /tmp/cc7fPFZ4.s 			page 47


DEFINED SYMBOLS
                            *ABS*:00000000 chheap.c
     /tmp/cc7fPFZ4.s:20     .text._heap_init:00000000 $t
     /tmp/cc7fPFZ4.s:26     .text._heap_init:00000000 _heap_init
     /tmp/cc7fPFZ4.s:51     .text._heap_init:00000014 $d
     /tmp/cc7fPFZ4.s:57     .text.chHeapInit:00000000 $t
     /tmp/cc7fPFZ4.s:63     .text.chHeapInit:00000000 chHeapInit
     /tmp/cc7fPFZ4.s:97     .text.chHeapAlloc:00000000 $t
     /tmp/cc7fPFZ4.s:103    .text.chHeapAlloc:00000000 chHeapAlloc
     /tmp/cc7fPFZ4.s:226    .text.chHeapAlloc:0000007c $d
     /tmp/cc7fPFZ4.s:231    .text.chHeapFree:00000000 $t
     /tmp/cc7fPFZ4.s:237    .text.chHeapFree:00000000 chHeapFree
     /tmp/cc7fPFZ4.s:367    .text.chHeapStatus:00000000 $t
     /tmp/cc7fPFZ4.s:373    .text.chHeapStatus:00000000 chHeapStatus
     /tmp/cc7fPFZ4.s:443    .text.chHeapStatus:0000003c $d
     /tmp/cc7fPFZ4.s:448    .bss.default_heap:00000000 $d
     /tmp/cc7fPFZ4.s:452    .bss.default_heap:00000000 default_heap
                     .debug_frame:00000010 $d

UNDEFINED SYMBOLS
chMtxInit
chCoreAlloc
chMtxLock
chMtxUnlock
