ARM GAS  /tmp/ccD4Xo19.s 			page 1


   1              		.syntax unified
   2              		.cpu cortex-m4
   3              		.fpu softvfp
   4              		.eabi_attribute 20, 1
   5              		.eabi_attribute 21, 1
   6              		.eabi_attribute 23, 3
   7              		.eabi_attribute 24, 1
   8              		.eabi_attribute 25, 1
   9              		.eabi_attribute 26, 1
  10              		.eabi_attribute 30, 2
  11              		.eabi_attribute 34, 1
  12              		.eabi_attribute 18, 4
  13              		.thumb
  14              		.syntax unified
  15              		.file	"chmempools.c"
  16              		.text
  17              	.Ltext0:
  18              		.cfi_sections	.debug_frame
  19              		.section	.text.chPoolInit,"ax",%progbits
  20              		.align	2
  21              		.p2align 4,,15
  22              		.global	chPoolInit
  23              		.thumb
  24              		.thumb_func
  25              		.type	chPoolInit, %function
  26              	chPoolInit:
  27              	.LFB7:
  28              		.file 1 "../../os/kernel/src/chmempools.c"
  29              		.loc 1 62 0
  30              		.cfi_startproc
  31              		@ args = 0, pretend = 0, frame = 0
  32              		@ frame_needed = 0, uses_anonymous_args = 0
  33              		@ link register save eliminated.
  34              	.LVL0:
  35              		.loc 1 66 0
  36 0000 0023     		movs	r3, #0
  37              		.loc 1 67 0
  38 0002 4160     		str	r1, [r0, #4]
  39              		.loc 1 68 0
  40 0004 8260     		str	r2, [r0, #8]
  41              		.loc 1 66 0
  42 0006 0360     		str	r3, [r0]
  43 0008 7047     		bx	lr
  44              		.cfi_endproc
  45              	.LFE7:
  46              		.size	chPoolInit, .-chPoolInit
  47 000a 00BF     		.section	.text.chPoolLoadArray,"ax",%progbits
  48              		.align	2
  49              		.p2align 4,,15
  50              		.global	chPoolLoadArray
  51              		.thumb
  52              		.thumb_func
  53              		.type	chPoolLoadArray, %function
  54              	chPoolLoadArray:
  55              	.LFB8:
  56              		.loc 1 84 0
  57              		.cfi_startproc
ARM GAS  /tmp/ccD4Xo19.s 			page 2


  58              		@ args = 0, pretend = 0, frame = 0
  59              		@ frame_needed = 0, uses_anonymous_args = 0
  60              		@ link register save eliminated.
  61              	.LVL1:
  62              		.loc 1 88 0
  63 0000 62B1     		cbz	r2, .L2
  64              	.LVL2:
  65              	.L4:
  66              	.LBB16:
  67              	.LBB17:
  68              		.loc 1 173 0
  69 0002 2023     		movs	r3, #32
  70              		.syntax unified
  71              	@ 173 "../../os/kernel/src/chmempools.c" 1
  72 0004 83F31188 		msr     BASEPRI, r3
  73              	@ 0 "" 2
  74              	.LVL3:
  75              		.thumb
  76              		.syntax unified
  77              	.LBE17:
  78              	.LBB18:
  79              	.LBB19:
  80              		.loc 1 155 0
  81 0008 0368     		ldr	r3, [r0]
  82 000a 0B60     		str	r3, [r1]
  83              	.LBE19:
  84              	.LBE18:
  85              	.LBB21:
  86              		.loc 1 175 0
  87 000c 0023     		movs	r3, #0
  88              	.LBE21:
  89              	.LBB22:
  90              	.LBB20:
  91              		.loc 1 156 0
  92 000e 0160     		str	r1, [r0]
  93              	.LVL4:
  94              	.LBE20:
  95              	.LBE22:
  96              	.LBB23:
  97              		.loc 1 175 0
  98              		.syntax unified
  99              	@ 175 "../../os/kernel/src/chmempools.c" 1
 100 0010 83F31188 		msr     BASEPRI, r3
 101              	@ 0 "" 2
 102              	.LVL5:
 103              		.thumb
 104              		.syntax unified
 105              	.LBE23:
 106              	.LBE16:
 107              		.loc 1 90 0
 108 0014 4368     		ldr	r3, [r0, #4]
 109              		.loc 1 88 0
 110 0016 013A     		subs	r2, r2, #1
 111              	.LVL6:
 112              		.loc 1 90 0
 113 0018 1944     		add	r1, r1, r3
 114              	.LVL7:
ARM GAS  /tmp/ccD4Xo19.s 			page 3


 115              		.loc 1 88 0
 116 001a F2D1     		bne	.L4
 117              	.LVL8:
 118              	.L2:
 119 001c 7047     		bx	lr
 120              		.cfi_endproc
 121              	.LFE8:
 122              		.size	chPoolLoadArray, .-chPoolLoadArray
 123 001e 00BF     		.section	.text.chPoolAllocI,"ax",%progbits
 124              		.align	2
 125              		.p2align 4,,15
 126              		.global	chPoolAllocI
 127              		.thumb
 128              		.thumb_func
 129              		.type	chPoolAllocI, %function
 130              	chPoolAllocI:
 131              	.LFB9:
 132              		.loc 1 105 0
 133              		.cfi_startproc
 134              		@ args = 0, pretend = 0, frame = 0
 135              		@ frame_needed = 0, uses_anonymous_args = 0
 136              		@ link register save eliminated.
 137              	.LVL9:
 138              		.loc 1 111 0
 139 0000 0368     		ldr	r3, [r0]
 140              	.LVL10:
 141 0002 1BB1     		cbz	r3, .L9
 142              		.loc 1 112 0
 143 0004 1A68     		ldr	r2, [r3]
 144 0006 0260     		str	r2, [r0]
 145              	.L10:
 146              		.loc 1 116 0
 147 0008 1846     		mov	r0, r3
 148              	.LVL11:
 149 000a 7047     		bx	lr
 150              	.LVL12:
 151              	.L9:
 152              		.loc 1 113 0
 153 000c 8268     		ldr	r2, [r0, #8]
 154 000e 002A     		cmp	r2, #0
 155 0010 FAD0     		beq	.L10
 156              		.loc 1 114 0
 157 0012 4068     		ldr	r0, [r0, #4]
 158              	.LVL13:
 159 0014 1047     		bx	r2
 160              	.LVL14:
 161              		.cfi_endproc
 162              	.LFE9:
 163              		.size	chPoolAllocI, .-chPoolAllocI
 164 0016 00BF     		.section	.text.chPoolAlloc,"ax",%progbits
 165              		.align	2
 166              		.p2align 4,,15
 167              		.global	chPoolAlloc
 168              		.thumb
 169              		.thumb_func
 170              		.type	chPoolAlloc, %function
 171              	chPoolAlloc:
ARM GAS  /tmp/ccD4Xo19.s 			page 4


 172              	.LFB10:
 173              		.loc 1 128 0
 174              		.cfi_startproc
 175              		@ args = 0, pretend = 0, frame = 0
 176              		@ frame_needed = 0, uses_anonymous_args = 0
 177              	.LVL15:
 178 0000 08B5     		push	{r3, lr}
 179              		.cfi_def_cfa_offset 8
 180              		.cfi_offset 3, -8
 181              		.cfi_offset 14, -4
 182              		.loc 1 128 0
 183 0002 0246     		mov	r2, r0
 184              	.LBB24:
 185              		.loc 1 131 0
 186 0004 2023     		movs	r3, #32
 187              		.syntax unified
 188              	@ 131 "../../os/kernel/src/chmempools.c" 1
 189 0006 83F31188 		msr     BASEPRI, r3
 190              	@ 0 "" 2
 191              	.LVL16:
 192              		.thumb
 193              		.syntax unified
 194              	.LBE24:
 195              	.LBB25:
 196              	.LBB26:
 197              		.loc 1 111 0
 198 000a 0068     		ldr	r0, [r0]
 199              	.LVL17:
 200 000c 28B1     		cbz	r0, .L15
 201              		.loc 1 112 0
 202 000e 0368     		ldr	r3, [r0]
 203 0010 1360     		str	r3, [r2]
 204              	.L16:
 205              	.LVL18:
 206              	.LBE26:
 207              	.LBE25:
 208              	.LBB28:
 209              		.loc 1 133 0
 210 0012 0023     		movs	r3, #0
 211              		.syntax unified
 212              	@ 133 "../../os/kernel/src/chmempools.c" 1
 213 0014 83F31188 		msr     BASEPRI, r3
 214              	@ 0 "" 2
 215              		.thumb
 216              		.syntax unified
 217              	.LBE28:
 218              		.loc 1 135 0
 219 0018 08BD     		pop	{r3, pc}
 220              	.LVL19:
 221              	.L15:
 222              	.LBB29:
 223              	.LBB27:
 224              		.loc 1 113 0
 225 001a 9368     		ldr	r3, [r2, #8]
 226 001c 002B     		cmp	r3, #0
 227 001e F8D0     		beq	.L16
 228              		.loc 1 114 0
ARM GAS  /tmp/ccD4Xo19.s 			page 5


 229 0020 5068     		ldr	r0, [r2, #4]
 230              	.LVL20:
 231 0022 9847     		blx	r3
 232              	.LVL21:
 233              	.LBE27:
 234              	.LBE29:
 235              	.LBB30:
 236              		.loc 1 133 0
 237 0024 0023     		movs	r3, #0
 238              		.syntax unified
 239              	@ 133 "../../os/kernel/src/chmempools.c" 1
 240 0026 83F31188 		msr     BASEPRI, r3
 241              	@ 0 "" 2
 242              		.thumb
 243              		.syntax unified
 244              	.LBE30:
 245              		.loc 1 135 0
 246 002a 08BD     		pop	{r3, pc}
 247              		.cfi_endproc
 248              	.LFE10:
 249              		.size	chPoolAlloc, .-chPoolAlloc
 250              		.section	.text.chPoolFreeI,"ax",%progbits
 251              		.align	2
 252              		.p2align 4,,15
 253              		.global	chPoolFreeI
 254              		.thumb
 255              		.thumb_func
 256              		.type	chPoolFreeI, %function
 257              	chPoolFreeI:
 258              	.LFB11:
 259              		.loc 1 149 0
 260              		.cfi_startproc
 261              		@ args = 0, pretend = 0, frame = 0
 262              		@ frame_needed = 0, uses_anonymous_args = 0
 263              		@ link register save eliminated.
 264              	.LVL22:
 265              		.loc 1 155 0
 266 0000 0368     		ldr	r3, [r0]
 267 0002 0B60     		str	r3, [r1]
 268              		.loc 1 156 0
 269 0004 0160     		str	r1, [r0]
 270 0006 7047     		bx	lr
 271              		.cfi_endproc
 272              	.LFE11:
 273              		.size	chPoolFreeI, .-chPoolFreeI
 274              		.section	.text.chPoolFree,"ax",%progbits
 275              		.align	2
 276              		.p2align 4,,15
 277              		.global	chPoolFree
 278              		.thumb
 279              		.thumb_func
 280              		.type	chPoolFree, %function
 281              	chPoolFree:
 282              	.LFB12:
 283              		.loc 1 171 0
 284              		.cfi_startproc
 285              		@ args = 0, pretend = 0, frame = 0
ARM GAS  /tmp/ccD4Xo19.s 			page 6


 286              		@ frame_needed = 0, uses_anonymous_args = 0
 287              		@ link register save eliminated.
 288              	.LVL23:
 289              	.LBB31:
 290              		.loc 1 173 0
 291 0000 2023     		movs	r3, #32
 292              		.syntax unified
 293              	@ 173 "../../os/kernel/src/chmempools.c" 1
 294 0002 83F31188 		msr     BASEPRI, r3
 295              	@ 0 "" 2
 296              	.LVL24:
 297              		.thumb
 298              		.syntax unified
 299              	.LBE31:
 300              	.LBB32:
 301              	.LBB33:
 302              		.loc 1 155 0
 303 0006 0368     		ldr	r3, [r0]
 304 0008 0B60     		str	r3, [r1]
 305              	.LBE33:
 306              	.LBE32:
 307              	.LBB35:
 308              		.loc 1 175 0
 309 000a 0023     		movs	r3, #0
 310              	.LBE35:
 311              	.LBB36:
 312              	.LBB34:
 313              		.loc 1 156 0
 314 000c 0160     		str	r1, [r0]
 315              	.LVL25:
 316              	.LBE34:
 317              	.LBE36:
 318              	.LBB37:
 319              		.loc 1 175 0
 320              		.syntax unified
 321              	@ 175 "../../os/kernel/src/chmempools.c" 1
 322 000e 83F31188 		msr     BASEPRI, r3
 323              	@ 0 "" 2
 324              		.thumb
 325              		.syntax unified
 326 0012 7047     		bx	lr
 327              	.LBE37:
 328              		.cfi_endproc
 329              	.LFE12:
 330              		.size	chPoolFree, .-chPoolFree
 331              		.text
 332              	.Letext0:
 333              		.file 2 "/home/lithium/Descargas/gcc-arm-none-eabi-5_3-2016q1/lib/gcc/arm-none-eabi/5.3.1/include/
 334              		.file 3 "/home/lithium/Descargas/gcc-arm-none-eabi-5_3-2016q1/arm-none-eabi/include/machine/_defau
 335              		.file 4 "/home/lithium/Descargas/gcc-arm-none-eabi-5_3-2016q1/arm-none-eabi/include/sys/_stdint.h"
 336              		.file 5 "../../os/kernel/include/chmemcore.h"
 337              		.file 6 "../../os/kernel/include/chmempools.h"
 338              		.section	.debug_info,"",%progbits
 339              	.Ldebug_info0:
 340 0000 0F040000 		.4byte	0x40f
 341 0004 0400     		.2byte	0x4
 342 0006 00000000 		.4byte	.Ldebug_abbrev0
ARM GAS  /tmp/ccD4Xo19.s 			page 7


 343 000a 04       		.byte	0x4
 344 000b 01       		.uleb128 0x1
 345 000c 98010000 		.4byte	.LASF31
 346 0010 0C       		.byte	0xc
 347 0011 84000000 		.4byte	.LASF32
 348 0015 59010000 		.4byte	.LASF33
 349 0019 90000000 		.4byte	.Ldebug_ranges0+0x90
 350 001d 00000000 		.4byte	0
 351 0021 00000000 		.4byte	.Ldebug_line0
 352 0025 02       		.uleb128 0x2
 353 0026 04       		.byte	0x4
 354 0027 05       		.byte	0x5
 355 0028 696E7400 		.ascii	"int\000"
 356 002c 03       		.uleb128 0x3
 357 002d 0A000000 		.4byte	.LASF4
 358 0031 02       		.byte	0x2
 359 0032 D8       		.byte	0xd8
 360 0033 37000000 		.4byte	0x37
 361 0037 04       		.uleb128 0x4
 362 0038 04       		.byte	0x4
 363 0039 07       		.byte	0x7
 364 003a E6000000 		.4byte	.LASF0
 365 003e 04       		.uleb128 0x4
 366 003f 08       		.byte	0x8
 367 0040 05       		.byte	0x5
 368 0041 23010000 		.4byte	.LASF1
 369 0045 04       		.uleb128 0x4
 370 0046 08       		.byte	0x8
 371 0047 04       		.byte	0x4
 372 0048 7B020000 		.4byte	.LASF2
 373 004c 04       		.uleb128 0x4
 374 004d 01       		.byte	0x1
 375 004e 06       		.byte	0x6
 376 004f 87020000 		.4byte	.LASF3
 377 0053 03       		.uleb128 0x3
 378 0054 00000000 		.4byte	.LASF5
 379 0058 03       		.byte	0x3
 380 0059 1D       		.byte	0x1d
 381 005a 5E000000 		.4byte	0x5e
 382 005e 04       		.uleb128 0x4
 383 005f 01       		.byte	0x1
 384 0060 08       		.byte	0x8
 385 0061 A5000000 		.4byte	.LASF6
 386 0065 04       		.uleb128 0x4
 387 0066 02       		.byte	0x2
 388 0067 05       		.byte	0x5
 389 0068 4F010000 		.4byte	.LASF7
 390 006c 04       		.uleb128 0x4
 391 006d 02       		.byte	0x2
 392 006e 07       		.byte	0x7
 393 006f 53000000 		.4byte	.LASF8
 394 0073 04       		.uleb128 0x4
 395 0074 04       		.byte	0x4
 396 0075 05       		.byte	0x5
 397 0076 72020000 		.4byte	.LASF9
 398 007a 03       		.uleb128 0x3
 399 007b B3000000 		.4byte	.LASF10
ARM GAS  /tmp/ccD4Xo19.s 			page 8


 400 007f 03       		.byte	0x3
 401 0080 41       		.byte	0x41
 402 0081 85000000 		.4byte	0x85
 403 0085 04       		.uleb128 0x4
 404 0086 04       		.byte	0x4
 405 0087 07       		.byte	0x7
 406 0088 41000000 		.4byte	.LASF11
 407 008c 04       		.uleb128 0x4
 408 008d 08       		.byte	0x8
 409 008e 07       		.byte	0x7
 410 008f F3000000 		.4byte	.LASF12
 411 0093 03       		.uleb128 0x3
 412 0094 0A010000 		.4byte	.LASF13
 413 0098 04       		.byte	0x4
 414 0099 14       		.byte	0x14
 415 009a 53000000 		.4byte	0x53
 416 009e 03       		.uleb128 0x3
 417 009f 6F000000 		.4byte	.LASF14
 418 00a3 04       		.byte	0x4
 419 00a4 20       		.byte	0x20
 420 00a5 7A000000 		.4byte	0x7a
 421 00a9 04       		.uleb128 0x4
 422 00aa 01       		.byte	0x1
 423 00ab 02       		.byte	0x2
 424 00ac 9B020000 		.4byte	.LASF15
 425 00b0 05       		.uleb128 0x5
 426 00b1 04       		.byte	0x4
 427 00b2 04       		.uleb128 0x4
 428 00b3 04       		.byte	0x4
 429 00b4 07       		.byte	0x7
 430 00b5 1A010000 		.4byte	.LASF16
 431 00b9 03       		.uleb128 0x3
 432 00ba 36010000 		.4byte	.LASF17
 433 00be 05       		.byte	0x5
 434 00bf 2C       		.byte	0x2c
 435 00c0 C4000000 		.4byte	0xc4
 436 00c4 06       		.uleb128 0x6
 437 00c5 04       		.byte	0x4
 438 00c6 CA000000 		.4byte	0xca
 439 00ca 07       		.uleb128 0x7
 440 00cb B0000000 		.4byte	0xb0
 441 00cf D9000000 		.4byte	0xd9
 442 00d3 08       		.uleb128 0x8
 443 00d4 2C000000 		.4byte	0x2c
 444 00d8 00       		.byte	0
 445 00d9 09       		.uleb128 0x9
 446 00da 30000000 		.4byte	.LASF34
 447 00de 04       		.byte	0x4
 448 00df 06       		.byte	0x6
 449 00e0 2C       		.byte	0x2c
 450 00e1 F2000000 		.4byte	0xf2
 451 00e5 0A       		.uleb128 0xa
 452 00e6 12010000 		.4byte	.LASF18
 453 00ea 06       		.byte	0x6
 454 00eb 2D       		.byte	0x2d
 455 00ec F2000000 		.4byte	0xf2
 456 00f0 00       		.byte	0
ARM GAS  /tmp/ccD4Xo19.s 			page 9


 457 00f1 00       		.byte	0
 458 00f2 06       		.uleb128 0x6
 459 00f3 04       		.byte	0x4
 460 00f4 D9000000 		.4byte	0xd9
 461 00f8 0B       		.uleb128 0xb
 462 00f9 0C       		.byte	0xc
 463 00fa 06       		.byte	0x6
 464 00fb 34       		.byte	0x34
 465 00fc 25010000 		.4byte	0x125
 466 0100 0A       		.uleb128 0xa
 467 0101 93020000 		.4byte	.LASF19
 468 0105 06       		.byte	0x6
 469 0106 35       		.byte	0x35
 470 0107 F2000000 		.4byte	0xf2
 471 010b 00       		.byte	0
 472 010c 0A       		.uleb128 0xa
 473 010d 11000000 		.4byte	.LASF20
 474 0111 06       		.byte	0x6
 475 0112 36       		.byte	0x36
 476 0113 2C000000 		.4byte	0x2c
 477 0117 04       		.byte	0x4
 478 0118 0A       		.uleb128 0xa
 479 0119 43010000 		.4byte	.LASF21
 480 011d 06       		.byte	0x6
 481 011e 38       		.byte	0x38
 482 011f B9000000 		.4byte	0xb9
 483 0123 08       		.byte	0x8
 484 0124 00       		.byte	0
 485 0125 03       		.uleb128 0x3
 486 0126 C9000000 		.4byte	.LASF22
 487 012a 06       		.byte	0x6
 488 012b 3A       		.byte	0x3a
 489 012c F8000000 		.4byte	0xf8
 490 0130 04       		.uleb128 0x4
 491 0131 01       		.byte	0x1
 492 0132 08       		.byte	0x8
 493 0133 31010000 		.4byte	.LASF23
 494 0137 0C       		.uleb128 0xc
 495 0138 D9000000 		.4byte	.LASF35
 496 013c 01       		.byte	0x1
 497 013d 69       		.byte	0x69
 498 013e B0000000 		.4byte	0xb0
 499 0142 01       		.byte	0x1
 500 0143 5D010000 		.4byte	0x15d
 501 0147 0D       		.uleb128 0xd
 502 0148 6D7000   		.ascii	"mp\000"
 503 014b 01       		.byte	0x1
 504 014c 69       		.byte	0x69
 505 014d 5D010000 		.4byte	0x15d
 506 0151 0E       		.uleb128 0xe
 507 0152 D4000000 		.4byte	.LASF24
 508 0156 01       		.byte	0x1
 509 0157 6A       		.byte	0x6a
 510 0158 B0000000 		.4byte	0xb0
 511 015c 00       		.byte	0
 512 015d 06       		.uleb128 0x6
 513 015e 04       		.byte	0x4
ARM GAS  /tmp/ccD4Xo19.s 			page 10


 514 015f 25010000 		.4byte	0x125
 515 0163 0F       		.uleb128 0xf
 516 0164 78000000 		.4byte	.LASF25
 517 0168 01       		.byte	0x1
 518 0169 95       		.byte	0x95
 519 016a 01       		.byte	0x1
 520 016b 90010000 		.4byte	0x190
 521 016f 0D       		.uleb128 0xd
 522 0170 6D7000   		.ascii	"mp\000"
 523 0173 01       		.byte	0x1
 524 0174 95       		.byte	0x95
 525 0175 5D010000 		.4byte	0x15d
 526 0179 10       		.uleb128 0x10
 527 017a D4000000 		.4byte	.LASF24
 528 017e 01       		.byte	0x1
 529 017f 95       		.byte	0x95
 530 0180 B0000000 		.4byte	0xb0
 531 0184 11       		.uleb128 0x11
 532 0185 70687000 		.ascii	"php\000"
 533 0189 01       		.byte	0x1
 534 018a 96       		.byte	0x96
 535 018b F2000000 		.4byte	0xf2
 536 018f 00       		.byte	0
 537 0190 0F       		.uleb128 0xf
 538 0191 BE000000 		.4byte	.LASF26
 539 0195 01       		.byte	0x1
 540 0196 AB       		.byte	0xab
 541 0197 01       		.byte	0x1
 542 0198 D0010000 		.4byte	0x1d0
 543 019c 0D       		.uleb128 0xd
 544 019d 6D7000   		.ascii	"mp\000"
 545 01a0 01       		.byte	0x1
 546 01a1 AB       		.byte	0xab
 547 01a2 5D010000 		.4byte	0x15d
 548 01a6 10       		.uleb128 0x10
 549 01a7 D4000000 		.4byte	.LASF24
 550 01ab 01       		.byte	0x1
 551 01ac AB       		.byte	0xab
 552 01ad B0000000 		.4byte	0xb0
 553 01b1 12       		.uleb128 0x12
 554 01b2 C2010000 		.4byte	0x1c2
 555 01b6 11       		.uleb128 0x11
 556 01b7 746D7000 		.ascii	"tmp\000"
 557 01bb 01       		.byte	0x1
 558 01bc AD       		.byte	0xad
 559 01bd 9E000000 		.4byte	0x9e
 560 01c1 00       		.byte	0
 561 01c2 13       		.uleb128 0x13
 562 01c3 11       		.uleb128 0x11
 563 01c4 746D7000 		.ascii	"tmp\000"
 564 01c8 01       		.byte	0x1
 565 01c9 AF       		.byte	0xaf
 566 01ca 9E000000 		.4byte	0x9e
 567 01ce 00       		.byte	0
 568 01cf 00       		.byte	0
 569 01d0 14       		.uleb128 0x14
 570 01d1 A1020000 		.4byte	.LASF29
ARM GAS  /tmp/ccD4Xo19.s 			page 11


 571 01d5 01       		.byte	0x1
 572 01d6 3E       		.byte	0x3e
 573 01d7 00000000 		.4byte	.LFB7
 574 01db 0A000000 		.4byte	.LFE7-.LFB7
 575 01df 01       		.uleb128 0x1
 576 01e0 9C       		.byte	0x9c
 577 01e1 0C020000 		.4byte	0x20c
 578 01e5 15       		.uleb128 0x15
 579 01e6 6D7000   		.ascii	"mp\000"
 580 01e9 01       		.byte	0x1
 581 01ea 3E       		.byte	0x3e
 582 01eb 5D010000 		.4byte	0x15d
 583 01ef 01       		.uleb128 0x1
 584 01f0 50       		.byte	0x50
 585 01f1 16       		.uleb128 0x16
 586 01f2 3C000000 		.4byte	.LASF27
 587 01f6 01       		.byte	0x1
 588 01f7 3E       		.byte	0x3e
 589 01f8 2C000000 		.4byte	0x2c
 590 01fc 01       		.uleb128 0x1
 591 01fd 51       		.byte	0x51
 592 01fe 16       		.uleb128 0x16
 593 01ff 66000000 		.4byte	.LASF28
 594 0203 01       		.byte	0x1
 595 0204 3E       		.byte	0x3e
 596 0205 B9000000 		.4byte	0xb9
 597 0209 01       		.uleb128 0x1
 598 020a 52       		.byte	0x52
 599 020b 00       		.byte	0
 600 020c 14       		.uleb128 0x14
 601 020d 20000000 		.4byte	.LASF30
 602 0211 01       		.byte	0x1
 603 0212 54       		.byte	0x54
 604 0213 00000000 		.4byte	.LFB8
 605 0217 1E000000 		.4byte	.LFE8-.LFB8
 606 021b 01       		.uleb128 0x1
 607 021c 9C       		.byte	0x9c
 608 021d C1020000 		.4byte	0x2c1
 609 0221 15       		.uleb128 0x15
 610 0222 6D7000   		.ascii	"mp\000"
 611 0225 01       		.byte	0x1
 612 0226 54       		.byte	0x54
 613 0227 5D010000 		.4byte	0x15d
 614 022b 01       		.uleb128 0x1
 615 022c 50       		.byte	0x50
 616 022d 17       		.uleb128 0x17
 617 022e 7000     		.ascii	"p\000"
 618 0230 01       		.byte	0x1
 619 0231 54       		.byte	0x54
 620 0232 B0000000 		.4byte	0xb0
 621 0236 00000000 		.4byte	.LLST0
 622 023a 17       		.uleb128 0x17
 623 023b 6E00     		.ascii	"n\000"
 624 023d 01       		.byte	0x1
 625 023e 54       		.byte	0x54
 626 023f 2C000000 		.4byte	0x2c
 627 0243 1E000000 		.4byte	.LLST1
ARM GAS  /tmp/ccD4Xo19.s 			page 12


 628 0247 18       		.uleb128 0x18
 629 0248 90010000 		.4byte	0x190
 630 024c 02000000 		.4byte	.LBB16
 631 0250 12000000 		.4byte	.LBE16-.LBB16
 632 0254 01       		.byte	0x1
 633 0255 59       		.byte	0x59
 634 0256 19       		.uleb128 0x19
 635 0257 A6010000 		.4byte	0x1a6
 636 025b 49000000 		.4byte	.LLST2
 637 025f 19       		.uleb128 0x19
 638 0260 9C010000 		.4byte	0x19c
 639 0264 5C000000 		.4byte	.LLST3
 640 0268 1A       		.uleb128 0x1a
 641 0269 02000000 		.4byte	.LBB17
 642 026d 06000000 		.4byte	.LBE17-.LBB17
 643 0271 7D020000 		.4byte	0x27d
 644 0275 1B       		.uleb128 0x1b
 645 0276 B6010000 		.4byte	0x1b6
 646 027a 01       		.uleb128 0x1
 647 027b 53       		.byte	0x53
 648 027c 00       		.byte	0
 649 027d 1C       		.uleb128 0x1c
 650 027e 63010000 		.4byte	0x163
 651 0282 08000000 		.4byte	.LBB18
 652 0286 00000000 		.4byte	.Ldebug_ranges0+0
 653 028a 01       		.byte	0x1
 654 028b AE       		.byte	0xae
 655 028c B2020000 		.4byte	0x2b2
 656 0290 19       		.uleb128 0x19
 657 0291 79010000 		.4byte	0x179
 658 0295 6F000000 		.4byte	.LLST4
 659 0299 19       		.uleb128 0x19
 660 029a 6F010000 		.4byte	0x16f
 661 029e 82000000 		.4byte	.LLST5
 662 02a2 1D       		.uleb128 0x1d
 663 02a3 00000000 		.4byte	.Ldebug_ranges0+0
 664 02a7 1E       		.uleb128 0x1e
 665 02a8 84010000 		.4byte	0x184
 666 02ac 95000000 		.4byte	.LLST6
 667 02b0 00       		.byte	0
 668 02b1 00       		.byte	0
 669 02b2 1D       		.uleb128 0x1d
 670 02b3 18000000 		.4byte	.Ldebug_ranges0+0x18
 671 02b7 1B       		.uleb128 0x1b
 672 02b8 C3010000 		.4byte	0x1c3
 673 02bc 01       		.uleb128 0x1
 674 02bd 53       		.byte	0x53
 675 02be 00       		.byte	0
 676 02bf 00       		.byte	0
 677 02c0 00       		.byte	0
 678 02c1 1F       		.uleb128 0x1f
 679 02c2 37010000 		.4byte	0x137
 680 02c6 00000000 		.4byte	.LFB9
 681 02ca 16000000 		.4byte	.LFE9-.LFB9
 682 02ce 01       		.uleb128 0x1
 683 02cf 9C       		.byte	0x9c
 684 02d0 E7020000 		.4byte	0x2e7
ARM GAS  /tmp/ccD4Xo19.s 			page 13


 685 02d4 19       		.uleb128 0x19
 686 02d5 47010000 		.4byte	0x147
 687 02d9 B4000000 		.4byte	.LLST7
 688 02dd 1E       		.uleb128 0x1e
 689 02de 51010000 		.4byte	0x151
 690 02e2 EE000000 		.4byte	.LLST8
 691 02e6 00       		.byte	0
 692 02e7 20       		.uleb128 0x20
 693 02e8 8C010000 		.4byte	.LASF36
 694 02ec 01       		.byte	0x1
 695 02ed 80       		.byte	0x80
 696 02ee B0000000 		.4byte	0xb0
 697 02f2 00000000 		.4byte	.LFB10
 698 02f6 2C000000 		.4byte	.LFE10-.LFB10
 699 02fa 01       		.uleb128 0x1
 700 02fb 9C       		.byte	0x9c
 701 02fc 76030000 		.4byte	0x376
 702 0300 17       		.uleb128 0x17
 703 0301 6D7000   		.ascii	"mp\000"
 704 0304 01       		.byte	0x1
 705 0305 80       		.byte	0x80
 706 0306 5D010000 		.4byte	0x15d
 707 030a 01010000 		.4byte	.LLST9
 708 030e 21       		.uleb128 0x21
 709 030f D4000000 		.4byte	.LASF24
 710 0313 01       		.byte	0x1
 711 0314 81       		.byte	0x81
 712 0315 B0000000 		.4byte	0xb0
 713 0319 01       		.uleb128 0x1
 714 031a 50       		.byte	0x50
 715 031b 1A       		.uleb128 0x1a
 716 031c 04000000 		.4byte	.LBB24
 717 0320 06000000 		.4byte	.LBE24-.LBB24
 718 0324 36030000 		.4byte	0x336
 719 0328 22       		.uleb128 0x22
 720 0329 746D7000 		.ascii	"tmp\000"
 721 032d 01       		.byte	0x1
 722 032e 83       		.byte	0x83
 723 032f 9E000000 		.4byte	0x9e
 724 0333 01       		.uleb128 0x1
 725 0334 53       		.byte	0x53
 726 0335 00       		.byte	0
 727 0336 1C       		.uleb128 0x1c
 728 0337 37010000 		.4byte	0x137
 729 033b 0A000000 		.4byte	.LBB25
 730 033f 30000000 		.4byte	.Ldebug_ranges0+0x30
 731 0343 01       		.byte	0x1
 732 0344 84       		.byte	0x84
 733 0345 62030000 		.4byte	0x362
 734 0349 19       		.uleb128 0x19
 735 034a 47010000 		.4byte	0x147
 736 034e 2D010000 		.4byte	.LLST10
 737 0352 1D       		.uleb128 0x1d
 738 0353 30000000 		.4byte	.Ldebug_ranges0+0x30
 739 0357 1E       		.uleb128 0x1e
 740 0358 51010000 		.4byte	0x151
 741 035c 64010000 		.4byte	.LLST11
ARM GAS  /tmp/ccD4Xo19.s 			page 14


 742 0360 00       		.byte	0
 743 0361 00       		.byte	0
 744 0362 1D       		.uleb128 0x1d
 745 0363 48000000 		.4byte	.Ldebug_ranges0+0x48
 746 0367 22       		.uleb128 0x22
 747 0368 746D7000 		.ascii	"tmp\000"
 748 036c 01       		.byte	0x1
 749 036d 85       		.byte	0x85
 750 036e 9E000000 		.4byte	0x9e
 751 0372 01       		.uleb128 0x1
 752 0373 53       		.byte	0x53
 753 0374 00       		.byte	0
 754 0375 00       		.byte	0
 755 0376 23       		.uleb128 0x23
 756 0377 63010000 		.4byte	0x163
 757 037b 00000000 		.4byte	.LFB11
 758 037f 08000000 		.4byte	.LFE11-.LFB11
 759 0383 01       		.uleb128 0x1
 760 0384 9C       		.byte	0x9c
 761 0385 9F030000 		.4byte	0x39f
 762 0389 24       		.uleb128 0x24
 763 038a 6F010000 		.4byte	0x16f
 764 038e 01       		.uleb128 0x1
 765 038f 50       		.byte	0x50
 766 0390 24       		.uleb128 0x24
 767 0391 79010000 		.4byte	0x179
 768 0395 01       		.uleb128 0x1
 769 0396 51       		.byte	0x51
 770 0397 1B       		.uleb128 0x1b
 771 0398 84010000 		.4byte	0x184
 772 039c 01       		.uleb128 0x1
 773 039d 51       		.byte	0x51
 774 039e 00       		.byte	0
 775 039f 25       		.uleb128 0x25
 776 03a0 90010000 		.4byte	0x190
 777 03a4 00000000 		.4byte	.LFB12
 778 03a8 14000000 		.4byte	.LFE12-.LFB12
 779 03ac 01       		.uleb128 0x1
 780 03ad 9C       		.byte	0x9c
 781 03ae 24       		.uleb128 0x24
 782 03af 9C010000 		.4byte	0x19c
 783 03b3 01       		.uleb128 0x1
 784 03b4 50       		.byte	0x50
 785 03b5 24       		.uleb128 0x24
 786 03b6 A6010000 		.4byte	0x1a6
 787 03ba 01       		.uleb128 0x1
 788 03bb 51       		.byte	0x51
 789 03bc 1A       		.uleb128 0x1a
 790 03bd 00000000 		.4byte	.LBB31
 791 03c1 06000000 		.4byte	.LBE31-.LBB31
 792 03c5 D1030000 		.4byte	0x3d1
 793 03c9 1B       		.uleb128 0x1b
 794 03ca B6010000 		.4byte	0x1b6
 795 03ce 01       		.uleb128 0x1
 796 03cf 53       		.byte	0x53
 797 03d0 00       		.byte	0
 798 03d1 1C       		.uleb128 0x1c
ARM GAS  /tmp/ccD4Xo19.s 			page 15


 799 03d2 63010000 		.4byte	0x163
 800 03d6 06000000 		.4byte	.LBB32
 801 03da 60000000 		.4byte	.Ldebug_ranges0+0x60
 802 03de 01       		.byte	0x1
 803 03df AE       		.byte	0xae
 804 03e0 04040000 		.4byte	0x404
 805 03e4 19       		.uleb128 0x19
 806 03e5 79010000 		.4byte	0x179
 807 03e9 8E010000 		.4byte	.LLST12
 808 03ed 19       		.uleb128 0x19
 809 03ee 6F010000 		.4byte	0x16f
 810 03f2 A1010000 		.4byte	.LLST13
 811 03f6 1D       		.uleb128 0x1d
 812 03f7 60000000 		.4byte	.Ldebug_ranges0+0x60
 813 03fb 1B       		.uleb128 0x1b
 814 03fc 84010000 		.4byte	0x184
 815 0400 01       		.uleb128 0x1
 816 0401 51       		.byte	0x51
 817 0402 00       		.byte	0
 818 0403 00       		.byte	0
 819 0404 1D       		.uleb128 0x1d
 820 0405 78000000 		.4byte	.Ldebug_ranges0+0x78
 821 0409 1B       		.uleb128 0x1b
 822 040a C3010000 		.4byte	0x1c3
 823 040e 01       		.uleb128 0x1
 824 040f 53       		.byte	0x53
 825 0410 00       		.byte	0
 826 0411 00       		.byte	0
 827 0412 00       		.byte	0
 828              		.section	.debug_abbrev,"",%progbits
 829              	.Ldebug_abbrev0:
 830 0000 01       		.uleb128 0x1
 831 0001 11       		.uleb128 0x11
 832 0002 01       		.byte	0x1
 833 0003 25       		.uleb128 0x25
 834 0004 0E       		.uleb128 0xe
 835 0005 13       		.uleb128 0x13
 836 0006 0B       		.uleb128 0xb
 837 0007 03       		.uleb128 0x3
 838 0008 0E       		.uleb128 0xe
 839 0009 1B       		.uleb128 0x1b
 840 000a 0E       		.uleb128 0xe
 841 000b 55       		.uleb128 0x55
 842 000c 17       		.uleb128 0x17
 843 000d 11       		.uleb128 0x11
 844 000e 01       		.uleb128 0x1
 845 000f 10       		.uleb128 0x10
 846 0010 17       		.uleb128 0x17
 847 0011 00       		.byte	0
 848 0012 00       		.byte	0
 849 0013 02       		.uleb128 0x2
 850 0014 24       		.uleb128 0x24
 851 0015 00       		.byte	0
 852 0016 0B       		.uleb128 0xb
 853 0017 0B       		.uleb128 0xb
 854 0018 3E       		.uleb128 0x3e
 855 0019 0B       		.uleb128 0xb
ARM GAS  /tmp/ccD4Xo19.s 			page 16


 856 001a 03       		.uleb128 0x3
 857 001b 08       		.uleb128 0x8
 858 001c 00       		.byte	0
 859 001d 00       		.byte	0
 860 001e 03       		.uleb128 0x3
 861 001f 16       		.uleb128 0x16
 862 0020 00       		.byte	0
 863 0021 03       		.uleb128 0x3
 864 0022 0E       		.uleb128 0xe
 865 0023 3A       		.uleb128 0x3a
 866 0024 0B       		.uleb128 0xb
 867 0025 3B       		.uleb128 0x3b
 868 0026 0B       		.uleb128 0xb
 869 0027 49       		.uleb128 0x49
 870 0028 13       		.uleb128 0x13
 871 0029 00       		.byte	0
 872 002a 00       		.byte	0
 873 002b 04       		.uleb128 0x4
 874 002c 24       		.uleb128 0x24
 875 002d 00       		.byte	0
 876 002e 0B       		.uleb128 0xb
 877 002f 0B       		.uleb128 0xb
 878 0030 3E       		.uleb128 0x3e
 879 0031 0B       		.uleb128 0xb
 880 0032 03       		.uleb128 0x3
 881 0033 0E       		.uleb128 0xe
 882 0034 00       		.byte	0
 883 0035 00       		.byte	0
 884 0036 05       		.uleb128 0x5
 885 0037 0F       		.uleb128 0xf
 886 0038 00       		.byte	0
 887 0039 0B       		.uleb128 0xb
 888 003a 0B       		.uleb128 0xb
 889 003b 00       		.byte	0
 890 003c 00       		.byte	0
 891 003d 06       		.uleb128 0x6
 892 003e 0F       		.uleb128 0xf
 893 003f 00       		.byte	0
 894 0040 0B       		.uleb128 0xb
 895 0041 0B       		.uleb128 0xb
 896 0042 49       		.uleb128 0x49
 897 0043 13       		.uleb128 0x13
 898 0044 00       		.byte	0
 899 0045 00       		.byte	0
 900 0046 07       		.uleb128 0x7
 901 0047 15       		.uleb128 0x15
 902 0048 01       		.byte	0x1
 903 0049 27       		.uleb128 0x27
 904 004a 19       		.uleb128 0x19
 905 004b 49       		.uleb128 0x49
 906 004c 13       		.uleb128 0x13
 907 004d 01       		.uleb128 0x1
 908 004e 13       		.uleb128 0x13
 909 004f 00       		.byte	0
 910 0050 00       		.byte	0
 911 0051 08       		.uleb128 0x8
 912 0052 05       		.uleb128 0x5
ARM GAS  /tmp/ccD4Xo19.s 			page 17


 913 0053 00       		.byte	0
 914 0054 49       		.uleb128 0x49
 915 0055 13       		.uleb128 0x13
 916 0056 00       		.byte	0
 917 0057 00       		.byte	0
 918 0058 09       		.uleb128 0x9
 919 0059 13       		.uleb128 0x13
 920 005a 01       		.byte	0x1
 921 005b 03       		.uleb128 0x3
 922 005c 0E       		.uleb128 0xe
 923 005d 0B       		.uleb128 0xb
 924 005e 0B       		.uleb128 0xb
 925 005f 3A       		.uleb128 0x3a
 926 0060 0B       		.uleb128 0xb
 927 0061 3B       		.uleb128 0x3b
 928 0062 0B       		.uleb128 0xb
 929 0063 01       		.uleb128 0x1
 930 0064 13       		.uleb128 0x13
 931 0065 00       		.byte	0
 932 0066 00       		.byte	0
 933 0067 0A       		.uleb128 0xa
 934 0068 0D       		.uleb128 0xd
 935 0069 00       		.byte	0
 936 006a 03       		.uleb128 0x3
 937 006b 0E       		.uleb128 0xe
 938 006c 3A       		.uleb128 0x3a
 939 006d 0B       		.uleb128 0xb
 940 006e 3B       		.uleb128 0x3b
 941 006f 0B       		.uleb128 0xb
 942 0070 49       		.uleb128 0x49
 943 0071 13       		.uleb128 0x13
 944 0072 38       		.uleb128 0x38
 945 0073 0B       		.uleb128 0xb
 946 0074 00       		.byte	0
 947 0075 00       		.byte	0
 948 0076 0B       		.uleb128 0xb
 949 0077 13       		.uleb128 0x13
 950 0078 01       		.byte	0x1
 951 0079 0B       		.uleb128 0xb
 952 007a 0B       		.uleb128 0xb
 953 007b 3A       		.uleb128 0x3a
 954 007c 0B       		.uleb128 0xb
 955 007d 3B       		.uleb128 0x3b
 956 007e 0B       		.uleb128 0xb
 957 007f 01       		.uleb128 0x1
 958 0080 13       		.uleb128 0x13
 959 0081 00       		.byte	0
 960 0082 00       		.byte	0
 961 0083 0C       		.uleb128 0xc
 962 0084 2E       		.uleb128 0x2e
 963 0085 01       		.byte	0x1
 964 0086 3F       		.uleb128 0x3f
 965 0087 19       		.uleb128 0x19
 966 0088 03       		.uleb128 0x3
 967 0089 0E       		.uleb128 0xe
 968 008a 3A       		.uleb128 0x3a
 969 008b 0B       		.uleb128 0xb
ARM GAS  /tmp/ccD4Xo19.s 			page 18


 970 008c 3B       		.uleb128 0x3b
 971 008d 0B       		.uleb128 0xb
 972 008e 27       		.uleb128 0x27
 973 008f 19       		.uleb128 0x19
 974 0090 49       		.uleb128 0x49
 975 0091 13       		.uleb128 0x13
 976 0092 20       		.uleb128 0x20
 977 0093 0B       		.uleb128 0xb
 978 0094 01       		.uleb128 0x1
 979 0095 13       		.uleb128 0x13
 980 0096 00       		.byte	0
 981 0097 00       		.byte	0
 982 0098 0D       		.uleb128 0xd
 983 0099 05       		.uleb128 0x5
 984 009a 00       		.byte	0
 985 009b 03       		.uleb128 0x3
 986 009c 08       		.uleb128 0x8
 987 009d 3A       		.uleb128 0x3a
 988 009e 0B       		.uleb128 0xb
 989 009f 3B       		.uleb128 0x3b
 990 00a0 0B       		.uleb128 0xb
 991 00a1 49       		.uleb128 0x49
 992 00a2 13       		.uleb128 0x13
 993 00a3 00       		.byte	0
 994 00a4 00       		.byte	0
 995 00a5 0E       		.uleb128 0xe
 996 00a6 34       		.uleb128 0x34
 997 00a7 00       		.byte	0
 998 00a8 03       		.uleb128 0x3
 999 00a9 0E       		.uleb128 0xe
 1000 00aa 3A       		.uleb128 0x3a
 1001 00ab 0B       		.uleb128 0xb
 1002 00ac 3B       		.uleb128 0x3b
 1003 00ad 0B       		.uleb128 0xb
 1004 00ae 49       		.uleb128 0x49
 1005 00af 13       		.uleb128 0x13
 1006 00b0 00       		.byte	0
 1007 00b1 00       		.byte	0
 1008 00b2 0F       		.uleb128 0xf
 1009 00b3 2E       		.uleb128 0x2e
 1010 00b4 01       		.byte	0x1
 1011 00b5 3F       		.uleb128 0x3f
 1012 00b6 19       		.uleb128 0x19
 1013 00b7 03       		.uleb128 0x3
 1014 00b8 0E       		.uleb128 0xe
 1015 00b9 3A       		.uleb128 0x3a
 1016 00ba 0B       		.uleb128 0xb
 1017 00bb 3B       		.uleb128 0x3b
 1018 00bc 0B       		.uleb128 0xb
 1019 00bd 27       		.uleb128 0x27
 1020 00be 19       		.uleb128 0x19
 1021 00bf 20       		.uleb128 0x20
 1022 00c0 0B       		.uleb128 0xb
 1023 00c1 01       		.uleb128 0x1
 1024 00c2 13       		.uleb128 0x13
 1025 00c3 00       		.byte	0
 1026 00c4 00       		.byte	0
ARM GAS  /tmp/ccD4Xo19.s 			page 19


 1027 00c5 10       		.uleb128 0x10
 1028 00c6 05       		.uleb128 0x5
 1029 00c7 00       		.byte	0
 1030 00c8 03       		.uleb128 0x3
 1031 00c9 0E       		.uleb128 0xe
 1032 00ca 3A       		.uleb128 0x3a
 1033 00cb 0B       		.uleb128 0xb
 1034 00cc 3B       		.uleb128 0x3b
 1035 00cd 0B       		.uleb128 0xb
 1036 00ce 49       		.uleb128 0x49
 1037 00cf 13       		.uleb128 0x13
 1038 00d0 00       		.byte	0
 1039 00d1 00       		.byte	0
 1040 00d2 11       		.uleb128 0x11
 1041 00d3 34       		.uleb128 0x34
 1042 00d4 00       		.byte	0
 1043 00d5 03       		.uleb128 0x3
 1044 00d6 08       		.uleb128 0x8
 1045 00d7 3A       		.uleb128 0x3a
 1046 00d8 0B       		.uleb128 0xb
 1047 00d9 3B       		.uleb128 0x3b
 1048 00da 0B       		.uleb128 0xb
 1049 00db 49       		.uleb128 0x49
 1050 00dc 13       		.uleb128 0x13
 1051 00dd 00       		.byte	0
 1052 00de 00       		.byte	0
 1053 00df 12       		.uleb128 0x12
 1054 00e0 0B       		.uleb128 0xb
 1055 00e1 01       		.byte	0x1
 1056 00e2 01       		.uleb128 0x1
 1057 00e3 13       		.uleb128 0x13
 1058 00e4 00       		.byte	0
 1059 00e5 00       		.byte	0
 1060 00e6 13       		.uleb128 0x13
 1061 00e7 0B       		.uleb128 0xb
 1062 00e8 01       		.byte	0x1
 1063 00e9 00       		.byte	0
 1064 00ea 00       		.byte	0
 1065 00eb 14       		.uleb128 0x14
 1066 00ec 2E       		.uleb128 0x2e
 1067 00ed 01       		.byte	0x1
 1068 00ee 3F       		.uleb128 0x3f
 1069 00ef 19       		.uleb128 0x19
 1070 00f0 03       		.uleb128 0x3
 1071 00f1 0E       		.uleb128 0xe
 1072 00f2 3A       		.uleb128 0x3a
 1073 00f3 0B       		.uleb128 0xb
 1074 00f4 3B       		.uleb128 0x3b
 1075 00f5 0B       		.uleb128 0xb
 1076 00f6 27       		.uleb128 0x27
 1077 00f7 19       		.uleb128 0x19
 1078 00f8 11       		.uleb128 0x11
 1079 00f9 01       		.uleb128 0x1
 1080 00fa 12       		.uleb128 0x12
 1081 00fb 06       		.uleb128 0x6
 1082 00fc 40       		.uleb128 0x40
 1083 00fd 18       		.uleb128 0x18
ARM GAS  /tmp/ccD4Xo19.s 			page 20


 1084 00fe 9742     		.uleb128 0x2117
 1085 0100 19       		.uleb128 0x19
 1086 0101 01       		.uleb128 0x1
 1087 0102 13       		.uleb128 0x13
 1088 0103 00       		.byte	0
 1089 0104 00       		.byte	0
 1090 0105 15       		.uleb128 0x15
 1091 0106 05       		.uleb128 0x5
 1092 0107 00       		.byte	0
 1093 0108 03       		.uleb128 0x3
 1094 0109 08       		.uleb128 0x8
 1095 010a 3A       		.uleb128 0x3a
 1096 010b 0B       		.uleb128 0xb
 1097 010c 3B       		.uleb128 0x3b
 1098 010d 0B       		.uleb128 0xb
 1099 010e 49       		.uleb128 0x49
 1100 010f 13       		.uleb128 0x13
 1101 0110 02       		.uleb128 0x2
 1102 0111 18       		.uleb128 0x18
 1103 0112 00       		.byte	0
 1104 0113 00       		.byte	0
 1105 0114 16       		.uleb128 0x16
 1106 0115 05       		.uleb128 0x5
 1107 0116 00       		.byte	0
 1108 0117 03       		.uleb128 0x3
 1109 0118 0E       		.uleb128 0xe
 1110 0119 3A       		.uleb128 0x3a
 1111 011a 0B       		.uleb128 0xb
 1112 011b 3B       		.uleb128 0x3b
 1113 011c 0B       		.uleb128 0xb
 1114 011d 49       		.uleb128 0x49
 1115 011e 13       		.uleb128 0x13
 1116 011f 02       		.uleb128 0x2
 1117 0120 18       		.uleb128 0x18
 1118 0121 00       		.byte	0
 1119 0122 00       		.byte	0
 1120 0123 17       		.uleb128 0x17
 1121 0124 05       		.uleb128 0x5
 1122 0125 00       		.byte	0
 1123 0126 03       		.uleb128 0x3
 1124 0127 08       		.uleb128 0x8
 1125 0128 3A       		.uleb128 0x3a
 1126 0129 0B       		.uleb128 0xb
 1127 012a 3B       		.uleb128 0x3b
 1128 012b 0B       		.uleb128 0xb
 1129 012c 49       		.uleb128 0x49
 1130 012d 13       		.uleb128 0x13
 1131 012e 02       		.uleb128 0x2
 1132 012f 17       		.uleb128 0x17
 1133 0130 00       		.byte	0
 1134 0131 00       		.byte	0
 1135 0132 18       		.uleb128 0x18
 1136 0133 1D       		.uleb128 0x1d
 1137 0134 01       		.byte	0x1
 1138 0135 31       		.uleb128 0x31
 1139 0136 13       		.uleb128 0x13
 1140 0137 11       		.uleb128 0x11
ARM GAS  /tmp/ccD4Xo19.s 			page 21


 1141 0138 01       		.uleb128 0x1
 1142 0139 12       		.uleb128 0x12
 1143 013a 06       		.uleb128 0x6
 1144 013b 58       		.uleb128 0x58
 1145 013c 0B       		.uleb128 0xb
 1146 013d 59       		.uleb128 0x59
 1147 013e 0B       		.uleb128 0xb
 1148 013f 00       		.byte	0
 1149 0140 00       		.byte	0
 1150 0141 19       		.uleb128 0x19
 1151 0142 05       		.uleb128 0x5
 1152 0143 00       		.byte	0
 1153 0144 31       		.uleb128 0x31
 1154 0145 13       		.uleb128 0x13
 1155 0146 02       		.uleb128 0x2
 1156 0147 17       		.uleb128 0x17
 1157 0148 00       		.byte	0
 1158 0149 00       		.byte	0
 1159 014a 1A       		.uleb128 0x1a
 1160 014b 0B       		.uleb128 0xb
 1161 014c 01       		.byte	0x1
 1162 014d 11       		.uleb128 0x11
 1163 014e 01       		.uleb128 0x1
 1164 014f 12       		.uleb128 0x12
 1165 0150 06       		.uleb128 0x6
 1166 0151 01       		.uleb128 0x1
 1167 0152 13       		.uleb128 0x13
 1168 0153 00       		.byte	0
 1169 0154 00       		.byte	0
 1170 0155 1B       		.uleb128 0x1b
 1171 0156 34       		.uleb128 0x34
 1172 0157 00       		.byte	0
 1173 0158 31       		.uleb128 0x31
 1174 0159 13       		.uleb128 0x13
 1175 015a 02       		.uleb128 0x2
 1176 015b 18       		.uleb128 0x18
 1177 015c 00       		.byte	0
 1178 015d 00       		.byte	0
 1179 015e 1C       		.uleb128 0x1c
 1180 015f 1D       		.uleb128 0x1d
 1181 0160 01       		.byte	0x1
 1182 0161 31       		.uleb128 0x31
 1183 0162 13       		.uleb128 0x13
 1184 0163 52       		.uleb128 0x52
 1185 0164 01       		.uleb128 0x1
 1186 0165 55       		.uleb128 0x55
 1187 0166 17       		.uleb128 0x17
 1188 0167 58       		.uleb128 0x58
 1189 0168 0B       		.uleb128 0xb
 1190 0169 59       		.uleb128 0x59
 1191 016a 0B       		.uleb128 0xb
 1192 016b 01       		.uleb128 0x1
 1193 016c 13       		.uleb128 0x13
 1194 016d 00       		.byte	0
 1195 016e 00       		.byte	0
 1196 016f 1D       		.uleb128 0x1d
 1197 0170 0B       		.uleb128 0xb
ARM GAS  /tmp/ccD4Xo19.s 			page 22


 1198 0171 01       		.byte	0x1
 1199 0172 55       		.uleb128 0x55
 1200 0173 17       		.uleb128 0x17
 1201 0174 00       		.byte	0
 1202 0175 00       		.byte	0
 1203 0176 1E       		.uleb128 0x1e
 1204 0177 34       		.uleb128 0x34
 1205 0178 00       		.byte	0
 1206 0179 31       		.uleb128 0x31
 1207 017a 13       		.uleb128 0x13
 1208 017b 02       		.uleb128 0x2
 1209 017c 17       		.uleb128 0x17
 1210 017d 00       		.byte	0
 1211 017e 00       		.byte	0
 1212 017f 1F       		.uleb128 0x1f
 1213 0180 2E       		.uleb128 0x2e
 1214 0181 01       		.byte	0x1
 1215 0182 31       		.uleb128 0x31
 1216 0183 13       		.uleb128 0x13
 1217 0184 11       		.uleb128 0x11
 1218 0185 01       		.uleb128 0x1
 1219 0186 12       		.uleb128 0x12
 1220 0187 06       		.uleb128 0x6
 1221 0188 40       		.uleb128 0x40
 1222 0189 18       		.uleb128 0x18
 1223 018a 01       		.uleb128 0x1
 1224 018b 13       		.uleb128 0x13
 1225 018c 00       		.byte	0
 1226 018d 00       		.byte	0
 1227 018e 20       		.uleb128 0x20
 1228 018f 2E       		.uleb128 0x2e
 1229 0190 01       		.byte	0x1
 1230 0191 3F       		.uleb128 0x3f
 1231 0192 19       		.uleb128 0x19
 1232 0193 03       		.uleb128 0x3
 1233 0194 0E       		.uleb128 0xe
 1234 0195 3A       		.uleb128 0x3a
 1235 0196 0B       		.uleb128 0xb
 1236 0197 3B       		.uleb128 0x3b
 1237 0198 0B       		.uleb128 0xb
 1238 0199 27       		.uleb128 0x27
 1239 019a 19       		.uleb128 0x19
 1240 019b 49       		.uleb128 0x49
 1241 019c 13       		.uleb128 0x13
 1242 019d 11       		.uleb128 0x11
 1243 019e 01       		.uleb128 0x1
 1244 019f 12       		.uleb128 0x12
 1245 01a0 06       		.uleb128 0x6
 1246 01a1 40       		.uleb128 0x40
 1247 01a2 18       		.uleb128 0x18
 1248 01a3 9642     		.uleb128 0x2116
 1249 01a5 19       		.uleb128 0x19
 1250 01a6 01       		.uleb128 0x1
 1251 01a7 13       		.uleb128 0x13
 1252 01a8 00       		.byte	0
 1253 01a9 00       		.byte	0
 1254 01aa 21       		.uleb128 0x21
ARM GAS  /tmp/ccD4Xo19.s 			page 23


 1255 01ab 34       		.uleb128 0x34
 1256 01ac 00       		.byte	0
 1257 01ad 03       		.uleb128 0x3
 1258 01ae 0E       		.uleb128 0xe
 1259 01af 3A       		.uleb128 0x3a
 1260 01b0 0B       		.uleb128 0xb
 1261 01b1 3B       		.uleb128 0x3b
 1262 01b2 0B       		.uleb128 0xb
 1263 01b3 49       		.uleb128 0x49
 1264 01b4 13       		.uleb128 0x13
 1265 01b5 02       		.uleb128 0x2
 1266 01b6 18       		.uleb128 0x18
 1267 01b7 00       		.byte	0
 1268 01b8 00       		.byte	0
 1269 01b9 22       		.uleb128 0x22
 1270 01ba 34       		.uleb128 0x34
 1271 01bb 00       		.byte	0
 1272 01bc 03       		.uleb128 0x3
 1273 01bd 08       		.uleb128 0x8
 1274 01be 3A       		.uleb128 0x3a
 1275 01bf 0B       		.uleb128 0xb
 1276 01c0 3B       		.uleb128 0x3b
 1277 01c1 0B       		.uleb128 0xb
 1278 01c2 49       		.uleb128 0x49
 1279 01c3 13       		.uleb128 0x13
 1280 01c4 02       		.uleb128 0x2
 1281 01c5 18       		.uleb128 0x18
 1282 01c6 00       		.byte	0
 1283 01c7 00       		.byte	0
 1284 01c8 23       		.uleb128 0x23
 1285 01c9 2E       		.uleb128 0x2e
 1286 01ca 01       		.byte	0x1
 1287 01cb 31       		.uleb128 0x31
 1288 01cc 13       		.uleb128 0x13
 1289 01cd 11       		.uleb128 0x11
 1290 01ce 01       		.uleb128 0x1
 1291 01cf 12       		.uleb128 0x12
 1292 01d0 06       		.uleb128 0x6
 1293 01d1 40       		.uleb128 0x40
 1294 01d2 18       		.uleb128 0x18
 1295 01d3 9742     		.uleb128 0x2117
 1296 01d5 19       		.uleb128 0x19
 1297 01d6 01       		.uleb128 0x1
 1298 01d7 13       		.uleb128 0x13
 1299 01d8 00       		.byte	0
 1300 01d9 00       		.byte	0
 1301 01da 24       		.uleb128 0x24
 1302 01db 05       		.uleb128 0x5
 1303 01dc 00       		.byte	0
 1304 01dd 31       		.uleb128 0x31
 1305 01de 13       		.uleb128 0x13
 1306 01df 02       		.uleb128 0x2
 1307 01e0 18       		.uleb128 0x18
 1308 01e1 00       		.byte	0
 1309 01e2 00       		.byte	0
 1310 01e3 25       		.uleb128 0x25
 1311 01e4 2E       		.uleb128 0x2e
ARM GAS  /tmp/ccD4Xo19.s 			page 24


 1312 01e5 01       		.byte	0x1
 1313 01e6 31       		.uleb128 0x31
 1314 01e7 13       		.uleb128 0x13
 1315 01e8 11       		.uleb128 0x11
 1316 01e9 01       		.uleb128 0x1
 1317 01ea 12       		.uleb128 0x12
 1318 01eb 06       		.uleb128 0x6
 1319 01ec 40       		.uleb128 0x40
 1320 01ed 18       		.uleb128 0x18
 1321 01ee 9742     		.uleb128 0x2117
 1322 01f0 19       		.uleb128 0x19
 1323 01f1 00       		.byte	0
 1324 01f2 00       		.byte	0
 1325 01f3 00       		.byte	0
 1326              		.section	.debug_loc,"",%progbits
 1327              	.Ldebug_loc0:
 1328              	.LLST0:
 1329 0000 00000000 		.4byte	.LVL1
 1330 0004 1A000000 		.4byte	.LVL7
 1331 0008 0100     		.2byte	0x1
 1332 000a 51       		.byte	0x51
 1333 000b 1A000000 		.4byte	.LVL7
 1334 000f 1E000000 		.4byte	.LFE8
 1335 0013 0100     		.2byte	0x1
 1336 0015 51       		.byte	0x51
 1337 0016 00000000 		.4byte	0
 1338 001a 00000000 		.4byte	0
 1339              	.LLST1:
 1340 001e 00000000 		.4byte	.LVL1
 1341 0022 02000000 		.4byte	.LVL2
 1342 0026 0100     		.2byte	0x1
 1343 0028 52       		.byte	0x52
 1344 0029 02000000 		.4byte	.LVL2
 1345 002d 18000000 		.4byte	.LVL6
 1346 0031 0100     		.2byte	0x1
 1347 0033 52       		.byte	0x52
 1348 0034 18000000 		.4byte	.LVL6
 1349 0038 1A000000 		.4byte	.LVL7
 1350 003c 0300     		.2byte	0x3
 1351 003e 72       		.byte	0x72
 1352 003f 01       		.sleb128 1
 1353 0040 9F       		.byte	0x9f
 1354 0041 00000000 		.4byte	0
 1355 0045 00000000 		.4byte	0
 1356              	.LLST2:
 1357 0049 02000000 		.4byte	.LVL2
 1358 004d 14000000 		.4byte	.LVL5
 1359 0051 0100     		.2byte	0x1
 1360 0053 51       		.byte	0x51
 1361 0054 00000000 		.4byte	0
 1362 0058 00000000 		.4byte	0
 1363              	.LLST3:
 1364 005c 02000000 		.4byte	.LVL2
 1365 0060 14000000 		.4byte	.LVL5
 1366 0064 0100     		.2byte	0x1
 1367 0066 50       		.byte	0x50
 1368 0067 00000000 		.4byte	0
ARM GAS  /tmp/ccD4Xo19.s 			page 25


 1369 006b 00000000 		.4byte	0
 1370              	.LLST4:
 1371 006f 08000000 		.4byte	.LVL3
 1372 0073 10000000 		.4byte	.LVL4
 1373 0077 0100     		.2byte	0x1
 1374 0079 51       		.byte	0x51
 1375 007a 00000000 		.4byte	0
 1376 007e 00000000 		.4byte	0
 1377              	.LLST5:
 1378 0082 08000000 		.4byte	.LVL3
 1379 0086 10000000 		.4byte	.LVL4
 1380 008a 0100     		.2byte	0x1
 1381 008c 50       		.byte	0x50
 1382 008d 00000000 		.4byte	0
 1383 0091 00000000 		.4byte	0
 1384              	.LLST6:
 1385 0095 08000000 		.4byte	.LVL3
 1386 0099 1A000000 		.4byte	.LVL7
 1387 009d 0100     		.2byte	0x1
 1388 009f 51       		.byte	0x51
 1389 00a0 1A000000 		.4byte	.LVL7
 1390 00a4 1C000000 		.4byte	.LVL8
 1391 00a8 0200     		.2byte	0x2
 1392 00aa 70       		.byte	0x70
 1393 00ab 00       		.sleb128 0
 1394 00ac 00000000 		.4byte	0
 1395 00b0 00000000 		.4byte	0
 1396              	.LLST7:
 1397 00b4 00000000 		.4byte	.LVL9
 1398 00b8 0A000000 		.4byte	.LVL11
 1399 00bc 0100     		.2byte	0x1
 1400 00be 50       		.byte	0x50
 1401 00bf 0A000000 		.4byte	.LVL11
 1402 00c3 0C000000 		.4byte	.LVL12
 1403 00c7 0400     		.2byte	0x4
 1404 00c9 F3       		.byte	0xf3
 1405 00ca 01       		.uleb128 0x1
 1406 00cb 50       		.byte	0x50
 1407 00cc 9F       		.byte	0x9f
 1408 00cd 0C000000 		.4byte	.LVL12
 1409 00d1 14000000 		.4byte	.LVL13
 1410 00d5 0100     		.2byte	0x1
 1411 00d7 50       		.byte	0x50
 1412 00d8 14000000 		.4byte	.LVL13
 1413 00dc 16000000 		.4byte	.LFE9
 1414 00e0 0400     		.2byte	0x4
 1415 00e2 F3       		.byte	0xf3
 1416 00e3 01       		.uleb128 0x1
 1417 00e4 50       		.byte	0x50
 1418 00e5 9F       		.byte	0x9f
 1419 00e6 00000000 		.4byte	0
 1420 00ea 00000000 		.4byte	0
 1421              	.LLST8:
 1422 00ee 02000000 		.4byte	.LVL10
 1423 00f2 15000000 		.4byte	.LVL14-1
 1424 00f6 0100     		.2byte	0x1
 1425 00f8 53       		.byte	0x53
ARM GAS  /tmp/ccD4Xo19.s 			page 26


 1426 00f9 00000000 		.4byte	0
 1427 00fd 00000000 		.4byte	0
 1428              	.LLST9:
 1429 0101 00000000 		.4byte	.LVL15
 1430 0105 0C000000 		.4byte	.LVL17
 1431 0109 0100     		.2byte	0x1
 1432 010b 50       		.byte	0x50
 1433 010c 0C000000 		.4byte	.LVL17
 1434 0110 23000000 		.4byte	.LVL21-1
 1435 0114 0100     		.2byte	0x1
 1436 0116 52       		.byte	0x52
 1437 0117 23000000 		.4byte	.LVL21-1
 1438 011b 2C000000 		.4byte	.LFE10
 1439 011f 0400     		.2byte	0x4
 1440 0121 F3       		.byte	0xf3
 1441 0122 01       		.uleb128 0x1
 1442 0123 50       		.byte	0x50
 1443 0124 9F       		.byte	0x9f
 1444 0125 00000000 		.4byte	0
 1445 0129 00000000 		.4byte	0
 1446              	.LLST10:
 1447 012d 0A000000 		.4byte	.LVL16
 1448 0131 0C000000 		.4byte	.LVL17
 1449 0135 0100     		.2byte	0x1
 1450 0137 50       		.byte	0x50
 1451 0138 0C000000 		.4byte	.LVL17
 1452 013c 12000000 		.4byte	.LVL18
 1453 0140 0100     		.2byte	0x1
 1454 0142 52       		.byte	0x52
 1455 0143 1A000000 		.4byte	.LVL19
 1456 0147 23000000 		.4byte	.LVL21-1
 1457 014b 0100     		.2byte	0x1
 1458 014d 52       		.byte	0x52
 1459 014e 23000000 		.4byte	.LVL21-1
 1460 0152 24000000 		.4byte	.LVL21
 1461 0156 0400     		.2byte	0x4
 1462 0158 F3       		.byte	0xf3
 1463 0159 01       		.uleb128 0x1
 1464 015a 50       		.byte	0x50
 1465 015b 9F       		.byte	0x9f
 1466 015c 00000000 		.4byte	0
 1467 0160 00000000 		.4byte	0
 1468              	.LLST11:
 1469 0164 0C000000 		.4byte	.LVL17
 1470 0168 12000000 		.4byte	.LVL18
 1471 016c 0100     		.2byte	0x1
 1472 016e 50       		.byte	0x50
 1473 016f 1A000000 		.4byte	.LVL19
 1474 0173 22000000 		.4byte	.LVL20
 1475 0177 0100     		.2byte	0x1
 1476 0179 50       		.byte	0x50
 1477 017a 22000000 		.4byte	.LVL20
 1478 017e 23000000 		.4byte	.LVL21-1
 1479 0182 0200     		.2byte	0x2
 1480 0184 72       		.byte	0x72
 1481 0185 00       		.sleb128 0
 1482 0186 00000000 		.4byte	0
ARM GAS  /tmp/ccD4Xo19.s 			page 27


 1483 018a 00000000 		.4byte	0
 1484              	.LLST12:
 1485 018e 06000000 		.4byte	.LVL24
 1486 0192 0E000000 		.4byte	.LVL25
 1487 0196 0100     		.2byte	0x1
 1488 0198 51       		.byte	0x51
 1489 0199 00000000 		.4byte	0
 1490 019d 00000000 		.4byte	0
 1491              	.LLST13:
 1492 01a1 06000000 		.4byte	.LVL24
 1493 01a5 0E000000 		.4byte	.LVL25
 1494 01a9 0100     		.2byte	0x1
 1495 01ab 50       		.byte	0x50
 1496 01ac 00000000 		.4byte	0
 1497 01b0 00000000 		.4byte	0
 1498              		.section	.debug_aranges,"",%progbits
 1499 0000 44000000 		.4byte	0x44
 1500 0004 0200     		.2byte	0x2
 1501 0006 00000000 		.4byte	.Ldebug_info0
 1502 000a 04       		.byte	0x4
 1503 000b 00       		.byte	0
 1504 000c 0000     		.2byte	0
 1505 000e 0000     		.2byte	0
 1506 0010 00000000 		.4byte	.LFB7
 1507 0014 0A000000 		.4byte	.LFE7-.LFB7
 1508 0018 00000000 		.4byte	.LFB8
 1509 001c 1E000000 		.4byte	.LFE8-.LFB8
 1510 0020 00000000 		.4byte	.LFB9
 1511 0024 16000000 		.4byte	.LFE9-.LFB9
 1512 0028 00000000 		.4byte	.LFB10
 1513 002c 2C000000 		.4byte	.LFE10-.LFB10
 1514 0030 00000000 		.4byte	.LFB11
 1515 0034 08000000 		.4byte	.LFE11-.LFB11
 1516 0038 00000000 		.4byte	.LFB12
 1517 003c 14000000 		.4byte	.LFE12-.LFB12
 1518 0040 00000000 		.4byte	0
 1519 0044 00000000 		.4byte	0
 1520              		.section	.debug_ranges,"",%progbits
 1521              	.Ldebug_ranges0:
 1522 0000 08000000 		.4byte	.LBB18
 1523 0004 0C000000 		.4byte	.LBE18
 1524 0008 0E000000 		.4byte	.LBB22
 1525 000c 10000000 		.4byte	.LBE22
 1526 0010 00000000 		.4byte	0
 1527 0014 00000000 		.4byte	0
 1528 0018 0C000000 		.4byte	.LBB21
 1529 001c 0E000000 		.4byte	.LBE21
 1530 0020 10000000 		.4byte	.LBB23
 1531 0024 14000000 		.4byte	.LBE23
 1532 0028 00000000 		.4byte	0
 1533 002c 00000000 		.4byte	0
 1534 0030 0A000000 		.4byte	.LBB25
 1535 0034 12000000 		.4byte	.LBE25
 1536 0038 1A000000 		.4byte	.LBB29
 1537 003c 24000000 		.4byte	.LBE29
 1538 0040 00000000 		.4byte	0
 1539 0044 00000000 		.4byte	0
ARM GAS  /tmp/ccD4Xo19.s 			page 28


 1540 0048 12000000 		.4byte	.LBB28
 1541 004c 18000000 		.4byte	.LBE28
 1542 0050 24000000 		.4byte	.LBB30
 1543 0054 2A000000 		.4byte	.LBE30
 1544 0058 00000000 		.4byte	0
 1545 005c 00000000 		.4byte	0
 1546 0060 06000000 		.4byte	.LBB32
 1547 0064 0A000000 		.4byte	.LBE32
 1548 0068 0C000000 		.4byte	.LBB36
 1549 006c 0E000000 		.4byte	.LBE36
 1550 0070 00000000 		.4byte	0
 1551 0074 00000000 		.4byte	0
 1552 0078 0A000000 		.4byte	.LBB35
 1553 007c 0C000000 		.4byte	.LBE35
 1554 0080 0E000000 		.4byte	.LBB37
 1555 0084 14000000 		.4byte	.LBE37
 1556 0088 00000000 		.4byte	0
 1557 008c 00000000 		.4byte	0
 1558 0090 00000000 		.4byte	.LFB7
 1559 0094 0A000000 		.4byte	.LFE7
 1560 0098 00000000 		.4byte	.LFB8
 1561 009c 1E000000 		.4byte	.LFE8
 1562 00a0 00000000 		.4byte	.LFB9
 1563 00a4 16000000 		.4byte	.LFE9
 1564 00a8 00000000 		.4byte	.LFB10
 1565 00ac 2C000000 		.4byte	.LFE10
 1566 00b0 00000000 		.4byte	.LFB11
 1567 00b4 08000000 		.4byte	.LFE11
 1568 00b8 00000000 		.4byte	.LFB12
 1569 00bc 14000000 		.4byte	.LFE12
 1570 00c0 00000000 		.4byte	0
 1571 00c4 00000000 		.4byte	0
 1572              		.section	.debug_line,"",%progbits
 1573              	.Ldebug_line0:
 1574 0000 3D020000 		.section	.debug_str,"MS",%progbits,1
 1574      02009601 
 1574      00000201 
 1574      FB0E0D00 
 1574      01010101 
 1575              	.LASF5:
 1576 0000 5F5F7569 		.ascii	"__uint8_t\000"
 1576      6E74385F 
 1576      7400
 1577              	.LASF4:
 1578 000a 73697A65 		.ascii	"size_t\000"
 1578      5F7400
 1579              	.LASF20:
 1580 0011 6D705F6F 		.ascii	"mp_object_size\000"
 1580      626A6563 
 1580      745F7369 
 1580      7A6500
 1581              	.LASF30:
 1582 0020 6368506F 		.ascii	"chPoolLoadArray\000"
 1582      6F6C4C6F 
 1582      61644172 
 1582      72617900 
 1583              	.LASF34:
ARM GAS  /tmp/ccD4Xo19.s 			page 29


 1584 0030 706F6F6C 		.ascii	"pool_header\000"
 1584      5F686561 
 1584      64657200 
 1585              	.LASF27:
 1586 003c 73697A65 		.ascii	"size\000"
 1586      00
 1587              	.LASF11:
 1588 0041 6C6F6E67 		.ascii	"long unsigned int\000"
 1588      20756E73 
 1588      69676E65 
 1588      6420696E 
 1588      7400
 1589              	.LASF8:
 1590 0053 73686F72 		.ascii	"short unsigned int\000"
 1590      7420756E 
 1590      7369676E 
 1590      65642069 
 1590      6E7400
 1591              	.LASF28:
 1592 0066 70726F76 		.ascii	"provider\000"
 1592      69646572 
 1592      00
 1593              	.LASF14:
 1594 006f 75696E74 		.ascii	"uint32_t\000"
 1594      33325F74 
 1594      00
 1595              	.LASF25:
 1596 0078 6368506F 		.ascii	"chPoolFreeI\000"
 1596      6F6C4672 
 1596      65654900 
 1597              	.LASF32:
 1598 0084 2E2E2F2E 		.ascii	"../../os/kernel/src/chmempools.c\000"
 1598      2E2F6F73 
 1598      2F6B6572 
 1598      6E656C2F 
 1598      7372632F 
 1599              	.LASF6:
 1600 00a5 756E7369 		.ascii	"unsigned char\000"
 1600      676E6564 
 1600      20636861 
 1600      7200
 1601              	.LASF10:
 1602 00b3 5F5F7569 		.ascii	"__uint32_t\000"
 1602      6E743332 
 1602      5F7400
 1603              	.LASF26:
 1604 00be 6368506F 		.ascii	"chPoolFree\000"
 1604      6F6C4672 
 1604      656500
 1605              	.LASF22:
 1606 00c9 4D656D6F 		.ascii	"MemoryPool\000"
 1606      7279506F 
 1606      6F6C00
 1607              	.LASF24:
 1608 00d4 6F626A70 		.ascii	"objp\000"
 1608      00
 1609              	.LASF35:
ARM GAS  /tmp/ccD4Xo19.s 			page 30


 1610 00d9 6368506F 		.ascii	"chPoolAllocI\000"
 1610      6F6C416C 
 1610      6C6F6349 
 1610      00
 1611              	.LASF0:
 1612 00e6 756E7369 		.ascii	"unsigned int\000"
 1612      676E6564 
 1612      20696E74 
 1612      00
 1613              	.LASF12:
 1614 00f3 6C6F6E67 		.ascii	"long long unsigned int\000"
 1614      206C6F6E 
 1614      6720756E 
 1614      7369676E 
 1614      65642069 
 1615              	.LASF13:
 1616 010a 75696E74 		.ascii	"uint8_t\000"
 1616      385F7400 
 1617              	.LASF18:
 1618 0112 70685F6E 		.ascii	"ph_next\000"
 1618      65787400 
 1619              	.LASF16:
 1620 011a 73697A65 		.ascii	"sizetype\000"
 1620      74797065 
 1620      00
 1621              	.LASF1:
 1622 0123 6C6F6E67 		.ascii	"long long int\000"
 1622      206C6F6E 
 1622      6720696E 
 1622      7400
 1623              	.LASF23:
 1624 0131 63686172 		.ascii	"char\000"
 1624      00
 1625              	.LASF17:
 1626 0136 6D656D67 		.ascii	"memgetfunc_t\000"
 1626      65746675 
 1626      6E635F74 
 1626      00
 1627              	.LASF21:
 1628 0143 6D705F70 		.ascii	"mp_provider\000"
 1628      726F7669 
 1628      64657200 
 1629              	.LASF7:
 1630 014f 73686F72 		.ascii	"short int\000"
 1630      7420696E 
 1630      7400
 1631              	.LASF33:
 1632 0159 2F686F6D 		.ascii	"/home/lithium/Documentos/ChibiOS_2.6.8/demos/ESPv1\000"
 1632      652F6C69 
 1632      74686975 
 1632      6D2F446F 
 1632      63756D65 
 1633              	.LASF36:
 1634 018c 6368506F 		.ascii	"chPoolAlloc\000"
 1634      6F6C416C 
 1634      6C6F6300 
 1635              	.LASF31:
ARM GAS  /tmp/ccD4Xo19.s 			page 31


 1636 0198 474E5520 		.ascii	"GNU C11 5.3.1 20160307 (release) [ARM/embedded-5-br"
 1636      43313120 
 1636      352E332E 
 1636      31203230 
 1636      31363033 
 1637 01cb 616E6368 		.ascii	"anch revision 234589] -mcpu=cortex-m4 -mno-thumb-in"
 1637      20726576 
 1637      6973696F 
 1637      6E203233 
 1637      34353839 
 1638 01fe 74657277 		.ascii	"terwork -mthumb -ggdb -O2 -fomit-frame-pointer -fal"
 1638      6F726B20 
 1638      2D6D7468 
 1638      756D6220 
 1638      2D676764 
 1639 0231 69676E2D 		.ascii	"ign-functions=16 -ffunction-sections -fdata-section"
 1639      66756E63 
 1639      74696F6E 
 1639      733D3136 
 1639      202D6666 
 1640 0264 73202D66 		.ascii	"s -fno-common\000"
 1640      6E6F2D63 
 1640      6F6D6D6F 
 1640      6E00
 1641              	.LASF9:
 1642 0272 6C6F6E67 		.ascii	"long int\000"
 1642      20696E74 
 1642      00
 1643              	.LASF2:
 1644 027b 6C6F6E67 		.ascii	"long double\000"
 1644      20646F75 
 1644      626C6500 
 1645              	.LASF3:
 1646 0287 7369676E 		.ascii	"signed char\000"
 1646      65642063 
 1646      68617200 
 1647              	.LASF19:
 1648 0293 6D705F6E 		.ascii	"mp_next\000"
 1648      65787400 
 1649              	.LASF15:
 1650 029b 5F426F6F 		.ascii	"_Bool\000"
 1650      6C00
 1651              	.LASF29:
 1652 02a1 6368506F 		.ascii	"chPoolInit\000"
 1652      6F6C496E 
 1652      697400
 1653              		.ident	"GCC: (GNU Tools for ARM Embedded Processors) 5.3.1 20160307 (release) [ARM/embedded-5-bran
ARM GAS  /tmp/ccD4Xo19.s 			page 32


DEFINED SYMBOLS
                            *ABS*:00000000 chmempools.c
     /tmp/ccD4Xo19.s:20     .text.chPoolInit:00000000 $t
     /tmp/ccD4Xo19.s:26     .text.chPoolInit:00000000 chPoolInit
     /tmp/ccD4Xo19.s:48     .text.chPoolLoadArray:00000000 $t
     /tmp/ccD4Xo19.s:54     .text.chPoolLoadArray:00000000 chPoolLoadArray
     /tmp/ccD4Xo19.s:124    .text.chPoolAllocI:00000000 $t
     /tmp/ccD4Xo19.s:130    .text.chPoolAllocI:00000000 chPoolAllocI
     /tmp/ccD4Xo19.s:165    .text.chPoolAlloc:00000000 $t
     /tmp/ccD4Xo19.s:171    .text.chPoolAlloc:00000000 chPoolAlloc
     /tmp/ccD4Xo19.s:251    .text.chPoolFreeI:00000000 $t
     /tmp/ccD4Xo19.s:257    .text.chPoolFreeI:00000000 chPoolFreeI
     /tmp/ccD4Xo19.s:275    .text.chPoolFree:00000000 $t
     /tmp/ccD4Xo19.s:281    .text.chPoolFree:00000000 chPoolFree
                     .debug_frame:00000010 $d

NO UNDEFINED SYMBOLS
