ARM GAS  /tmp/ccBToM6c.s 			page 1


   1              		.syntax unified
   2              		.cpu cortex-m4
   3              		.fpu softvfp
   4              		.eabi_attribute 20, 1
   5              		.eabi_attribute 21, 1
   6              		.eabi_attribute 23, 3
   7              		.eabi_attribute 24, 1
   8              		.eabi_attribute 25, 1
   9              		.eabi_attribute 26, 1
  10              		.eabi_attribute 30, 2
  11              		.eabi_attribute 34, 1
  12              		.eabi_attribute 18, 4
  13              		.thumb
  14              		.syntax unified
  15              		.file	"chregistry.c"
  16              		.text
  17              	.Ltext0:
  18              		.cfi_sections	.debug_frame
  19              		.section	.text.chRegFirstThread,"ax",%progbits
  20              		.align	2
  21              		.p2align 4,,15
  22              		.global	chRegFirstThread
  23              		.thumb
  24              		.thumb_func
  25              		.type	chRegFirstThread, %function
  26              	chRegFirstThread:
  27              	.LFB7:
  28              		.file 1 "../../os/kernel/src/chregistry.c"
  29              		.loc 1 117 0
  30              		.cfi_startproc
  31              		@ args = 0, pretend = 0, frame = 0
  32              		@ frame_needed = 0, uses_anonymous_args = 0
  33              		@ link register save eliminated.
  34              	.LBB2:
  35              		.loc 1 120 0
  36 0000 2023     		movs	r3, #32
  37              		.syntax unified
  38              	@ 120 "../../os/kernel/src/chregistry.c" 1
  39 0002 83F31188 		msr     BASEPRI, r3
  40              	@ 0 "" 2
  41              		.thumb
  42              		.syntax unified
  43              	.LBE2:
  44              		.loc 1 121 0
  45 0006 044B     		ldr	r3, .L2
  46 0008 1869     		ldr	r0, [r3, #16]
  47              	.LVL0:
  48              		.loc 1 123 0
  49 000a 837F     		ldrb	r3, [r0, #30]	@ zero_extendqisi2
  50 000c 0133     		adds	r3, r3, #1
  51 000e 8377     		strb	r3, [r0, #30]
  52              	.LBB3:
  53              		.loc 1 125 0
  54 0010 0023     		movs	r3, #0
  55              		.syntax unified
  56              	@ 125 "../../os/kernel/src/chregistry.c" 1
  57 0012 83F31188 		msr     BASEPRI, r3
ARM GAS  /tmp/ccBToM6c.s 			page 2


  58              	@ 0 "" 2
  59              		.thumb
  60              		.syntax unified
  61              	.LBE3:
  62              		.loc 1 127 0
  63 0016 7047     		bx	lr
  64              	.L3:
  65              		.align	2
  66              	.L2:
  67 0018 00000000 		.word	rlist
  68              		.cfi_endproc
  69              	.LFE7:
  70              		.size	chRegFirstThread, .-chRegFirstThread
  71              		.section	.text.chRegNextThread,"ax",%progbits
  72              		.align	2
  73              		.p2align 4,,15
  74              		.global	chRegNextThread
  75              		.thumb
  76              		.thumb_func
  77              		.type	chRegNextThread, %function
  78              	chRegNextThread:
  79              	.LFB8:
  80              		.loc 1 140 0
  81              		.cfi_startproc
  82              		@ args = 0, pretend = 0, frame = 0
  83              		@ frame_needed = 0, uses_anonymous_args = 0
  84              	.LVL1:
  85 0000 10B5     		push	{r4, lr}
  86              		.cfi_def_cfa_offset 8
  87              		.cfi_offset 4, -8
  88              		.cfi_offset 14, -4
  89              	.LBB4:
  90              		.loc 1 143 0
  91 0002 2023     		movs	r3, #32
  92              		.syntax unified
  93              	@ 143 "../../os/kernel/src/chregistry.c" 1
  94 0004 83F31188 		msr     BASEPRI, r3
  95              	@ 0 "" 2
  96              		.thumb
  97              		.syntax unified
  98              	.LBE4:
  99              		.loc 1 145 0
 100 0008 074B     		ldr	r3, .L9
 101              		.loc 1 144 0
 102 000a 0469     		ldr	r4, [r0, #16]
 103              	.LVL2:
 104              		.loc 1 145 0
 105 000c 9C42     		cmp	r4, r3
 106              		.loc 1 151 0
 107 000e 1DBF     		ittte	ne
 108 0010 A37F     		ldrbne	r3, [r4, #30]	@ zero_extendqisi2
 109 0012 0133     		addne	r3, r3, #1
 110 0014 A377     		strbne	r3, [r4, #30]
 111              		.loc 1 146 0
 112 0016 0024     		moveq	r4, #0
 113              	.LVL3:
 114              	.LBB5:
ARM GAS  /tmp/ccBToM6c.s 			page 3


 115              		.loc 1 154 0
 116 0018 0023     		movs	r3, #0
 117              		.syntax unified
 118              	@ 154 "../../os/kernel/src/chregistry.c" 1
 119 001a 83F31188 		msr     BASEPRI, r3
 120              	@ 0 "" 2
 121              		.thumb
 122              		.syntax unified
 123              	.LBE5:
 124              		.loc 1 156 0
 125 001e FFF7FEFF 		bl	chThdRelease
 126              	.LVL4:
 127              		.loc 1 159 0
 128 0022 2046     		mov	r0, r4
 129 0024 10BD     		pop	{r4, pc}
 130              	.LVL5:
 131              	.L10:
 132 0026 00BF     		.align	2
 133              	.L9:
 134 0028 00000000 		.word	rlist
 135              		.cfi_endproc
 136              	.LFE8:
 137              		.size	chRegNextThread, .-chRegNextThread
 138              		.global	ch_debug
 139              		.section	.rodata.ch_debug,"a",%progbits
 140              		.align	2
 141              		.type	ch_debug, %object
 142              		.size	ch_debug, 22
 143              	ch_debug:
 144 0000 6D61696E 		.ascii	"main"
 145 0004 00       		.byte	0
 146 0005 16       		.byte	22
 147 0006 8811     		.short	4488
 148 0008 04       		.byte	4
 149 0009 04       		.byte	4
 150 000a 48       		.byte	72
 151 000b 08       		.byte	8
 152 000c 0C       		.byte	12
 153 000d 10       		.byte	16
 154 000e 14       		.byte	20
 155 000f 18       		.byte	24
 156 0010 00       		.byte	0
 157 0011 1C       		.byte	28
 158 0012 1D       		.byte	29
 159 0013 1E       		.byte	30
 160 0014 1F       		.byte	31
 161 0015 20       		.byte	32
 162              		.text
 163              	.Letext0:
 164              		.file 2 "/home/lithium/Descargas/gcc-arm-none-eabi-5_3-2016q1/lib/gcc/arm-none-eabi/5.3.1/include/
 165              		.file 3 "/home/lithium/Descargas/gcc-arm-none-eabi-5_3-2016q1/arm-none-eabi/include/machine/_defau
 166              		.file 4 "/home/lithium/Descargas/gcc-arm-none-eabi-5_3-2016q1/arm-none-eabi/include/sys/_stdint.h"
 167              		.file 5 "../../os/ports/GCC/ARMCMx/chtypes.h"
 168              		.file 6 "../../os/kernel/include/chlists.h"
 169              		.file 7 "../../os/kernel/include/chthreads.h"
 170              		.file 8 "../../os/ports/GCC/ARMCMx/chcore_v7m.h"
 171              		.file 9 "../../os/kernel/include/chschd.h"
ARM GAS  /tmp/ccBToM6c.s 			page 4


 172              		.file 10 "../../os/kernel/include/chmtx.h"
 173              		.file 11 "../../os/kernel/include/chregistry.h"
 174              		.file 12 "../../os/kernel/include/chdynamic.h"
 175              		.section	.debug_info,"",%progbits
 176              	.Ldebug_info0:
 177 0000 2A060000 		.4byte	0x62a
 178 0004 0400     		.2byte	0x4
 179 0006 00000000 		.4byte	.Ldebug_abbrev0
 180 000a 04       		.byte	0x4
 181 000b 01       		.uleb128 0x1
 182 000c B5020000 		.4byte	.LASF93
 183 0010 0C       		.byte	0xc
 184 0011 5C040000 		.4byte	.LASF94
 185 0015 49020000 		.4byte	.LASF95
 186 0019 00000000 		.4byte	.Ldebug_ranges0+0
 187 001d 00000000 		.4byte	0
 188 0021 00000000 		.4byte	.Ldebug_line0
 189 0025 02       		.uleb128 0x2
 190 0026 04       		.byte	0x4
 191 0027 05       		.byte	0x5
 192 0028 696E7400 		.ascii	"int\000"
 193 002c 03       		.uleb128 0x3
 194 002d 13000000 		.4byte	.LASF4
 195 0031 02       		.byte	0x2
 196 0032 D8       		.byte	0xd8
 197 0033 37000000 		.4byte	0x37
 198 0037 04       		.uleb128 0x4
 199 0038 04       		.byte	0x4
 200 0039 07       		.byte	0x7
 201 003a 10010000 		.4byte	.LASF0
 202 003e 04       		.uleb128 0x4
 203 003f 08       		.byte	0x8
 204 0040 05       		.byte	0x5
 205 0041 7E000000 		.4byte	.LASF1
 206 0045 04       		.uleb128 0x4
 207 0046 08       		.byte	0x8
 208 0047 04       		.byte	0x4
 209 0048 B2010000 		.4byte	.LASF2
 210 004c 04       		.uleb128 0x4
 211 004d 01       		.byte	0x1
 212 004e 06       		.byte	0x6
 213 004f 8C000000 		.4byte	.LASF3
 214 0053 03       		.uleb128 0x3
 215 0054 21000000 		.4byte	.LASF5
 216 0058 03       		.byte	0x3
 217 0059 1D       		.byte	0x1d
 218 005a 5E000000 		.4byte	0x5e
 219 005e 04       		.uleb128 0x4
 220 005f 01       		.byte	0x1
 221 0060 08       		.byte	0x8
 222 0061 3B020000 		.4byte	.LASF6
 223 0065 04       		.uleb128 0x4
 224 0066 02       		.byte	0x2
 225 0067 05       		.byte	0x5
 226 0068 86020000 		.4byte	.LASF7
 227 006c 03       		.uleb128 0x3
 228 006d 12040000 		.4byte	.LASF8
ARM GAS  /tmp/ccBToM6c.s 			page 5


 229 0071 03       		.byte	0x3
 230 0072 2B       		.byte	0x2b
 231 0073 77000000 		.4byte	0x77
 232 0077 04       		.uleb128 0x4
 233 0078 02       		.byte	0x2
 234 0079 07       		.byte	0x7
 235 007a 4E010000 		.4byte	.LASF9
 236 007e 03       		.uleb128 0x3
 237 007f 39040000 		.4byte	.LASF10
 238 0083 03       		.byte	0x3
 239 0084 3F       		.byte	0x3f
 240 0085 89000000 		.4byte	0x89
 241 0089 04       		.uleb128 0x4
 242 008a 04       		.byte	0x4
 243 008b 05       		.byte	0x5
 244 008c CF000000 		.4byte	.LASF11
 245 0090 03       		.uleb128 0x3
 246 0091 FC000000 		.4byte	.LASF12
 247 0095 03       		.byte	0x3
 248 0096 41       		.byte	0x41
 249 0097 9B000000 		.4byte	0x9b
 250 009b 04       		.uleb128 0x4
 251 009c 04       		.byte	0x4
 252 009d 07       		.byte	0x7
 253 009e 1D010000 		.4byte	.LASF13
 254 00a2 04       		.uleb128 0x4
 255 00a3 08       		.byte	0x8
 256 00a4 07       		.byte	0x7
 257 00a5 2B000000 		.4byte	.LASF14
 258 00a9 03       		.uleb128 0x3
 259 00aa 9F040000 		.4byte	.LASF15
 260 00ae 04       		.byte	0x4
 261 00af 14       		.byte	0x14
 262 00b0 53000000 		.4byte	0x53
 263 00b4 03       		.uleb128 0x3
 264 00b5 E1000000 		.4byte	.LASF16
 265 00b9 04       		.byte	0x4
 266 00ba 1A       		.byte	0x1a
 267 00bb 6C000000 		.4byte	0x6c
 268 00bf 03       		.uleb128 0x3
 269 00c0 33020000 		.4byte	.LASF17
 270 00c4 04       		.byte	0x4
 271 00c5 1F       		.byte	0x1f
 272 00c6 7E000000 		.4byte	0x7e
 273 00ca 03       		.uleb128 0x3
 274 00cb E0030000 		.4byte	.LASF18
 275 00cf 04       		.byte	0x4
 276 00d0 20       		.byte	0x20
 277 00d1 90000000 		.4byte	0x90
 278 00d5 04       		.uleb128 0x4
 279 00d6 01       		.byte	0x1
 280 00d7 02       		.byte	0x2
 281 00d8 2D020000 		.4byte	.LASF19
 282 00dc 03       		.uleb128 0x3
 283 00dd 6F010000 		.4byte	.LASF20
 284 00e1 05       		.byte	0x5
 285 00e2 2C       		.byte	0x2c
ARM GAS  /tmp/ccBToM6c.s 			page 6


 286 00e3 A9000000 		.4byte	0xa9
 287 00e7 03       		.uleb128 0x3
 288 00e8 D8000000 		.4byte	.LASF21
 289 00ec 05       		.byte	0x5
 290 00ed 2D       		.byte	0x2d
 291 00ee A9000000 		.4byte	0xa9
 292 00f2 03       		.uleb128 0x3
 293 00f3 0B020000 		.4byte	.LASF22
 294 00f7 05       		.byte	0x5
 295 00f8 2E       		.byte	0x2e
 296 00f9 A9000000 		.4byte	0xa9
 297 00fd 03       		.uleb128 0x3
 298 00fe C5000000 		.4byte	.LASF23
 299 0102 05       		.byte	0x5
 300 0103 2F       		.byte	0x2f
 301 0104 A9000000 		.4byte	0xa9
 302 0108 03       		.uleb128 0x3
 303 0109 25020000 		.4byte	.LASF24
 304 010d 05       		.byte	0x5
 305 010e 30       		.byte	0x30
 306 010f CA000000 		.4byte	0xca
 307 0113 03       		.uleb128 0x3
 308 0114 61010000 		.4byte	.LASF25
 309 0118 05       		.byte	0x5
 310 0119 31       		.byte	0x31
 311 011a BF000000 		.4byte	0xbf
 312 011e 03       		.uleb128 0x3
 313 011f 83010000 		.4byte	.LASF26
 314 0123 05       		.byte	0x5
 315 0124 33       		.byte	0x33
 316 0125 CA000000 		.4byte	0xca
 317 0129 03       		.uleb128 0x3
 318 012a 24040000 		.4byte	.LASF27
 319 012e 05       		.byte	0x5
 320 012f 35       		.byte	0x35
 321 0130 CA000000 		.4byte	0xca
 322 0134 03       		.uleb128 0x3
 323 0135 C1030000 		.4byte	.LASF28
 324 0139 06       		.byte	0x6
 325 013a 2A       		.byte	0x2a
 326 013b 3F010000 		.4byte	0x13f
 327 013f 05       		.uleb128 0x5
 328 0140 C1030000 		.4byte	.LASF28
 329 0144 48       		.byte	0x48
 330 0145 07       		.byte	0x7
 331 0146 5E       		.byte	0x5e
 332 0147 3C020000 		.4byte	0x23c
 333 014b 06       		.uleb128 0x6
 334 014c 96030000 		.4byte	.LASF29
 335 0150 07       		.byte	0x7
 336 0151 5F       		.byte	0x5f
 337 0152 5D020000 		.4byte	0x25d
 338 0156 00       		.byte	0
 339 0157 06       		.uleb128 0x6
 340 0158 1E020000 		.4byte	.LASF30
 341 015c 07       		.byte	0x7
 342 015d 61       		.byte	0x61
ARM GAS  /tmp/ccBToM6c.s 			page 7


 343 015e 5D020000 		.4byte	0x25d
 344 0162 04       		.byte	0x4
 345 0163 06       		.uleb128 0x6
 346 0164 6A000000 		.4byte	.LASF31
 347 0168 07       		.byte	0x7
 348 0169 63       		.byte	0x63
 349 016a 08010000 		.4byte	0x108
 350 016e 08       		.byte	0x8
 351 016f 06       		.uleb128 0x6
 352 0170 C8040000 		.4byte	.LASF32
 353 0174 07       		.byte	0x7
 354 0175 64       		.byte	0x64
 355 0176 17030000 		.4byte	0x317
 356 017a 0C       		.byte	0xc
 357 017b 06       		.uleb128 0x6
 358 017c F4000000 		.4byte	.LASF33
 359 0180 07       		.byte	0x7
 360 0181 66       		.byte	0x66
 361 0182 5D020000 		.4byte	0x25d
 362 0186 10       		.byte	0x10
 363 0187 06       		.uleb128 0x6
 364 0188 D6010000 		.4byte	.LASF34
 365 018c 07       		.byte	0x7
 366 018d 67       		.byte	0x67
 367 018e 5D020000 		.4byte	0x25d
 368 0192 14       		.byte	0x14
 369 0193 06       		.uleb128 0x6
 370 0194 AE040000 		.4byte	.LASF35
 371 0198 07       		.byte	0x7
 372 0199 6E       		.byte	0x6e
 373 019a 17040000 		.4byte	0x417
 374 019e 18       		.byte	0x18
 375 019f 06       		.uleb128 0x6
 376 01a0 90020000 		.4byte	.LASF36
 377 01a4 07       		.byte	0x7
 378 01a5 79       		.byte	0x79
 379 01a6 E7000000 		.4byte	0xe7
 380 01aa 1C       		.byte	0x1c
 381 01ab 06       		.uleb128 0x6
 382 01ac AC030000 		.4byte	.LASF37
 383 01b0 07       		.byte	0x7
 384 01b1 7D       		.byte	0x7d
 385 01b2 DC000000 		.4byte	0xdc
 386 01b6 1D       		.byte	0x1d
 387 01b7 06       		.uleb128 0x6
 388 01b8 88040000 		.4byte	.LASF38
 389 01bc 07       		.byte	0x7
 390 01bd 82       		.byte	0x82
 391 01be F2000000 		.4byte	0xf2
 392 01c2 1E       		.byte	0x1e
 393 01c3 06       		.uleb128 0x6
 394 01c4 98020000 		.4byte	.LASF39
 395 01c8 07       		.byte	0x7
 396 01c9 88       		.byte	0x88
 397 01ca FD000000 		.4byte	0xfd
 398 01ce 1F       		.byte	0x1f
 399 01cf 06       		.uleb128 0x6
ARM GAS  /tmp/ccBToM6c.s 			page 8


 400 01d0 43040000 		.4byte	.LASF40
 401 01d4 07       		.byte	0x7
 402 01d5 8F       		.byte	0x8f
 403 01d6 3F030000 		.4byte	0x33f
 404 01da 20       		.byte	0x20
 405 01db 07       		.uleb128 0x7
 406 01dc 705F7500 		.ascii	"p_u\000"
 407 01e0 07       		.byte	0x7
 408 01e1 B4       		.byte	0xb4
 409 01e2 E2030000 		.4byte	0x3e2
 410 01e6 24       		.byte	0x24
 411 01e7 06       		.uleb128 0x6
 412 01e8 CE040000 		.4byte	.LASF41
 413 01ec 07       		.byte	0x7
 414 01ed B9       		.byte	0xb9
 415 01ee 83020000 		.4byte	0x283
 416 01f2 28       		.byte	0x28
 417 01f3 06       		.uleb128 0x6
 418 01f4 51040000 		.4byte	.LASF42
 419 01f8 07       		.byte	0x7
 420 01f9 BF       		.byte	0xbf
 421 01fa 63020000 		.4byte	0x263
 422 01fe 2C       		.byte	0x2c
 423 01ff 06       		.uleb128 0x6
 424 0200 0D000000 		.4byte	.LASF43
 425 0204 07       		.byte	0x7
 426 0205 C3       		.byte	0xc3
 427 0206 13010000 		.4byte	0x113
 428 020a 34       		.byte	0x34
 429 020b 06       		.uleb128 0x6
 430 020c D5030000 		.4byte	.LASF44
 431 0210 07       		.byte	0x7
 432 0211 C9       		.byte	0xc9
 433 0212 1E010000 		.4byte	0x11e
 434 0216 38       		.byte	0x38
 435 0217 06       		.uleb128 0x6
 436 0218 7C020000 		.4byte	.LASF45
 437 021c 07       		.byte	0x7
 438 021d D0       		.byte	0xd0
 439 021e 29040000 		.4byte	0x429
 440 0222 3C       		.byte	0x3c
 441 0223 06       		.uleb128 0x6
 442 0224 2E040000 		.4byte	.LASF46
 443 0228 07       		.byte	0x7
 444 0229 D4       		.byte	0xd4
 445 022a 08010000 		.4byte	0x108
 446 022e 40       		.byte	0x40
 447 022f 06       		.uleb128 0x6
 448 0230 B5000000 		.4byte	.LASF47
 449 0234 07       		.byte	0x7
 450 0235 DA       		.byte	0xda
 451 0236 99020000 		.4byte	0x299
 452 023a 44       		.byte	0x44
 453 023b 00       		.byte	0
 454 023c 08       		.uleb128 0x8
 455 023d 08       		.byte	0x8
 456 023e 06       		.byte	0x6
ARM GAS  /tmp/ccBToM6c.s 			page 9


 457 023f 61       		.byte	0x61
 458 0240 5D020000 		.4byte	0x25d
 459 0244 06       		.uleb128 0x6
 460 0245 96030000 		.4byte	.LASF29
 461 0249 06       		.byte	0x6
 462 024a 62       		.byte	0x62
 463 024b 5D020000 		.4byte	0x25d
 464 024f 00       		.byte	0
 465 0250 06       		.uleb128 0x6
 466 0251 1E020000 		.4byte	.LASF30
 467 0255 06       		.byte	0x6
 468 0256 64       		.byte	0x64
 469 0257 5D020000 		.4byte	0x25d
 470 025b 04       		.byte	0x4
 471 025c 00       		.byte	0
 472 025d 09       		.uleb128 0x9
 473 025e 04       		.byte	0x4
 474 025f 34010000 		.4byte	0x134
 475 0263 03       		.uleb128 0x3
 476 0264 E4010000 		.4byte	.LASF48
 477 0268 06       		.byte	0x6
 478 0269 66       		.byte	0x66
 479 026a 3C020000 		.4byte	0x23c
 480 026e 08       		.uleb128 0x8
 481 026f 04       		.byte	0x4
 482 0270 06       		.byte	0x6
 483 0271 6B       		.byte	0x6b
 484 0272 83020000 		.4byte	0x283
 485 0276 06       		.uleb128 0x6
 486 0277 96030000 		.4byte	.LASF29
 487 027b 06       		.byte	0x6
 488 027c 6D       		.byte	0x6d
 489 027d 5D020000 		.4byte	0x25d
 490 0281 00       		.byte	0
 491 0282 00       		.byte	0
 492 0283 03       		.uleb128 0x3
 493 0284 77010000 		.4byte	.LASF49
 494 0288 06       		.byte	0x6
 495 0289 70       		.byte	0x70
 496 028a 6E020000 		.4byte	0x26e
 497 028e 03       		.uleb128 0x3
 498 028f 07010000 		.4byte	.LASF50
 499 0293 08       		.byte	0x8
 500 0294 E5       		.byte	0xe5
 501 0295 99020000 		.4byte	0x299
 502 0299 0A       		.uleb128 0xa
 503 029a 04       		.byte	0x4
 504 029b 0B       		.uleb128 0xb
 505 029c 4A040000 		.4byte	.LASF51
 506 02a0 24       		.byte	0x24
 507 02a1 08       		.byte	0x8
 508 02a2 0C01     		.2byte	0x10c
 509 02a4 17030000 		.4byte	0x317
 510 02a8 0C       		.uleb128 0xc
 511 02a9 723400   		.ascii	"r4\000"
 512 02ac 08       		.byte	0x8
 513 02ad 1F01     		.2byte	0x11f
ARM GAS  /tmp/ccBToM6c.s 			page 10


 514 02af 8E020000 		.4byte	0x28e
 515 02b3 00       		.byte	0
 516 02b4 0C       		.uleb128 0xc
 517 02b5 723500   		.ascii	"r5\000"
 518 02b8 08       		.byte	0x8
 519 02b9 2001     		.2byte	0x120
 520 02bb 8E020000 		.4byte	0x28e
 521 02bf 04       		.byte	0x4
 522 02c0 0C       		.uleb128 0xc
 523 02c1 723600   		.ascii	"r6\000"
 524 02c4 08       		.byte	0x8
 525 02c5 2101     		.2byte	0x121
 526 02c7 8E020000 		.4byte	0x28e
 527 02cb 08       		.byte	0x8
 528 02cc 0C       		.uleb128 0xc
 529 02cd 723700   		.ascii	"r7\000"
 530 02d0 08       		.byte	0x8
 531 02d1 2201     		.2byte	0x122
 532 02d3 8E020000 		.4byte	0x28e
 533 02d7 0C       		.byte	0xc
 534 02d8 0C       		.uleb128 0xc
 535 02d9 723800   		.ascii	"r8\000"
 536 02dc 08       		.byte	0x8
 537 02dd 2301     		.2byte	0x123
 538 02df 8E020000 		.4byte	0x28e
 539 02e3 10       		.byte	0x10
 540 02e4 0C       		.uleb128 0xc
 541 02e5 723900   		.ascii	"r9\000"
 542 02e8 08       		.byte	0x8
 543 02e9 2401     		.2byte	0x124
 544 02eb 8E020000 		.4byte	0x28e
 545 02ef 14       		.byte	0x14
 546 02f0 0C       		.uleb128 0xc
 547 02f1 72313000 		.ascii	"r10\000"
 548 02f5 08       		.byte	0x8
 549 02f6 2501     		.2byte	0x125
 550 02f8 8E020000 		.4byte	0x28e
 551 02fc 18       		.byte	0x18
 552 02fd 0C       		.uleb128 0xc
 553 02fe 72313100 		.ascii	"r11\000"
 554 0302 08       		.byte	0x8
 555 0303 2601     		.2byte	0x126
 556 0305 8E020000 		.4byte	0x28e
 557 0309 1C       		.byte	0x1c
 558 030a 0C       		.uleb128 0xc
 559 030b 6C7200   		.ascii	"lr\000"
 560 030e 08       		.byte	0x8
 561 030f 2701     		.2byte	0x127
 562 0311 8E020000 		.4byte	0x28e
 563 0315 20       		.byte	0x20
 564 0316 00       		.byte	0
 565 0317 0B       		.uleb128 0xb
 566 0318 46010000 		.4byte	.LASF52
 567 031c 04       		.byte	0x4
 568 031d 08       		.byte	0x8
 569 031e 3101     		.2byte	0x131
 570 0320 32030000 		.4byte	0x332
ARM GAS  /tmp/ccBToM6c.s 			page 11


 571 0324 0C       		.uleb128 0xc
 572 0325 72313300 		.ascii	"r13\000"
 573 0329 08       		.byte	0x8
 574 032a 3201     		.2byte	0x132
 575 032c 32030000 		.4byte	0x332
 576 0330 00       		.byte	0
 577 0331 00       		.byte	0
 578 0332 09       		.uleb128 0x9
 579 0333 04       		.byte	0x4
 580 0334 9B020000 		.4byte	0x29b
 581 0338 04       		.uleb128 0x4
 582 0339 04       		.byte	0x4
 583 033a 07       		.byte	0x7
 584 033b A9010000 		.4byte	.LASF53
 585 033f 0D       		.uleb128 0xd
 586 0340 29010000 		.4byte	0x129
 587 0344 08       		.uleb128 0x8
 588 0345 1C       		.byte	0x1c
 589 0346 09       		.byte	0x9
 590 0347 5E       		.byte	0x5e
 591 0348 95030000 		.4byte	0x395
 592 034c 06       		.uleb128 0x6
 593 034d F5030000 		.4byte	.LASF54
 594 0351 09       		.byte	0x9
 595 0352 5F       		.byte	0x5f
 596 0353 63020000 		.4byte	0x263
 597 0357 00       		.byte	0
 598 0358 06       		.uleb128 0x6
 599 0359 AE020000 		.4byte	.LASF55
 600 035d 09       		.byte	0x9
 601 035e 60       		.byte	0x60
 602 035f 08010000 		.4byte	0x108
 603 0363 08       		.byte	0x8
 604 0364 06       		.uleb128 0x6
 605 0365 DE010000 		.4byte	.LASF56
 606 0369 09       		.byte	0x9
 607 036a 62       		.byte	0x62
 608 036b 17030000 		.4byte	0x317
 609 036f 0C       		.byte	0xc
 610 0370 06       		.uleb128 0x6
 611 0371 67010000 		.4byte	.LASF57
 612 0375 09       		.byte	0x9
 613 0376 65       		.byte	0x65
 614 0377 5D020000 		.4byte	0x25d
 615 037b 10       		.byte	0x10
 616 037c 06       		.uleb128 0x6
 617 037d 03020000 		.4byte	.LASF58
 618 0381 09       		.byte	0x9
 619 0382 66       		.byte	0x66
 620 0383 5D020000 		.4byte	0x25d
 621 0387 14       		.byte	0x14
 622 0388 06       		.uleb128 0x6
 623 0389 F9010000 		.4byte	.LASF59
 624 038d 09       		.byte	0x9
 625 038e 69       		.byte	0x69
 626 038f 5D020000 		.4byte	0x25d
 627 0393 18       		.byte	0x18
ARM GAS  /tmp/ccBToM6c.s 			page 12


 628 0394 00       		.byte	0
 629 0395 03       		.uleb128 0x3
 630 0396 8F040000 		.4byte	.LASF60
 631 039a 09       		.byte	0x9
 632 039b 6B       		.byte	0x6b
 633 039c 44030000 		.4byte	0x344
 634 03a0 05       		.uleb128 0x5
 635 03a1 8F010000 		.4byte	.LASF61
 636 03a5 10       		.byte	0x10
 637 03a6 0A       		.byte	0xa
 638 03a7 2C       		.byte	0x2c
 639 03a8 D1030000 		.4byte	0x3d1
 640 03ac 06       		.uleb128 0x6
 641 03ad BD000000 		.4byte	.LASF62
 642 03b1 0A       		.byte	0xa
 643 03b2 2D       		.byte	0x2d
 644 03b3 63020000 		.4byte	0x263
 645 03b7 00       		.byte	0
 646 03b8 06       		.uleb128 0x6
 647 03b9 C0040000 		.4byte	.LASF63
 648 03bd 0A       		.byte	0xa
 649 03be 2F       		.byte	0x2f
 650 03bf 5D020000 		.4byte	0x25d
 651 03c3 08       		.byte	0x8
 652 03c4 06       		.uleb128 0x6
 653 03c5 1D040000 		.4byte	.LASF64
 654 03c9 0A       		.byte	0xa
 655 03ca 31       		.byte	0x31
 656 03cb D1030000 		.4byte	0x3d1
 657 03cf 0C       		.byte	0xc
 658 03d0 00       		.byte	0
 659 03d1 09       		.uleb128 0x9
 660 03d2 04       		.byte	0x4
 661 03d3 A0030000 		.4byte	0x3a0
 662 03d7 03       		.uleb128 0x3
 663 03d8 8F010000 		.4byte	.LASF61
 664 03dc 0A       		.byte	0xa
 665 03dd 33       		.byte	0x33
 666 03de A0030000 		.4byte	0x3a0
 667 03e2 0E       		.uleb128 0xe
 668 03e3 04       		.byte	0x4
 669 03e4 07       		.byte	0x7
 670 03e5 96       		.byte	0x96
 671 03e6 17040000 		.4byte	0x417
 672 03ea 0F       		.uleb128 0xf
 673 03eb 1A000000 		.4byte	.LASF65
 674 03ef 07       		.byte	0x7
 675 03f0 9D       		.byte	0x9d
 676 03f1 13010000 		.4byte	0x113
 677 03f5 0F       		.uleb128 0xf
 678 03f6 50000000 		.4byte	.LASF66
 679 03fa 07       		.byte	0x7
 680 03fb A4       		.byte	0xa4
 681 03fc 13010000 		.4byte	0x113
 682 0400 0F       		.uleb128 0xf
 683 0401 A7040000 		.4byte	.LASF67
 684 0405 07       		.byte	0x7
ARM GAS  /tmp/ccBToM6c.s 			page 13


 685 0406 AB       		.byte	0xab
 686 0407 99020000 		.4byte	0x299
 687 040b 0F       		.uleb128 0xf
 688 040c 8F030000 		.4byte	.LASF68
 689 0410 07       		.byte	0x7
 690 0411 B2       		.byte	0xb2
 691 0412 1E010000 		.4byte	0x11e
 692 0416 00       		.byte	0
 693 0417 09       		.uleb128 0x9
 694 0418 04       		.byte	0x4
 695 0419 24040000 		.4byte	0x424
 696 041d 04       		.uleb128 0x4
 697 041e 01       		.byte	0x1
 698 041f 08       		.byte	0x8
 699 0420 FD030000 		.4byte	.LASF69
 700 0424 10       		.uleb128 0x10
 701 0425 1D040000 		.4byte	0x41d
 702 0429 09       		.uleb128 0x9
 703 042a 04       		.byte	0x4
 704 042b D7030000 		.4byte	0x3d7
 705 042f 08       		.uleb128 0x8
 706 0430 16       		.byte	0x16
 707 0431 0B       		.byte	0xb
 708 0432 2C       		.byte	0x2c
 709 0433 10050000 		.4byte	0x510
 710 0437 06       		.uleb128 0x6
 711 0438 38010000 		.4byte	.LASF70
 712 043c 0B       		.byte	0xb
 713 043d 2D       		.byte	0x2d
 714 043e 10050000 		.4byte	0x510
 715 0442 00       		.byte	0
 716 0443 06       		.uleb128 0x6
 717 0444 95010000 		.4byte	.LASF71
 718 0448 0B       		.byte	0xb
 719 0449 2E       		.byte	0x2e
 720 044a A9000000 		.4byte	0xa9
 721 044e 04       		.byte	0x4
 722 044f 06       		.uleb128 0x6
 723 0450 F1010000 		.4byte	.LASF72
 724 0454 0B       		.byte	0xb
 725 0455 2F       		.byte	0x2f
 726 0456 A9000000 		.4byte	0xa9
 727 045a 05       		.byte	0x5
 728 045b 06       		.uleb128 0x6
 729 045c B5040000 		.4byte	.LASF73
 730 0460 0B       		.byte	0xb
 731 0461 30       		.byte	0x30
 732 0462 B4000000 		.4byte	0xb4
 733 0466 06       		.byte	0x6
 734 0467 06       		.uleb128 0x6
 735 0468 13020000 		.4byte	.LASF74
 736 046c 0B       		.byte	0xb
 737 046d 31       		.byte	0x31
 738 046e A9000000 		.4byte	0xa9
 739 0472 08       		.byte	0x8
 740 0473 06       		.uleb128 0x6
 741 0474 BE010000 		.4byte	.LASF75
ARM GAS  /tmp/ccBToM6c.s 			page 14


 742 0478 0B       		.byte	0xb
 743 0479 32       		.byte	0x32
 744 047a A9000000 		.4byte	0xa9
 745 047e 09       		.byte	0x9
 746 047f 06       		.uleb128 0x6
 747 0480 42000000 		.4byte	.LASF76
 748 0484 0B       		.byte	0xb
 749 0485 33       		.byte	0x33
 750 0486 A9000000 		.4byte	0xa9
 751 048a 0A       		.byte	0xa
 752 048b 06       		.uleb128 0x6
 753 048c E9030000 		.4byte	.LASF77
 754 0490 0B       		.byte	0xb
 755 0491 34       		.byte	0x34
 756 0492 A9000000 		.4byte	0xa9
 757 0496 0B       		.byte	0xb
 758 0497 06       		.uleb128 0x6
 759 0498 7D040000 		.4byte	.LASF78
 760 049c 0B       		.byte	0xb
 761 049d 35       		.byte	0x35
 762 049e A9000000 		.4byte	0xa9
 763 04a2 0C       		.byte	0xc
 764 04a3 06       		.uleb128 0x6
 765 04a4 C8030000 		.4byte	.LASF79
 766 04a8 0B       		.byte	0xb
 767 04a9 36       		.byte	0x36
 768 04aa A9000000 		.4byte	0xa9
 769 04ae 0D       		.byte	0xd
 770 04af 06       		.uleb128 0x6
 771 04b0 00000000 		.4byte	.LASF80
 772 04b4 0B       		.byte	0xb
 773 04b5 37       		.byte	0x37
 774 04b6 A9000000 		.4byte	0xa9
 775 04ba 0E       		.byte	0xe
 776 04bb 06       		.uleb128 0x6
 777 04bc CA010000 		.4byte	.LASF81
 778 04c0 0B       		.byte	0xb
 779 04c1 38       		.byte	0x38
 780 04c2 A9000000 		.4byte	0xa9
 781 04c6 0F       		.byte	0xf
 782 04c7 06       		.uleb128 0x6
 783 04c8 98000000 		.4byte	.LASF82
 784 04cc 0B       		.byte	0xb
 785 04cd 39       		.byte	0x39
 786 04ce A9000000 		.4byte	0xa9
 787 04d2 10       		.byte	0x10
 788 04d3 06       		.uleb128 0x6
 789 04d4 71000000 		.4byte	.LASF83
 790 04d8 0B       		.byte	0xb
 791 04d9 3B       		.byte	0x3b
 792 04da A9000000 		.4byte	0xa9
 793 04de 11       		.byte	0x11
 794 04df 06       		.uleb128 0x6
 795 04e0 A8000000 		.4byte	.LASF84
 796 04e4 0B       		.byte	0xb
 797 04e5 3C       		.byte	0x3c
 798 04e6 A9000000 		.4byte	0xa9
ARM GAS  /tmp/ccBToM6c.s 			page 15


 799 04ea 12       		.byte	0x12
 800 04eb 06       		.uleb128 0x6
 801 04ec 9D010000 		.4byte	.LASF85
 802 04f0 0B       		.byte	0xb
 803 04f1 3D       		.byte	0x3d
 804 04f2 A9000000 		.4byte	0xa9
 805 04f6 13       		.byte	0x13
 806 04f7 06       		.uleb128 0x6
 807 04f8 9D030000 		.4byte	.LASF86
 808 04fc 0B       		.byte	0xb
 809 04fd 3E       		.byte	0x3e
 810 04fe A9000000 		.4byte	0xa9
 811 0502 14       		.byte	0x14
 812 0503 06       		.uleb128 0x6
 813 0504 A2020000 		.4byte	.LASF87
 814 0508 0B       		.byte	0xb
 815 0509 40       		.byte	0x40
 816 050a A9000000 		.4byte	0xa9
 817 050e 15       		.byte	0x15
 818 050f 00       		.byte	0
 819 0510 11       		.uleb128 0x11
 820 0511 1D040000 		.4byte	0x41d
 821 0515 20050000 		.4byte	0x520
 822 0519 12       		.uleb128 0x12
 823 051a 38030000 		.4byte	0x338
 824 051e 03       		.byte	0x3
 825 051f 00       		.byte	0
 826 0520 03       		.uleb128 0x3
 827 0521 EA000000 		.4byte	.LASF88
 828 0525 0B       		.byte	0xb
 829 0526 41       		.byte	0x41
 830 0527 2F040000 		.4byte	0x42f
 831 052b 13       		.uleb128 0x13
 832 052c 59000000 		.4byte	.LASF89
 833 0530 01       		.byte	0x1
 834 0531 75       		.byte	0x75
 835 0532 5D020000 		.4byte	0x25d
 836 0536 00000000 		.4byte	.LFB7
 837 053a 1C000000 		.4byte	.LFE7-.LFB7
 838 053e 01       		.uleb128 0x1
 839 053f 9C       		.byte	0x9c
 840 0540 83050000 		.4byte	0x583
 841 0544 14       		.uleb128 0x14
 842 0545 747000   		.ascii	"tp\000"
 843 0548 01       		.byte	0x1
 844 0549 76       		.byte	0x76
 845 054a 5D020000 		.4byte	0x25d
 846 054e 01       		.uleb128 0x1
 847 054f 50       		.byte	0x50
 848 0550 15       		.uleb128 0x15
 849 0551 00000000 		.4byte	.LBB2
 850 0555 06000000 		.4byte	.LBE2-.LBB2
 851 0559 6B050000 		.4byte	0x56b
 852 055d 14       		.uleb128 0x14
 853 055e 746D7000 		.ascii	"tmp\000"
 854 0562 01       		.byte	0x1
 855 0563 78       		.byte	0x78
ARM GAS  /tmp/ccBToM6c.s 			page 16


 856 0564 CA000000 		.4byte	0xca
 857 0568 01       		.uleb128 0x1
 858 0569 53       		.byte	0x53
 859 056a 00       		.byte	0
 860 056b 16       		.uleb128 0x16
 861 056c 10000000 		.4byte	.LBB3
 862 0570 06000000 		.4byte	.LBE3-.LBB3
 863 0574 14       		.uleb128 0x14
 864 0575 746D7000 		.ascii	"tmp\000"
 865 0579 01       		.byte	0x1
 866 057a 7D       		.byte	0x7d
 867 057b CA000000 		.4byte	0xca
 868 057f 01       		.uleb128 0x1
 869 0580 53       		.byte	0x53
 870 0581 00       		.byte	0
 871 0582 00       		.byte	0
 872 0583 13       		.uleb128 0x13
 873 0584 02040000 		.4byte	.LASF90
 874 0588 01       		.byte	0x1
 875 0589 8C       		.byte	0x8c
 876 058a 5D020000 		.4byte	0x25d
 877 058e 00000000 		.4byte	.LFB8
 878 0592 2C000000 		.4byte	.LFE8-.LFB8
 879 0596 01       		.uleb128 0x1
 880 0597 9C       		.byte	0x9c
 881 0598 01060000 		.4byte	0x601
 882 059c 17       		.uleb128 0x17
 883 059d 747000   		.ascii	"tp\000"
 884 05a0 01       		.byte	0x1
 885 05a1 8C       		.byte	0x8c
 886 05a2 5D020000 		.4byte	0x25d
 887 05a6 00000000 		.4byte	.LLST0
 888 05aa 18       		.uleb128 0x18
 889 05ab 6E747000 		.ascii	"ntp\000"
 890 05af 01       		.byte	0x1
 891 05b0 8D       		.byte	0x8d
 892 05b1 5D020000 		.4byte	0x25d
 893 05b5 21000000 		.4byte	.LLST1
 894 05b9 15       		.uleb128 0x15
 895 05ba 02000000 		.4byte	.LBB4
 896 05be 06000000 		.4byte	.LBE4-.LBB4
 897 05c2 D4050000 		.4byte	0x5d4
 898 05c6 14       		.uleb128 0x14
 899 05c7 746D7000 		.ascii	"tmp\000"
 900 05cb 01       		.byte	0x1
 901 05cc 8F       		.byte	0x8f
 902 05cd CA000000 		.4byte	0xca
 903 05d1 01       		.uleb128 0x1
 904 05d2 53       		.byte	0x53
 905 05d3 00       		.byte	0
 906 05d4 15       		.uleb128 0x15
 907 05d5 18000000 		.4byte	.LBB5
 908 05d9 06000000 		.4byte	.LBE5-.LBB5
 909 05dd EF050000 		.4byte	0x5ef
 910 05e1 14       		.uleb128 0x14
 911 05e2 746D7000 		.ascii	"tmp\000"
 912 05e6 01       		.byte	0x1
ARM GAS  /tmp/ccBToM6c.s 			page 17


 913 05e7 9A       		.byte	0x9a
 914 05e8 CA000000 		.4byte	0xca
 915 05ec 01       		.uleb128 0x1
 916 05ed 53       		.byte	0x53
 917 05ee 00       		.byte	0
 918 05ef 19       		.uleb128 0x19
 919 05f0 22000000 		.4byte	.LVL4
 920 05f4 22060000 		.4byte	0x622
 921 05f8 1A       		.uleb128 0x1a
 922 05f9 01       		.uleb128 0x1
 923 05fa 50       		.byte	0x50
 924 05fb 03       		.uleb128 0x3
 925 05fc F3       		.byte	0xf3
 926 05fd 01       		.uleb128 0x1
 927 05fe 50       		.byte	0x50
 928 05ff 00       		.byte	0
 929 0600 00       		.byte	0
 930 0601 1B       		.uleb128 0x1b
 931 0602 99040000 		.4byte	.LASF91
 932 0606 09       		.byte	0x9
 933 0607 6F       		.byte	0x6f
 934 0608 95030000 		.4byte	0x395
 935 060c 1C       		.uleb128 0x1c
 936 060d 2F010000 		.4byte	.LASF92
 937 0611 01       		.byte	0x1
 938 0612 42       		.byte	0x42
 939 0613 1D060000 		.4byte	0x61d
 940 0617 05       		.uleb128 0x5
 941 0618 03       		.byte	0x3
 942 0619 00000000 		.4byte	ch_debug
 943 061d 10       		.uleb128 0x10
 944 061e 20050000 		.4byte	0x520
 945 0622 1D       		.uleb128 0x1d
 946 0623 B4030000 		.4byte	.LASF96
 947 0627 B4030000 		.4byte	.LASF96
 948 062b 0C       		.byte	0xc
 949 062c 3A       		.byte	0x3a
 950 062d 00       		.byte	0
 951              		.section	.debug_abbrev,"",%progbits
 952              	.Ldebug_abbrev0:
 953 0000 01       		.uleb128 0x1
 954 0001 11       		.uleb128 0x11
 955 0002 01       		.byte	0x1
 956 0003 25       		.uleb128 0x25
 957 0004 0E       		.uleb128 0xe
 958 0005 13       		.uleb128 0x13
 959 0006 0B       		.uleb128 0xb
 960 0007 03       		.uleb128 0x3
 961 0008 0E       		.uleb128 0xe
 962 0009 1B       		.uleb128 0x1b
 963 000a 0E       		.uleb128 0xe
 964 000b 55       		.uleb128 0x55
 965 000c 17       		.uleb128 0x17
 966 000d 11       		.uleb128 0x11
 967 000e 01       		.uleb128 0x1
 968 000f 10       		.uleb128 0x10
 969 0010 17       		.uleb128 0x17
ARM GAS  /tmp/ccBToM6c.s 			page 18


 970 0011 00       		.byte	0
 971 0012 00       		.byte	0
 972 0013 02       		.uleb128 0x2
 973 0014 24       		.uleb128 0x24
 974 0015 00       		.byte	0
 975 0016 0B       		.uleb128 0xb
 976 0017 0B       		.uleb128 0xb
 977 0018 3E       		.uleb128 0x3e
 978 0019 0B       		.uleb128 0xb
 979 001a 03       		.uleb128 0x3
 980 001b 08       		.uleb128 0x8
 981 001c 00       		.byte	0
 982 001d 00       		.byte	0
 983 001e 03       		.uleb128 0x3
 984 001f 16       		.uleb128 0x16
 985 0020 00       		.byte	0
 986 0021 03       		.uleb128 0x3
 987 0022 0E       		.uleb128 0xe
 988 0023 3A       		.uleb128 0x3a
 989 0024 0B       		.uleb128 0xb
 990 0025 3B       		.uleb128 0x3b
 991 0026 0B       		.uleb128 0xb
 992 0027 49       		.uleb128 0x49
 993 0028 13       		.uleb128 0x13
 994 0029 00       		.byte	0
 995 002a 00       		.byte	0
 996 002b 04       		.uleb128 0x4
 997 002c 24       		.uleb128 0x24
 998 002d 00       		.byte	0
 999 002e 0B       		.uleb128 0xb
 1000 002f 0B       		.uleb128 0xb
 1001 0030 3E       		.uleb128 0x3e
 1002 0031 0B       		.uleb128 0xb
 1003 0032 03       		.uleb128 0x3
 1004 0033 0E       		.uleb128 0xe
 1005 0034 00       		.byte	0
 1006 0035 00       		.byte	0
 1007 0036 05       		.uleb128 0x5
 1008 0037 13       		.uleb128 0x13
 1009 0038 01       		.byte	0x1
 1010 0039 03       		.uleb128 0x3
 1011 003a 0E       		.uleb128 0xe
 1012 003b 0B       		.uleb128 0xb
 1013 003c 0B       		.uleb128 0xb
 1014 003d 3A       		.uleb128 0x3a
 1015 003e 0B       		.uleb128 0xb
 1016 003f 3B       		.uleb128 0x3b
 1017 0040 0B       		.uleb128 0xb
 1018 0041 01       		.uleb128 0x1
 1019 0042 13       		.uleb128 0x13
 1020 0043 00       		.byte	0
 1021 0044 00       		.byte	0
 1022 0045 06       		.uleb128 0x6
 1023 0046 0D       		.uleb128 0xd
 1024 0047 00       		.byte	0
 1025 0048 03       		.uleb128 0x3
 1026 0049 0E       		.uleb128 0xe
ARM GAS  /tmp/ccBToM6c.s 			page 19


 1027 004a 3A       		.uleb128 0x3a
 1028 004b 0B       		.uleb128 0xb
 1029 004c 3B       		.uleb128 0x3b
 1030 004d 0B       		.uleb128 0xb
 1031 004e 49       		.uleb128 0x49
 1032 004f 13       		.uleb128 0x13
 1033 0050 38       		.uleb128 0x38
 1034 0051 0B       		.uleb128 0xb
 1035 0052 00       		.byte	0
 1036 0053 00       		.byte	0
 1037 0054 07       		.uleb128 0x7
 1038 0055 0D       		.uleb128 0xd
 1039 0056 00       		.byte	0
 1040 0057 03       		.uleb128 0x3
 1041 0058 08       		.uleb128 0x8
 1042 0059 3A       		.uleb128 0x3a
 1043 005a 0B       		.uleb128 0xb
 1044 005b 3B       		.uleb128 0x3b
 1045 005c 0B       		.uleb128 0xb
 1046 005d 49       		.uleb128 0x49
 1047 005e 13       		.uleb128 0x13
 1048 005f 38       		.uleb128 0x38
 1049 0060 0B       		.uleb128 0xb
 1050 0061 00       		.byte	0
 1051 0062 00       		.byte	0
 1052 0063 08       		.uleb128 0x8
 1053 0064 13       		.uleb128 0x13
 1054 0065 01       		.byte	0x1
 1055 0066 0B       		.uleb128 0xb
 1056 0067 0B       		.uleb128 0xb
 1057 0068 3A       		.uleb128 0x3a
 1058 0069 0B       		.uleb128 0xb
 1059 006a 3B       		.uleb128 0x3b
 1060 006b 0B       		.uleb128 0xb
 1061 006c 01       		.uleb128 0x1
 1062 006d 13       		.uleb128 0x13
 1063 006e 00       		.byte	0
 1064 006f 00       		.byte	0
 1065 0070 09       		.uleb128 0x9
 1066 0071 0F       		.uleb128 0xf
 1067 0072 00       		.byte	0
 1068 0073 0B       		.uleb128 0xb
 1069 0074 0B       		.uleb128 0xb
 1070 0075 49       		.uleb128 0x49
 1071 0076 13       		.uleb128 0x13
 1072 0077 00       		.byte	0
 1073 0078 00       		.byte	0
 1074 0079 0A       		.uleb128 0xa
 1075 007a 0F       		.uleb128 0xf
 1076 007b 00       		.byte	0
 1077 007c 0B       		.uleb128 0xb
 1078 007d 0B       		.uleb128 0xb
 1079 007e 00       		.byte	0
 1080 007f 00       		.byte	0
 1081 0080 0B       		.uleb128 0xb
 1082 0081 13       		.uleb128 0x13
 1083 0082 01       		.byte	0x1
ARM GAS  /tmp/ccBToM6c.s 			page 20


 1084 0083 03       		.uleb128 0x3
 1085 0084 0E       		.uleb128 0xe
 1086 0085 0B       		.uleb128 0xb
 1087 0086 0B       		.uleb128 0xb
 1088 0087 3A       		.uleb128 0x3a
 1089 0088 0B       		.uleb128 0xb
 1090 0089 3B       		.uleb128 0x3b
 1091 008a 05       		.uleb128 0x5
 1092 008b 01       		.uleb128 0x1
 1093 008c 13       		.uleb128 0x13
 1094 008d 00       		.byte	0
 1095 008e 00       		.byte	0
 1096 008f 0C       		.uleb128 0xc
 1097 0090 0D       		.uleb128 0xd
 1098 0091 00       		.byte	0
 1099 0092 03       		.uleb128 0x3
 1100 0093 08       		.uleb128 0x8
 1101 0094 3A       		.uleb128 0x3a
 1102 0095 0B       		.uleb128 0xb
 1103 0096 3B       		.uleb128 0x3b
 1104 0097 05       		.uleb128 0x5
 1105 0098 49       		.uleb128 0x49
 1106 0099 13       		.uleb128 0x13
 1107 009a 38       		.uleb128 0x38
 1108 009b 0B       		.uleb128 0xb
 1109 009c 00       		.byte	0
 1110 009d 00       		.byte	0
 1111 009e 0D       		.uleb128 0xd
 1112 009f 35       		.uleb128 0x35
 1113 00a0 00       		.byte	0
 1114 00a1 49       		.uleb128 0x49
 1115 00a2 13       		.uleb128 0x13
 1116 00a3 00       		.byte	0
 1117 00a4 00       		.byte	0
 1118 00a5 0E       		.uleb128 0xe
 1119 00a6 17       		.uleb128 0x17
 1120 00a7 01       		.byte	0x1
 1121 00a8 0B       		.uleb128 0xb
 1122 00a9 0B       		.uleb128 0xb
 1123 00aa 3A       		.uleb128 0x3a
 1124 00ab 0B       		.uleb128 0xb
 1125 00ac 3B       		.uleb128 0x3b
 1126 00ad 0B       		.uleb128 0xb
 1127 00ae 01       		.uleb128 0x1
 1128 00af 13       		.uleb128 0x13
 1129 00b0 00       		.byte	0
 1130 00b1 00       		.byte	0
 1131 00b2 0F       		.uleb128 0xf
 1132 00b3 0D       		.uleb128 0xd
 1133 00b4 00       		.byte	0
 1134 00b5 03       		.uleb128 0x3
 1135 00b6 0E       		.uleb128 0xe
 1136 00b7 3A       		.uleb128 0x3a
 1137 00b8 0B       		.uleb128 0xb
 1138 00b9 3B       		.uleb128 0x3b
 1139 00ba 0B       		.uleb128 0xb
 1140 00bb 49       		.uleb128 0x49
ARM GAS  /tmp/ccBToM6c.s 			page 21


 1141 00bc 13       		.uleb128 0x13
 1142 00bd 00       		.byte	0
 1143 00be 00       		.byte	0
 1144 00bf 10       		.uleb128 0x10
 1145 00c0 26       		.uleb128 0x26
 1146 00c1 00       		.byte	0
 1147 00c2 49       		.uleb128 0x49
 1148 00c3 13       		.uleb128 0x13
 1149 00c4 00       		.byte	0
 1150 00c5 00       		.byte	0
 1151 00c6 11       		.uleb128 0x11
 1152 00c7 01       		.uleb128 0x1
 1153 00c8 01       		.byte	0x1
 1154 00c9 49       		.uleb128 0x49
 1155 00ca 13       		.uleb128 0x13
 1156 00cb 01       		.uleb128 0x1
 1157 00cc 13       		.uleb128 0x13
 1158 00cd 00       		.byte	0
 1159 00ce 00       		.byte	0
 1160 00cf 12       		.uleb128 0x12
 1161 00d0 21       		.uleb128 0x21
 1162 00d1 00       		.byte	0
 1163 00d2 49       		.uleb128 0x49
 1164 00d3 13       		.uleb128 0x13
 1165 00d4 2F       		.uleb128 0x2f
 1166 00d5 0B       		.uleb128 0xb
 1167 00d6 00       		.byte	0
 1168 00d7 00       		.byte	0
 1169 00d8 13       		.uleb128 0x13
 1170 00d9 2E       		.uleb128 0x2e
 1171 00da 01       		.byte	0x1
 1172 00db 3F       		.uleb128 0x3f
 1173 00dc 19       		.uleb128 0x19
 1174 00dd 03       		.uleb128 0x3
 1175 00de 0E       		.uleb128 0xe
 1176 00df 3A       		.uleb128 0x3a
 1177 00e0 0B       		.uleb128 0xb
 1178 00e1 3B       		.uleb128 0x3b
 1179 00e2 0B       		.uleb128 0xb
 1180 00e3 27       		.uleb128 0x27
 1181 00e4 19       		.uleb128 0x19
 1182 00e5 49       		.uleb128 0x49
 1183 00e6 13       		.uleb128 0x13
 1184 00e7 11       		.uleb128 0x11
 1185 00e8 01       		.uleb128 0x1
 1186 00e9 12       		.uleb128 0x12
 1187 00ea 06       		.uleb128 0x6
 1188 00eb 40       		.uleb128 0x40
 1189 00ec 18       		.uleb128 0x18
 1190 00ed 9742     		.uleb128 0x2117
 1191 00ef 19       		.uleb128 0x19
 1192 00f0 01       		.uleb128 0x1
 1193 00f1 13       		.uleb128 0x13
 1194 00f2 00       		.byte	0
 1195 00f3 00       		.byte	0
 1196 00f4 14       		.uleb128 0x14
 1197 00f5 34       		.uleb128 0x34
ARM GAS  /tmp/ccBToM6c.s 			page 22


 1198 00f6 00       		.byte	0
 1199 00f7 03       		.uleb128 0x3
 1200 00f8 08       		.uleb128 0x8
 1201 00f9 3A       		.uleb128 0x3a
 1202 00fa 0B       		.uleb128 0xb
 1203 00fb 3B       		.uleb128 0x3b
 1204 00fc 0B       		.uleb128 0xb
 1205 00fd 49       		.uleb128 0x49
 1206 00fe 13       		.uleb128 0x13
 1207 00ff 02       		.uleb128 0x2
 1208 0100 18       		.uleb128 0x18
 1209 0101 00       		.byte	0
 1210 0102 00       		.byte	0
 1211 0103 15       		.uleb128 0x15
 1212 0104 0B       		.uleb128 0xb
 1213 0105 01       		.byte	0x1
 1214 0106 11       		.uleb128 0x11
 1215 0107 01       		.uleb128 0x1
 1216 0108 12       		.uleb128 0x12
 1217 0109 06       		.uleb128 0x6
 1218 010a 01       		.uleb128 0x1
 1219 010b 13       		.uleb128 0x13
 1220 010c 00       		.byte	0
 1221 010d 00       		.byte	0
 1222 010e 16       		.uleb128 0x16
 1223 010f 0B       		.uleb128 0xb
 1224 0110 01       		.byte	0x1
 1225 0111 11       		.uleb128 0x11
 1226 0112 01       		.uleb128 0x1
 1227 0113 12       		.uleb128 0x12
 1228 0114 06       		.uleb128 0x6
 1229 0115 00       		.byte	0
 1230 0116 00       		.byte	0
 1231 0117 17       		.uleb128 0x17
 1232 0118 05       		.uleb128 0x5
 1233 0119 00       		.byte	0
 1234 011a 03       		.uleb128 0x3
 1235 011b 08       		.uleb128 0x8
 1236 011c 3A       		.uleb128 0x3a
 1237 011d 0B       		.uleb128 0xb
 1238 011e 3B       		.uleb128 0x3b
 1239 011f 0B       		.uleb128 0xb
 1240 0120 49       		.uleb128 0x49
 1241 0121 13       		.uleb128 0x13
 1242 0122 02       		.uleb128 0x2
 1243 0123 17       		.uleb128 0x17
 1244 0124 00       		.byte	0
 1245 0125 00       		.byte	0
 1246 0126 18       		.uleb128 0x18
 1247 0127 34       		.uleb128 0x34
 1248 0128 00       		.byte	0
 1249 0129 03       		.uleb128 0x3
 1250 012a 08       		.uleb128 0x8
 1251 012b 3A       		.uleb128 0x3a
 1252 012c 0B       		.uleb128 0xb
 1253 012d 3B       		.uleb128 0x3b
 1254 012e 0B       		.uleb128 0xb
ARM GAS  /tmp/ccBToM6c.s 			page 23


 1255 012f 49       		.uleb128 0x49
 1256 0130 13       		.uleb128 0x13
 1257 0131 02       		.uleb128 0x2
 1258 0132 17       		.uleb128 0x17
 1259 0133 00       		.byte	0
 1260 0134 00       		.byte	0
 1261 0135 19       		.uleb128 0x19
 1262 0136 898201   		.uleb128 0x4109
 1263 0139 01       		.byte	0x1
 1264 013a 11       		.uleb128 0x11
 1265 013b 01       		.uleb128 0x1
 1266 013c 31       		.uleb128 0x31
 1267 013d 13       		.uleb128 0x13
 1268 013e 00       		.byte	0
 1269 013f 00       		.byte	0
 1270 0140 1A       		.uleb128 0x1a
 1271 0141 8A8201   		.uleb128 0x410a
 1272 0144 00       		.byte	0
 1273 0145 02       		.uleb128 0x2
 1274 0146 18       		.uleb128 0x18
 1275 0147 9142     		.uleb128 0x2111
 1276 0149 18       		.uleb128 0x18
 1277 014a 00       		.byte	0
 1278 014b 00       		.byte	0
 1279 014c 1B       		.uleb128 0x1b
 1280 014d 34       		.uleb128 0x34
 1281 014e 00       		.byte	0
 1282 014f 03       		.uleb128 0x3
 1283 0150 0E       		.uleb128 0xe
 1284 0151 3A       		.uleb128 0x3a
 1285 0152 0B       		.uleb128 0xb
 1286 0153 3B       		.uleb128 0x3b
 1287 0154 0B       		.uleb128 0xb
 1288 0155 49       		.uleb128 0x49
 1289 0156 13       		.uleb128 0x13
 1290 0157 3F       		.uleb128 0x3f
 1291 0158 19       		.uleb128 0x19
 1292 0159 3C       		.uleb128 0x3c
 1293 015a 19       		.uleb128 0x19
 1294 015b 00       		.byte	0
 1295 015c 00       		.byte	0
 1296 015d 1C       		.uleb128 0x1c
 1297 015e 34       		.uleb128 0x34
 1298 015f 00       		.byte	0
 1299 0160 03       		.uleb128 0x3
 1300 0161 0E       		.uleb128 0xe
 1301 0162 3A       		.uleb128 0x3a
 1302 0163 0B       		.uleb128 0xb
 1303 0164 3B       		.uleb128 0x3b
 1304 0165 0B       		.uleb128 0xb
 1305 0166 49       		.uleb128 0x49
 1306 0167 13       		.uleb128 0x13
 1307 0168 3F       		.uleb128 0x3f
 1308 0169 19       		.uleb128 0x19
 1309 016a 02       		.uleb128 0x2
 1310 016b 18       		.uleb128 0x18
 1311 016c 00       		.byte	0
ARM GAS  /tmp/ccBToM6c.s 			page 24


 1312 016d 00       		.byte	0
 1313 016e 1D       		.uleb128 0x1d
 1314 016f 2E       		.uleb128 0x2e
 1315 0170 00       		.byte	0
 1316 0171 3F       		.uleb128 0x3f
 1317 0172 19       		.uleb128 0x19
 1318 0173 3C       		.uleb128 0x3c
 1319 0174 19       		.uleb128 0x19
 1320 0175 6E       		.uleb128 0x6e
 1321 0176 0E       		.uleb128 0xe
 1322 0177 03       		.uleb128 0x3
 1323 0178 0E       		.uleb128 0xe
 1324 0179 3A       		.uleb128 0x3a
 1325 017a 0B       		.uleb128 0xb
 1326 017b 3B       		.uleb128 0x3b
 1327 017c 0B       		.uleb128 0xb
 1328 017d 00       		.byte	0
 1329 017e 00       		.byte	0
 1330 017f 00       		.byte	0
 1331              		.section	.debug_loc,"",%progbits
 1332              	.Ldebug_loc0:
 1333              	.LLST0:
 1334 0000 00000000 		.4byte	.LVL1
 1335 0004 21000000 		.4byte	.LVL4-1
 1336 0008 0100     		.2byte	0x1
 1337 000a 50       		.byte	0x50
 1338 000b 21000000 		.4byte	.LVL4-1
 1339 000f 2C000000 		.4byte	.LFE8
 1340 0013 0400     		.2byte	0x4
 1341 0015 F3       		.byte	0xf3
 1342 0016 01       		.uleb128 0x1
 1343 0017 50       		.byte	0x50
 1344 0018 9F       		.byte	0x9f
 1345 0019 00000000 		.4byte	0
 1346 001d 00000000 		.4byte	0
 1347              	.LLST1:
 1348 0021 0C000000 		.4byte	.LVL2
 1349 0025 26000000 		.4byte	.LVL5
 1350 0029 0100     		.2byte	0x1
 1351 002b 54       		.byte	0x54
 1352 002c 26000000 		.4byte	.LVL5
 1353 0030 2C000000 		.4byte	.LFE8
 1354 0034 0100     		.2byte	0x1
 1355 0036 50       		.byte	0x50
 1356 0037 00000000 		.4byte	0
 1357 003b 00000000 		.4byte	0
 1358              		.section	.debug_aranges,"",%progbits
 1359 0000 24000000 		.4byte	0x24
 1360 0004 0200     		.2byte	0x2
 1361 0006 00000000 		.4byte	.Ldebug_info0
 1362 000a 04       		.byte	0x4
 1363 000b 00       		.byte	0
 1364 000c 0000     		.2byte	0
 1365 000e 0000     		.2byte	0
 1366 0010 00000000 		.4byte	.LFB7
 1367 0014 1C000000 		.4byte	.LFE7-.LFB7
 1368 0018 00000000 		.4byte	.LFB8
ARM GAS  /tmp/ccBToM6c.s 			page 25


 1369 001c 2C000000 		.4byte	.LFE8-.LFB8
 1370 0020 00000000 		.4byte	0
 1371 0024 00000000 		.4byte	0
 1372              		.section	.debug_ranges,"",%progbits
 1373              	.Ldebug_ranges0:
 1374 0000 00000000 		.4byte	.LFB7
 1375 0004 1C000000 		.4byte	.LFE7
 1376 0008 00000000 		.4byte	.LFB8
 1377 000c 2C000000 		.4byte	.LFE8
 1378 0010 00000000 		.4byte	0
 1379 0014 00000000 		.4byte	0
 1380              		.section	.debug_line,"",%progbits
 1381              	.Ldebug_line0:
 1382 0000 34020000 		.section	.debug_str,"MS",%progbits,1
 1382      02000002 
 1382      00000201 
 1382      FB0E0D00 
 1382      01010101 
 1383              	.LASF80:
 1384 0000 63665F6F 		.ascii	"cf_off_older\000"
 1384      66665F6F 
 1384      6C646572 
 1384      00
 1385              	.LASF43:
 1386 000d 705F6D73 		.ascii	"p_msg\000"
 1386      6700
 1387              	.LASF4:
 1388 0013 73697A65 		.ascii	"size_t\000"
 1388      5F7400
 1389              	.LASF65:
 1390 001a 7264796D 		.ascii	"rdymsg\000"
 1390      736700
 1391              	.LASF5:
 1392 0021 5F5F7569 		.ascii	"__uint8_t\000"
 1392      6E74385F 
 1392      7400
 1393              	.LASF14:
 1394 002b 6C6F6E67 		.ascii	"long long unsigned int\000"
 1394      206C6F6E 
 1394      6720756E 
 1394      7369676E 
 1394      65642069 
 1395              	.LASF76:
 1396 0042 63685F74 		.ascii	"ch_threadsize\000"
 1396      68726561 
 1396      6473697A 
 1396      6500
 1397              	.LASF66:
 1398 0050 65786974 		.ascii	"exitcode\000"
 1398      636F6465 
 1398      00
 1399              	.LASF89:
 1400 0059 63685265 		.ascii	"chRegFirstThread\000"
 1400      67466972 
 1400      73745468 
 1400      72656164 
 1400      00
ARM GAS  /tmp/ccBToM6c.s 			page 26


 1401              	.LASF31:
 1402 006a 705F7072 		.ascii	"p_prio\000"
 1402      696F00
 1403              	.LASF83:
 1404 0071 63665F6F 		.ascii	"cf_off_state\000"
 1404      66665F73 
 1404      74617465 
 1404      00
 1405              	.LASF1:
 1406 007e 6C6F6E67 		.ascii	"long long int\000"
 1406      206C6F6E 
 1406      6720696E 
 1406      7400
 1407              	.LASF3:
 1408 008c 7369676E 		.ascii	"signed char\000"
 1408      65642063 
 1408      68617200 
 1409              	.LASF82:
 1410 0098 63665F6F 		.ascii	"cf_off_stklimit\000"
 1410      66665F73 
 1410      746B6C69 
 1410      6D697400 
 1411              	.LASF84:
 1412 00a8 63665F6F 		.ascii	"cf_off_flags\000"
 1412      66665F66 
 1412      6C616773 
 1412      00
 1413              	.LASF47:
 1414 00b5 705F6D70 		.ascii	"p_mpool\000"
 1414      6F6F6C00 
 1415              	.LASF62:
 1416 00bd 6D5F7175 		.ascii	"m_queue\000"
 1416      65756500 
 1417              	.LASF23:
 1418 00c5 74736C69 		.ascii	"tslices_t\000"
 1418      6365735F 
 1418      7400
 1419              	.LASF11:
 1420 00cf 6C6F6E67 		.ascii	"long int\000"
 1420      20696E74 
 1420      00
 1421              	.LASF21:
 1422 00d8 74737461 		.ascii	"tstate_t\000"
 1422      74655F74 
 1422      00
 1423              	.LASF16:
 1424 00e1 75696E74 		.ascii	"uint16_t\000"
 1424      31365F74 
 1424      00
 1425              	.LASF88:
 1426 00ea 63686465 		.ascii	"chdebug_t\000"
 1426      6275675F 
 1426      7400
 1427              	.LASF33:
 1428 00f4 705F6E65 		.ascii	"p_newer\000"
 1428      77657200 
 1429              	.LASF12:
ARM GAS  /tmp/ccBToM6c.s 			page 27


 1430 00fc 5F5F7569 		.ascii	"__uint32_t\000"
 1430      6E743332 
 1430      5F7400
 1431              	.LASF50:
 1432 0107 72656761 		.ascii	"regarm_t\000"
 1432      726D5F74 
 1432      00
 1433              	.LASF0:
 1434 0110 756E7369 		.ascii	"unsigned int\000"
 1434      676E6564 
 1434      20696E74 
 1434      00
 1435              	.LASF13:
 1436 011d 6C6F6E67 		.ascii	"long unsigned int\000"
 1436      20756E73 
 1436      69676E65 
 1436      6420696E 
 1436      7400
 1437              	.LASF92:
 1438 012f 63685F64 		.ascii	"ch_debug\000"
 1438      65627567 
 1438      00
 1439              	.LASF70:
 1440 0138 63685F69 		.ascii	"ch_identifier\000"
 1440      64656E74 
 1440      69666965 
 1440      7200
 1441              	.LASF52:
 1442 0146 636F6E74 		.ascii	"context\000"
 1442      65787400 
 1443              	.LASF9:
 1444 014e 73686F72 		.ascii	"short unsigned int\000"
 1444      7420756E 
 1444      7369676E 
 1444      65642069 
 1444      6E7400
 1445              	.LASF25:
 1446 0161 6D73675F 		.ascii	"msg_t\000"
 1446      7400
 1447              	.LASF57:
 1448 0167 725F6E65 		.ascii	"r_newer\000"
 1448      77657200 
 1449              	.LASF20:
 1450 016f 746D6F64 		.ascii	"tmode_t\000"
 1450      655F7400 
 1451              	.LASF49:
 1452 0177 54687265 		.ascii	"ThreadsList\000"
 1452      6164734C 
 1452      69737400 
 1453              	.LASF26:
 1454 0183 6576656E 		.ascii	"eventmask_t\000"
 1454      746D6173 
 1454      6B5F7400 
 1455              	.LASF61:
 1456 018f 4D757465 		.ascii	"Mutex\000"
 1456      7800
 1457              	.LASF71:
ARM GAS  /tmp/ccBToM6c.s 			page 28


 1458 0195 63685F7A 		.ascii	"ch_zero\000"
 1458      65726F00 
 1459              	.LASF85:
 1460 019d 63665F6F 		.ascii	"cf_off_refs\000"
 1460      66665F72 
 1460      65667300 
 1461              	.LASF53:
 1462 01a9 73697A65 		.ascii	"sizetype\000"
 1462      74797065 
 1462      00
 1463              	.LASF2:
 1464 01b2 6C6F6E67 		.ascii	"long double\000"
 1464      20646F75 
 1464      626C6500 
 1465              	.LASF75:
 1466 01be 63685F74 		.ascii	"ch_timesize\000"
 1466      696D6573 
 1466      697A6500 
 1467              	.LASF81:
 1468 01ca 63665F6F 		.ascii	"cf_off_name\000"
 1468      66665F6E 
 1468      616D6500 
 1469              	.LASF34:
 1470 01d6 705F6F6C 		.ascii	"p_older\000"
 1470      64657200 
 1471              	.LASF56:
 1472 01de 725F6374 		.ascii	"r_ctx\000"
 1472      7800
 1473              	.LASF48:
 1474 01e4 54687265 		.ascii	"ThreadsQueue\000"
 1474      61647351 
 1474      75657565 
 1474      00
 1475              	.LASF72:
 1476 01f1 63685F73 		.ascii	"ch_size\000"
 1476      697A6500 
 1477              	.LASF59:
 1478 01f9 725F6375 		.ascii	"r_current\000"
 1478      7272656E 
 1478      7400
 1479              	.LASF58:
 1480 0203 725F6F6C 		.ascii	"r_older\000"
 1480      64657200 
 1481              	.LASF22:
 1482 020b 74726566 		.ascii	"trefs_t\000"
 1482      735F7400 
 1483              	.LASF74:
 1484 0213 63685F70 		.ascii	"ch_ptrsize\000"
 1484      74727369 
 1484      7A6500
 1485              	.LASF30:
 1486 021e 705F7072 		.ascii	"p_prev\000"
 1486      657600
 1487              	.LASF24:
 1488 0225 74707269 		.ascii	"tprio_t\000"
 1488      6F5F7400 
 1489              	.LASF19:
ARM GAS  /tmp/ccBToM6c.s 			page 29


 1490 022d 5F426F6F 		.ascii	"_Bool\000"
 1490      6C00
 1491              	.LASF17:
 1492 0233 696E7433 		.ascii	"int32_t\000"
 1492      325F7400 
 1493              	.LASF6:
 1494 023b 756E7369 		.ascii	"unsigned char\000"
 1494      676E6564 
 1494      20636861 
 1494      7200
 1495              	.LASF95:
 1496 0249 2F686F6D 		.ascii	"/home/lithium/Documentos/ChibiOS_2.6.8/demos/ESPv1\000"
 1496      652F6C69 
 1496      74686975 
 1496      6D2F446F 
 1496      63756D65 
 1497              	.LASF45:
 1498 027c 705F6D74 		.ascii	"p_mtxlist\000"
 1498      786C6973 
 1498      7400
 1499              	.LASF7:
 1500 0286 73686F72 		.ascii	"short int\000"
 1500      7420696E 
 1500      7400
 1501              	.LASF36:
 1502 0290 705F7374 		.ascii	"p_state\000"
 1502      61746500 
 1503              	.LASF39:
 1504 0298 705F7072 		.ascii	"p_preempt\000"
 1504      65656D70 
 1504      7400
 1505              	.LASF87:
 1506 02a2 63665F6F 		.ascii	"cf_off_time\000"
 1506      66665F74 
 1506      696D6500 
 1507              	.LASF55:
 1508 02ae 725F7072 		.ascii	"r_prio\000"
 1508      696F00
 1509              	.LASF93:
 1510 02b5 474E5520 		.ascii	"GNU C11 5.3.1 20160307 (release) [ARM/embedded-5-br"
 1510      43313120 
 1510      352E332E 
 1510      31203230 
 1510      31363033 
 1511 02e8 616E6368 		.ascii	"anch revision 234589] -mcpu=cortex-m4 -mno-thumb-in"
 1511      20726576 
 1511      6973696F 
 1511      6E203233 
 1511      34353839 
 1512 031b 74657277 		.ascii	"terwork -mthumb -ggdb -O2 -fomit-frame-pointer -fal"
 1512      6F726B20 
 1512      2D6D7468 
 1512      756D6220 
 1512      2D676764 
 1513 034e 69676E2D 		.ascii	"ign-functions=16 -ffunction-sections -fdata-section"
 1513      66756E63 
 1513      74696F6E 
ARM GAS  /tmp/ccBToM6c.s 			page 30


 1513      733D3136 
 1513      202D6666 
 1514 0381 73202D66 		.ascii	"s -fno-common\000"
 1514      6E6F2D63 
 1514      6F6D6D6F 
 1514      6E00
 1515              	.LASF68:
 1516 038f 65776D61 		.ascii	"ewmask\000"
 1516      736B00
 1517              	.LASF29:
 1518 0396 705F6E65 		.ascii	"p_next\000"
 1518      787400
 1519              	.LASF86:
 1520 039d 63665F6F 		.ascii	"cf_off_preempt\000"
 1520      66665F70 
 1520      7265656D 
 1520      707400
 1521              	.LASF37:
 1522 03ac 705F666C 		.ascii	"p_flags\000"
 1522      61677300 
 1523              	.LASF96:
 1524 03b4 63685468 		.ascii	"chThdRelease\000"
 1524      6452656C 
 1524      65617365 
 1524      00
 1525              	.LASF28:
 1526 03c1 54687265 		.ascii	"Thread\000"
 1526      616400
 1527              	.LASF79:
 1528 03c8 63665F6F 		.ascii	"cf_off_newer\000"
 1528      66665F6E 
 1528      65776572 
 1528      00
 1529              	.LASF44:
 1530 03d5 705F6570 		.ascii	"p_epending\000"
 1530      656E6469 
 1530      6E6700
 1531              	.LASF18:
 1532 03e0 75696E74 		.ascii	"uint32_t\000"
 1532      33325F74 
 1532      00
 1533              	.LASF77:
 1534 03e9 63665F6F 		.ascii	"cf_off_prio\000"
 1534      66665F70 
 1534      72696F00 
 1535              	.LASF54:
 1536 03f5 725F7175 		.ascii	"r_queue\000"
 1536      65756500 
 1537              	.LASF69:
 1538 03fd 63686172 		.ascii	"char\000"
 1538      00
 1539              	.LASF90:
 1540 0402 63685265 		.ascii	"chRegNextThread\000"
 1540      674E6578 
 1540      74546872 
 1540      65616400 
 1541              	.LASF8:
ARM GAS  /tmp/ccBToM6c.s 			page 31


 1542 0412 5F5F7569 		.ascii	"__uint16_t\000"
 1542      6E743136 
 1542      5F7400
 1543              	.LASF64:
 1544 041d 6D5F6E65 		.ascii	"m_next\000"
 1544      787400
 1545              	.LASF27:
 1546 0424 73797374 		.ascii	"systime_t\000"
 1546      696D655F 
 1546      7400
 1547              	.LASF46:
 1548 042e 705F7265 		.ascii	"p_realprio\000"
 1548      616C7072 
 1548      696F00
 1549              	.LASF10:
 1550 0439 5F5F696E 		.ascii	"__int32_t\000"
 1550      7433325F 
 1550      7400
 1551              	.LASF40:
 1552 0443 705F7469 		.ascii	"p_time\000"
 1552      6D6500
 1553              	.LASF51:
 1554 044a 696E7463 		.ascii	"intctx\000"
 1554      747800
 1555              	.LASF42:
 1556 0451 705F6D73 		.ascii	"p_msgqueue\000"
 1556      67717565 
 1556      756500
 1557              	.LASF94:
 1558 045c 2E2E2F2E 		.ascii	"../../os/kernel/src/chregistry.c\000"
 1558      2E2F6F73 
 1558      2F6B6572 
 1558      6E656C2F 
 1558      7372632F 
 1559              	.LASF78:
 1560 047d 63665F6F 		.ascii	"cf_off_ctx\000"
 1560      66665F63 
 1560      747800
 1561              	.LASF38:
 1562 0488 705F7265 		.ascii	"p_refs\000"
 1562      667300
 1563              	.LASF60:
 1564 048f 52656164 		.ascii	"ReadyList\000"
 1564      794C6973 
 1564      7400
 1565              	.LASF91:
 1566 0499 726C6973 		.ascii	"rlist\000"
 1566      7400
 1567              	.LASF15:
 1568 049f 75696E74 		.ascii	"uint8_t\000"
 1568      385F7400 
 1569              	.LASF67:
 1570 04a7 77746F62 		.ascii	"wtobjp\000"
 1570      6A7000
 1571              	.LASF35:
 1572 04ae 705F6E61 		.ascii	"p_name\000"
 1572      6D6500
ARM GAS  /tmp/ccBToM6c.s 			page 32


 1573              	.LASF73:
 1574 04b5 63685F76 		.ascii	"ch_version\000"
 1574      65727369 
 1574      6F6E00
 1575              	.LASF63:
 1576 04c0 6D5F6F77 		.ascii	"m_owner\000"
 1576      6E657200 
 1577              	.LASF32:
 1578 04c8 705F6374 		.ascii	"p_ctx\000"
 1578      7800
 1579              	.LASF41:
 1580 04ce 705F7761 		.ascii	"p_waiting\000"
 1580      6974696E 
 1580      6700
 1581              		.ident	"GCC: (GNU Tools for ARM Embedded Processors) 5.3.1 20160307 (release) [ARM/embedded-5-bran
ARM GAS  /tmp/ccBToM6c.s 			page 33


DEFINED SYMBOLS
                            *ABS*:00000000 chregistry.c
     /tmp/ccBToM6c.s:20     .text.chRegFirstThread:00000000 $t
     /tmp/ccBToM6c.s:26     .text.chRegFirstThread:00000000 chRegFirstThread
     /tmp/ccBToM6c.s:67     .text.chRegFirstThread:00000018 $d
     /tmp/ccBToM6c.s:72     .text.chRegNextThread:00000000 $t
     /tmp/ccBToM6c.s:78     .text.chRegNextThread:00000000 chRegNextThread
     /tmp/ccBToM6c.s:134    .text.chRegNextThread:00000028 $d
     /tmp/ccBToM6c.s:143    .rodata.ch_debug:00000000 ch_debug
     /tmp/ccBToM6c.s:140    .rodata.ch_debug:00000000 $d
                     .debug_frame:00000010 $d

UNDEFINED SYMBOLS
rlist
chThdRelease
