ARM GAS  /tmp/cciDSxg4.s 			page 1


   1              		.syntax unified
   2              		.cpu cortex-m4
   3              		.fpu softvfp
   4              		.eabi_attribute 20, 1
   5              		.eabi_attribute 21, 1
   6              		.eabi_attribute 23, 3
   7              		.eabi_attribute 24, 1
   8              		.eabi_attribute 25, 1
   9              		.eabi_attribute 26, 1
  10              		.eabi_attribute 30, 2
  11              		.eabi_attribute 34, 1
  12              		.eabi_attribute 18, 4
  13              		.thumb
  14              		.syntax unified
  15              		.file	"chvt.c"
  16              		.text
  17              	.Ltext0:
  18              		.cfi_sections	.debug_frame
  19              		.section	.text._vt_init,"ax",%progbits
  20              		.align	2
  21              		.p2align 4,,15
  22              		.global	_vt_init
  23              		.thumb
  24              		.thumb_func
  25              		.type	_vt_init, %function
  26              	_vt_init:
  27              	.LFB7:
  28              		.file 1 "../../os/kernel/src/chvt.c"
  29              		.loc 1 50 0
  30              		.cfi_startproc
  31              		@ args = 0, pretend = 0, frame = 0
  32              		@ frame_needed = 0, uses_anonymous_args = 0
  33              		@ link register save eliminated.
  34              		.loc 1 52 0
  35 0000 044B     		ldr	r3, .L2
  36              		.loc 1 53 0
  37 0002 4FF0FF31 		mov	r1, #-1
  38              		.loc 1 54 0
  39 0006 0022     		movs	r2, #0
  40              		.loc 1 52 0
  41 0008 5B60     		str	r3, [r3, #4]
  42 000a 1B60     		str	r3, [r3]
  43              		.loc 1 53 0
  44 000c 9960     		str	r1, [r3, #8]
  45              		.loc 1 54 0
  46 000e DA60     		str	r2, [r3, #12]
  47 0010 7047     		bx	lr
  48              	.L3:
  49 0012 00BF     		.align	2
  50              	.L2:
  51 0014 00000000 		.word	.LANCHOR0
  52              		.cfi_endproc
  53              	.LFE7:
  54              		.size	_vt_init, .-_vt_init
  55              		.section	.text.chVTSetI,"ax",%progbits
  56              		.align	2
  57              		.p2align 4,,15
ARM GAS  /tmp/cciDSxg4.s 			page 2


  58              		.global	chVTSetI
  59              		.thumb
  60              		.thumb_func
  61              		.type	chVTSetI, %function
  62              	chVTSetI:
  63              	.LFB8:
  64              		.loc 1 76 0
  65              		.cfi_startproc
  66              		@ args = 0, pretend = 0, frame = 0
  67              		@ frame_needed = 0, uses_anonymous_args = 0
  68              		@ link register save eliminated.
  69              	.LVL0:
  70 0000 70B4     		push	{r4, r5, r6}
  71              		.cfi_def_cfa_offset 12
  72              		.cfi_offset 4, -12
  73              		.cfi_offset 5, -8
  74              		.cfi_offset 6, -4
  75              		.loc 1 85 0
  76 0002 0C4E     		ldr	r6, .L11
  77 0004 3468     		ldr	r4, [r6]
  78              	.LVL1:
  79              		.loc 1 86 0
  80 0006 A568     		ldr	r5, [r4, #8]
  81              		.loc 1 83 0
  82 0008 0361     		str	r3, [r0, #16]
  83              		.loc 1 86 0
  84 000a A942     		cmp	r1, r5
  85              		.loc 1 84 0
  86 000c C260     		str	r2, [r0, #12]
  87              		.loc 1 86 0
  88 000e 04D9     		bls	.L5
  89              	.L6:
  90              		.loc 1 88 0
  91 0010 2468     		ldr	r4, [r4]
  92              	.LVL2:
  93              		.loc 1 87 0
  94 0012 491B     		subs	r1, r1, r5
  95              	.LVL3:
  96              		.loc 1 86 0
  97 0014 A568     		ldr	r5, [r4, #8]
  98 0016 8D42     		cmp	r5, r1
  99 0018 FAD3     		bcc	.L6
 100              	.L5:
 101              		.loc 1 91 0
 102 001a 6368     		ldr	r3, [r4, #4]
 103              	.LVL4:
 104 001c 4360     		str	r3, [r0, #4]
 105              		.loc 1 94 0
 106 001e B442     		cmp	r4, r6
 107              		.loc 1 91 0
 108 0020 0460     		str	r4, [r0]
 109              		.loc 1 92 0
 110 0022 6060     		str	r0, [r4, #4]
 111 0024 1860     		str	r0, [r3]
 112              		.loc 1 93 0
 113 0026 8160     		str	r1, [r0, #8]
 114              		.loc 1 94 0
ARM GAS  /tmp/cciDSxg4.s 			page 3


 115 0028 02D0     		beq	.L4
 116              		.loc 1 95 0
 117 002a A368     		ldr	r3, [r4, #8]
 118 002c 591A     		subs	r1, r3, r1
 119              	.LVL5:
 120 002e A160     		str	r1, [r4, #8]
 121              	.LVL6:
 122              	.L4:
 123              		.loc 1 96 0
 124 0030 70BC     		pop	{r4, r5, r6}
 125              		.cfi_restore 6
 126              		.cfi_restore 5
 127              		.cfi_restore 4
 128              		.cfi_def_cfa_offset 0
 129              	.LVL7:
 130 0032 7047     		bx	lr
 131              	.L12:
 132              		.align	2
 133              	.L11:
 134 0034 00000000 		.word	.LANCHOR0
 135              		.cfi_endproc
 136              	.LFE8:
 137              		.size	chVTSetI, .-chVTSetI
 138              		.section	.text.chVTResetI,"ax",%progbits
 139              		.align	2
 140              		.p2align 4,,15
 141              		.global	chVTResetI
 142              		.thumb
 143              		.thumb_func
 144              		.type	chVTResetI, %function
 145              	chVTResetI:
 146              	.LFB9:
 147              		.loc 1 106 0
 148              		.cfi_startproc
 149              		@ args = 0, pretend = 0, frame = 0
 150              		@ frame_needed = 0, uses_anonymous_args = 0
 151              		@ link register save eliminated.
 152              	.LVL8:
 153              		.loc 1 114 0
 154 0000 074A     		ldr	r2, .L15
 155 0002 0368     		ldr	r3, [r0]
 156 0004 9342     		cmp	r3, r2
 157 0006 03D0     		beq	.L14
 158              		.loc 1 115 0
 159 0008 9968     		ldr	r1, [r3, #8]
 160 000a 8268     		ldr	r2, [r0, #8]
 161 000c 0A44     		add	r2, r2, r1
 162 000e 9A60     		str	r2, [r3, #8]
 163              	.L14:
 164              		.loc 1 116 0
 165 0010 4268     		ldr	r2, [r0, #4]
 166 0012 1360     		str	r3, [r2]
 167              		.loc 1 117 0
 168 0014 0168     		ldr	r1, [r0]
 169              		.loc 1 118 0
 170 0016 0023     		movs	r3, #0
 171              		.loc 1 117 0
ARM GAS  /tmp/cciDSxg4.s 			page 4


 172 0018 4A60     		str	r2, [r1, #4]
 173              		.loc 1 118 0
 174 001a C360     		str	r3, [r0, #12]
 175 001c 7047     		bx	lr
 176              	.L16:
 177 001e 00BF     		.align	2
 178              	.L15:
 179 0020 00000000 		.word	.LANCHOR0
 180              		.cfi_endproc
 181              	.LFE9:
 182              		.size	chVTResetI, .-chVTResetI
 183              		.global	vtlist
 184              		.section	.bss.vtlist,"aw",%nobits
 185              		.align	2
 186              		.set	.LANCHOR0,. + 0
 187              		.type	vtlist, %object
 188              		.size	vtlist, 16
 189              	vtlist:
 190 0000 00000000 		.space	16
 190      00000000 
 190      00000000 
 190      00000000 
 191              		.text
 192              	.Letext0:
 193              		.file 2 "/home/lithium/Descargas/gcc-arm-none-eabi-5_3-2016q1/arm-none-eabi/include/machine/_defau
 194              		.file 3 "/home/lithium/Descargas/gcc-arm-none-eabi-5_3-2016q1/arm-none-eabi/include/sys/_stdint.h"
 195              		.file 4 "../../os/ports/GCC/ARMCMx/chtypes.h"
 196              		.file 5 "../../os/kernel/include/chvt.h"
 197              		.section	.debug_info,"",%progbits
 198              	.Ldebug_info0:
 199 0000 06020000 		.4byte	0x206
 200 0004 0400     		.2byte	0x4
 201 0006 00000000 		.4byte	.Ldebug_abbrev0
 202 000a 04       		.byte	0x4
 203 000b 01       		.uleb128 0x1
 204 000c 4E010000 		.4byte	.LASF29
 205 0010 0C       		.byte	0xc
 206 0011 F8000000 		.4byte	.LASF30
 207 0015 00000000 		.4byte	.LASF31
 208 0019 00000000 		.4byte	.Ldebug_ranges0+0
 209 001d 00000000 		.4byte	0
 210 0021 00000000 		.4byte	.Ldebug_line0
 211 0025 02       		.uleb128 0x2
 212 0026 04       		.byte	0x4
 213 0027 05       		.byte	0x5
 214 0028 696E7400 		.ascii	"int\000"
 215 002c 03       		.uleb128 0x3
 216 002d 04       		.byte	0x4
 217 002e 07       		.byte	0x7
 218 002f AC000000 		.4byte	.LASF0
 219 0033 03       		.uleb128 0x3
 220 0034 08       		.byte	0x8
 221 0035 05       		.byte	0x5
 222 0036 13010000 		.4byte	.LASF1
 223 003a 03       		.uleb128 0x3
 224 003b 08       		.byte	0x8
 225 003c 04       		.byte	0x4
ARM GAS  /tmp/cciDSxg4.s 			page 5


 226 003d 31020000 		.4byte	.LASF2
 227 0041 03       		.uleb128 0x3
 228 0042 01       		.byte	0x1
 229 0043 06       		.byte	0x6
 230 0044 3D020000 		.4byte	.LASF3
 231 0048 03       		.uleb128 0x3
 232 0049 01       		.byte	0x1
 233 004a 08       		.byte	0x8
 234 004b 8A000000 		.4byte	.LASF4
 235 004f 03       		.uleb128 0x3
 236 0050 02       		.byte	0x2
 237 0051 05       		.byte	0x5
 238 0052 3C010000 		.4byte	.LASF5
 239 0056 03       		.uleb128 0x3
 240 0057 02       		.byte	0x2
 241 0058 07       		.byte	0x7
 242 0059 61000000 		.4byte	.LASF6
 243 005d 03       		.uleb128 0x3
 244 005e 04       		.byte	0x4
 245 005f 05       		.byte	0x5
 246 0060 28020000 		.4byte	.LASF7
 247 0064 04       		.uleb128 0x4
 248 0065 A1000000 		.4byte	.LASF10
 249 0069 02       		.byte	0x2
 250 006a 41       		.byte	0x41
 251 006b 6F000000 		.4byte	0x6f
 252 006f 03       		.uleb128 0x3
 253 0070 04       		.byte	0x4
 254 0071 07       		.byte	0x7
 255 0072 4F000000 		.4byte	.LASF8
 256 0076 03       		.uleb128 0x3
 257 0077 08       		.byte	0x8
 258 0078 07       		.byte	0x7
 259 0079 B9000000 		.4byte	.LASF9
 260 007d 04       		.uleb128 0x4
 261 007e 74000000 		.4byte	.LASF11
 262 0082 03       		.byte	0x3
 263 0083 20       		.byte	0x20
 264 0084 64000000 		.4byte	0x64
 265 0088 03       		.uleb128 0x3
 266 0089 01       		.byte	0x1
 267 008a 02       		.byte	0x2
 268 008b 63020000 		.4byte	.LASF12
 269 008f 04       		.uleb128 0x4
 270 0090 3C000000 		.4byte	.LASF13
 271 0094 04       		.byte	0x4
 272 0095 35       		.byte	0x35
 273 0096 7D000000 		.4byte	0x7d
 274 009a 05       		.uleb128 0x5
 275 009b 04       		.byte	0x4
 276 009c 03       		.uleb128 0x3
 277 009d 04       		.byte	0x4
 278 009e 07       		.byte	0x7
 279 009f E4000000 		.4byte	.LASF14
 280 00a3 04       		.uleb128 0x4
 281 00a4 46000000 		.4byte	.LASF15
 282 00a8 05       		.byte	0x5
ARM GAS  /tmp/cciDSxg4.s 			page 6


 283 00a9 58       		.byte	0x58
 284 00aa AE000000 		.4byte	0xae
 285 00ae 06       		.uleb128 0x6
 286 00af 04       		.byte	0x4
 287 00b0 B4000000 		.4byte	0xb4
 288 00b4 07       		.uleb128 0x7
 289 00b5 BF000000 		.4byte	0xbf
 290 00b9 08       		.uleb128 0x8
 291 00ba 9A000000 		.4byte	0x9a
 292 00be 00       		.byte	0
 293 00bf 04       		.uleb128 0x4
 294 00c0 7D000000 		.4byte	.LASF16
 295 00c4 05       		.byte	0x5
 296 00c5 5D       		.byte	0x5d
 297 00c6 CA000000 		.4byte	0xca
 298 00ca 09       		.uleb128 0x9
 299 00cb 7D000000 		.4byte	.LASF16
 300 00cf 14       		.byte	0x14
 301 00d0 05       		.byte	0x5
 302 00d1 64       		.byte	0x64
 303 00d2 13010000 		.4byte	0x113
 304 00d6 0A       		.uleb128 0xa
 305 00d7 50020000 		.4byte	.LASF17
 306 00db 05       		.byte	0x5
 307 00dc 65       		.byte	0x65
 308 00dd 13010000 		.4byte	0x113
 309 00e1 00       		.byte	0
 310 00e2 0A       		.uleb128 0xa
 311 00e3 46010000 		.4byte	.LASF18
 312 00e7 05       		.byte	0x5
 313 00e8 67       		.byte	0x67
 314 00e9 13010000 		.4byte	0x113
 315 00ed 04       		.byte	0x4
 316 00ee 0A       		.uleb128 0xa
 317 00ef DC000000 		.4byte	.LASF19
 318 00f3 05       		.byte	0x5
 319 00f4 69       		.byte	0x69
 320 00f5 8F000000 		.4byte	0x8f
 321 00f9 08       		.byte	0x8
 322 00fa 0A       		.uleb128 0xa
 323 00fb 21010000 		.4byte	.LASF20
 324 00ff 05       		.byte	0x5
 325 0100 6A       		.byte	0x6a
 326 0101 A3000000 		.4byte	0xa3
 327 0105 0C       		.byte	0xc
 328 0106 0A       		.uleb128 0xa
 329 0107 35010000 		.4byte	.LASF21
 330 010b 05       		.byte	0x5
 331 010c 6C       		.byte	0x6c
 332 010d 9A000000 		.4byte	0x9a
 333 0111 10       		.byte	0x10
 334 0112 00       		.byte	0
 335 0113 06       		.uleb128 0x6
 336 0114 04       		.byte	0x4
 337 0115 BF000000 		.4byte	0xbf
 338 0119 0B       		.uleb128 0xb
 339 011a 10       		.byte	0x10
ARM GAS  /tmp/cciDSxg4.s 			page 7


 340 011b 05       		.byte	0x5
 341 011c 76       		.byte	0x76
 342 011d 52010000 		.4byte	0x152
 343 0121 0A       		.uleb128 0xa
 344 0122 50020000 		.4byte	.LASF17
 345 0126 05       		.byte	0x5
 346 0127 77       		.byte	0x77
 347 0128 13010000 		.4byte	0x113
 348 012c 00       		.byte	0
 349 012d 0A       		.uleb128 0xa
 350 012e 46010000 		.4byte	.LASF18
 351 0132 05       		.byte	0x5
 352 0133 79       		.byte	0x79
 353 0134 13010000 		.4byte	0x113
 354 0138 04       		.byte	0x4
 355 0139 0A       		.uleb128 0xa
 356 013a DC000000 		.4byte	.LASF19
 357 013e 05       		.byte	0x5
 358 013f 7B       		.byte	0x7b
 359 0140 8F000000 		.4byte	0x8f
 360 0144 08       		.byte	0x8
 361 0145 0A       		.uleb128 0xa
 362 0146 ED000000 		.4byte	.LASF22
 363 014a 05       		.byte	0x5
 364 014b 7C       		.byte	0x7c
 365 014c 52010000 		.4byte	0x152
 366 0150 0C       		.byte	0xc
 367 0151 00       		.byte	0
 368 0152 0C       		.uleb128 0xc
 369 0153 8F000000 		.4byte	0x8f
 370 0157 04       		.uleb128 0x4
 371 0158 49020000 		.4byte	.LASF23
 372 015c 05       		.byte	0x5
 373 015d 7D       		.byte	0x7d
 374 015e 19010000 		.4byte	0x119
 375 0162 03       		.uleb128 0x3
 376 0163 01       		.byte	0x1
 377 0164 08       		.byte	0x8
 378 0165 30010000 		.4byte	.LASF24
 379 0169 0D       		.uleb128 0xd
 380 016a 98000000 		.4byte	.LASF32
 381 016e 01       		.byte	0x1
 382 016f 32       		.byte	0x32
 383 0170 00000000 		.4byte	.LFB7
 384 0174 18000000 		.4byte	.LFE7-.LFB7
 385 0178 01       		.uleb128 0x1
 386 0179 9C       		.byte	0x9c
 387 017a 0E       		.uleb128 0xe
 388 017b 33000000 		.4byte	.LASF27
 389 017f 01       		.byte	0x1
 390 0180 4C       		.byte	0x4c
 391 0181 00000000 		.4byte	.LFB8
 392 0185 38000000 		.4byte	.LFE8-.LFB8
 393 0189 01       		.uleb128 0x1
 394 018a 9C       		.byte	0x9c
 395 018b D5010000 		.4byte	0x1d5
 396 018f 0F       		.uleb128 0xf
ARM GAS  /tmp/cciDSxg4.s 			page 8


 397 0190 76747000 		.ascii	"vtp\000"
 398 0194 01       		.byte	0x1
 399 0195 4C       		.byte	0x4c
 400 0196 13010000 		.4byte	0x113
 401 019a 01       		.uleb128 0x1
 402 019b 50       		.byte	0x50
 403 019c 10       		.uleb128 0x10
 404 019d D7000000 		.4byte	.LASF25
 405 01a1 01       		.byte	0x1
 406 01a2 4C       		.byte	0x4c
 407 01a3 8F000000 		.4byte	0x8f
 408 01a7 00000000 		.4byte	.LLST0
 409 01ab 11       		.uleb128 0x11
 410 01ac 29010000 		.4byte	.LASF26
 411 01b0 01       		.byte	0x1
 412 01b1 4C       		.byte	0x4c
 413 01b2 A3000000 		.4byte	0xa3
 414 01b6 01       		.uleb128 0x1
 415 01b7 52       		.byte	0x52
 416 01b8 12       		.uleb128 0x12
 417 01b9 70617200 		.ascii	"par\000"
 418 01bd 01       		.byte	0x1
 419 01be 4C       		.byte	0x4c
 420 01bf 9A000000 		.4byte	0x9a
 421 01c3 2A000000 		.4byte	.LLST1
 422 01c7 13       		.uleb128 0x13
 423 01c8 7000     		.ascii	"p\000"
 424 01ca 01       		.byte	0x1
 425 01cb 4D       		.byte	0x4d
 426 01cc 13010000 		.4byte	0x113
 427 01d0 49000000 		.4byte	.LLST2
 428 01d4 00       		.byte	0
 429 01d5 0E       		.uleb128 0xe
 430 01d6 58020000 		.4byte	.LASF28
 431 01da 01       		.byte	0x1
 432 01db 6A       		.byte	0x6a
 433 01dc 00000000 		.4byte	.LFB9
 434 01e0 24000000 		.4byte	.LFE9-.LFB9
 435 01e4 01       		.uleb128 0x1
 436 01e5 9C       		.byte	0x9c
 437 01e6 F8010000 		.4byte	0x1f8
 438 01ea 0F       		.uleb128 0xf
 439 01eb 76747000 		.ascii	"vtp\000"
 440 01ef 01       		.byte	0x1
 441 01f0 6A       		.byte	0x6a
 442 01f1 13010000 		.4byte	0x113
 443 01f5 01       		.uleb128 0x1
 444 01f6 50       		.byte	0x50
 445 01f7 00       		.byte	0
 446 01f8 14       		.uleb128 0x14
 447 01f9 D0000000 		.4byte	.LASF33
 448 01fd 01       		.byte	0x1
 449 01fe 2A       		.byte	0x2a
 450 01ff 57010000 		.4byte	0x157
 451 0203 05       		.uleb128 0x5
 452 0204 03       		.byte	0x3
 453 0205 00000000 		.4byte	vtlist
ARM GAS  /tmp/cciDSxg4.s 			page 9


 454 0209 00       		.byte	0
 455              		.section	.debug_abbrev,"",%progbits
 456              	.Ldebug_abbrev0:
 457 0000 01       		.uleb128 0x1
 458 0001 11       		.uleb128 0x11
 459 0002 01       		.byte	0x1
 460 0003 25       		.uleb128 0x25
 461 0004 0E       		.uleb128 0xe
 462 0005 13       		.uleb128 0x13
 463 0006 0B       		.uleb128 0xb
 464 0007 03       		.uleb128 0x3
 465 0008 0E       		.uleb128 0xe
 466 0009 1B       		.uleb128 0x1b
 467 000a 0E       		.uleb128 0xe
 468 000b 55       		.uleb128 0x55
 469 000c 17       		.uleb128 0x17
 470 000d 11       		.uleb128 0x11
 471 000e 01       		.uleb128 0x1
 472 000f 10       		.uleb128 0x10
 473 0010 17       		.uleb128 0x17
 474 0011 00       		.byte	0
 475 0012 00       		.byte	0
 476 0013 02       		.uleb128 0x2
 477 0014 24       		.uleb128 0x24
 478 0015 00       		.byte	0
 479 0016 0B       		.uleb128 0xb
 480 0017 0B       		.uleb128 0xb
 481 0018 3E       		.uleb128 0x3e
 482 0019 0B       		.uleb128 0xb
 483 001a 03       		.uleb128 0x3
 484 001b 08       		.uleb128 0x8
 485 001c 00       		.byte	0
 486 001d 00       		.byte	0
 487 001e 03       		.uleb128 0x3
 488 001f 24       		.uleb128 0x24
 489 0020 00       		.byte	0
 490 0021 0B       		.uleb128 0xb
 491 0022 0B       		.uleb128 0xb
 492 0023 3E       		.uleb128 0x3e
 493 0024 0B       		.uleb128 0xb
 494 0025 03       		.uleb128 0x3
 495 0026 0E       		.uleb128 0xe
 496 0027 00       		.byte	0
 497 0028 00       		.byte	0
 498 0029 04       		.uleb128 0x4
 499 002a 16       		.uleb128 0x16
 500 002b 00       		.byte	0
 501 002c 03       		.uleb128 0x3
 502 002d 0E       		.uleb128 0xe
 503 002e 3A       		.uleb128 0x3a
 504 002f 0B       		.uleb128 0xb
 505 0030 3B       		.uleb128 0x3b
 506 0031 0B       		.uleb128 0xb
 507 0032 49       		.uleb128 0x49
 508 0033 13       		.uleb128 0x13
 509 0034 00       		.byte	0
 510 0035 00       		.byte	0
ARM GAS  /tmp/cciDSxg4.s 			page 10


 511 0036 05       		.uleb128 0x5
 512 0037 0F       		.uleb128 0xf
 513 0038 00       		.byte	0
 514 0039 0B       		.uleb128 0xb
 515 003a 0B       		.uleb128 0xb
 516 003b 00       		.byte	0
 517 003c 00       		.byte	0
 518 003d 06       		.uleb128 0x6
 519 003e 0F       		.uleb128 0xf
 520 003f 00       		.byte	0
 521 0040 0B       		.uleb128 0xb
 522 0041 0B       		.uleb128 0xb
 523 0042 49       		.uleb128 0x49
 524 0043 13       		.uleb128 0x13
 525 0044 00       		.byte	0
 526 0045 00       		.byte	0
 527 0046 07       		.uleb128 0x7
 528 0047 15       		.uleb128 0x15
 529 0048 01       		.byte	0x1
 530 0049 27       		.uleb128 0x27
 531 004a 19       		.uleb128 0x19
 532 004b 01       		.uleb128 0x1
 533 004c 13       		.uleb128 0x13
 534 004d 00       		.byte	0
 535 004e 00       		.byte	0
 536 004f 08       		.uleb128 0x8
 537 0050 05       		.uleb128 0x5
 538 0051 00       		.byte	0
 539 0052 49       		.uleb128 0x49
 540 0053 13       		.uleb128 0x13
 541 0054 00       		.byte	0
 542 0055 00       		.byte	0
 543 0056 09       		.uleb128 0x9
 544 0057 13       		.uleb128 0x13
 545 0058 01       		.byte	0x1
 546 0059 03       		.uleb128 0x3
 547 005a 0E       		.uleb128 0xe
 548 005b 0B       		.uleb128 0xb
 549 005c 0B       		.uleb128 0xb
 550 005d 3A       		.uleb128 0x3a
 551 005e 0B       		.uleb128 0xb
 552 005f 3B       		.uleb128 0x3b
 553 0060 0B       		.uleb128 0xb
 554 0061 01       		.uleb128 0x1
 555 0062 13       		.uleb128 0x13
 556 0063 00       		.byte	0
 557 0064 00       		.byte	0
 558 0065 0A       		.uleb128 0xa
 559 0066 0D       		.uleb128 0xd
 560 0067 00       		.byte	0
 561 0068 03       		.uleb128 0x3
 562 0069 0E       		.uleb128 0xe
 563 006a 3A       		.uleb128 0x3a
 564 006b 0B       		.uleb128 0xb
 565 006c 3B       		.uleb128 0x3b
 566 006d 0B       		.uleb128 0xb
 567 006e 49       		.uleb128 0x49
ARM GAS  /tmp/cciDSxg4.s 			page 11


 568 006f 13       		.uleb128 0x13
 569 0070 38       		.uleb128 0x38
 570 0071 0B       		.uleb128 0xb
 571 0072 00       		.byte	0
 572 0073 00       		.byte	0
 573 0074 0B       		.uleb128 0xb
 574 0075 13       		.uleb128 0x13
 575 0076 01       		.byte	0x1
 576 0077 0B       		.uleb128 0xb
 577 0078 0B       		.uleb128 0xb
 578 0079 3A       		.uleb128 0x3a
 579 007a 0B       		.uleb128 0xb
 580 007b 3B       		.uleb128 0x3b
 581 007c 0B       		.uleb128 0xb
 582 007d 01       		.uleb128 0x1
 583 007e 13       		.uleb128 0x13
 584 007f 00       		.byte	0
 585 0080 00       		.byte	0
 586 0081 0C       		.uleb128 0xc
 587 0082 35       		.uleb128 0x35
 588 0083 00       		.byte	0
 589 0084 49       		.uleb128 0x49
 590 0085 13       		.uleb128 0x13
 591 0086 00       		.byte	0
 592 0087 00       		.byte	0
 593 0088 0D       		.uleb128 0xd
 594 0089 2E       		.uleb128 0x2e
 595 008a 00       		.byte	0
 596 008b 3F       		.uleb128 0x3f
 597 008c 19       		.uleb128 0x19
 598 008d 03       		.uleb128 0x3
 599 008e 0E       		.uleb128 0xe
 600 008f 3A       		.uleb128 0x3a
 601 0090 0B       		.uleb128 0xb
 602 0091 3B       		.uleb128 0x3b
 603 0092 0B       		.uleb128 0xb
 604 0093 27       		.uleb128 0x27
 605 0094 19       		.uleb128 0x19
 606 0095 11       		.uleb128 0x11
 607 0096 01       		.uleb128 0x1
 608 0097 12       		.uleb128 0x12
 609 0098 06       		.uleb128 0x6
 610 0099 40       		.uleb128 0x40
 611 009a 18       		.uleb128 0x18
 612 009b 9742     		.uleb128 0x2117
 613 009d 19       		.uleb128 0x19
 614 009e 00       		.byte	0
 615 009f 00       		.byte	0
 616 00a0 0E       		.uleb128 0xe
 617 00a1 2E       		.uleb128 0x2e
 618 00a2 01       		.byte	0x1
 619 00a3 3F       		.uleb128 0x3f
 620 00a4 19       		.uleb128 0x19
 621 00a5 03       		.uleb128 0x3
 622 00a6 0E       		.uleb128 0xe
 623 00a7 3A       		.uleb128 0x3a
 624 00a8 0B       		.uleb128 0xb
ARM GAS  /tmp/cciDSxg4.s 			page 12


 625 00a9 3B       		.uleb128 0x3b
 626 00aa 0B       		.uleb128 0xb
 627 00ab 27       		.uleb128 0x27
 628 00ac 19       		.uleb128 0x19
 629 00ad 11       		.uleb128 0x11
 630 00ae 01       		.uleb128 0x1
 631 00af 12       		.uleb128 0x12
 632 00b0 06       		.uleb128 0x6
 633 00b1 40       		.uleb128 0x40
 634 00b2 18       		.uleb128 0x18
 635 00b3 9742     		.uleb128 0x2117
 636 00b5 19       		.uleb128 0x19
 637 00b6 01       		.uleb128 0x1
 638 00b7 13       		.uleb128 0x13
 639 00b8 00       		.byte	0
 640 00b9 00       		.byte	0
 641 00ba 0F       		.uleb128 0xf
 642 00bb 05       		.uleb128 0x5
 643 00bc 00       		.byte	0
 644 00bd 03       		.uleb128 0x3
 645 00be 08       		.uleb128 0x8
 646 00bf 3A       		.uleb128 0x3a
 647 00c0 0B       		.uleb128 0xb
 648 00c1 3B       		.uleb128 0x3b
 649 00c2 0B       		.uleb128 0xb
 650 00c3 49       		.uleb128 0x49
 651 00c4 13       		.uleb128 0x13
 652 00c5 02       		.uleb128 0x2
 653 00c6 18       		.uleb128 0x18
 654 00c7 00       		.byte	0
 655 00c8 00       		.byte	0
 656 00c9 10       		.uleb128 0x10
 657 00ca 05       		.uleb128 0x5
 658 00cb 00       		.byte	0
 659 00cc 03       		.uleb128 0x3
 660 00cd 0E       		.uleb128 0xe
 661 00ce 3A       		.uleb128 0x3a
 662 00cf 0B       		.uleb128 0xb
 663 00d0 3B       		.uleb128 0x3b
 664 00d1 0B       		.uleb128 0xb
 665 00d2 49       		.uleb128 0x49
 666 00d3 13       		.uleb128 0x13
 667 00d4 02       		.uleb128 0x2
 668 00d5 17       		.uleb128 0x17
 669 00d6 00       		.byte	0
 670 00d7 00       		.byte	0
 671 00d8 11       		.uleb128 0x11
 672 00d9 05       		.uleb128 0x5
 673 00da 00       		.byte	0
 674 00db 03       		.uleb128 0x3
 675 00dc 0E       		.uleb128 0xe
 676 00dd 3A       		.uleb128 0x3a
 677 00de 0B       		.uleb128 0xb
 678 00df 3B       		.uleb128 0x3b
 679 00e0 0B       		.uleb128 0xb
 680 00e1 49       		.uleb128 0x49
 681 00e2 13       		.uleb128 0x13
ARM GAS  /tmp/cciDSxg4.s 			page 13


 682 00e3 02       		.uleb128 0x2
 683 00e4 18       		.uleb128 0x18
 684 00e5 00       		.byte	0
 685 00e6 00       		.byte	0
 686 00e7 12       		.uleb128 0x12
 687 00e8 05       		.uleb128 0x5
 688 00e9 00       		.byte	0
 689 00ea 03       		.uleb128 0x3
 690 00eb 08       		.uleb128 0x8
 691 00ec 3A       		.uleb128 0x3a
 692 00ed 0B       		.uleb128 0xb
 693 00ee 3B       		.uleb128 0x3b
 694 00ef 0B       		.uleb128 0xb
 695 00f0 49       		.uleb128 0x49
 696 00f1 13       		.uleb128 0x13
 697 00f2 02       		.uleb128 0x2
 698 00f3 17       		.uleb128 0x17
 699 00f4 00       		.byte	0
 700 00f5 00       		.byte	0
 701 00f6 13       		.uleb128 0x13
 702 00f7 34       		.uleb128 0x34
 703 00f8 00       		.byte	0
 704 00f9 03       		.uleb128 0x3
 705 00fa 08       		.uleb128 0x8
 706 00fb 3A       		.uleb128 0x3a
 707 00fc 0B       		.uleb128 0xb
 708 00fd 3B       		.uleb128 0x3b
 709 00fe 0B       		.uleb128 0xb
 710 00ff 49       		.uleb128 0x49
 711 0100 13       		.uleb128 0x13
 712 0101 02       		.uleb128 0x2
 713 0102 17       		.uleb128 0x17
 714 0103 00       		.byte	0
 715 0104 00       		.byte	0
 716 0105 14       		.uleb128 0x14
 717 0106 34       		.uleb128 0x34
 718 0107 00       		.byte	0
 719 0108 03       		.uleb128 0x3
 720 0109 0E       		.uleb128 0xe
 721 010a 3A       		.uleb128 0x3a
 722 010b 0B       		.uleb128 0xb
 723 010c 3B       		.uleb128 0x3b
 724 010d 0B       		.uleb128 0xb
 725 010e 49       		.uleb128 0x49
 726 010f 13       		.uleb128 0x13
 727 0110 3F       		.uleb128 0x3f
 728 0111 19       		.uleb128 0x19
 729 0112 02       		.uleb128 0x2
 730 0113 18       		.uleb128 0x18
 731 0114 00       		.byte	0
 732 0115 00       		.byte	0
 733 0116 00       		.byte	0
 734              		.section	.debug_loc,"",%progbits
 735              	.Ldebug_loc0:
 736              	.LLST0:
 737 0000 00000000 		.4byte	.LVL0
 738 0004 14000000 		.4byte	.LVL3
ARM GAS  /tmp/cciDSxg4.s 			page 14


 739 0008 0100     		.2byte	0x1
 740 000a 51       		.byte	0x51
 741 000b 14000000 		.4byte	.LVL3
 742 000f 2E000000 		.4byte	.LVL5
 743 0013 0100     		.2byte	0x1
 744 0015 51       		.byte	0x51
 745 0016 2E000000 		.4byte	.LVL5
 746 001a 30000000 		.4byte	.LVL6
 747 001e 0200     		.2byte	0x2
 748 0020 70       		.byte	0x70
 749 0021 08       		.sleb128 8
 750 0022 00000000 		.4byte	0
 751 0026 00000000 		.4byte	0
 752              	.LLST1:
 753 002a 00000000 		.4byte	.LVL0
 754 002e 1C000000 		.4byte	.LVL4
 755 0032 0100     		.2byte	0x1
 756 0034 53       		.byte	0x53
 757 0035 1C000000 		.4byte	.LVL4
 758 0039 38000000 		.4byte	.LFE8
 759 003d 0200     		.2byte	0x2
 760 003f 70       		.byte	0x70
 761 0040 10       		.sleb128 16
 762 0041 00000000 		.4byte	0
 763 0045 00000000 		.4byte	0
 764              	.LLST2:
 765 0049 06000000 		.4byte	.LVL1
 766 004d 12000000 		.4byte	.LVL2
 767 0051 0100     		.2byte	0x1
 768 0053 54       		.byte	0x54
 769 0054 14000000 		.4byte	.LVL3
 770 0058 32000000 		.4byte	.LVL7
 771 005c 0100     		.2byte	0x1
 772 005e 54       		.byte	0x54
 773 005f 00000000 		.4byte	0
 774 0063 00000000 		.4byte	0
 775              		.section	.debug_aranges,"",%progbits
 776 0000 2C000000 		.4byte	0x2c
 777 0004 0200     		.2byte	0x2
 778 0006 00000000 		.4byte	.Ldebug_info0
 779 000a 04       		.byte	0x4
 780 000b 00       		.byte	0
 781 000c 0000     		.2byte	0
 782 000e 0000     		.2byte	0
 783 0010 00000000 		.4byte	.LFB7
 784 0014 18000000 		.4byte	.LFE7-.LFB7
 785 0018 00000000 		.4byte	.LFB8
 786 001c 38000000 		.4byte	.LFE8-.LFB8
 787 0020 00000000 		.4byte	.LFB9
 788 0024 24000000 		.4byte	.LFE9-.LFB9
 789 0028 00000000 		.4byte	0
 790 002c 00000000 		.4byte	0
 791              		.section	.debug_ranges,"",%progbits
 792              	.Ldebug_ranges0:
 793 0000 00000000 		.4byte	.LFB7
 794 0004 18000000 		.4byte	.LFE7
 795 0008 00000000 		.4byte	.LFB8
ARM GAS  /tmp/cciDSxg4.s 			page 15


 796 000c 38000000 		.4byte	.LFE8
 797 0010 00000000 		.4byte	.LFB9
 798 0014 24000000 		.4byte	.LFE9
 799 0018 00000000 		.4byte	0
 800 001c 00000000 		.4byte	0
 801              		.section	.debug_line,"",%progbits
 802              	.Ldebug_line0:
 803 0000 92010000 		.section	.debug_str,"MS",%progbits,1
 803      02003D01 
 803      00000201 
 803      FB0E0D00 
 803      01010101 
 804              	.LASF31:
 805 0000 2F686F6D 		.ascii	"/home/lithium/Documentos/ChibiOS_2.6.8/demos/ESPv1\000"
 805      652F6C69 
 805      74686975 
 805      6D2F446F 
 805      63756D65 
 806              	.LASF27:
 807 0033 63685654 		.ascii	"chVTSetI\000"
 807      53657449 
 807      00
 808              	.LASF13:
 809 003c 73797374 		.ascii	"systime_t\000"
 809      696D655F 
 809      7400
 810              	.LASF15:
 811 0046 76746675 		.ascii	"vtfunc_t\000"
 811      6E635F74 
 811      00
 812              	.LASF8:
 813 004f 6C6F6E67 		.ascii	"long unsigned int\000"
 813      20756E73 
 813      69676E65 
 813      6420696E 
 813      7400
 814              	.LASF6:
 815 0061 73686F72 		.ascii	"short unsigned int\000"
 815      7420756E 
 815      7369676E 
 815      65642069 
 815      6E7400
 816              	.LASF11:
 817 0074 75696E74 		.ascii	"uint32_t\000"
 817      33325F74 
 817      00
 818              	.LASF16:
 819 007d 56697274 		.ascii	"VirtualTimer\000"
 819      75616C54 
 819      696D6572 
 819      00
 820              	.LASF4:
 821 008a 756E7369 		.ascii	"unsigned char\000"
 821      676E6564 
 821      20636861 
 821      7200
 822              	.LASF32:
ARM GAS  /tmp/cciDSxg4.s 			page 16


 823 0098 5F76745F 		.ascii	"_vt_init\000"
 823      696E6974 
 823      00
 824              	.LASF10:
 825 00a1 5F5F7569 		.ascii	"__uint32_t\000"
 825      6E743332 
 825      5F7400
 826              	.LASF0:
 827 00ac 756E7369 		.ascii	"unsigned int\000"
 827      676E6564 
 827      20696E74 
 827      00
 828              	.LASF9:
 829 00b9 6C6F6E67 		.ascii	"long long unsigned int\000"
 829      206C6F6E 
 829      6720756E 
 829      7369676E 
 829      65642069 
 830              	.LASF33:
 831 00d0 76746C69 		.ascii	"vtlist\000"
 831      737400
 832              	.LASF25:
 833 00d7 74696D65 		.ascii	"time\000"
 833      00
 834              	.LASF19:
 835 00dc 76745F74 		.ascii	"vt_time\000"
 835      696D6500 
 836              	.LASF14:
 837 00e4 73697A65 		.ascii	"sizetype\000"
 837      74797065 
 837      00
 838              	.LASF22:
 839 00ed 76745F73 		.ascii	"vt_systime\000"
 839      79737469 
 839      6D6500
 840              	.LASF30:
 841 00f8 2E2E2F2E 		.ascii	"../../os/kernel/src/chvt.c\000"
 841      2E2F6F73 
 841      2F6B6572 
 841      6E656C2F 
 841      7372632F 
 842              	.LASF1:
 843 0113 6C6F6E67 		.ascii	"long long int\000"
 843      206C6F6E 
 843      6720696E 
 843      7400
 844              	.LASF20:
 845 0121 76745F66 		.ascii	"vt_func\000"
 845      756E6300 
 846              	.LASF26:
 847 0129 76746675 		.ascii	"vtfunc\000"
 847      6E6300
 848              	.LASF24:
 849 0130 63686172 		.ascii	"char\000"
 849      00
 850              	.LASF21:
 851 0135 76745F70 		.ascii	"vt_par\000"
ARM GAS  /tmp/cciDSxg4.s 			page 17


 851      617200
 852              	.LASF5:
 853 013c 73686F72 		.ascii	"short int\000"
 853      7420696E 
 853      7400
 854              	.LASF18:
 855 0146 76745F70 		.ascii	"vt_prev\000"
 855      72657600 
 856              	.LASF29:
 857 014e 474E5520 		.ascii	"GNU C11 5.3.1 20160307 (release) [ARM/embedded-5-br"
 857      43313120 
 857      352E332E 
 857      31203230 
 857      31363033 
 858 0181 616E6368 		.ascii	"anch revision 234589] -mcpu=cortex-m4 -mno-thumb-in"
 858      20726576 
 858      6973696F 
 858      6E203233 
 858      34353839 
 859 01b4 74657277 		.ascii	"terwork -mthumb -ggdb -O2 -fomit-frame-pointer -fal"
 859      6F726B20 
 859      2D6D7468 
 859      756D6220 
 859      2D676764 
 860 01e7 69676E2D 		.ascii	"ign-functions=16 -ffunction-sections -fdata-section"
 860      66756E63 
 860      74696F6E 
 860      733D3136 
 860      202D6666 
 861 021a 73202D66 		.ascii	"s -fno-common\000"
 861      6E6F2D63 
 861      6F6D6D6F 
 861      6E00
 862              	.LASF7:
 863 0228 6C6F6E67 		.ascii	"long int\000"
 863      20696E74 
 863      00
 864              	.LASF2:
 865 0231 6C6F6E67 		.ascii	"long double\000"
 865      20646F75 
 865      626C6500 
 866              	.LASF3:
 867 023d 7369676E 		.ascii	"signed char\000"
 867      65642063 
 867      68617200 
 868              	.LASF23:
 869 0249 56544C69 		.ascii	"VTList\000"
 869      737400
 870              	.LASF17:
 871 0250 76745F6E 		.ascii	"vt_next\000"
 871      65787400 
 872              	.LASF28:
 873 0258 63685654 		.ascii	"chVTResetI\000"
 873      52657365 
 873      744900
 874              	.LASF12:
 875 0263 5F426F6F 		.ascii	"_Bool\000"
ARM GAS  /tmp/cciDSxg4.s 			page 18


 875      6C00
 876              		.ident	"GCC: (GNU Tools for ARM Embedded Processors) 5.3.1 20160307 (release) [ARM/embedded-5-bran
ARM GAS  /tmp/cciDSxg4.s 			page 19


DEFINED SYMBOLS
                            *ABS*:00000000 chvt.c
     /tmp/cciDSxg4.s:20     .text._vt_init:00000000 $t
     /tmp/cciDSxg4.s:26     .text._vt_init:00000000 _vt_init
     /tmp/cciDSxg4.s:51     .text._vt_init:00000014 $d
     /tmp/cciDSxg4.s:56     .text.chVTSetI:00000000 $t
     /tmp/cciDSxg4.s:62     .text.chVTSetI:00000000 chVTSetI
     /tmp/cciDSxg4.s:134    .text.chVTSetI:00000034 $d
     /tmp/cciDSxg4.s:139    .text.chVTResetI:00000000 $t
     /tmp/cciDSxg4.s:145    .text.chVTResetI:00000000 chVTResetI
     /tmp/cciDSxg4.s:179    .text.chVTResetI:00000020 $d
     /tmp/cciDSxg4.s:189    .bss.vtlist:00000000 vtlist
     /tmp/cciDSxg4.s:185    .bss.vtlist:00000000 $d
                     .debug_frame:00000010 $d

NO UNDEFINED SYMBOLS
