ARM GAS  /tmp/ccugH2UG.s 			page 1


   1              		.syntax unified
   2              		.cpu cortex-m4
   3              		.fpu softvfp
   4              		.eabi_attribute 20, 1
   5              		.eabi_attribute 21, 1
   6              		.eabi_attribute 23, 3
   7              		.eabi_attribute 24, 1
   8              		.eabi_attribute 25, 1
   9              		.eabi_attribute 26, 1
  10              		.eabi_attribute 30, 2
  11              		.eabi_attribute 34, 1
  12              		.eabi_attribute 18, 4
  13              		.thumb
  14              		.file	"lis302dl.c"
  15              		.text
  16              	.Ltext0:
  17              		.cfi_sections	.debug_frame
  18              		.section	.text.lis302dlReadRegister,"ax",%progbits
  19              		.align	2
  20              		.p2align 4,,15
  21              		.global	lis302dlReadRegister
  22              		.thumb
  23              		.thumb_func
  24              		.type	lis302dlReadRegister, %function
  25              	lis302dlReadRegister:
  26              	.LFB118:
  27              		.file 1 "../../os/various/devices_lib/accel/lis302dl.c"
  28              		.loc 1 60 0
  29              		.cfi_startproc
  30              		@ args = 0, pretend = 0, frame = 0
  31              		@ frame_needed = 0, uses_anonymous_args = 0
  32              	.LVL0:
  33 0000 F8B5     		push	{r3, r4, r5, r6, r7, lr}
  34              		.cfi_def_cfa_offset 24
  35              		.cfi_offset 3, -24
  36              		.cfi_offset 4, -20
  37              		.cfi_offset 5, -16
  38              		.cfi_offset 6, -12
  39              		.cfi_offset 7, -8
  40              		.cfi_offset 14, -4
  41              		.loc 1 63 0
  42 0002 0C4C     		ldr	r4, .L3
  43              		.loc 1 65 0
  44 0004 0C4E     		ldr	r6, .L3+4
  45              		.loc 1 60 0
  46 0006 0746     		mov	r7, r0
  47 0008 0D46     		mov	r5, r1
  48              		.loc 1 63 0
  49 000a 65F07F05 		orn	r5, r5, #127
  50              		.loc 1 62 0
  51 000e FFF7FEFF 		bl	spiSelect
  52              	.LVL1:
  53              		.loc 1 64 0
  54 0012 4FF0FF0E 		mov	lr, #255
  55              		.loc 1 65 0
  56 0016 2246     		mov	r2, r4
  57 0018 3846     		mov	r0, r7
ARM GAS  /tmp/ccugH2UG.s 			page 2


  58 001a 3346     		mov	r3, r6
  59 001c 0221     		movs	r1, #2
  60              		.loc 1 64 0
  61 001e 84F801E0 		strb	lr, [r4, #1]
  62              		.loc 1 63 0
  63 0022 2570     		strb	r5, [r4]
  64              		.loc 1 65 0
  65 0024 FFF7FEFF 		bl	spiExchange
  66              	.LVL2:
  67              		.loc 1 66 0
  68 0028 3846     		mov	r0, r7
  69 002a FFF7FEFF 		bl	spiUnselect
  70              	.LVL3:
  71              		.loc 1 68 0
  72 002e 7078     		ldrb	r0, [r6, #1]	@ zero_extendqisi2
  73 0030 F8BD     		pop	{r3, r4, r5, r6, r7, pc}
  74              	.LVL4:
  75              	.L4:
  76 0032 00BF     		.align	2
  77              	.L3:
  78 0034 00000000 		.word	.LANCHOR0
  79 0038 00000000 		.word	.LANCHOR1
  80              		.cfi_endproc
  81              	.LFE118:
  82              		.size	lis302dlReadRegister, .-lis302dlReadRegister
  83 003c AFF30080 		.section	.text.lis302dlWriteRegister,"ax",%progbits
  84              		.align	2
  85              		.p2align 4,,15
  86              		.global	lis302dlWriteRegister
  87              		.thumb
  88              		.thumb_func
  89              		.type	lis302dlWriteRegister, %function
  90              	lis302dlWriteRegister:
  91              	.LFB119:
  92              		.loc 1 78 0
  93              		.cfi_startproc
  94              		@ args = 0, pretend = 0, frame = 0
  95              		@ frame_needed = 0, uses_anonymous_args = 0
  96              	.LVL5:
  97              		.loc 1 80 0
  98 0000 A1F10F03 		sub	r3, r1, #15
  99              		.loc 1 78 0
 100 0004 70B5     		push	{r4, r5, r6, lr}
 101              		.cfi_def_cfa_offset 16
 102              		.cfi_offset 4, -16
 103              		.cfi_offset 5, -12
 104              		.cfi_offset 6, -8
 105              		.cfi_offset 14, -4
 106              		.loc 1 78 0
 107 0006 0C46     		mov	r4, r1
 108 0008 1646     		mov	r6, r2
 109              		.loc 1 80 0
 110 000a 302B     		cmp	r3, #48
 111 000c 2BD8     		bhi	.L6
 112 000e DFE803F0 		tbb	[pc, r3]
 113              	.LVL6:
 114              	.L8:
ARM GAS  /tmp/ccugH2UG.s 			page 3


 115 0012 29       		.byte	(.L5-.L8)/2
 116 0013 2A       		.byte	(.L6-.L8)/2
 117 0014 2A       		.byte	(.L6-.L8)/2
 118 0015 2A       		.byte	(.L6-.L8)/2
 119 0016 2A       		.byte	(.L6-.L8)/2
 120 0017 2A       		.byte	(.L6-.L8)/2
 121 0018 2A       		.byte	(.L6-.L8)/2
 122 0019 2A       		.byte	(.L6-.L8)/2
 123 001a 2A       		.byte	(.L6-.L8)/2
 124 001b 2A       		.byte	(.L6-.L8)/2
 125 001c 2A       		.byte	(.L6-.L8)/2
 126 001d 2A       		.byte	(.L6-.L8)/2
 127 001e 2A       		.byte	(.L6-.L8)/2
 128 001f 2A       		.byte	(.L6-.L8)/2
 129 0020 2A       		.byte	(.L6-.L8)/2
 130 0021 2A       		.byte	(.L6-.L8)/2
 131 0022 2A       		.byte	(.L6-.L8)/2
 132 0023 19       		.byte	(.L9-.L8)/2
 133 0024 19       		.byte	(.L9-.L8)/2
 134 0025 19       		.byte	(.L9-.L8)/2
 135 0026 29       		.byte	(.L5-.L8)/2
 136 0027 2A       		.byte	(.L6-.L8)/2
 137 0028 2A       		.byte	(.L6-.L8)/2
 138 0029 2A       		.byte	(.L6-.L8)/2
 139 002a 29       		.byte	(.L5-.L8)/2
 140 002b 2A       		.byte	(.L6-.L8)/2
 141 002c 29       		.byte	(.L5-.L8)/2
 142 002d 2A       		.byte	(.L6-.L8)/2
 143 002e 29       		.byte	(.L5-.L8)/2
 144 002f 2A       		.byte	(.L6-.L8)/2
 145 0030 29       		.byte	(.L5-.L8)/2
 146 0031 2A       		.byte	(.L6-.L8)/2
 147 0032 2A       		.byte	(.L6-.L8)/2
 148 0033 19       		.byte	(.L9-.L8)/2
 149 0034 29       		.byte	(.L5-.L8)/2
 150 0035 19       		.byte	(.L9-.L8)/2
 151 0036 19       		.byte	(.L9-.L8)/2
 152 0037 19       		.byte	(.L9-.L8)/2
 153 0038 29       		.byte	(.L5-.L8)/2
 154 0039 19       		.byte	(.L9-.L8)/2
 155 003a 19       		.byte	(.L9-.L8)/2
 156 003b 19       		.byte	(.L9-.L8)/2
 157 003c 29       		.byte	(.L5-.L8)/2
 158 003d 2A       		.byte	(.L6-.L8)/2
 159 003e 19       		.byte	(.L9-.L8)/2
 160 003f 19       		.byte	(.L9-.L8)/2
 161 0040 19       		.byte	(.L9-.L8)/2
 162 0041 19       		.byte	(.L9-.L8)/2
 163 0042 19       		.byte	(.L9-.L8)/2
 164 0043 00       		.p2align 1
 165              	.L9:
 166 0044 0546     		mov	r5, r0
 167              		.loc 1 111 0
 168 0046 FFF7FEFF 		bl	spiSelect
 169              	.LVL7:
 170              		.loc 1 112 0
 171 004a 094B     		ldr	r3, .L12
ARM GAS  /tmp/ccugH2UG.s 			page 4


 172              		.loc 1 114 0
 173 004c 2846     		mov	r0, r5
 174 004e 1A46     		mov	r2, r3
 175 0050 0221     		movs	r1, #2
 176              		.loc 1 112 0
 177 0052 1C70     		strb	r4, [r3]
 178              		.loc 1 113 0
 179 0054 5E70     		strb	r6, [r3, #1]
 180              		.loc 1 114 0
 181 0056 FFF7FEFF 		bl	spiSend
 182              	.LVL8:
 183              		.loc 1 115 0
 184 005a 2846     		mov	r0, r5
 185              		.loc 1 117 0
 186 005c BDE87040 		pop	{r4, r5, r6, lr}
 187              		.cfi_remember_state
 188              		.cfi_restore 14
 189              		.cfi_restore 6
 190              		.cfi_restore 5
 191              		.cfi_restore 4
 192              		.cfi_def_cfa_offset 0
 193              	.LVL9:
 194              		.loc 1 115 0
 195 0060 FFF7FEBF 		b	spiUnselect
 196              	.LVL10:
 197              	.L5:
 198              		.cfi_restore_state
 199 0064 70BD     		pop	{r4, r5, r6, pc}
 200              	.L6:
 201              		.loc 1 84 0 discriminator 1
 202 0066 0348     		ldr	r0, .L12+4
 203              	.LVL11:
 204              		.loc 1 117 0 discriminator 1
 205 0068 BDE87040 		pop	{r4, r5, r6, lr}
 206              		.cfi_restore 14
 207              		.cfi_restore 6
 208              		.cfi_restore 5
 209              		.cfi_restore 4
 210              		.cfi_def_cfa_offset 0
 211              		.loc 1 84 0 discriminator 1
 212 006c FFF7FEBF 		b	chDbgPanic
 213              	.LVL12:
 214              	.L13:
 215              		.align	2
 216              	.L12:
 217 0070 00000000 		.word	.LANCHOR0
 218 0074 00000000 		.word	.LC0
 219              		.cfi_endproc
 220              	.LFE119:
 221              		.size	lis302dlWriteRegister, .-lis302dlWriteRegister
 222 0078 AFF30080 		.section	.bss.rxbuf,"aw",%nobits
 222      AFF30080 
 223              		.align	2
 224              		.set	.LANCHOR1,. + 0
 225              		.type	rxbuf, %object
 226              		.size	rxbuf, 2
 227              	rxbuf:
ARM GAS  /tmp/ccugH2UG.s 			page 5


 228 0000 0000     		.space	2
 229 0002 0000     		.section	.rodata.str1.4,"aMS",%progbits,1
 230              		.align	2
 231              	.LC0:
 232 0000 6C697333 		.ascii	"lis302dlWriteRegister(), #1\000"
 232      3032646C 
 232      57726974 
 232      65526567 
 232      69737465 
 233              		.section	.bss.txbuf,"aw",%nobits
 234              		.align	2
 235              		.set	.LANCHOR0,. + 0
 236              		.type	txbuf, %object
 237              		.size	txbuf, 2
 238              	txbuf:
 239 0000 0000     		.space	2
 240 0002 0000     		.text
 241              	.Letext0:
 242              		.file 2 "/usr/lib/gcc/arm-none-eabi/4.9.3/include/stddef.h"
 243              		.file 3 "/usr/include/newlib/machine/_default_types.h"
 244              		.file 4 "/usr/include/newlib/stdint.h"
 245              		.file 5 "../../os/ports/GCC/ARMCMx/chtypes.h"
 246              		.file 6 "../../os/kernel/include/chlists.h"
 247              		.file 7 "../../os/kernel/include/chthreads.h"
 248              		.file 8 "../../os/ports/GCC/ARMCMx/chcore_v7m.h"
 249              		.file 9 "../../os/kernel/include/chmtx.h"
 250              		.file 10 "../../os/hal/platforms/STM32F4xx/stm32f4xx.h"
 251              		.file 11 "../../os/hal/platforms/STM32F4xx/stm32_dma.h"
 252              		.file 12 "../../os/hal/platforms/STM32/GPIOv2/pal_lld.h"
 253              		.file 13 "../../os/hal/include/spi.h"
 254              		.file 14 "../../os/hal/platforms/STM32/SPIv1/spi_lld.h"
 255              		.file 15 "../../os/ports/common/ARMCMx/CMSIS/include/core_cm4.h"
 256              		.file 16 "../../os/kernel/include/chdebug.h"
 257              		.section	.debug_info,"",%progbits
 258              	.Ldebug_info0:
 259 0000 C5090000 		.4byte	0x9c5
 260 0004 0400     		.2byte	0x4
 261 0006 00000000 		.4byte	.Ldebug_abbrev0
 262 000a 04       		.byte	0x4
 263 000b 01       		.uleb128 0x1
 264 000c 62000000 		.4byte	.LASF130
 265 0010 01       		.byte	0x1
 266 0011 A3050000 		.4byte	.LASF131
 267 0015 BA010000 		.4byte	.LASF132
 268 0019 00000000 		.4byte	.Ldebug_ranges0+0
 269 001d 00000000 		.4byte	0
 270 0021 00000000 		.4byte	.Ldebug_line0
 271 0025 02       		.uleb128 0x2
 272 0026 04       		.byte	0x4
 273 0027 05       		.byte	0x5
 274 0028 696E7400 		.ascii	"int\000"
 275 002c 03       		.uleb128 0x3
 276 002d 0B000000 		.4byte	.LASF2
 277 0031 02       		.byte	0x2
 278 0032 D4       		.byte	0xd4
 279 0033 37000000 		.4byte	0x37
 280 0037 04       		.uleb128 0x4
ARM GAS  /tmp/ccugH2UG.s 			page 6


 281 0038 04       		.byte	0x4
 282 0039 07       		.byte	0x7
 283 003a B4020000 		.4byte	.LASF0
 284 003e 04       		.uleb128 0x4
 285 003f 01       		.byte	0x1
 286 0040 06       		.byte	0x6
 287 0041 90010000 		.4byte	.LASF1
 288 0045 03       		.uleb128 0x3
 289 0046 29000000 		.4byte	.LASF3
 290 004a 03       		.byte	0x3
 291 004b 1D       		.byte	0x1d
 292 004c 50000000 		.4byte	0x50
 293 0050 04       		.uleb128 0x4
 294 0051 01       		.byte	0x1
 295 0052 08       		.byte	0x8
 296 0053 F7030000 		.4byte	.LASF4
 297 0057 04       		.uleb128 0x4
 298 0058 02       		.byte	0x2
 299 0059 05       		.byte	0x5
 300 005a 22040000 		.4byte	.LASF5
 301 005e 03       		.uleb128 0x3
 302 005f BD040000 		.4byte	.LASF6
 303 0063 03       		.byte	0x3
 304 0064 2B       		.byte	0x2b
 305 0065 69000000 		.4byte	0x69
 306 0069 04       		.uleb128 0x4
 307 006a 02       		.byte	0x2
 308 006b 07       		.byte	0x7
 309 006c DE020000 		.4byte	.LASF7
 310 0070 03       		.uleb128 0x3
 311 0071 EF040000 		.4byte	.LASF8
 312 0075 03       		.byte	0x3
 313 0076 3F       		.byte	0x3f
 314 0077 7B000000 		.4byte	0x7b
 315 007b 04       		.uleb128 0x4
 316 007c 04       		.byte	0x4
 317 007d 05       		.byte	0x5
 318 007e 09020000 		.4byte	.LASF9
 319 0082 03       		.uleb128 0x3
 320 0083 71020000 		.4byte	.LASF10
 321 0087 03       		.byte	0x3
 322 0088 41       		.byte	0x41
 323 0089 8D000000 		.4byte	0x8d
 324 008d 04       		.uleb128 0x4
 325 008e 04       		.byte	0x4
 326 008f 07       		.byte	0x7
 327 0090 86040000 		.4byte	.LASF11
 328 0094 04       		.uleb128 0x4
 329 0095 08       		.byte	0x8
 330 0096 05       		.byte	0x5
 331 0097 82010000 		.4byte	.LASF12
 332 009b 03       		.uleb128 0x3
 333 009c 68030000 		.4byte	.LASF13
 334 00a0 03       		.byte	0x3
 335 00a1 5B       		.byte	0x5b
 336 00a2 A6000000 		.4byte	0xa6
 337 00a6 04       		.uleb128 0x4
ARM GAS  /tmp/ccugH2UG.s 			page 7


 338 00a7 08       		.byte	0x8
 339 00a8 07       		.byte	0x7
 340 00a9 4B000000 		.4byte	.LASF14
 341 00ad 03       		.uleb128 0x3
 342 00ae 68050000 		.4byte	.LASF15
 343 00b2 04       		.byte	0x4
 344 00b3 15       		.byte	0x15
 345 00b4 45000000 		.4byte	0x45
 346 00b8 03       		.uleb128 0x3
 347 00b9 22020000 		.4byte	.LASF16
 348 00bd 04       		.byte	0x4
 349 00be 21       		.byte	0x21
 350 00bf 5E000000 		.4byte	0x5e
 351 00c3 03       		.uleb128 0x3
 352 00c4 EF030000 		.4byte	.LASF17
 353 00c8 04       		.byte	0x4
 354 00c9 2C       		.byte	0x2c
 355 00ca 70000000 		.4byte	0x70
 356 00ce 03       		.uleb128 0x3
 357 00cf 75040000 		.4byte	.LASF18
 358 00d3 04       		.byte	0x4
 359 00d4 2D       		.byte	0x2d
 360 00d5 82000000 		.4byte	0x82
 361 00d9 03       		.uleb128 0x3
 362 00da 19000000 		.4byte	.LASF19
 363 00de 04       		.byte	0x4
 364 00df 39       		.byte	0x39
 365 00e0 9B000000 		.4byte	0x9b
 366 00e4 04       		.uleb128 0x4
 367 00e5 01       		.byte	0x1
 368 00e6 02       		.byte	0x2
 369 00e7 E9030000 		.4byte	.LASF20
 370 00eb 03       		.uleb128 0x3
 371 00ec F7020000 		.4byte	.LASF21
 372 00f0 05       		.byte	0x5
 373 00f1 2C       		.byte	0x2c
 374 00f2 AD000000 		.4byte	0xad
 375 00f6 03       		.uleb128 0x3
 376 00f7 12020000 		.4byte	.LASF22
 377 00fb 05       		.byte	0x5
 378 00fc 2D       		.byte	0x2d
 379 00fd AD000000 		.4byte	0xad
 380 0101 03       		.uleb128 0x3
 381 0102 7E040000 		.4byte	.LASF23
 382 0106 05       		.byte	0x5
 383 0107 2E       		.byte	0x2e
 384 0108 AD000000 		.4byte	0xad
 385 010c 03       		.uleb128 0x3
 386 010d EB010000 		.4byte	.LASF24
 387 0111 05       		.byte	0x5
 388 0112 2F       		.byte	0x2f
 389 0113 AD000000 		.4byte	0xad
 390 0117 03       		.uleb128 0x3
 391 0118 DB030000 		.4byte	.LASF25
 392 011c 05       		.byte	0x5
 393 011d 30       		.byte	0x30
 394 011e CE000000 		.4byte	0xce
ARM GAS  /tmp/ccugH2UG.s 			page 8


 395 0122 03       		.uleb128 0x3
 396 0123 F1020000 		.4byte	.LASF26
 397 0127 05       		.byte	0x5
 398 0128 31       		.byte	0x31
 399 0129 C3000000 		.4byte	0xc3
 400 012d 03       		.uleb128 0x3
 401 012e 0B030000 		.4byte	.LASF27
 402 0132 05       		.byte	0x5
 403 0133 33       		.byte	0x33
 404 0134 CE000000 		.4byte	0xce
 405 0138 03       		.uleb128 0x3
 406 0139 DA040000 		.4byte	.LASF28
 407 013d 05       		.byte	0x5
 408 013e 35       		.byte	0x35
 409 013f CE000000 		.4byte	0xce
 410 0143 03       		.uleb128 0x3
 411 0144 54040000 		.4byte	.LASF29
 412 0148 06       		.byte	0x6
 413 0149 2A       		.byte	0x2a
 414 014a 4E010000 		.4byte	0x14e
 415 014e 05       		.uleb128 0x5
 416 014f 54040000 		.4byte	.LASF29
 417 0153 4C       		.byte	0x4c
 418 0154 07       		.byte	0x7
 419 0155 5E       		.byte	0x5e
 420 0156 57020000 		.4byte	0x257
 421 015a 06       		.uleb128 0x6
 422 015b 45040000 		.4byte	.LASF30
 423 015f 07       		.byte	0x7
 424 0160 5F       		.byte	0x5f
 425 0161 78020000 		.4byte	0x278
 426 0165 00       		.byte	0
 427 0166 06       		.uleb128 0x6
 428 0167 B6030000 		.4byte	.LASF31
 429 016b 07       		.byte	0x7
 430 016c 61       		.byte	0x61
 431 016d 78020000 		.4byte	0x278
 432 0171 04       		.byte	0x4
 433 0172 06       		.uleb128 0x6
 434 0173 75010000 		.4byte	.LASF32
 435 0177 07       		.byte	0x7
 436 0178 63       		.byte	0x63
 437 0179 17010000 		.4byte	0x117
 438 017d 08       		.byte	0x8
 439 017e 06       		.uleb128 0x6
 440 017f D1050000 		.4byte	.LASF33
 441 0183 07       		.byte	0x7
 442 0184 64       		.byte	0x64
 443 0185 3D030000 		.4byte	0x33d
 444 0189 0C       		.byte	0xc
 445 018a 06       		.uleb128 0x6
 446 018b 32020000 		.4byte	.LASF34
 447 018f 07       		.byte	0x7
 448 0190 66       		.byte	0x66
 449 0191 78020000 		.4byte	0x278
 450 0195 10       		.byte	0x10
 451 0196 06       		.uleb128 0x6
ARM GAS  /tmp/ccugH2UG.s 			page 9


 452 0197 49030000 		.4byte	.LASF35
 453 019b 07       		.byte	0x7
 454 019c 67       		.byte	0x67
 455 019d 78020000 		.4byte	0x278
 456 01a1 14       		.byte	0x14
 457 01a2 06       		.uleb128 0x6
 458 01a3 7C050000 		.4byte	.LASF36
 459 01a7 07       		.byte	0x7
 460 01a8 6E       		.byte	0x6e
 461 01a9 E6030000 		.4byte	0x3e6
 462 01ad 18       		.byte	0x18
 463 01ae 06       		.uleb128 0x6
 464 01af A9020000 		.4byte	.LASF37
 465 01b3 07       		.byte	0x7
 466 01b4 74       		.byte	0x74
 467 01b5 F8030000 		.4byte	0x3f8
 468 01b9 1C       		.byte	0x1c
 469 01ba 06       		.uleb128 0x6
 470 01bb 2C040000 		.4byte	.LASF38
 471 01bf 07       		.byte	0x7
 472 01c0 79       		.byte	0x79
 473 01c1 F6000000 		.4byte	0xf6
 474 01c5 20       		.byte	0x20
 475 01c6 06       		.uleb128 0x6
 476 01c7 4C040000 		.4byte	.LASF39
 477 01cb 07       		.byte	0x7
 478 01cc 7D       		.byte	0x7d
 479 01cd EB000000 		.4byte	0xeb
 480 01d1 21       		.byte	0x21
 481 01d2 06       		.uleb128 0x6
 482 01d3 5A050000 		.4byte	.LASF40
 483 01d7 07       		.byte	0x7
 484 01d8 82       		.byte	0x82
 485 01d9 01010000 		.4byte	0x101
 486 01dd 22       		.byte	0x22
 487 01de 06       		.uleb128 0x6
 488 01df 34040000 		.4byte	.LASF41
 489 01e3 07       		.byte	0x7
 490 01e4 88       		.byte	0x88
 491 01e5 0C010000 		.4byte	0x10c
 492 01e9 23       		.byte	0x23
 493 01ea 06       		.uleb128 0x6
 494 01eb 2B020000 		.4byte	.LASF42
 495 01ef 07       		.byte	0x7
 496 01f0 8F       		.byte	0x8f
 497 01f1 6A030000 		.4byte	0x36a
 498 01f5 24       		.byte	0x24
 499 01f6 07       		.uleb128 0x7
 500 01f7 705F7500 		.ascii	"p_u\000"
 501 01fb 07       		.byte	0x7
 502 01fc B4       		.byte	0xb4
 503 01fd B1030000 		.4byte	0x3b1
 504 0201 28       		.byte	0x28
 505 0202 06       		.uleb128 0x6
 506 0203 D7050000 		.4byte	.LASF43
 507 0207 07       		.byte	0x7
 508 0208 B9       		.byte	0xb9
ARM GAS  /tmp/ccugH2UG.s 			page 10


 509 0209 9E020000 		.4byte	0x29e
 510 020d 2C       		.byte	0x2c
 511 020e 06       		.uleb128 0x6
 512 020f C7020000 		.4byte	.LASF44
 513 0213 07       		.byte	0x7
 514 0214 BF       		.byte	0xbf
 515 0215 7E020000 		.4byte	0x27e
 516 0219 30       		.byte	0x30
 517 021a 06       		.uleb128 0x6
 518 021b 95050000 		.4byte	.LASF45
 519 021f 07       		.byte	0x7
 520 0220 C3       		.byte	0xc3
 521 0221 22010000 		.4byte	0x122
 522 0225 38       		.byte	0x38
 523 0226 06       		.uleb128 0x6
 524 0227 5B040000 		.4byte	.LASF46
 525 022b 07       		.byte	0x7
 526 022c C9       		.byte	0xc9
 527 022d 2D010000 		.4byte	0x12d
 528 0231 3C       		.byte	0x3c
 529 0232 06       		.uleb128 0x6
 530 0233 18040000 		.4byte	.LASF47
 531 0237 07       		.byte	0x7
 532 0238 D0       		.byte	0xd0
 533 0239 FE030000 		.4byte	0x3fe
 534 023d 40       		.byte	0x40
 535 023e 06       		.uleb128 0x6
 536 023f E4040000 		.4byte	.LASF48
 537 0243 07       		.byte	0x7
 538 0244 D4       		.byte	0xd4
 539 0245 17010000 		.4byte	0x117
 540 0249 44       		.byte	0x44
 541 024a 06       		.uleb128 0x6
 542 024b 7C020000 		.4byte	.LASF49
 543 024f 07       		.byte	0x7
 544 0250 DA       		.byte	0xda
 545 0251 B4020000 		.4byte	0x2b4
 546 0255 48       		.byte	0x48
 547 0256 00       		.byte	0
 548 0257 08       		.uleb128 0x8
 549 0258 08       		.byte	0x8
 550 0259 06       		.byte	0x6
 551 025a 61       		.byte	0x61
 552 025b 78020000 		.4byte	0x278
 553 025f 06       		.uleb128 0x6
 554 0260 45040000 		.4byte	.LASF30
 555 0264 06       		.byte	0x6
 556 0265 62       		.byte	0x62
 557 0266 78020000 		.4byte	0x278
 558 026a 00       		.byte	0
 559 026b 06       		.uleb128 0x6
 560 026c B6030000 		.4byte	.LASF31
 561 0270 06       		.byte	0x6
 562 0271 64       		.byte	0x64
 563 0272 78020000 		.4byte	0x278
 564 0276 04       		.byte	0x4
 565 0277 00       		.byte	0
ARM GAS  /tmp/ccugH2UG.s 			page 11


 566 0278 09       		.uleb128 0x9
 567 0279 04       		.byte	0x4
 568 027a 43010000 		.4byte	0x143
 569 027e 03       		.uleb128 0x3
 570 027f 51030000 		.4byte	.LASF50
 571 0283 06       		.byte	0x6
 572 0284 66       		.byte	0x66
 573 0285 57020000 		.4byte	0x257
 574 0289 08       		.uleb128 0x8
 575 028a 04       		.byte	0x4
 576 028b 06       		.byte	0x6
 577 028c 6B       		.byte	0x6b
 578 028d 9E020000 		.4byte	0x29e
 579 0291 06       		.uleb128 0x6
 580 0292 45040000 		.4byte	.LASF30
 581 0296 06       		.byte	0x6
 582 0297 6D       		.byte	0x6d
 583 0298 78020000 		.4byte	0x278
 584 029c 00       		.byte	0
 585 029d 00       		.byte	0
 586 029e 03       		.uleb128 0x3
 587 029f FF020000 		.4byte	.LASF51
 588 02a3 06       		.byte	0x6
 589 02a4 70       		.byte	0x70
 590 02a5 89020000 		.4byte	0x289
 591 02a9 03       		.uleb128 0x3
 592 02aa 84020000 		.4byte	.LASF52
 593 02ae 08       		.byte	0x8
 594 02af E5       		.byte	0xe5
 595 02b0 B4020000 		.4byte	0x2b4
 596 02b4 0A       		.uleb128 0xa
 597 02b5 04       		.byte	0x4
 598 02b6 03       		.uleb128 0x3
 599 02b7 17030000 		.4byte	.LASF53
 600 02bb 08       		.byte	0x8
 601 02bc EB       		.byte	0xeb
 602 02bd D9000000 		.4byte	0xd9
 603 02c1 0B       		.uleb128 0xb
 604 02c2 2E050000 		.4byte	.LASF54
 605 02c6 24       		.byte	0x24
 606 02c7 08       		.byte	0x8
 607 02c8 0C01     		.2byte	0x10c
 608 02ca 3D030000 		.4byte	0x33d
 609 02ce 0C       		.uleb128 0xc
 610 02cf 723400   		.ascii	"r4\000"
 611 02d2 08       		.byte	0x8
 612 02d3 1F01     		.2byte	0x11f
 613 02d5 A9020000 		.4byte	0x2a9
 614 02d9 00       		.byte	0
 615 02da 0C       		.uleb128 0xc
 616 02db 723500   		.ascii	"r5\000"
 617 02de 08       		.byte	0x8
 618 02df 2001     		.2byte	0x120
 619 02e1 A9020000 		.4byte	0x2a9
 620 02e5 04       		.byte	0x4
 621 02e6 0C       		.uleb128 0xc
 622 02e7 723600   		.ascii	"r6\000"
ARM GAS  /tmp/ccugH2UG.s 			page 12


 623 02ea 08       		.byte	0x8
 624 02eb 2101     		.2byte	0x121
 625 02ed A9020000 		.4byte	0x2a9
 626 02f1 08       		.byte	0x8
 627 02f2 0C       		.uleb128 0xc
 628 02f3 723700   		.ascii	"r7\000"
 629 02f6 08       		.byte	0x8
 630 02f7 2201     		.2byte	0x122
 631 02f9 A9020000 		.4byte	0x2a9
 632 02fd 0C       		.byte	0xc
 633 02fe 0C       		.uleb128 0xc
 634 02ff 723800   		.ascii	"r8\000"
 635 0302 08       		.byte	0x8
 636 0303 2301     		.2byte	0x123
 637 0305 A9020000 		.4byte	0x2a9
 638 0309 10       		.byte	0x10
 639 030a 0C       		.uleb128 0xc
 640 030b 723900   		.ascii	"r9\000"
 641 030e 08       		.byte	0x8
 642 030f 2401     		.2byte	0x124
 643 0311 A9020000 		.4byte	0x2a9
 644 0315 14       		.byte	0x14
 645 0316 0C       		.uleb128 0xc
 646 0317 72313000 		.ascii	"r10\000"
 647 031b 08       		.byte	0x8
 648 031c 2501     		.2byte	0x125
 649 031e A9020000 		.4byte	0x2a9
 650 0322 18       		.byte	0x18
 651 0323 0C       		.uleb128 0xc
 652 0324 72313100 		.ascii	"r11\000"
 653 0328 08       		.byte	0x8
 654 0329 2601     		.2byte	0x126
 655 032b A9020000 		.4byte	0x2a9
 656 032f 1C       		.byte	0x1c
 657 0330 0C       		.uleb128 0xc
 658 0331 6C7200   		.ascii	"lr\000"
 659 0334 08       		.byte	0x8
 660 0335 2701     		.2byte	0x127
 661 0337 A9020000 		.4byte	0x2a9
 662 033b 20       		.byte	0x20
 663 033c 00       		.byte	0
 664 033d 0B       		.uleb128 0xb
 665 033e 1C050000 		.4byte	.LASF55
 666 0342 04       		.byte	0x4
 667 0343 08       		.byte	0x8
 668 0344 3101     		.2byte	0x131
 669 0346 58030000 		.4byte	0x358
 670 034a 0C       		.uleb128 0xc
 671 034b 72313300 		.ascii	"r13\000"
 672 034f 08       		.byte	0x8
 673 0350 3201     		.2byte	0x132
 674 0352 58030000 		.4byte	0x358
 675 0356 00       		.byte	0
 676 0357 00       		.byte	0
 677 0358 09       		.uleb128 0x9
 678 0359 04       		.byte	0x4
 679 035a C1020000 		.4byte	0x2c1
ARM GAS  /tmp/ccugH2UG.s 			page 13


 680 035e 0D       		.uleb128 0xd
 681 035f CE000000 		.4byte	0xce
 682 0363 04       		.uleb128 0x4
 683 0364 04       		.byte	0x4
 684 0365 07       		.byte	0x7
 685 0366 34030000 		.4byte	.LASF56
 686 036a 0D       		.uleb128 0xd
 687 036b 38010000 		.4byte	0x138
 688 036f 05       		.uleb128 0x5
 689 0370 43030000 		.4byte	.LASF57
 690 0374 10       		.byte	0x10
 691 0375 09       		.byte	0x9
 692 0376 2C       		.byte	0x2c
 693 0377 A0030000 		.4byte	0x3a0
 694 037b 06       		.uleb128 0x6
 695 037c B2010000 		.4byte	.LASF58
 696 0380 09       		.byte	0x9
 697 0381 2D       		.byte	0x2d
 698 0382 7E020000 		.4byte	0x27e
 699 0386 00       		.byte	0
 700 0387 06       		.uleb128 0x6
 701 0388 9B050000 		.4byte	.LASF59
 702 038c 09       		.byte	0x9
 703 038d 2F       		.byte	0x2f
 704 038e 78020000 		.4byte	0x278
 705 0392 08       		.byte	0x8
 706 0393 06       		.uleb128 0x6
 707 0394 D3040000 		.4byte	.LASF60
 708 0398 09       		.byte	0x9
 709 0399 31       		.byte	0x31
 710 039a A0030000 		.4byte	0x3a0
 711 039e 0C       		.byte	0xc
 712 039f 00       		.byte	0
 713 03a0 09       		.uleb128 0x9
 714 03a1 04       		.byte	0x4
 715 03a2 6F030000 		.4byte	0x36f
 716 03a6 03       		.uleb128 0x3
 717 03a7 43030000 		.4byte	.LASF57
 718 03ab 09       		.byte	0x9
 719 03ac 33       		.byte	0x33
 720 03ad 6F030000 		.4byte	0x36f
 721 03b1 0E       		.uleb128 0xe
 722 03b2 04       		.byte	0x4
 723 03b3 07       		.byte	0x7
 724 03b4 96       		.byte	0x96
 725 03b5 E6030000 		.4byte	0x3e6
 726 03b9 0F       		.uleb128 0xf
 727 03ba 12000000 		.4byte	.LASF61
 728 03be 07       		.byte	0x7
 729 03bf 9D       		.byte	0x9d
 730 03c0 22010000 		.4byte	0x122
 731 03c4 0F       		.uleb128 0xf
 732 03c5 2B010000 		.4byte	.LASF62
 733 03c9 07       		.byte	0x7
 734 03ca A4       		.byte	0xa4
 735 03cb 22010000 		.4byte	0x122
 736 03cf 0F       		.uleb128 0xf
ARM GAS  /tmp/ccugH2UG.s 			page 14


 737 03d0 75050000 		.4byte	.LASF63
 738 03d4 07       		.byte	0x7
 739 03d5 AB       		.byte	0xab
 740 03d6 B4020000 		.4byte	0x2b4
 741 03da 0F       		.uleb128 0xf
 742 03db 3E040000 		.4byte	.LASF64
 743 03df 07       		.byte	0x7
 744 03e0 B2       		.byte	0xb2
 745 03e1 2D010000 		.4byte	0x12d
 746 03e5 00       		.byte	0
 747 03e6 09       		.uleb128 0x9
 748 03e7 04       		.byte	0x4
 749 03e8 EC030000 		.4byte	0x3ec
 750 03ec 10       		.uleb128 0x10
 751 03ed F1030000 		.4byte	0x3f1
 752 03f1 04       		.uleb128 0x4
 753 03f2 01       		.byte	0x1
 754 03f3 08       		.byte	0x8
 755 03f4 A4040000 		.4byte	.LASF65
 756 03f8 09       		.uleb128 0x9
 757 03f9 04       		.byte	0x4
 758 03fa B6020000 		.4byte	0x2b6
 759 03fe 09       		.uleb128 0x9
 760 03ff 04       		.byte	0x4
 761 0400 A6030000 		.4byte	0x3a6
 762 0404 0D       		.uleb128 0xd
 763 0405 B8000000 		.4byte	0xb8
 764 0409 0D       		.uleb128 0xd
 765 040a C3000000 		.4byte	0xc3
 766 040e 11       		.uleb128 0x11
 767 040f 18       		.byte	0x18
 768 0410 0A       		.byte	0xa
 769 0411 B102     		.2byte	0x2b1
 770 0413 65040000 		.4byte	0x465
 771 0417 0C       		.uleb128 0xc
 772 0418 435200   		.ascii	"CR\000"
 773 041b 0A       		.byte	0xa
 774 041c B302     		.2byte	0x2b3
 775 041e 5E030000 		.4byte	0x35e
 776 0422 00       		.byte	0
 777 0423 12       		.uleb128 0x12
 778 0424 F9040000 		.4byte	.LASF66
 779 0428 0A       		.byte	0xa
 780 0429 B402     		.2byte	0x2b4
 781 042b 5E030000 		.4byte	0x35e
 782 042f 04       		.byte	0x4
 783 0430 0C       		.uleb128 0xc
 784 0431 50415200 		.ascii	"PAR\000"
 785 0435 0A       		.byte	0xa
 786 0436 B502     		.2byte	0x2b5
 787 0438 5E030000 		.4byte	0x35e
 788 043c 08       		.byte	0x8
 789 043d 12       		.uleb128 0x12
 790 043e 06000000 		.4byte	.LASF67
 791 0442 0A       		.byte	0xa
 792 0443 B602     		.2byte	0x2b6
 793 0445 5E030000 		.4byte	0x35e
ARM GAS  /tmp/ccugH2UG.s 			page 15


 794 0449 0C       		.byte	0xc
 795 044a 12       		.uleb128 0x12
 796 044b 35050000 		.4byte	.LASF68
 797 044f 0A       		.byte	0xa
 798 0450 B702     		.2byte	0x2b7
 799 0452 5E030000 		.4byte	0x35e
 800 0456 10       		.byte	0x10
 801 0457 0C       		.uleb128 0xc
 802 0458 46435200 		.ascii	"FCR\000"
 803 045c 0A       		.byte	0xa
 804 045d B802     		.2byte	0x2b8
 805 045f 5E030000 		.4byte	0x35e
 806 0463 14       		.byte	0x14
 807 0464 00       		.byte	0
 808 0465 13       		.uleb128 0x13
 809 0466 FE040000 		.4byte	.LASF69
 810 046a 0A       		.byte	0xa
 811 046b B902     		.2byte	0x2b9
 812 046d 0E040000 		.4byte	0x40e
 813 0471 11       		.uleb128 0x11
 814 0472 24       		.byte	0x24
 815 0473 0A       		.byte	0xa
 816 0474 E304     		.2byte	0x4e3
 817 0476 63050000 		.4byte	0x563
 818 047a 0C       		.uleb128 0xc
 819 047b 43523100 		.ascii	"CR1\000"
 820 047f 0A       		.byte	0xa
 821 0480 E504     		.2byte	0x4e5
 822 0482 04040000 		.4byte	0x404
 823 0486 00       		.byte	0
 824 0487 12       		.uleb128 0x12
 825 0488 84030000 		.4byte	.LASF70
 826 048c 0A       		.byte	0xa
 827 048d E604     		.2byte	0x4e6
 828 048f B8000000 		.4byte	0xb8
 829 0493 02       		.byte	0x2
 830 0494 0C       		.uleb128 0xc
 831 0495 43523200 		.ascii	"CR2\000"
 832 0499 0A       		.byte	0xa
 833 049a E704     		.2byte	0x4e7
 834 049c 04040000 		.4byte	0x404
 835 04a0 04       		.byte	0x4
 836 04a1 12       		.uleb128 0x12
 837 04a2 8E030000 		.4byte	.LASF71
 838 04a6 0A       		.byte	0xa
 839 04a7 E804     		.2byte	0x4e8
 840 04a9 B8000000 		.4byte	0xb8
 841 04ad 06       		.byte	0x6
 842 04ae 0C       		.uleb128 0xc
 843 04af 535200   		.ascii	"SR\000"
 844 04b2 0A       		.byte	0xa
 845 04b3 E904     		.2byte	0x4e9
 846 04b5 04040000 		.4byte	0x404
 847 04b9 08       		.byte	0x8
 848 04ba 12       		.uleb128 0x12
 849 04bb 98030000 		.4byte	.LASF72
 850 04bf 0A       		.byte	0xa
ARM GAS  /tmp/ccugH2UG.s 			page 16


 851 04c0 EA04     		.2byte	0x4ea
 852 04c2 B8000000 		.4byte	0xb8
 853 04c6 0A       		.byte	0xa
 854 04c7 0C       		.uleb128 0xc
 855 04c8 445200   		.ascii	"DR\000"
 856 04cb 0A       		.byte	0xa
 857 04cc EB04     		.2byte	0x4eb
 858 04ce 04040000 		.4byte	0x404
 859 04d2 0C       		.byte	0xc
 860 04d3 12       		.uleb128 0x12
 861 04d4 A2030000 		.4byte	.LASF73
 862 04d8 0A       		.byte	0xa
 863 04d9 EC04     		.2byte	0x4ec
 864 04db B8000000 		.4byte	0xb8
 865 04df 0E       		.byte	0xe
 866 04e0 12       		.uleb128 0x12
 867 04e1 1F010000 		.4byte	.LASF74
 868 04e5 0A       		.byte	0xa
 869 04e6 ED04     		.2byte	0x4ed
 870 04e8 04040000 		.4byte	0x404
 871 04ec 10       		.byte	0x10
 872 04ed 12       		.uleb128 0x12
 873 04ee AC030000 		.4byte	.LASF75
 874 04f2 0A       		.byte	0xa
 875 04f3 EE04     		.2byte	0x4ee
 876 04f5 B8000000 		.4byte	0xb8
 877 04f9 12       		.byte	0x12
 878 04fa 12       		.uleb128 0x12
 879 04fb 61050000 		.4byte	.LASF76
 880 04ff 0A       		.byte	0xa
 881 0500 EF04     		.2byte	0x4ef
 882 0502 04040000 		.4byte	0x404
 883 0506 14       		.byte	0x14
 884 0507 12       		.uleb128 0x12
 885 0508 6B040000 		.4byte	.LASF77
 886 050c 0A       		.byte	0xa
 887 050d F004     		.2byte	0x4f0
 888 050f B8000000 		.4byte	0xb8
 889 0513 16       		.byte	0x16
 890 0514 12       		.uleb128 0x12
 891 0515 7D030000 		.4byte	.LASF78
 892 0519 0A       		.byte	0xa
 893 051a F104     		.2byte	0x4f1
 894 051c 04040000 		.4byte	0x404
 895 0520 18       		.byte	0x18
 896 0521 12       		.uleb128 0x12
 897 0522 BD030000 		.4byte	.LASF79
 898 0526 0A       		.byte	0xa
 899 0527 F204     		.2byte	0x4f2
 900 0529 B8000000 		.4byte	0xb8
 901 052d 1A       		.byte	0x1a
 902 052e 12       		.uleb128 0x12
 903 052f AA010000 		.4byte	.LASF80
 904 0533 0A       		.byte	0xa
 905 0534 F304     		.2byte	0x4f3
 906 0536 04040000 		.4byte	0x404
 907 053a 1C       		.byte	0x1c
ARM GAS  /tmp/ccugH2UG.s 			page 17


 908 053b 12       		.uleb128 0x12
 909 053c C7030000 		.4byte	.LASF81
 910 0540 0A       		.byte	0xa
 911 0541 F404     		.2byte	0x4f4
 912 0543 B8000000 		.4byte	0xb8
 913 0547 1E       		.byte	0x1e
 914 0548 12       		.uleb128 0x12
 915 0549 2E030000 		.4byte	.LASF82
 916 054d 0A       		.byte	0xa
 917 054e F504     		.2byte	0x4f5
 918 0550 04040000 		.4byte	0x404
 919 0554 20       		.byte	0x20
 920 0555 12       		.uleb128 0x12
 921 0556 D1030000 		.4byte	.LASF83
 922 055a 0A       		.byte	0xa
 923 055b F604     		.2byte	0x4f6
 924 055d B8000000 		.4byte	0xb8
 925 0561 22       		.byte	0x22
 926 0562 00       		.byte	0
 927 0563 13       		.uleb128 0x13
 928 0564 98040000 		.4byte	.LASF84
 929 0568 0A       		.byte	0xa
 930 0569 F704     		.2byte	0x4f7
 931 056b 71040000 		.4byte	0x471
 932 056f 08       		.uleb128 0x8
 933 0570 0C       		.byte	0xc
 934 0571 0B       		.byte	0xb
 935 0572 DA       		.byte	0xda
 936 0573 B4050000 		.4byte	0x5b4
 937 0577 06       		.uleb128 0x6
 938 0578 3E000000 		.4byte	.LASF85
 939 057c 0B       		.byte	0xb
 940 057d DB       		.byte	0xdb
 941 057e B4050000 		.4byte	0x5b4
 942 0582 00       		.byte	0
 943 0583 06       		.uleb128 0x6
 944 0584 66040000 		.4byte	.LASF86
 945 0588 0B       		.byte	0xb
 946 0589 DC       		.byte	0xdc
 947 058a BA050000 		.4byte	0x5ba
 948 058e 04       		.byte	0x4
 949 058f 06       		.uleb128 0x6
 950 0590 D7020000 		.4byte	.LASF87
 951 0594 0B       		.byte	0xb
 952 0595 DD       		.byte	0xdd
 953 0596 AD000000 		.4byte	0xad
 954 059a 08       		.byte	0x8
 955 059b 06       		.uleb128 0x6
 956 059c 8D020000 		.4byte	.LASF88
 957 05a0 0B       		.byte	0xb
 958 05a1 DF       		.byte	0xdf
 959 05a2 AD000000 		.4byte	0xad
 960 05a6 09       		.byte	0x9
 961 05a7 06       		.uleb128 0x6
 962 05a8 34010000 		.4byte	.LASF89
 963 05ac 0B       		.byte	0xb
 964 05ad E0       		.byte	0xe0
ARM GAS  /tmp/ccugH2UG.s 			page 18


 965 05ae AD000000 		.4byte	0xad
 966 05b2 0A       		.byte	0xa
 967 05b3 00       		.byte	0
 968 05b4 09       		.uleb128 0x9
 969 05b5 04       		.byte	0x4
 970 05b6 65040000 		.4byte	0x465
 971 05ba 09       		.uleb128 0x9
 972 05bb 04       		.byte	0x4
 973 05bc 5E030000 		.4byte	0x35e
 974 05c0 03       		.uleb128 0x3
 975 05c1 05040000 		.4byte	.LASF90
 976 05c5 0B       		.byte	0xb
 977 05c6 E1       		.byte	0xe1
 978 05c7 6F050000 		.4byte	0x56f
 979 05cb 08       		.uleb128 0x8
 980 05cc 04       		.byte	0x4
 981 05cd 0C       		.byte	0xc
 982 05ce 96       		.byte	0x96
 983 05cf EC050000 		.4byte	0x5ec
 984 05d3 07       		.uleb128 0x7
 985 05d4 73657400 		.ascii	"set\000"
 986 05d8 0C       		.byte	0xc
 987 05d9 97       		.byte	0x97
 988 05da B8000000 		.4byte	0xb8
 989 05de 00       		.byte	0
 990 05df 06       		.uleb128 0x6
 991 05e0 3D030000 		.4byte	.LASF91
 992 05e4 0C       		.byte	0xc
 993 05e5 98       		.byte	0x98
 994 05e6 B8000000 		.4byte	0xb8
 995 05ea 02       		.byte	0x2
 996 05eb 00       		.byte	0
 997 05ec 0E       		.uleb128 0xe
 998 05ed 04       		.byte	0x4
 999 05ee 0C       		.byte	0xc
 1000 05ef 94       		.byte	0x94
 1001 05f0 07060000 		.4byte	0x607
 1002 05f4 14       		.uleb128 0x14
 1003 05f5 5700     		.ascii	"W\000"
 1004 05f7 0C       		.byte	0xc
 1005 05f8 95       		.byte	0x95
 1006 05f9 CE000000 		.4byte	0xce
 1007 05fd 14       		.uleb128 0x14
 1008 05fe 4800     		.ascii	"H\000"
 1009 0600 0C       		.byte	0xc
 1010 0601 99       		.byte	0x99
 1011 0602 CB050000 		.4byte	0x5cb
 1012 0606 00       		.byte	0
 1013 0607 08       		.uleb128 0x8
 1014 0608 28       		.byte	0x28
 1015 0609 0C       		.byte	0xc
 1016 060a 8C       		.byte	0x8c
 1017 060b 88060000 		.4byte	0x688
 1018 060f 06       		.uleb128 0x6
 1019 0610 45000000 		.4byte	.LASF92
 1020 0614 0C       		.byte	0xc
 1021 0615 8E       		.byte	0x8e
ARM GAS  /tmp/ccugH2UG.s 			page 19


 1022 0616 5E030000 		.4byte	0x35e
 1023 061a 00       		.byte	0
 1024 061b 06       		.uleb128 0x6
 1025 061c 22000000 		.4byte	.LASF93
 1026 0620 0C       		.byte	0xc
 1027 0621 8F       		.byte	0x8f
 1028 0622 5E030000 		.4byte	0x35e
 1029 0626 04       		.byte	0x4
 1030 0627 06       		.uleb128 0x6
 1031 0628 69020000 		.4byte	.LASF94
 1032 062c 0C       		.byte	0xc
 1033 062d 90       		.byte	0x90
 1034 062e 5E030000 		.4byte	0x35e
 1035 0632 08       		.byte	0x8
 1036 0633 06       		.uleb128 0x6
 1037 0634 25010000 		.4byte	.LASF95
 1038 0638 0C       		.byte	0xc
 1039 0639 91       		.byte	0x91
 1040 063a 5E030000 		.4byte	0x35e
 1041 063e 0C       		.byte	0xc
 1042 063f 07       		.uleb128 0x7
 1043 0640 49445200 		.ascii	"IDR\000"
 1044 0644 0C       		.byte	0xc
 1045 0645 92       		.byte	0x92
 1046 0646 5E030000 		.4byte	0x35e
 1047 064a 10       		.byte	0x10
 1048 064b 07       		.uleb128 0x7
 1049 064c 4F445200 		.ascii	"ODR\000"
 1050 0650 0C       		.byte	0xc
 1051 0651 93       		.byte	0x93
 1052 0652 5E030000 		.4byte	0x35e
 1053 0656 14       		.byte	0x14
 1054 0657 06       		.uleb128 0x6
 1055 0658 9C010000 		.4byte	.LASF96
 1056 065c 0C       		.byte	0xc
 1057 065d 9A       		.byte	0x9a
 1058 065e 88060000 		.4byte	0x688
 1059 0662 18       		.byte	0x18
 1060 0663 06       		.uleb128 0x6
 1061 0664 D2020000 		.4byte	.LASF97
 1062 0668 0C       		.byte	0xc
 1063 0669 9B       		.byte	0x9b
 1064 066a 5E030000 		.4byte	0x35e
 1065 066e 1C       		.byte	0x1c
 1066 066f 06       		.uleb128 0x6
 1067 0670 78030000 		.4byte	.LASF98
 1068 0674 0C       		.byte	0xc
 1069 0675 9C       		.byte	0x9c
 1070 0676 5E030000 		.4byte	0x35e
 1071 067a 20       		.byte	0x20
 1072 067b 06       		.uleb128 0x6
 1073 067c 73030000 		.4byte	.LASF99
 1074 0680 0C       		.byte	0xc
 1075 0681 9D       		.byte	0x9d
 1076 0682 5E030000 		.4byte	0x35e
 1077 0686 24       		.byte	0x24
 1078 0687 00       		.byte	0
ARM GAS  /tmp/ccugH2UG.s 			page 20


 1079 0688 0D       		.uleb128 0xd
 1080 0689 EC050000 		.4byte	0x5ec
 1081 068d 03       		.uleb128 0x3
 1082 068e 4B020000 		.4byte	.LASF100
 1083 0692 0C       		.byte	0xc
 1084 0693 9E       		.byte	0x9e
 1085 0694 07060000 		.4byte	0x607
 1086 0698 03       		.uleb128 0x3
 1087 0699 11050000 		.4byte	.LASF101
 1088 069d 0C       		.byte	0xc
 1089 069e FD       		.byte	0xfd
 1090 069f A3060000 		.4byte	0x6a3
 1091 06a3 09       		.uleb128 0x9
 1092 06a4 04       		.byte	0x4
 1093 06a5 8D060000 		.4byte	0x68d
 1094 06a9 15       		.uleb128 0x15
 1095 06aa 01       		.byte	0x1
 1096 06ab 0D       		.byte	0xd
 1097 06ac 55       		.byte	0x55
 1098 06ad D0060000 		.4byte	0x6d0
 1099 06b1 16       		.uleb128 0x16
 1100 06b2 3A050000 		.4byte	.LASF102
 1101 06b6 00       		.sleb128 0
 1102 06b7 16       		.uleb128 0x16
 1103 06b8 A1010000 		.4byte	.LASF103
 1104 06bc 01       		.sleb128 1
 1105 06bd 16       		.uleb128 0x16
 1106 06be 15010000 		.4byte	.LASF104
 1107 06c2 02       		.sleb128 2
 1108 06c3 16       		.uleb128 0x16
 1109 06c4 33000000 		.4byte	.LASF105
 1110 06c8 03       		.sleb128 3
 1111 06c9 16       		.uleb128 0x16
 1112 06ca A9040000 		.4byte	.LASF106
 1113 06ce 04       		.sleb128 4
 1114 06cf 00       		.byte	0
 1115 06d0 03       		.uleb128 0x3
 1116 06d1 C8040000 		.4byte	.LASF107
 1117 06d5 0D       		.byte	0xd
 1118 06d6 5B       		.byte	0x5b
 1119 06d7 A9060000 		.4byte	0x6a9
 1120 06db 13       		.uleb128 0x13
 1121 06dc 51010000 		.4byte	.LASF108
 1122 06e0 0E       		.byte	0xe
 1123 06e1 E701     		.2byte	0x1e7
 1124 06e3 E7060000 		.4byte	0x6e7
 1125 06e7 0B       		.uleb128 0xb
 1126 06e8 51010000 		.4byte	.LASF108
 1127 06ec 30       		.byte	0x30
 1128 06ed 0E       		.byte	0xe
 1129 06ee 0B02     		.2byte	0x20b
 1130 06f0 6A070000 		.4byte	0x76a
 1131 06f4 12       		.uleb128 0x12
 1132 06f5 03020000 		.4byte	.LASF109
 1133 06f9 0E       		.byte	0xe
 1134 06fa 0F02     		.2byte	0x20f
 1135 06fc D0060000 		.4byte	0x6d0
ARM GAS  /tmp/ccugH2UG.s 			page 21


 1136 0700 00       		.byte	0
 1137 0701 12       		.uleb128 0x12
 1138 0702 B6040000 		.4byte	.LASF110
 1139 0706 0E       		.byte	0xe
 1140 0707 1302     		.2byte	0x213
 1141 0709 D7070000 		.4byte	0x7d7
 1142 070d 04       		.byte	0x4
 1143 070e 12       		.uleb128 0x12
 1144 070f 1B020000 		.4byte	.LASF111
 1145 0713 0E       		.byte	0xe
 1146 0714 1802     		.2byte	0x218
 1147 0716 78020000 		.4byte	0x278
 1148 071a 08       		.byte	0x8
 1149 071b 12       		.uleb128 0x12
 1150 071c E3030000 		.4byte	.LASF112
 1151 0720 0E       		.byte	0xe
 1152 0721 1F02     		.2byte	0x21f
 1153 0723 A6030000 		.4byte	0x3a6
 1154 0727 0C       		.byte	0xc
 1155 0728 0C       		.uleb128 0xc
 1156 0729 73706900 		.ascii	"spi\000"
 1157 072d 0E       		.byte	0xe
 1158 072e 2B02     		.2byte	0x22b
 1159 0730 E2070000 		.4byte	0x7e2
 1160 0734 1C       		.byte	0x1c
 1161 0735 12       		.uleb128 0x12
 1162 0736 00000000 		.4byte	.LASF113
 1163 073a 0E       		.byte	0xe
 1164 073b 2F02     		.2byte	0x22f
 1165 073d E8070000 		.4byte	0x7e8
 1166 0741 20       		.byte	0x20
 1167 0742 12       		.uleb128 0x12
 1168 0743 58020000 		.4byte	.LASF114
 1169 0747 0E       		.byte	0xe
 1170 0748 3302     		.2byte	0x233
 1171 074a E8070000 		.4byte	0x7e8
 1172 074e 24       		.byte	0x24
 1173 074f 12       		.uleb128 0x12
 1174 0750 41020000 		.4byte	.LASF115
 1175 0754 0E       		.byte	0xe
 1176 0755 3702     		.2byte	0x237
 1177 0757 CE000000 		.4byte	0xce
 1178 075b 28       		.byte	0x28
 1179 075c 12       		.uleb128 0x12
 1180 075d 5E030000 		.4byte	.LASF116
 1181 0761 0E       		.byte	0xe
 1182 0762 3B02     		.2byte	0x23b
 1183 0764 CE000000 		.4byte	0xce
 1184 0768 2C       		.byte	0x2c
 1185 0769 00       		.byte	0
 1186 076a 13       		.uleb128 0x13
 1187 076b F5010000 		.4byte	.LASF117
 1188 076f 0E       		.byte	0xe
 1189 0770 EF01     		.2byte	0x1ef
 1190 0772 76070000 		.4byte	0x776
 1191 0776 09       		.uleb128 0x9
 1192 0777 04       		.byte	0x4
ARM GAS  /tmp/ccugH2UG.s 			page 22


 1193 0778 7C070000 		.4byte	0x77c
 1194 077c 17       		.uleb128 0x17
 1195 077d 87070000 		.4byte	0x787
 1196 0781 18       		.uleb128 0x18
 1197 0782 87070000 		.4byte	0x787
 1198 0786 00       		.byte	0
 1199 0787 09       		.uleb128 0x9
 1200 0788 04       		.byte	0x4
 1201 0789 DB060000 		.4byte	0x6db
 1202 078d 11       		.uleb128 0x11
 1203 078e 0C       		.byte	0xc
 1204 078f 0E       		.byte	0xe
 1205 0790 F401     		.2byte	0x1f4
 1206 0792 CB070000 		.4byte	0x7cb
 1207 0796 12       		.uleb128 0x12
 1208 0797 3A020000 		.4byte	.LASF118
 1209 079b 0E       		.byte	0xe
 1210 079c F801     		.2byte	0x1f8
 1211 079e 6A070000 		.4byte	0x76a
 1212 07a2 00       		.byte	0
 1213 07a3 12       		.uleb128 0x12
 1214 07a4 5B010000 		.4byte	.LASF119
 1215 07a8 0E       		.byte	0xe
 1216 07a9 FD01     		.2byte	0x1fd
 1217 07ab 98060000 		.4byte	0x698
 1218 07af 04       		.byte	0x4
 1219 07b0 12       		.uleb128 0x12
 1220 07b1 7C010000 		.4byte	.LASF120
 1221 07b5 0E       		.byte	0xe
 1222 07b6 0102     		.2byte	0x201
 1223 07b8 B8000000 		.4byte	0xb8
 1224 07bc 08       		.byte	0x8
 1225 07bd 0C       		.uleb128 0xc
 1226 07be 63723100 		.ascii	"cr1\000"
 1227 07c2 0E       		.byte	0xe
 1228 07c3 0502     		.2byte	0x205
 1229 07c5 B8000000 		.4byte	0xb8
 1230 07c9 0A       		.byte	0xa
 1231 07ca 00       		.byte	0
 1232 07cb 13       		.uleb128 0x13
 1233 07cc 8B050000 		.4byte	.LASF121
 1234 07d0 0E       		.byte	0xe
 1235 07d1 0602     		.2byte	0x206
 1236 07d3 8D070000 		.4byte	0x78d
 1237 07d7 09       		.uleb128 0x9
 1238 07d8 04       		.byte	0x4
 1239 07d9 DD070000 		.4byte	0x7dd
 1240 07dd 10       		.uleb128 0x10
 1241 07de CB070000 		.4byte	0x7cb
 1242 07e2 09       		.uleb128 0x9
 1243 07e3 04       		.byte	0x4
 1244 07e4 63050000 		.4byte	0x563
 1245 07e8 09       		.uleb128 0x9
 1246 07e9 04       		.byte	0x4
 1247 07ea EE070000 		.4byte	0x7ee
 1248 07ee 10       		.uleb128 0x10
 1249 07ef C0050000 		.4byte	0x5c0
ARM GAS  /tmp/ccugH2UG.s 			page 23


 1250 07f3 19       		.uleb128 0x19
 1251 07f4 45050000 		.4byte	.LASF133
 1252 07f8 01       		.byte	0x1
 1253 07f9 3C       		.byte	0x3c
 1254 07fa AD000000 		.4byte	0xad
 1255 07fe 00000000 		.4byte	.LFB118
 1256 0802 3C000000 		.4byte	.LFE118-.LFB118
 1257 0806 01       		.uleb128 0x1
 1258 0807 9C       		.byte	0x9c
 1259 0808 74080000 		.4byte	0x874
 1260 080c 1A       		.uleb128 0x1a
 1261 080d 70050000 		.4byte	.LASF122
 1262 0811 01       		.byte	0x1
 1263 0812 3C       		.byte	0x3c
 1264 0813 87070000 		.4byte	0x787
 1265 0817 00000000 		.4byte	.LLST0
 1266 081b 1B       		.uleb128 0x1b
 1267 081c 72656700 		.ascii	"reg\000"
 1268 0820 01       		.byte	0x1
 1269 0821 3C       		.byte	0x3c
 1270 0822 AD000000 		.4byte	0xad
 1271 0826 2C000000 		.4byte	.LLST1
 1272 082a 1C       		.uleb128 0x1c
 1273 082b 12000000 		.4byte	.LVL1
 1274 082f 53090000 		.4byte	0x953
 1275 0833 3E080000 		.4byte	0x83e
 1276 0837 1D       		.uleb128 0x1d
 1277 0838 01       		.uleb128 0x1
 1278 0839 50       		.byte	0x50
 1279 083a 02       		.uleb128 0x2
 1280 083b 77       		.byte	0x77
 1281 083c 00       		.sleb128 0
 1282 083d 00       		.byte	0
 1283 083e 1C       		.uleb128 0x1c
 1284 083f 28000000 		.4byte	.LVL2
 1285 0843 65090000 		.4byte	0x965
 1286 0847 63080000 		.4byte	0x863
 1287 084b 1D       		.uleb128 0x1d
 1288 084c 01       		.uleb128 0x1
 1289 084d 53       		.byte	0x53
 1290 084e 02       		.uleb128 0x2
 1291 084f 76       		.byte	0x76
 1292 0850 00       		.sleb128 0
 1293 0851 1D       		.uleb128 0x1d
 1294 0852 01       		.uleb128 0x1
 1295 0853 52       		.byte	0x52
 1296 0854 02       		.uleb128 0x2
 1297 0855 74       		.byte	0x74
 1298 0856 00       		.sleb128 0
 1299 0857 1D       		.uleb128 0x1d
 1300 0858 01       		.uleb128 0x1
 1301 0859 51       		.byte	0x51
 1302 085a 01       		.uleb128 0x1
 1303 085b 32       		.byte	0x32
 1304 085c 1D       		.uleb128 0x1d
 1305 085d 01       		.uleb128 0x1
 1306 085e 50       		.byte	0x50
ARM GAS  /tmp/ccugH2UG.s 			page 24


 1307 085f 02       		.uleb128 0x2
 1308 0860 77       		.byte	0x77
 1309 0861 00       		.sleb128 0
 1310 0862 00       		.byte	0
 1311 0863 1E       		.uleb128 0x1e
 1312 0864 2E000000 		.4byte	.LVL3
 1313 0868 8D090000 		.4byte	0x98d
 1314 086c 1D       		.uleb128 0x1d
 1315 086d 01       		.uleb128 0x1
 1316 086e 50       		.byte	0x50
 1317 086f 02       		.uleb128 0x2
 1318 0870 77       		.byte	0x77
 1319 0871 00       		.sleb128 0
 1320 0872 00       		.byte	0
 1321 0873 00       		.byte	0
 1322 0874 1F       		.uleb128 0x1f
 1323 0875 3B010000 		.4byte	.LASF134
 1324 0879 01       		.byte	0x1
 1325 087a 4E       		.byte	0x4e
 1326 087b 00000000 		.4byte	.LFB119
 1327 087f 78000000 		.4byte	.LFE119-.LFB119
 1328 0883 01       		.uleb128 0x1
 1329 0884 9C       		.byte	0x9c
 1330 0885 15090000 		.4byte	0x915
 1331 0889 1A       		.uleb128 0x1a
 1332 088a 70050000 		.4byte	.LASF122
 1333 088e 01       		.byte	0x1
 1334 088f 4E       		.byte	0x4e
 1335 0890 87070000 		.4byte	0x787
 1336 0894 4D000000 		.4byte	.LLST2
 1337 0898 1B       		.uleb128 0x1b
 1338 0899 72656700 		.ascii	"reg\000"
 1339 089d 01       		.byte	0x1
 1340 089e 4E       		.byte	0x4e
 1341 089f AD000000 		.4byte	0xad
 1342 08a3 9D000000 		.4byte	.LLST3
 1343 08a7 1A       		.uleb128 0x1a
 1344 08a8 A3020000 		.4byte	.LASF123
 1345 08ac 01       		.byte	0x1
 1346 08ad 4E       		.byte	0x4e
 1347 08ae AD000000 		.4byte	0xad
 1348 08b2 D7000000 		.4byte	.LLST4
 1349 08b6 1C       		.uleb128 0x1c
 1350 08b7 4A000000 		.4byte	.LVL7
 1351 08bb 53090000 		.4byte	0x953
 1352 08bf CA080000 		.4byte	0x8ca
 1353 08c3 1D       		.uleb128 0x1d
 1354 08c4 01       		.uleb128 0x1
 1355 08c5 50       		.byte	0x50
 1356 08c6 02       		.uleb128 0x2
 1357 08c7 75       		.byte	0x75
 1358 08c8 00       		.sleb128 0
 1359 08c9 00       		.byte	0
 1360 08ca 1C       		.uleb128 0x1c
 1361 08cb 5A000000 		.4byte	.LVL8
 1362 08cf 9F090000 		.4byte	0x99f
 1363 08d3 EC080000 		.4byte	0x8ec
ARM GAS  /tmp/ccugH2UG.s 			page 25


 1364 08d7 1D       		.uleb128 0x1d
 1365 08d8 01       		.uleb128 0x1
 1366 08d9 52       		.byte	0x52
 1367 08da 05       		.uleb128 0x5
 1368 08db 03       		.byte	0x3
 1369 08dc 00000000 		.4byte	.LANCHOR0
 1370 08e0 1D       		.uleb128 0x1d
 1371 08e1 01       		.uleb128 0x1
 1372 08e2 51       		.byte	0x51
 1373 08e3 01       		.uleb128 0x1
 1374 08e4 32       		.byte	0x32
 1375 08e5 1D       		.uleb128 0x1d
 1376 08e6 01       		.uleb128 0x1
 1377 08e7 50       		.byte	0x50
 1378 08e8 02       		.uleb128 0x2
 1379 08e9 75       		.byte	0x75
 1380 08ea 00       		.sleb128 0
 1381 08eb 00       		.byte	0
 1382 08ec 20       		.uleb128 0x20
 1383 08ed 64000000 		.4byte	.LVL10
 1384 08f1 8D090000 		.4byte	0x98d
 1385 08f5 01090000 		.4byte	0x901
 1386 08f9 1D       		.uleb128 0x1d
 1387 08fa 01       		.uleb128 0x1
 1388 08fb 50       		.byte	0x50
 1389 08fc 03       		.uleb128 0x3
 1390 08fd F3       		.byte	0xf3
 1391 08fe 01       		.uleb128 0x1
 1392 08ff 50       		.byte	0x50
 1393 0900 00       		.byte	0
 1394 0901 21       		.uleb128 0x21
 1395 0902 70000000 		.4byte	.LVL12
 1396 0906 BB090000 		.4byte	0x9bb
 1397 090a 1D       		.uleb128 0x1d
 1398 090b 01       		.uleb128 0x1
 1399 090c 50       		.byte	0x50
 1400 090d 05       		.uleb128 0x5
 1401 090e 03       		.byte	0x3
 1402 090f 00000000 		.4byte	.LC0
 1403 0913 00       		.byte	0
 1404 0914 00       		.byte	0
 1405 0915 22       		.uleb128 0x22
 1406 0916 AD000000 		.4byte	0xad
 1407 091a 25090000 		.4byte	0x925
 1408 091e 23       		.uleb128 0x23
 1409 091f 63030000 		.4byte	0x363
 1410 0923 01       		.byte	0x1
 1411 0924 00       		.byte	0
 1412 0925 24       		.uleb128 0x24
 1413 0926 C1020000 		.4byte	.LASF124
 1414 092a 01       		.byte	0x1
 1415 092b 29       		.byte	0x29
 1416 092c 15090000 		.4byte	0x915
 1417 0930 05       		.uleb128 0x5
 1418 0931 03       		.byte	0x3
 1419 0932 00000000 		.4byte	txbuf
 1420 0936 24       		.uleb128 0x24
ARM GAS  /tmp/ccugH2UG.s 			page 26


 1421 0937 6F010000 		.4byte	.LASF125
 1422 093b 01       		.byte	0x1
 1423 093c 2A       		.byte	0x2a
 1424 093d 15090000 		.4byte	0x915
 1425 0941 05       		.uleb128 0x5
 1426 0942 03       		.byte	0x3
 1427 0943 00000000 		.4byte	rxbuf
 1428 0947 25       		.uleb128 0x25
 1429 0948 62010000 		.4byte	.LASF135
 1430 094c 0F       		.byte	0xf
 1431 094d 9806     		.2byte	0x698
 1432 094f 09040000 		.4byte	0x409
 1433 0953 26       		.uleb128 0x26
 1434 0954 24050000 		.4byte	.LASF126
 1435 0958 0D       		.byte	0xd
 1436 0959 3201     		.2byte	0x132
 1437 095b 65090000 		.4byte	0x965
 1438 095f 18       		.uleb128 0x18
 1439 0960 87070000 		.4byte	0x787
 1440 0964 00       		.byte	0
 1441 0965 26       		.uleb128 0x26
 1442 0966 22030000 		.4byte	.LASF127
 1443 096a 0D       		.byte	0xd
 1444 096b 3B01     		.2byte	0x13b
 1445 096d 86090000 		.4byte	0x986
 1446 0971 18       		.uleb128 0x18
 1447 0972 87070000 		.4byte	0x787
 1448 0976 18       		.uleb128 0x18
 1449 0977 2C000000 		.4byte	0x2c
 1450 097b 18       		.uleb128 0x18
 1451 097c 86090000 		.4byte	0x986
 1452 0980 18       		.uleb128 0x18
 1453 0981 B4020000 		.4byte	0x2b4
 1454 0985 00       		.byte	0
 1455 0986 09       		.uleb128 0x9
 1456 0987 04       		.byte	0x4
 1457 0988 8C090000 		.4byte	0x98c
 1458 098c 27       		.uleb128 0x27
 1459 098d 26       		.uleb128 0x26
 1460 098e 97020000 		.4byte	.LASF128
 1461 0992 0D       		.byte	0xd
 1462 0993 3301     		.2byte	0x133
 1463 0995 9F090000 		.4byte	0x99f
 1464 0999 18       		.uleb128 0x18
 1465 099a 87070000 		.4byte	0x787
 1466 099e 00       		.byte	0
 1467 099f 26       		.uleb128 0x26
 1468 09a0 83050000 		.4byte	.LASF129
 1469 09a4 0D       		.byte	0xd
 1470 09a5 3C01     		.2byte	0x13c
 1471 09a7 BB090000 		.4byte	0x9bb
 1472 09ab 18       		.uleb128 0x18
 1473 09ac 87070000 		.4byte	0x787
 1474 09b0 18       		.uleb128 0x18
 1475 09b1 2C000000 		.4byte	0x2c
 1476 09b5 18       		.uleb128 0x18
 1477 09b6 86090000 		.4byte	0x986
ARM GAS  /tmp/ccugH2UG.s 			page 27


 1478 09ba 00       		.byte	0
 1479 09bb 28       		.uleb128 0x28
 1480 09bc 5E020000 		.4byte	.LASF136
 1481 09c0 10       		.byte	0x10
 1482 09c1 F6       		.byte	0xf6
 1483 09c2 18       		.uleb128 0x18
 1484 09c3 E6030000 		.4byte	0x3e6
 1485 09c7 00       		.byte	0
 1486 09c8 00       		.byte	0
 1487              		.section	.debug_abbrev,"",%progbits
 1488              	.Ldebug_abbrev0:
 1489 0000 01       		.uleb128 0x1
 1490 0001 11       		.uleb128 0x11
 1491 0002 01       		.byte	0x1
 1492 0003 25       		.uleb128 0x25
 1493 0004 0E       		.uleb128 0xe
 1494 0005 13       		.uleb128 0x13
 1495 0006 0B       		.uleb128 0xb
 1496 0007 03       		.uleb128 0x3
 1497 0008 0E       		.uleb128 0xe
 1498 0009 1B       		.uleb128 0x1b
 1499 000a 0E       		.uleb128 0xe
 1500 000b 55       		.uleb128 0x55
 1501 000c 17       		.uleb128 0x17
 1502 000d 11       		.uleb128 0x11
 1503 000e 01       		.uleb128 0x1
 1504 000f 10       		.uleb128 0x10
 1505 0010 17       		.uleb128 0x17
 1506 0011 00       		.byte	0
 1507 0012 00       		.byte	0
 1508 0013 02       		.uleb128 0x2
 1509 0014 24       		.uleb128 0x24
 1510 0015 00       		.byte	0
 1511 0016 0B       		.uleb128 0xb
 1512 0017 0B       		.uleb128 0xb
 1513 0018 3E       		.uleb128 0x3e
 1514 0019 0B       		.uleb128 0xb
 1515 001a 03       		.uleb128 0x3
 1516 001b 08       		.uleb128 0x8
 1517 001c 00       		.byte	0
 1518 001d 00       		.byte	0
 1519 001e 03       		.uleb128 0x3
 1520 001f 16       		.uleb128 0x16
 1521 0020 00       		.byte	0
 1522 0021 03       		.uleb128 0x3
 1523 0022 0E       		.uleb128 0xe
 1524 0023 3A       		.uleb128 0x3a
 1525 0024 0B       		.uleb128 0xb
 1526 0025 3B       		.uleb128 0x3b
 1527 0026 0B       		.uleb128 0xb
 1528 0027 49       		.uleb128 0x49
 1529 0028 13       		.uleb128 0x13
 1530 0029 00       		.byte	0
 1531 002a 00       		.byte	0
 1532 002b 04       		.uleb128 0x4
 1533 002c 24       		.uleb128 0x24
 1534 002d 00       		.byte	0
ARM GAS  /tmp/ccugH2UG.s 			page 28


 1535 002e 0B       		.uleb128 0xb
 1536 002f 0B       		.uleb128 0xb
 1537 0030 3E       		.uleb128 0x3e
 1538 0031 0B       		.uleb128 0xb
 1539 0032 03       		.uleb128 0x3
 1540 0033 0E       		.uleb128 0xe
 1541 0034 00       		.byte	0
 1542 0035 00       		.byte	0
 1543 0036 05       		.uleb128 0x5
 1544 0037 13       		.uleb128 0x13
 1545 0038 01       		.byte	0x1
 1546 0039 03       		.uleb128 0x3
 1547 003a 0E       		.uleb128 0xe
 1548 003b 0B       		.uleb128 0xb
 1549 003c 0B       		.uleb128 0xb
 1550 003d 3A       		.uleb128 0x3a
 1551 003e 0B       		.uleb128 0xb
 1552 003f 3B       		.uleb128 0x3b
 1553 0040 0B       		.uleb128 0xb
 1554 0041 01       		.uleb128 0x1
 1555 0042 13       		.uleb128 0x13
 1556 0043 00       		.byte	0
 1557 0044 00       		.byte	0
 1558 0045 06       		.uleb128 0x6
 1559 0046 0D       		.uleb128 0xd
 1560 0047 00       		.byte	0
 1561 0048 03       		.uleb128 0x3
 1562 0049 0E       		.uleb128 0xe
 1563 004a 3A       		.uleb128 0x3a
 1564 004b 0B       		.uleb128 0xb
 1565 004c 3B       		.uleb128 0x3b
 1566 004d 0B       		.uleb128 0xb
 1567 004e 49       		.uleb128 0x49
 1568 004f 13       		.uleb128 0x13
 1569 0050 38       		.uleb128 0x38
 1570 0051 0B       		.uleb128 0xb
 1571 0052 00       		.byte	0
 1572 0053 00       		.byte	0
 1573 0054 07       		.uleb128 0x7
 1574 0055 0D       		.uleb128 0xd
 1575 0056 00       		.byte	0
 1576 0057 03       		.uleb128 0x3
 1577 0058 08       		.uleb128 0x8
 1578 0059 3A       		.uleb128 0x3a
 1579 005a 0B       		.uleb128 0xb
 1580 005b 3B       		.uleb128 0x3b
 1581 005c 0B       		.uleb128 0xb
 1582 005d 49       		.uleb128 0x49
 1583 005e 13       		.uleb128 0x13
 1584 005f 38       		.uleb128 0x38
 1585 0060 0B       		.uleb128 0xb
 1586 0061 00       		.byte	0
 1587 0062 00       		.byte	0
 1588 0063 08       		.uleb128 0x8
 1589 0064 13       		.uleb128 0x13
 1590 0065 01       		.byte	0x1
 1591 0066 0B       		.uleb128 0xb
ARM GAS  /tmp/ccugH2UG.s 			page 29


 1592 0067 0B       		.uleb128 0xb
 1593 0068 3A       		.uleb128 0x3a
 1594 0069 0B       		.uleb128 0xb
 1595 006a 3B       		.uleb128 0x3b
 1596 006b 0B       		.uleb128 0xb
 1597 006c 01       		.uleb128 0x1
 1598 006d 13       		.uleb128 0x13
 1599 006e 00       		.byte	0
 1600 006f 00       		.byte	0
 1601 0070 09       		.uleb128 0x9
 1602 0071 0F       		.uleb128 0xf
 1603 0072 00       		.byte	0
 1604 0073 0B       		.uleb128 0xb
 1605 0074 0B       		.uleb128 0xb
 1606 0075 49       		.uleb128 0x49
 1607 0076 13       		.uleb128 0x13
 1608 0077 00       		.byte	0
 1609 0078 00       		.byte	0
 1610 0079 0A       		.uleb128 0xa
 1611 007a 0F       		.uleb128 0xf
 1612 007b 00       		.byte	0
 1613 007c 0B       		.uleb128 0xb
 1614 007d 0B       		.uleb128 0xb
 1615 007e 00       		.byte	0
 1616 007f 00       		.byte	0
 1617 0080 0B       		.uleb128 0xb
 1618 0081 13       		.uleb128 0x13
 1619 0082 01       		.byte	0x1
 1620 0083 03       		.uleb128 0x3
 1621 0084 0E       		.uleb128 0xe
 1622 0085 0B       		.uleb128 0xb
 1623 0086 0B       		.uleb128 0xb
 1624 0087 3A       		.uleb128 0x3a
 1625 0088 0B       		.uleb128 0xb
 1626 0089 3B       		.uleb128 0x3b
 1627 008a 05       		.uleb128 0x5
 1628 008b 01       		.uleb128 0x1
 1629 008c 13       		.uleb128 0x13
 1630 008d 00       		.byte	0
 1631 008e 00       		.byte	0
 1632 008f 0C       		.uleb128 0xc
 1633 0090 0D       		.uleb128 0xd
 1634 0091 00       		.byte	0
 1635 0092 03       		.uleb128 0x3
 1636 0093 08       		.uleb128 0x8
 1637 0094 3A       		.uleb128 0x3a
 1638 0095 0B       		.uleb128 0xb
 1639 0096 3B       		.uleb128 0x3b
 1640 0097 05       		.uleb128 0x5
 1641 0098 49       		.uleb128 0x49
 1642 0099 13       		.uleb128 0x13
 1643 009a 38       		.uleb128 0x38
 1644 009b 0B       		.uleb128 0xb
 1645 009c 00       		.byte	0
 1646 009d 00       		.byte	0
 1647 009e 0D       		.uleb128 0xd
 1648 009f 35       		.uleb128 0x35
ARM GAS  /tmp/ccugH2UG.s 			page 30


 1649 00a0 00       		.byte	0
 1650 00a1 49       		.uleb128 0x49
 1651 00a2 13       		.uleb128 0x13
 1652 00a3 00       		.byte	0
 1653 00a4 00       		.byte	0
 1654 00a5 0E       		.uleb128 0xe
 1655 00a6 17       		.uleb128 0x17
 1656 00a7 01       		.byte	0x1
 1657 00a8 0B       		.uleb128 0xb
 1658 00a9 0B       		.uleb128 0xb
 1659 00aa 3A       		.uleb128 0x3a
 1660 00ab 0B       		.uleb128 0xb
 1661 00ac 3B       		.uleb128 0x3b
 1662 00ad 0B       		.uleb128 0xb
 1663 00ae 01       		.uleb128 0x1
 1664 00af 13       		.uleb128 0x13
 1665 00b0 00       		.byte	0
 1666 00b1 00       		.byte	0
 1667 00b2 0F       		.uleb128 0xf
 1668 00b3 0D       		.uleb128 0xd
 1669 00b4 00       		.byte	0
 1670 00b5 03       		.uleb128 0x3
 1671 00b6 0E       		.uleb128 0xe
 1672 00b7 3A       		.uleb128 0x3a
 1673 00b8 0B       		.uleb128 0xb
 1674 00b9 3B       		.uleb128 0x3b
 1675 00ba 0B       		.uleb128 0xb
 1676 00bb 49       		.uleb128 0x49
 1677 00bc 13       		.uleb128 0x13
 1678 00bd 00       		.byte	0
 1679 00be 00       		.byte	0
 1680 00bf 10       		.uleb128 0x10
 1681 00c0 26       		.uleb128 0x26
 1682 00c1 00       		.byte	0
 1683 00c2 49       		.uleb128 0x49
 1684 00c3 13       		.uleb128 0x13
 1685 00c4 00       		.byte	0
 1686 00c5 00       		.byte	0
 1687 00c6 11       		.uleb128 0x11
 1688 00c7 13       		.uleb128 0x13
 1689 00c8 01       		.byte	0x1
 1690 00c9 0B       		.uleb128 0xb
 1691 00ca 0B       		.uleb128 0xb
 1692 00cb 3A       		.uleb128 0x3a
 1693 00cc 0B       		.uleb128 0xb
 1694 00cd 3B       		.uleb128 0x3b
 1695 00ce 05       		.uleb128 0x5
 1696 00cf 01       		.uleb128 0x1
 1697 00d0 13       		.uleb128 0x13
 1698 00d1 00       		.byte	0
 1699 00d2 00       		.byte	0
 1700 00d3 12       		.uleb128 0x12
 1701 00d4 0D       		.uleb128 0xd
 1702 00d5 00       		.byte	0
 1703 00d6 03       		.uleb128 0x3
 1704 00d7 0E       		.uleb128 0xe
 1705 00d8 3A       		.uleb128 0x3a
ARM GAS  /tmp/ccugH2UG.s 			page 31


 1706 00d9 0B       		.uleb128 0xb
 1707 00da 3B       		.uleb128 0x3b
 1708 00db 05       		.uleb128 0x5
 1709 00dc 49       		.uleb128 0x49
 1710 00dd 13       		.uleb128 0x13
 1711 00de 38       		.uleb128 0x38
 1712 00df 0B       		.uleb128 0xb
 1713 00e0 00       		.byte	0
 1714 00e1 00       		.byte	0
 1715 00e2 13       		.uleb128 0x13
 1716 00e3 16       		.uleb128 0x16
 1717 00e4 00       		.byte	0
 1718 00e5 03       		.uleb128 0x3
 1719 00e6 0E       		.uleb128 0xe
 1720 00e7 3A       		.uleb128 0x3a
 1721 00e8 0B       		.uleb128 0xb
 1722 00e9 3B       		.uleb128 0x3b
 1723 00ea 05       		.uleb128 0x5
 1724 00eb 49       		.uleb128 0x49
 1725 00ec 13       		.uleb128 0x13
 1726 00ed 00       		.byte	0
 1727 00ee 00       		.byte	0
 1728 00ef 14       		.uleb128 0x14
 1729 00f0 0D       		.uleb128 0xd
 1730 00f1 00       		.byte	0
 1731 00f2 03       		.uleb128 0x3
 1732 00f3 08       		.uleb128 0x8
 1733 00f4 3A       		.uleb128 0x3a
 1734 00f5 0B       		.uleb128 0xb
 1735 00f6 3B       		.uleb128 0x3b
 1736 00f7 0B       		.uleb128 0xb
 1737 00f8 49       		.uleb128 0x49
 1738 00f9 13       		.uleb128 0x13
 1739 00fa 00       		.byte	0
 1740 00fb 00       		.byte	0
 1741 00fc 15       		.uleb128 0x15
 1742 00fd 04       		.uleb128 0x4
 1743 00fe 01       		.byte	0x1
 1744 00ff 0B       		.uleb128 0xb
 1745 0100 0B       		.uleb128 0xb
 1746 0101 3A       		.uleb128 0x3a
 1747 0102 0B       		.uleb128 0xb
 1748 0103 3B       		.uleb128 0x3b
 1749 0104 0B       		.uleb128 0xb
 1750 0105 01       		.uleb128 0x1
 1751 0106 13       		.uleb128 0x13
 1752 0107 00       		.byte	0
 1753 0108 00       		.byte	0
 1754 0109 16       		.uleb128 0x16
 1755 010a 28       		.uleb128 0x28
 1756 010b 00       		.byte	0
 1757 010c 03       		.uleb128 0x3
 1758 010d 0E       		.uleb128 0xe
 1759 010e 1C       		.uleb128 0x1c
 1760 010f 0D       		.uleb128 0xd
 1761 0110 00       		.byte	0
 1762 0111 00       		.byte	0
ARM GAS  /tmp/ccugH2UG.s 			page 32


 1763 0112 17       		.uleb128 0x17
 1764 0113 15       		.uleb128 0x15
 1765 0114 01       		.byte	0x1
 1766 0115 27       		.uleb128 0x27
 1767 0116 19       		.uleb128 0x19
 1768 0117 01       		.uleb128 0x1
 1769 0118 13       		.uleb128 0x13
 1770 0119 00       		.byte	0
 1771 011a 00       		.byte	0
 1772 011b 18       		.uleb128 0x18
 1773 011c 05       		.uleb128 0x5
 1774 011d 00       		.byte	0
 1775 011e 49       		.uleb128 0x49
 1776 011f 13       		.uleb128 0x13
 1777 0120 00       		.byte	0
 1778 0121 00       		.byte	0
 1779 0122 19       		.uleb128 0x19
 1780 0123 2E       		.uleb128 0x2e
 1781 0124 01       		.byte	0x1
 1782 0125 3F       		.uleb128 0x3f
 1783 0126 19       		.uleb128 0x19
 1784 0127 03       		.uleb128 0x3
 1785 0128 0E       		.uleb128 0xe
 1786 0129 3A       		.uleb128 0x3a
 1787 012a 0B       		.uleb128 0xb
 1788 012b 3B       		.uleb128 0x3b
 1789 012c 0B       		.uleb128 0xb
 1790 012d 27       		.uleb128 0x27
 1791 012e 19       		.uleb128 0x19
 1792 012f 49       		.uleb128 0x49
 1793 0130 13       		.uleb128 0x13
 1794 0131 11       		.uleb128 0x11
 1795 0132 01       		.uleb128 0x1
 1796 0133 12       		.uleb128 0x12
 1797 0134 06       		.uleb128 0x6
 1798 0135 40       		.uleb128 0x40
 1799 0136 18       		.uleb128 0x18
 1800 0137 9742     		.uleb128 0x2117
 1801 0139 19       		.uleb128 0x19
 1802 013a 01       		.uleb128 0x1
 1803 013b 13       		.uleb128 0x13
 1804 013c 00       		.byte	0
 1805 013d 00       		.byte	0
 1806 013e 1A       		.uleb128 0x1a
 1807 013f 05       		.uleb128 0x5
 1808 0140 00       		.byte	0
 1809 0141 03       		.uleb128 0x3
 1810 0142 0E       		.uleb128 0xe
 1811 0143 3A       		.uleb128 0x3a
 1812 0144 0B       		.uleb128 0xb
 1813 0145 3B       		.uleb128 0x3b
 1814 0146 0B       		.uleb128 0xb
 1815 0147 49       		.uleb128 0x49
 1816 0148 13       		.uleb128 0x13
 1817 0149 02       		.uleb128 0x2
 1818 014a 17       		.uleb128 0x17
 1819 014b 00       		.byte	0
ARM GAS  /tmp/ccugH2UG.s 			page 33


 1820 014c 00       		.byte	0
 1821 014d 1B       		.uleb128 0x1b
 1822 014e 05       		.uleb128 0x5
 1823 014f 00       		.byte	0
 1824 0150 03       		.uleb128 0x3
 1825 0151 08       		.uleb128 0x8
 1826 0152 3A       		.uleb128 0x3a
 1827 0153 0B       		.uleb128 0xb
 1828 0154 3B       		.uleb128 0x3b
 1829 0155 0B       		.uleb128 0xb
 1830 0156 49       		.uleb128 0x49
 1831 0157 13       		.uleb128 0x13
 1832 0158 02       		.uleb128 0x2
 1833 0159 17       		.uleb128 0x17
 1834 015a 00       		.byte	0
 1835 015b 00       		.byte	0
 1836 015c 1C       		.uleb128 0x1c
 1837 015d 898201   		.uleb128 0x4109
 1838 0160 01       		.byte	0x1
 1839 0161 11       		.uleb128 0x11
 1840 0162 01       		.uleb128 0x1
 1841 0163 31       		.uleb128 0x31
 1842 0164 13       		.uleb128 0x13
 1843 0165 01       		.uleb128 0x1
 1844 0166 13       		.uleb128 0x13
 1845 0167 00       		.byte	0
 1846 0168 00       		.byte	0
 1847 0169 1D       		.uleb128 0x1d
 1848 016a 8A8201   		.uleb128 0x410a
 1849 016d 00       		.byte	0
 1850 016e 02       		.uleb128 0x2
 1851 016f 18       		.uleb128 0x18
 1852 0170 9142     		.uleb128 0x2111
 1853 0172 18       		.uleb128 0x18
 1854 0173 00       		.byte	0
 1855 0174 00       		.byte	0
 1856 0175 1E       		.uleb128 0x1e
 1857 0176 898201   		.uleb128 0x4109
 1858 0179 01       		.byte	0x1
 1859 017a 11       		.uleb128 0x11
 1860 017b 01       		.uleb128 0x1
 1861 017c 31       		.uleb128 0x31
 1862 017d 13       		.uleb128 0x13
 1863 017e 00       		.byte	0
 1864 017f 00       		.byte	0
 1865 0180 1F       		.uleb128 0x1f
 1866 0181 2E       		.uleb128 0x2e
 1867 0182 01       		.byte	0x1
 1868 0183 3F       		.uleb128 0x3f
 1869 0184 19       		.uleb128 0x19
 1870 0185 03       		.uleb128 0x3
 1871 0186 0E       		.uleb128 0xe
 1872 0187 3A       		.uleb128 0x3a
 1873 0188 0B       		.uleb128 0xb
 1874 0189 3B       		.uleb128 0x3b
 1875 018a 0B       		.uleb128 0xb
 1876 018b 27       		.uleb128 0x27
ARM GAS  /tmp/ccugH2UG.s 			page 34


 1877 018c 19       		.uleb128 0x19
 1878 018d 11       		.uleb128 0x11
 1879 018e 01       		.uleb128 0x1
 1880 018f 12       		.uleb128 0x12
 1881 0190 06       		.uleb128 0x6
 1882 0191 40       		.uleb128 0x40
 1883 0192 18       		.uleb128 0x18
 1884 0193 9742     		.uleb128 0x2117
 1885 0195 19       		.uleb128 0x19
 1886 0196 01       		.uleb128 0x1
 1887 0197 13       		.uleb128 0x13
 1888 0198 00       		.byte	0
 1889 0199 00       		.byte	0
 1890 019a 20       		.uleb128 0x20
 1891 019b 898201   		.uleb128 0x4109
 1892 019e 01       		.byte	0x1
 1893 019f 11       		.uleb128 0x11
 1894 01a0 01       		.uleb128 0x1
 1895 01a1 9542     		.uleb128 0x2115
 1896 01a3 19       		.uleb128 0x19
 1897 01a4 31       		.uleb128 0x31
 1898 01a5 13       		.uleb128 0x13
 1899 01a6 01       		.uleb128 0x1
 1900 01a7 13       		.uleb128 0x13
 1901 01a8 00       		.byte	0
 1902 01a9 00       		.byte	0
 1903 01aa 21       		.uleb128 0x21
 1904 01ab 898201   		.uleb128 0x4109
 1905 01ae 01       		.byte	0x1
 1906 01af 11       		.uleb128 0x11
 1907 01b0 01       		.uleb128 0x1
 1908 01b1 9542     		.uleb128 0x2115
 1909 01b3 19       		.uleb128 0x19
 1910 01b4 31       		.uleb128 0x31
 1911 01b5 13       		.uleb128 0x13
 1912 01b6 00       		.byte	0
 1913 01b7 00       		.byte	0
 1914 01b8 22       		.uleb128 0x22
 1915 01b9 01       		.uleb128 0x1
 1916 01ba 01       		.byte	0x1
 1917 01bb 49       		.uleb128 0x49
 1918 01bc 13       		.uleb128 0x13
 1919 01bd 01       		.uleb128 0x1
 1920 01be 13       		.uleb128 0x13
 1921 01bf 00       		.byte	0
 1922 01c0 00       		.byte	0
 1923 01c1 23       		.uleb128 0x23
 1924 01c2 21       		.uleb128 0x21
 1925 01c3 00       		.byte	0
 1926 01c4 49       		.uleb128 0x49
 1927 01c5 13       		.uleb128 0x13
 1928 01c6 2F       		.uleb128 0x2f
 1929 01c7 0B       		.uleb128 0xb
 1930 01c8 00       		.byte	0
 1931 01c9 00       		.byte	0
 1932 01ca 24       		.uleb128 0x24
 1933 01cb 34       		.uleb128 0x34
ARM GAS  /tmp/ccugH2UG.s 			page 35


 1934 01cc 00       		.byte	0
 1935 01cd 03       		.uleb128 0x3
 1936 01ce 0E       		.uleb128 0xe
 1937 01cf 3A       		.uleb128 0x3a
 1938 01d0 0B       		.uleb128 0xb
 1939 01d1 3B       		.uleb128 0x3b
 1940 01d2 0B       		.uleb128 0xb
 1941 01d3 49       		.uleb128 0x49
 1942 01d4 13       		.uleb128 0x13
 1943 01d5 02       		.uleb128 0x2
 1944 01d6 18       		.uleb128 0x18
 1945 01d7 00       		.byte	0
 1946 01d8 00       		.byte	0
 1947 01d9 25       		.uleb128 0x25
 1948 01da 34       		.uleb128 0x34
 1949 01db 00       		.byte	0
 1950 01dc 03       		.uleb128 0x3
 1951 01dd 0E       		.uleb128 0xe
 1952 01de 3A       		.uleb128 0x3a
 1953 01df 0B       		.uleb128 0xb
 1954 01e0 3B       		.uleb128 0x3b
 1955 01e1 05       		.uleb128 0x5
 1956 01e2 49       		.uleb128 0x49
 1957 01e3 13       		.uleb128 0x13
 1958 01e4 3F       		.uleb128 0x3f
 1959 01e5 19       		.uleb128 0x19
 1960 01e6 3C       		.uleb128 0x3c
 1961 01e7 19       		.uleb128 0x19
 1962 01e8 00       		.byte	0
 1963 01e9 00       		.byte	0
 1964 01ea 26       		.uleb128 0x26
 1965 01eb 2E       		.uleb128 0x2e
 1966 01ec 01       		.byte	0x1
 1967 01ed 3F       		.uleb128 0x3f
 1968 01ee 19       		.uleb128 0x19
 1969 01ef 03       		.uleb128 0x3
 1970 01f0 0E       		.uleb128 0xe
 1971 01f1 3A       		.uleb128 0x3a
 1972 01f2 0B       		.uleb128 0xb
 1973 01f3 3B       		.uleb128 0x3b
 1974 01f4 05       		.uleb128 0x5
 1975 01f5 27       		.uleb128 0x27
 1976 01f6 19       		.uleb128 0x19
 1977 01f7 3C       		.uleb128 0x3c
 1978 01f8 19       		.uleb128 0x19
 1979 01f9 01       		.uleb128 0x1
 1980 01fa 13       		.uleb128 0x13
 1981 01fb 00       		.byte	0
 1982 01fc 00       		.byte	0
 1983 01fd 27       		.uleb128 0x27
 1984 01fe 26       		.uleb128 0x26
 1985 01ff 00       		.byte	0
 1986 0200 00       		.byte	0
 1987 0201 00       		.byte	0
 1988 0202 28       		.uleb128 0x28
 1989 0203 2E       		.uleb128 0x2e
 1990 0204 01       		.byte	0x1
ARM GAS  /tmp/ccugH2UG.s 			page 36


 1991 0205 3F       		.uleb128 0x3f
 1992 0206 19       		.uleb128 0x19
 1993 0207 03       		.uleb128 0x3
 1994 0208 0E       		.uleb128 0xe
 1995 0209 3A       		.uleb128 0x3a
 1996 020a 0B       		.uleb128 0xb
 1997 020b 3B       		.uleb128 0x3b
 1998 020c 0B       		.uleb128 0xb
 1999 020d 27       		.uleb128 0x27
 2000 020e 19       		.uleb128 0x19
 2001 020f 3C       		.uleb128 0x3c
 2002 0210 19       		.uleb128 0x19
 2003 0211 00       		.byte	0
 2004 0212 00       		.byte	0
 2005 0213 00       		.byte	0
 2006              		.section	.debug_loc,"",%progbits
 2007              	.Ldebug_loc0:
 2008              	.LLST0:
 2009 0000 00000000 		.4byte	.LVL0
 2010 0004 11000000 		.4byte	.LVL1-1
 2011 0008 0100     		.2byte	0x1
 2012 000a 50       		.byte	0x50
 2013 000b 11000000 		.4byte	.LVL1-1
 2014 000f 32000000 		.4byte	.LVL4
 2015 0013 0100     		.2byte	0x1
 2016 0015 57       		.byte	0x57
 2017 0016 32000000 		.4byte	.LVL4
 2018 001a 3C000000 		.4byte	.LFE118
 2019 001e 0400     		.2byte	0x4
 2020 0020 F3       		.byte	0xf3
 2021 0021 01       		.uleb128 0x1
 2022 0022 50       		.byte	0x50
 2023 0023 9F       		.byte	0x9f
 2024 0024 00000000 		.4byte	0
 2025 0028 00000000 		.4byte	0
 2026              	.LLST1:
 2027 002c 00000000 		.4byte	.LVL0
 2028 0030 11000000 		.4byte	.LVL1-1
 2029 0034 0100     		.2byte	0x1
 2030 0036 51       		.byte	0x51
 2031 0037 11000000 		.4byte	.LVL1-1
 2032 003b 3C000000 		.4byte	.LFE118
 2033 003f 0400     		.2byte	0x4
 2034 0041 F3       		.byte	0xf3
 2035 0042 01       		.uleb128 0x1
 2036 0043 51       		.byte	0x51
 2037 0044 9F       		.byte	0x9f
 2038 0045 00000000 		.4byte	0
 2039 0049 00000000 		.4byte	0
 2040              	.LLST2:
 2041 004d 00000000 		.4byte	.LVL5
 2042 0051 49000000 		.4byte	.LVL7-1
 2043 0055 0100     		.2byte	0x1
 2044 0057 50       		.byte	0x50
 2045 0058 49000000 		.4byte	.LVL7-1
 2046 005c 60000000 		.4byte	.LVL9
 2047 0060 0100     		.2byte	0x1
ARM GAS  /tmp/ccugH2UG.s 			page 37


 2048 0062 55       		.byte	0x55
 2049 0063 60000000 		.4byte	.LVL9
 2050 0067 63000000 		.4byte	.LVL10-1
 2051 006b 0100     		.2byte	0x1
 2052 006d 50       		.byte	0x50
 2053 006e 63000000 		.4byte	.LVL10-1
 2054 0072 64000000 		.4byte	.LVL10
 2055 0076 0400     		.2byte	0x4
 2056 0078 F3       		.byte	0xf3
 2057 0079 01       		.uleb128 0x1
 2058 007a 50       		.byte	0x50
 2059 007b 9F       		.byte	0x9f
 2060 007c 64000000 		.4byte	.LVL10
 2061 0080 68000000 		.4byte	.LVL11
 2062 0084 0100     		.2byte	0x1
 2063 0086 50       		.byte	0x50
 2064 0087 68000000 		.4byte	.LVL11
 2065 008b 78000000 		.4byte	.LFE119
 2066 008f 0400     		.2byte	0x4
 2067 0091 F3       		.byte	0xf3
 2068 0092 01       		.uleb128 0x1
 2069 0093 50       		.byte	0x50
 2070 0094 9F       		.byte	0x9f
 2071 0095 00000000 		.4byte	0
 2072 0099 00000000 		.4byte	0
 2073              	.LLST3:
 2074 009d 00000000 		.4byte	.LVL5
 2075 00a1 49000000 		.4byte	.LVL7-1
 2076 00a5 0100     		.2byte	0x1
 2077 00a7 51       		.byte	0x51
 2078 00a8 49000000 		.4byte	.LVL7-1
 2079 00ac 64000000 		.4byte	.LVL10
 2080 00b0 0400     		.2byte	0x4
 2081 00b2 F3       		.byte	0xf3
 2082 00b3 01       		.uleb128 0x1
 2083 00b4 51       		.byte	0x51
 2084 00b5 9F       		.byte	0x9f
 2085 00b6 64000000 		.4byte	.LVL10
 2086 00ba 6F000000 		.4byte	.LVL12-1
 2087 00be 0100     		.2byte	0x1
 2088 00c0 51       		.byte	0x51
 2089 00c1 6F000000 		.4byte	.LVL12-1
 2090 00c5 78000000 		.4byte	.LFE119
 2091 00c9 0400     		.2byte	0x4
 2092 00cb F3       		.byte	0xf3
 2093 00cc 01       		.uleb128 0x1
 2094 00cd 51       		.byte	0x51
 2095 00ce 9F       		.byte	0x9f
 2096 00cf 00000000 		.4byte	0
 2097 00d3 00000000 		.4byte	0
 2098              	.LLST4:
 2099 00d7 00000000 		.4byte	.LVL5
 2100 00db 12000000 		.4byte	.LVL6
 2101 00df 0100     		.2byte	0x1
 2102 00e1 52       		.byte	0x52
 2103 00e2 12000000 		.4byte	.LVL6
 2104 00e6 78000000 		.4byte	.LFE119
ARM GAS  /tmp/ccugH2UG.s 			page 38


 2105 00ea 0400     		.2byte	0x4
 2106 00ec F3       		.byte	0xf3
 2107 00ed 01       		.uleb128 0x1
 2108 00ee 52       		.byte	0x52
 2109 00ef 9F       		.byte	0x9f
 2110 00f0 00000000 		.4byte	0
 2111 00f4 00000000 		.4byte	0
 2112              		.section	.debug_aranges,"",%progbits
 2113 0000 24000000 		.4byte	0x24
 2114 0004 0200     		.2byte	0x2
 2115 0006 00000000 		.4byte	.Ldebug_info0
 2116 000a 04       		.byte	0x4
 2117 000b 00       		.byte	0
 2118 000c 0000     		.2byte	0
 2119 000e 0000     		.2byte	0
 2120 0010 00000000 		.4byte	.LFB118
 2121 0014 3C000000 		.4byte	.LFE118-.LFB118
 2122 0018 00000000 		.4byte	.LFB119
 2123 001c 78000000 		.4byte	.LFE119-.LFB119
 2124 0020 00000000 		.4byte	0
 2125 0024 00000000 		.4byte	0
 2126              		.section	.debug_ranges,"",%progbits
 2127              	.Ldebug_ranges0:
 2128 0000 00000000 		.4byte	.LFB118
 2129 0004 3C000000 		.4byte	.LFE118
 2130 0008 00000000 		.4byte	.LFB119
 2131 000c 78000000 		.4byte	.LFE119
 2132 0010 00000000 		.4byte	0
 2133 0014 00000000 		.4byte	0
 2134              		.section	.debug_line,"",%progbits
 2135              	.Ldebug_line0:
 2136 0000 99020000 		.section	.debug_str,"MS",%progbits,1
 2136      02004302 
 2136      00000201 
 2136      FB0E0D00 
 2136      01010101 
 2137              	.LASF113:
 2138 0000 646D6172 		.ascii	"dmarx\000"
 2138      7800
 2139              	.LASF67:
 2140 0006 4D304152 		.ascii	"M0AR\000"
 2140      00
 2141              	.LASF2:
 2142 000b 73697A65 		.ascii	"size_t\000"
 2142      5F7400
 2143              	.LASF61:
 2144 0012 7264796D 		.ascii	"rdymsg\000"
 2144      736700
 2145              	.LASF19:
 2146 0019 75696E74 		.ascii	"uint64_t\000"
 2146      36345F74 
 2146      00
 2147              	.LASF93:
 2148 0022 4F545950 		.ascii	"OTYPER\000"
 2148      455200
 2149              	.LASF3:
 2150 0029 5F5F7569 		.ascii	"__uint8_t\000"
ARM GAS  /tmp/ccugH2UG.s 			page 39


 2150      6E74385F 
 2150      7400
 2151              	.LASF105:
 2152 0033 5350495F 		.ascii	"SPI_ACTIVE\000"
 2152      41435449 
 2152      564500
 2153              	.LASF85:
 2154 003e 73747265 		.ascii	"stream\000"
 2154      616D00
 2155              	.LASF92:
 2156 0045 4D4F4445 		.ascii	"MODER\000"
 2156      5200
 2157              	.LASF14:
 2158 004b 6C6F6E67 		.ascii	"long long unsigned int\000"
 2158      206C6F6E 
 2158      6720756E 
 2158      7369676E 
 2158      65642069 
 2159              	.LASF130:
 2160 0062 474E5520 		.ascii	"GNU C 4.9.3 20150529 (prerelease) -mcpu=cortex-m4 -"
 2160      4320342E 
 2160      392E3320 
 2160      32303135 
 2160      30353239 
 2161 0095 6D6E6F2D 		.ascii	"mno-thumb-interwork -mthumb -ggdb -O2 -fomit-frame-"
 2161      7468756D 
 2161      622D696E 
 2161      74657277 
 2161      6F726B20 
 2162 00c8 706F696E 		.ascii	"pointer -falign-functions=16 -ffunction-sections -f"
 2162      74657220 
 2162      2D66616C 
 2162      69676E2D 
 2162      66756E63 
 2163 00fb 64617461 		.ascii	"data-sections -fno-common\000"
 2163      2D736563 
 2163      74696F6E 
 2163      73202D66 
 2163      6E6F2D63 
 2164              	.LASF104:
 2165 0115 5350495F 		.ascii	"SPI_READY\000"
 2165      52454144 
 2165      5900
 2166              	.LASF74:
 2167 011f 43524350 		.ascii	"CRCPR\000"
 2167      5200
 2168              	.LASF95:
 2169 0125 50555044 		.ascii	"PUPDR\000"
 2169      5200
 2170              	.LASF62:
 2171 012b 65786974 		.ascii	"exitcode\000"
 2171      636F6465 
 2171      00
 2172              	.LASF89:
 2173 0134 76656374 		.ascii	"vector\000"
 2173      6F7200
 2174              	.LASF134:
ARM GAS  /tmp/ccugH2UG.s 			page 40


 2175 013b 6C697333 		.ascii	"lis302dlWriteRegister\000"
 2175      3032646C 
 2175      57726974 
 2175      65526567 
 2175      69737465 
 2176              	.LASF108:
 2177 0151 53504944 		.ascii	"SPIDriver\000"
 2177      72697665 
 2177      7200
 2178              	.LASF119:
 2179 015b 7373706F 		.ascii	"ssport\000"
 2179      727400
 2180              	.LASF135:
 2181 0162 49544D5F 		.ascii	"ITM_RxBuffer\000"
 2181      52784275 
 2181      66666572 
 2181      00
 2182              	.LASF125:
 2183 016f 72786275 		.ascii	"rxbuf\000"
 2183      6600
 2184              	.LASF32:
 2185 0175 705F7072 		.ascii	"p_prio\000"
 2185      696F00
 2186              	.LASF120:
 2187 017c 73737061 		.ascii	"sspad\000"
 2187      6400
 2188              	.LASF12:
 2189 0182 6C6F6E67 		.ascii	"long long int\000"
 2189      206C6F6E 
 2189      6720696E 
 2189      7400
 2190              	.LASF1:
 2191 0190 7369676E 		.ascii	"signed char\000"
 2191      65642063 
 2191      68617200 
 2192              	.LASF96:
 2193 019c 42535252 		.ascii	"BSRR\000"
 2193      00
 2194              	.LASF103:
 2195 01a1 5350495F 		.ascii	"SPI_STOP\000"
 2195      53544F50 
 2195      00
 2196              	.LASF80:
 2197 01aa 49325343 		.ascii	"I2SCFGR\000"
 2197      46475200 
 2198              	.LASF58:
 2199 01b2 6D5F7175 		.ascii	"m_queue\000"
 2199      65756500 
 2200              	.LASF132:
 2201 01ba 2F686F6D 		.ascii	"/home/lithium/Documentos/ChibiOS_2.6.8/demos/GPS\000"
 2201      652F6C69 
 2201      74686975 
 2201      6D2F446F 
 2201      63756D65 
 2202              	.LASF24:
 2203 01eb 74736C69 		.ascii	"tslices_t\000"
 2203      6365735F 
ARM GAS  /tmp/ccugH2UG.s 			page 41


 2203      7400
 2204              	.LASF117:
 2205 01f5 73706963 		.ascii	"spicallback_t\000"
 2205      616C6C62 
 2205      61636B5F 
 2205      7400
 2206              	.LASF109:
 2207 0203 73746174 		.ascii	"state\000"
 2207      6500
 2208              	.LASF9:
 2209 0209 6C6F6E67 		.ascii	"long int\000"
 2209      20696E74 
 2209      00
 2210              	.LASF22:
 2211 0212 74737461 		.ascii	"tstate_t\000"
 2211      74655F74 
 2211      00
 2212              	.LASF111:
 2213 021b 74687265 		.ascii	"thread\000"
 2213      616400
 2214              	.LASF16:
 2215 0222 75696E74 		.ascii	"uint16_t\000"
 2215      31365F74 
 2215      00
 2216              	.LASF42:
 2217 022b 705F7469 		.ascii	"p_time\000"
 2217      6D6500
 2218              	.LASF34:
 2219 0232 705F6E65 		.ascii	"p_newer\000"
 2219      77657200 
 2220              	.LASF118:
 2221 023a 656E645F 		.ascii	"end_cb\000"
 2221      636200
 2222              	.LASF115:
 2223 0241 7278646D 		.ascii	"rxdmamode\000"
 2223      616D6F64 
 2223      6500
 2224              	.LASF100:
 2225 024b 4750494F 		.ascii	"GPIO_TypeDef\000"
 2225      5F547970 
 2225      65446566 
 2225      00
 2226              	.LASF114:
 2227 0258 646D6174 		.ascii	"dmatx\000"
 2227      7800
 2228              	.LASF136:
 2229 025e 63684462 		.ascii	"chDbgPanic\000"
 2229      6750616E 
 2229      696300
 2230              	.LASF94:
 2231 0269 4F535045 		.ascii	"OSPEEDR\000"
 2231      45445200 
 2232              	.LASF10:
 2233 0271 5F5F7569 		.ascii	"__uint32_t\000"
 2233      6E743332 
 2233      5F7400
 2234              	.LASF49:
ARM GAS  /tmp/ccugH2UG.s 			page 42


 2235 027c 705F6D70 		.ascii	"p_mpool\000"
 2235      6F6F6C00 
 2236              	.LASF52:
 2237 0284 72656761 		.ascii	"regarm_t\000"
 2237      726D5F74 
 2237      00
 2238              	.LASF88:
 2239 028d 73656C66 		.ascii	"selfindex\000"
 2239      696E6465 
 2239      7800
 2240              	.LASF128:
 2241 0297 73706955 		.ascii	"spiUnselect\000"
 2241      6E73656C 
 2241      65637400 
 2242              	.LASF123:
 2243 02a3 76616C75 		.ascii	"value\000"
 2243      6500
 2244              	.LASF37:
 2245 02a9 705F7374 		.ascii	"p_stklimit\000"
 2245      6B6C696D 
 2245      697400
 2246              	.LASF0:
 2247 02b4 756E7369 		.ascii	"unsigned int\000"
 2247      676E6564 
 2247      20696E74 
 2247      00
 2248              	.LASF124:
 2249 02c1 74786275 		.ascii	"txbuf\000"
 2249      6600
 2250              	.LASF44:
 2251 02c7 705F6D73 		.ascii	"p_msgqueue\000"
 2251      67717565 
 2251      756500
 2252              	.LASF97:
 2253 02d2 4C434B52 		.ascii	"LCKR\000"
 2253      00
 2254              	.LASF87:
 2255 02d7 69736869 		.ascii	"ishift\000"
 2255      667400
 2256              	.LASF7:
 2257 02de 73686F72 		.ascii	"short unsigned int\000"
 2257      7420756E 
 2257      7369676E 
 2257      65642069 
 2257      6E7400
 2258              	.LASF26:
 2259 02f1 6D73675F 		.ascii	"msg_t\000"
 2259      7400
 2260              	.LASF21:
 2261 02f7 746D6F64 		.ascii	"tmode_t\000"
 2261      655F7400 
 2262              	.LASF51:
 2263 02ff 54687265 		.ascii	"ThreadsList\000"
 2263      6164734C 
 2263      69737400 
 2264              	.LASF27:
 2265 030b 6576656E 		.ascii	"eventmask_t\000"
ARM GAS  /tmp/ccugH2UG.s 			page 43


 2265      746D6173 
 2265      6B5F7400 
 2266              	.LASF53:
 2267 0317 73746B61 		.ascii	"stkalign_t\000"
 2267      6C69676E 
 2267      5F7400
 2268              	.LASF127:
 2269 0322 73706945 		.ascii	"spiExchange\000"
 2269      78636861 
 2269      6E676500 
 2270              	.LASF82:
 2271 032e 49325350 		.ascii	"I2SPR\000"
 2271      5200
 2272              	.LASF56:
 2273 0334 73697A65 		.ascii	"sizetype\000"
 2273      74797065 
 2273      00
 2274              	.LASF91:
 2275 033d 636C6561 		.ascii	"clear\000"
 2275      7200
 2276              	.LASF57:
 2277 0343 4D757465 		.ascii	"Mutex\000"
 2277      7800
 2278              	.LASF35:
 2279 0349 705F6F6C 		.ascii	"p_older\000"
 2279      64657200 
 2280              	.LASF50:
 2281 0351 54687265 		.ascii	"ThreadsQueue\000"
 2281      61647351 
 2281      75657565 
 2281      00
 2282              	.LASF116:
 2283 035e 7478646D 		.ascii	"txdmamode\000"
 2283      616D6F64 
 2283      6500
 2284              	.LASF13:
 2285 0368 5F5F7569 		.ascii	"__uint64_t\000"
 2285      6E743634 
 2285      5F7400
 2286              	.LASF99:
 2287 0373 41465248 		.ascii	"AFRH\000"
 2287      00
 2288              	.LASF98:
 2289 0378 4146524C 		.ascii	"AFRL\000"
 2289      00
 2290              	.LASF78:
 2291 037d 54584352 		.ascii	"TXCRCR\000"
 2291      435200
 2292              	.LASF70:
 2293 0384 52455345 		.ascii	"RESERVED0\000"
 2293      52564544 
 2293      3000
 2294              	.LASF71:
 2295 038e 52455345 		.ascii	"RESERVED1\000"
 2295      52564544 
 2295      3100
 2296              	.LASF72:
ARM GAS  /tmp/ccugH2UG.s 			page 44


 2297 0398 52455345 		.ascii	"RESERVED2\000"
 2297      52564544 
 2297      3200
 2298              	.LASF73:
 2299 03a2 52455345 		.ascii	"RESERVED3\000"
 2299      52564544 
 2299      3300
 2300              	.LASF75:
 2301 03ac 52455345 		.ascii	"RESERVED4\000"
 2301      52564544 
 2301      3400
 2302              	.LASF31:
 2303 03b6 705F7072 		.ascii	"p_prev\000"
 2303      657600
 2304              	.LASF79:
 2305 03bd 52455345 		.ascii	"RESERVED6\000"
 2305      52564544 
 2305      3600
 2306              	.LASF81:
 2307 03c7 52455345 		.ascii	"RESERVED7\000"
 2307      52564544 
 2307      3700
 2308              	.LASF83:
 2309 03d1 52455345 		.ascii	"RESERVED8\000"
 2309      52564544 
 2309      3800
 2310              	.LASF25:
 2311 03db 74707269 		.ascii	"tprio_t\000"
 2311      6F5F7400 
 2312              	.LASF112:
 2313 03e3 6D757465 		.ascii	"mutex\000"
 2313      7800
 2314              	.LASF20:
 2315 03e9 5F426F6F 		.ascii	"_Bool\000"
 2315      6C00
 2316              	.LASF17:
 2317 03ef 696E7433 		.ascii	"int32_t\000"
 2317      325F7400 
 2318              	.LASF4:
 2319 03f7 756E7369 		.ascii	"unsigned char\000"
 2319      676E6564 
 2319      20636861 
 2319      7200
 2320              	.LASF90:
 2321 0405 73746D33 		.ascii	"stm32_dma_stream_t\000"
 2321      325F646D 
 2321      615F7374 
 2321      7265616D 
 2321      5F7400
 2322              	.LASF47:
 2323 0418 705F6D74 		.ascii	"p_mtxlist\000"
 2323      786C6973 
 2323      7400
 2324              	.LASF5:
 2325 0422 73686F72 		.ascii	"short int\000"
 2325      7420696E 
 2325      7400
ARM GAS  /tmp/ccugH2UG.s 			page 45


 2326              	.LASF38:
 2327 042c 705F7374 		.ascii	"p_state\000"
 2327      61746500 
 2328              	.LASF41:
 2329 0434 705F7072 		.ascii	"p_preempt\000"
 2329      65656D70 
 2329      7400
 2330              	.LASF64:
 2331 043e 65776D61 		.ascii	"ewmask\000"
 2331      736B00
 2332              	.LASF30:
 2333 0445 705F6E65 		.ascii	"p_next\000"
 2333      787400
 2334              	.LASF39:
 2335 044c 705F666C 		.ascii	"p_flags\000"
 2335      61677300 
 2336              	.LASF29:
 2337 0454 54687265 		.ascii	"Thread\000"
 2337      616400
 2338              	.LASF46:
 2339 045b 705F6570 		.ascii	"p_epending\000"
 2339      656E6469 
 2339      6E6700
 2340              	.LASF86:
 2341 0466 69666372 		.ascii	"ifcr\000"
 2341      00
 2342              	.LASF77:
 2343 046b 52455345 		.ascii	"RESERVED5\000"
 2343      52564544 
 2343      3500
 2344              	.LASF18:
 2345 0475 75696E74 		.ascii	"uint32_t\000"
 2345      33325F74 
 2345      00
 2346              	.LASF23:
 2347 047e 74726566 		.ascii	"trefs_t\000"
 2347      735F7400 
 2348              	.LASF11:
 2349 0486 6C6F6E67 		.ascii	"long unsigned int\000"
 2349      20756E73 
 2349      69676E65 
 2349      6420696E 
 2349      7400
 2350              	.LASF84:
 2351 0498 5350495F 		.ascii	"SPI_TypeDef\000"
 2351      54797065 
 2351      44656600 
 2352              	.LASF65:
 2353 04a4 63686172 		.ascii	"char\000"
 2353      00
 2354              	.LASF106:
 2355 04a9 5350495F 		.ascii	"SPI_COMPLETE\000"
 2355      434F4D50 
 2355      4C455445 
 2355      00
 2356              	.LASF110:
 2357 04b6 636F6E66 		.ascii	"config\000"
ARM GAS  /tmp/ccugH2UG.s 			page 46


 2357      696700
 2358              	.LASF6:
 2359 04bd 5F5F7569 		.ascii	"__uint16_t\000"
 2359      6E743136 
 2359      5F7400
 2360              	.LASF107:
 2361 04c8 73706973 		.ascii	"spistate_t\000"
 2361      74617465 
 2361      5F7400
 2362              	.LASF60:
 2363 04d3 6D5F6E65 		.ascii	"m_next\000"
 2363      787400
 2364              	.LASF28:
 2365 04da 73797374 		.ascii	"systime_t\000"
 2365      696D655F 
 2365      7400
 2366              	.LASF48:
 2367 04e4 705F7265 		.ascii	"p_realprio\000"
 2367      616C7072 
 2367      696F00
 2368              	.LASF8:
 2369 04ef 5F5F696E 		.ascii	"__int32_t\000"
 2369      7433325F 
 2369      7400
 2370              	.LASF66:
 2371 04f9 4E445452 		.ascii	"NDTR\000"
 2371      00
 2372              	.LASF69:
 2373 04fe 444D415F 		.ascii	"DMA_Stream_TypeDef\000"
 2373      53747265 
 2373      616D5F54 
 2373      79706544 
 2373      656600
 2374              	.LASF101:
 2375 0511 696F706F 		.ascii	"ioportid_t\000"
 2375      72746964 
 2375      5F7400
 2376              	.LASF55:
 2377 051c 636F6E74 		.ascii	"context\000"
 2377      65787400 
 2378              	.LASF126:
 2379 0524 73706953 		.ascii	"spiSelect\000"
 2379      656C6563 
 2379      7400
 2380              	.LASF54:
 2381 052e 696E7463 		.ascii	"intctx\000"
 2381      747800
 2382              	.LASF68:
 2383 0535 4D314152 		.ascii	"M1AR\000"
 2383      00
 2384              	.LASF102:
 2385 053a 5350495F 		.ascii	"SPI_UNINIT\000"
 2385      554E494E 
 2385      495400
 2386              	.LASF133:
 2387 0545 6C697333 		.ascii	"lis302dlReadRegister\000"
 2387      3032646C 
ARM GAS  /tmp/ccugH2UG.s 			page 47


 2387      52656164 
 2387      52656769 
 2387      73746572 
 2388              	.LASF40:
 2389 055a 705F7265 		.ascii	"p_refs\000"
 2389      667300
 2390              	.LASF76:
 2391 0561 52584352 		.ascii	"RXCRCR\000"
 2391      435200
 2392              	.LASF15:
 2393 0568 75696E74 		.ascii	"uint8_t\000"
 2393      385F7400 
 2394              	.LASF122:
 2395 0570 73706970 		.ascii	"spip\000"
 2395      00
 2396              	.LASF63:
 2397 0575 77746F62 		.ascii	"wtobjp\000"
 2397      6A7000
 2398              	.LASF36:
 2399 057c 705F6E61 		.ascii	"p_name\000"
 2399      6D6500
 2400              	.LASF129:
 2401 0583 73706953 		.ascii	"spiSend\000"
 2401      656E6400 
 2402              	.LASF121:
 2403 058b 53504943 		.ascii	"SPIConfig\000"
 2403      6F6E6669 
 2403      6700
 2404              	.LASF45:
 2405 0595 705F6D73 		.ascii	"p_msg\000"
 2405      6700
 2406              	.LASF59:
 2407 059b 6D5F6F77 		.ascii	"m_owner\000"
 2407      6E657200 
 2408              	.LASF131:
 2409 05a3 2E2E2F2E 		.ascii	"../../os/various/devices_lib/accel/lis302dl.c\000"
 2409      2E2F6F73 
 2409      2F766172 
 2409      696F7573 
 2409      2F646576 
 2410              	.LASF33:
 2411 05d1 705F6374 		.ascii	"p_ctx\000"
 2411      7800
 2412              	.LASF43:
 2413 05d7 705F7761 		.ascii	"p_waiting\000"
 2413      6974696E 
 2413      6700
 2414              		.ident	"GCC: (15:4.9.3+svn227297-1) 4.9.3 20150529 (prerelease)"
ARM GAS  /tmp/ccugH2UG.s 			page 48


DEFINED SYMBOLS
                            *ABS*:0000000000000000 lis302dl.c
     /tmp/ccugH2UG.s:19     .text.lis302dlReadRegister:0000000000000000 $t
     /tmp/ccugH2UG.s:25     .text.lis302dlReadRegister:0000000000000000 lis302dlReadRegister
     /tmp/ccugH2UG.s:78     .text.lis302dlReadRegister:0000000000000034 $d
     /tmp/ccugH2UG.s:84     .text.lis302dlWriteRegister:0000000000000000 $t
     /tmp/ccugH2UG.s:90     .text.lis302dlWriteRegister:0000000000000000 lis302dlWriteRegister
     /tmp/ccugH2UG.s:115    .text.lis302dlWriteRegister:0000000000000012 $d
     /tmp/ccugH2UG.s:217    .text.lis302dlWriteRegister:0000000000000070 $d
     /tmp/ccugH2UG.s:223    .bss.rxbuf:0000000000000000 $d
     /tmp/ccugH2UG.s:227    .bss.rxbuf:0000000000000000 rxbuf
     /tmp/ccugH2UG.s:230    .rodata.str1.4:0000000000000000 $d
     /tmp/ccugH2UG.s:234    .bss.txbuf:0000000000000000 $d
     /tmp/ccugH2UG.s:238    .bss.txbuf:0000000000000000 txbuf
                     .debug_frame:0000000000000010 $d
     /tmp/ccugH2UG.s:83     .text.lis302dlReadRegister:000000000000003c $t
     /tmp/ccugH2UG.s:222    .text.lis302dlWriteRegister:0000000000000078 $t
     /tmp/ccugH2UG.s:164    .text.lis302dlWriteRegister:0000000000000043 $d
     /tmp/ccugH2UG.s:164    .text.lis302dlWriteRegister:0000000000000044 $t

UNDEFINED SYMBOLS
spiSelect
spiExchange
spiUnselect
spiSend
chDbgPanic
