ARM GAS  /tmp/cc5sNtjg.s 			page 1


   1              		.syntax unified
   2              		.cpu cortex-m0
   3              		.fpu softvfp
   4              		.eabi_attribute 20, 1
   5              		.eabi_attribute 21, 1
   6              		.eabi_attribute 23, 3
   7              		.eabi_attribute 24, 1
   8              		.eabi_attribute 25, 1
   9              		.eabi_attribute 26, 1
  10              		.eabi_attribute 30, 2
  11              		.eabi_attribute 34, 0
  12              		.eabi_attribute 18, 4
  13              		.thumb
  14              		.syntax unified
  15              		.file	"chcore_v6m.c"
  16              		.text
  17              	.Ltext0:
  18              		.cfi_sections	.debug_frame
  19              		.section	.text._port_switch_from_isr,"ax",%progbits
  20              		.align	2
  21              		.p2align 4,,15
  22              		.global	_port_switch_from_isr
  23              		.code	16
  24              		.thumb_func
  25              		.type	_port_switch_from_isr, %function
  26              	_port_switch_from_isr:
  27              	.LFB10:
  28              		.file 1 "../../os/ports/GCC/ARMCMx/chcore_v6m.c"
  29              		.loc 1 141 0
  30              		.cfi_startproc
  31              		@ Naked Function: prologue and epilogue provided by programmer.
  32              		@ Volatile: function does not return.
  33              		@ args = 0, pretend = 0, frame = 0
  34              		@ frame_needed = 0, uses_anonymous_args = 0
  35              		.loc 1 144 0
  36 0000 FFF7FEFF 		bl	chSchDoReschedule
  37              	.LVL0:
  38              		.loc 1 146 0
  39              		.syntax divided
  40              	@ 146 "../../os/ports/GCC/ARMCMx/chcore_v6m.c" 1
  41              		_port_exit_from_isr:
  42              	@ 0 "" 2
  43              		.loc 1 151 0
  44              		.thumb
  45              		.syntax unified
  46 0004 8022     		movs	r2, #128
  47 0006 024B     		ldr	r3, .L4
  48 0008 1206     		lsls	r2, r2, #24
  49 000a 5A60     		str	r2, [r3, #4]
  50              	.L2:
  51 000c FEE7     		b	.L2
  52              	.L5:
  53 000e C046     		.align	2
  54              	.L4:
  55 0010 00ED00E0 		.word	-536810240
  56              		.cfi_endproc
  57              	.LFE10:
ARM GAS  /tmp/cc5sNtjg.s 			page 2


  58              		.size	_port_switch_from_isr, .-_port_switch_from_isr
  59              		.section	.text.NMIVector,"ax",%progbits
  60              		.align	2
  61              		.p2align 4,,15
  62              		.global	NMIVector
  63              		.code	16
  64              		.thumb_func
  65              		.type	NMIVector, %function
  66              	NMIVector:
  67              	.LFB8:
  68              		.loc 1 64 0
  69              		.cfi_startproc
  70              		@ args = 0, pretend = 0, frame = 0
  71              		@ frame_needed = 0, uses_anonymous_args = 0
  72              		@ link register save eliminated.
  73              		.loc 1 69 0
  74              		.syntax divided
  75              	@ 69 "../../os/ports/GCC/ARMCMx/chcore_v6m.c" 1
  76 0000 EFF30983 		mrs     r3, PSP
  77              	@ 0 "" 2
  78              	.LVL1:
  79              		.loc 1 71 0
  80              		.thumb
  81              		.syntax unified
  82 0004 2033     		adds	r3, r3, #32
  83              	.LVL2:
  84              		.syntax divided
  85              	@ 71 "../../os/ports/GCC/ARMCMx/chcore_v6m.c" 1
  86 0006 83F30988 		msr     PSP, r3
  87              	@ 0 "" 2
  88              		.loc 1 72 0
  89              	@ 72 "../../os/ports/GCC/ARMCMx/chcore_v6m.c" 1
  90 000a 62B6     		cpsie   i
  91              	@ 0 "" 2
  92              		.loc 1 73 0
  93              		.thumb
  94              		.syntax unified
  95              		@ sp needed
  96 000c 7047     		bx	lr
  97              		.cfi_endproc
  98              	.LFE8:
  99              		.size	NMIVector, .-NMIVector
 100 000e C046     		.section	.text._port_irq_epilogue,"ax",%progbits
 101              		.align	2
 102              		.p2align 4,,15
 103              		.global	_port_irq_epilogue
 104              		.code	16
 105              		.thumb_func
 106              		.type	_port_irq_epilogue, %function
 107              	_port_irq_epilogue:
 108              	.LFB9:
 109              		.loc 1 102 0
 110              		.cfi_startproc
 111              		@ args = 0, pretend = 0, frame = 0
 112              		@ frame_needed = 0, uses_anonymous_args = 0
 113              		@ link register save eliminated.
 114              	.LVL3:
ARM GAS  /tmp/cc5sNtjg.s 			page 3


 115              		.loc 1 104 0
 116 0000 0F30     		adds	r0, r0, #15
 117 0002 17D0     		beq	.L7
 118              	.LVL4:
 119              	.LBB2:
 120              		.loc 1 107 0
 121              		.syntax divided
 122              	@ 107 "../../os/ports/GCC/ARMCMx/chcore_v6m.c" 1
 123 0004 72B6     		cpsid   i
 124              	@ 0 "" 2
 125              		.loc 1 110 0
 126              	@ 110 "../../os/ports/GCC/ARMCMx/chcore_v6m.c" 1
 127 0006 EFF30982 		mrs     r2, PSP
 128              	@ 0 "" 2
 129              	.LVL5:
 130              		.loc 1 112 0
 131              		.thumb
 132              		.syntax unified
 133 000a 203A     		subs	r2, r2, #32
 134              	.LVL6:
 135              		.syntax divided
 136              	@ 112 "../../os/ports/GCC/ARMCMx/chcore_v6m.c" 1
 137 000c 82F30988 		msr     PSP, r2
 138              	@ 0 "" 2
 139              		.loc 1 113 0
 140              		.thumb
 141              		.syntax unified
 142 0010 8023     		movs	r3, #128
 143              		.loc 1 117 0
 144 0012 0E48     		ldr	r0, .L17
 145              		.loc 1 113 0
 146 0014 5B04     		lsls	r3, r3, #17
 147              		.loc 1 117 0
 148 0016 8169     		ldr	r1, [r0, #24]
 149              		.loc 1 113 0
 150 0018 D361     		str	r3, [r2, #28]
 151              		.loc 1 117 0
 152 001a CB7F     		ldrb	r3, [r1, #31]
 153 001c 002B     		cmp	r3, #0
 154 001e 0AD1     		bne	.L15
 155              		.loc 1 117 0 is_stmt 0 discriminator 2
 156 0020 0068     		ldr	r0, [r0]
 157 0022 8968     		ldr	r1, [r1, #8]
 158 0024 8068     		ldr	r0, [r0, #8]
 159 0026 8842     		cmp	r0, r1
 160 0028 5B41     		adcs	r3, r3, r3
 161 002a DBB2     		uxtb	r3, r3
 162 002c 002B     		cmp	r3, #0
 163 002e 0AD1     		bne	.L16
 164              	.L11:
 165              		.loc 1 124 0 is_stmt 1
 166 0030 074B     		ldr	r3, .L17+4
 167 0032 9361     		str	r3, [r2, #24]
 168              	.LVL7:
 169              	.L7:
 170              	.LBE2:
 171              		.loc 1 130 0
ARM GAS  /tmp/cc5sNtjg.s 			page 4


 172              		@ sp needed
 173 0034 7047     		bx	lr
 174              	.LVL8:
 175              	.L15:
 176              	.LBB3:
 177              		.loc 1 117 0 discriminator 1
 178 0036 0368     		ldr	r3, [r0]
 179 0038 9868     		ldr	r0, [r3, #8]
 180 003a 8B68     		ldr	r3, [r1, #8]
 181 003c 8342     		cmp	r3, r0
 182 003e 9B41     		sbcs	r3, r3, r3
 183 0040 5B42     		rsbs	r3, r3, #0
 184 0042 002B     		cmp	r3, #0
 185 0044 F4D0     		beq	.L11
 186              	.L16:
 187              		.loc 1 119 0
 188 0046 034B     		ldr	r3, .L17+8
 189 0048 9361     		str	r3, [r2, #24]
 190 004a F3E7     		b	.L7
 191              	.L18:
 192              		.align	2
 193              	.L17:
 194 004c 00000000 		.word	rlist
 195 0050 04000000 		.word	_port_exit_from_isr
 196 0054 00000000 		.word	_port_switch_from_isr
 197              	.LBE3:
 198              		.cfi_endproc
 199              	.LFE9:
 200              		.size	_port_irq_epilogue, .-_port_irq_epilogue
 201              		.section	.text.SysTickVector,"ax",%progbits
 202              		.align	2
 203              		.p2align 4,,15
 204              		.global	SysTickVector
 205              		.code	16
 206              		.thumb_func
 207              		.type	SysTickVector, %function
 208              	SysTickVector:
 209              	.LFB7:
 210              		.loc 1 47 0
 211              		.cfi_startproc
 212              		@ args = 0, pretend = 0, frame = 0
 213              		@ frame_needed = 0, uses_anonymous_args = 0
 214 0000 10B5     		push	{r4, lr}
 215              		.cfi_def_cfa_offset 8
 216              		.cfi_offset 4, -8
 217              		.cfi_offset 14, -4
 218              		.loc 1 49 0
 219              		.syntax divided
 220              	@ 49 "../../os/ports/GCC/ARMCMx/chcore_v6m.c" 1
 221 0002 7446     		mov     r4, lr
 222              	@ 0 "" 2
 223              	.LVL9:
 224              		.loc 1 51 0
 225              	@ 51 "../../os/ports/GCC/ARMCMx/chcore_v6m.c" 1
 226 0004 72B6     		cpsid   i
 227              	@ 0 "" 2
 228              		.loc 1 52 0
ARM GAS  /tmp/cc5sNtjg.s 			page 5


 229              		.thumb
 230              		.syntax unified
 231 0006 FFF7FEFF 		bl	chSysTimerHandlerI
 232              	.LVL10:
 233              		.loc 1 53 0
 234              		.syntax divided
 235              	@ 53 "../../os/ports/GCC/ARMCMx/chcore_v6m.c" 1
 236 000a 62B6     		cpsie   i
 237              	@ 0 "" 2
 238              		.loc 1 55 0
 239              		.thumb
 240              		.syntax unified
 241 000c 2000     		movs	r0, r4
 242 000e FFF7FEFF 		bl	_port_irq_epilogue
 243              	.LVL11:
 244              		.loc 1 56 0
 245              		@ sp needed
 246              	.LVL12:
 247 0012 10BD     		pop	{r4, pc}
 248              		.cfi_endproc
 249              	.LFE7:
 250              		.size	SysTickVector, .-SysTickVector
 251              		.section	.text._port_switch,"ax",%progbits
 252              		.align	2
 253              		.p2align 4,,15
 254              		.global	_port_switch
 255              		.code	16
 256              		.thumb_func
 257              		.type	_port_switch, %function
 258              	_port_switch:
 259              	.LFB11:
 260              		.loc 1 172 0
 261              		.cfi_startproc
 262              		@ Naked Function: prologue and epilogue provided by programmer.
 263              		@ args = 0, pretend = 0, frame = 0
 264              		@ frame_needed = 0, uses_anonymous_args = 0
 265              	.LVL13:
 266              		.loc 1 175 0
 267              		.syntax divided
 268              	@ 175 "../../os/ports/GCC/ARMCMx/chcore_v6m.c" 1
 269 0000 F0B5     		push    {r4, r5, r6, r7, lr}                   
 270 0002 4446     		mov     r4, r8                                 
 271 0004 4D46     		mov     r5, r9                                 
 272 0006 5646     		mov     r6, r10                                
 273 0008 5F46     		mov     r7, r11                                
 274 000a F0B4     		push    {r4, r5, r6, r7}
 275              	@ 0 "" 2
 276              		.loc 1 182 0
 277              		.thumb
 278              		.syntax unified
 279 000c 6B46     		mov	r3, sp
 280 000e CB60     		str	r3, [r1, #12]
 281              		.loc 1 183 0
 282 0010 C368     		ldr	r3, [r0, #12]
 283 0012 9D46     		mov	sp, r3
 284              		.loc 1 185 0
 285              		.syntax divided
ARM GAS  /tmp/cc5sNtjg.s 			page 6


 286              	@ 185 "../../os/ports/GCC/ARMCMx/chcore_v6m.c" 1
 287 0014 F0BC     		pop     {r4, r5, r6, r7}                       
 288 0016 A046     		mov     r8, r4                                 
 289 0018 A946     		mov     r9, r5                                 
 290 001a B246     		mov     r10, r6                                
 291 001c BB46     		mov     r11, r7                                
 292 001e F0BD     		pop     {r4, r5, r6, r7, pc}
 293              	@ 0 "" 2
 294              		.loc 1 191 0
 295              		.thumb
 296              		.syntax unified
 297              		.cfi_endproc
 298              	.LFE11:
 299              		.size	_port_switch, .-_port_switch
 300              		.section	.text._port_thread_start,"ax",%progbits
 301              		.align	2
 302              		.p2align 4,,15
 303              		.global	_port_thread_start
 304              		.code	16
 305              		.thumb_func
 306              		.type	_port_thread_start, %function
 307              	_port_thread_start:
 308              	.LFB12:
 309              		.loc 1 198 0
 310              		.cfi_startproc
 311              		@ args = 0, pretend = 0, frame = 0
 312              		@ frame_needed = 0, uses_anonymous_args = 0
 313              		@ link register save eliminated.
 314              		.loc 1 200 0
 315              		.syntax divided
 316              	@ 200 "../../os/ports/GCC/ARMCMx/chcore_v6m.c" 1
 317 0000 62B6     		cpsie   i
 318              	@ 0 "" 2
 319              		.loc 1 201 0
 320              	@ 201 "../../os/ports/GCC/ARMCMx/chcore_v6m.c" 1
 321 0002 281C     		mov     r0, r5                                 
 322 0004 A047     		blx     r4                                     
 323 0006 FFF7FEFF 		bl      chThdExit
 324              	@ 0 "" 2
 325              		.loc 1 204 0
 326              		.thumb
 327              		.syntax unified
 328              		@ sp needed
 329 000a 7047     		bx	lr
 330              		.cfi_endproc
 331              	.LFE12:
 332              		.size	_port_thread_start, .-_port_thread_start
 333              		.text
 334              	.Letext0:
 335              		.file 2 "/home/lithium/Descargas/gcc-arm-none-eabi-5_3-2016q1/arm-none-eabi/include/machine/_defau
 336              		.file 3 "/home/lithium/Descargas/gcc-arm-none-eabi-5_3-2016q1/arm-none-eabi/include/sys/_stdint.h"
 337              		.file 4 "../../os/ports/GCC/ARMCMx/chtypes.h"
 338              		.file 5 "../../os/kernel/include/chlists.h"
 339              		.file 6 "../../os/kernel/include/chthreads.h"
 340              		.file 7 "../../os/ports/GCC/ARMCMx/chcore_v6m.h"
 341              		.file 8 "../../os/ports/common/ARMCMx/nvic.h"
 342              		.file 9 "../../os/kernel/include/chschd.h"
ARM GAS  /tmp/cc5sNtjg.s 			page 7


 343              		.file 10 "../../os/kernel/include/chmtx.h"
 344              		.file 11 "../../os/kernel/include/chsys.h"
 345              		.section	.debug_info,"",%progbits
 346              	.Ldebug_info0:
 347 0000 10070000 		.4byte	0x710
 348 0004 0400     		.2byte	0x4
 349 0006 00000000 		.4byte	.Ldebug_abbrev0
 350 000a 04       		.byte	0x4
 351 000b 01       		.uleb128 0x1
 352 000c 6E030000 		.4byte	.LASF95
 353 0010 0C       		.byte	0xc
 354 0011 57040000 		.4byte	.LASF96
 355 0015 CB010000 		.4byte	.LASF97
 356 0019 18000000 		.4byte	.Ldebug_ranges0+0x18
 357 001d 00000000 		.4byte	0
 358 0021 00000000 		.4byte	.Ldebug_line0
 359 0025 02       		.uleb128 0x2
 360 0026 04       		.byte	0x4
 361 0027 05       		.byte	0x5
 362 0028 696E7400 		.ascii	"int\000"
 363 002c 03       		.uleb128 0x3
 364 002d 04       		.byte	0x4
 365 002e 07       		.byte	0x7
 366 002f FD000000 		.4byte	.LASF0
 367 0033 03       		.uleb128 0x3
 368 0034 08       		.byte	0x8
 369 0035 05       		.byte	0x5
 370 0036 7D000000 		.4byte	.LASF1
 371 003a 03       		.uleb128 0x3
 372 003b 08       		.byte	0x8
 373 003c 04       		.byte	0x4
 374 003d 1F020000 		.4byte	.LASF2
 375 0041 03       		.uleb128 0x3
 376 0042 01       		.byte	0x1
 377 0043 06       		.byte	0x6
 378 0044 8B000000 		.4byte	.LASF3
 379 0048 04       		.uleb128 0x4
 380 0049 13000000 		.4byte	.LASF7
 381 004d 02       		.byte	0x2
 382 004e 1D       		.byte	0x1d
 383 004f 53000000 		.4byte	0x53
 384 0053 03       		.uleb128 0x3
 385 0054 01       		.byte	0x1
 386 0055 08       		.byte	0x8
 387 0056 91020000 		.4byte	.LASF4
 388 005a 03       		.uleb128 0x3
 389 005b 02       		.byte	0x2
 390 005c 05       		.byte	0x5
 391 005d AF020000 		.4byte	.LASF5
 392 0061 03       		.uleb128 0x3
 393 0062 02       		.byte	0x2
 394 0063 07       		.byte	0x7
 395 0064 5A010000 		.4byte	.LASF6
 396 0068 04       		.uleb128 0x4
 397 0069 46030000 		.4byte	.LASF8
 398 006d 02       		.byte	0x2
 399 006e 3F       		.byte	0x3f
ARM GAS  /tmp/cc5sNtjg.s 			page 8


 400 006f 73000000 		.4byte	0x73
 401 0073 03       		.uleb128 0x3
 402 0074 04       		.byte	0x4
 403 0075 05       		.byte	0x5
 404 0076 B1000000 		.4byte	.LASF9
 405 007a 04       		.uleb128 0x4
 406 007b D7000000 		.4byte	.LASF10
 407 007f 02       		.byte	0x2
 408 0080 41       		.byte	0x41
 409 0081 85000000 		.4byte	0x85
 410 0085 03       		.uleb128 0x3
 411 0086 04       		.byte	0x4
 412 0087 07       		.byte	0x7
 413 0088 25010000 		.4byte	.LASF11
 414 008c 03       		.uleb128 0x3
 415 008d 08       		.byte	0x8
 416 008e 07       		.byte	0x7
 417 008f 46000000 		.4byte	.LASF12
 418 0093 04       		.uleb128 0x4
 419 0094 7E040000 		.4byte	.LASF13
 420 0098 03       		.byte	0x3
 421 0099 14       		.byte	0x14
 422 009a 48000000 		.4byte	0x48
 423 009e 04       		.uleb128 0x4
 424 009f 89020000 		.4byte	.LASF14
 425 00a3 03       		.byte	0x3
 426 00a4 1F       		.byte	0x1f
 427 00a5 68000000 		.4byte	0x68
 428 00a9 04       		.uleb128 0x4
 429 00aa FF020000 		.4byte	.LASF15
 430 00ae 03       		.byte	0x3
 431 00af 20       		.byte	0x20
 432 00b0 7A000000 		.4byte	0x7a
 433 00b4 03       		.uleb128 0x3
 434 00b5 01       		.byte	0x1
 435 00b6 02       		.byte	0x2
 436 00b7 83020000 		.4byte	.LASF16
 437 00bb 04       		.uleb128 0x4
 438 00bc A4010000 		.4byte	.LASF17
 439 00c0 04       		.byte	0x4
 440 00c1 2C       		.byte	0x2c
 441 00c2 93000000 		.4byte	0x93
 442 00c6 04       		.uleb128 0x4
 443 00c7 BA000000 		.4byte	.LASF18
 444 00cb 04       		.byte	0x4
 445 00cc 2D       		.byte	0x2d
 446 00cd 93000000 		.4byte	0x93
 447 00d1 04       		.uleb128 0x4
 448 00d2 67020000 		.4byte	.LASF19
 449 00d6 04       		.byte	0x4
 450 00d7 2E       		.byte	0x2e
 451 00d8 93000000 		.4byte	0x93
 452 00dc 04       		.uleb128 0x4
 453 00dd A7000000 		.4byte	.LASF20
 454 00e1 04       		.byte	0x4
 455 00e2 2F       		.byte	0x2f
 456 00e3 93000000 		.4byte	0x93
ARM GAS  /tmp/cc5sNtjg.s 			page 9


 457 00e7 04       		.uleb128 0x4
 458 00e8 7B020000 		.4byte	.LASF21
 459 00ec 04       		.byte	0x4
 460 00ed 30       		.byte	0x30
 461 00ee A9000000 		.4byte	0xa9
 462 00f2 04       		.uleb128 0x4
 463 00f3 72010000 		.4byte	.LASF22
 464 00f7 04       		.byte	0x4
 465 00f8 31       		.byte	0x31
 466 00f9 9E000000 		.4byte	0x9e
 467 00fd 04       		.uleb128 0x4
 468 00fe 04020000 		.4byte	.LASF23
 469 0102 04       		.byte	0x4
 470 0103 33       		.byte	0x33
 471 0104 A9000000 		.4byte	0xa9
 472 0108 04       		.uleb128 0x4
 473 0109 31030000 		.4byte	.LASF24
 474 010d 04       		.byte	0x4
 475 010e 35       		.byte	0x35
 476 010f A9000000 		.4byte	0xa9
 477 0113 04       		.uleb128 0x4
 478 0114 ED020000 		.4byte	.LASF25
 479 0118 05       		.byte	0x5
 480 0119 2A       		.byte	0x2a
 481 011a 1E010000 		.4byte	0x11e
 482 011e 05       		.uleb128 0x5
 483 011f ED020000 		.4byte	.LASF25
 484 0123 48       		.byte	0x48
 485 0124 06       		.byte	0x6
 486 0125 5E       		.byte	0x5e
 487 0126 1B020000 		.4byte	0x21b
 488 012a 06       		.uleb128 0x6
 489 012b DE020000 		.4byte	.LASF26
 490 012f 06       		.byte	0x6
 491 0130 5F       		.byte	0x5f
 492 0131 3C020000 		.4byte	0x23c
 493 0135 00       		.byte	0
 494 0136 06       		.uleb128 0x6
 495 0137 74020000 		.4byte	.LASF27
 496 013b 06       		.byte	0x6
 497 013c 61       		.byte	0x61
 498 013d 3C020000 		.4byte	0x23c
 499 0141 04       		.byte	0x4
 500 0142 06       		.uleb128 0x6
 501 0143 6C000000 		.4byte	.LASF28
 502 0147 06       		.byte	0x6
 503 0148 63       		.byte	0x63
 504 0149 E7000000 		.4byte	0xe7
 505 014d 08       		.byte	0x8
 506 014e 06       		.uleb128 0x6
 507 014f A7040000 		.4byte	.LASF29
 508 0153 06       		.byte	0x6
 509 0154 64       		.byte	0x64
 510 0155 54030000 		.4byte	0x354
 511 0159 0C       		.byte	0xc
 512 015a 06       		.uleb128 0x6
 513 015b CA000000 		.4byte	.LASF30
ARM GAS  /tmp/cc5sNtjg.s 			page 10


 514 015f 06       		.byte	0x6
 515 0160 66       		.byte	0x66
 516 0161 3C020000 		.4byte	0x23c
 517 0165 10       		.byte	0x10
 518 0166 06       		.uleb128 0x6
 519 0167 30020000 		.4byte	.LASF31
 520 016b 06       		.byte	0x6
 521 016c 67       		.byte	0x67
 522 016d 3C020000 		.4byte	0x23c
 523 0171 14       		.byte	0x14
 524 0172 06       		.uleb128 0x6
 525 0173 8D040000 		.4byte	.LASF32
 526 0177 06       		.byte	0x6
 527 0178 6E       		.byte	0x6e
 528 0179 CB050000 		.4byte	0x5cb
 529 017d 18       		.byte	0x18
 530 017e 06       		.uleb128 0x6
 531 017f B9020000 		.4byte	.LASF33
 532 0183 06       		.byte	0x6
 533 0184 79       		.byte	0x79
 534 0185 C6000000 		.4byte	0xc6
 535 0189 1C       		.byte	0x1c
 536 018a 06       		.uleb128 0x6
 537 018b E5020000 		.4byte	.LASF34
 538 018f 06       		.byte	0x6
 539 0190 7D       		.byte	0x7d
 540 0191 BB000000 		.4byte	0xbb
 541 0195 1D       		.byte	0x1d
 542 0196 06       		.uleb128 0x6
 543 0197 C3000000 		.4byte	.LASF35
 544 019b 06       		.byte	0x6
 545 019c 82       		.byte	0x82
 546 019d D1000000 		.4byte	0xd1
 547 01a1 1E       		.byte	0x1e
 548 01a2 06       		.uleb128 0x6
 549 01a3 C1020000 		.4byte	.LASF36
 550 01a7 06       		.byte	0x6
 551 01a8 88       		.byte	0x88
 552 01a9 DC000000 		.4byte	0xdc
 553 01ad 1F       		.byte	0x1f
 554 01ae 06       		.uleb128 0x6
 555 01af 50030000 		.4byte	.LASF37
 556 01b3 06       		.byte	0x6
 557 01b4 8F       		.byte	0x8f
 558 01b5 F3040000 		.4byte	0x4f3
 559 01b9 20       		.byte	0x20
 560 01ba 07       		.uleb128 0x7
 561 01bb 705F7500 		.ascii	"p_u\000"
 562 01bf 06       		.byte	0x6
 563 01c0 B4       		.byte	0xb4
 564 01c1 96050000 		.4byte	0x596
 565 01c5 24       		.byte	0x24
 566 01c6 06       		.uleb128 0x6
 567 01c7 AD040000 		.4byte	.LASF38
 568 01cb 06       		.byte	0x6
 569 01cc B9       		.byte	0xb9
 570 01cd 62020000 		.4byte	0x262
ARM GAS  /tmp/cc5sNtjg.s 			page 11


 571 01d1 28       		.byte	0x28
 572 01d2 06       		.uleb128 0x6
 573 01d3 63030000 		.4byte	.LASF39
 574 01d7 06       		.byte	0x6
 575 01d8 BF       		.byte	0xbf
 576 01d9 42020000 		.4byte	0x242
 577 01dd 2C       		.byte	0x2c
 578 01de 06       		.uleb128 0x6
 579 01df 00000000 		.4byte	.LASF40
 580 01e3 06       		.byte	0x6
 581 01e4 C3       		.byte	0xc3
 582 01e5 F2000000 		.4byte	0xf2
 583 01e9 34       		.byte	0x34
 584 01ea 06       		.uleb128 0x6
 585 01eb F4020000 		.4byte	.LASF41
 586 01ef 06       		.byte	0x6
 587 01f0 C9       		.byte	0xc9
 588 01f1 FD000000 		.4byte	0xfd
 589 01f5 38       		.byte	0x38
 590 01f6 06       		.uleb128 0x6
 591 01f7 A5020000 		.4byte	.LASF42
 592 01fb 06       		.byte	0x6
 593 01fc D0       		.byte	0xd0
 594 01fd DD050000 		.4byte	0x5dd
 595 0201 3C       		.byte	0x3c
 596 0202 06       		.uleb128 0x6
 597 0203 3B030000 		.4byte	.LASF43
 598 0207 06       		.byte	0x6
 599 0208 D4       		.byte	0xd4
 600 0209 E7000000 		.4byte	0xe7
 601 020d 40       		.byte	0x40
 602 020e 06       		.uleb128 0x6
 603 020f 97000000 		.4byte	.LASF44
 604 0213 06       		.byte	0x6
 605 0214 DA       		.byte	0xda
 606 0215 78020000 		.4byte	0x278
 607 0219 44       		.byte	0x44
 608 021a 00       		.byte	0
 609 021b 08       		.uleb128 0x8
 610 021c 08       		.byte	0x8
 611 021d 05       		.byte	0x5
 612 021e 61       		.byte	0x61
 613 021f 3C020000 		.4byte	0x23c
 614 0223 06       		.uleb128 0x6
 615 0224 DE020000 		.4byte	.LASF26
 616 0228 05       		.byte	0x5
 617 0229 62       		.byte	0x62
 618 022a 3C020000 		.4byte	0x23c
 619 022e 00       		.byte	0
 620 022f 06       		.uleb128 0x6
 621 0230 74020000 		.4byte	.LASF27
 622 0234 05       		.byte	0x5
 623 0235 64       		.byte	0x64
 624 0236 3C020000 		.4byte	0x23c
 625 023a 04       		.byte	0x4
 626 023b 00       		.byte	0
 627 023c 09       		.uleb128 0x9
ARM GAS  /tmp/cc5sNtjg.s 			page 12


 628 023d 04       		.byte	0x4
 629 023e 13010000 		.4byte	0x113
 630 0242 04       		.uleb128 0x4
 631 0243 3E020000 		.4byte	.LASF45
 632 0247 05       		.byte	0x5
 633 0248 66       		.byte	0x66
 634 0249 1B020000 		.4byte	0x21b
 635 024d 08       		.uleb128 0x8
 636 024e 04       		.byte	0x4
 637 024f 05       		.byte	0x5
 638 0250 6B       		.byte	0x6b
 639 0251 62020000 		.4byte	0x262
 640 0255 06       		.uleb128 0x6
 641 0256 DE020000 		.4byte	.LASF26
 642 025a 05       		.byte	0x5
 643 025b 6D       		.byte	0x6d
 644 025c 3C020000 		.4byte	0x23c
 645 0260 00       		.byte	0
 646 0261 00       		.byte	0
 647 0262 04       		.uleb128 0x4
 648 0263 BF010000 		.4byte	.LASF46
 649 0267 05       		.byte	0x5
 650 0268 70       		.byte	0x70
 651 0269 4D020000 		.4byte	0x24d
 652 026d 04       		.uleb128 0x4
 653 026e E2000000 		.4byte	.LASF47
 654 0272 07       		.byte	0x7
 655 0273 A7       		.byte	0xa7
 656 0274 78020000 		.4byte	0x278
 657 0278 0A       		.uleb128 0xa
 658 0279 04       		.byte	0x4
 659 027a 05       		.uleb128 0x5
 660 027b 11010000 		.4byte	.LASF48
 661 027f 20       		.byte	0x20
 662 0280 07       		.byte	0x7
 663 0281 AF       		.byte	0xaf
 664 0282 E2020000 		.4byte	0x2e2
 665 0286 07       		.uleb128 0x7
 666 0287 723000   		.ascii	"r0\000"
 667 028a 07       		.byte	0x7
 668 028b B0       		.byte	0xb0
 669 028c 6D020000 		.4byte	0x26d
 670 0290 00       		.byte	0
 671 0291 07       		.uleb128 0x7
 672 0292 723100   		.ascii	"r1\000"
 673 0295 07       		.byte	0x7
 674 0296 B1       		.byte	0xb1
 675 0297 6D020000 		.4byte	0x26d
 676 029b 04       		.byte	0x4
 677 029c 07       		.uleb128 0x7
 678 029d 723200   		.ascii	"r2\000"
 679 02a0 07       		.byte	0x7
 680 02a1 B2       		.byte	0xb2
 681 02a2 6D020000 		.4byte	0x26d
 682 02a6 08       		.byte	0x8
 683 02a7 07       		.uleb128 0x7
 684 02a8 723300   		.ascii	"r3\000"
ARM GAS  /tmp/cc5sNtjg.s 			page 13


 685 02ab 07       		.byte	0x7
 686 02ac B3       		.byte	0xb3
 687 02ad 6D020000 		.4byte	0x26d
 688 02b1 0C       		.byte	0xc
 689 02b2 07       		.uleb128 0x7
 690 02b3 72313200 		.ascii	"r12\000"
 691 02b7 07       		.byte	0x7
 692 02b8 B4       		.byte	0xb4
 693 02b9 6D020000 		.4byte	0x26d
 694 02bd 10       		.byte	0x10
 695 02be 06       		.uleb128 0x6
 696 02bf 0A010000 		.4byte	.LASF49
 697 02c3 07       		.byte	0x7
 698 02c4 B5       		.byte	0xb5
 699 02c5 6D020000 		.4byte	0x26d
 700 02c9 14       		.byte	0x14
 701 02ca 07       		.uleb128 0x7
 702 02cb 706300   		.ascii	"pc\000"
 703 02ce 07       		.byte	0x7
 704 02cf B6       		.byte	0xb6
 705 02d0 6D020000 		.4byte	0x26d
 706 02d4 18       		.byte	0x18
 707 02d5 06       		.uleb128 0x6
 708 02d6 CB020000 		.4byte	.LASF50
 709 02da 07       		.byte	0x7
 710 02db B7       		.byte	0xb7
 711 02dc 6D020000 		.4byte	0x26d
 712 02e0 1C       		.byte	0x1c
 713 02e1 00       		.byte	0
 714 02e2 05       		.uleb128 0x5
 715 02e3 5C030000 		.4byte	.LASF51
 716 02e7 24       		.byte	0x24
 717 02e8 07       		.byte	0x7
 718 02e9 BA       		.byte	0xba
 719 02ea 54030000 		.4byte	0x354
 720 02ee 07       		.uleb128 0x7
 721 02ef 723800   		.ascii	"r8\000"
 722 02f2 07       		.byte	0x7
 723 02f3 BB       		.byte	0xbb
 724 02f4 6D020000 		.4byte	0x26d
 725 02f8 00       		.byte	0
 726 02f9 07       		.uleb128 0x7
 727 02fa 723900   		.ascii	"r9\000"
 728 02fd 07       		.byte	0x7
 729 02fe BC       		.byte	0xbc
 730 02ff 6D020000 		.4byte	0x26d
 731 0303 04       		.byte	0x4
 732 0304 07       		.uleb128 0x7
 733 0305 72313000 		.ascii	"r10\000"
 734 0309 07       		.byte	0x7
 735 030a BD       		.byte	0xbd
 736 030b 6D020000 		.4byte	0x26d
 737 030f 08       		.byte	0x8
 738 0310 07       		.uleb128 0x7
 739 0311 72313100 		.ascii	"r11\000"
 740 0315 07       		.byte	0x7
 741 0316 BE       		.byte	0xbe
ARM GAS  /tmp/cc5sNtjg.s 			page 14


 742 0317 6D020000 		.4byte	0x26d
 743 031b 0C       		.byte	0xc
 744 031c 07       		.uleb128 0x7
 745 031d 723400   		.ascii	"r4\000"
 746 0320 07       		.byte	0x7
 747 0321 BF       		.byte	0xbf
 748 0322 6D020000 		.4byte	0x26d
 749 0326 10       		.byte	0x10
 750 0327 07       		.uleb128 0x7
 751 0328 723500   		.ascii	"r5\000"
 752 032b 07       		.byte	0x7
 753 032c C0       		.byte	0xc0
 754 032d 6D020000 		.4byte	0x26d
 755 0331 14       		.byte	0x14
 756 0332 07       		.uleb128 0x7
 757 0333 723600   		.ascii	"r6\000"
 758 0336 07       		.byte	0x7
 759 0337 C1       		.byte	0xc1
 760 0338 6D020000 		.4byte	0x26d
 761 033c 18       		.byte	0x18
 762 033d 07       		.uleb128 0x7
 763 033e 723700   		.ascii	"r7\000"
 764 0341 07       		.byte	0x7
 765 0342 C2       		.byte	0xc2
 766 0343 6D020000 		.4byte	0x26d
 767 0347 1C       		.byte	0x1c
 768 0348 07       		.uleb128 0x7
 769 0349 6C7200   		.ascii	"lr\000"
 770 034c 07       		.byte	0x7
 771 034d C3       		.byte	0xc3
 772 034e 6D020000 		.4byte	0x26d
 773 0352 20       		.byte	0x20
 774 0353 00       		.byte	0
 775 0354 05       		.uleb128 0x5
 776 0355 52010000 		.4byte	.LASF52
 777 0359 04       		.byte	0x4
 778 035a 07       		.byte	0x7
 779 035b CD       		.byte	0xcd
 780 035c 6D030000 		.4byte	0x36d
 781 0360 07       		.uleb128 0x7
 782 0361 72313300 		.ascii	"r13\000"
 783 0365 07       		.byte	0x7
 784 0366 CE       		.byte	0xce
 785 0367 6D030000 		.4byte	0x36d
 786 036b 00       		.byte	0
 787 036c 00       		.byte	0
 788 036d 09       		.uleb128 0x9
 789 036e 04       		.byte	0x4
 790 036f E2020000 		.4byte	0x2e2
 791 0373 04       		.uleb128 0x4
 792 0374 22030000 		.4byte	.LASF53
 793 0378 08       		.byte	0x8
 794 0379 3A       		.byte	0x3a
 795 037a 7E030000 		.4byte	0x37e
 796 037e 0B       		.uleb128 0xb
 797 037f A9000000 		.4byte	0xa9
 798 0383 03       		.uleb128 0x3
ARM GAS  /tmp/cc5sNtjg.s 			page 15


 799 0384 04       		.byte	0x4
 800 0385 07       		.byte	0x7
 801 0386 16020000 		.4byte	.LASF54
 802 038a 08       		.uleb128 0x8
 803 038b 8C       		.byte	0x8c
 804 038c 08       		.byte	0x8
 805 038d 89       		.byte	0x89
 806 038e 8F040000 		.4byte	0x48f
 807 0392 06       		.uleb128 0x6
 808 0393 66000000 		.4byte	.LASF55
 809 0397 08       		.byte	0x8
 810 0398 8A       		.byte	0x8a
 811 0399 73030000 		.4byte	0x373
 812 039d 00       		.byte	0
 813 039e 06       		.uleb128 0x6
 814 039f 6D010000 		.4byte	.LASF56
 815 03a3 08       		.byte	0x8
 816 03a4 8B       		.byte	0x8b
 817 03a5 73030000 		.4byte	0x373
 818 03a9 04       		.byte	0x4
 819 03aa 06       		.uleb128 0x6
 820 03ab 37010000 		.4byte	.LASF57
 821 03af 08       		.byte	0x8
 822 03b0 8C       		.byte	0x8c
 823 03b1 73030000 		.4byte	0x373
 824 03b5 08       		.byte	0x8
 825 03b6 06       		.uleb128 0x6
 826 03b7 78010000 		.4byte	.LASF58
 827 03bb 08       		.byte	0x8
 828 03bc 8D       		.byte	0x8d
 829 03bd 73030000 		.4byte	0x373
 830 03c1 0C       		.byte	0xc
 831 03c2 07       		.uleb128 0x7
 832 03c3 53435200 		.ascii	"SCR\000"
 833 03c7 08       		.byte	0x8
 834 03c8 8E       		.byte	0x8e
 835 03c9 73030000 		.4byte	0x373
 836 03cd 10       		.byte	0x10
 837 03ce 07       		.uleb128 0x7
 838 03cf 43435200 		.ascii	"CCR\000"
 839 03d3 08       		.byte	0x8
 840 03d4 8F       		.byte	0x8f
 841 03d5 73030000 		.4byte	0x373
 842 03d9 14       		.byte	0x14
 843 03da 06       		.uleb128 0x6
 844 03db 57030000 		.4byte	.LASF59
 845 03df 08       		.byte	0x8
 846 03e0 90       		.byte	0x90
 847 03e1 9F040000 		.4byte	0x49f
 848 03e5 18       		.byte	0x18
 849 03e6 06       		.uleb128 0x6
 850 03e7 9F020000 		.4byte	.LASF60
 851 03eb 08       		.byte	0x8
 852 03ec 91       		.byte	0x91
 853 03ed 73030000 		.4byte	0x373
 854 03f1 24       		.byte	0x24
 855 03f2 06       		.uleb128 0x6
ARM GAS  /tmp/cc5sNtjg.s 			page 16


 856 03f3 2B020000 		.4byte	.LASF61
 857 03f7 08       		.byte	0x8
 858 03f8 92       		.byte	0x92
 859 03f9 73030000 		.4byte	0x373
 860 03fd 28       		.byte	0x28
 861 03fe 06       		.uleb128 0x6
 862 03ff 9A040000 		.4byte	.LASF62
 863 0403 08       		.byte	0x8
 864 0404 93       		.byte	0x93
 865 0405 73030000 		.4byte	0x373
 866 0409 2C       		.byte	0x2c
 867 040a 06       		.uleb128 0x6
 868 040b 7E010000 		.4byte	.LASF63
 869 040f 08       		.byte	0x8
 870 0410 94       		.byte	0x94
 871 0411 73030000 		.4byte	0x373
 872 0415 30       		.byte	0x30
 873 0416 06       		.uleb128 0x6
 874 0417 8B010000 		.4byte	.LASF64
 875 041b 08       		.byte	0x8
 876 041c 95       		.byte	0x95
 877 041d 73030000 		.4byte	0x373
 878 0421 34       		.byte	0x34
 879 0422 06       		.uleb128 0x6
 880 0423 D2000000 		.4byte	.LASF65
 881 0427 08       		.byte	0x8
 882 0428 96       		.byte	0x96
 883 0429 73030000 		.4byte	0x373
 884 042d 38       		.byte	0x38
 885 042e 06       		.uleb128 0x6
 886 042f 10030000 		.4byte	.LASF66
 887 0433 08       		.byte	0x8
 888 0434 97       		.byte	0x97
 889 0435 73030000 		.4byte	0x373
 890 0439 3C       		.byte	0x3c
 891 043a 07       		.uleb128 0x7
 892 043b 50465200 		.ascii	"PFR\000"
 893 043f 08       		.byte	0x8
 894 0440 98       		.byte	0x98
 895 0441 B4040000 		.4byte	0x4b4
 896 0445 40       		.byte	0x40
 897 0446 07       		.uleb128 0x7
 898 0447 44465200 		.ascii	"DFR\000"
 899 044b 08       		.byte	0x8
 900 044c 99       		.byte	0x99
 901 044d 73030000 		.4byte	0x373
 902 0451 48       		.byte	0x48
 903 0452 07       		.uleb128 0x7
 904 0453 41445200 		.ascii	"ADR\000"
 905 0457 08       		.byte	0x8
 906 0458 9A       		.byte	0x9a
 907 0459 73030000 		.4byte	0x373
 908 045d 4C       		.byte	0x4c
 909 045e 06       		.uleb128 0x6
 910 045f 52040000 		.4byte	.LASF67
 911 0463 08       		.byte	0x8
 912 0464 9B       		.byte	0x9b
ARM GAS  /tmp/cc5sNtjg.s 			page 17


 913 0465 C9040000 		.4byte	0x4c9
 914 0469 50       		.byte	0x50
 915 046a 07       		.uleb128 0x7
 916 046b 53415200 		.ascii	"SAR\000"
 917 046f 08       		.byte	0x8
 918 0470 9C       		.byte	0x9c
 919 0471 DE040000 		.4byte	0x4de
 920 0475 60       		.byte	0x60
 921 0476 06       		.uleb128 0x6
 922 0477 15030000 		.4byte	.LASF68
 923 047b 08       		.byte	0x8
 924 047c 9D       		.byte	0x9d
 925 047d E3040000 		.4byte	0x4e3
 926 0481 74       		.byte	0x74
 927 0482 06       		.uleb128 0x6
 928 0483 94040000 		.4byte	.LASF69
 929 0487 08       		.byte	0x8
 930 0488 9E       		.byte	0x9e
 931 0489 73030000 		.4byte	0x373
 932 048d 88       		.byte	0x88
 933 048e 00       		.byte	0
 934 048f 0C       		.uleb128 0xc
 935 0490 73030000 		.4byte	0x373
 936 0494 9F040000 		.4byte	0x49f
 937 0498 0D       		.uleb128 0xd
 938 0499 83030000 		.4byte	0x383
 939 049d 02       		.byte	0x2
 940 049e 00       		.byte	0
 941 049f 0B       		.uleb128 0xb
 942 04a0 8F040000 		.4byte	0x48f
 943 04a4 0C       		.uleb128 0xc
 944 04a5 73030000 		.4byte	0x373
 945 04a9 B4040000 		.4byte	0x4b4
 946 04ad 0D       		.uleb128 0xd
 947 04ae 83030000 		.4byte	0x383
 948 04b2 01       		.byte	0x1
 949 04b3 00       		.byte	0
 950 04b4 0B       		.uleb128 0xb
 951 04b5 A4040000 		.4byte	0x4a4
 952 04b9 0C       		.uleb128 0xc
 953 04ba 73030000 		.4byte	0x373
 954 04be C9040000 		.4byte	0x4c9
 955 04c2 0D       		.uleb128 0xd
 956 04c3 83030000 		.4byte	0x383
 957 04c7 03       		.byte	0x3
 958 04c8 00       		.byte	0
 959 04c9 0B       		.uleb128 0xb
 960 04ca B9040000 		.4byte	0x4b9
 961 04ce 0C       		.uleb128 0xc
 962 04cf 73030000 		.4byte	0x373
 963 04d3 DE040000 		.4byte	0x4de
 964 04d7 0D       		.uleb128 0xd
 965 04d8 83030000 		.4byte	0x383
 966 04dc 04       		.byte	0x4
 967 04dd 00       		.byte	0
 968 04de 0B       		.uleb128 0xb
 969 04df CE040000 		.4byte	0x4ce
ARM GAS  /tmp/cc5sNtjg.s 			page 18


 970 04e3 0B       		.uleb128 0xb
 971 04e4 CE040000 		.4byte	0x4ce
 972 04e8 04       		.uleb128 0x4
 973 04e9 1D000000 		.4byte	.LASF70
 974 04ed 08       		.byte	0x8
 975 04ee 9F       		.byte	0x9f
 976 04ef 8A030000 		.4byte	0x38a
 977 04f3 0B       		.uleb128 0xb
 978 04f4 08010000 		.4byte	0x108
 979 04f8 08       		.uleb128 0x8
 980 04f9 1C       		.byte	0x1c
 981 04fa 09       		.byte	0x9
 982 04fb 5E       		.byte	0x5e
 983 04fc 49050000 		.4byte	0x549
 984 0500 06       		.uleb128 0x6
 985 0501 08030000 		.4byte	.LASF71
 986 0505 09       		.byte	0x9
 987 0506 5F       		.byte	0x5f
 988 0507 42020000 		.4byte	0x242
 989 050b 00       		.byte	0
 990 050c 06       		.uleb128 0x6
 991 050d D0020000 		.4byte	.LASF72
 992 0511 09       		.byte	0x9
 993 0512 60       		.byte	0x60
 994 0513 E7000000 		.4byte	0xe7
 995 0517 08       		.byte	0x8
 996 0518 06       		.uleb128 0x6
 997 0519 38020000 		.4byte	.LASF73
 998 051d 09       		.byte	0x9
 999 051e 62       		.byte	0x62
 1000 051f 54030000 		.4byte	0x354
 1001 0523 0C       		.byte	0xc
 1002 0524 06       		.uleb128 0x6
 1003 0525 83010000 		.4byte	.LASF74
 1004 0529 09       		.byte	0x9
 1005 052a 65       		.byte	0x65
 1006 052b 3C020000 		.4byte	0x23c
 1007 052f 10       		.byte	0x10
 1008 0530 06       		.uleb128 0x6
 1009 0531 5F020000 		.4byte	.LASF75
 1010 0535 09       		.byte	0x9
 1011 0536 66       		.byte	0x66
 1012 0537 3C020000 		.4byte	0x23c
 1013 053b 14       		.byte	0x14
 1014 053c 06       		.uleb128 0x6
 1015 053d 55020000 		.4byte	.LASF76
 1016 0541 09       		.byte	0x9
 1017 0542 69       		.byte	0x69
 1018 0543 3C020000 		.4byte	0x23c
 1019 0547 18       		.byte	0x18
 1020 0548 00       		.byte	0
 1021 0549 04       		.uleb128 0x4
 1022 054a 48040000 		.4byte	.LASF77
 1023 054e 09       		.byte	0x9
 1024 054f 6B       		.byte	0x6b
 1025 0550 F8040000 		.4byte	0x4f8
 1026 0554 05       		.uleb128 0x5
ARM GAS  /tmp/cc5sNtjg.s 			page 19


 1027 0555 10020000 		.4byte	.LASF78
 1028 0559 10       		.byte	0x10
 1029 055a 0A       		.byte	0xa
 1030 055b 2C       		.byte	0x2c
 1031 055c 85050000 		.4byte	0x585
 1032 0560 06       		.uleb128 0x6
 1033 0561 9F000000 		.4byte	.LASF79
 1034 0565 0A       		.byte	0xa
 1035 0566 2D       		.byte	0x2d
 1036 0567 42020000 		.4byte	0x242
 1037 056b 00       		.byte	0
 1038 056c 06       		.uleb128 0x6
 1039 056d 9F040000 		.4byte	.LASF80
 1040 0571 0A       		.byte	0xa
 1041 0572 2F       		.byte	0x2f
 1042 0573 3C020000 		.4byte	0x23c
 1043 0577 08       		.byte	0x8
 1044 0578 06       		.uleb128 0x6
 1045 0579 2A030000 		.4byte	.LASF81
 1046 057d 0A       		.byte	0xa
 1047 057e 31       		.byte	0x31
 1048 057f 85050000 		.4byte	0x585
 1049 0583 0C       		.byte	0xc
 1050 0584 00       		.byte	0
 1051 0585 09       		.uleb128 0x9
 1052 0586 04       		.byte	0x4
 1053 0587 54050000 		.4byte	0x554
 1054 058b 04       		.uleb128 0x4
 1055 058c 10020000 		.4byte	.LASF78
 1056 0590 0A       		.byte	0xa
 1057 0591 33       		.byte	0x33
 1058 0592 54050000 		.4byte	0x554
 1059 0596 0E       		.uleb128 0xe
 1060 0597 04       		.byte	0x4
 1061 0598 06       		.byte	0x6
 1062 0599 96       		.byte	0x96
 1063 059a CB050000 		.4byte	0x5cb
 1064 059e 0F       		.uleb128 0xf
 1065 059f 0C000000 		.4byte	.LASF82
 1066 05a3 06       		.byte	0x6
 1067 05a4 9D       		.byte	0x9d
 1068 05a5 F2000000 		.4byte	0xf2
 1069 05a9 0F       		.uleb128 0xf
 1070 05aa 5D000000 		.4byte	.LASF83
 1071 05ae 06       		.byte	0x6
 1072 05af A4       		.byte	0xa4
 1073 05b0 F2000000 		.4byte	0xf2
 1074 05b4 0F       		.uleb128 0xf
 1075 05b5 86040000 		.4byte	.LASF84
 1076 05b9 06       		.byte	0x6
 1077 05ba AB       		.byte	0xab
 1078 05bb 78020000 		.4byte	0x278
 1079 05bf 0F       		.uleb128 0xf
 1080 05c0 D7020000 		.4byte	.LASF85
 1081 05c4 06       		.byte	0x6
 1082 05c5 B2       		.byte	0xb2
 1083 05c6 FD000000 		.4byte	0xfd
ARM GAS  /tmp/cc5sNtjg.s 			page 20


 1084 05ca 00       		.byte	0
 1085 05cb 09       		.uleb128 0x9
 1086 05cc 04       		.byte	0x4
 1087 05cd D8050000 		.4byte	0x5d8
 1088 05d1 03       		.uleb128 0x3
 1089 05d2 01       		.byte	0x1
 1090 05d3 08       		.byte	0x8
 1091 05d4 1D030000 		.4byte	.LASF86
 1092 05d8 10       		.uleb128 0x10
 1093 05d9 D1050000 		.4byte	0x5d1
 1094 05dd 09       		.uleb128 0x9
 1095 05de 04       		.byte	0x4
 1096 05df 8B050000 		.4byte	0x58b
 1097 05e3 11       		.uleb128 0x11
 1098 05e4 3C010000 		.4byte	.LASF98
 1099 05e8 01       		.byte	0x1
 1100 05e9 8D       		.byte	0x8d
 1101 05ea 00000000 		.4byte	.LFB10
 1102 05ee 14000000 		.4byte	.LFE10-.LFB10
 1103 05f2 01       		.uleb128 0x1
 1104 05f3 9C       		.byte	0x9c
 1105 05f4 02060000 		.4byte	0x602
 1106 05f8 12       		.uleb128 0x12
 1107 05f9 04000000 		.4byte	.LVL0
 1108 05fd FD060000 		.4byte	0x6fd
 1109 0601 00       		.byte	0
 1110 0602 13       		.uleb128 0x13
 1111 0603 73000000 		.4byte	.LASF87
 1112 0607 01       		.byte	0x1
 1113 0608 40       		.byte	0x40
 1114 0609 00000000 		.4byte	.LFB8
 1115 060d 0E000000 		.4byte	.LFE8-.LFB8
 1116 0611 01       		.uleb128 0x1
 1117 0612 9C       		.byte	0x9c
 1118 0613 27060000 		.4byte	0x627
 1119 0617 14       		.uleb128 0x14
 1120 0618 6F020000 		.4byte	.LASF89
 1121 061c 01       		.byte	0x1
 1122 061d 41       		.byte	0x41
 1123 061e 27060000 		.4byte	0x627
 1124 0622 00000000 		.4byte	.LLST0
 1125 0626 00       		.byte	0
 1126 0627 09       		.uleb128 0x9
 1127 0628 04       		.byte	0x4
 1128 0629 7A020000 		.4byte	0x27a
 1129 062d 13       		.uleb128 0x13
 1130 062e 91010000 		.4byte	.LASF88
 1131 0632 01       		.byte	0x1
 1132 0633 66       		.byte	0x66
 1133 0634 00000000 		.4byte	.LFB9
 1134 0638 58000000 		.4byte	.LFE9-.LFB9
 1135 063c 01       		.uleb128 0x1
 1136 063d 9C       		.byte	0x9c
 1137 063e 66060000 		.4byte	0x666
 1138 0642 15       		.uleb128 0x15
 1139 0643 6C7200   		.ascii	"lr\000"
 1140 0646 01       		.byte	0x1
ARM GAS  /tmp/cc5sNtjg.s 			page 21


 1141 0647 66       		.byte	0x66
 1142 0648 6D020000 		.4byte	0x26d
 1143 064c 20000000 		.4byte	.LLST1
 1144 0650 16       		.uleb128 0x16
 1145 0651 00000000 		.4byte	.Ldebug_ranges0+0
 1146 0655 14       		.uleb128 0x14
 1147 0656 6F020000 		.4byte	.LASF89
 1148 065a 01       		.byte	0x1
 1149 065b 69       		.byte	0x69
 1150 065c 27060000 		.4byte	0x627
 1151 0660 41000000 		.4byte	.LLST2
 1152 0664 00       		.byte	0
 1153 0665 00       		.byte	0
 1154 0666 13       		.uleb128 0x13
 1155 0667 38000000 		.4byte	.LASF90
 1156 066b 01       		.byte	0x1
 1157 066c 2F       		.byte	0x2f
 1158 066d 00000000 		.4byte	.LFB7
 1159 0671 14000000 		.4byte	.LFE7-.LFB7
 1160 0675 01       		.uleb128 0x1
 1161 0676 9C       		.byte	0x9c
 1162 0677 A4060000 		.4byte	0x6a4
 1163 067b 14       		.uleb128 0x14
 1164 067c 4B020000 		.4byte	.LASF91
 1165 0680 01       		.byte	0x1
 1166 0681 31       		.byte	0x31
 1167 0682 6D020000 		.4byte	0x26d
 1168 0686 6C000000 		.4byte	.LLST3
 1169 068a 12       		.uleb128 0x12
 1170 068b 0A000000 		.4byte	.LVL10
 1171 068f 08070000 		.4byte	0x708
 1172 0693 17       		.uleb128 0x17
 1173 0694 12000000 		.4byte	.LVL11
 1174 0698 2D060000 		.4byte	0x62d
 1175 069c 18       		.uleb128 0x18
 1176 069d 01       		.uleb128 0x1
 1177 069e 50       		.byte	0x50
 1178 069f 02       		.uleb128 0x2
 1179 06a0 74       		.byte	0x74
 1180 06a1 00       		.sleb128 0
 1181 06a2 00       		.byte	0
 1182 06a3 00       		.byte	0
 1183 06a4 13       		.uleb128 0x13
 1184 06a5 18010000 		.4byte	.LASF92
 1185 06a9 01       		.byte	0x1
 1186 06aa AC       		.byte	0xac
 1187 06ab 00000000 		.4byte	.LFB11
 1188 06af 20000000 		.4byte	.LFE11-.LFB11
 1189 06b3 01       		.uleb128 0x1
 1190 06b4 9C       		.byte	0x9c
 1191 06b5 E1060000 		.4byte	0x6e1
 1192 06b9 19       		.uleb128 0x19
 1193 06ba 6E747000 		.ascii	"ntp\000"
 1194 06be 01       		.byte	0x1
 1195 06bf AC       		.byte	0xac
 1196 06c0 3C020000 		.4byte	0x23c
 1197 06c4 01       		.uleb128 0x1
ARM GAS  /tmp/cc5sNtjg.s 			page 22


 1198 06c5 50       		.byte	0x50
 1199 06c6 19       		.uleb128 0x19
 1200 06c7 6F747000 		.ascii	"otp\000"
 1201 06cb 01       		.byte	0x1
 1202 06cc AC       		.byte	0xac
 1203 06cd 3C020000 		.4byte	0x23c
 1204 06d1 01       		.uleb128 0x1
 1205 06d2 51       		.byte	0x51
 1206 06d3 1A       		.uleb128 0x1a
 1207 06d4 72313300 		.ascii	"r13\000"
 1208 06d8 01       		.byte	0x1
 1209 06d9 AD       		.byte	0xad
 1210 06da 6D030000 		.4byte	0x36d
 1211 06de 01       		.uleb128 0x1
 1212 06df 5D       		.byte	0x5d
 1213 06e0 00       		.byte	0
 1214 06e1 1B       		.uleb128 0x1b
 1215 06e2 AC010000 		.4byte	.LASF99
 1216 06e6 01       		.byte	0x1
 1217 06e7 C6       		.byte	0xc6
 1218 06e8 00000000 		.4byte	.LFB12
 1219 06ec 0C000000 		.4byte	.LFE12-.LFB12
 1220 06f0 01       		.uleb128 0x1
 1221 06f1 9C       		.byte	0x9c
 1222 06f2 1C       		.uleb128 0x1c
 1223 06f3 06000000 		.4byte	.LASF100
 1224 06f7 09       		.byte	0x9
 1225 06f8 6F       		.byte	0x6f
 1226 06f9 49050000 		.4byte	0x549
 1227 06fd 1D       		.uleb128 0x1d
 1228 06fe EB000000 		.4byte	.LASF93
 1229 0702 EB000000 		.4byte	.LASF93
 1230 0706 09       		.byte	0x9
 1231 0707 A8       		.byte	0xa8
 1232 0708 1D       		.uleb128 0x1d
 1233 0709 25000000 		.4byte	.LASF94
 1234 070d 25000000 		.4byte	.LASF94
 1235 0711 0B       		.byte	0xb
 1236 0712 F7       		.byte	0xf7
 1237 0713 00       		.byte	0
 1238              		.section	.debug_abbrev,"",%progbits
 1239              	.Ldebug_abbrev0:
 1240 0000 01       		.uleb128 0x1
 1241 0001 11       		.uleb128 0x11
 1242 0002 01       		.byte	0x1
 1243 0003 25       		.uleb128 0x25
 1244 0004 0E       		.uleb128 0xe
 1245 0005 13       		.uleb128 0x13
 1246 0006 0B       		.uleb128 0xb
 1247 0007 03       		.uleb128 0x3
 1248 0008 0E       		.uleb128 0xe
 1249 0009 1B       		.uleb128 0x1b
 1250 000a 0E       		.uleb128 0xe
 1251 000b 55       		.uleb128 0x55
 1252 000c 17       		.uleb128 0x17
 1253 000d 11       		.uleb128 0x11
 1254 000e 01       		.uleb128 0x1
ARM GAS  /tmp/cc5sNtjg.s 			page 23


 1255 000f 10       		.uleb128 0x10
 1256 0010 17       		.uleb128 0x17
 1257 0011 00       		.byte	0
 1258 0012 00       		.byte	0
 1259 0013 02       		.uleb128 0x2
 1260 0014 24       		.uleb128 0x24
 1261 0015 00       		.byte	0
 1262 0016 0B       		.uleb128 0xb
 1263 0017 0B       		.uleb128 0xb
 1264 0018 3E       		.uleb128 0x3e
 1265 0019 0B       		.uleb128 0xb
 1266 001a 03       		.uleb128 0x3
 1267 001b 08       		.uleb128 0x8
 1268 001c 00       		.byte	0
 1269 001d 00       		.byte	0
 1270 001e 03       		.uleb128 0x3
 1271 001f 24       		.uleb128 0x24
 1272 0020 00       		.byte	0
 1273 0021 0B       		.uleb128 0xb
 1274 0022 0B       		.uleb128 0xb
 1275 0023 3E       		.uleb128 0x3e
 1276 0024 0B       		.uleb128 0xb
 1277 0025 03       		.uleb128 0x3
 1278 0026 0E       		.uleb128 0xe
 1279 0027 00       		.byte	0
 1280 0028 00       		.byte	0
 1281 0029 04       		.uleb128 0x4
 1282 002a 16       		.uleb128 0x16
 1283 002b 00       		.byte	0
 1284 002c 03       		.uleb128 0x3
 1285 002d 0E       		.uleb128 0xe
 1286 002e 3A       		.uleb128 0x3a
 1287 002f 0B       		.uleb128 0xb
 1288 0030 3B       		.uleb128 0x3b
 1289 0031 0B       		.uleb128 0xb
 1290 0032 49       		.uleb128 0x49
 1291 0033 13       		.uleb128 0x13
 1292 0034 00       		.byte	0
 1293 0035 00       		.byte	0
 1294 0036 05       		.uleb128 0x5
 1295 0037 13       		.uleb128 0x13
 1296 0038 01       		.byte	0x1
 1297 0039 03       		.uleb128 0x3
 1298 003a 0E       		.uleb128 0xe
 1299 003b 0B       		.uleb128 0xb
 1300 003c 0B       		.uleb128 0xb
 1301 003d 3A       		.uleb128 0x3a
 1302 003e 0B       		.uleb128 0xb
 1303 003f 3B       		.uleb128 0x3b
 1304 0040 0B       		.uleb128 0xb
 1305 0041 01       		.uleb128 0x1
 1306 0042 13       		.uleb128 0x13
 1307 0043 00       		.byte	0
 1308 0044 00       		.byte	0
 1309 0045 06       		.uleb128 0x6
 1310 0046 0D       		.uleb128 0xd
 1311 0047 00       		.byte	0
ARM GAS  /tmp/cc5sNtjg.s 			page 24


 1312 0048 03       		.uleb128 0x3
 1313 0049 0E       		.uleb128 0xe
 1314 004a 3A       		.uleb128 0x3a
 1315 004b 0B       		.uleb128 0xb
 1316 004c 3B       		.uleb128 0x3b
 1317 004d 0B       		.uleb128 0xb
 1318 004e 49       		.uleb128 0x49
 1319 004f 13       		.uleb128 0x13
 1320 0050 38       		.uleb128 0x38
 1321 0051 0B       		.uleb128 0xb
 1322 0052 00       		.byte	0
 1323 0053 00       		.byte	0
 1324 0054 07       		.uleb128 0x7
 1325 0055 0D       		.uleb128 0xd
 1326 0056 00       		.byte	0
 1327 0057 03       		.uleb128 0x3
 1328 0058 08       		.uleb128 0x8
 1329 0059 3A       		.uleb128 0x3a
 1330 005a 0B       		.uleb128 0xb
 1331 005b 3B       		.uleb128 0x3b
 1332 005c 0B       		.uleb128 0xb
 1333 005d 49       		.uleb128 0x49
 1334 005e 13       		.uleb128 0x13
 1335 005f 38       		.uleb128 0x38
 1336 0060 0B       		.uleb128 0xb
 1337 0061 00       		.byte	0
 1338 0062 00       		.byte	0
 1339 0063 08       		.uleb128 0x8
 1340 0064 13       		.uleb128 0x13
 1341 0065 01       		.byte	0x1
 1342 0066 0B       		.uleb128 0xb
 1343 0067 0B       		.uleb128 0xb
 1344 0068 3A       		.uleb128 0x3a
 1345 0069 0B       		.uleb128 0xb
 1346 006a 3B       		.uleb128 0x3b
 1347 006b 0B       		.uleb128 0xb
 1348 006c 01       		.uleb128 0x1
 1349 006d 13       		.uleb128 0x13
 1350 006e 00       		.byte	0
 1351 006f 00       		.byte	0
 1352 0070 09       		.uleb128 0x9
 1353 0071 0F       		.uleb128 0xf
 1354 0072 00       		.byte	0
 1355 0073 0B       		.uleb128 0xb
 1356 0074 0B       		.uleb128 0xb
 1357 0075 49       		.uleb128 0x49
 1358 0076 13       		.uleb128 0x13
 1359 0077 00       		.byte	0
 1360 0078 00       		.byte	0
 1361 0079 0A       		.uleb128 0xa
 1362 007a 0F       		.uleb128 0xf
 1363 007b 00       		.byte	0
 1364 007c 0B       		.uleb128 0xb
 1365 007d 0B       		.uleb128 0xb
 1366 007e 00       		.byte	0
 1367 007f 00       		.byte	0
 1368 0080 0B       		.uleb128 0xb
ARM GAS  /tmp/cc5sNtjg.s 			page 25


 1369 0081 35       		.uleb128 0x35
 1370 0082 00       		.byte	0
 1371 0083 49       		.uleb128 0x49
 1372 0084 13       		.uleb128 0x13
 1373 0085 00       		.byte	0
 1374 0086 00       		.byte	0
 1375 0087 0C       		.uleb128 0xc
 1376 0088 01       		.uleb128 0x1
 1377 0089 01       		.byte	0x1
 1378 008a 49       		.uleb128 0x49
 1379 008b 13       		.uleb128 0x13
 1380 008c 01       		.uleb128 0x1
 1381 008d 13       		.uleb128 0x13
 1382 008e 00       		.byte	0
 1383 008f 00       		.byte	0
 1384 0090 0D       		.uleb128 0xd
 1385 0091 21       		.uleb128 0x21
 1386 0092 00       		.byte	0
 1387 0093 49       		.uleb128 0x49
 1388 0094 13       		.uleb128 0x13
 1389 0095 2F       		.uleb128 0x2f
 1390 0096 0B       		.uleb128 0xb
 1391 0097 00       		.byte	0
 1392 0098 00       		.byte	0
 1393 0099 0E       		.uleb128 0xe
 1394 009a 17       		.uleb128 0x17
 1395 009b 01       		.byte	0x1
 1396 009c 0B       		.uleb128 0xb
 1397 009d 0B       		.uleb128 0xb
 1398 009e 3A       		.uleb128 0x3a
 1399 009f 0B       		.uleb128 0xb
 1400 00a0 3B       		.uleb128 0x3b
 1401 00a1 0B       		.uleb128 0xb
 1402 00a2 01       		.uleb128 0x1
 1403 00a3 13       		.uleb128 0x13
 1404 00a4 00       		.byte	0
 1405 00a5 00       		.byte	0
 1406 00a6 0F       		.uleb128 0xf
 1407 00a7 0D       		.uleb128 0xd
 1408 00a8 00       		.byte	0
 1409 00a9 03       		.uleb128 0x3
 1410 00aa 0E       		.uleb128 0xe
 1411 00ab 3A       		.uleb128 0x3a
 1412 00ac 0B       		.uleb128 0xb
 1413 00ad 3B       		.uleb128 0x3b
 1414 00ae 0B       		.uleb128 0xb
 1415 00af 49       		.uleb128 0x49
 1416 00b0 13       		.uleb128 0x13
 1417 00b1 00       		.byte	0
 1418 00b2 00       		.byte	0
 1419 00b3 10       		.uleb128 0x10
 1420 00b4 26       		.uleb128 0x26
 1421 00b5 00       		.byte	0
 1422 00b6 49       		.uleb128 0x49
 1423 00b7 13       		.uleb128 0x13
 1424 00b8 00       		.byte	0
 1425 00b9 00       		.byte	0
ARM GAS  /tmp/cc5sNtjg.s 			page 26


 1426 00ba 11       		.uleb128 0x11
 1427 00bb 2E       		.uleb128 0x2e
 1428 00bc 01       		.byte	0x1
 1429 00bd 3F       		.uleb128 0x3f
 1430 00be 19       		.uleb128 0x19
 1431 00bf 03       		.uleb128 0x3
 1432 00c0 0E       		.uleb128 0xe
 1433 00c1 3A       		.uleb128 0x3a
 1434 00c2 0B       		.uleb128 0xb
 1435 00c3 3B       		.uleb128 0x3b
 1436 00c4 0B       		.uleb128 0xb
 1437 00c5 27       		.uleb128 0x27
 1438 00c6 19       		.uleb128 0x19
 1439 00c7 8701     		.uleb128 0x87
 1440 00c9 19       		.uleb128 0x19
 1441 00ca 11       		.uleb128 0x11
 1442 00cb 01       		.uleb128 0x1
 1443 00cc 12       		.uleb128 0x12
 1444 00cd 06       		.uleb128 0x6
 1445 00ce 40       		.uleb128 0x40
 1446 00cf 18       		.uleb128 0x18
 1447 00d0 9742     		.uleb128 0x2117
 1448 00d2 19       		.uleb128 0x19
 1449 00d3 01       		.uleb128 0x1
 1450 00d4 13       		.uleb128 0x13
 1451 00d5 00       		.byte	0
 1452 00d6 00       		.byte	0
 1453 00d7 12       		.uleb128 0x12
 1454 00d8 898201   		.uleb128 0x4109
 1455 00db 00       		.byte	0
 1456 00dc 11       		.uleb128 0x11
 1457 00dd 01       		.uleb128 0x1
 1458 00de 31       		.uleb128 0x31
 1459 00df 13       		.uleb128 0x13
 1460 00e0 00       		.byte	0
 1461 00e1 00       		.byte	0
 1462 00e2 13       		.uleb128 0x13
 1463 00e3 2E       		.uleb128 0x2e
 1464 00e4 01       		.byte	0x1
 1465 00e5 3F       		.uleb128 0x3f
 1466 00e6 19       		.uleb128 0x19
 1467 00e7 03       		.uleb128 0x3
 1468 00e8 0E       		.uleb128 0xe
 1469 00e9 3A       		.uleb128 0x3a
 1470 00ea 0B       		.uleb128 0xb
 1471 00eb 3B       		.uleb128 0x3b
 1472 00ec 0B       		.uleb128 0xb
 1473 00ed 27       		.uleb128 0x27
 1474 00ee 19       		.uleb128 0x19
 1475 00ef 11       		.uleb128 0x11
 1476 00f0 01       		.uleb128 0x1
 1477 00f1 12       		.uleb128 0x12
 1478 00f2 06       		.uleb128 0x6
 1479 00f3 40       		.uleb128 0x40
 1480 00f4 18       		.uleb128 0x18
 1481 00f5 9742     		.uleb128 0x2117
 1482 00f7 19       		.uleb128 0x19
ARM GAS  /tmp/cc5sNtjg.s 			page 27


 1483 00f8 01       		.uleb128 0x1
 1484 00f9 13       		.uleb128 0x13
 1485 00fa 00       		.byte	0
 1486 00fb 00       		.byte	0
 1487 00fc 14       		.uleb128 0x14
 1488 00fd 34       		.uleb128 0x34
 1489 00fe 00       		.byte	0
 1490 00ff 03       		.uleb128 0x3
 1491 0100 0E       		.uleb128 0xe
 1492 0101 3A       		.uleb128 0x3a
 1493 0102 0B       		.uleb128 0xb
 1494 0103 3B       		.uleb128 0x3b
 1495 0104 0B       		.uleb128 0xb
 1496 0105 49       		.uleb128 0x49
 1497 0106 13       		.uleb128 0x13
 1498 0107 02       		.uleb128 0x2
 1499 0108 17       		.uleb128 0x17
 1500 0109 00       		.byte	0
 1501 010a 00       		.byte	0
 1502 010b 15       		.uleb128 0x15
 1503 010c 05       		.uleb128 0x5
 1504 010d 00       		.byte	0
 1505 010e 03       		.uleb128 0x3
 1506 010f 08       		.uleb128 0x8
 1507 0110 3A       		.uleb128 0x3a
 1508 0111 0B       		.uleb128 0xb
 1509 0112 3B       		.uleb128 0x3b
 1510 0113 0B       		.uleb128 0xb
 1511 0114 49       		.uleb128 0x49
 1512 0115 13       		.uleb128 0x13
 1513 0116 02       		.uleb128 0x2
 1514 0117 17       		.uleb128 0x17
 1515 0118 00       		.byte	0
 1516 0119 00       		.byte	0
 1517 011a 16       		.uleb128 0x16
 1518 011b 0B       		.uleb128 0xb
 1519 011c 01       		.byte	0x1
 1520 011d 55       		.uleb128 0x55
 1521 011e 17       		.uleb128 0x17
 1522 011f 00       		.byte	0
 1523 0120 00       		.byte	0
 1524 0121 17       		.uleb128 0x17
 1525 0122 898201   		.uleb128 0x4109
 1526 0125 01       		.byte	0x1
 1527 0126 11       		.uleb128 0x11
 1528 0127 01       		.uleb128 0x1
 1529 0128 31       		.uleb128 0x31
 1530 0129 13       		.uleb128 0x13
 1531 012a 00       		.byte	0
 1532 012b 00       		.byte	0
 1533 012c 18       		.uleb128 0x18
 1534 012d 8A8201   		.uleb128 0x410a
 1535 0130 00       		.byte	0
 1536 0131 02       		.uleb128 0x2
 1537 0132 18       		.uleb128 0x18
 1538 0133 9142     		.uleb128 0x2111
 1539 0135 18       		.uleb128 0x18
ARM GAS  /tmp/cc5sNtjg.s 			page 28


 1540 0136 00       		.byte	0
 1541 0137 00       		.byte	0
 1542 0138 19       		.uleb128 0x19
 1543 0139 05       		.uleb128 0x5
 1544 013a 00       		.byte	0
 1545 013b 03       		.uleb128 0x3
 1546 013c 08       		.uleb128 0x8
 1547 013d 3A       		.uleb128 0x3a
 1548 013e 0B       		.uleb128 0xb
 1549 013f 3B       		.uleb128 0x3b
 1550 0140 0B       		.uleb128 0xb
 1551 0141 49       		.uleb128 0x49
 1552 0142 13       		.uleb128 0x13
 1553 0143 02       		.uleb128 0x2
 1554 0144 18       		.uleb128 0x18
 1555 0145 00       		.byte	0
 1556 0146 00       		.byte	0
 1557 0147 1A       		.uleb128 0x1a
 1558 0148 34       		.uleb128 0x34
 1559 0149 00       		.byte	0
 1560 014a 03       		.uleb128 0x3
 1561 014b 08       		.uleb128 0x8
 1562 014c 3A       		.uleb128 0x3a
 1563 014d 0B       		.uleb128 0xb
 1564 014e 3B       		.uleb128 0x3b
 1565 014f 0B       		.uleb128 0xb
 1566 0150 49       		.uleb128 0x49
 1567 0151 13       		.uleb128 0x13
 1568 0152 02       		.uleb128 0x2
 1569 0153 18       		.uleb128 0x18
 1570 0154 00       		.byte	0
 1571 0155 00       		.byte	0
 1572 0156 1B       		.uleb128 0x1b
 1573 0157 2E       		.uleb128 0x2e
 1574 0158 00       		.byte	0
 1575 0159 3F       		.uleb128 0x3f
 1576 015a 19       		.uleb128 0x19
 1577 015b 03       		.uleb128 0x3
 1578 015c 0E       		.uleb128 0xe
 1579 015d 3A       		.uleb128 0x3a
 1580 015e 0B       		.uleb128 0xb
 1581 015f 3B       		.uleb128 0x3b
 1582 0160 0B       		.uleb128 0xb
 1583 0161 27       		.uleb128 0x27
 1584 0162 19       		.uleb128 0x19
 1585 0163 11       		.uleb128 0x11
 1586 0164 01       		.uleb128 0x1
 1587 0165 12       		.uleb128 0x12
 1588 0166 06       		.uleb128 0x6
 1589 0167 40       		.uleb128 0x40
 1590 0168 18       		.uleb128 0x18
 1591 0169 9742     		.uleb128 0x2117
 1592 016b 19       		.uleb128 0x19
 1593 016c 00       		.byte	0
 1594 016d 00       		.byte	0
 1595 016e 1C       		.uleb128 0x1c
 1596 016f 34       		.uleb128 0x34
ARM GAS  /tmp/cc5sNtjg.s 			page 29


 1597 0170 00       		.byte	0
 1598 0171 03       		.uleb128 0x3
 1599 0172 0E       		.uleb128 0xe
 1600 0173 3A       		.uleb128 0x3a
 1601 0174 0B       		.uleb128 0xb
 1602 0175 3B       		.uleb128 0x3b
 1603 0176 0B       		.uleb128 0xb
 1604 0177 49       		.uleb128 0x49
 1605 0178 13       		.uleb128 0x13
 1606 0179 3F       		.uleb128 0x3f
 1607 017a 19       		.uleb128 0x19
 1608 017b 3C       		.uleb128 0x3c
 1609 017c 19       		.uleb128 0x19
 1610 017d 00       		.byte	0
 1611 017e 00       		.byte	0
 1612 017f 1D       		.uleb128 0x1d
 1613 0180 2E       		.uleb128 0x2e
 1614 0181 00       		.byte	0
 1615 0182 3F       		.uleb128 0x3f
 1616 0183 19       		.uleb128 0x19
 1617 0184 3C       		.uleb128 0x3c
 1618 0185 19       		.uleb128 0x19
 1619 0186 6E       		.uleb128 0x6e
 1620 0187 0E       		.uleb128 0xe
 1621 0188 03       		.uleb128 0x3
 1622 0189 0E       		.uleb128 0xe
 1623 018a 3A       		.uleb128 0x3a
 1624 018b 0B       		.uleb128 0xb
 1625 018c 3B       		.uleb128 0x3b
 1626 018d 0B       		.uleb128 0xb
 1627 018e 00       		.byte	0
 1628 018f 00       		.byte	0
 1629 0190 00       		.byte	0
 1630              		.section	.debug_loc,"",%progbits
 1631              	.Ldebug_loc0:
 1632              	.LLST0:
 1633 0000 04000000 		.4byte	.LVL1
 1634 0004 06000000 		.4byte	.LVL2
 1635 0008 0300     		.2byte	0x3
 1636 000a 73       		.byte	0x73
 1637 000b 20       		.sleb128 32
 1638 000c 9F       		.byte	0x9f
 1639 000d 06000000 		.4byte	.LVL2
 1640 0011 0E000000 		.4byte	.LFE8
 1641 0015 0100     		.2byte	0x1
 1642 0017 53       		.byte	0x53
 1643 0018 00000000 		.4byte	0
 1644 001c 00000000 		.4byte	0
 1645              	.LLST1:
 1646 0020 00000000 		.4byte	.LVL3
 1647 0024 04000000 		.4byte	.LVL4
 1648 0028 0100     		.2byte	0x1
 1649 002a 50       		.byte	0x50
 1650 002b 04000000 		.4byte	.LVL4
 1651 002f 58000000 		.4byte	.LFE9
 1652 0033 0400     		.2byte	0x4
 1653 0035 F3       		.byte	0xf3
ARM GAS  /tmp/cc5sNtjg.s 			page 30


 1654 0036 01       		.uleb128 0x1
 1655 0037 50       		.byte	0x50
 1656 0038 9F       		.byte	0x9f
 1657 0039 00000000 		.4byte	0
 1658 003d 00000000 		.4byte	0
 1659              	.LLST2:
 1660 0041 0A000000 		.4byte	.LVL5
 1661 0045 0C000000 		.4byte	.LVL6
 1662 0049 0300     		.2byte	0x3
 1663 004b 72       		.byte	0x72
 1664 004c 60       		.sleb128 -32
 1665 004d 9F       		.byte	0x9f
 1666 004e 0C000000 		.4byte	.LVL6
 1667 0052 34000000 		.4byte	.LVL7
 1668 0056 0100     		.2byte	0x1
 1669 0058 52       		.byte	0x52
 1670 0059 36000000 		.4byte	.LVL8
 1671 005d 58000000 		.4byte	.LFE9
 1672 0061 0100     		.2byte	0x1
 1673 0063 52       		.byte	0x52
 1674 0064 00000000 		.4byte	0
 1675 0068 00000000 		.4byte	0
 1676              	.LLST3:
 1677 006c 04000000 		.4byte	.LVL9
 1678 0070 12000000 		.4byte	.LVL12
 1679 0074 0100     		.2byte	0x1
 1680 0076 54       		.byte	0x54
 1681 0077 00000000 		.4byte	0
 1682 007b 00000000 		.4byte	0
 1683              		.section	.debug_aranges,"",%progbits
 1684 0000 44000000 		.4byte	0x44
 1685 0004 0200     		.2byte	0x2
 1686 0006 00000000 		.4byte	.Ldebug_info0
 1687 000a 04       		.byte	0x4
 1688 000b 00       		.byte	0
 1689 000c 0000     		.2byte	0
 1690 000e 0000     		.2byte	0
 1691 0010 00000000 		.4byte	.LFB10
 1692 0014 14000000 		.4byte	.LFE10-.LFB10
 1693 0018 00000000 		.4byte	.LFB8
 1694 001c 0E000000 		.4byte	.LFE8-.LFB8
 1695 0020 00000000 		.4byte	.LFB9
 1696 0024 58000000 		.4byte	.LFE9-.LFB9
 1697 0028 00000000 		.4byte	.LFB7
 1698 002c 14000000 		.4byte	.LFE7-.LFB7
 1699 0030 00000000 		.4byte	.LFB11
 1700 0034 20000000 		.4byte	.LFE11-.LFB11
 1701 0038 00000000 		.4byte	.LFB12
 1702 003c 0C000000 		.4byte	.LFE12-.LFB12
 1703 0040 00000000 		.4byte	0
 1704 0044 00000000 		.4byte	0
 1705              		.section	.debug_ranges,"",%progbits
 1706              	.Ldebug_ranges0:
 1707 0000 04000000 		.4byte	.LBB2
 1708 0004 34000000 		.4byte	.LBE2
 1709 0008 36000000 		.4byte	.LBB3
 1710 000c 58000000 		.4byte	.LBE3
ARM GAS  /tmp/cc5sNtjg.s 			page 31


 1711 0010 00000000 		.4byte	0
 1712 0014 00000000 		.4byte	0
 1713 0018 00000000 		.4byte	.LFB10
 1714 001c 14000000 		.4byte	.LFE10
 1715 0020 00000000 		.4byte	.LFB8
 1716 0024 0E000000 		.4byte	.LFE8
 1717 0028 00000000 		.4byte	.LFB9
 1718 002c 58000000 		.4byte	.LFE9
 1719 0030 00000000 		.4byte	.LFB7
 1720 0034 14000000 		.4byte	.LFE7
 1721 0038 00000000 		.4byte	.LFB11
 1722 003c 20000000 		.4byte	.LFE11
 1723 0040 00000000 		.4byte	.LFB12
 1724 0044 0C000000 		.4byte	.LFE12
 1725 0048 00000000 		.4byte	0
 1726 004c 00000000 		.4byte	0
 1727              		.section	.debug_line,"",%progbits
 1728              	.Ldebug_line0:
 1729 0000 2E020000 		.section	.debug_str,"MS",%progbits,1
 1729      02009A01 
 1729      00000201 
 1729      FB0E0D00 
 1729      01010101 
 1730              	.LASF40:
 1731 0000 705F6D73 		.ascii	"p_msg\000"
 1731      6700
 1732              	.LASF100:
 1733 0006 726C6973 		.ascii	"rlist\000"
 1733      7400
 1734              	.LASF82:
 1735 000c 7264796D 		.ascii	"rdymsg\000"
 1735      736700
 1736              	.LASF7:
 1737 0013 5F5F7569 		.ascii	"__uint8_t\000"
 1737      6E74385F 
 1737      7400
 1738              	.LASF70:
 1739 001d 434D785F 		.ascii	"CMx_SCB\000"
 1739      53434200 
 1740              	.LASF94:
 1741 0025 63685379 		.ascii	"chSysTimerHandlerI\000"
 1741      7354696D 
 1741      65724861 
 1741      6E646C65 
 1741      724900
 1742              	.LASF90:
 1743 0038 53797354 		.ascii	"SysTickVector\000"
 1743      69636B56 
 1743      6563746F 
 1743      7200
 1744              	.LASF12:
 1745 0046 6C6F6E67 		.ascii	"long long unsigned int\000"
 1745      206C6F6E 
 1745      6720756E 
 1745      7369676E 
 1745      65642069 
 1746              	.LASF83:
ARM GAS  /tmp/cc5sNtjg.s 			page 32


 1747 005d 65786974 		.ascii	"exitcode\000"
 1747      636F6465 
 1747      00
 1748              	.LASF55:
 1749 0066 43505549 		.ascii	"CPUID\000"
 1749      4400
 1750              	.LASF28:
 1751 006c 705F7072 		.ascii	"p_prio\000"
 1751      696F00
 1752              	.LASF87:
 1753 0073 4E4D4956 		.ascii	"NMIVector\000"
 1753      6563746F 
 1753      7200
 1754              	.LASF1:
 1755 007d 6C6F6E67 		.ascii	"long long int\000"
 1755      206C6F6E 
 1755      6720696E 
 1755      7400
 1756              	.LASF3:
 1757 008b 7369676E 		.ascii	"signed char\000"
 1757      65642063 
 1757      68617200 
 1758              	.LASF44:
 1759 0097 705F6D70 		.ascii	"p_mpool\000"
 1759      6F6F6C00 
 1760              	.LASF79:
 1761 009f 6D5F7175 		.ascii	"m_queue\000"
 1761      65756500 
 1762              	.LASF20:
 1763 00a7 74736C69 		.ascii	"tslices_t\000"
 1763      6365735F 
 1763      7400
 1764              	.LASF9:
 1765 00b1 6C6F6E67 		.ascii	"long int\000"
 1765      20696E74 
 1765      00
 1766              	.LASF18:
 1767 00ba 74737461 		.ascii	"tstate_t\000"
 1767      74655F74 
 1767      00
 1768              	.LASF35:
 1769 00c3 705F7265 		.ascii	"p_refs\000"
 1769      667300
 1770              	.LASF30:
 1771 00ca 705F6E65 		.ascii	"p_newer\000"
 1771      77657200 
 1772              	.LASF65:
 1773 00d2 42464152 		.ascii	"BFAR\000"
 1773      00
 1774              	.LASF10:
 1775 00d7 5F5F7569 		.ascii	"__uint32_t\000"
 1775      6E743332 
 1775      5F7400
 1776              	.LASF47:
 1777 00e2 72656761 		.ascii	"regarm_t\000"
 1777      726D5F74 
 1777      00
ARM GAS  /tmp/cc5sNtjg.s 			page 33


 1778              	.LASF93:
 1779 00eb 63685363 		.ascii	"chSchDoReschedule\000"
 1779      68446F52 
 1779      65736368 
 1779      6564756C 
 1779      6500
 1780              	.LASF0:
 1781 00fd 756E7369 		.ascii	"unsigned int\000"
 1781      676E6564 
 1781      20696E74 
 1781      00
 1782              	.LASF49:
 1783 010a 6C725F74 		.ascii	"lr_thd\000"
 1783      686400
 1784              	.LASF48:
 1785 0111 65787463 		.ascii	"extctx\000"
 1785      747800
 1786              	.LASF92:
 1787 0118 5F706F72 		.ascii	"_port_switch\000"
 1787      745F7377 
 1787      69746368 
 1787      00
 1788              	.LASF11:
 1789 0125 6C6F6E67 		.ascii	"long unsigned int\000"
 1789      20756E73 
 1789      69676E65 
 1789      6420696E 
 1789      7400
 1790              	.LASF57:
 1791 0137 56544F52 		.ascii	"VTOR\000"
 1791      00
 1792              	.LASF98:
 1793 013c 5F706F72 		.ascii	"_port_switch_from_isr\000"
 1793      745F7377 
 1793      69746368 
 1793      5F66726F 
 1793      6D5F6973 
 1794              	.LASF52:
 1795 0152 636F6E74 		.ascii	"context\000"
 1795      65787400 
 1796              	.LASF6:
 1797 015a 73686F72 		.ascii	"short unsigned int\000"
 1797      7420756E 
 1797      7369676E 
 1797      65642069 
 1797      6E7400
 1798              	.LASF56:
 1799 016d 49435352 		.ascii	"ICSR\000"
 1799      00
 1800              	.LASF22:
 1801 0172 6D73675F 		.ascii	"msg_t\000"
 1801      7400
 1802              	.LASF58:
 1803 0178 41495243 		.ascii	"AIRCR\000"
 1803      5200
 1804              	.LASF63:
 1805 017e 44465352 		.ascii	"DFSR\000"
ARM GAS  /tmp/cc5sNtjg.s 			page 34


 1805      00
 1806              	.LASF74:
 1807 0183 725F6E65 		.ascii	"r_newer\000"
 1807      77657200 
 1808              	.LASF64:
 1809 018b 4D4D4641 		.ascii	"MMFAR\000"
 1809      5200
 1810              	.LASF88:
 1811 0191 5F706F72 		.ascii	"_port_irq_epilogue\000"
 1811      745F6972 
 1811      715F6570 
 1811      696C6F67 
 1811      756500
 1812              	.LASF17:
 1813 01a4 746D6F64 		.ascii	"tmode_t\000"
 1813      655F7400 
 1814              	.LASF99:
 1815 01ac 5F706F72 		.ascii	"_port_thread_start\000"
 1815      745F7468 
 1815      72656164 
 1815      5F737461 
 1815      727400
 1816              	.LASF46:
 1817 01bf 54687265 		.ascii	"ThreadsList\000"
 1817      6164734C 
 1817      69737400 
 1818              	.LASF97:
 1819 01cb 2F686F6D 		.ascii	"/home/lithium/Documentos/ChibiOS_2.6.8/demos/BikeTr"
 1819      652F6C69 
 1819      74686975 
 1819      6D2F446F 
 1819      63756D65 
 1820 01fe 61636B65 		.ascii	"acker\000"
 1820      7200
 1821              	.LASF23:
 1822 0204 6576656E 		.ascii	"eventmask_t\000"
 1822      746D6173 
 1822      6B5F7400 
 1823              	.LASF78:
 1824 0210 4D757465 		.ascii	"Mutex\000"
 1824      7800
 1825              	.LASF54:
 1826 0216 73697A65 		.ascii	"sizetype\000"
 1826      74797065 
 1826      00
 1827              	.LASF2:
 1828 021f 6C6F6E67 		.ascii	"long double\000"
 1828      20646F75 
 1828      626C6500 
 1829              	.LASF61:
 1830 022b 43465352 		.ascii	"CFSR\000"
 1830      00
 1831              	.LASF31:
 1832 0230 705F6F6C 		.ascii	"p_older\000"
 1832      64657200 
 1833              	.LASF73:
 1834 0238 725F6374 		.ascii	"r_ctx\000"
ARM GAS  /tmp/cc5sNtjg.s 			page 35


 1834      7800
 1835              	.LASF45:
 1836 023e 54687265 		.ascii	"ThreadsQueue\000"
 1836      61647351 
 1836      75657565 
 1836      00
 1837              	.LASF91:
 1838 024b 5F736176 		.ascii	"_saved_lr\000"
 1838      65645F6C 
 1838      7200
 1839              	.LASF76:
 1840 0255 725F6375 		.ascii	"r_current\000"
 1840      7272656E 
 1840      7400
 1841              	.LASF75:
 1842 025f 725F6F6C 		.ascii	"r_older\000"
 1842      64657200 
 1843              	.LASF19:
 1844 0267 74726566 		.ascii	"trefs_t\000"
 1844      735F7400 
 1845              	.LASF89:
 1846 026f 63747870 		.ascii	"ctxp\000"
 1846      00
 1847              	.LASF27:
 1848 0274 705F7072 		.ascii	"p_prev\000"
 1848      657600
 1849              	.LASF21:
 1850 027b 74707269 		.ascii	"tprio_t\000"
 1850      6F5F7400 
 1851              	.LASF16:
 1852 0283 5F426F6F 		.ascii	"_Bool\000"
 1852      6C00
 1853              	.LASF14:
 1854 0289 696E7433 		.ascii	"int32_t\000"
 1854      325F7400 
 1855              	.LASF4:
 1856 0291 756E7369 		.ascii	"unsigned char\000"
 1856      676E6564 
 1856      20636861 
 1856      7200
 1857              	.LASF60:
 1858 029f 53484353 		.ascii	"SHCSR\000"
 1858      5200
 1859              	.LASF42:
 1860 02a5 705F6D74 		.ascii	"p_mtxlist\000"
 1860      786C6973 
 1860      7400
 1861              	.LASF5:
 1862 02af 73686F72 		.ascii	"short int\000"
 1862      7420696E 
 1862      7400
 1863              	.LASF33:
 1864 02b9 705F7374 		.ascii	"p_state\000"
 1864      61746500 
 1865              	.LASF36:
 1866 02c1 705F7072 		.ascii	"p_preempt\000"
 1866      65656D70 
ARM GAS  /tmp/cc5sNtjg.s 			page 36


 1866      7400
 1867              	.LASF50:
 1868 02cb 78707372 		.ascii	"xpsr\000"
 1868      00
 1869              	.LASF72:
 1870 02d0 725F7072 		.ascii	"r_prio\000"
 1870      696F00
 1871              	.LASF85:
 1872 02d7 65776D61 		.ascii	"ewmask\000"
 1872      736B00
 1873              	.LASF26:
 1874 02de 705F6E65 		.ascii	"p_next\000"
 1874      787400
 1875              	.LASF34:
 1876 02e5 705F666C 		.ascii	"p_flags\000"
 1876      61677300 
 1877              	.LASF25:
 1878 02ed 54687265 		.ascii	"Thread\000"
 1878      616400
 1879              	.LASF41:
 1880 02f4 705F6570 		.ascii	"p_epending\000"
 1880      656E6469 
 1880      6E6700
 1881              	.LASF15:
 1882 02ff 75696E74 		.ascii	"uint32_t\000"
 1882      33325F74 
 1882      00
 1883              	.LASF71:
 1884 0308 725F7175 		.ascii	"r_queue\000"
 1884      65756500 
 1885              	.LASF66:
 1886 0310 41465352 		.ascii	"AFSR\000"
 1886      00
 1887              	.LASF68:
 1888 0315 756E7573 		.ascii	"unused1\000"
 1888      65643100 
 1889              	.LASF86:
 1890 031d 63686172 		.ascii	"char\000"
 1890      00
 1891              	.LASF53:
 1892 0322 494F5245 		.ascii	"IOREG32\000"
 1892      47333200 
 1893              	.LASF81:
 1894 032a 6D5F6E65 		.ascii	"m_next\000"
 1894      787400
 1895              	.LASF24:
 1896 0331 73797374 		.ascii	"systime_t\000"
 1896      696D655F 
 1896      7400
 1897              	.LASF43:
 1898 033b 705F7265 		.ascii	"p_realprio\000"
 1898      616C7072 
 1898      696F00
 1899              	.LASF8:
 1900 0346 5F5F696E 		.ascii	"__int32_t\000"
 1900      7433325F 
 1900      7400
ARM GAS  /tmp/cc5sNtjg.s 			page 37


 1901              	.LASF37:
 1902 0350 705F7469 		.ascii	"p_time\000"
 1902      6D6500
 1903              	.LASF59:
 1904 0357 53485052 		.ascii	"SHPR\000"
 1904      00
 1905              	.LASF51:
 1906 035c 696E7463 		.ascii	"intctx\000"
 1906      747800
 1907              	.LASF39:
 1908 0363 705F6D73 		.ascii	"p_msgqueue\000"
 1908      67717565 
 1908      756500
 1909              	.LASF95:
 1910 036e 474E5520 		.ascii	"GNU C11 5.3.1 20160307 (release) [ARM/embedded-5-br"
 1910      43313120 
 1910      352E332E 
 1910      31203230 
 1910      31363033 
 1911 03a1 616E6368 		.ascii	"anch revision 234589] -mcpu=cortex-m0 -mno-thumb-in"
 1911      20726576 
 1911      6973696F 
 1911      6E203233 
 1911      34353839 
 1912 03d4 74657277 		.ascii	"terwork -mthumb -ggdb -O2 -fomit-frame-pointer -fal"
 1912      6F726B20 
 1912      2D6D7468 
 1912      756D6220 
 1912      2D676764 
 1913 0407 69676E2D 		.ascii	"ign-functions=16 -ffunction-sections -fdata-section"
 1913      66756E63 
 1913      74696F6E 
 1913      733D3136 
 1913      202D6666 
 1914 043a 73202D66 		.ascii	"s -fno-common\000"
 1914      6E6F2D63 
 1914      6F6D6D6F 
 1914      6E00
 1915              	.LASF77:
 1916 0448 52656164 		.ascii	"ReadyList\000"
 1916      794C6973 
 1916      7400
 1917              	.LASF67:
 1918 0452 4D4D4652 		.ascii	"MMFR\000"
 1918      00
 1919              	.LASF96:
 1920 0457 2E2E2F2E 		.ascii	"../../os/ports/GCC/ARMCMx/chcore_v6m.c\000"
 1920      2E2F6F73 
 1920      2F706F72 
 1920      74732F47 
 1920      43432F41 
 1921              	.LASF13:
 1922 047e 75696E74 		.ascii	"uint8_t\000"
 1922      385F7400 
 1923              	.LASF84:
 1924 0486 77746F62 		.ascii	"wtobjp\000"
 1924      6A7000
ARM GAS  /tmp/cc5sNtjg.s 			page 38


 1925              	.LASF32:
 1926 048d 705F6E61 		.ascii	"p_name\000"
 1926      6D6500
 1927              	.LASF69:
 1928 0494 43504143 		.ascii	"CPACR\000"
 1928      5200
 1929              	.LASF62:
 1930 049a 48465352 		.ascii	"HFSR\000"
 1930      00
 1931              	.LASF80:
 1932 049f 6D5F6F77 		.ascii	"m_owner\000"
 1932      6E657200 
 1933              	.LASF29:
 1934 04a7 705F6374 		.ascii	"p_ctx\000"
 1934      7800
 1935              	.LASF38:
 1936 04ad 705F7761 		.ascii	"p_waiting\000"
 1936      6974696E 
 1936      6700
 1937              		.ident	"GCC: (GNU Tools for ARM Embedded Processors) 5.3.1 20160307 (release) [ARM/embedded-5-bran
ARM GAS  /tmp/cc5sNtjg.s 			page 39


DEFINED SYMBOLS
                            *ABS*:00000000 chcore_v6m.c
     /tmp/cc5sNtjg.s:20     .text._port_switch_from_isr:00000000 $t
     /tmp/cc5sNtjg.s:26     .text._port_switch_from_isr:00000000 _port_switch_from_isr
     /tmp/cc5sNtjg.s:41     .text._port_switch_from_isr:00000004 _port_exit_from_isr
     /tmp/cc5sNtjg.s:55     .text._port_switch_from_isr:00000010 $d
     /tmp/cc5sNtjg.s:60     .text.NMIVector:00000000 $t
     /tmp/cc5sNtjg.s:66     .text.NMIVector:00000000 NMIVector
     /tmp/cc5sNtjg.s:101    .text._port_irq_epilogue:00000000 $t
     /tmp/cc5sNtjg.s:107    .text._port_irq_epilogue:00000000 _port_irq_epilogue
     /tmp/cc5sNtjg.s:194    .text._port_irq_epilogue:0000004c $d
     /tmp/cc5sNtjg.s:202    .text.SysTickVector:00000000 $t
     /tmp/cc5sNtjg.s:208    .text.SysTickVector:00000000 SysTickVector
     /tmp/cc5sNtjg.s:252    .text._port_switch:00000000 $t
     /tmp/cc5sNtjg.s:258    .text._port_switch:00000000 _port_switch
     /tmp/cc5sNtjg.s:301    .text._port_thread_start:00000000 $t
     /tmp/cc5sNtjg.s:307    .text._port_thread_start:00000000 _port_thread_start
                     .debug_frame:00000010 $d

UNDEFINED SYMBOLS
chSchDoReschedule
rlist
chSysTimerHandlerI
chThdExit
