ARM GAS  /tmp/ccCzf8fd.s 			page 1


   1              		.syntax unified
   2              		.cpu cortex-m0
   3              		.fpu softvfp
   4              		.eabi_attribute 20, 1
   5              		.eabi_attribute 21, 1
   6              		.eabi_attribute 23, 3
   7              		.eabi_attribute 24, 1
   8              		.eabi_attribute 25, 1
   9              		.eabi_attribute 26, 1
  10              		.eabi_attribute 30, 2
  11              		.eabi_attribute 34, 0
  12              		.eabi_attribute 18, 4
  13              		.thumb
  14              		.syntax unified
  15              		.file	"chmsg.c"
  16              		.text
  17              	.Ltext0:
  18              		.cfi_sections	.debug_frame
  19              		.section	.text.chMsgSend,"ax",%progbits
  20              		.align	2
  21              		.p2align 4,,15
  22              		.global	chMsgSend
  23              		.code	16
  24              		.thumb_func
  25              		.type	chMsgSend, %function
  26              	chMsgSend:
  27              	.LFB7:
  28              		.file 1 "../../os/kernel/src/chmsg.c"
  29              		.loc 1 75 0
  30              		.cfi_startproc
  31              		@ args = 0, pretend = 0, frame = 0
  32              		@ frame_needed = 0, uses_anonymous_args = 0
  33              	.LVL0:
  34              		.loc 1 76 0
  35 0000 0C4B     		ldr	r3, .L5
  36              		.loc 1 75 0
  37 0002 10B5     		push	{r4, lr}
  38              		.cfi_def_cfa_offset 8
  39              		.cfi_offset 4, -8
  40              		.cfi_offset 14, -4
  41              		.loc 1 76 0
  42 0004 9C69     		ldr	r4, [r3, #24]
  43              	.LVL1:
  44              		.loc 1 80 0
  45              		.syntax divided
  46              	@ 80 "../../os/kernel/src/chmsg.c" 1
  47 0006 72B6     		cpsid   i
  48              	@ 0 "" 2
  49              		.loc 1 82 0
  50              		.thumb
  51              		.syntax unified
  52 0008 0300     		movs	r3, r0
  53 000a 2C33     		adds	r3, r3, #44
  54 000c 6362     		str	r3, [r4, #36]
  55              	.LVL2:
  56              	.LBB6:
  57              	.LBB7:
ARM GAS  /tmp/ccCzf8fd.s 			page 2


  58              		.file 2 "../../os/kernel/include/chinline.h"
  59              		.loc 2 54 0
  60 000e 2360     		str	r3, [r4]
  61              		.loc 2 55 0
  62 0010 036B     		ldr	r3, [r0, #48]
  63              	.LVL3:
  64              	.LBE7:
  65              	.LBE6:
  66              		.loc 1 81 0
  67 0012 6163     		str	r1, [r4, #52]
  68              	.LBB9:
  69              	.LBB8:
  70              		.loc 2 55 0
  71 0014 6360     		str	r3, [r4, #4]
  72              		.loc 2 56 0
  73 0016 0463     		str	r4, [r0, #48]
  74 0018 1C60     		str	r4, [r3]
  75              	.LVL4:
  76              	.LBE8:
  77              	.LBE9:
  78              		.loc 1 84 0
  79 001a 037F     		ldrb	r3, [r0, #28]
  80 001c 0C2B     		cmp	r3, #12
  81 001e 05D0     		beq	.L4
  82              	.LVL5:
  83              	.L2:
  84              		.loc 1 86 0
  85 0020 0A20     		movs	r0, #10
  86 0022 FFF7FEFF 		bl	chSchGoSleepS
  87              	.LVL6:
  88              		.loc 1 87 0
  89 0026 606A     		ldr	r0, [r4, #36]
  90              	.LVL7:
  91              		.loc 1 88 0
  92              		.syntax divided
  93              	@ 88 "../../os/kernel/src/chmsg.c" 1
  94 0028 62B6     		cpsie   i
  95              	@ 0 "" 2
  96              		.loc 1 90 0
  97              		.thumb
  98              		.syntax unified
  99              		@ sp needed
 100              	.LVL8:
 101 002a 10BD     		pop	{r4, pc}
 102              	.LVL9:
 103              	.L4:
 104              		.loc 1 85 0
 105 002c FFF7FEFF 		bl	chSchReadyI
 106              	.LVL10:
 107 0030 F6E7     		b	.L2
 108              	.L6:
 109 0032 C046     		.align	2
 110              	.L5:
 111 0034 00000000 		.word	rlist
 112              		.cfi_endproc
 113              	.LFE7:
 114              		.size	chMsgSend, .-chMsgSend
ARM GAS  /tmp/ccCzf8fd.s 			page 3


 115              		.section	.text.chMsgWait,"ax",%progbits
 116              		.align	2
 117              		.p2align 4,,15
 118              		.global	chMsgWait
 119              		.code	16
 120              		.thumb_func
 121              		.type	chMsgWait, %function
 122              	chMsgWait:
 123              	.LFB8:
 124              		.loc 1 106 0
 125              		.cfi_startproc
 126              		@ args = 0, pretend = 0, frame = 0
 127              		@ frame_needed = 0, uses_anonymous_args = 0
 128 0000 10B5     		push	{r4, lr}
 129              		.cfi_def_cfa_offset 8
 130              		.cfi_offset 4, -8
 131              		.cfi_offset 14, -4
 132              		.loc 1 109 0
 133              		.syntax divided
 134              	@ 109 "../../os/kernel/src/chmsg.c" 1
 135 0002 72B6     		cpsid   i
 136              	@ 0 "" 2
 137              		.loc 1 110 0
 138              		.thumb
 139              		.syntax unified
 140 0004 0A4C     		ldr	r4, .L10
 141 0006 A369     		ldr	r3, [r4, #24]
 142 0008 1A00     		movs	r2, r3
 143 000a D86A     		ldr	r0, [r3, #44]
 144 000c 2C32     		adds	r2, r2, #44
 145 000e 9042     		cmp	r0, r2
 146 0010 06D0     		beq	.L9
 147              	.L8:
 148              	.LVL11:
 149              	.LBB10:
 150              	.LBB11:
 151              		.loc 2 62 0
 152 0012 0168     		ldr	r1, [r0]
 153 0014 D962     		str	r1, [r3, #44]
 154              	.LVL12:
 155              	.LBE11:
 156              	.LBE10:
 157              		.loc 1 113 0
 158 0016 0B23     		movs	r3, #11
 159              	.LBB13:
 160              	.LBB12:
 161              		.loc 2 62 0
 162 0018 4A60     		str	r2, [r1, #4]
 163              	.LVL13:
 164              	.LBE12:
 165              	.LBE13:
 166              		.loc 1 113 0
 167 001a 0377     		strb	r3, [r0, #28]
 168              		.loc 1 114 0
 169              		.syntax divided
 170              	@ 114 "../../os/kernel/src/chmsg.c" 1
 171 001c 62B6     		cpsie   i
ARM GAS  /tmp/ccCzf8fd.s 			page 4


 172              	@ 0 "" 2
 173              		.loc 1 116 0
 174              		.thumb
 175              		.syntax unified
 176              		@ sp needed
 177 001e 10BD     		pop	{r4, pc}
 178              	.L9:
 179              		.loc 1 111 0
 180 0020 0C20     		movs	r0, #12
 181 0022 FFF7FEFF 		bl	chSchGoSleepS
 182              	.LVL14:
 183 0026 A369     		ldr	r3, [r4, #24]
 184 0028 1A00     		movs	r2, r3
 185 002a D86A     		ldr	r0, [r3, #44]
 186 002c 2C32     		adds	r2, r2, #44
 187 002e F0E7     		b	.L8
 188              	.L11:
 189              		.align	2
 190              	.L10:
 191 0030 00000000 		.word	rlist
 192              		.cfi_endproc
 193              	.LFE8:
 194              		.size	chMsgWait, .-chMsgWait
 195              		.section	.text.chMsgRelease,"ax",%progbits
 196              		.align	2
 197              		.p2align 4,,15
 198              		.global	chMsgRelease
 199              		.code	16
 200              		.thumb_func
 201              		.type	chMsgRelease, %function
 202              	chMsgRelease:
 203              	.LFB9:
 204              		.loc 1 128 0
 205              		.cfi_startproc
 206              		@ args = 0, pretend = 0, frame = 0
 207              		@ frame_needed = 0, uses_anonymous_args = 0
 208              	.LVL15:
 209 0000 10B5     		push	{r4, lr}
 210              		.cfi_def_cfa_offset 8
 211              		.cfi_offset 4, -8
 212              		.cfi_offset 14, -4
 213              		.loc 1 130 0
 214              		.syntax divided
 215              	@ 130 "../../os/kernel/src/chmsg.c" 1
 216 0002 72B6     		cpsid   i
 217              	@ 0 "" 2
 218              		.loc 1 133 0
 219              		.thumb
 220              		.syntax unified
 221 0004 FFF7FEFF 		bl	chSchWakeupS
 222              	.LVL16:
 223              		.loc 1 134 0
 224              		.syntax divided
 225              	@ 134 "../../os/kernel/src/chmsg.c" 1
 226 0008 62B6     		cpsie   i
 227              	@ 0 "" 2
 228              		.loc 1 135 0
ARM GAS  /tmp/ccCzf8fd.s 			page 5


 229              		.thumb
 230              		.syntax unified
 231              		@ sp needed
 232 000a 10BD     		pop	{r4, pc}
 233              		.cfi_endproc
 234              	.LFE9:
 235              		.size	chMsgRelease, .-chMsgRelease
 236              		.text
 237              	.Letext0:
 238              		.file 3 "/home/lithium/Descargas/gcc-arm-none-eabi-5_3-2016q1/arm-none-eabi/include/machine/_defau
 239              		.file 4 "/home/lithium/Descargas/gcc-arm-none-eabi-5_3-2016q1/arm-none-eabi/include/sys/_stdint.h"
 240              		.file 5 "../../os/ports/GCC/ARMCMx/chtypes.h"
 241              		.file 6 "../../os/kernel/include/chlists.h"
 242              		.file 7 "../../os/kernel/include/chthreads.h"
 243              		.file 8 "../../os/ports/GCC/ARMCMx/chcore_v6m.h"
 244              		.file 9 "../../os/kernel/include/chschd.h"
 245              		.file 10 "../../os/kernel/include/chmtx.h"
 246              		.section	.debug_info,"",%progbits
 247              	.Ldebug_info0:
 248 0000 A3050000 		.4byte	0x5a3
 249 0004 0400     		.2byte	0x4
 250 0006 00000000 		.4byte	.Ldebug_abbrev0
 251 000a 04       		.byte	0x4
 252 000b 01       		.uleb128 0x1
 253 000c CE020000 		.4byte	.LASF72
 254 0010 0C       		.byte	0xc
 255 0011 CE030000 		.4byte	.LASF73
 256 0015 1A010000 		.4byte	.LASF74
 257 0019 30000000 		.4byte	.Ldebug_ranges0+0x30
 258 001d 00000000 		.4byte	0
 259 0021 00000000 		.4byte	.Ldebug_line0
 260 0025 02       		.uleb128 0x2
 261 0026 04       		.byte	0x4
 262 0027 05       		.byte	0x5
 263 0028 696E7400 		.ascii	"int\000"
 264 002c 03       		.uleb128 0x3
 265 002d 04       		.byte	0x4
 266 002e 07       		.byte	0x7
 267 002f BE000000 		.4byte	.LASF0
 268 0033 03       		.uleb128 0x3
 269 0034 08       		.byte	0x8
 270 0035 05       		.byte	0x5
 271 0036 4B000000 		.4byte	.LASF1
 272 003a 03       		.uleb128 0x3
 273 003b 08       		.byte	0x8
 274 003c 04       		.byte	0x4
 275 003d 6E010000 		.4byte	.LASF2
 276 0041 03       		.uleb128 0x3
 277 0042 01       		.byte	0x1
 278 0043 06       		.byte	0x6
 279 0044 59000000 		.4byte	.LASF3
 280 0048 04       		.uleb128 0x4
 281 0049 1A000000 		.4byte	.LASF7
 282 004d 03       		.byte	0x3
 283 004e 1D       		.byte	0x1d
 284 004f 53000000 		.4byte	0x53
 285 0053 03       		.uleb128 0x3
ARM GAS  /tmp/ccCzf8fd.s 			page 6


 286 0054 01       		.byte	0x1
 287 0055 08       		.byte	0x8
 288 0056 CC010000 		.4byte	.LASF4
 289 005a 03       		.uleb128 0x3
 290 005b 02       		.byte	0x2
 291 005c 05       		.byte	0x5
 292 005d E4010000 		.4byte	.LASF5
 293 0061 03       		.uleb128 0x3
 294 0062 02       		.byte	0x2
 295 0063 07       		.byte	0x7
 296 0064 E5000000 		.4byte	.LASF6
 297 0068 04       		.uleb128 0x4
 298 0069 94020000 		.4byte	.LASF8
 299 006d 03       		.byte	0x3
 300 006e 3F       		.byte	0x3f
 301 006f 73000000 		.4byte	0x73
 302 0073 03       		.uleb128 0x3
 303 0074 04       		.byte	0x4
 304 0075 05       		.byte	0x5
 305 0076 7F000000 		.4byte	.LASF9
 306 007a 04       		.uleb128 0x4
 307 007b AA000000 		.4byte	.LASF10
 308 007f 03       		.byte	0x3
 309 0080 41       		.byte	0x41
 310 0081 85000000 		.4byte	0x85
 311 0085 03       		.uleb128 0x3
 312 0086 04       		.byte	0x4
 313 0087 07       		.byte	0x7
 314 0088 CB000000 		.4byte	.LASF11
 315 008c 03       		.uleb128 0x3
 316 008d 08       		.byte	0x8
 317 008e 07       		.byte	0x7
 318 008f 24000000 		.4byte	.LASF12
 319 0093 04       		.uleb128 0x4
 320 0094 B8030000 		.4byte	.LASF13
 321 0098 04       		.byte	0x4
 322 0099 14       		.byte	0x14
 323 009a 48000000 		.4byte	0x48
 324 009e 04       		.uleb128 0x4
 325 009f C4010000 		.4byte	.LASF14
 326 00a3 04       		.byte	0x4
 327 00a4 1F       		.byte	0x1f
 328 00a5 68000000 		.4byte	0x68
 329 00a9 04       		.uleb128 0x4
 330 00aa 4A020000 		.4byte	.LASF15
 331 00ae 04       		.byte	0x4
 332 00af 20       		.byte	0x20
 333 00b0 7A000000 		.4byte	0x7a
 334 00b4 03       		.uleb128 0x3
 335 00b5 01       		.byte	0x1
 336 00b6 02       		.byte	0x2
 337 00b7 BE010000 		.4byte	.LASF16
 338 00bb 04       		.uleb128 0x4
 339 00bc 06010000 		.4byte	.LASF17
 340 00c0 05       		.byte	0x5
 341 00c1 2C       		.byte	0x2c
 342 00c2 93000000 		.4byte	0x93
ARM GAS  /tmp/ccCzf8fd.s 			page 7


 343 00c6 04       		.uleb128 0x4
 344 00c7 92000000 		.4byte	.LASF18
 345 00cb 05       		.byte	0x5
 346 00cc 2D       		.byte	0x2d
 347 00cd 93000000 		.4byte	0x93
 348 00d1 04       		.uleb128 0x4
 349 00d2 A7010000 		.4byte	.LASF19
 350 00d6 05       		.byte	0x5
 351 00d7 2E       		.byte	0x2e
 352 00d8 93000000 		.4byte	0x93
 353 00dc 04       		.uleb128 0x4
 354 00dd 75000000 		.4byte	.LASF20
 355 00e1 05       		.byte	0x5
 356 00e2 2F       		.byte	0x2f
 357 00e3 93000000 		.4byte	0x93
 358 00e7 04       		.uleb128 0x4
 359 00e8 B6010000 		.4byte	.LASF21
 360 00ec 05       		.byte	0x5
 361 00ed 30       		.byte	0x30
 362 00ee A9000000 		.4byte	0xa9
 363 00f2 04       		.uleb128 0x4
 364 00f3 F8000000 		.4byte	.LASF22
 365 00f7 05       		.byte	0x5
 366 00f8 31       		.byte	0x31
 367 00f9 9E000000 		.4byte	0x9e
 368 00fd 04       		.uleb128 0x4
 369 00fe 53010000 		.4byte	.LASF23
 370 0102 05       		.byte	0x5
 371 0103 33       		.byte	0x33
 372 0104 A9000000 		.4byte	0xa9
 373 0108 04       		.uleb128 0x4
 374 0109 7F020000 		.4byte	.LASF24
 375 010d 05       		.byte	0x5
 376 010e 35       		.byte	0x35
 377 010f A9000000 		.4byte	0xa9
 378 0113 04       		.uleb128 0x4
 379 0114 1D020000 		.4byte	.LASF25
 380 0118 06       		.byte	0x6
 381 0119 2A       		.byte	0x2a
 382 011a 1E010000 		.4byte	0x11e
 383 011e 05       		.uleb128 0x5
 384 011f 1D020000 		.4byte	.LASF25
 385 0123 48       		.byte	0x48
 386 0124 07       		.byte	0x7
 387 0125 5E       		.byte	0x5e
 388 0126 1B020000 		.4byte	0x21b
 389 012a 06       		.uleb128 0x6
 390 012b 0E020000 		.4byte	.LASF26
 391 012f 07       		.byte	0x7
 392 0130 5F       		.byte	0x5f
 393 0131 3C020000 		.4byte	0x23c
 394 0135 00       		.byte	0
 395 0136 06       		.uleb128 0x6
 396 0137 AF010000 		.4byte	.LASF27
 397 013b 07       		.byte	0x7
 398 013c 61       		.byte	0x61
 399 013d 3C020000 		.4byte	0x23c
ARM GAS  /tmp/ccCzf8fd.s 			page 8


 400 0141 04       		.byte	0x4
 401 0142 06       		.uleb128 0x6
 402 0143 44000000 		.4byte	.LASF28
 403 0147 07       		.byte	0x7
 404 0148 63       		.byte	0x63
 405 0149 E7000000 		.4byte	0xe7
 406 014d 08       		.byte	0x8
 407 014e 06       		.uleb128 0x6
 408 014f F2030000 		.4byte	.LASF29
 409 0153 07       		.byte	0x7
 410 0154 64       		.byte	0x64
 411 0155 EC020000 		.4byte	0x2ec
 412 0159 0C       		.byte	0xc
 413 015a 06       		.uleb128 0x6
 414 015b A2000000 		.4byte	.LASF30
 415 015f 07       		.byte	0x7
 416 0160 66       		.byte	0x66
 417 0161 3C020000 		.4byte	0x23c
 418 0165 10       		.byte	0x10
 419 0166 06       		.uleb128 0x6
 420 0167 7A010000 		.4byte	.LASF31
 421 016b 07       		.byte	0x7
 422 016c 67       		.byte	0x67
 423 016d 3C020000 		.4byte	0x23c
 424 0171 14       		.byte	0x14
 425 0172 06       		.uleb128 0x6
 426 0173 C7030000 		.4byte	.LASF32
 427 0177 07       		.byte	0x7
 428 0178 6E       		.byte	0x6e
 429 0179 EA030000 		.4byte	0x3ea
 430 017d 18       		.byte	0x18
 431 017e 06       		.uleb128 0x6
 432 017f EE010000 		.4byte	.LASF33
 433 0183 07       		.byte	0x7
 434 0184 79       		.byte	0x79
 435 0185 C6000000 		.4byte	0xc6
 436 0189 1C       		.byte	0x1c
 437 018a 06       		.uleb128 0x6
 438 018b 15020000 		.4byte	.LASF34
 439 018f 07       		.byte	0x7
 440 0190 7D       		.byte	0x7d
 441 0191 BB000000 		.4byte	0xbb
 442 0195 1D       		.byte	0x1d
 443 0196 06       		.uleb128 0x6
 444 0197 9B000000 		.4byte	.LASF35
 445 019b 07       		.byte	0x7
 446 019c 82       		.byte	0x82
 447 019d D1000000 		.4byte	0xd1
 448 01a1 1E       		.byte	0x1e
 449 01a2 06       		.uleb128 0x6
 450 01a3 F6010000 		.4byte	.LASF36
 451 01a7 07       		.byte	0x7
 452 01a8 88       		.byte	0x88
 453 01a9 DC000000 		.4byte	0xdc
 454 01ad 1F       		.byte	0x1f
 455 01ae 06       		.uleb128 0x6
 456 01af 9E020000 		.4byte	.LASF37
ARM GAS  /tmp/ccCzf8fd.s 			page 9


 457 01b3 07       		.byte	0x7
 458 01b4 8F       		.byte	0x8f
 459 01b5 12030000 		.4byte	0x312
 460 01b9 20       		.byte	0x20
 461 01ba 07       		.uleb128 0x7
 462 01bb 705F7500 		.ascii	"p_u\000"
 463 01bf 07       		.byte	0x7
 464 01c0 B4       		.byte	0xb4
 465 01c1 B5030000 		.4byte	0x3b5
 466 01c5 24       		.byte	0x24
 467 01c6 06       		.uleb128 0x6
 468 01c7 F8030000 		.4byte	.LASF38
 469 01cb 07       		.byte	0x7
 470 01cc B9       		.byte	0xb9
 471 01cd 62020000 		.4byte	0x262
 472 01d1 28       		.byte	0x28
 473 01d2 06       		.uleb128 0x6
 474 01d3 AC020000 		.4byte	.LASF39
 475 01d7 07       		.byte	0x7
 476 01d8 BF       		.byte	0xbf
 477 01d9 42020000 		.4byte	0x242
 478 01dd 2C       		.byte	0x2c
 479 01de 06       		.uleb128 0x6
 480 01df 00000000 		.4byte	.LASF40
 481 01e3 07       		.byte	0x7
 482 01e4 C3       		.byte	0xc3
 483 01e5 F2000000 		.4byte	0xf2
 484 01e9 34       		.byte	0x34
 485 01ea 06       		.uleb128 0x6
 486 01eb 3F020000 		.4byte	.LASF41
 487 01ef 07       		.byte	0x7
 488 01f0 C9       		.byte	0xc9
 489 01f1 FD000000 		.4byte	0xfd
 490 01f5 38       		.byte	0x38
 491 01f6 06       		.uleb128 0x6
 492 01f7 DA010000 		.4byte	.LASF42
 493 01fb 07       		.byte	0x7
 494 01fc D0       		.byte	0xd0
 495 01fd FC030000 		.4byte	0x3fc
 496 0201 3C       		.byte	0x3c
 497 0202 06       		.uleb128 0x6
 498 0203 89020000 		.4byte	.LASF43
 499 0207 07       		.byte	0x7
 500 0208 D4       		.byte	0xd4
 501 0209 E7000000 		.4byte	0xe7
 502 020d 40       		.byte	0x40
 503 020e 06       		.uleb128 0x6
 504 020f 65000000 		.4byte	.LASF44
 505 0213 07       		.byte	0x7
 506 0214 DA       		.byte	0xda
 507 0215 78020000 		.4byte	0x278
 508 0219 44       		.byte	0x44
 509 021a 00       		.byte	0
 510 021b 08       		.uleb128 0x8
 511 021c 08       		.byte	0x8
 512 021d 06       		.byte	0x6
 513 021e 61       		.byte	0x61
ARM GAS  /tmp/ccCzf8fd.s 			page 10


 514 021f 3C020000 		.4byte	0x23c
 515 0223 06       		.uleb128 0x6
 516 0224 0E020000 		.4byte	.LASF26
 517 0228 06       		.byte	0x6
 518 0229 62       		.byte	0x62
 519 022a 3C020000 		.4byte	0x23c
 520 022e 00       		.byte	0
 521 022f 06       		.uleb128 0x6
 522 0230 AF010000 		.4byte	.LASF27
 523 0234 06       		.byte	0x6
 524 0235 64       		.byte	0x64
 525 0236 3C020000 		.4byte	0x23c
 526 023a 04       		.byte	0x4
 527 023b 00       		.byte	0
 528 023c 09       		.uleb128 0x9
 529 023d 04       		.byte	0x4
 530 023e 13010000 		.4byte	0x113
 531 0242 04       		.uleb128 0x4
 532 0243 88010000 		.4byte	.LASF45
 533 0247 06       		.byte	0x6
 534 0248 66       		.byte	0x66
 535 0249 1B020000 		.4byte	0x21b
 536 024d 08       		.uleb128 0x8
 537 024e 04       		.byte	0x4
 538 024f 06       		.byte	0x6
 539 0250 6B       		.byte	0x6b
 540 0251 62020000 		.4byte	0x262
 541 0255 06       		.uleb128 0x6
 542 0256 0E020000 		.4byte	.LASF26
 543 025a 06       		.byte	0x6
 544 025b 6D       		.byte	0x6d
 545 025c 3C020000 		.4byte	0x23c
 546 0260 00       		.byte	0
 547 0261 00       		.byte	0
 548 0262 04       		.uleb128 0x4
 549 0263 0E010000 		.4byte	.LASF46
 550 0267 06       		.byte	0x6
 551 0268 70       		.byte	0x70
 552 0269 4D020000 		.4byte	0x24d
 553 026d 04       		.uleb128 0x4
 554 026e B5000000 		.4byte	.LASF47
 555 0272 08       		.byte	0x8
 556 0273 A7       		.byte	0xa7
 557 0274 78020000 		.4byte	0x278
 558 0278 0A       		.uleb128 0xa
 559 0279 04       		.byte	0x4
 560 027a 05       		.uleb128 0x5
 561 027b A5020000 		.4byte	.LASF48
 562 027f 24       		.byte	0x24
 563 0280 08       		.byte	0x8
 564 0281 BA       		.byte	0xba
 565 0282 EC020000 		.4byte	0x2ec
 566 0286 07       		.uleb128 0x7
 567 0287 723800   		.ascii	"r8\000"
 568 028a 08       		.byte	0x8
 569 028b BB       		.byte	0xbb
 570 028c 6D020000 		.4byte	0x26d
ARM GAS  /tmp/ccCzf8fd.s 			page 11


 571 0290 00       		.byte	0
 572 0291 07       		.uleb128 0x7
 573 0292 723900   		.ascii	"r9\000"
 574 0295 08       		.byte	0x8
 575 0296 BC       		.byte	0xbc
 576 0297 6D020000 		.4byte	0x26d
 577 029b 04       		.byte	0x4
 578 029c 07       		.uleb128 0x7
 579 029d 72313000 		.ascii	"r10\000"
 580 02a1 08       		.byte	0x8
 581 02a2 BD       		.byte	0xbd
 582 02a3 6D020000 		.4byte	0x26d
 583 02a7 08       		.byte	0x8
 584 02a8 07       		.uleb128 0x7
 585 02a9 72313100 		.ascii	"r11\000"
 586 02ad 08       		.byte	0x8
 587 02ae BE       		.byte	0xbe
 588 02af 6D020000 		.4byte	0x26d
 589 02b3 0C       		.byte	0xc
 590 02b4 07       		.uleb128 0x7
 591 02b5 723400   		.ascii	"r4\000"
 592 02b8 08       		.byte	0x8
 593 02b9 BF       		.byte	0xbf
 594 02ba 6D020000 		.4byte	0x26d
 595 02be 10       		.byte	0x10
 596 02bf 07       		.uleb128 0x7
 597 02c0 723500   		.ascii	"r5\000"
 598 02c3 08       		.byte	0x8
 599 02c4 C0       		.byte	0xc0
 600 02c5 6D020000 		.4byte	0x26d
 601 02c9 14       		.byte	0x14
 602 02ca 07       		.uleb128 0x7
 603 02cb 723600   		.ascii	"r6\000"
 604 02ce 08       		.byte	0x8
 605 02cf C1       		.byte	0xc1
 606 02d0 6D020000 		.4byte	0x26d
 607 02d4 18       		.byte	0x18
 608 02d5 07       		.uleb128 0x7
 609 02d6 723700   		.ascii	"r7\000"
 610 02d9 08       		.byte	0x8
 611 02da C2       		.byte	0xc2
 612 02db 6D020000 		.4byte	0x26d
 613 02df 1C       		.byte	0x1c
 614 02e0 07       		.uleb128 0x7
 615 02e1 6C7200   		.ascii	"lr\000"
 616 02e4 08       		.byte	0x8
 617 02e5 C3       		.byte	0xc3
 618 02e6 6D020000 		.4byte	0x26d
 619 02ea 20       		.byte	0x20
 620 02eb 00       		.byte	0
 621 02ec 05       		.uleb128 0x5
 622 02ed DD000000 		.4byte	.LASF49
 623 02f1 04       		.byte	0x4
 624 02f2 08       		.byte	0x8
 625 02f3 CD       		.byte	0xcd
 626 02f4 05030000 		.4byte	0x305
 627 02f8 07       		.uleb128 0x7
ARM GAS  /tmp/ccCzf8fd.s 			page 12


 628 02f9 72313300 		.ascii	"r13\000"
 629 02fd 08       		.byte	0x8
 630 02fe CE       		.byte	0xce
 631 02ff 05030000 		.4byte	0x305
 632 0303 00       		.byte	0
 633 0304 00       		.byte	0
 634 0305 09       		.uleb128 0x9
 635 0306 04       		.byte	0x4
 636 0307 7A020000 		.4byte	0x27a
 637 030b 03       		.uleb128 0x3
 638 030c 04       		.byte	0x4
 639 030d 07       		.byte	0x7
 640 030e 65010000 		.4byte	.LASF50
 641 0312 0B       		.uleb128 0xb
 642 0313 08010000 		.4byte	0x108
 643 0317 08       		.uleb128 0x8
 644 0318 1C       		.byte	0x1c
 645 0319 09       		.byte	0x9
 646 031a 5E       		.byte	0x5e
 647 031b 68030000 		.4byte	0x368
 648 031f 06       		.uleb128 0x6
 649 0320 53020000 		.4byte	.LASF51
 650 0324 09       		.byte	0x9
 651 0325 5F       		.byte	0x5f
 652 0326 42020000 		.4byte	0x242
 653 032a 00       		.byte	0
 654 032b 06       		.uleb128 0x6
 655 032c 00020000 		.4byte	.LASF52
 656 0330 09       		.byte	0x9
 657 0331 60       		.byte	0x60
 658 0332 E7000000 		.4byte	0xe7
 659 0336 08       		.byte	0x8
 660 0337 06       		.uleb128 0x6
 661 0338 82010000 		.4byte	.LASF53
 662 033c 09       		.byte	0x9
 663 033d 62       		.byte	0x62
 664 033e EC020000 		.4byte	0x2ec
 665 0342 0C       		.byte	0xc
 666 0343 06       		.uleb128 0x6
 667 0344 FE000000 		.4byte	.LASF54
 668 0348 09       		.byte	0x9
 669 0349 65       		.byte	0x65
 670 034a 3C020000 		.4byte	0x23c
 671 034e 10       		.byte	0x10
 672 034f 06       		.uleb128 0x6
 673 0350 9F010000 		.4byte	.LASF55
 674 0354 09       		.byte	0x9
 675 0355 66       		.byte	0x66
 676 0356 3C020000 		.4byte	0x23c
 677 035a 14       		.byte	0x14
 678 035b 06       		.uleb128 0x6
 679 035c 95010000 		.4byte	.LASF56
 680 0360 09       		.byte	0x9
 681 0361 69       		.byte	0x69
 682 0362 3C020000 		.4byte	0x23c
 683 0366 18       		.byte	0x18
 684 0367 00       		.byte	0
ARM GAS  /tmp/ccCzf8fd.s 			page 13


 685 0368 04       		.uleb128 0x4
 686 0369 A8030000 		.4byte	.LASF57
 687 036d 09       		.byte	0x9
 688 036e 6B       		.byte	0x6b
 689 036f 17030000 		.4byte	0x317
 690 0373 05       		.uleb128 0x5
 691 0374 5F010000 		.4byte	.LASF58
 692 0378 10       		.byte	0x10
 693 0379 0A       		.byte	0xa
 694 037a 2C       		.byte	0x2c
 695 037b A4030000 		.4byte	0x3a4
 696 037f 06       		.uleb128 0x6
 697 0380 6D000000 		.4byte	.LASF59
 698 0384 0A       		.byte	0xa
 699 0385 2D       		.byte	0x2d
 700 0386 42020000 		.4byte	0x242
 701 038a 00       		.byte	0
 702 038b 06       		.uleb128 0x6
 703 038c EA030000 		.4byte	.LASF60
 704 0390 0A       		.byte	0xa
 705 0391 2F       		.byte	0x2f
 706 0392 3C020000 		.4byte	0x23c
 707 0396 08       		.byte	0x8
 708 0397 06       		.uleb128 0x6
 709 0398 78020000 		.4byte	.LASF61
 710 039c 0A       		.byte	0xa
 711 039d 31       		.byte	0x31
 712 039e A4030000 		.4byte	0x3a4
 713 03a2 0C       		.byte	0xc
 714 03a3 00       		.byte	0
 715 03a4 09       		.uleb128 0x9
 716 03a5 04       		.byte	0x4
 717 03a6 73030000 		.4byte	0x373
 718 03aa 04       		.uleb128 0x4
 719 03ab 5F010000 		.4byte	.LASF58
 720 03af 0A       		.byte	0xa
 721 03b0 33       		.byte	0x33
 722 03b1 73030000 		.4byte	0x373
 723 03b5 0C       		.uleb128 0xc
 724 03b6 04       		.byte	0x4
 725 03b7 07       		.byte	0x7
 726 03b8 96       		.byte	0x96
 727 03b9 EA030000 		.4byte	0x3ea
 728 03bd 0D       		.uleb128 0xd
 729 03be 13000000 		.4byte	.LASF62
 730 03c2 07       		.byte	0x7
 731 03c3 9D       		.byte	0x9d
 732 03c4 F2000000 		.4byte	0xf2
 733 03c8 0D       		.uleb128 0xd
 734 03c9 3B000000 		.4byte	.LASF63
 735 03cd 07       		.byte	0x7
 736 03ce A4       		.byte	0xa4
 737 03cf F2000000 		.4byte	0xf2
 738 03d3 0D       		.uleb128 0xd
 739 03d4 C0030000 		.4byte	.LASF64
 740 03d8 07       		.byte	0x7
 741 03d9 AB       		.byte	0xab
ARM GAS  /tmp/ccCzf8fd.s 			page 14


 742 03da 78020000 		.4byte	0x278
 743 03de 0D       		.uleb128 0xd
 744 03df 07020000 		.4byte	.LASF65
 745 03e3 07       		.byte	0x7
 746 03e4 B2       		.byte	0xb2
 747 03e5 FD000000 		.4byte	0xfd
 748 03e9 00       		.byte	0
 749 03ea 09       		.uleb128 0x9
 750 03eb 04       		.byte	0x4
 751 03ec F7030000 		.4byte	0x3f7
 752 03f0 03       		.uleb128 0x3
 753 03f1 01       		.byte	0x1
 754 03f2 08       		.byte	0x8
 755 03f3 67020000 		.4byte	.LASF66
 756 03f7 0E       		.uleb128 0xe
 757 03f8 F0030000 		.4byte	0x3f0
 758 03fc 09       		.uleb128 0x9
 759 03fd 04       		.byte	0x4
 760 03fe AA030000 		.4byte	0x3aa
 761 0402 0F       		.uleb128 0xf
 762 0403 06000000 		.4byte	.LASF75
 763 0407 02       		.byte	0x2
 764 0408 34       		.byte	0x34
 765 0409 03       		.byte	0x3
 766 040a 24040000 		.4byte	0x424
 767 040e 10       		.uleb128 0x10
 768 040f 747000   		.ascii	"tp\000"
 769 0412 02       		.byte	0x2
 770 0413 34       		.byte	0x34
 771 0414 3C020000 		.4byte	0x23c
 772 0418 10       		.uleb128 0x10
 773 0419 74717000 		.ascii	"tqp\000"
 774 041d 02       		.byte	0x2
 775 041e 34       		.byte	0x34
 776 041f 24040000 		.4byte	0x424
 777 0423 00       		.byte	0
 778 0424 09       		.uleb128 0x9
 779 0425 04       		.byte	0x4
 780 0426 42020000 		.4byte	0x242
 781 042a 11       		.uleb128 0x11
 782 042b 6C020000 		.4byte	.LASF76
 783 042f 02       		.byte	0x2
 784 0430 3B       		.byte	0x3b
 785 0431 3C020000 		.4byte	0x23c
 786 0435 03       		.byte	0x3
 787 0436 50040000 		.4byte	0x450
 788 043a 10       		.uleb128 0x10
 789 043b 74717000 		.ascii	"tqp\000"
 790 043f 02       		.byte	0x2
 791 0440 3B       		.byte	0x3b
 792 0441 24040000 		.4byte	0x424
 793 0445 12       		.uleb128 0x12
 794 0446 747000   		.ascii	"tp\000"
 795 0449 02       		.byte	0x2
 796 044a 3C       		.byte	0x3c
 797 044b 3C020000 		.4byte	0x23c
 798 044f 00       		.byte	0
ARM GAS  /tmp/ccCzf8fd.s 			page 15


 799 0450 13       		.uleb128 0x13
 800 0451 88000000 		.4byte	.LASF67
 801 0455 01       		.byte	0x1
 802 0456 4B       		.byte	0x4b
 803 0457 F2000000 		.4byte	0xf2
 804 045b 00000000 		.4byte	.LFB7
 805 045f 38000000 		.4byte	.LFE7-.LFB7
 806 0463 01       		.uleb128 0x1
 807 0464 9C       		.byte	0x9c
 808 0465 D8040000 		.4byte	0x4d8
 809 0469 14       		.uleb128 0x14
 810 046a 747000   		.ascii	"tp\000"
 811 046d 01       		.byte	0x1
 812 046e 4B       		.byte	0x4b
 813 046f 3C020000 		.4byte	0x23c
 814 0473 00000000 		.4byte	.LLST0
 815 0477 14       		.uleb128 0x14
 816 0478 6D736700 		.ascii	"msg\000"
 817 047c 01       		.byte	0x1
 818 047d 4B       		.byte	0x4b
 819 047e F2000000 		.4byte	0xf2
 820 0482 3A000000 		.4byte	.LLST1
 821 0486 15       		.uleb128 0x15
 822 0487 63747000 		.ascii	"ctp\000"
 823 048b 01       		.byte	0x1
 824 048c 4C       		.byte	0x4c
 825 048d 3C020000 		.4byte	0x23c
 826 0491 7F000000 		.4byte	.LLST2
 827 0495 16       		.uleb128 0x16
 828 0496 02040000 		.4byte	0x402
 829 049a 0E000000 		.4byte	.LBB6
 830 049e 00000000 		.4byte	.Ldebug_ranges0+0
 831 04a2 01       		.byte	0x1
 832 04a3 53       		.byte	0x53
 833 04a4 BB040000 		.4byte	0x4bb
 834 04a8 17       		.uleb128 0x17
 835 04a9 18040000 		.4byte	0x418
 836 04ad 9D000000 		.4byte	.LLST3
 837 04b1 17       		.uleb128 0x17
 838 04b2 0E040000 		.4byte	0x40e
 839 04b6 BC000000 		.4byte	.LLST4
 840 04ba 00       		.byte	0
 841 04bb 18       		.uleb128 0x18
 842 04bc 26000000 		.4byte	.LVL6
 843 04c0 85050000 		.4byte	0x585
 844 04c4 CE040000 		.4byte	0x4ce
 845 04c8 19       		.uleb128 0x19
 846 04c9 01       		.uleb128 0x1
 847 04ca 50       		.byte	0x50
 848 04cb 01       		.uleb128 0x1
 849 04cc 3A       		.byte	0x3a
 850 04cd 00       		.byte	0
 851 04ce 1A       		.uleb128 0x1a
 852 04cf 30000000 		.4byte	.LVL10
 853 04d3 90050000 		.4byte	0x590
 854 04d7 00       		.byte	0
 855 04d8 13       		.uleb128 0x13
ARM GAS  /tmp/ccCzf8fd.s 			page 16


 856 04d9 C4020000 		.4byte	.LASF68
 857 04dd 01       		.byte	0x1
 858 04de 6A       		.byte	0x6a
 859 04df 3C020000 		.4byte	0x23c
 860 04e3 00000000 		.4byte	.LFB8
 861 04e7 34000000 		.4byte	.LFE8-.LFB8
 862 04eb 01       		.uleb128 0x1
 863 04ec 9C       		.byte	0x9c
 864 04ed 2F050000 		.4byte	0x52f
 865 04f1 12       		.uleb128 0x12
 866 04f2 747000   		.ascii	"tp\000"
 867 04f5 01       		.byte	0x1
 868 04f6 6B       		.byte	0x6b
 869 04f7 3C020000 		.4byte	0x23c
 870 04fb 16       		.uleb128 0x16
 871 04fc 2A040000 		.4byte	0x42a
 872 0500 12000000 		.4byte	.LBB10
 873 0504 18000000 		.4byte	.Ldebug_ranges0+0x18
 874 0508 01       		.byte	0x1
 875 0509 70       		.byte	0x70
 876 050a 1F050000 		.4byte	0x51f
 877 050e 1B       		.uleb128 0x1b
 878 050f 3A040000 		.4byte	0x43a
 879 0513 1C       		.uleb128 0x1c
 880 0514 18000000 		.4byte	.Ldebug_ranges0+0x18
 881 0518 1D       		.uleb128 0x1d
 882 0519 45040000 		.4byte	0x445
 883 051d 00       		.byte	0
 884 051e 00       		.byte	0
 885 051f 1E       		.uleb128 0x1e
 886 0520 26000000 		.4byte	.LVL14
 887 0524 85050000 		.4byte	0x585
 888 0528 19       		.uleb128 0x19
 889 0529 01       		.uleb128 0x1
 890 052a 50       		.byte	0x50
 891 052b 01       		.uleb128 0x1
 892 052c 3C       		.byte	0x3c
 893 052d 00       		.byte	0
 894 052e 00       		.byte	0
 895 052f 1F       		.uleb128 0x1f
 896 0530 24020000 		.4byte	.LASF77
 897 0534 01       		.byte	0x1
 898 0535 80       		.byte	0x80
 899 0536 00000000 		.4byte	.LFB9
 900 053a 0C000000 		.4byte	.LFE9-.LFB9
 901 053e 01       		.uleb128 0x1
 902 053f 9C       		.byte	0x9c
 903 0540 7A050000 		.4byte	0x57a
 904 0544 14       		.uleb128 0x14
 905 0545 747000   		.ascii	"tp\000"
 906 0548 01       		.byte	0x1
 907 0549 80       		.byte	0x80
 908 054a 3C020000 		.4byte	0x23c
 909 054e CF000000 		.4byte	.LLST5
 910 0552 14       		.uleb128 0x14
 911 0553 6D736700 		.ascii	"msg\000"
 912 0557 01       		.byte	0x1
ARM GAS  /tmp/ccCzf8fd.s 			page 17


 913 0558 80       		.byte	0x80
 914 0559 F2000000 		.4byte	0xf2
 915 055d F0000000 		.4byte	.LLST6
 916 0561 1E       		.uleb128 0x1e
 917 0562 08000000 		.4byte	.LVL16
 918 0566 9B050000 		.4byte	0x59b
 919 056a 19       		.uleb128 0x19
 920 056b 01       		.uleb128 0x1
 921 056c 50       		.byte	0x50
 922 056d 03       		.uleb128 0x3
 923 056e F3       		.byte	0xf3
 924 056f 01       		.uleb128 0x1
 925 0570 50       		.byte	0x50
 926 0571 19       		.uleb128 0x19
 927 0572 01       		.uleb128 0x1
 928 0573 51       		.byte	0x51
 929 0574 03       		.uleb128 0x3
 930 0575 F3       		.byte	0xf3
 931 0576 01       		.uleb128 0x1
 932 0577 51       		.byte	0x51
 933 0578 00       		.byte	0
 934 0579 00       		.byte	0
 935 057a 20       		.uleb128 0x20
 936 057b B2030000 		.4byte	.LASF78
 937 057f 09       		.byte	0x9
 938 0580 6F       		.byte	0x6f
 939 0581 68030000 		.4byte	0x368
 940 0585 21       		.uleb128 0x21
 941 0586 31020000 		.4byte	.LASF69
 942 058a 31020000 		.4byte	.LASF69
 943 058e 09       		.byte	0x9
 944 058f 93       		.byte	0x93
 945 0590 21       		.uleb128 0x21
 946 0591 5B020000 		.4byte	.LASF70
 947 0595 5B020000 		.4byte	.LASF70
 948 0599 09       		.byte	0x9
 949 059a 90       		.byte	0x90
 950 059b 21       		.uleb128 0x21
 951 059c B7020000 		.4byte	.LASF71
 952 05a0 B7020000 		.4byte	.LASF71
 953 05a4 09       		.byte	0x9
 954 05a5 99       		.byte	0x99
 955 05a6 00       		.byte	0
 956              		.section	.debug_abbrev,"",%progbits
 957              	.Ldebug_abbrev0:
 958 0000 01       		.uleb128 0x1
 959 0001 11       		.uleb128 0x11
 960 0002 01       		.byte	0x1
 961 0003 25       		.uleb128 0x25
 962 0004 0E       		.uleb128 0xe
 963 0005 13       		.uleb128 0x13
 964 0006 0B       		.uleb128 0xb
 965 0007 03       		.uleb128 0x3
 966 0008 0E       		.uleb128 0xe
 967 0009 1B       		.uleb128 0x1b
 968 000a 0E       		.uleb128 0xe
 969 000b 55       		.uleb128 0x55
ARM GAS  /tmp/ccCzf8fd.s 			page 18


 970 000c 17       		.uleb128 0x17
 971 000d 11       		.uleb128 0x11
 972 000e 01       		.uleb128 0x1
 973 000f 10       		.uleb128 0x10
 974 0010 17       		.uleb128 0x17
 975 0011 00       		.byte	0
 976 0012 00       		.byte	0
 977 0013 02       		.uleb128 0x2
 978 0014 24       		.uleb128 0x24
 979 0015 00       		.byte	0
 980 0016 0B       		.uleb128 0xb
 981 0017 0B       		.uleb128 0xb
 982 0018 3E       		.uleb128 0x3e
 983 0019 0B       		.uleb128 0xb
 984 001a 03       		.uleb128 0x3
 985 001b 08       		.uleb128 0x8
 986 001c 00       		.byte	0
 987 001d 00       		.byte	0
 988 001e 03       		.uleb128 0x3
 989 001f 24       		.uleb128 0x24
 990 0020 00       		.byte	0
 991 0021 0B       		.uleb128 0xb
 992 0022 0B       		.uleb128 0xb
 993 0023 3E       		.uleb128 0x3e
 994 0024 0B       		.uleb128 0xb
 995 0025 03       		.uleb128 0x3
 996 0026 0E       		.uleb128 0xe
 997 0027 00       		.byte	0
 998 0028 00       		.byte	0
 999 0029 04       		.uleb128 0x4
 1000 002a 16       		.uleb128 0x16
 1001 002b 00       		.byte	0
 1002 002c 03       		.uleb128 0x3
 1003 002d 0E       		.uleb128 0xe
 1004 002e 3A       		.uleb128 0x3a
 1005 002f 0B       		.uleb128 0xb
 1006 0030 3B       		.uleb128 0x3b
 1007 0031 0B       		.uleb128 0xb
 1008 0032 49       		.uleb128 0x49
 1009 0033 13       		.uleb128 0x13
 1010 0034 00       		.byte	0
 1011 0035 00       		.byte	0
 1012 0036 05       		.uleb128 0x5
 1013 0037 13       		.uleb128 0x13
 1014 0038 01       		.byte	0x1
 1015 0039 03       		.uleb128 0x3
 1016 003a 0E       		.uleb128 0xe
 1017 003b 0B       		.uleb128 0xb
 1018 003c 0B       		.uleb128 0xb
 1019 003d 3A       		.uleb128 0x3a
 1020 003e 0B       		.uleb128 0xb
 1021 003f 3B       		.uleb128 0x3b
 1022 0040 0B       		.uleb128 0xb
 1023 0041 01       		.uleb128 0x1
 1024 0042 13       		.uleb128 0x13
 1025 0043 00       		.byte	0
 1026 0044 00       		.byte	0
ARM GAS  /tmp/ccCzf8fd.s 			page 19


 1027 0045 06       		.uleb128 0x6
 1028 0046 0D       		.uleb128 0xd
 1029 0047 00       		.byte	0
 1030 0048 03       		.uleb128 0x3
 1031 0049 0E       		.uleb128 0xe
 1032 004a 3A       		.uleb128 0x3a
 1033 004b 0B       		.uleb128 0xb
 1034 004c 3B       		.uleb128 0x3b
 1035 004d 0B       		.uleb128 0xb
 1036 004e 49       		.uleb128 0x49
 1037 004f 13       		.uleb128 0x13
 1038 0050 38       		.uleb128 0x38
 1039 0051 0B       		.uleb128 0xb
 1040 0052 00       		.byte	0
 1041 0053 00       		.byte	0
 1042 0054 07       		.uleb128 0x7
 1043 0055 0D       		.uleb128 0xd
 1044 0056 00       		.byte	0
 1045 0057 03       		.uleb128 0x3
 1046 0058 08       		.uleb128 0x8
 1047 0059 3A       		.uleb128 0x3a
 1048 005a 0B       		.uleb128 0xb
 1049 005b 3B       		.uleb128 0x3b
 1050 005c 0B       		.uleb128 0xb
 1051 005d 49       		.uleb128 0x49
 1052 005e 13       		.uleb128 0x13
 1053 005f 38       		.uleb128 0x38
 1054 0060 0B       		.uleb128 0xb
 1055 0061 00       		.byte	0
 1056 0062 00       		.byte	0
 1057 0063 08       		.uleb128 0x8
 1058 0064 13       		.uleb128 0x13
 1059 0065 01       		.byte	0x1
 1060 0066 0B       		.uleb128 0xb
 1061 0067 0B       		.uleb128 0xb
 1062 0068 3A       		.uleb128 0x3a
 1063 0069 0B       		.uleb128 0xb
 1064 006a 3B       		.uleb128 0x3b
 1065 006b 0B       		.uleb128 0xb
 1066 006c 01       		.uleb128 0x1
 1067 006d 13       		.uleb128 0x13
 1068 006e 00       		.byte	0
 1069 006f 00       		.byte	0
 1070 0070 09       		.uleb128 0x9
 1071 0071 0F       		.uleb128 0xf
 1072 0072 00       		.byte	0
 1073 0073 0B       		.uleb128 0xb
 1074 0074 0B       		.uleb128 0xb
 1075 0075 49       		.uleb128 0x49
 1076 0076 13       		.uleb128 0x13
 1077 0077 00       		.byte	0
 1078 0078 00       		.byte	0
 1079 0079 0A       		.uleb128 0xa
 1080 007a 0F       		.uleb128 0xf
 1081 007b 00       		.byte	0
 1082 007c 0B       		.uleb128 0xb
 1083 007d 0B       		.uleb128 0xb
ARM GAS  /tmp/ccCzf8fd.s 			page 20


 1084 007e 00       		.byte	0
 1085 007f 00       		.byte	0
 1086 0080 0B       		.uleb128 0xb
 1087 0081 35       		.uleb128 0x35
 1088 0082 00       		.byte	0
 1089 0083 49       		.uleb128 0x49
 1090 0084 13       		.uleb128 0x13
 1091 0085 00       		.byte	0
 1092 0086 00       		.byte	0
 1093 0087 0C       		.uleb128 0xc
 1094 0088 17       		.uleb128 0x17
 1095 0089 01       		.byte	0x1
 1096 008a 0B       		.uleb128 0xb
 1097 008b 0B       		.uleb128 0xb
 1098 008c 3A       		.uleb128 0x3a
 1099 008d 0B       		.uleb128 0xb
 1100 008e 3B       		.uleb128 0x3b
 1101 008f 0B       		.uleb128 0xb
 1102 0090 01       		.uleb128 0x1
 1103 0091 13       		.uleb128 0x13
 1104 0092 00       		.byte	0
 1105 0093 00       		.byte	0
 1106 0094 0D       		.uleb128 0xd
 1107 0095 0D       		.uleb128 0xd
 1108 0096 00       		.byte	0
 1109 0097 03       		.uleb128 0x3
 1110 0098 0E       		.uleb128 0xe
 1111 0099 3A       		.uleb128 0x3a
 1112 009a 0B       		.uleb128 0xb
 1113 009b 3B       		.uleb128 0x3b
 1114 009c 0B       		.uleb128 0xb
 1115 009d 49       		.uleb128 0x49
 1116 009e 13       		.uleb128 0x13
 1117 009f 00       		.byte	0
 1118 00a0 00       		.byte	0
 1119 00a1 0E       		.uleb128 0xe
 1120 00a2 26       		.uleb128 0x26
 1121 00a3 00       		.byte	0
 1122 00a4 49       		.uleb128 0x49
 1123 00a5 13       		.uleb128 0x13
 1124 00a6 00       		.byte	0
 1125 00a7 00       		.byte	0
 1126 00a8 0F       		.uleb128 0xf
 1127 00a9 2E       		.uleb128 0x2e
 1128 00aa 01       		.byte	0x1
 1129 00ab 03       		.uleb128 0x3
 1130 00ac 0E       		.uleb128 0xe
 1131 00ad 3A       		.uleb128 0x3a
 1132 00ae 0B       		.uleb128 0xb
 1133 00af 3B       		.uleb128 0x3b
 1134 00b0 0B       		.uleb128 0xb
 1135 00b1 27       		.uleb128 0x27
 1136 00b2 19       		.uleb128 0x19
 1137 00b3 20       		.uleb128 0x20
 1138 00b4 0B       		.uleb128 0xb
 1139 00b5 01       		.uleb128 0x1
 1140 00b6 13       		.uleb128 0x13
ARM GAS  /tmp/ccCzf8fd.s 			page 21


 1141 00b7 00       		.byte	0
 1142 00b8 00       		.byte	0
 1143 00b9 10       		.uleb128 0x10
 1144 00ba 05       		.uleb128 0x5
 1145 00bb 00       		.byte	0
 1146 00bc 03       		.uleb128 0x3
 1147 00bd 08       		.uleb128 0x8
 1148 00be 3A       		.uleb128 0x3a
 1149 00bf 0B       		.uleb128 0xb
 1150 00c0 3B       		.uleb128 0x3b
 1151 00c1 0B       		.uleb128 0xb
 1152 00c2 49       		.uleb128 0x49
 1153 00c3 13       		.uleb128 0x13
 1154 00c4 00       		.byte	0
 1155 00c5 00       		.byte	0
 1156 00c6 11       		.uleb128 0x11
 1157 00c7 2E       		.uleb128 0x2e
 1158 00c8 01       		.byte	0x1
 1159 00c9 03       		.uleb128 0x3
 1160 00ca 0E       		.uleb128 0xe
 1161 00cb 3A       		.uleb128 0x3a
 1162 00cc 0B       		.uleb128 0xb
 1163 00cd 3B       		.uleb128 0x3b
 1164 00ce 0B       		.uleb128 0xb
 1165 00cf 27       		.uleb128 0x27
 1166 00d0 19       		.uleb128 0x19
 1167 00d1 49       		.uleb128 0x49
 1168 00d2 13       		.uleb128 0x13
 1169 00d3 20       		.uleb128 0x20
 1170 00d4 0B       		.uleb128 0xb
 1171 00d5 01       		.uleb128 0x1
 1172 00d6 13       		.uleb128 0x13
 1173 00d7 00       		.byte	0
 1174 00d8 00       		.byte	0
 1175 00d9 12       		.uleb128 0x12
 1176 00da 34       		.uleb128 0x34
 1177 00db 00       		.byte	0
 1178 00dc 03       		.uleb128 0x3
 1179 00dd 08       		.uleb128 0x8
 1180 00de 3A       		.uleb128 0x3a
 1181 00df 0B       		.uleb128 0xb
 1182 00e0 3B       		.uleb128 0x3b
 1183 00e1 0B       		.uleb128 0xb
 1184 00e2 49       		.uleb128 0x49
 1185 00e3 13       		.uleb128 0x13
 1186 00e4 00       		.byte	0
 1187 00e5 00       		.byte	0
 1188 00e6 13       		.uleb128 0x13
 1189 00e7 2E       		.uleb128 0x2e
 1190 00e8 01       		.byte	0x1
 1191 00e9 3F       		.uleb128 0x3f
 1192 00ea 19       		.uleb128 0x19
 1193 00eb 03       		.uleb128 0x3
 1194 00ec 0E       		.uleb128 0xe
 1195 00ed 3A       		.uleb128 0x3a
 1196 00ee 0B       		.uleb128 0xb
 1197 00ef 3B       		.uleb128 0x3b
ARM GAS  /tmp/ccCzf8fd.s 			page 22


 1198 00f0 0B       		.uleb128 0xb
 1199 00f1 27       		.uleb128 0x27
 1200 00f2 19       		.uleb128 0x19
 1201 00f3 49       		.uleb128 0x49
 1202 00f4 13       		.uleb128 0x13
 1203 00f5 11       		.uleb128 0x11
 1204 00f6 01       		.uleb128 0x1
 1205 00f7 12       		.uleb128 0x12
 1206 00f8 06       		.uleb128 0x6
 1207 00f9 40       		.uleb128 0x40
 1208 00fa 18       		.uleb128 0x18
 1209 00fb 9742     		.uleb128 0x2117
 1210 00fd 19       		.uleb128 0x19
 1211 00fe 01       		.uleb128 0x1
 1212 00ff 13       		.uleb128 0x13
 1213 0100 00       		.byte	0
 1214 0101 00       		.byte	0
 1215 0102 14       		.uleb128 0x14
 1216 0103 05       		.uleb128 0x5
 1217 0104 00       		.byte	0
 1218 0105 03       		.uleb128 0x3
 1219 0106 08       		.uleb128 0x8
 1220 0107 3A       		.uleb128 0x3a
 1221 0108 0B       		.uleb128 0xb
 1222 0109 3B       		.uleb128 0x3b
 1223 010a 0B       		.uleb128 0xb
 1224 010b 49       		.uleb128 0x49
 1225 010c 13       		.uleb128 0x13
 1226 010d 02       		.uleb128 0x2
 1227 010e 17       		.uleb128 0x17
 1228 010f 00       		.byte	0
 1229 0110 00       		.byte	0
 1230 0111 15       		.uleb128 0x15
 1231 0112 34       		.uleb128 0x34
 1232 0113 00       		.byte	0
 1233 0114 03       		.uleb128 0x3
 1234 0115 08       		.uleb128 0x8
 1235 0116 3A       		.uleb128 0x3a
 1236 0117 0B       		.uleb128 0xb
 1237 0118 3B       		.uleb128 0x3b
 1238 0119 0B       		.uleb128 0xb
 1239 011a 49       		.uleb128 0x49
 1240 011b 13       		.uleb128 0x13
 1241 011c 02       		.uleb128 0x2
 1242 011d 17       		.uleb128 0x17
 1243 011e 00       		.byte	0
 1244 011f 00       		.byte	0
 1245 0120 16       		.uleb128 0x16
 1246 0121 1D       		.uleb128 0x1d
 1247 0122 01       		.byte	0x1
 1248 0123 31       		.uleb128 0x31
 1249 0124 13       		.uleb128 0x13
 1250 0125 52       		.uleb128 0x52
 1251 0126 01       		.uleb128 0x1
 1252 0127 55       		.uleb128 0x55
 1253 0128 17       		.uleb128 0x17
 1254 0129 58       		.uleb128 0x58
ARM GAS  /tmp/ccCzf8fd.s 			page 23


 1255 012a 0B       		.uleb128 0xb
 1256 012b 59       		.uleb128 0x59
 1257 012c 0B       		.uleb128 0xb
 1258 012d 01       		.uleb128 0x1
 1259 012e 13       		.uleb128 0x13
 1260 012f 00       		.byte	0
 1261 0130 00       		.byte	0
 1262 0131 17       		.uleb128 0x17
 1263 0132 05       		.uleb128 0x5
 1264 0133 00       		.byte	0
 1265 0134 31       		.uleb128 0x31
 1266 0135 13       		.uleb128 0x13
 1267 0136 02       		.uleb128 0x2
 1268 0137 17       		.uleb128 0x17
 1269 0138 00       		.byte	0
 1270 0139 00       		.byte	0
 1271 013a 18       		.uleb128 0x18
 1272 013b 898201   		.uleb128 0x4109
 1273 013e 01       		.byte	0x1
 1274 013f 11       		.uleb128 0x11
 1275 0140 01       		.uleb128 0x1
 1276 0141 31       		.uleb128 0x31
 1277 0142 13       		.uleb128 0x13
 1278 0143 01       		.uleb128 0x1
 1279 0144 13       		.uleb128 0x13
 1280 0145 00       		.byte	0
 1281 0146 00       		.byte	0
 1282 0147 19       		.uleb128 0x19
 1283 0148 8A8201   		.uleb128 0x410a
 1284 014b 00       		.byte	0
 1285 014c 02       		.uleb128 0x2
 1286 014d 18       		.uleb128 0x18
 1287 014e 9142     		.uleb128 0x2111
 1288 0150 18       		.uleb128 0x18
 1289 0151 00       		.byte	0
 1290 0152 00       		.byte	0
 1291 0153 1A       		.uleb128 0x1a
 1292 0154 898201   		.uleb128 0x4109
 1293 0157 00       		.byte	0
 1294 0158 11       		.uleb128 0x11
 1295 0159 01       		.uleb128 0x1
 1296 015a 31       		.uleb128 0x31
 1297 015b 13       		.uleb128 0x13
 1298 015c 00       		.byte	0
 1299 015d 00       		.byte	0
 1300 015e 1B       		.uleb128 0x1b
 1301 015f 05       		.uleb128 0x5
 1302 0160 00       		.byte	0
 1303 0161 31       		.uleb128 0x31
 1304 0162 13       		.uleb128 0x13
 1305 0163 00       		.byte	0
 1306 0164 00       		.byte	0
 1307 0165 1C       		.uleb128 0x1c
 1308 0166 0B       		.uleb128 0xb
 1309 0167 01       		.byte	0x1
 1310 0168 55       		.uleb128 0x55
 1311 0169 17       		.uleb128 0x17
ARM GAS  /tmp/ccCzf8fd.s 			page 24


 1312 016a 00       		.byte	0
 1313 016b 00       		.byte	0
 1314 016c 1D       		.uleb128 0x1d
 1315 016d 34       		.uleb128 0x34
 1316 016e 00       		.byte	0
 1317 016f 31       		.uleb128 0x31
 1318 0170 13       		.uleb128 0x13
 1319 0171 00       		.byte	0
 1320 0172 00       		.byte	0
 1321 0173 1E       		.uleb128 0x1e
 1322 0174 898201   		.uleb128 0x4109
 1323 0177 01       		.byte	0x1
 1324 0178 11       		.uleb128 0x11
 1325 0179 01       		.uleb128 0x1
 1326 017a 31       		.uleb128 0x31
 1327 017b 13       		.uleb128 0x13
 1328 017c 00       		.byte	0
 1329 017d 00       		.byte	0
 1330 017e 1F       		.uleb128 0x1f
 1331 017f 2E       		.uleb128 0x2e
 1332 0180 01       		.byte	0x1
 1333 0181 3F       		.uleb128 0x3f
 1334 0182 19       		.uleb128 0x19
 1335 0183 03       		.uleb128 0x3
 1336 0184 0E       		.uleb128 0xe
 1337 0185 3A       		.uleb128 0x3a
 1338 0186 0B       		.uleb128 0xb
 1339 0187 3B       		.uleb128 0x3b
 1340 0188 0B       		.uleb128 0xb
 1341 0189 27       		.uleb128 0x27
 1342 018a 19       		.uleb128 0x19
 1343 018b 11       		.uleb128 0x11
 1344 018c 01       		.uleb128 0x1
 1345 018d 12       		.uleb128 0x12
 1346 018e 06       		.uleb128 0x6
 1347 018f 40       		.uleb128 0x40
 1348 0190 18       		.uleb128 0x18
 1349 0191 9742     		.uleb128 0x2117
 1350 0193 19       		.uleb128 0x19
 1351 0194 01       		.uleb128 0x1
 1352 0195 13       		.uleb128 0x13
 1353 0196 00       		.byte	0
 1354 0197 00       		.byte	0
 1355 0198 20       		.uleb128 0x20
 1356 0199 34       		.uleb128 0x34
 1357 019a 00       		.byte	0
 1358 019b 03       		.uleb128 0x3
 1359 019c 0E       		.uleb128 0xe
 1360 019d 3A       		.uleb128 0x3a
 1361 019e 0B       		.uleb128 0xb
 1362 019f 3B       		.uleb128 0x3b
 1363 01a0 0B       		.uleb128 0xb
 1364 01a1 49       		.uleb128 0x49
 1365 01a2 13       		.uleb128 0x13
 1366 01a3 3F       		.uleb128 0x3f
 1367 01a4 19       		.uleb128 0x19
 1368 01a5 3C       		.uleb128 0x3c
ARM GAS  /tmp/ccCzf8fd.s 			page 25


 1369 01a6 19       		.uleb128 0x19
 1370 01a7 00       		.byte	0
 1371 01a8 00       		.byte	0
 1372 01a9 21       		.uleb128 0x21
 1373 01aa 2E       		.uleb128 0x2e
 1374 01ab 00       		.byte	0
 1375 01ac 3F       		.uleb128 0x3f
 1376 01ad 19       		.uleb128 0x19
 1377 01ae 3C       		.uleb128 0x3c
 1378 01af 19       		.uleb128 0x19
 1379 01b0 6E       		.uleb128 0x6e
 1380 01b1 0E       		.uleb128 0xe
 1381 01b2 03       		.uleb128 0x3
 1382 01b3 0E       		.uleb128 0xe
 1383 01b4 3A       		.uleb128 0x3a
 1384 01b5 0B       		.uleb128 0xb
 1385 01b6 3B       		.uleb128 0x3b
 1386 01b7 0B       		.uleb128 0xb
 1387 01b8 00       		.byte	0
 1388 01b9 00       		.byte	0
 1389 01ba 00       		.byte	0
 1390              		.section	.debug_loc,"",%progbits
 1391              	.Ldebug_loc0:
 1392              	.LLST0:
 1393 0000 00000000 		.4byte	.LVL0
 1394 0004 20000000 		.4byte	.LVL5
 1395 0008 0100     		.2byte	0x1
 1396 000a 50       		.byte	0x50
 1397 000b 20000000 		.4byte	.LVL5
 1398 000f 2C000000 		.4byte	.LVL9
 1399 0013 0400     		.2byte	0x4
 1400 0015 F3       		.byte	0xf3
 1401 0016 01       		.uleb128 0x1
 1402 0017 50       		.byte	0x50
 1403 0018 9F       		.byte	0x9f
 1404 0019 2C000000 		.4byte	.LVL9
 1405 001d 2F000000 		.4byte	.LVL10-1
 1406 0021 0100     		.2byte	0x1
 1407 0023 50       		.byte	0x50
 1408 0024 2F000000 		.4byte	.LVL10-1
 1409 0028 38000000 		.4byte	.LFE7
 1410 002c 0400     		.2byte	0x4
 1411 002e F3       		.byte	0xf3
 1412 002f 01       		.uleb128 0x1
 1413 0030 50       		.byte	0x50
 1414 0031 9F       		.byte	0x9f
 1415 0032 00000000 		.4byte	0
 1416 0036 00000000 		.4byte	0
 1417              	.LLST1:
 1418 003a 00000000 		.4byte	.LVL0
 1419 003e 20000000 		.4byte	.LVL5
 1420 0042 0100     		.2byte	0x1
 1421 0044 51       		.byte	0x51
 1422 0045 20000000 		.4byte	.LVL5
 1423 0049 28000000 		.4byte	.LVL7
 1424 004d 0400     		.2byte	0x4
 1425 004f F3       		.byte	0xf3
ARM GAS  /tmp/ccCzf8fd.s 			page 26


 1426 0050 01       		.uleb128 0x1
 1427 0051 51       		.byte	0x51
 1428 0052 9F       		.byte	0x9f
 1429 0053 28000000 		.4byte	.LVL7
 1430 0057 2C000000 		.4byte	.LVL9
 1431 005b 0100     		.2byte	0x1
 1432 005d 50       		.byte	0x50
 1433 005e 2C000000 		.4byte	.LVL9
 1434 0062 2F000000 		.4byte	.LVL10-1
 1435 0066 0100     		.2byte	0x1
 1436 0068 51       		.byte	0x51
 1437 0069 2F000000 		.4byte	.LVL10-1
 1438 006d 38000000 		.4byte	.LFE7
 1439 0071 0400     		.2byte	0x4
 1440 0073 F3       		.byte	0xf3
 1441 0074 01       		.uleb128 0x1
 1442 0075 51       		.byte	0x51
 1443 0076 9F       		.byte	0x9f
 1444 0077 00000000 		.4byte	0
 1445 007b 00000000 		.4byte	0
 1446              	.LLST2:
 1447 007f 06000000 		.4byte	.LVL1
 1448 0083 2A000000 		.4byte	.LVL8
 1449 0087 0100     		.2byte	0x1
 1450 0089 54       		.byte	0x54
 1451 008a 2C000000 		.4byte	.LVL9
 1452 008e 38000000 		.4byte	.LFE7
 1453 0092 0100     		.2byte	0x1
 1454 0094 54       		.byte	0x54
 1455 0095 00000000 		.4byte	0
 1456 0099 00000000 		.4byte	0
 1457              	.LLST3:
 1458 009d 0E000000 		.4byte	.LVL2
 1459 00a1 12000000 		.4byte	.LVL3
 1460 00a5 0100     		.2byte	0x1
 1461 00a7 53       		.byte	0x53
 1462 00a8 12000000 		.4byte	.LVL3
 1463 00ac 1A000000 		.4byte	.LVL4
 1464 00b0 0200     		.2byte	0x2
 1465 00b2 74       		.byte	0x74
 1466 00b3 00       		.sleb128 0
 1467 00b4 00000000 		.4byte	0
 1468 00b8 00000000 		.4byte	0
 1469              	.LLST4:
 1470 00bc 0E000000 		.4byte	.LVL2
 1471 00c0 1A000000 		.4byte	.LVL4
 1472 00c4 0100     		.2byte	0x1
 1473 00c6 54       		.byte	0x54
 1474 00c7 00000000 		.4byte	0
 1475 00cb 00000000 		.4byte	0
 1476              	.LLST5:
 1477 00cf 00000000 		.4byte	.LVL15
 1478 00d3 07000000 		.4byte	.LVL16-1
 1479 00d7 0100     		.2byte	0x1
 1480 00d9 50       		.byte	0x50
 1481 00da 07000000 		.4byte	.LVL16-1
 1482 00de 0C000000 		.4byte	.LFE9
ARM GAS  /tmp/ccCzf8fd.s 			page 27


 1483 00e2 0400     		.2byte	0x4
 1484 00e4 F3       		.byte	0xf3
 1485 00e5 01       		.uleb128 0x1
 1486 00e6 50       		.byte	0x50
 1487 00e7 9F       		.byte	0x9f
 1488 00e8 00000000 		.4byte	0
 1489 00ec 00000000 		.4byte	0
 1490              	.LLST6:
 1491 00f0 00000000 		.4byte	.LVL15
 1492 00f4 07000000 		.4byte	.LVL16-1
 1493 00f8 0100     		.2byte	0x1
 1494 00fa 51       		.byte	0x51
 1495 00fb 07000000 		.4byte	.LVL16-1
 1496 00ff 0C000000 		.4byte	.LFE9
 1497 0103 0400     		.2byte	0x4
 1498 0105 F3       		.byte	0xf3
 1499 0106 01       		.uleb128 0x1
 1500 0107 51       		.byte	0x51
 1501 0108 9F       		.byte	0x9f
 1502 0109 00000000 		.4byte	0
 1503 010d 00000000 		.4byte	0
 1504              		.section	.debug_aranges,"",%progbits
 1505 0000 2C000000 		.4byte	0x2c
 1506 0004 0200     		.2byte	0x2
 1507 0006 00000000 		.4byte	.Ldebug_info0
 1508 000a 04       		.byte	0x4
 1509 000b 00       		.byte	0
 1510 000c 0000     		.2byte	0
 1511 000e 0000     		.2byte	0
 1512 0010 00000000 		.4byte	.LFB7
 1513 0014 38000000 		.4byte	.LFE7-.LFB7
 1514 0018 00000000 		.4byte	.LFB8
 1515 001c 34000000 		.4byte	.LFE8-.LFB8
 1516 0020 00000000 		.4byte	.LFB9
 1517 0024 0C000000 		.4byte	.LFE9-.LFB9
 1518 0028 00000000 		.4byte	0
 1519 002c 00000000 		.4byte	0
 1520              		.section	.debug_ranges,"",%progbits
 1521              	.Ldebug_ranges0:
 1522 0000 0E000000 		.4byte	.LBB6
 1523 0004 12000000 		.4byte	.LBE6
 1524 0008 14000000 		.4byte	.LBB9
 1525 000c 1A000000 		.4byte	.LBE9
 1526 0010 00000000 		.4byte	0
 1527 0014 00000000 		.4byte	0
 1528 0018 12000000 		.4byte	.LBB10
 1529 001c 16000000 		.4byte	.LBE10
 1530 0020 18000000 		.4byte	.LBB13
 1531 0024 1A000000 		.4byte	.LBE13
 1532 0028 00000000 		.4byte	0
 1533 002c 00000000 		.4byte	0
 1534 0030 00000000 		.4byte	.LFB7
 1535 0034 38000000 		.4byte	.LFE7
 1536 0038 00000000 		.4byte	.LFB8
 1537 003c 34000000 		.4byte	.LFE8
 1538 0040 00000000 		.4byte	.LFB9
 1539 0044 0C000000 		.4byte	.LFE9
ARM GAS  /tmp/ccCzf8fd.s 			page 28


 1540 0048 00000000 		.4byte	0
 1541 004c 00000000 		.4byte	0
 1542              		.section	.debug_line,"",%progbits
 1543              	.Ldebug_line0:
 1544 0000 F8010000 		.section	.debug_str,"MS",%progbits,1
 1544      02008501 
 1544      00000201 
 1544      FB0E0D00 
 1544      01010101 
 1545              	.LASF40:
 1546 0000 705F6D73 		.ascii	"p_msg\000"
 1546      6700
 1547              	.LASF75:
 1548 0006 71756575 		.ascii	"queue_insert\000"
 1548      655F696E 
 1548      73657274 
 1548      00
 1549              	.LASF62:
 1550 0013 7264796D 		.ascii	"rdymsg\000"
 1550      736700
 1551              	.LASF7:
 1552 001a 5F5F7569 		.ascii	"__uint8_t\000"
 1552      6E74385F 
 1552      7400
 1553              	.LASF12:
 1554 0024 6C6F6E67 		.ascii	"long long unsigned int\000"
 1554      206C6F6E 
 1554      6720756E 
 1554      7369676E 
 1554      65642069 
 1555              	.LASF63:
 1556 003b 65786974 		.ascii	"exitcode\000"
 1556      636F6465 
 1556      00
 1557              	.LASF28:
 1558 0044 705F7072 		.ascii	"p_prio\000"
 1558      696F00
 1559              	.LASF1:
 1560 004b 6C6F6E67 		.ascii	"long long int\000"
 1560      206C6F6E 
 1560      6720696E 
 1560      7400
 1561              	.LASF3:
 1562 0059 7369676E 		.ascii	"signed char\000"
 1562      65642063 
 1562      68617200 
 1563              	.LASF44:
 1564 0065 705F6D70 		.ascii	"p_mpool\000"
 1564      6F6F6C00 
 1565              	.LASF59:
 1566 006d 6D5F7175 		.ascii	"m_queue\000"
 1566      65756500 
 1567              	.LASF20:
 1568 0075 74736C69 		.ascii	"tslices_t\000"
 1568      6365735F 
 1568      7400
 1569              	.LASF9:
ARM GAS  /tmp/ccCzf8fd.s 			page 29


 1570 007f 6C6F6E67 		.ascii	"long int\000"
 1570      20696E74 
 1570      00
 1571              	.LASF67:
 1572 0088 63684D73 		.ascii	"chMsgSend\000"
 1572      6753656E 
 1572      6400
 1573              	.LASF18:
 1574 0092 74737461 		.ascii	"tstate_t\000"
 1574      74655F74 
 1574      00
 1575              	.LASF35:
 1576 009b 705F7265 		.ascii	"p_refs\000"
 1576      667300
 1577              	.LASF30:
 1578 00a2 705F6E65 		.ascii	"p_newer\000"
 1578      77657200 
 1579              	.LASF10:
 1580 00aa 5F5F7569 		.ascii	"__uint32_t\000"
 1580      6E743332 
 1580      5F7400
 1581              	.LASF47:
 1582 00b5 72656761 		.ascii	"regarm_t\000"
 1582      726D5F74 
 1582      00
 1583              	.LASF0:
 1584 00be 756E7369 		.ascii	"unsigned int\000"
 1584      676E6564 
 1584      20696E74 
 1584      00
 1585              	.LASF11:
 1586 00cb 6C6F6E67 		.ascii	"long unsigned int\000"
 1586      20756E73 
 1586      69676E65 
 1586      6420696E 
 1586      7400
 1587              	.LASF49:
 1588 00dd 636F6E74 		.ascii	"context\000"
 1588      65787400 
 1589              	.LASF6:
 1590 00e5 73686F72 		.ascii	"short unsigned int\000"
 1590      7420756E 
 1590      7369676E 
 1590      65642069 
 1590      6E7400
 1591              	.LASF22:
 1592 00f8 6D73675F 		.ascii	"msg_t\000"
 1592      7400
 1593              	.LASF54:
 1594 00fe 725F6E65 		.ascii	"r_newer\000"
 1594      77657200 
 1595              	.LASF17:
 1596 0106 746D6F64 		.ascii	"tmode_t\000"
 1596      655F7400 
 1597              	.LASF46:
 1598 010e 54687265 		.ascii	"ThreadsList\000"
 1598      6164734C 
ARM GAS  /tmp/ccCzf8fd.s 			page 30


 1598      69737400 
 1599              	.LASF74:
 1600 011a 2F686F6D 		.ascii	"/home/lithium/Documentos/ChibiOS_2.6.8/demos/BikeTr"
 1600      652F6C69 
 1600      74686975 
 1600      6D2F446F 
 1600      63756D65 
 1601 014d 61636B65 		.ascii	"acker\000"
 1601      7200
 1602              	.LASF23:
 1603 0153 6576656E 		.ascii	"eventmask_t\000"
 1603      746D6173 
 1603      6B5F7400 
 1604              	.LASF58:
 1605 015f 4D757465 		.ascii	"Mutex\000"
 1605      7800
 1606              	.LASF50:
 1607 0165 73697A65 		.ascii	"sizetype\000"
 1607      74797065 
 1607      00
 1608              	.LASF2:
 1609 016e 6C6F6E67 		.ascii	"long double\000"
 1609      20646F75 
 1609      626C6500 
 1610              	.LASF31:
 1611 017a 705F6F6C 		.ascii	"p_older\000"
 1611      64657200 
 1612              	.LASF53:
 1613 0182 725F6374 		.ascii	"r_ctx\000"
 1613      7800
 1614              	.LASF45:
 1615 0188 54687265 		.ascii	"ThreadsQueue\000"
 1615      61647351 
 1615      75657565 
 1615      00
 1616              	.LASF56:
 1617 0195 725F6375 		.ascii	"r_current\000"
 1617      7272656E 
 1617      7400
 1618              	.LASF55:
 1619 019f 725F6F6C 		.ascii	"r_older\000"
 1619      64657200 
 1620              	.LASF19:
 1621 01a7 74726566 		.ascii	"trefs_t\000"
 1621      735F7400 
 1622              	.LASF27:
 1623 01af 705F7072 		.ascii	"p_prev\000"
 1623      657600
 1624              	.LASF21:
 1625 01b6 74707269 		.ascii	"tprio_t\000"
 1625      6F5F7400 
 1626              	.LASF16:
 1627 01be 5F426F6F 		.ascii	"_Bool\000"
 1627      6C00
 1628              	.LASF14:
 1629 01c4 696E7433 		.ascii	"int32_t\000"
 1629      325F7400 
ARM GAS  /tmp/ccCzf8fd.s 			page 31


 1630              	.LASF4:
 1631 01cc 756E7369 		.ascii	"unsigned char\000"
 1631      676E6564 
 1631      20636861 
 1631      7200
 1632              	.LASF42:
 1633 01da 705F6D74 		.ascii	"p_mtxlist\000"
 1633      786C6973 
 1633      7400
 1634              	.LASF5:
 1635 01e4 73686F72 		.ascii	"short int\000"
 1635      7420696E 
 1635      7400
 1636              	.LASF33:
 1637 01ee 705F7374 		.ascii	"p_state\000"
 1637      61746500 
 1638              	.LASF36:
 1639 01f6 705F7072 		.ascii	"p_preempt\000"
 1639      65656D70 
 1639      7400
 1640              	.LASF52:
 1641 0200 725F7072 		.ascii	"r_prio\000"
 1641      696F00
 1642              	.LASF65:
 1643 0207 65776D61 		.ascii	"ewmask\000"
 1643      736B00
 1644              	.LASF26:
 1645 020e 705F6E65 		.ascii	"p_next\000"
 1645      787400
 1646              	.LASF34:
 1647 0215 705F666C 		.ascii	"p_flags\000"
 1647      61677300 
 1648              	.LASF25:
 1649 021d 54687265 		.ascii	"Thread\000"
 1649      616400
 1650              	.LASF77:
 1651 0224 63684D73 		.ascii	"chMsgRelease\000"
 1651      6752656C 
 1651      65617365 
 1651      00
 1652              	.LASF69:
 1653 0231 63685363 		.ascii	"chSchGoSleepS\000"
 1653      68476F53 
 1653      6C656570 
 1653      5300
 1654              	.LASF41:
 1655 023f 705F6570 		.ascii	"p_epending\000"
 1655      656E6469 
 1655      6E6700
 1656              	.LASF15:
 1657 024a 75696E74 		.ascii	"uint32_t\000"
 1657      33325F74 
 1657      00
 1658              	.LASF51:
 1659 0253 725F7175 		.ascii	"r_queue\000"
 1659      65756500 
 1660              	.LASF70:
ARM GAS  /tmp/ccCzf8fd.s 			page 32


 1661 025b 63685363 		.ascii	"chSchReadyI\000"
 1661      68526561 
 1661      64794900 
 1662              	.LASF66:
 1663 0267 63686172 		.ascii	"char\000"
 1663      00
 1664              	.LASF76:
 1665 026c 6669666F 		.ascii	"fifo_remove\000"
 1665      5F72656D 
 1665      6F766500 
 1666              	.LASF61:
 1667 0278 6D5F6E65 		.ascii	"m_next\000"
 1667      787400
 1668              	.LASF24:
 1669 027f 73797374 		.ascii	"systime_t\000"
 1669      696D655F 
 1669      7400
 1670              	.LASF43:
 1671 0289 705F7265 		.ascii	"p_realprio\000"
 1671      616C7072 
 1671      696F00
 1672              	.LASF8:
 1673 0294 5F5F696E 		.ascii	"__int32_t\000"
 1673      7433325F 
 1673      7400
 1674              	.LASF37:
 1675 029e 705F7469 		.ascii	"p_time\000"
 1675      6D6500
 1676              	.LASF48:
 1677 02a5 696E7463 		.ascii	"intctx\000"
 1677      747800
 1678              	.LASF39:
 1679 02ac 705F6D73 		.ascii	"p_msgqueue\000"
 1679      67717565 
 1679      756500
 1680              	.LASF71:
 1681 02b7 63685363 		.ascii	"chSchWakeupS\000"
 1681      6857616B 
 1681      65757053 
 1681      00
 1682              	.LASF68:
 1683 02c4 63684D73 		.ascii	"chMsgWait\000"
 1683      67576169 
 1683      7400
 1684              	.LASF72:
 1685 02ce 474E5520 		.ascii	"GNU C11 5.3.1 20160307 (release) [ARM/embedded-5-br"
 1685      43313120 
 1685      352E332E 
 1685      31203230 
 1685      31363033 
 1686 0301 616E6368 		.ascii	"anch revision 234589] -mcpu=cortex-m0 -mno-thumb-in"
 1686      20726576 
 1686      6973696F 
 1686      6E203233 
 1686      34353839 
 1687 0334 74657277 		.ascii	"terwork -mthumb -ggdb -O2 -fomit-frame-pointer -fal"
 1687      6F726B20 
ARM GAS  /tmp/ccCzf8fd.s 			page 33


 1687      2D6D7468 
 1687      756D6220 
 1687      2D676764 
 1688 0367 69676E2D 		.ascii	"ign-functions=16 -ffunction-sections -fdata-section"
 1688      66756E63 
 1688      74696F6E 
 1688      733D3136 
 1688      202D6666 
 1689 039a 73202D66 		.ascii	"s -fno-common\000"
 1689      6E6F2D63 
 1689      6F6D6D6F 
 1689      6E00
 1690              	.LASF57:
 1691 03a8 52656164 		.ascii	"ReadyList\000"
 1691      794C6973 
 1691      7400
 1692              	.LASF78:
 1693 03b2 726C6973 		.ascii	"rlist\000"
 1693      7400
 1694              	.LASF13:
 1695 03b8 75696E74 		.ascii	"uint8_t\000"
 1695      385F7400 
 1696              	.LASF64:
 1697 03c0 77746F62 		.ascii	"wtobjp\000"
 1697      6A7000
 1698              	.LASF32:
 1699 03c7 705F6E61 		.ascii	"p_name\000"
 1699      6D6500
 1700              	.LASF73:
 1701 03ce 2E2E2F2E 		.ascii	"../../os/kernel/src/chmsg.c\000"
 1701      2E2F6F73 
 1701      2F6B6572 
 1701      6E656C2F 
 1701      7372632F 
 1702              	.LASF60:
 1703 03ea 6D5F6F77 		.ascii	"m_owner\000"
 1703      6E657200 
 1704              	.LASF29:
 1705 03f2 705F6374 		.ascii	"p_ctx\000"
 1705      7800
 1706              	.LASF38:
 1707 03f8 705F7761 		.ascii	"p_waiting\000"
 1707      6974696E 
 1707      6700
 1708              		.ident	"GCC: (GNU Tools for ARM Embedded Processors) 5.3.1 20160307 (release) [ARM/embedded-5-bran
ARM GAS  /tmp/ccCzf8fd.s 			page 34


DEFINED SYMBOLS
                            *ABS*:00000000 chmsg.c
     /tmp/ccCzf8fd.s:20     .text.chMsgSend:00000000 $t
     /tmp/ccCzf8fd.s:26     .text.chMsgSend:00000000 chMsgSend
     /tmp/ccCzf8fd.s:111    .text.chMsgSend:00000034 $d
     /tmp/ccCzf8fd.s:116    .text.chMsgWait:00000000 $t
     /tmp/ccCzf8fd.s:122    .text.chMsgWait:00000000 chMsgWait
     /tmp/ccCzf8fd.s:191    .text.chMsgWait:00000030 $d
     /tmp/ccCzf8fd.s:196    .text.chMsgRelease:00000000 $t
     /tmp/ccCzf8fd.s:202    .text.chMsgRelease:00000000 chMsgRelease
                     .debug_frame:00000010 $d

UNDEFINED SYMBOLS
chSchGoSleepS
chSchReadyI
rlist
chSchWakeupS
