ARM GAS  /tmp/ccuBT3gZ.s 			page 1


   1              		.syntax unified
   2              		.cpu cortex-m0
   3              		.fpu softvfp
   4              		.eabi_attribute 20, 1
   5              		.eabi_attribute 21, 1
   6              		.eabi_attribute 23, 3
   7              		.eabi_attribute 24, 1
   8              		.eabi_attribute 25, 1
   9              		.eabi_attribute 26, 1
  10              		.eabi_attribute 30, 2
  11              		.eabi_attribute 34, 0
  12              		.eabi_attribute 18, 4
  13              		.thumb
  14              		.syntax unified
  15              		.file	"chsys.c"
  16              		.text
  17              	.Ltext0:
  18              		.cfi_sections	.debug_frame
  19              		.section	.text._idle_thread,"ax",%progbits
  20              		.align	2
  21              		.p2align 4,,15
  22              		.global	_idle_thread
  23              		.code	16
  24              		.thumb_func
  25              		.type	_idle_thread, %function
  26              	_idle_thread:
  27              	.LFB7:
  28              		.file 1 "../../os/kernel/src/chsys.c"
  29              		.loc 1 61 0
  30              		.cfi_startproc
  31              		@ Volatile: function does not return.
  32              		@ args = 0, pretend = 0, frame = 0
  33              		@ frame_needed = 0, uses_anonymous_args = 0
  34              		@ link register save eliminated.
  35              	.LVL0:
  36              		.loc 1 64 0
  37 0000 024B     		ldr	r3, .L4
  38 0002 034A     		ldr	r2, .L4+4
  39 0004 9B69     		ldr	r3, [r3, #24]
  40 0006 9A61     		str	r2, [r3, #24]
  41              	.L2:
  42 0008 FEE7     		b	.L2
  43              	.L5:
  44 000a C046     		.align	2
  45              	.L4:
  46 000c 00000000 		.word	rlist
  47 0010 00000000 		.word	.LC1
  48              		.cfi_endproc
  49              	.LFE7:
  50              		.size	_idle_thread, .-_idle_thread
  51              		.section	.text.chSysInit,"ax",%progbits
  52              		.align	2
  53              		.p2align 4,,15
  54              		.global	chSysInit
  55              		.code	16
  56              		.thumb_func
  57              		.type	chSysInit, %function
ARM GAS  /tmp/ccuBT3gZ.s 			page 2


  58              	chSysInit:
  59              	.LFB8:
  60              		.loc 1 84 0
  61              		.cfi_startproc
  62              		@ args = 0, pretend = 0, frame = 0
  63              		@ frame_needed = 0, uses_anonymous_args = 0
  64 0000 00B5     		push	{lr}
  65              		.cfi_def_cfa_offset 4
  66              		.cfi_offset 14, -4
  67              		.loc 1 90 0
  68 0002 154A     		ldr	r2, .L7
  69 0004 154B     		ldr	r3, .L7+4
  70              		.loc 1 84 0
  71 0006 83B0     		sub	sp, sp, #12
  72              		.cfi_def_cfa_offset 16
  73              		.loc 1 90 0
  74 0008 DA60     		str	r2, [r3, #12]
  75 000a 0021     		movs	r1, #0
  76 000c 0A20     		movs	r0, #10
  77 000e FFF7FEFF 		bl	nvicSetSystemHandlerPriority
  78              	.LVL1:
  79 0012 8021     		movs	r1, #128
  80 0014 0B20     		movs	r0, #11
  81 0016 FFF7FEFF 		bl	nvicSetSystemHandlerPriority
  82              	.LVL2:
  83              		.loc 1 91 0
  84 001a FFF7FEFF 		bl	_scheduler_init
  85              	.LVL3:
  86              		.loc 1 92 0
  87 001e FFF7FEFF 		bl	_vt_init
  88              	.LVL4:
  89              		.loc 1 94 0
  90 0022 FFF7FEFF 		bl	_core_init
  91              	.LVL5:
  92              		.loc 1 97 0
  93 0026 FFF7FEFF 		bl	_heap_init
  94              	.LVL6:
  95              		.loc 1 104 0
  96 002a 4021     		movs	r1, #64
  97 002c 0C48     		ldr	r0, .L7+8
  98 002e FFF7FEFF 		bl	_thread_init
  99              	.LVL7:
 100              		.loc 1 105 0
 101 0032 0122     		movs	r2, #1
 102              		.loc 1 104 0
 103 0034 0B4B     		ldr	r3, .L7+12
 104              		.loc 1 105 0
 105 0036 0277     		strb	r2, [r0, #28]
 106              		.loc 1 104 0
 107 0038 9861     		str	r0, [r3, #24]
 108              		.loc 1 111 0
 109              		.syntax divided
 110              	@ 111 "../../os/kernel/src/chsys.c" 1
 111 003a 62B6     		cpsie   i
 112              	@ 0 "" 2
 113              		.loc 1 115 0
 114              		.thumb
ARM GAS  /tmp/ccuBT3gZ.s 			page 3


 115              		.syntax unified
 116 003c 0A4A     		ldr	r2, .L7+16
 117 003e 9B69     		ldr	r3, [r3, #24]
 118              		.loc 1 121 0
 119 0040 E021     		movs	r1, #224
 120              		.loc 1 115 0
 121 0042 9A61     		str	r2, [r3, #24]
 122              		.loc 1 121 0
 123 0044 0023     		movs	r3, #0
 124 0046 0122     		movs	r2, #1
 125 0048 0093     		str	r3, [sp]
 126 004a 0848     		ldr	r0, .L7+20
 127 004c 084B     		ldr	r3, .L7+24
 128 004e FFF7FEFF 		bl	chThdCreateStatic
 129              	.LVL8:
 130              		.loc 1 124 0
 131 0052 03B0     		add	sp, sp, #12
 132              		@ sp needed
 133 0054 00BD     		pop	{pc}
 134              	.L8:
 135 0056 C046     		.align	2
 136              	.L7:
 137 0058 0000FA05 		.word	100270080
 138 005c 00ED00E0 		.word	-536810240
 139 0060 00000000 		.word	.LANCHOR0
 140 0064 00000000 		.word	rlist
 141 0068 00000000 		.word	ch_debug
 142 006c 00000000 		.word	.LANCHOR1
 143 0070 00000000 		.word	_idle_thread
 144              		.cfi_endproc
 145              	.LFE8:
 146              		.size	chSysInit, .-chSysInit
 147              		.section	.text.chSysTimerHandlerI,"ax",%progbits
 148              		.align	2
 149              		.p2align 4,,15
 150              		.global	chSysTimerHandlerI
 151              		.code	16
 152              		.thumb_func
 153              		.type	chSysTimerHandlerI, %function
 154              	chSysTimerHandlerI:
 155              	.LFB9:
 156              		.loc 1 137 0
 157              		.cfi_startproc
 158              		@ args = 0, pretend = 0, frame = 0
 159              		@ frame_needed = 0, uses_anonymous_args = 0
 160 0000 70B5     		push	{r4, r5, r6, lr}
 161              		.cfi_def_cfa_offset 16
 162              		.cfi_offset 4, -16
 163              		.cfi_offset 5, -12
 164              		.cfi_offset 6, -8
 165              		.cfi_offset 14, -4
 166              		.loc 1 143 0
 167 0002 124B     		ldr	r3, .L19
 168 0004 9B69     		ldr	r3, [r3, #24]
 169 0006 DA7F     		ldrb	r2, [r3, #31]
 170 0008 002A     		cmp	r2, #0
 171 000a 01D0     		beq	.L10
ARM GAS  /tmp/ccuBT3gZ.s 			page 4


 172              		.loc 1 145 0
 173 000c 013A     		subs	r2, r2, #1
 174 000e DA77     		strb	r2, [r3, #31]
 175              	.L10:
 176              		.loc 1 148 0
 177 0010 1A6A     		ldr	r2, [r3, #32]
 178              		.loc 1 150 0
 179 0012 0F4C     		ldr	r4, .L19+4
 180              		.loc 1 148 0
 181 0014 0132     		adds	r2, r2, #1
 182 0016 1A62     		str	r2, [r3, #32]
 183              		.loc 1 150 0
 184 0018 E368     		ldr	r3, [r4, #12]
 185 001a 0133     		adds	r3, r3, #1
 186 001c E360     		str	r3, [r4, #12]
 187 001e 2368     		ldr	r3, [r4]
 188 0020 A342     		cmp	r3, r4
 189 0022 12D0     		beq	.L9
 190              	.LBB2:
 191              		.loc 1 150 0 is_stmt 0 discriminator 1
 192 0024 9A68     		ldr	r2, [r3, #8]
 193 0026 013A     		subs	r2, r2, #1
 194 0028 9A60     		str	r2, [r3, #8]
 195              	.LVL9:
 196 002a 002A     		cmp	r2, #0
 197 002c 0DD1     		bne	.L9
 198              	.LBB3:
 199              		.loc 1 150 0 discriminator 4
 200 002e 0025     		movs	r5, #0
 201              	.L13:
 202 0030 1A68     		ldr	r2, [r3]
 203 0032 D968     		ldr	r1, [r3, #12]
 204              	.LVL10:
 205 0034 2260     		str	r2, [r4]
 206 0036 DD60     		str	r5, [r3, #12]
 207 0038 5460     		str	r4, [r2, #4]
 208              		.syntax divided
 209              	@ 150 "../../os/kernel/src/chsys.c" 1
 210 003a 62B6     		cpsie   i
 211              	@ 0 "" 2
 212              		.thumb
 213              		.syntax unified
 214 003c 1869     		ldr	r0, [r3, #16]
 215 003e 8847     		blx	r1
 216              	.LVL11:
 217              		.syntax divided
 218              	@ 150 "../../os/kernel/src/chsys.c" 1
 219 0040 72B6     		cpsid   i
 220              	@ 0 "" 2
 221              		.thumb
 222              		.syntax unified
 223              	.LBE3:
 224 0042 2368     		ldr	r3, [r4]
 225              	.LVL12:
 226 0044 9A68     		ldr	r2, [r3, #8]
 227 0046 002A     		cmp	r2, #0
 228 0048 F2D0     		beq	.L13
ARM GAS  /tmp/ccuBT3gZ.s 			page 5


 229              	.LVL13:
 230              	.L9:
 231              	.LBE2:
 232              		.loc 1 154 0 is_stmt 1
 233              		@ sp needed
 234 004a 70BD     		pop	{r4, r5, r6, pc}
 235              	.L20:
 236              		.align	2
 237              	.L19:
 238 004c 00000000 		.word	rlist
 239 0050 00000000 		.word	vtlist
 240              		.cfi_endproc
 241              	.LFE9:
 242              		.size	chSysTimerHandlerI, .-chSysTimerHandlerI
 243              		.global	_idle_thread_wa
 244              		.section	.rodata.str1.4,"aMS",%progbits,1
 245              		.align	2
 246              	.LC1:
 247 0000 69646C65 		.ascii	"idle\000"
 247      00
 248              		.section	.bss.mainthread.4902,"aw",%nobits
 249              		.align	2
 250              		.set	.LANCHOR0,. + 0
 251              		.type	mainthread.4902, %object
 252              		.size	mainthread.4902, 72
 253              	mainthread.4902:
 254 0000 00000000 		.space	72
 254      00000000 
 254      00000000 
 254      00000000 
 254      00000000 
 255              		.section	.bss._idle_thread_wa,"aw",%nobits
 256              		.align	3
 257              		.set	.LANCHOR1,. + 0
 258              		.type	_idle_thread_wa, %object
 259              		.size	_idle_thread_wa, 224
 260              	_idle_thread_wa:
 261 0000 00000000 		.space	224
 261      00000000 
 261      00000000 
 261      00000000 
 261      00000000 
 262              		.text
 263              	.Letext0:
 264              		.file 2 "/home/lithium/Descargas/gcc-arm-none-eabi-5_3-2016q1/arm-none-eabi/include/machine/_defau
 265              		.file 3 "/home/lithium/Descargas/gcc-arm-none-eabi-5_3-2016q1/arm-none-eabi/include/sys/_stdint.h"
 266              		.file 4 "../../os/ports/GCC/ARMCMx/chtypes.h"
 267              		.file 5 "../../os/kernel/include/chlists.h"
 268              		.file 6 "../../os/kernel/include/chthreads.h"
 269              		.file 7 "../../os/ports/GCC/ARMCMx/chcore_v6m.h"
 270              		.file 8 "../../os/ports/common/ARMCMx/nvic.h"
 271              		.file 9 "../../os/kernel/include/chvt.h"
 272              		.file 10 "../../os/kernel/include/chschd.h"
 273              		.file 11 "../../os/kernel/include/chmtx.h"
 274              		.file 12 "../../os/kernel/include/chregistry.h"
 275              		.file 13 "../../os/kernel/include/chmemcore.h"
 276              		.file 14 "../../os/kernel/include/chheap.h"
ARM GAS  /tmp/ccuBT3gZ.s 			page 6


 277              		.section	.debug_info,"",%progbits
 278              	.Ldebug_info0:
 279 0000 4A090000 		.4byte	0x94a
 280 0004 0400     		.2byte	0x4
 281 0006 00000000 		.4byte	.Ldebug_abbrev0
 282 000a 04       		.byte	0x4
 283 000b 01       		.uleb128 0x1
 284 000c EA040000 		.4byte	.LASF132
 285 0010 0C       		.byte	0xc
 286 0011 D9050000 		.4byte	.LASF133
 287 0015 8B020000 		.4byte	.LASF134
 288 0019 00000000 		.4byte	.Ldebug_ranges0+0
 289 001d 00000000 		.4byte	0
 290 0021 00000000 		.4byte	.Ldebug_line0
 291 0025 02       		.uleb128 0x2
 292 0026 04       		.byte	0x4
 293 0027 05       		.byte	0x5
 294 0028 696E7400 		.ascii	"int\000"
 295 002c 03       		.uleb128 0x3
 296 002d 04       		.byte	0x4
 297 002e 07       		.byte	0x7
 298 002f 81010000 		.4byte	.LASF0
 299 0033 03       		.uleb128 0x3
 300 0034 08       		.byte	0x8
 301 0035 05       		.byte	0x5
 302 0036 B6000000 		.4byte	.LASF1
 303 003a 03       		.uleb128 0x3
 304 003b 08       		.byte	0x8
 305 003c 04       		.byte	0x4
 306 003d E1020000 		.4byte	.LASF2
 307 0041 03       		.uleb128 0x3
 308 0042 01       		.byte	0x1
 309 0043 06       		.byte	0x6
 310 0044 C4000000 		.4byte	.LASF3
 311 0048 04       		.uleb128 0x4
 312 0049 2C000000 		.4byte	.LASF6
 313 004d 02       		.byte	0x2
 314 004e 1D       		.byte	0x1d
 315 004f 53000000 		.4byte	0x53
 316 0053 03       		.uleb128 0x3
 317 0054 01       		.byte	0x1
 318 0055 08       		.byte	0x8
 319 0056 89030000 		.4byte	.LASF4
 320 005a 03       		.uleb128 0x3
 321 005b 02       		.byte	0x2
 322 005c 05       		.byte	0x5
 323 005d B2030000 		.4byte	.LASF5
 324 0061 04       		.uleb128 0x4
 325 0062 79040000 		.4byte	.LASF7
 326 0066 02       		.byte	0x2
 327 0067 2B       		.byte	0x2b
 328 0068 6C000000 		.4byte	0x6c
 329 006c 03       		.uleb128 0x3
 330 006d 02       		.byte	0x2
 331 006e 07       		.byte	0x7
 332 006f ED010000 		.4byte	.LASF8
 333 0073 04       		.uleb128 0x4
ARM GAS  /tmp/ccuBT3gZ.s 			page 7


 334 0074 A0040000 		.4byte	.LASF9
 335 0078 02       		.byte	0x2
 336 0079 3F       		.byte	0x3f
 337 007a 7E000000 		.4byte	0x7e
 338 007e 03       		.uleb128 0x3
 339 007f 04       		.byte	0x4
 340 0080 05       		.byte	0x5
 341 0081 07010000 		.4byte	.LASF10
 342 0085 04       		.uleb128 0x4
 343 0086 50010000 		.4byte	.LASF11
 344 008a 02       		.byte	0x2
 345 008b 41       		.byte	0x41
 346 008c 90000000 		.4byte	0x90
 347 0090 03       		.uleb128 0x3
 348 0091 04       		.byte	0x4
 349 0092 07       		.byte	0x7
 350 0093 A3010000 		.4byte	.LASF12
 351 0097 04       		.uleb128 0x4
 352 0098 4E030000 		.4byte	.LASF13
 353 009c 02       		.byte	0x2
 354 009d 5B       		.byte	0x5b
 355 009e A2000000 		.4byte	0xa2
 356 00a2 03       		.uleb128 0x3
 357 00a3 08       		.byte	0x8
 358 00a4 07       		.byte	0x7
 359 00a5 58000000 		.4byte	.LASF14
 360 00a9 04       		.uleb128 0x4
 361 00aa F5050000 		.4byte	.LASF15
 362 00ae 03       		.byte	0x3
 363 00af 14       		.byte	0x14
 364 00b0 48000000 		.4byte	0x48
 365 00b4 04       		.uleb128 0x4
 366 00b5 20010000 		.4byte	.LASF16
 367 00b9 03       		.byte	0x3
 368 00ba 1A       		.byte	0x1a
 369 00bb 61000000 		.4byte	0x61
 370 00bf 04       		.uleb128 0x4
 371 00c0 81030000 		.4byte	.LASF17
 372 00c4 03       		.byte	0x3
 373 00c5 1F       		.byte	0x1f
 374 00c6 73000000 		.4byte	0x73
 375 00ca 04       		.uleb128 0x4
 376 00cb 42040000 		.4byte	.LASF18
 377 00cf 03       		.byte	0x3
 378 00d0 20       		.byte	0x20
 379 00d1 85000000 		.4byte	0x85
 380 00d5 04       		.uleb128 0x4
 381 00d6 23000000 		.4byte	.LASF19
 382 00da 03       		.byte	0x3
 383 00db 26       		.byte	0x26
 384 00dc 97000000 		.4byte	0x97
 385 00e0 03       		.uleb128 0x3
 386 00e1 01       		.byte	0x1
 387 00e2 02       		.byte	0x2
 388 00e3 7B030000 		.4byte	.LASF20
 389 00e7 04       		.uleb128 0x4
 390 00e8 24020000 		.4byte	.LASF21
ARM GAS  /tmp/ccuBT3gZ.s 			page 8


 391 00ec 04       		.byte	0x4
 392 00ed 2C       		.byte	0x2c
 393 00ee A9000000 		.4byte	0xa9
 394 00f2 04       		.uleb128 0x4
 395 00f3 10010000 		.4byte	.LASF22
 396 00f7 04       		.byte	0x4
 397 00f8 2D       		.byte	0x2d
 398 00f9 A9000000 		.4byte	0xa9
 399 00fd 04       		.uleb128 0x4
 400 00fe 59030000 		.4byte	.LASF23
 401 0102 04       		.byte	0x4
 402 0103 2E       		.byte	0x2e
 403 0104 A9000000 		.4byte	0xa9
 404 0108 04       		.uleb128 0x4
 405 0109 FD000000 		.4byte	.LASF24
 406 010d 04       		.byte	0x4
 407 010e 2F       		.byte	0x2f
 408 010f A9000000 		.4byte	0xa9
 409 0113 04       		.uleb128 0x4
 410 0114 73030000 		.4byte	.LASF25
 411 0118 04       		.byte	0x4
 412 0119 30       		.byte	0x30
 413 011a CA000000 		.4byte	0xca
 414 011e 04       		.uleb128 0x4
 415 011f 05020000 		.4byte	.LASF26
 416 0123 04       		.byte	0x4
 417 0124 31       		.byte	0x31
 418 0125 BF000000 		.4byte	0xbf
 419 0129 04       		.uleb128 0x4
 420 012a 38020000 		.4byte	.LASF27
 421 012e 04       		.byte	0x4
 422 012f 33       		.byte	0x33
 423 0130 CA000000 		.4byte	0xca
 424 0134 04       		.uleb128 0x4
 425 0135 8B040000 		.4byte	.LASF28
 426 0139 04       		.byte	0x4
 427 013a 35       		.byte	0x35
 428 013b CA000000 		.4byte	0xca
 429 013f 04       		.uleb128 0x4
 430 0140 23040000 		.4byte	.LASF29
 431 0144 05       		.byte	0x5
 432 0145 2A       		.byte	0x2a
 433 0146 4A010000 		.4byte	0x14a
 434 014a 05       		.uleb128 0x5
 435 014b 23040000 		.4byte	.LASF29
 436 014f 48       		.byte	0x48
 437 0150 06       		.byte	0x6
 438 0151 5E       		.byte	0x5e
 439 0152 47020000 		.4byte	0x247
 440 0156 06       		.uleb128 0x6
 441 0157 05040000 		.4byte	.LASF30
 442 015b 06       		.byte	0x6
 443 015c 5F       		.byte	0x5f
 444 015d 68020000 		.4byte	0x268
 445 0161 00       		.byte	0
 446 0162 06       		.uleb128 0x6
 447 0163 6C030000 		.4byte	.LASF31
ARM GAS  /tmp/ccuBT3gZ.s 			page 9


 448 0167 06       		.byte	0x6
 449 0168 61       		.byte	0x61
 450 0169 68020000 		.4byte	0x268
 451 016d 04       		.byte	0x4
 452 016e 06       		.uleb128 0x6
 453 016f 97000000 		.4byte	.LASF32
 454 0173 06       		.byte	0x6
 455 0174 63       		.byte	0x63
 456 0175 13010000 		.4byte	0x113
 457 0179 08       		.byte	0x8
 458 017a 06       		.uleb128 0x6
 459 017b 30060000 		.4byte	.LASF33
 460 017f 06       		.byte	0x6
 461 0180 64       		.byte	0x64
 462 0181 23030000 		.4byte	0x323
 463 0185 0C       		.byte	0xc
 464 0186 06       		.uleb128 0x6
 465 0187 33010000 		.4byte	.LASF34
 466 018b 06       		.byte	0x6
 467 018c 66       		.byte	0x66
 468 018d 68020000 		.4byte	0x268
 469 0191 10       		.byte	0x10
 470 0192 06       		.uleb128 0x6
 471 0193 FE020000 		.4byte	.LASF35
 472 0197 06       		.byte	0x6
 473 0198 67       		.byte	0x67
 474 0199 68020000 		.4byte	0x268
 475 019d 14       		.byte	0x14
 476 019e 06       		.uleb128 0x6
 477 019f 04060000 		.4byte	.LASF36
 478 01a3 06       		.byte	0x6
 479 01a4 6E       		.byte	0x6e
 480 01a5 54060000 		.4byte	0x654
 481 01a9 18       		.byte	0x18
 482 01aa 06       		.uleb128 0x6
 483 01ab BC030000 		.4byte	.LASF37
 484 01af 06       		.byte	0x6
 485 01b0 79       		.byte	0x79
 486 01b1 F2000000 		.4byte	0xf2
 487 01b5 1C       		.byte	0x1c
 488 01b6 06       		.uleb128 0x6
 489 01b7 1B040000 		.4byte	.LASF38
 490 01bb 06       		.byte	0x6
 491 01bc 7D       		.byte	0x7d
 492 01bd E7000000 		.4byte	0xe7
 493 01c1 1D       		.byte	0x1d
 494 01c2 06       		.uleb128 0x6
 495 01c3 19010000 		.4byte	.LASF39
 496 01c7 06       		.byte	0x6
 497 01c8 82       		.byte	0x82
 498 01c9 FD000000 		.4byte	0xfd
 499 01cd 1E       		.byte	0x1e
 500 01ce 06       		.uleb128 0x6
 501 01cf C4030000 		.4byte	.LASF40
 502 01d3 06       		.byte	0x6
 503 01d4 88       		.byte	0x88
 504 01d5 08010000 		.4byte	0x108
ARM GAS  /tmp/ccuBT3gZ.s 			page 10


 505 01d9 1F       		.byte	0x1f
 506 01da 06       		.uleb128 0x6
 507 01db B3040000 		.4byte	.LASF41
 508 01df 06       		.byte	0x6
 509 01e0 8F       		.byte	0x8f
 510 01e1 71050000 		.4byte	0x571
 511 01e5 20       		.byte	0x20
 512 01e6 07       		.uleb128 0x7
 513 01e7 705F7500 		.ascii	"p_u\000"
 514 01eb 06       		.byte	0x6
 515 01ec B4       		.byte	0xb4
 516 01ed 1F060000 		.4byte	0x61f
 517 01f1 24       		.byte	0x24
 518 01f2 06       		.uleb128 0x6
 519 01f3 36060000 		.4byte	.LASF42
 520 01f7 06       		.byte	0x6
 521 01f8 B9       		.byte	0xb9
 522 01f9 8E020000 		.4byte	0x28e
 523 01fd 28       		.byte	0x28
 524 01fe 06       		.uleb128 0x6
 525 01ff C6040000 		.4byte	.LASF43
 526 0203 06       		.byte	0x6
 527 0204 BF       		.byte	0xbf
 528 0205 6E020000 		.4byte	0x26e
 529 0209 2C       		.byte	0x2c
 530 020a 06       		.uleb128 0x6
 531 020b 15000000 		.4byte	.LASF44
 532 020f 06       		.byte	0x6
 533 0210 C3       		.byte	0xc3
 534 0211 1E010000 		.4byte	0x11e
 535 0215 34       		.byte	0x34
 536 0216 06       		.uleb128 0x6
 537 0217 37040000 		.4byte	.LASF45
 538 021b 06       		.byte	0x6
 539 021c C9       		.byte	0xc9
 540 021d 29010000 		.4byte	0x129
 541 0221 38       		.byte	0x38
 542 0222 06       		.uleb128 0x6
 543 0223 A8030000 		.4byte	.LASF46
 544 0227 06       		.byte	0x6
 545 0228 D0       		.byte	0xd0
 546 0229 66060000 		.4byte	0x666
 547 022d 3C       		.byte	0x3c
 548 022e 06       		.uleb128 0x6
 549 022f 95040000 		.4byte	.LASF47
 550 0233 06       		.byte	0x6
 551 0234 D4       		.byte	0xd4
 552 0235 13010000 		.4byte	0x113
 553 0239 40       		.byte	0x40
 554 023a 06       		.uleb128 0x6
 555 023b ED000000 		.4byte	.LASF48
 556 023f 06       		.byte	0x6
 557 0240 DA       		.byte	0xda
 558 0241 A4020000 		.4byte	0x2a4
 559 0245 44       		.byte	0x44
 560 0246 00       		.byte	0
 561 0247 08       		.uleb128 0x8
ARM GAS  /tmp/ccuBT3gZ.s 			page 11


 562 0248 08       		.byte	0x8
 563 0249 05       		.byte	0x5
 564 024a 61       		.byte	0x61
 565 024b 68020000 		.4byte	0x268
 566 024f 06       		.uleb128 0x6
 567 0250 05040000 		.4byte	.LASF30
 568 0254 05       		.byte	0x5
 569 0255 62       		.byte	0x62
 570 0256 68020000 		.4byte	0x268
 571 025a 00       		.byte	0
 572 025b 06       		.uleb128 0x6
 573 025c 6C030000 		.4byte	.LASF31
 574 0260 05       		.byte	0x5
 575 0261 64       		.byte	0x64
 576 0262 68020000 		.4byte	0x268
 577 0266 04       		.byte	0x4
 578 0267 00       		.byte	0
 579 0268 09       		.uleb128 0x9
 580 0269 04       		.byte	0x4
 581 026a 3F010000 		.4byte	0x13f
 582 026e 04       		.uleb128 0x4
 583 026f 0C030000 		.4byte	.LASF49
 584 0273 05       		.byte	0x5
 585 0274 66       		.byte	0x66
 586 0275 47020000 		.4byte	0x247
 587 0279 08       		.uleb128 0x8
 588 027a 04       		.byte	0x4
 589 027b 05       		.byte	0x5
 590 027c 6B       		.byte	0x6b
 591 027d 8E020000 		.4byte	0x28e
 592 0281 06       		.uleb128 0x6
 593 0282 05040000 		.4byte	.LASF30
 594 0286 05       		.byte	0x5
 595 0287 6D       		.byte	0x6d
 596 0288 68020000 		.4byte	0x268
 597 028c 00       		.byte	0
 598 028d 00       		.byte	0
 599 028e 04       		.uleb128 0x4
 600 028f 2C020000 		.4byte	.LASF50
 601 0293 05       		.byte	0x5
 602 0294 70       		.byte	0x70
 603 0295 79020000 		.4byte	0x279
 604 0299 04       		.uleb128 0x4
 605 029a 5B010000 		.4byte	.LASF51
 606 029e 07       		.byte	0x7
 607 029f A7       		.byte	0xa7
 608 02a0 A4020000 		.4byte	0x2a4
 609 02a4 0A       		.uleb128 0xa
 610 02a5 04       		.byte	0x4
 611 02a6 04       		.uleb128 0x4
 612 02a7 4A020000 		.4byte	.LASF52
 613 02ab 07       		.byte	0x7
 614 02ac AD       		.byte	0xad
 615 02ad D5000000 		.4byte	0xd5
 616 02b1 05       		.uleb128 0x5
 617 02b2 BF040000 		.4byte	.LASF53
 618 02b6 24       		.byte	0x24
ARM GAS  /tmp/ccuBT3gZ.s 			page 12


 619 02b7 07       		.byte	0x7
 620 02b8 BA       		.byte	0xba
 621 02b9 23030000 		.4byte	0x323
 622 02bd 07       		.uleb128 0x7
 623 02be 723800   		.ascii	"r8\000"
 624 02c1 07       		.byte	0x7
 625 02c2 BB       		.byte	0xbb
 626 02c3 99020000 		.4byte	0x299
 627 02c7 00       		.byte	0
 628 02c8 07       		.uleb128 0x7
 629 02c9 723900   		.ascii	"r9\000"
 630 02cc 07       		.byte	0x7
 631 02cd BC       		.byte	0xbc
 632 02ce 99020000 		.4byte	0x299
 633 02d2 04       		.byte	0x4
 634 02d3 07       		.uleb128 0x7
 635 02d4 72313000 		.ascii	"r10\000"
 636 02d8 07       		.byte	0x7
 637 02d9 BD       		.byte	0xbd
 638 02da 99020000 		.4byte	0x299
 639 02de 08       		.byte	0x8
 640 02df 07       		.uleb128 0x7
 641 02e0 72313100 		.ascii	"r11\000"
 642 02e4 07       		.byte	0x7
 643 02e5 BE       		.byte	0xbe
 644 02e6 99020000 		.4byte	0x299
 645 02ea 0C       		.byte	0xc
 646 02eb 07       		.uleb128 0x7
 647 02ec 723400   		.ascii	"r4\000"
 648 02ef 07       		.byte	0x7
 649 02f0 BF       		.byte	0xbf
 650 02f1 99020000 		.4byte	0x299
 651 02f5 10       		.byte	0x10
 652 02f6 07       		.uleb128 0x7
 653 02f7 723500   		.ascii	"r5\000"
 654 02fa 07       		.byte	0x7
 655 02fb C0       		.byte	0xc0
 656 02fc 99020000 		.4byte	0x299
 657 0300 14       		.byte	0x14
 658 0301 07       		.uleb128 0x7
 659 0302 723600   		.ascii	"r6\000"
 660 0305 07       		.byte	0x7
 661 0306 C1       		.byte	0xc1
 662 0307 99020000 		.4byte	0x299
 663 030b 18       		.byte	0x18
 664 030c 07       		.uleb128 0x7
 665 030d 723700   		.ascii	"r7\000"
 666 0310 07       		.byte	0x7
 667 0311 C2       		.byte	0xc2
 668 0312 99020000 		.4byte	0x299
 669 0316 1C       		.byte	0x1c
 670 0317 07       		.uleb128 0x7
 671 0318 6C7200   		.ascii	"lr\000"
 672 031b 07       		.byte	0x7
 673 031c C3       		.byte	0xc3
 674 031d 99020000 		.4byte	0x299
 675 0321 20       		.byte	0x20
ARM GAS  /tmp/ccuBT3gZ.s 			page 13


 676 0322 00       		.byte	0
 677 0323 05       		.uleb128 0x5
 678 0324 E5010000 		.4byte	.LASF54
 679 0328 04       		.byte	0x4
 680 0329 07       		.byte	0x7
 681 032a CD       		.byte	0xcd
 682 032b 3C030000 		.4byte	0x33c
 683 032f 07       		.uleb128 0x7
 684 0330 72313300 		.ascii	"r13\000"
 685 0334 07       		.byte	0x7
 686 0335 CE       		.byte	0xce
 687 0336 3C030000 		.4byte	0x33c
 688 033a 00       		.byte	0
 689 033b 00       		.byte	0
 690 033c 09       		.uleb128 0x9
 691 033d 04       		.byte	0x4
 692 033e B1020000 		.4byte	0x2b1
 693 0342 04       		.uleb128 0x4
 694 0343 71040000 		.4byte	.LASF55
 695 0347 08       		.byte	0x8
 696 0348 3A       		.byte	0x3a
 697 0349 4D030000 		.4byte	0x34d
 698 034d 0B       		.uleb128 0xb
 699 034e CA000000 		.4byte	0xca
 700 0352 03       		.uleb128 0x3
 701 0353 04       		.byte	0x4
 702 0354 07       		.byte	0x7
 703 0355 D8020000 		.4byte	.LASF56
 704 0359 08       		.uleb128 0x8
 705 035a 8C       		.byte	0x8c
 706 035b 08       		.byte	0x8
 707 035c 89       		.byte	0x89
 708 035d 5E040000 		.4byte	0x45e
 709 0361 06       		.uleb128 0x6
 710 0362 91000000 		.4byte	.LASF57
 711 0366 08       		.byte	0x8
 712 0367 8A       		.byte	0x8a
 713 0368 42030000 		.4byte	0x342
 714 036c 00       		.byte	0
 715 036d 06       		.uleb128 0x6
 716 036e 00020000 		.4byte	.LASF58
 717 0372 08       		.byte	0x8
 718 0373 8B       		.byte	0x8b
 719 0374 42030000 		.4byte	0x342
 720 0378 04       		.byte	0x4
 721 0379 06       		.uleb128 0x6
 722 037a D3010000 		.4byte	.LASF59
 723 037e 08       		.byte	0x8
 724 037f 8C       		.byte	0x8c
 725 0380 42030000 		.4byte	0x342
 726 0384 08       		.byte	0x8
 727 0385 06       		.uleb128 0x6
 728 0386 0B020000 		.4byte	.LASF60
 729 038a 08       		.byte	0x8
 730 038b 8D       		.byte	0x8d
 731 038c 42030000 		.4byte	0x342
 732 0390 0C       		.byte	0xc
ARM GAS  /tmp/ccuBT3gZ.s 			page 14


 733 0391 07       		.uleb128 0x7
 734 0392 53435200 		.ascii	"SCR\000"
 735 0396 08       		.byte	0x8
 736 0397 8E       		.byte	0x8e
 737 0398 42030000 		.4byte	0x342
 738 039c 10       		.byte	0x10
 739 039d 07       		.uleb128 0x7
 740 039e 43435200 		.ascii	"CCR\000"
 741 03a2 08       		.byte	0x8
 742 03a3 8F       		.byte	0x8f
 743 03a4 42030000 		.4byte	0x342
 744 03a8 14       		.byte	0x14
 745 03a9 06       		.uleb128 0x6
 746 03aa BA040000 		.4byte	.LASF61
 747 03ae 08       		.byte	0x8
 748 03af 90       		.byte	0x90
 749 03b0 6E040000 		.4byte	0x46e
 750 03b4 18       		.byte	0x18
 751 03b5 06       		.uleb128 0x6
 752 03b6 A2030000 		.4byte	.LASF62
 753 03ba 08       		.byte	0x8
 754 03bb 91       		.byte	0x91
 755 03bc 42030000 		.4byte	0x342
 756 03c0 24       		.byte	0x24
 757 03c1 06       		.uleb128 0x6
 758 03c2 ED020000 		.4byte	.LASF63
 759 03c6 08       		.byte	0x8
 760 03c7 92       		.byte	0x92
 761 03c8 42030000 		.4byte	0x342
 762 03cc 28       		.byte	0x28
 763 03cd 06       		.uleb128 0x6
 764 03ce 23060000 		.4byte	.LASF64
 765 03d2 08       		.byte	0x8
 766 03d3 93       		.byte	0x93
 767 03d4 42030000 		.4byte	0x342
 768 03d8 2C       		.byte	0x2c
 769 03d9 06       		.uleb128 0x6
 770 03da 11020000 		.4byte	.LASF65
 771 03de 08       		.byte	0x8
 772 03df 94       		.byte	0x94
 773 03e0 42030000 		.4byte	0x342
 774 03e4 30       		.byte	0x30
 775 03e5 06       		.uleb128 0x6
 776 03e6 1E020000 		.4byte	.LASF66
 777 03ea 08       		.byte	0x8
 778 03eb 95       		.byte	0x95
 779 03ec 42030000 		.4byte	0x342
 780 03f0 34       		.byte	0x34
 781 03f1 06       		.uleb128 0x6
 782 03f2 4B010000 		.4byte	.LASF67
 783 03f6 08       		.byte	0x8
 784 03f7 96       		.byte	0x96
 785 03f8 42030000 		.4byte	0x342
 786 03fc 38       		.byte	0x38
 787 03fd 06       		.uleb128 0x6
 788 03fe 5F040000 		.4byte	.LASF68
 789 0402 08       		.byte	0x8
ARM GAS  /tmp/ccuBT3gZ.s 			page 15


 790 0403 97       		.byte	0x97
 791 0404 42030000 		.4byte	0x342
 792 0408 3C       		.byte	0x3c
 793 0409 07       		.uleb128 0x7
 794 040a 50465200 		.ascii	"PFR\000"
 795 040e 08       		.byte	0x8
 796 040f 98       		.byte	0x98
 797 0410 83040000 		.4byte	0x483
 798 0414 40       		.byte	0x40
 799 0415 07       		.uleb128 0x7
 800 0416 44465200 		.ascii	"DFR\000"
 801 041a 08       		.byte	0x8
 802 041b 99       		.byte	0x99
 803 041c 42030000 		.4byte	0x342
 804 0420 48       		.byte	0x48
 805 0421 07       		.uleb128 0x7
 806 0422 41445200 		.ascii	"ADR\000"
 807 0426 08       		.byte	0x8
 808 0427 9A       		.byte	0x9a
 809 0428 42030000 		.4byte	0x342
 810 042c 4C       		.byte	0x4c
 811 042d 06       		.uleb128 0x6
 812 042e CE050000 		.4byte	.LASF69
 813 0432 08       		.byte	0x8
 814 0433 9B       		.byte	0x9b
 815 0434 98040000 		.4byte	0x498
 816 0438 50       		.byte	0x50
 817 0439 07       		.uleb128 0x7
 818 043a 53415200 		.ascii	"SAR\000"
 819 043e 08       		.byte	0x8
 820 043f 9C       		.byte	0x9c
 821 0440 AD040000 		.4byte	0x4ad
 822 0444 60       		.byte	0x60
 823 0445 06       		.uleb128 0x6
 824 0446 64040000 		.4byte	.LASF70
 825 044a 08       		.byte	0x8
 826 044b 9D       		.byte	0x9d
 827 044c B2040000 		.4byte	0x4b2
 828 0450 74       		.byte	0x74
 829 0451 06       		.uleb128 0x6
 830 0452 1D060000 		.4byte	.LASF71
 831 0456 08       		.byte	0x8
 832 0457 9E       		.byte	0x9e
 833 0458 42030000 		.4byte	0x342
 834 045c 88       		.byte	0x88
 835 045d 00       		.byte	0
 836 045e 0C       		.uleb128 0xc
 837 045f 42030000 		.4byte	0x342
 838 0463 6E040000 		.4byte	0x46e
 839 0467 0D       		.uleb128 0xd
 840 0468 52030000 		.4byte	0x352
 841 046c 02       		.byte	0x2
 842 046d 00       		.byte	0
 843 046e 0B       		.uleb128 0xb
 844 046f 5E040000 		.4byte	0x45e
 845 0473 0C       		.uleb128 0xc
 846 0474 42030000 		.4byte	0x342
ARM GAS  /tmp/ccuBT3gZ.s 			page 16


 847 0478 83040000 		.4byte	0x483
 848 047c 0D       		.uleb128 0xd
 849 047d 52030000 		.4byte	0x352
 850 0481 01       		.byte	0x1
 851 0482 00       		.byte	0
 852 0483 0B       		.uleb128 0xb
 853 0484 73040000 		.4byte	0x473
 854 0488 0C       		.uleb128 0xc
 855 0489 42030000 		.4byte	0x342
 856 048d 98040000 		.4byte	0x498
 857 0491 0D       		.uleb128 0xd
 858 0492 52030000 		.4byte	0x352
 859 0496 03       		.byte	0x3
 860 0497 00       		.byte	0
 861 0498 0B       		.uleb128 0xb
 862 0499 88040000 		.4byte	0x488
 863 049d 0C       		.uleb128 0xc
 864 049e 42030000 		.4byte	0x342
 865 04a2 AD040000 		.4byte	0x4ad
 866 04a6 0D       		.uleb128 0xd
 867 04a7 52030000 		.4byte	0x352
 868 04ab 04       		.byte	0x4
 869 04ac 00       		.byte	0
 870 04ad 0B       		.uleb128 0xb
 871 04ae 9D040000 		.4byte	0x49d
 872 04b2 0B       		.uleb128 0xb
 873 04b3 9D040000 		.4byte	0x49d
 874 04b7 04       		.uleb128 0x4
 875 04b8 36000000 		.4byte	.LASF72
 876 04bc 08       		.byte	0x8
 877 04bd 9F       		.byte	0x9f
 878 04be 59030000 		.4byte	0x359
 879 04c2 04       		.uleb128 0x4
 880 04c3 CA010000 		.4byte	.LASF73
 881 04c7 09       		.byte	0x9
 882 04c8 58       		.byte	0x58
 883 04c9 CD040000 		.4byte	0x4cd
 884 04cd 09       		.uleb128 0x9
 885 04ce 04       		.byte	0x4
 886 04cf D3040000 		.4byte	0x4d3
 887 04d3 0E       		.uleb128 0xe
 888 04d4 DE040000 		.4byte	0x4de
 889 04d8 0F       		.uleb128 0xf
 890 04d9 A4020000 		.4byte	0x2a4
 891 04dd 00       		.byte	0
 892 04de 04       		.uleb128 0x4
 893 04df D8010000 		.4byte	.LASF74
 894 04e3 09       		.byte	0x9
 895 04e4 5D       		.byte	0x5d
 896 04e5 E9040000 		.4byte	0x4e9
 897 04e9 05       		.uleb128 0x5
 898 04ea D8010000 		.4byte	.LASF74
 899 04ee 14       		.byte	0x14
 900 04ef 09       		.byte	0x9
 901 04f0 64       		.byte	0x64
 902 04f1 32050000 		.4byte	0x532
 903 04f5 06       		.uleb128 0x6
ARM GAS  /tmp/ccuBT3gZ.s 			page 17


 904 04f6 9B010000 		.4byte	.LASF75
 905 04fa 09       		.byte	0x9
 906 04fb 65       		.byte	0x65
 907 04fc 32050000 		.4byte	0x532
 908 0500 00       		.byte	0
 909 0501 06       		.uleb128 0x6
 910 0502 64010000 		.4byte	.LASF76
 911 0506 09       		.byte	0x9
 912 0507 67       		.byte	0x67
 913 0508 32050000 		.4byte	0x532
 914 050c 04       		.byte	0x4
 915 050d 06       		.uleb128 0x6
 916 050e D0020000 		.4byte	.LASF77
 917 0512 09       		.byte	0x9
 918 0513 69       		.byte	0x69
 919 0514 34010000 		.4byte	0x134
 920 0518 08       		.byte	0x8
 921 0519 06       		.uleb128 0x6
 922 051a 1B000000 		.4byte	.LASF78
 923 051e 09       		.byte	0x9
 924 051f 6A       		.byte	0x6a
 925 0520 C2040000 		.4byte	0x4c2
 926 0524 0C       		.byte	0xc
 927 0525 06       		.uleb128 0x6
 928 0526 D1040000 		.4byte	.LASF79
 929 052a 09       		.byte	0x9
 930 052b 6C       		.byte	0x6c
 931 052c A4020000 		.4byte	0x2a4
 932 0530 10       		.byte	0x10
 933 0531 00       		.byte	0
 934 0532 09       		.uleb128 0x9
 935 0533 04       		.byte	0x4
 936 0534 DE040000 		.4byte	0x4de
 937 0538 08       		.uleb128 0x8
 938 0539 10       		.byte	0x10
 939 053a 09       		.byte	0x9
 940 053b 76       		.byte	0x76
 941 053c 71050000 		.4byte	0x571
 942 0540 06       		.uleb128 0x6
 943 0541 9B010000 		.4byte	.LASF75
 944 0545 09       		.byte	0x9
 945 0546 77       		.byte	0x77
 946 0547 32050000 		.4byte	0x532
 947 054b 00       		.byte	0
 948 054c 06       		.uleb128 0x6
 949 054d 64010000 		.4byte	.LASF76
 950 0551 09       		.byte	0x9
 951 0552 79       		.byte	0x79
 952 0553 32050000 		.4byte	0x532
 953 0557 04       		.byte	0x4
 954 0558 06       		.uleb128 0x6
 955 0559 D0020000 		.4byte	.LASF77
 956 055d 09       		.byte	0x9
 957 055e 7B       		.byte	0x7b
 958 055f 34010000 		.4byte	0x134
 959 0563 08       		.byte	0x8
 960 0564 06       		.uleb128 0x6
ARM GAS  /tmp/ccuBT3gZ.s 			page 18


 961 0565 AB000000 		.4byte	.LASF80
 962 0569 09       		.byte	0x9
 963 056a 7C       		.byte	0x7c
 964 056b 71050000 		.4byte	0x571
 965 056f 0C       		.byte	0xc
 966 0570 00       		.byte	0
 967 0571 0B       		.uleb128 0xb
 968 0572 34010000 		.4byte	0x134
 969 0576 04       		.uleb128 0x4
 970 0577 16060000 		.4byte	.LASF81
 971 057b 09       		.byte	0x9
 972 057c 7D       		.byte	0x7d
 973 057d 38050000 		.4byte	0x538
 974 0581 08       		.uleb128 0x8
 975 0582 1C       		.byte	0x1c
 976 0583 0A       		.byte	0xa
 977 0584 5E       		.byte	0x5e
 978 0585 D2050000 		.4byte	0x5d2
 979 0589 06       		.uleb128 0x6
 980 058a 57040000 		.4byte	.LASF82
 981 058e 0A       		.byte	0xa
 982 058f 5F       		.byte	0x5f
 983 0590 6E020000 		.4byte	0x26e
 984 0594 00       		.byte	0
 985 0595 06       		.uleb128 0x6
 986 0596 F7030000 		.4byte	.LASF83
 987 059a 0A       		.byte	0xa
 988 059b 60       		.byte	0x60
 989 059c 13010000 		.4byte	0x113
 990 05a0 08       		.byte	0x8
 991 05a1 06       		.uleb128 0x6
 992 05a2 06030000 		.4byte	.LASF84
 993 05a6 0A       		.byte	0xa
 994 05a7 62       		.byte	0x62
 995 05a8 23030000 		.4byte	0x323
 996 05ac 0C       		.byte	0xc
 997 05ad 06       		.uleb128 0x6
 998 05ae 16020000 		.4byte	.LASF85
 999 05b2 0A       		.byte	0xa
 1000 05b3 65       		.byte	0x65
 1001 05b4 68020000 		.4byte	0x268
 1002 05b8 10       		.byte	0x10
 1003 05b9 06       		.uleb128 0x6
 1004 05ba 39030000 		.4byte	.LASF86
 1005 05be 0A       		.byte	0xa
 1006 05bf 66       		.byte	0x66
 1007 05c0 68020000 		.4byte	0x268
 1008 05c4 14       		.byte	0x14
 1009 05c5 06       		.uleb128 0x6
 1010 05c6 2F030000 		.4byte	.LASF87
 1011 05ca 0A       		.byte	0xa
 1012 05cb 69       		.byte	0x69
 1013 05cc 68020000 		.4byte	0x268
 1014 05d0 18       		.byte	0x18
 1015 05d1 00       		.byte	0
 1016 05d2 04       		.uleb128 0x4
 1017 05d3 C4050000 		.4byte	.LASF88
ARM GAS  /tmp/ccuBT3gZ.s 			page 19


 1018 05d7 0A       		.byte	0xa
 1019 05d8 6B       		.byte	0x6b
 1020 05d9 81050000 		.4byte	0x581
 1021 05dd 05       		.uleb128 0x5
 1022 05de 44020000 		.4byte	.LASF89
 1023 05e2 10       		.byte	0x10
 1024 05e3 0B       		.byte	0xb
 1025 05e4 2C       		.byte	0x2c
 1026 05e5 0E060000 		.4byte	0x60e
 1027 05e9 06       		.uleb128 0x6
 1028 05ea F5000000 		.4byte	.LASF90
 1029 05ee 0B       		.byte	0xb
 1030 05ef 2D       		.byte	0x2d
 1031 05f0 6E020000 		.4byte	0x26e
 1032 05f4 00       		.byte	0
 1033 05f5 06       		.uleb128 0x6
 1034 05f6 28060000 		.4byte	.LASF91
 1035 05fa 0B       		.byte	0xb
 1036 05fb 2F       		.byte	0x2f
 1037 05fc 68020000 		.4byte	0x268
 1038 0600 08       		.byte	0x8
 1039 0601 06       		.uleb128 0x6
 1040 0602 84040000 		.4byte	.LASF92
 1041 0606 0B       		.byte	0xb
 1042 0607 31       		.byte	0x31
 1043 0608 0E060000 		.4byte	0x60e
 1044 060c 0C       		.byte	0xc
 1045 060d 00       		.byte	0
 1046 060e 09       		.uleb128 0x9
 1047 060f 04       		.byte	0x4
 1048 0610 DD050000 		.4byte	0x5dd
 1049 0614 04       		.uleb128 0x4
 1050 0615 44020000 		.4byte	.LASF89
 1051 0619 0B       		.byte	0xb
 1052 061a 33       		.byte	0x33
 1053 061b DD050000 		.4byte	0x5dd
 1054 061f 10       		.uleb128 0x10
 1055 0620 04       		.byte	0x4
 1056 0621 06       		.byte	0x6
 1057 0622 96       		.byte	0x96
 1058 0623 54060000 		.4byte	0x654
 1059 0627 11       		.uleb128 0x11
 1060 0628 E3040000 		.4byte	.LASF93
 1061 062c 06       		.byte	0x6
 1062 062d 9D       		.byte	0x9d
 1063 062e 1E010000 		.4byte	0x11e
 1064 0632 11       		.uleb128 0x11
 1065 0633 7D000000 		.4byte	.LASF94
 1066 0637 06       		.byte	0x6
 1067 0638 A4       		.byte	0xa4
 1068 0639 1E010000 		.4byte	0x11e
 1069 063d 11       		.uleb128 0x11
 1070 063e FD050000 		.4byte	.LASF95
 1071 0642 06       		.byte	0x6
 1072 0643 AB       		.byte	0xab
 1073 0644 A4020000 		.4byte	0x2a4
 1074 0648 11       		.uleb128 0x11
ARM GAS  /tmp/ccuBT3gZ.s 			page 20


 1075 0649 FE030000 		.4byte	.LASF96
 1076 064d 06       		.byte	0x6
 1077 064e B2       		.byte	0xb2
 1078 064f 29010000 		.4byte	0x129
 1079 0653 00       		.byte	0
 1080 0654 09       		.uleb128 0x9
 1081 0655 04       		.byte	0x4
 1082 0656 61060000 		.4byte	0x661
 1083 065a 03       		.uleb128 0x3
 1084 065b 01       		.byte	0x1
 1085 065c 08       		.byte	0x8
 1086 065d 6C040000 		.4byte	.LASF97
 1087 0661 12       		.uleb128 0x12
 1088 0662 5A060000 		.4byte	0x65a
 1089 0666 09       		.uleb128 0x9
 1090 0667 04       		.byte	0x4
 1091 0668 14060000 		.4byte	0x614
 1092 066c 04       		.uleb128 0x4
 1093 066d 00000000 		.4byte	.LASF98
 1094 0671 06       		.byte	0x6
 1095 0672 E5       		.byte	0xe5
 1096 0673 77060000 		.4byte	0x677
 1097 0677 09       		.uleb128 0x9
 1098 0678 04       		.byte	0x4
 1099 0679 7D060000 		.4byte	0x67d
 1100 067d 13       		.uleb128 0x13
 1101 067e 1E010000 		.4byte	0x11e
 1102 0682 8C060000 		.4byte	0x68c
 1103 0686 0F       		.uleb128 0xf
 1104 0687 A4020000 		.4byte	0x2a4
 1105 068b 00       		.byte	0
 1106 068c 08       		.uleb128 0x8
 1107 068d 16       		.byte	0x16
 1108 068e 0C       		.byte	0xc
 1109 068f 2C       		.byte	0x2c
 1110 0690 6D070000 		.4byte	0x76d
 1111 0694 06       		.uleb128 0x6
 1112 0695 21030000 		.4byte	.LASF99
 1113 0699 0C       		.byte	0xc
 1114 069a 2D       		.byte	0x2d
 1115 069b 6D070000 		.4byte	0x76d
 1116 069f 00       		.byte	0
 1117 06a0 06       		.uleb128 0x6
 1118 06a1 77020000 		.4byte	.LASF100
 1119 06a5 0C       		.byte	0xc
 1120 06a6 2E       		.byte	0x2e
 1121 06a7 A9000000 		.4byte	0xa9
 1122 06ab 04       		.byte	0x4
 1123 06ac 06       		.uleb128 0x6
 1124 06ad 19030000 		.4byte	.LASF101
 1125 06b1 0C       		.byte	0xc
 1126 06b2 2F       		.byte	0x2f
 1127 06b3 A9000000 		.4byte	0xa9
 1128 06b7 05       		.byte	0x5
 1129 06b8 06       		.uleb128 0x6
 1130 06b9 0B060000 		.4byte	.LASF102
 1131 06bd 0C       		.byte	0xc
ARM GAS  /tmp/ccuBT3gZ.s 			page 21


 1132 06be 30       		.byte	0x30
 1133 06bf B4000000 		.4byte	0xb4
 1134 06c3 06       		.byte	0x6
 1135 06c4 06       		.uleb128 0x6
 1136 06c5 61030000 		.4byte	.LASF103
 1137 06c9 0C       		.byte	0xc
 1138 06ca 31       		.byte	0x31
 1139 06cb A9000000 		.4byte	0xa9
 1140 06cf 08       		.byte	0x8
 1141 06d0 06       		.uleb128 0x6
 1142 06d1 BE010000 		.4byte	.LASF104
 1143 06d5 0C       		.byte	0xc
 1144 06d6 32       		.byte	0x32
 1145 06d7 A9000000 		.4byte	0xa9
 1146 06db 09       		.byte	0x9
 1147 06dc 06       		.uleb128 0x6
 1148 06dd 6F000000 		.4byte	.LASF105
 1149 06e1 0C       		.byte	0xc
 1150 06e2 33       		.byte	0x33
 1151 06e3 A9000000 		.4byte	0xa9
 1152 06e7 0A       		.byte	0xa
 1153 06e8 06       		.uleb128 0x6
 1154 06e9 4B040000 		.4byte	.LASF106
 1155 06ed 0C       		.byte	0xc
 1156 06ee 34       		.byte	0x34
 1157 06ef A9000000 		.4byte	0xa9
 1158 06f3 0B       		.byte	0xb
 1159 06f4 06       		.uleb128 0x6
 1160 06f5 D8040000 		.4byte	.LASF107
 1161 06f9 0C       		.byte	0xc
 1162 06fa 35       		.byte	0x35
 1163 06fb A9000000 		.4byte	0xa9
 1164 06ff 0C       		.byte	0xc
 1165 0700 06       		.uleb128 0x6
 1166 0701 2A040000 		.4byte	.LASF108
 1167 0705 0C       		.byte	0xc
 1168 0706 36       		.byte	0x36
 1169 0707 A9000000 		.4byte	0xa9
 1170 070b 0D       		.byte	0xd
 1171 070c 06       		.uleb128 0x6
 1172 070d 08000000 		.4byte	.LASF109
 1173 0711 0C       		.byte	0xc
 1174 0712 37       		.byte	0x37
 1175 0713 A9000000 		.4byte	0xa9
 1176 0717 0E       		.byte	0xe
 1177 0718 06       		.uleb128 0x6
 1178 0719 F2020000 		.4byte	.LASF110
 1179 071d 0C       		.byte	0xc
 1180 071e 38       		.byte	0x38
 1181 071f A9000000 		.4byte	0xa9
 1182 0723 0F       		.byte	0xf
 1183 0724 06       		.uleb128 0x6
 1184 0725 D0000000 		.4byte	.LASF111
 1185 0729 0C       		.byte	0xc
 1186 072a 39       		.byte	0x39
 1187 072b A9000000 		.4byte	0xa9
 1188 072f 10       		.byte	0x10
ARM GAS  /tmp/ccuBT3gZ.s 			page 22


 1189 0730 06       		.uleb128 0x6
 1190 0731 9E000000 		.4byte	.LASF112
 1191 0735 0C       		.byte	0xc
 1192 0736 3B       		.byte	0x3b
 1193 0737 A9000000 		.4byte	0xa9
 1194 073b 11       		.byte	0x11
 1195 073c 06       		.uleb128 0x6
 1196 073d E0000000 		.4byte	.LASF113
 1197 0741 0C       		.byte	0xc
 1198 0742 3C       		.byte	0x3c
 1199 0743 A9000000 		.4byte	0xa9
 1200 0747 12       		.byte	0x12
 1201 0748 06       		.uleb128 0x6
 1202 0749 7F020000 		.4byte	.LASF114
 1203 074d 0C       		.byte	0xc
 1204 074e 3D       		.byte	0x3d
 1205 074f A9000000 		.4byte	0xa9
 1206 0753 13       		.byte	0x13
 1207 0754 06       		.uleb128 0x6
 1208 0755 0C040000 		.4byte	.LASF115
 1209 0759 0C       		.byte	0xc
 1210 075a 3E       		.byte	0x3e
 1211 075b A9000000 		.4byte	0xa9
 1212 075f 14       		.byte	0x14
 1213 0760 06       		.uleb128 0x6
 1214 0761 CE030000 		.4byte	.LASF116
 1215 0765 0C       		.byte	0xc
 1216 0766 40       		.byte	0x40
 1217 0767 A9000000 		.4byte	0xa9
 1218 076b 15       		.byte	0x15
 1219 076c 00       		.byte	0
 1220 076d 0C       		.uleb128 0xc
 1221 076e 5A060000 		.4byte	0x65a
 1222 0772 7D070000 		.4byte	0x77d
 1223 0776 0D       		.uleb128 0xd
 1224 0777 52030000 		.4byte	0x352
 1225 077b 03       		.byte	0x3
 1226 077c 00       		.byte	0
 1227 077d 04       		.uleb128 0x4
 1228 077e 29010000 		.4byte	.LASF117
 1229 0782 0C       		.byte	0xc
 1230 0783 41       		.byte	0x41
 1231 0784 8C060000 		.4byte	0x68c
 1232 0788 14       		.uleb128 0x14
 1233 0789 41030000 		.4byte	.LASF135
 1234 078d 01       		.byte	0x1
 1235 078e 3D       		.byte	0x3d
 1236 078f 00000000 		.4byte	.LFB7
 1237 0793 14000000 		.4byte	.LFE7-.LFB7
 1238 0797 01       		.uleb128 0x1
 1239 0798 9C       		.byte	0x9c
 1240 0799 A9070000 		.4byte	0x7a9
 1241 079d 15       		.uleb128 0x15
 1242 079e 7000     		.ascii	"p\000"
 1243 07a0 01       		.byte	0x1
 1244 07a1 3D       		.byte	0x3d
 1245 07a2 A4020000 		.4byte	0x2a4
ARM GAS  /tmp/ccuBT3gZ.s 			page 23


 1246 07a6 01       		.uleb128 0x1
 1247 07a7 50       		.byte	0x50
 1248 07a8 00       		.byte	0
 1249 07a9 16       		.uleb128 0x16
 1250 07aa 6C010000 		.4byte	.LASF118
 1251 07ae 01       		.byte	0x1
 1252 07af 54       		.byte	0x54
 1253 07b0 00000000 		.4byte	.LFB8
 1254 07b4 74000000 		.4byte	.LFE8-.LFB8
 1255 07b8 01       		.uleb128 0x1
 1256 07b9 9C       		.byte	0x9c
 1257 07ba 6F080000 		.4byte	0x86f
 1258 07be 17       		.uleb128 0x17
 1259 07bf 86000000 		.4byte	.LASF120
 1260 07c3 01       		.byte	0x1
 1261 07c4 55       		.byte	0x55
 1262 07c5 3F010000 		.4byte	0x13f
 1263 07c9 05       		.uleb128 0x5
 1264 07ca 03       		.byte	0x3
 1265 07cb 00000000 		.4byte	mainthread.4902
 1266 07cf 18       		.uleb128 0x18
 1267 07d0 12000000 		.4byte	.LVL1
 1268 07d4 FD080000 		.4byte	0x8fd
 1269 07d8 E7070000 		.4byte	0x7e7
 1270 07dc 19       		.uleb128 0x19
 1271 07dd 01       		.uleb128 0x1
 1272 07de 50       		.byte	0x50
 1273 07df 01       		.uleb128 0x1
 1274 07e0 3A       		.byte	0x3a
 1275 07e1 19       		.uleb128 0x19
 1276 07e2 01       		.uleb128 0x1
 1277 07e3 51       		.byte	0x51
 1278 07e4 01       		.uleb128 0x1
 1279 07e5 30       		.byte	0x30
 1280 07e6 00       		.byte	0
 1281 07e7 18       		.uleb128 0x18
 1282 07e8 1A000000 		.4byte	.LVL2
 1283 07ec FD080000 		.4byte	0x8fd
 1284 07f0 00080000 		.4byte	0x800
 1285 07f4 19       		.uleb128 0x19
 1286 07f5 01       		.uleb128 0x1
 1287 07f6 50       		.byte	0x50
 1288 07f7 01       		.uleb128 0x1
 1289 07f8 3B       		.byte	0x3b
 1290 07f9 19       		.uleb128 0x19
 1291 07fa 01       		.uleb128 0x1
 1292 07fb 51       		.byte	0x51
 1293 07fc 02       		.uleb128 0x2
 1294 07fd 08       		.byte	0x8
 1295 07fe 80       		.byte	0x80
 1296 07ff 00       		.byte	0
 1297 0800 1A       		.uleb128 0x1a
 1298 0801 1E000000 		.4byte	.LVL3
 1299 0805 09090000 		.4byte	0x909
 1300 0809 1A       		.uleb128 0x1a
 1301 080a 22000000 		.4byte	.LVL4
 1302 080e 14090000 		.4byte	0x914
ARM GAS  /tmp/ccuBT3gZ.s 			page 24


 1303 0812 1A       		.uleb128 0x1a
 1304 0813 26000000 		.4byte	.LVL5
 1305 0817 1F090000 		.4byte	0x91f
 1306 081b 1A       		.uleb128 0x1a
 1307 081c 2A000000 		.4byte	.LVL6
 1308 0820 2A090000 		.4byte	0x92a
 1309 0824 18       		.uleb128 0x18
 1310 0825 32000000 		.4byte	.LVL7
 1311 0829 35090000 		.4byte	0x935
 1312 082d 41080000 		.4byte	0x841
 1313 0831 19       		.uleb128 0x19
 1314 0832 01       		.uleb128 0x1
 1315 0833 50       		.byte	0x50
 1316 0834 05       		.uleb128 0x5
 1317 0835 03       		.byte	0x3
 1318 0836 00000000 		.4byte	.LANCHOR0
 1319 083a 19       		.uleb128 0x19
 1320 083b 01       		.uleb128 0x1
 1321 083c 51       		.byte	0x51
 1322 083d 02       		.uleb128 0x2
 1323 083e 08       		.byte	0x8
 1324 083f 40       		.byte	0x40
 1325 0840 00       		.byte	0
 1326 0841 1B       		.uleb128 0x1b
 1327 0842 52000000 		.4byte	.LVL8
 1328 0846 41090000 		.4byte	0x941
 1329 084a 19       		.uleb128 0x19
 1330 084b 01       		.uleb128 0x1
 1331 084c 50       		.byte	0x50
 1332 084d 05       		.uleb128 0x5
 1333 084e 03       		.byte	0x3
 1334 084f 00000000 		.4byte	.LANCHOR1
 1335 0853 19       		.uleb128 0x19
 1336 0854 01       		.uleb128 0x1
 1337 0855 51       		.byte	0x51
 1338 0856 02       		.uleb128 0x2
 1339 0857 08       		.byte	0x8
 1340 0858 E0       		.byte	0xe0
 1341 0859 19       		.uleb128 0x19
 1342 085a 01       		.uleb128 0x1
 1343 085b 52       		.byte	0x52
 1344 085c 01       		.uleb128 0x1
 1345 085d 31       		.byte	0x31
 1346 085e 19       		.uleb128 0x19
 1347 085f 01       		.uleb128 0x1
 1348 0860 53       		.byte	0x53
 1349 0861 05       		.uleb128 0x5
 1350 0862 03       		.byte	0x3
 1351 0863 00000000 		.4byte	_idle_thread
 1352 0867 19       		.uleb128 0x19
 1353 0868 02       		.uleb128 0x2
 1354 0869 7D       		.byte	0x7d
 1355 086a 00       		.sleb128 0
 1356 086b 01       		.uleb128 0x1
 1357 086c 30       		.byte	0x30
 1358 086d 00       		.byte	0
 1359 086e 00       		.byte	0
ARM GAS  /tmp/ccuBT3gZ.s 			page 25


 1360 086f 1C       		.uleb128 0x1c
 1361 0870 45000000 		.4byte	.LASF119
 1362 0874 01       		.byte	0x1
 1363 0875 89       		.byte	0x89
 1364 0876 00000000 		.4byte	.LFB9
 1365 087a 54000000 		.4byte	.LFE9-.LFB9
 1366 087e 01       		.uleb128 0x1
 1367 087f 9C       		.byte	0x9c
 1368 0880 B6080000 		.4byte	0x8b6
 1369 0884 1D       		.uleb128 0x1d
 1370 0885 24000000 		.4byte	.LBB2
 1371 0889 26000000 		.4byte	.LBE2-.LBB2
 1372 088d 1E       		.uleb128 0x1e
 1373 088e 76747000 		.ascii	"vtp\000"
 1374 0892 01       		.byte	0x1
 1375 0893 96       		.byte	0x96
 1376 0894 32050000 		.4byte	0x532
 1377 0898 00000000 		.4byte	.LLST0
 1378 089c 1D       		.uleb128 0x1d
 1379 089d 2E000000 		.4byte	.LBB3
 1380 08a1 14000000 		.4byte	.LBE3-.LBB3
 1381 08a5 1E       		.uleb128 0x1e
 1382 08a6 666E00   		.ascii	"fn\000"
 1383 08a9 01       		.byte	0x1
 1384 08aa 96       		.byte	0x96
 1385 08ab C2040000 		.4byte	0x4c2
 1386 08af 1E000000 		.4byte	.LLST1
 1387 08b3 00       		.byte	0
 1388 08b4 00       		.byte	0
 1389 08b5 00       		.byte	0
 1390 08b6 1F       		.uleb128 0x1f
 1391 08b7 3E000000 		.4byte	.LASF121
 1392 08bb 09       		.byte	0x9
 1393 08bc F5       		.byte	0xf5
 1394 08bd 76050000 		.4byte	0x576
 1395 08c1 1F       		.uleb128 0x1f
 1396 08c2 D3050000 		.4byte	.LASF122
 1397 08c6 0A       		.byte	0xa
 1398 08c7 6F       		.byte	0x6f
 1399 08c8 D2050000 		.4byte	0x5d2
 1400 08cc 1F       		.uleb128 0x1f
 1401 08cd B5010000 		.4byte	.LASF123
 1402 08d1 0C       		.byte	0xc
 1403 08d2 7E       		.byte	0x7e
 1404 08d3 D7080000 		.4byte	0x8d7
 1405 08d7 12       		.uleb128 0x12
 1406 08d8 7D070000 		.4byte	0x77d
 1407 08dc 0C       		.uleb128 0xc
 1408 08dd A6020000 		.4byte	0x2a6
 1409 08e1 EC080000 		.4byte	0x8ec
 1410 08e5 0D       		.uleb128 0xd
 1411 08e6 52030000 		.4byte	0x352
 1412 08ea 1B       		.byte	0x1b
 1413 08eb 00       		.byte	0
 1414 08ec 20       		.uleb128 0x20
 1415 08ed 3B010000 		.4byte	.LASF124
 1416 08f1 01       		.byte	0x1
ARM GAS  /tmp/ccuBT3gZ.s 			page 26


 1417 08f2 31       		.byte	0x31
 1418 08f3 DC080000 		.4byte	0x8dc
 1419 08f7 05       		.uleb128 0x5
 1420 08f8 03       		.byte	0x3
 1421 08f9 00000000 		.4byte	_idle_thread_wa
 1422 08fd 21       		.uleb128 0x21
 1423 08fe DA030000 		.4byte	.LASF125
 1424 0902 DA030000 		.4byte	.LASF125
 1425 0906 08       		.byte	0x8
 1426 0907 2501     		.2byte	0x125
 1427 0909 22       		.uleb128 0x22
 1428 090a 67020000 		.4byte	.LASF126
 1429 090e 67020000 		.4byte	.LASF126
 1430 0912 0A       		.byte	0xa
 1431 0913 8E       		.byte	0x8e
 1432 0914 22       		.uleb128 0x22
 1433 0915 AA040000 		.4byte	.LASF127
 1434 0919 AA040000 		.4byte	.LASF127
 1435 091d 09       		.byte	0x9
 1436 091e FD       		.byte	0xfd
 1437 091f 22       		.uleb128 0x22
 1438 0920 97030000 		.4byte	.LASF128
 1439 0924 97030000 		.4byte	.LASF128
 1440 0928 0D       		.byte	0xd
 1441 0929 51       		.byte	0x51
 1442 092a 22       		.uleb128 0x22
 1443 092b 76010000 		.4byte	.LASF129
 1444 092f 76010000 		.4byte	.LASF129
 1445 0933 0E       		.byte	0xe
 1446 0934 55       		.byte	0x55
 1447 0935 21       		.uleb128 0x21
 1448 0936 8E010000 		.4byte	.LASF130
 1449 093a 8E010000 		.4byte	.LASF130
 1450 093e 06       		.byte	0x6
 1451 093f 6A01     		.2byte	0x16a
 1452 0941 21       		.uleb128 0x21
 1453 0942 55020000 		.4byte	.LASF131
 1454 0946 55020000 		.4byte	.LASF131
 1455 094a 06       		.byte	0x6
 1456 094b 7001     		.2byte	0x170
 1457 094d 00       		.byte	0
 1458              		.section	.debug_abbrev,"",%progbits
 1459              	.Ldebug_abbrev0:
 1460 0000 01       		.uleb128 0x1
 1461 0001 11       		.uleb128 0x11
 1462 0002 01       		.byte	0x1
 1463 0003 25       		.uleb128 0x25
 1464 0004 0E       		.uleb128 0xe
 1465 0005 13       		.uleb128 0x13
 1466 0006 0B       		.uleb128 0xb
 1467 0007 03       		.uleb128 0x3
 1468 0008 0E       		.uleb128 0xe
 1469 0009 1B       		.uleb128 0x1b
 1470 000a 0E       		.uleb128 0xe
 1471 000b 55       		.uleb128 0x55
 1472 000c 17       		.uleb128 0x17
 1473 000d 11       		.uleb128 0x11
ARM GAS  /tmp/ccuBT3gZ.s 			page 27


 1474 000e 01       		.uleb128 0x1
 1475 000f 10       		.uleb128 0x10
 1476 0010 17       		.uleb128 0x17
 1477 0011 00       		.byte	0
 1478 0012 00       		.byte	0
 1479 0013 02       		.uleb128 0x2
 1480 0014 24       		.uleb128 0x24
 1481 0015 00       		.byte	0
 1482 0016 0B       		.uleb128 0xb
 1483 0017 0B       		.uleb128 0xb
 1484 0018 3E       		.uleb128 0x3e
 1485 0019 0B       		.uleb128 0xb
 1486 001a 03       		.uleb128 0x3
 1487 001b 08       		.uleb128 0x8
 1488 001c 00       		.byte	0
 1489 001d 00       		.byte	0
 1490 001e 03       		.uleb128 0x3
 1491 001f 24       		.uleb128 0x24
 1492 0020 00       		.byte	0
 1493 0021 0B       		.uleb128 0xb
 1494 0022 0B       		.uleb128 0xb
 1495 0023 3E       		.uleb128 0x3e
 1496 0024 0B       		.uleb128 0xb
 1497 0025 03       		.uleb128 0x3
 1498 0026 0E       		.uleb128 0xe
 1499 0027 00       		.byte	0
 1500 0028 00       		.byte	0
 1501 0029 04       		.uleb128 0x4
 1502 002a 16       		.uleb128 0x16
 1503 002b 00       		.byte	0
 1504 002c 03       		.uleb128 0x3
 1505 002d 0E       		.uleb128 0xe
 1506 002e 3A       		.uleb128 0x3a
 1507 002f 0B       		.uleb128 0xb
 1508 0030 3B       		.uleb128 0x3b
 1509 0031 0B       		.uleb128 0xb
 1510 0032 49       		.uleb128 0x49
 1511 0033 13       		.uleb128 0x13
 1512 0034 00       		.byte	0
 1513 0035 00       		.byte	0
 1514 0036 05       		.uleb128 0x5
 1515 0037 13       		.uleb128 0x13
 1516 0038 01       		.byte	0x1
 1517 0039 03       		.uleb128 0x3
 1518 003a 0E       		.uleb128 0xe
 1519 003b 0B       		.uleb128 0xb
 1520 003c 0B       		.uleb128 0xb
 1521 003d 3A       		.uleb128 0x3a
 1522 003e 0B       		.uleb128 0xb
 1523 003f 3B       		.uleb128 0x3b
 1524 0040 0B       		.uleb128 0xb
 1525 0041 01       		.uleb128 0x1
 1526 0042 13       		.uleb128 0x13
 1527 0043 00       		.byte	0
 1528 0044 00       		.byte	0
 1529 0045 06       		.uleb128 0x6
 1530 0046 0D       		.uleb128 0xd
ARM GAS  /tmp/ccuBT3gZ.s 			page 28


 1531 0047 00       		.byte	0
 1532 0048 03       		.uleb128 0x3
 1533 0049 0E       		.uleb128 0xe
 1534 004a 3A       		.uleb128 0x3a
 1535 004b 0B       		.uleb128 0xb
 1536 004c 3B       		.uleb128 0x3b
 1537 004d 0B       		.uleb128 0xb
 1538 004e 49       		.uleb128 0x49
 1539 004f 13       		.uleb128 0x13
 1540 0050 38       		.uleb128 0x38
 1541 0051 0B       		.uleb128 0xb
 1542 0052 00       		.byte	0
 1543 0053 00       		.byte	0
 1544 0054 07       		.uleb128 0x7
 1545 0055 0D       		.uleb128 0xd
 1546 0056 00       		.byte	0
 1547 0057 03       		.uleb128 0x3
 1548 0058 08       		.uleb128 0x8
 1549 0059 3A       		.uleb128 0x3a
 1550 005a 0B       		.uleb128 0xb
 1551 005b 3B       		.uleb128 0x3b
 1552 005c 0B       		.uleb128 0xb
 1553 005d 49       		.uleb128 0x49
 1554 005e 13       		.uleb128 0x13
 1555 005f 38       		.uleb128 0x38
 1556 0060 0B       		.uleb128 0xb
 1557 0061 00       		.byte	0
 1558 0062 00       		.byte	0
 1559 0063 08       		.uleb128 0x8
 1560 0064 13       		.uleb128 0x13
 1561 0065 01       		.byte	0x1
 1562 0066 0B       		.uleb128 0xb
 1563 0067 0B       		.uleb128 0xb
 1564 0068 3A       		.uleb128 0x3a
 1565 0069 0B       		.uleb128 0xb
 1566 006a 3B       		.uleb128 0x3b
 1567 006b 0B       		.uleb128 0xb
 1568 006c 01       		.uleb128 0x1
 1569 006d 13       		.uleb128 0x13
 1570 006e 00       		.byte	0
 1571 006f 00       		.byte	0
 1572 0070 09       		.uleb128 0x9
 1573 0071 0F       		.uleb128 0xf
 1574 0072 00       		.byte	0
 1575 0073 0B       		.uleb128 0xb
 1576 0074 0B       		.uleb128 0xb
 1577 0075 49       		.uleb128 0x49
 1578 0076 13       		.uleb128 0x13
 1579 0077 00       		.byte	0
 1580 0078 00       		.byte	0
 1581 0079 0A       		.uleb128 0xa
 1582 007a 0F       		.uleb128 0xf
 1583 007b 00       		.byte	0
 1584 007c 0B       		.uleb128 0xb
 1585 007d 0B       		.uleb128 0xb
 1586 007e 00       		.byte	0
 1587 007f 00       		.byte	0
ARM GAS  /tmp/ccuBT3gZ.s 			page 29


 1588 0080 0B       		.uleb128 0xb
 1589 0081 35       		.uleb128 0x35
 1590 0082 00       		.byte	0
 1591 0083 49       		.uleb128 0x49
 1592 0084 13       		.uleb128 0x13
 1593 0085 00       		.byte	0
 1594 0086 00       		.byte	0
 1595 0087 0C       		.uleb128 0xc
 1596 0088 01       		.uleb128 0x1
 1597 0089 01       		.byte	0x1
 1598 008a 49       		.uleb128 0x49
 1599 008b 13       		.uleb128 0x13
 1600 008c 01       		.uleb128 0x1
 1601 008d 13       		.uleb128 0x13
 1602 008e 00       		.byte	0
 1603 008f 00       		.byte	0
 1604 0090 0D       		.uleb128 0xd
 1605 0091 21       		.uleb128 0x21
 1606 0092 00       		.byte	0
 1607 0093 49       		.uleb128 0x49
 1608 0094 13       		.uleb128 0x13
 1609 0095 2F       		.uleb128 0x2f
 1610 0096 0B       		.uleb128 0xb
 1611 0097 00       		.byte	0
 1612 0098 00       		.byte	0
 1613 0099 0E       		.uleb128 0xe
 1614 009a 15       		.uleb128 0x15
 1615 009b 01       		.byte	0x1
 1616 009c 27       		.uleb128 0x27
 1617 009d 19       		.uleb128 0x19
 1618 009e 01       		.uleb128 0x1
 1619 009f 13       		.uleb128 0x13
 1620 00a0 00       		.byte	0
 1621 00a1 00       		.byte	0
 1622 00a2 0F       		.uleb128 0xf
 1623 00a3 05       		.uleb128 0x5
 1624 00a4 00       		.byte	0
 1625 00a5 49       		.uleb128 0x49
 1626 00a6 13       		.uleb128 0x13
 1627 00a7 00       		.byte	0
 1628 00a8 00       		.byte	0
 1629 00a9 10       		.uleb128 0x10
 1630 00aa 17       		.uleb128 0x17
 1631 00ab 01       		.byte	0x1
 1632 00ac 0B       		.uleb128 0xb
 1633 00ad 0B       		.uleb128 0xb
 1634 00ae 3A       		.uleb128 0x3a
 1635 00af 0B       		.uleb128 0xb
 1636 00b0 3B       		.uleb128 0x3b
 1637 00b1 0B       		.uleb128 0xb
 1638 00b2 01       		.uleb128 0x1
 1639 00b3 13       		.uleb128 0x13
 1640 00b4 00       		.byte	0
 1641 00b5 00       		.byte	0
 1642 00b6 11       		.uleb128 0x11
 1643 00b7 0D       		.uleb128 0xd
 1644 00b8 00       		.byte	0
ARM GAS  /tmp/ccuBT3gZ.s 			page 30


 1645 00b9 03       		.uleb128 0x3
 1646 00ba 0E       		.uleb128 0xe
 1647 00bb 3A       		.uleb128 0x3a
 1648 00bc 0B       		.uleb128 0xb
 1649 00bd 3B       		.uleb128 0x3b
 1650 00be 0B       		.uleb128 0xb
 1651 00bf 49       		.uleb128 0x49
 1652 00c0 13       		.uleb128 0x13
 1653 00c1 00       		.byte	0
 1654 00c2 00       		.byte	0
 1655 00c3 12       		.uleb128 0x12
 1656 00c4 26       		.uleb128 0x26
 1657 00c5 00       		.byte	0
 1658 00c6 49       		.uleb128 0x49
 1659 00c7 13       		.uleb128 0x13
 1660 00c8 00       		.byte	0
 1661 00c9 00       		.byte	0
 1662 00ca 13       		.uleb128 0x13
 1663 00cb 15       		.uleb128 0x15
 1664 00cc 01       		.byte	0x1
 1665 00cd 27       		.uleb128 0x27
 1666 00ce 19       		.uleb128 0x19
 1667 00cf 49       		.uleb128 0x49
 1668 00d0 13       		.uleb128 0x13
 1669 00d1 01       		.uleb128 0x1
 1670 00d2 13       		.uleb128 0x13
 1671 00d3 00       		.byte	0
 1672 00d4 00       		.byte	0
 1673 00d5 14       		.uleb128 0x14
 1674 00d6 2E       		.uleb128 0x2e
 1675 00d7 01       		.byte	0x1
 1676 00d8 3F       		.uleb128 0x3f
 1677 00d9 19       		.uleb128 0x19
 1678 00da 03       		.uleb128 0x3
 1679 00db 0E       		.uleb128 0xe
 1680 00dc 3A       		.uleb128 0x3a
 1681 00dd 0B       		.uleb128 0xb
 1682 00de 3B       		.uleb128 0x3b
 1683 00df 0B       		.uleb128 0xb
 1684 00e0 27       		.uleb128 0x27
 1685 00e1 19       		.uleb128 0x19
 1686 00e2 8701     		.uleb128 0x87
 1687 00e4 19       		.uleb128 0x19
 1688 00e5 11       		.uleb128 0x11
 1689 00e6 01       		.uleb128 0x1
 1690 00e7 12       		.uleb128 0x12
 1691 00e8 06       		.uleb128 0x6
 1692 00e9 40       		.uleb128 0x40
 1693 00ea 18       		.uleb128 0x18
 1694 00eb 9742     		.uleb128 0x2117
 1695 00ed 19       		.uleb128 0x19
 1696 00ee 01       		.uleb128 0x1
 1697 00ef 13       		.uleb128 0x13
 1698 00f0 00       		.byte	0
 1699 00f1 00       		.byte	0
 1700 00f2 15       		.uleb128 0x15
 1701 00f3 05       		.uleb128 0x5
ARM GAS  /tmp/ccuBT3gZ.s 			page 31


 1702 00f4 00       		.byte	0
 1703 00f5 03       		.uleb128 0x3
 1704 00f6 08       		.uleb128 0x8
 1705 00f7 3A       		.uleb128 0x3a
 1706 00f8 0B       		.uleb128 0xb
 1707 00f9 3B       		.uleb128 0x3b
 1708 00fa 0B       		.uleb128 0xb
 1709 00fb 49       		.uleb128 0x49
 1710 00fc 13       		.uleb128 0x13
 1711 00fd 02       		.uleb128 0x2
 1712 00fe 18       		.uleb128 0x18
 1713 00ff 00       		.byte	0
 1714 0100 00       		.byte	0
 1715 0101 16       		.uleb128 0x16
 1716 0102 2E       		.uleb128 0x2e
 1717 0103 01       		.byte	0x1
 1718 0104 3F       		.uleb128 0x3f
 1719 0105 19       		.uleb128 0x19
 1720 0106 03       		.uleb128 0x3
 1721 0107 0E       		.uleb128 0xe
 1722 0108 3A       		.uleb128 0x3a
 1723 0109 0B       		.uleb128 0xb
 1724 010a 3B       		.uleb128 0x3b
 1725 010b 0B       		.uleb128 0xb
 1726 010c 27       		.uleb128 0x27
 1727 010d 19       		.uleb128 0x19
 1728 010e 11       		.uleb128 0x11
 1729 010f 01       		.uleb128 0x1
 1730 0110 12       		.uleb128 0x12
 1731 0111 06       		.uleb128 0x6
 1732 0112 40       		.uleb128 0x40
 1733 0113 18       		.uleb128 0x18
 1734 0114 9742     		.uleb128 0x2117
 1735 0116 19       		.uleb128 0x19
 1736 0117 01       		.uleb128 0x1
 1737 0118 13       		.uleb128 0x13
 1738 0119 00       		.byte	0
 1739 011a 00       		.byte	0
 1740 011b 17       		.uleb128 0x17
 1741 011c 34       		.uleb128 0x34
 1742 011d 00       		.byte	0
 1743 011e 03       		.uleb128 0x3
 1744 011f 0E       		.uleb128 0xe
 1745 0120 3A       		.uleb128 0x3a
 1746 0121 0B       		.uleb128 0xb
 1747 0122 3B       		.uleb128 0x3b
 1748 0123 0B       		.uleb128 0xb
 1749 0124 49       		.uleb128 0x49
 1750 0125 13       		.uleb128 0x13
 1751 0126 02       		.uleb128 0x2
 1752 0127 18       		.uleb128 0x18
 1753 0128 00       		.byte	0
 1754 0129 00       		.byte	0
 1755 012a 18       		.uleb128 0x18
 1756 012b 898201   		.uleb128 0x4109
 1757 012e 01       		.byte	0x1
 1758 012f 11       		.uleb128 0x11
ARM GAS  /tmp/ccuBT3gZ.s 			page 32


 1759 0130 01       		.uleb128 0x1
 1760 0131 31       		.uleb128 0x31
 1761 0132 13       		.uleb128 0x13
 1762 0133 01       		.uleb128 0x1
 1763 0134 13       		.uleb128 0x13
 1764 0135 00       		.byte	0
 1765 0136 00       		.byte	0
 1766 0137 19       		.uleb128 0x19
 1767 0138 8A8201   		.uleb128 0x410a
 1768 013b 00       		.byte	0
 1769 013c 02       		.uleb128 0x2
 1770 013d 18       		.uleb128 0x18
 1771 013e 9142     		.uleb128 0x2111
 1772 0140 18       		.uleb128 0x18
 1773 0141 00       		.byte	0
 1774 0142 00       		.byte	0
 1775 0143 1A       		.uleb128 0x1a
 1776 0144 898201   		.uleb128 0x4109
 1777 0147 00       		.byte	0
 1778 0148 11       		.uleb128 0x11
 1779 0149 01       		.uleb128 0x1
 1780 014a 31       		.uleb128 0x31
 1781 014b 13       		.uleb128 0x13
 1782 014c 00       		.byte	0
 1783 014d 00       		.byte	0
 1784 014e 1B       		.uleb128 0x1b
 1785 014f 898201   		.uleb128 0x4109
 1786 0152 01       		.byte	0x1
 1787 0153 11       		.uleb128 0x11
 1788 0154 01       		.uleb128 0x1
 1789 0155 31       		.uleb128 0x31
 1790 0156 13       		.uleb128 0x13
 1791 0157 00       		.byte	0
 1792 0158 00       		.byte	0
 1793 0159 1C       		.uleb128 0x1c
 1794 015a 2E       		.uleb128 0x2e
 1795 015b 01       		.byte	0x1
 1796 015c 3F       		.uleb128 0x3f
 1797 015d 19       		.uleb128 0x19
 1798 015e 03       		.uleb128 0x3
 1799 015f 0E       		.uleb128 0xe
 1800 0160 3A       		.uleb128 0x3a
 1801 0161 0B       		.uleb128 0xb
 1802 0162 3B       		.uleb128 0x3b
 1803 0163 0B       		.uleb128 0xb
 1804 0164 27       		.uleb128 0x27
 1805 0165 19       		.uleb128 0x19
 1806 0166 11       		.uleb128 0x11
 1807 0167 01       		.uleb128 0x1
 1808 0168 12       		.uleb128 0x12
 1809 0169 06       		.uleb128 0x6
 1810 016a 40       		.uleb128 0x40
 1811 016b 18       		.uleb128 0x18
 1812 016c 9642     		.uleb128 0x2116
 1813 016e 19       		.uleb128 0x19
 1814 016f 01       		.uleb128 0x1
 1815 0170 13       		.uleb128 0x13
ARM GAS  /tmp/ccuBT3gZ.s 			page 33


 1816 0171 00       		.byte	0
 1817 0172 00       		.byte	0
 1818 0173 1D       		.uleb128 0x1d
 1819 0174 0B       		.uleb128 0xb
 1820 0175 01       		.byte	0x1
 1821 0176 11       		.uleb128 0x11
 1822 0177 01       		.uleb128 0x1
 1823 0178 12       		.uleb128 0x12
 1824 0179 06       		.uleb128 0x6
 1825 017a 00       		.byte	0
 1826 017b 00       		.byte	0
 1827 017c 1E       		.uleb128 0x1e
 1828 017d 34       		.uleb128 0x34
 1829 017e 00       		.byte	0
 1830 017f 03       		.uleb128 0x3
 1831 0180 08       		.uleb128 0x8
 1832 0181 3A       		.uleb128 0x3a
 1833 0182 0B       		.uleb128 0xb
 1834 0183 3B       		.uleb128 0x3b
 1835 0184 0B       		.uleb128 0xb
 1836 0185 49       		.uleb128 0x49
 1837 0186 13       		.uleb128 0x13
 1838 0187 02       		.uleb128 0x2
 1839 0188 17       		.uleb128 0x17
 1840 0189 00       		.byte	0
 1841 018a 00       		.byte	0
 1842 018b 1F       		.uleb128 0x1f
 1843 018c 34       		.uleb128 0x34
 1844 018d 00       		.byte	0
 1845 018e 03       		.uleb128 0x3
 1846 018f 0E       		.uleb128 0xe
 1847 0190 3A       		.uleb128 0x3a
 1848 0191 0B       		.uleb128 0xb
 1849 0192 3B       		.uleb128 0x3b
 1850 0193 0B       		.uleb128 0xb
 1851 0194 49       		.uleb128 0x49
 1852 0195 13       		.uleb128 0x13
 1853 0196 3F       		.uleb128 0x3f
 1854 0197 19       		.uleb128 0x19
 1855 0198 3C       		.uleb128 0x3c
 1856 0199 19       		.uleb128 0x19
 1857 019a 00       		.byte	0
 1858 019b 00       		.byte	0
 1859 019c 20       		.uleb128 0x20
 1860 019d 34       		.uleb128 0x34
 1861 019e 00       		.byte	0
 1862 019f 03       		.uleb128 0x3
 1863 01a0 0E       		.uleb128 0xe
 1864 01a1 3A       		.uleb128 0x3a
 1865 01a2 0B       		.uleb128 0xb
 1866 01a3 3B       		.uleb128 0x3b
 1867 01a4 0B       		.uleb128 0xb
 1868 01a5 49       		.uleb128 0x49
 1869 01a6 13       		.uleb128 0x13
 1870 01a7 3F       		.uleb128 0x3f
 1871 01a8 19       		.uleb128 0x19
 1872 01a9 02       		.uleb128 0x2
ARM GAS  /tmp/ccuBT3gZ.s 			page 34


 1873 01aa 18       		.uleb128 0x18
 1874 01ab 00       		.byte	0
 1875 01ac 00       		.byte	0
 1876 01ad 21       		.uleb128 0x21
 1877 01ae 2E       		.uleb128 0x2e
 1878 01af 00       		.byte	0
 1879 01b0 3F       		.uleb128 0x3f
 1880 01b1 19       		.uleb128 0x19
 1881 01b2 3C       		.uleb128 0x3c
 1882 01b3 19       		.uleb128 0x19
 1883 01b4 6E       		.uleb128 0x6e
 1884 01b5 0E       		.uleb128 0xe
 1885 01b6 03       		.uleb128 0x3
 1886 01b7 0E       		.uleb128 0xe
 1887 01b8 3A       		.uleb128 0x3a
 1888 01b9 0B       		.uleb128 0xb
 1889 01ba 3B       		.uleb128 0x3b
 1890 01bb 05       		.uleb128 0x5
 1891 01bc 00       		.byte	0
 1892 01bd 00       		.byte	0
 1893 01be 22       		.uleb128 0x22
 1894 01bf 2E       		.uleb128 0x2e
 1895 01c0 00       		.byte	0
 1896 01c1 3F       		.uleb128 0x3f
 1897 01c2 19       		.uleb128 0x19
 1898 01c3 3C       		.uleb128 0x3c
 1899 01c4 19       		.uleb128 0x19
 1900 01c5 6E       		.uleb128 0x6e
 1901 01c6 0E       		.uleb128 0xe
 1902 01c7 03       		.uleb128 0x3
 1903 01c8 0E       		.uleb128 0xe
 1904 01c9 3A       		.uleb128 0x3a
 1905 01ca 0B       		.uleb128 0xb
 1906 01cb 3B       		.uleb128 0x3b
 1907 01cc 0B       		.uleb128 0xb
 1908 01cd 00       		.byte	0
 1909 01ce 00       		.byte	0
 1910 01cf 00       		.byte	0
 1911              		.section	.debug_loc,"",%progbits
 1912              	.Ldebug_loc0:
 1913              	.LLST0:
 1914 0000 2A000000 		.4byte	.LVL9
 1915 0004 3F000000 		.4byte	.LVL11-1
 1916 0008 0100     		.2byte	0x1
 1917 000a 53       		.byte	0x53
 1918 000b 44000000 		.4byte	.LVL12
 1919 000f 4A000000 		.4byte	.LVL13
 1920 0013 0100     		.2byte	0x1
 1921 0015 53       		.byte	0x53
 1922 0016 00000000 		.4byte	0
 1923 001a 00000000 		.4byte	0
 1924              	.LLST1:
 1925 001e 34000000 		.4byte	.LVL10
 1926 0022 3F000000 		.4byte	.LVL11-1
 1927 0026 0100     		.2byte	0x1
 1928 0028 51       		.byte	0x51
 1929 0029 00000000 		.4byte	0
ARM GAS  /tmp/ccuBT3gZ.s 			page 35


 1930 002d 00000000 		.4byte	0
 1931              		.section	.debug_aranges,"",%progbits
 1932 0000 2C000000 		.4byte	0x2c
 1933 0004 0200     		.2byte	0x2
 1934 0006 00000000 		.4byte	.Ldebug_info0
 1935 000a 04       		.byte	0x4
 1936 000b 00       		.byte	0
 1937 000c 0000     		.2byte	0
 1938 000e 0000     		.2byte	0
 1939 0010 00000000 		.4byte	.LFB7
 1940 0014 14000000 		.4byte	.LFE7-.LFB7
 1941 0018 00000000 		.4byte	.LFB8
 1942 001c 74000000 		.4byte	.LFE8-.LFB8
 1943 0020 00000000 		.4byte	.LFB9
 1944 0024 54000000 		.4byte	.LFE9-.LFB9
 1945 0028 00000000 		.4byte	0
 1946 002c 00000000 		.4byte	0
 1947              		.section	.debug_ranges,"",%progbits
 1948              	.Ldebug_ranges0:
 1949 0000 00000000 		.4byte	.LFB7
 1950 0004 14000000 		.4byte	.LFE7
 1951 0008 00000000 		.4byte	.LFB8
 1952 000c 74000000 		.4byte	.LFE8
 1953 0010 00000000 		.4byte	.LFB9
 1954 0014 54000000 		.4byte	.LFE9
 1955 0018 00000000 		.4byte	0
 1956 001c 00000000 		.4byte	0
 1957              		.section	.debug_line,"",%progbits
 1958              	.Ldebug_line0:
 1959 0000 31020000 		.section	.debug_str,"MS",%progbits,1
 1959      0200D301 
 1959      00000201 
 1959      FB0E0D00 
 1959      01010101 
 1960              	.LASF98:
 1961 0000 7466756E 		.ascii	"tfunc_t\000"
 1961      635F7400 
 1962              	.LASF109:
 1963 0008 63665F6F 		.ascii	"cf_off_older\000"
 1963      66665F6F 
 1963      6C646572 
 1963      00
 1964              	.LASF44:
 1965 0015 705F6D73 		.ascii	"p_msg\000"
 1965      6700
 1966              	.LASF78:
 1967 001b 76745F66 		.ascii	"vt_func\000"
 1967      756E6300 
 1968              	.LASF19:
 1969 0023 75696E74 		.ascii	"uint64_t\000"
 1969      36345F74 
 1969      00
 1970              	.LASF6:
 1971 002c 5F5F7569 		.ascii	"__uint8_t\000"
 1971      6E74385F 
 1971      7400
 1972              	.LASF72:
ARM GAS  /tmp/ccuBT3gZ.s 			page 36


 1973 0036 434D785F 		.ascii	"CMx_SCB\000"
 1973      53434200 
 1974              	.LASF121:
 1975 003e 76746C69 		.ascii	"vtlist\000"
 1975      737400
 1976              	.LASF119:
 1977 0045 63685379 		.ascii	"chSysTimerHandlerI\000"
 1977      7354696D 
 1977      65724861 
 1977      6E646C65 
 1977      724900
 1978              	.LASF14:
 1979 0058 6C6F6E67 		.ascii	"long long unsigned int\000"
 1979      206C6F6E 
 1979      6720756E 
 1979      7369676E 
 1979      65642069 
 1980              	.LASF105:
 1981 006f 63685F74 		.ascii	"ch_threadsize\000"
 1981      68726561 
 1981      6473697A 
 1981      6500
 1982              	.LASF94:
 1983 007d 65786974 		.ascii	"exitcode\000"
 1983      636F6465 
 1983      00
 1984              	.LASF120:
 1985 0086 6D61696E 		.ascii	"mainthread\000"
 1985      74687265 
 1985      616400
 1986              	.LASF57:
 1987 0091 43505549 		.ascii	"CPUID\000"
 1987      4400
 1988              	.LASF32:
 1989 0097 705F7072 		.ascii	"p_prio\000"
 1989      696F00
 1990              	.LASF112:
 1991 009e 63665F6F 		.ascii	"cf_off_state\000"
 1991      66665F73 
 1991      74617465 
 1991      00
 1992              	.LASF80:
 1993 00ab 76745F73 		.ascii	"vt_systime\000"
 1993      79737469 
 1993      6D6500
 1994              	.LASF1:
 1995 00b6 6C6F6E67 		.ascii	"long long int\000"
 1995      206C6F6E 
 1995      6720696E 
 1995      7400
 1996              	.LASF3:
 1997 00c4 7369676E 		.ascii	"signed char\000"
 1997      65642063 
 1997      68617200 
 1998              	.LASF111:
 1999 00d0 63665F6F 		.ascii	"cf_off_stklimit\000"
 1999      66665F73 
ARM GAS  /tmp/ccuBT3gZ.s 			page 37


 1999      746B6C69 
 1999      6D697400 
 2000              	.LASF113:
 2001 00e0 63665F6F 		.ascii	"cf_off_flags\000"
 2001      66665F66 
 2001      6C616773 
 2001      00
 2002              	.LASF48:
 2003 00ed 705F6D70 		.ascii	"p_mpool\000"
 2003      6F6F6C00 
 2004              	.LASF90:
 2005 00f5 6D5F7175 		.ascii	"m_queue\000"
 2005      65756500 
 2006              	.LASF24:
 2007 00fd 74736C69 		.ascii	"tslices_t\000"
 2007      6365735F 
 2007      7400
 2008              	.LASF10:
 2009 0107 6C6F6E67 		.ascii	"long int\000"
 2009      20696E74 
 2009      00
 2010              	.LASF22:
 2011 0110 74737461 		.ascii	"tstate_t\000"
 2011      74655F74 
 2011      00
 2012              	.LASF39:
 2013 0119 705F7265 		.ascii	"p_refs\000"
 2013      667300
 2014              	.LASF16:
 2015 0120 75696E74 		.ascii	"uint16_t\000"
 2015      31365F74 
 2015      00
 2016              	.LASF117:
 2017 0129 63686465 		.ascii	"chdebug_t\000"
 2017      6275675F 
 2017      7400
 2018              	.LASF34:
 2019 0133 705F6E65 		.ascii	"p_newer\000"
 2019      77657200 
 2020              	.LASF124:
 2021 013b 5F69646C 		.ascii	"_idle_thread_wa\000"
 2021      655F7468 
 2021      72656164 
 2021      5F776100 
 2022              	.LASF67:
 2023 014b 42464152 		.ascii	"BFAR\000"
 2023      00
 2024              	.LASF11:
 2025 0150 5F5F7569 		.ascii	"__uint32_t\000"
 2025      6E743332 
 2025      5F7400
 2026              	.LASF51:
 2027 015b 72656761 		.ascii	"regarm_t\000"
 2027      726D5F74 
 2027      00
 2028              	.LASF76:
 2029 0164 76745F70 		.ascii	"vt_prev\000"
ARM GAS  /tmp/ccuBT3gZ.s 			page 38


 2029      72657600 
 2030              	.LASF118:
 2031 016c 63685379 		.ascii	"chSysInit\000"
 2031      73496E69 
 2031      7400
 2032              	.LASF129:
 2033 0176 5F686561 		.ascii	"_heap_init\000"
 2033      705F696E 
 2033      697400
 2034              	.LASF0:
 2035 0181 756E7369 		.ascii	"unsigned int\000"
 2035      676E6564 
 2035      20696E74 
 2035      00
 2036              	.LASF130:
 2037 018e 5F746872 		.ascii	"_thread_init\000"
 2037      6561645F 
 2037      696E6974 
 2037      00
 2038              	.LASF75:
 2039 019b 76745F6E 		.ascii	"vt_next\000"
 2039      65787400 
 2040              	.LASF12:
 2041 01a3 6C6F6E67 		.ascii	"long unsigned int\000"
 2041      20756E73 
 2041      69676E65 
 2041      6420696E 
 2041      7400
 2042              	.LASF123:
 2043 01b5 63685F64 		.ascii	"ch_debug\000"
 2043      65627567 
 2043      00
 2044              	.LASF104:
 2045 01be 63685F74 		.ascii	"ch_timesize\000"
 2045      696D6573 
 2045      697A6500 
 2046              	.LASF73:
 2047 01ca 76746675 		.ascii	"vtfunc_t\000"
 2047      6E635F74 
 2047      00
 2048              	.LASF59:
 2049 01d3 56544F52 		.ascii	"VTOR\000"
 2049      00
 2050              	.LASF74:
 2051 01d8 56697274 		.ascii	"VirtualTimer\000"
 2051      75616C54 
 2051      696D6572 
 2051      00
 2052              	.LASF54:
 2053 01e5 636F6E74 		.ascii	"context\000"
 2053      65787400 
 2054              	.LASF8:
 2055 01ed 73686F72 		.ascii	"short unsigned int\000"
 2055      7420756E 
 2055      7369676E 
 2055      65642069 
 2055      6E7400
ARM GAS  /tmp/ccuBT3gZ.s 			page 39


 2056              	.LASF58:
 2057 0200 49435352 		.ascii	"ICSR\000"
 2057      00
 2058              	.LASF26:
 2059 0205 6D73675F 		.ascii	"msg_t\000"
 2059      7400
 2060              	.LASF60:
 2061 020b 41495243 		.ascii	"AIRCR\000"
 2061      5200
 2062              	.LASF65:
 2063 0211 44465352 		.ascii	"DFSR\000"
 2063      00
 2064              	.LASF85:
 2065 0216 725F6E65 		.ascii	"r_newer\000"
 2065      77657200 
 2066              	.LASF66:
 2067 021e 4D4D4641 		.ascii	"MMFAR\000"
 2067      5200
 2068              	.LASF21:
 2069 0224 746D6F64 		.ascii	"tmode_t\000"
 2069      655F7400 
 2070              	.LASF50:
 2071 022c 54687265 		.ascii	"ThreadsList\000"
 2071      6164734C 
 2071      69737400 
 2072              	.LASF27:
 2073 0238 6576656E 		.ascii	"eventmask_t\000"
 2073      746D6173 
 2073      6B5F7400 
 2074              	.LASF89:
 2075 0244 4D757465 		.ascii	"Mutex\000"
 2075      7800
 2076              	.LASF52:
 2077 024a 73746B61 		.ascii	"stkalign_t\000"
 2077      6C69676E 
 2077      5F7400
 2078              	.LASF131:
 2079 0255 63685468 		.ascii	"chThdCreateStatic\000"
 2079      64437265 
 2079      61746553 
 2079      74617469 
 2079      6300
 2080              	.LASF126:
 2081 0267 5F736368 		.ascii	"_scheduler_init\000"
 2081      6564756C 
 2081      65725F69 
 2081      6E697400 
 2082              	.LASF100:
 2083 0277 63685F7A 		.ascii	"ch_zero\000"
 2083      65726F00 
 2084              	.LASF114:
 2085 027f 63665F6F 		.ascii	"cf_off_refs\000"
 2085      66665F72 
 2085      65667300 
 2086              	.LASF134:
 2087 028b 2F686F6D 		.ascii	"/home/lithium/Documentos/BikeTracker/ChibiOS_2.6.8/"
 2087      652F6C69 
ARM GAS  /tmp/ccuBT3gZ.s 			page 40


 2087      74686975 
 2087      6D2F446F 
 2087      63756D65 
 2088 02be 64656D6F 		.ascii	"demos/BikeTracker\000"
 2088      732F4269 
 2088      6B655472 
 2088      61636B65 
 2088      7200
 2089              	.LASF77:
 2090 02d0 76745F74 		.ascii	"vt_time\000"
 2090      696D6500 
 2091              	.LASF56:
 2092 02d8 73697A65 		.ascii	"sizetype\000"
 2092      74797065 
 2092      00
 2093              	.LASF2:
 2094 02e1 6C6F6E67 		.ascii	"long double\000"
 2094      20646F75 
 2094      626C6500 
 2095              	.LASF63:
 2096 02ed 43465352 		.ascii	"CFSR\000"
 2096      00
 2097              	.LASF110:
 2098 02f2 63665F6F 		.ascii	"cf_off_name\000"
 2098      66665F6E 
 2098      616D6500 
 2099              	.LASF35:
 2100 02fe 705F6F6C 		.ascii	"p_older\000"
 2100      64657200 
 2101              	.LASF84:
 2102 0306 725F6374 		.ascii	"r_ctx\000"
 2102      7800
 2103              	.LASF49:
 2104 030c 54687265 		.ascii	"ThreadsQueue\000"
 2104      61647351 
 2104      75657565 
 2104      00
 2105              	.LASF101:
 2106 0319 63685F73 		.ascii	"ch_size\000"
 2106      697A6500 
 2107              	.LASF99:
 2108 0321 63685F69 		.ascii	"ch_identifier\000"
 2108      64656E74 
 2108      69666965 
 2108      7200
 2109              	.LASF87:
 2110 032f 725F6375 		.ascii	"r_current\000"
 2110      7272656E 
 2110      7400
 2111              	.LASF86:
 2112 0339 725F6F6C 		.ascii	"r_older\000"
 2112      64657200 
 2113              	.LASF135:
 2114 0341 5F69646C 		.ascii	"_idle_thread\000"
 2114      655F7468 
 2114      72656164 
 2114      00
ARM GAS  /tmp/ccuBT3gZ.s 			page 41


 2115              	.LASF13:
 2116 034e 5F5F7569 		.ascii	"__uint64_t\000"
 2116      6E743634 
 2116      5F7400
 2117              	.LASF23:
 2118 0359 74726566 		.ascii	"trefs_t\000"
 2118      735F7400 
 2119              	.LASF103:
 2120 0361 63685F70 		.ascii	"ch_ptrsize\000"
 2120      74727369 
 2120      7A6500
 2121              	.LASF31:
 2122 036c 705F7072 		.ascii	"p_prev\000"
 2122      657600
 2123              	.LASF25:
 2124 0373 74707269 		.ascii	"tprio_t\000"
 2124      6F5F7400 
 2125              	.LASF20:
 2126 037b 5F426F6F 		.ascii	"_Bool\000"
 2126      6C00
 2127              	.LASF17:
 2128 0381 696E7433 		.ascii	"int32_t\000"
 2128      325F7400 
 2129              	.LASF4:
 2130 0389 756E7369 		.ascii	"unsigned char\000"
 2130      676E6564 
 2130      20636861 
 2130      7200
 2131              	.LASF128:
 2132 0397 5F636F72 		.ascii	"_core_init\000"
 2132      655F696E 
 2132      697400
 2133              	.LASF62:
 2134 03a2 53484353 		.ascii	"SHCSR\000"
 2134      5200
 2135              	.LASF46:
 2136 03a8 705F6D74 		.ascii	"p_mtxlist\000"
 2136      786C6973 
 2136      7400
 2137              	.LASF5:
 2138 03b2 73686F72 		.ascii	"short int\000"
 2138      7420696E 
 2138      7400
 2139              	.LASF37:
 2140 03bc 705F7374 		.ascii	"p_state\000"
 2140      61746500 
 2141              	.LASF40:
 2142 03c4 705F7072 		.ascii	"p_preempt\000"
 2142      65656D70 
 2142      7400
 2143              	.LASF116:
 2144 03ce 63665F6F 		.ascii	"cf_off_time\000"
 2144      66665F74 
 2144      696D6500 
 2145              	.LASF125:
 2146 03da 6E766963 		.ascii	"nvicSetSystemHandlerPriority\000"
 2146      53657453 
ARM GAS  /tmp/ccuBT3gZ.s 			page 42


 2146      79737465 
 2146      6D48616E 
 2146      646C6572 
 2147              	.LASF83:
 2148 03f7 725F7072 		.ascii	"r_prio\000"
 2148      696F00
 2149              	.LASF96:
 2150 03fe 65776D61 		.ascii	"ewmask\000"
 2150      736B00
 2151              	.LASF30:
 2152 0405 705F6E65 		.ascii	"p_next\000"
 2152      787400
 2153              	.LASF115:
 2154 040c 63665F6F 		.ascii	"cf_off_preempt\000"
 2154      66665F70 
 2154      7265656D 
 2154      707400
 2155              	.LASF38:
 2156 041b 705F666C 		.ascii	"p_flags\000"
 2156      61677300 
 2157              	.LASF29:
 2158 0423 54687265 		.ascii	"Thread\000"
 2158      616400
 2159              	.LASF108:
 2160 042a 63665F6F 		.ascii	"cf_off_newer\000"
 2160      66665F6E 
 2160      65776572 
 2160      00
 2161              	.LASF45:
 2162 0437 705F6570 		.ascii	"p_epending\000"
 2162      656E6469 
 2162      6E6700
 2163              	.LASF18:
 2164 0442 75696E74 		.ascii	"uint32_t\000"
 2164      33325F74 
 2164      00
 2165              	.LASF106:
 2166 044b 63665F6F 		.ascii	"cf_off_prio\000"
 2166      66665F70 
 2166      72696F00 
 2167              	.LASF82:
 2168 0457 725F7175 		.ascii	"r_queue\000"
 2168      65756500 
 2169              	.LASF68:
 2170 045f 41465352 		.ascii	"AFSR\000"
 2170      00
 2171              	.LASF70:
 2172 0464 756E7573 		.ascii	"unused1\000"
 2172      65643100 
 2173              	.LASF97:
 2174 046c 63686172 		.ascii	"char\000"
 2174      00
 2175              	.LASF55:
 2176 0471 494F5245 		.ascii	"IOREG32\000"
 2176      47333200 
 2177              	.LASF7:
 2178 0479 5F5F7569 		.ascii	"__uint16_t\000"
ARM GAS  /tmp/ccuBT3gZ.s 			page 43


 2178      6E743136 
 2178      5F7400
 2179              	.LASF92:
 2180 0484 6D5F6E65 		.ascii	"m_next\000"
 2180      787400
 2181              	.LASF28:
 2182 048b 73797374 		.ascii	"systime_t\000"
 2182      696D655F 
 2182      7400
 2183              	.LASF47:
 2184 0495 705F7265 		.ascii	"p_realprio\000"
 2184      616C7072 
 2184      696F00
 2185              	.LASF9:
 2186 04a0 5F5F696E 		.ascii	"__int32_t\000"
 2186      7433325F 
 2186      7400
 2187              	.LASF127:
 2188 04aa 5F76745F 		.ascii	"_vt_init\000"
 2188      696E6974 
 2188      00
 2189              	.LASF41:
 2190 04b3 705F7469 		.ascii	"p_time\000"
 2190      6D6500
 2191              	.LASF61:
 2192 04ba 53485052 		.ascii	"SHPR\000"
 2192      00
 2193              	.LASF53:
 2194 04bf 696E7463 		.ascii	"intctx\000"
 2194      747800
 2195              	.LASF43:
 2196 04c6 705F6D73 		.ascii	"p_msgqueue\000"
 2196      67717565 
 2196      756500
 2197              	.LASF79:
 2198 04d1 76745F70 		.ascii	"vt_par\000"
 2198      617200
 2199              	.LASF107:
 2200 04d8 63665F6F 		.ascii	"cf_off_ctx\000"
 2200      66665F63 
 2200      747800
 2201              	.LASF93:
 2202 04e3 7264796D 		.ascii	"rdymsg\000"
 2202      736700
 2203              	.LASF132:
 2204 04ea 474E5520 		.ascii	"GNU C11 5.3.1 20160307 (release) [ARM/embedded-5-br"
 2204      43313120 
 2204      352E332E 
 2204      31203230 
 2204      31363033 
 2205 051d 616E6368 		.ascii	"anch revision 234589] -mcpu=cortex-m0 -mno-thumb-in"
 2205      20726576 
 2205      6973696F 
 2205      6E203233 
 2205      34353839 
 2206 0550 74657277 		.ascii	"terwork -mthumb -ggdb -O2 -fomit-frame-pointer -fal"
 2206      6F726B20 
ARM GAS  /tmp/ccuBT3gZ.s 			page 44


 2206      2D6D7468 
 2206      756D6220 
 2206      2D676764 
 2207 0583 69676E2D 		.ascii	"ign-functions=16 -ffunction-sections -fdata-section"
 2207      66756E63 
 2207      74696F6E 
 2207      733D3136 
 2207      202D6666 
 2208 05b6 73202D66 		.ascii	"s -fno-common\000"
 2208      6E6F2D63 
 2208      6F6D6D6F 
 2208      6E00
 2209              	.LASF88:
 2210 05c4 52656164 		.ascii	"ReadyList\000"
 2210      794C6973 
 2210      7400
 2211              	.LASF69:
 2212 05ce 4D4D4652 		.ascii	"MMFR\000"
 2212      00
 2213              	.LASF122:
 2214 05d3 726C6973 		.ascii	"rlist\000"
 2214      7400
 2215              	.LASF133:
 2216 05d9 2E2E2F2E 		.ascii	"../../os/kernel/src/chsys.c\000"
 2216      2E2F6F73 
 2216      2F6B6572 
 2216      6E656C2F 
 2216      7372632F 
 2217              	.LASF15:
 2218 05f5 75696E74 		.ascii	"uint8_t\000"
 2218      385F7400 
 2219              	.LASF95:
 2220 05fd 77746F62 		.ascii	"wtobjp\000"
 2220      6A7000
 2221              	.LASF36:
 2222 0604 705F6E61 		.ascii	"p_name\000"
 2222      6D6500
 2223              	.LASF102:
 2224 060b 63685F76 		.ascii	"ch_version\000"
 2224      65727369 
 2224      6F6E00
 2225              	.LASF81:
 2226 0616 56544C69 		.ascii	"VTList\000"
 2226      737400
 2227              	.LASF71:
 2228 061d 43504143 		.ascii	"CPACR\000"
 2228      5200
 2229              	.LASF64:
 2230 0623 48465352 		.ascii	"HFSR\000"
 2230      00
 2231              	.LASF91:
 2232 0628 6D5F6F77 		.ascii	"m_owner\000"
 2232      6E657200 
 2233              	.LASF33:
 2234 0630 705F6374 		.ascii	"p_ctx\000"
 2234      7800
 2235              	.LASF42:
ARM GAS  /tmp/ccuBT3gZ.s 			page 45


 2236 0636 705F7761 		.ascii	"p_waiting\000"
 2236      6974696E 
 2236      6700
 2237              		.ident	"GCC: (GNU Tools for ARM Embedded Processors) 5.3.1 20160307 (release) [ARM/embedded-5-bran
ARM GAS  /tmp/ccuBT3gZ.s 			page 46


DEFINED SYMBOLS
                            *ABS*:00000000 chsys.c
     /tmp/ccuBT3gZ.s:20     .text._idle_thread:00000000 $t
     /tmp/ccuBT3gZ.s:26     .text._idle_thread:00000000 _idle_thread
     /tmp/ccuBT3gZ.s:46     .text._idle_thread:0000000c $d
     /tmp/ccuBT3gZ.s:52     .text.chSysInit:00000000 $t
     /tmp/ccuBT3gZ.s:58     .text.chSysInit:00000000 chSysInit
     /tmp/ccuBT3gZ.s:137    .text.chSysInit:00000058 $d
     /tmp/ccuBT3gZ.s:148    .text.chSysTimerHandlerI:00000000 $t
     /tmp/ccuBT3gZ.s:154    .text.chSysTimerHandlerI:00000000 chSysTimerHandlerI
     /tmp/ccuBT3gZ.s:238    .text.chSysTimerHandlerI:0000004c $d
     /tmp/ccuBT3gZ.s:260    .bss._idle_thread_wa:00000000 _idle_thread_wa
     /tmp/ccuBT3gZ.s:245    .rodata.str1.4:00000000 $d
     /tmp/ccuBT3gZ.s:249    .bss.mainthread.4902:00000000 $d
     /tmp/ccuBT3gZ.s:253    .bss.mainthread.4902:00000000 mainthread.4902
     /tmp/ccuBT3gZ.s:256    .bss._idle_thread_wa:00000000 $d
                     .debug_frame:00000010 $d

UNDEFINED SYMBOLS
rlist
nvicSetSystemHandlerPriority
_scheduler_init
_vt_init
_core_init
_heap_init
_thread_init
chThdCreateStatic
ch_debug
vtlist
