ARM GAS  /tmp/cccINAIo.s 			page 1


   1              		.syntax unified
   2              		.cpu cortex-m0
   3              		.fpu softvfp
   4              		.eabi_attribute 20, 1
   5              		.eabi_attribute 21, 1
   6              		.eabi_attribute 23, 3
   7              		.eabi_attribute 24, 1
   8              		.eabi_attribute 25, 1
   9              		.eabi_attribute 26, 1
  10              		.eabi_attribute 30, 2
  11              		.eabi_attribute 34, 0
  12              		.eabi_attribute 18, 4
  13              		.thumb
  14              		.syntax unified
  15              		.file	"chvt.c"
  16              		.text
  17              	.Ltext0:
  18              		.cfi_sections	.debug_frame
  19              		.section	.text._vt_init,"ax",%progbits
  20              		.align	2
  21              		.p2align 4,,15
  22              		.global	_vt_init
  23              		.code	16
  24              		.thumb_func
  25              		.type	_vt_init, %function
  26              	_vt_init:
  27              	.LFB7:
  28              		.file 1 "../../os/kernel/src/chvt.c"
  29              		.loc 1 50 0
  30              		.cfi_startproc
  31              		@ args = 0, pretend = 0, frame = 0
  32              		@ frame_needed = 0, uses_anonymous_args = 0
  33              		@ link register save eliminated.
  34              		.loc 1 53 0
  35 0000 0122     		movs	r2, #1
  36              		.loc 1 52 0
  37 0002 044B     		ldr	r3, .L2
  38              		.loc 1 53 0
  39 0004 5242     		rsbs	r2, r2, #0
  40 0006 9A60     		str	r2, [r3, #8]
  41              		.loc 1 54 0
  42 0008 0022     		movs	r2, #0
  43              		.loc 1 52 0
  44 000a 5B60     		str	r3, [r3, #4]
  45 000c 1B60     		str	r3, [r3]
  46              		.loc 1 54 0
  47 000e DA60     		str	r2, [r3, #12]
  48              		.loc 1 55 0
  49              		@ sp needed
  50 0010 7047     		bx	lr
  51              	.L3:
  52 0012 C046     		.align	2
  53              	.L2:
  54 0014 00000000 		.word	.LANCHOR0
  55              		.cfi_endproc
  56              	.LFE7:
  57              		.size	_vt_init, .-_vt_init
ARM GAS  /tmp/cccINAIo.s 			page 2


  58              		.section	.text.chVTSetI,"ax",%progbits
  59              		.align	2
  60              		.p2align 4,,15
  61              		.global	chVTSetI
  62              		.code	16
  63              		.thumb_func
  64              		.type	chVTSetI, %function
  65              	chVTSetI:
  66              	.LFB8:
  67              		.loc 1 76 0
  68              		.cfi_startproc
  69              		@ args = 0, pretend = 0, frame = 0
  70              		@ frame_needed = 0, uses_anonymous_args = 0
  71              	.LVL0:
  72 0000 10B5     		push	{r4, lr}
  73              		.cfi_def_cfa_offset 8
  74              		.cfi_offset 4, -8
  75              		.cfi_offset 14, -4
  76              		.loc 1 85 0
  77 0002 0C4C     		ldr	r4, .L10
  78              		.loc 1 83 0
  79 0004 0361     		str	r3, [r0, #16]
  80              		.loc 1 85 0
  81 0006 2368     		ldr	r3, [r4]
  82              	.LVL1:
  83              		.loc 1 84 0
  84 0008 C260     		str	r2, [r0, #12]
  85              		.loc 1 86 0
  86 000a 9A68     		ldr	r2, [r3, #8]
  87              	.LVL2:
  88 000c 9142     		cmp	r1, r2
  89 000e 04D9     		bls	.L5
  90              	.L6:
  91              		.loc 1 88 0
  92 0010 1B68     		ldr	r3, [r3]
  93              	.LVL3:
  94              		.loc 1 87 0
  95 0012 891A     		subs	r1, r1, r2
  96              	.LVL4:
  97              		.loc 1 86 0
  98 0014 9A68     		ldr	r2, [r3, #8]
  99 0016 8A42     		cmp	r2, r1
 100 0018 FAD3     		bcc	.L6
 101              	.L5:
 102              		.loc 1 91 0
 103 001a 5A68     		ldr	r2, [r3, #4]
 104 001c 0360     		str	r3, [r0]
 105 001e 4260     		str	r2, [r0, #4]
 106              		.loc 1 92 0
 107 0020 5860     		str	r0, [r3, #4]
 108 0022 1060     		str	r0, [r2]
 109              		.loc 1 93 0
 110 0024 8160     		str	r1, [r0, #8]
 111              		.loc 1 94 0
 112 0026 A342     		cmp	r3, r4
 113 0028 02D0     		beq	.L4
 114              		.loc 1 95 0
ARM GAS  /tmp/cccINAIo.s 			page 3


 115 002a 9A68     		ldr	r2, [r3, #8]
 116 002c 511A     		subs	r1, r2, r1
 117              	.LVL5:
 118 002e 9960     		str	r1, [r3, #8]
 119              	.LVL6:
 120              	.L4:
 121              		.loc 1 96 0
 122              		@ sp needed
 123 0030 10BD     		pop	{r4, pc}
 124              	.L11:
 125 0032 C046     		.align	2
 126              	.L10:
 127 0034 00000000 		.word	.LANCHOR0
 128              		.cfi_endproc
 129              	.LFE8:
 130              		.size	chVTSetI, .-chVTSetI
 131              		.section	.text.chVTResetI,"ax",%progbits
 132              		.align	2
 133              		.p2align 4,,15
 134              		.global	chVTResetI
 135              		.code	16
 136              		.thumb_func
 137              		.type	chVTResetI, %function
 138              	chVTResetI:
 139              	.LFB9:
 140              		.loc 1 106 0
 141              		.cfi_startproc
 142              		@ args = 0, pretend = 0, frame = 0
 143              		@ frame_needed = 0, uses_anonymous_args = 0
 144              		@ link register save eliminated.
 145              	.LVL7:
 146              		.loc 1 114 0
 147 0000 0368     		ldr	r3, [r0]
 148 0002 074A     		ldr	r2, .L14
 149 0004 9342     		cmp	r3, r2
 150 0006 04D0     		beq	.L13
 151              		.loc 1 115 0
 152 0008 8168     		ldr	r1, [r0, #8]
 153 000a 9A68     		ldr	r2, [r3, #8]
 154 000c 8C46     		mov	ip, r1
 155 000e 6244     		add	r2, r2, ip
 156 0010 9A60     		str	r2, [r3, #8]
 157              	.L13:
 158              		.loc 1 116 0
 159 0012 4268     		ldr	r2, [r0, #4]
 160              		.loc 1 119 0
 161              		@ sp needed
 162              		.loc 1 116 0
 163 0014 1360     		str	r3, [r2]
 164              		.loc 1 117 0
 165 0016 0368     		ldr	r3, [r0]
 166 0018 5A60     		str	r2, [r3, #4]
 167              		.loc 1 118 0
 168 001a 0023     		movs	r3, #0
 169 001c C360     		str	r3, [r0, #12]
 170              		.loc 1 119 0
 171 001e 7047     		bx	lr
ARM GAS  /tmp/cccINAIo.s 			page 4


 172              	.L15:
 173              		.align	2
 174              	.L14:
 175 0020 00000000 		.word	.LANCHOR0
 176              		.cfi_endproc
 177              	.LFE9:
 178              		.size	chVTResetI, .-chVTResetI
 179              		.global	vtlist
 180              		.section	.bss.vtlist,"aw",%nobits
 181              		.align	2
 182              		.set	.LANCHOR0,. + 0
 183              		.type	vtlist, %object
 184              		.size	vtlist, 16
 185              	vtlist:
 186 0000 00000000 		.space	16
 186      00000000 
 186      00000000 
 186      00000000 
 187              		.text
 188              	.Letext0:
 189              		.file 2 "/home/lithium/Descargas/gcc-arm-none-eabi-5_3-2016q1/arm-none-eabi/include/machine/_defau
 190              		.file 3 "/home/lithium/Descargas/gcc-arm-none-eabi-5_3-2016q1/arm-none-eabi/include/sys/_stdint.h"
 191              		.file 4 "../../os/ports/GCC/ARMCMx/chtypes.h"
 192              		.file 5 "../../os/kernel/include/chvt.h"
 193              		.section	.debug_info,"",%progbits
 194              	.Ldebug_info0:
 195 0000 08020000 		.4byte	0x208
 196 0004 0400     		.2byte	0x4
 197 0006 00000000 		.4byte	.Ldebug_abbrev0
 198 000a 04       		.byte	0x4
 199 000b 01       		.uleb128 0x1
 200 000c A9000000 		.4byte	.LASF29
 201 0010 0C       		.byte	0xc
 202 0011 CF010000 		.4byte	.LASF30
 203 0015 4E000000 		.4byte	.LASF31
 204 0019 00000000 		.4byte	.Ldebug_ranges0+0
 205 001d 00000000 		.4byte	0
 206 0021 00000000 		.4byte	.Ldebug_line0
 207 0025 02       		.uleb128 0x2
 208 0026 04       		.byte	0x4
 209 0027 05       		.byte	0x5
 210 0028 696E7400 		.ascii	"int\000"
 211 002c 03       		.uleb128 0x3
 212 002d 04       		.byte	0x4
 213 002e 07       		.byte	0x7
 214 002f 83010000 		.4byte	.LASF0
 215 0033 03       		.uleb128 0x3
 216 0034 08       		.byte	0x8
 217 0035 05       		.byte	0x5
 218 0036 EA010000 		.4byte	.LASF1
 219 003a 03       		.uleb128 0x3
 220 003b 08       		.byte	0x8
 221 003c 04       		.byte	0x4
 222 003d 37020000 		.4byte	.LASF2
 223 0041 03       		.uleb128 0x3
 224 0042 01       		.byte	0x1
 225 0043 06       		.byte	0x6
ARM GAS  /tmp/cccINAIo.s 			page 5


 226 0044 43020000 		.4byte	.LASF3
 227 0048 03       		.uleb128 0x3
 228 0049 01       		.byte	0x1
 229 004a 08       		.byte	0x8
 230 004b 87000000 		.4byte	.LASF4
 231 004f 03       		.uleb128 0x3
 232 0050 02       		.byte	0x2
 233 0051 05       		.byte	0x5
 234 0052 13020000 		.4byte	.LASF5
 235 0056 03       		.uleb128 0x3
 236 0057 02       		.byte	0x2
 237 0058 07       		.byte	0x7
 238 0059 2E000000 		.4byte	.LASF6
 239 005d 03       		.uleb128 0x3
 240 005e 04       		.byte	0x4
 241 005f 05       		.byte	0x5
 242 0060 2E020000 		.4byte	.LASF7
 243 0064 04       		.uleb128 0x4
 244 0065 9E000000 		.4byte	.LASF10
 245 0069 02       		.byte	0x2
 246 006a 41       		.byte	0x41
 247 006b 6F000000 		.4byte	0x6f
 248 006f 03       		.uleb128 0x3
 249 0070 04       		.byte	0x4
 250 0071 07       		.byte	0x7
 251 0072 1C000000 		.4byte	.LASF8
 252 0076 03       		.uleb128 0x3
 253 0077 08       		.byte	0x8
 254 0078 07       		.byte	0x7
 255 0079 90010000 		.4byte	.LASF9
 256 007d 04       		.uleb128 0x4
 257 007e 25020000 		.4byte	.LASF11
 258 0082 03       		.byte	0x3
 259 0083 20       		.byte	0x20
 260 0084 64000000 		.4byte	0x64
 261 0088 03       		.uleb128 0x3
 262 0089 01       		.byte	0x1
 263 008a 02       		.byte	0x2
 264 008b 69020000 		.4byte	.LASF12
 265 008f 04       		.uleb128 0x4
 266 0090 09000000 		.4byte	.LASF13
 267 0094 04       		.byte	0x4
 268 0095 35       		.byte	0x35
 269 0096 7D000000 		.4byte	0x7d
 270 009a 05       		.uleb128 0x5
 271 009b 04       		.byte	0x4
 272 009c 03       		.uleb128 0x3
 273 009d 04       		.byte	0x4
 274 009e 07       		.byte	0x7
 275 009f BB010000 		.4byte	.LASF14
 276 00a3 04       		.uleb128 0x4
 277 00a4 13000000 		.4byte	.LASF15
 278 00a8 05       		.byte	0x5
 279 00a9 58       		.byte	0x58
 280 00aa AE000000 		.4byte	0xae
 281 00ae 06       		.uleb128 0x6
 282 00af 04       		.byte	0x4
ARM GAS  /tmp/cccINAIo.s 			page 6


 283 00b0 B4000000 		.4byte	0xb4
 284 00b4 07       		.uleb128 0x7
 285 00b5 BF000000 		.4byte	0xbf
 286 00b9 08       		.uleb128 0x8
 287 00ba 9A000000 		.4byte	0x9a
 288 00be 00       		.byte	0
 289 00bf 04       		.uleb128 0x4
 290 00c0 41000000 		.4byte	.LASF16
 291 00c4 05       		.byte	0x5
 292 00c5 5D       		.byte	0x5d
 293 00c6 CA000000 		.4byte	0xca
 294 00ca 09       		.uleb128 0x9
 295 00cb 41000000 		.4byte	.LASF16
 296 00cf 14       		.byte	0x14
 297 00d0 05       		.byte	0x5
 298 00d1 64       		.byte	0x64
 299 00d2 13010000 		.4byte	0x113
 300 00d6 0A       		.uleb128 0xa
 301 00d7 56020000 		.4byte	.LASF17
 302 00db 05       		.byte	0x5
 303 00dc 65       		.byte	0x65
 304 00dd 13010000 		.4byte	0x113
 305 00e1 00       		.byte	0
 306 00e2 0A       		.uleb128 0xa
 307 00e3 1D020000 		.4byte	.LASF18
 308 00e7 05       		.byte	0x5
 309 00e8 67       		.byte	0x67
 310 00e9 13010000 		.4byte	0x113
 311 00ed 04       		.byte	0x4
 312 00ee 0A       		.uleb128 0xa
 313 00ef B3010000 		.4byte	.LASF19
 314 00f3 05       		.byte	0x5
 315 00f4 69       		.byte	0x69
 316 00f5 8F000000 		.4byte	0x8f
 317 00f9 08       		.byte	0x8
 318 00fa 0A       		.uleb128 0xa
 319 00fb F8010000 		.4byte	.LASF20
 320 00ff 05       		.byte	0x5
 321 0100 6A       		.byte	0x6a
 322 0101 A3000000 		.4byte	0xa3
 323 0105 0C       		.byte	0xc
 324 0106 0A       		.uleb128 0xa
 325 0107 0C020000 		.4byte	.LASF21
 326 010b 05       		.byte	0x5
 327 010c 6C       		.byte	0x6c
 328 010d 9A000000 		.4byte	0x9a
 329 0111 10       		.byte	0x10
 330 0112 00       		.byte	0
 331 0113 06       		.uleb128 0x6
 332 0114 04       		.byte	0x4
 333 0115 BF000000 		.4byte	0xbf
 334 0119 0B       		.uleb128 0xb
 335 011a 10       		.byte	0x10
 336 011b 05       		.byte	0x5
 337 011c 76       		.byte	0x76
 338 011d 52010000 		.4byte	0x152
 339 0121 0A       		.uleb128 0xa
ARM GAS  /tmp/cccINAIo.s 			page 7


 340 0122 56020000 		.4byte	.LASF17
 341 0126 05       		.byte	0x5
 342 0127 77       		.byte	0x77
 343 0128 13010000 		.4byte	0x113
 344 012c 00       		.byte	0
 345 012d 0A       		.uleb128 0xa
 346 012e 1D020000 		.4byte	.LASF18
 347 0132 05       		.byte	0x5
 348 0133 79       		.byte	0x79
 349 0134 13010000 		.4byte	0x113
 350 0138 04       		.byte	0x4
 351 0139 0A       		.uleb128 0xa
 352 013a B3010000 		.4byte	.LASF19
 353 013e 05       		.byte	0x5
 354 013f 7B       		.byte	0x7b
 355 0140 8F000000 		.4byte	0x8f
 356 0144 08       		.byte	0x8
 357 0145 0A       		.uleb128 0xa
 358 0146 C4010000 		.4byte	.LASF22
 359 014a 05       		.byte	0x5
 360 014b 7C       		.byte	0x7c
 361 014c 52010000 		.4byte	0x152
 362 0150 0C       		.byte	0xc
 363 0151 00       		.byte	0
 364 0152 0C       		.uleb128 0xc
 365 0153 8F000000 		.4byte	0x8f
 366 0157 04       		.uleb128 0x4
 367 0158 4F020000 		.4byte	.LASF23
 368 015c 05       		.byte	0x5
 369 015d 7D       		.byte	0x7d
 370 015e 19010000 		.4byte	0x119
 371 0162 03       		.uleb128 0x3
 372 0163 01       		.byte	0x1
 373 0164 08       		.byte	0x8
 374 0165 07020000 		.4byte	.LASF24
 375 0169 0D       		.uleb128 0xd
 376 016a 95000000 		.4byte	.LASF32
 377 016e 01       		.byte	0x1
 378 016f 32       		.byte	0x32
 379 0170 00000000 		.4byte	.LFB7
 380 0174 18000000 		.4byte	.LFE7-.LFB7
 381 0178 01       		.uleb128 0x1
 382 0179 9C       		.byte	0x9c
 383 017a 0E       		.uleb128 0xe
 384 017b 00000000 		.4byte	.LASF27
 385 017f 01       		.byte	0x1
 386 0180 4C       		.byte	0x4c
 387 0181 00000000 		.4byte	.LFB8
 388 0185 38000000 		.4byte	.LFE8-.LFB8
 389 0189 01       		.uleb128 0x1
 390 018a 9C       		.byte	0x9c
 391 018b D7010000 		.4byte	0x1d7
 392 018f 0F       		.uleb128 0xf
 393 0190 76747000 		.ascii	"vtp\000"
 394 0194 01       		.byte	0x1
 395 0195 4C       		.byte	0x4c
 396 0196 13010000 		.4byte	0x113
ARM GAS  /tmp/cccINAIo.s 			page 8


 397 019a 01       		.uleb128 0x1
 398 019b 50       		.byte	0x50
 399 019c 10       		.uleb128 0x10
 400 019d AE010000 		.4byte	.LASF25
 401 01a1 01       		.byte	0x1
 402 01a2 4C       		.byte	0x4c
 403 01a3 8F000000 		.4byte	0x8f
 404 01a7 00000000 		.4byte	.LLST0
 405 01ab 10       		.uleb128 0x10
 406 01ac 00020000 		.4byte	.LASF26
 407 01b0 01       		.byte	0x1
 408 01b1 4C       		.byte	0x4c
 409 01b2 A3000000 		.4byte	0xa3
 410 01b6 2A000000 		.4byte	.LLST1
 411 01ba 11       		.uleb128 0x11
 412 01bb 70617200 		.ascii	"par\000"
 413 01bf 01       		.byte	0x1
 414 01c0 4C       		.byte	0x4c
 415 01c1 9A000000 		.4byte	0x9a
 416 01c5 49000000 		.4byte	.LLST2
 417 01c9 12       		.uleb128 0x12
 418 01ca 7000     		.ascii	"p\000"
 419 01cc 01       		.byte	0x1
 420 01cd 4D       		.byte	0x4d
 421 01ce 13010000 		.4byte	0x113
 422 01d2 68000000 		.4byte	.LLST3
 423 01d6 00       		.byte	0
 424 01d7 0E       		.uleb128 0xe
 425 01d8 5E020000 		.4byte	.LASF28
 426 01dc 01       		.byte	0x1
 427 01dd 6A       		.byte	0x6a
 428 01de 00000000 		.4byte	.LFB9
 429 01e2 24000000 		.4byte	.LFE9-.LFB9
 430 01e6 01       		.uleb128 0x1
 431 01e7 9C       		.byte	0x9c
 432 01e8 FA010000 		.4byte	0x1fa
 433 01ec 0F       		.uleb128 0xf
 434 01ed 76747000 		.ascii	"vtp\000"
 435 01f1 01       		.byte	0x1
 436 01f2 6A       		.byte	0x6a
 437 01f3 13010000 		.4byte	0x113
 438 01f7 01       		.uleb128 0x1
 439 01f8 50       		.byte	0x50
 440 01f9 00       		.byte	0
 441 01fa 13       		.uleb128 0x13
 442 01fb A7010000 		.4byte	.LASF33
 443 01ff 01       		.byte	0x1
 444 0200 2A       		.byte	0x2a
 445 0201 57010000 		.4byte	0x157
 446 0205 05       		.uleb128 0x5
 447 0206 03       		.byte	0x3
 448 0207 00000000 		.4byte	vtlist
 449 020b 00       		.byte	0
 450              		.section	.debug_abbrev,"",%progbits
 451              	.Ldebug_abbrev0:
 452 0000 01       		.uleb128 0x1
 453 0001 11       		.uleb128 0x11
ARM GAS  /tmp/cccINAIo.s 			page 9


 454 0002 01       		.byte	0x1
 455 0003 25       		.uleb128 0x25
 456 0004 0E       		.uleb128 0xe
 457 0005 13       		.uleb128 0x13
 458 0006 0B       		.uleb128 0xb
 459 0007 03       		.uleb128 0x3
 460 0008 0E       		.uleb128 0xe
 461 0009 1B       		.uleb128 0x1b
 462 000a 0E       		.uleb128 0xe
 463 000b 55       		.uleb128 0x55
 464 000c 17       		.uleb128 0x17
 465 000d 11       		.uleb128 0x11
 466 000e 01       		.uleb128 0x1
 467 000f 10       		.uleb128 0x10
 468 0010 17       		.uleb128 0x17
 469 0011 00       		.byte	0
 470 0012 00       		.byte	0
 471 0013 02       		.uleb128 0x2
 472 0014 24       		.uleb128 0x24
 473 0015 00       		.byte	0
 474 0016 0B       		.uleb128 0xb
 475 0017 0B       		.uleb128 0xb
 476 0018 3E       		.uleb128 0x3e
 477 0019 0B       		.uleb128 0xb
 478 001a 03       		.uleb128 0x3
 479 001b 08       		.uleb128 0x8
 480 001c 00       		.byte	0
 481 001d 00       		.byte	0
 482 001e 03       		.uleb128 0x3
 483 001f 24       		.uleb128 0x24
 484 0020 00       		.byte	0
 485 0021 0B       		.uleb128 0xb
 486 0022 0B       		.uleb128 0xb
 487 0023 3E       		.uleb128 0x3e
 488 0024 0B       		.uleb128 0xb
 489 0025 03       		.uleb128 0x3
 490 0026 0E       		.uleb128 0xe
 491 0027 00       		.byte	0
 492 0028 00       		.byte	0
 493 0029 04       		.uleb128 0x4
 494 002a 16       		.uleb128 0x16
 495 002b 00       		.byte	0
 496 002c 03       		.uleb128 0x3
 497 002d 0E       		.uleb128 0xe
 498 002e 3A       		.uleb128 0x3a
 499 002f 0B       		.uleb128 0xb
 500 0030 3B       		.uleb128 0x3b
 501 0031 0B       		.uleb128 0xb
 502 0032 49       		.uleb128 0x49
 503 0033 13       		.uleb128 0x13
 504 0034 00       		.byte	0
 505 0035 00       		.byte	0
 506 0036 05       		.uleb128 0x5
 507 0037 0F       		.uleb128 0xf
 508 0038 00       		.byte	0
 509 0039 0B       		.uleb128 0xb
 510 003a 0B       		.uleb128 0xb
ARM GAS  /tmp/cccINAIo.s 			page 10


 511 003b 00       		.byte	0
 512 003c 00       		.byte	0
 513 003d 06       		.uleb128 0x6
 514 003e 0F       		.uleb128 0xf
 515 003f 00       		.byte	0
 516 0040 0B       		.uleb128 0xb
 517 0041 0B       		.uleb128 0xb
 518 0042 49       		.uleb128 0x49
 519 0043 13       		.uleb128 0x13
 520 0044 00       		.byte	0
 521 0045 00       		.byte	0
 522 0046 07       		.uleb128 0x7
 523 0047 15       		.uleb128 0x15
 524 0048 01       		.byte	0x1
 525 0049 27       		.uleb128 0x27
 526 004a 19       		.uleb128 0x19
 527 004b 01       		.uleb128 0x1
 528 004c 13       		.uleb128 0x13
 529 004d 00       		.byte	0
 530 004e 00       		.byte	0
 531 004f 08       		.uleb128 0x8
 532 0050 05       		.uleb128 0x5
 533 0051 00       		.byte	0
 534 0052 49       		.uleb128 0x49
 535 0053 13       		.uleb128 0x13
 536 0054 00       		.byte	0
 537 0055 00       		.byte	0
 538 0056 09       		.uleb128 0x9
 539 0057 13       		.uleb128 0x13
 540 0058 01       		.byte	0x1
 541 0059 03       		.uleb128 0x3
 542 005a 0E       		.uleb128 0xe
 543 005b 0B       		.uleb128 0xb
 544 005c 0B       		.uleb128 0xb
 545 005d 3A       		.uleb128 0x3a
 546 005e 0B       		.uleb128 0xb
 547 005f 3B       		.uleb128 0x3b
 548 0060 0B       		.uleb128 0xb
 549 0061 01       		.uleb128 0x1
 550 0062 13       		.uleb128 0x13
 551 0063 00       		.byte	0
 552 0064 00       		.byte	0
 553 0065 0A       		.uleb128 0xa
 554 0066 0D       		.uleb128 0xd
 555 0067 00       		.byte	0
 556 0068 03       		.uleb128 0x3
 557 0069 0E       		.uleb128 0xe
 558 006a 3A       		.uleb128 0x3a
 559 006b 0B       		.uleb128 0xb
 560 006c 3B       		.uleb128 0x3b
 561 006d 0B       		.uleb128 0xb
 562 006e 49       		.uleb128 0x49
 563 006f 13       		.uleb128 0x13
 564 0070 38       		.uleb128 0x38
 565 0071 0B       		.uleb128 0xb
 566 0072 00       		.byte	0
 567 0073 00       		.byte	0
ARM GAS  /tmp/cccINAIo.s 			page 11


 568 0074 0B       		.uleb128 0xb
 569 0075 13       		.uleb128 0x13
 570 0076 01       		.byte	0x1
 571 0077 0B       		.uleb128 0xb
 572 0078 0B       		.uleb128 0xb
 573 0079 3A       		.uleb128 0x3a
 574 007a 0B       		.uleb128 0xb
 575 007b 3B       		.uleb128 0x3b
 576 007c 0B       		.uleb128 0xb
 577 007d 01       		.uleb128 0x1
 578 007e 13       		.uleb128 0x13
 579 007f 00       		.byte	0
 580 0080 00       		.byte	0
 581 0081 0C       		.uleb128 0xc
 582 0082 35       		.uleb128 0x35
 583 0083 00       		.byte	0
 584 0084 49       		.uleb128 0x49
 585 0085 13       		.uleb128 0x13
 586 0086 00       		.byte	0
 587 0087 00       		.byte	0
 588 0088 0D       		.uleb128 0xd
 589 0089 2E       		.uleb128 0x2e
 590 008a 00       		.byte	0
 591 008b 3F       		.uleb128 0x3f
 592 008c 19       		.uleb128 0x19
 593 008d 03       		.uleb128 0x3
 594 008e 0E       		.uleb128 0xe
 595 008f 3A       		.uleb128 0x3a
 596 0090 0B       		.uleb128 0xb
 597 0091 3B       		.uleb128 0x3b
 598 0092 0B       		.uleb128 0xb
 599 0093 27       		.uleb128 0x27
 600 0094 19       		.uleb128 0x19
 601 0095 11       		.uleb128 0x11
 602 0096 01       		.uleb128 0x1
 603 0097 12       		.uleb128 0x12
 604 0098 06       		.uleb128 0x6
 605 0099 40       		.uleb128 0x40
 606 009a 18       		.uleb128 0x18
 607 009b 9742     		.uleb128 0x2117
 608 009d 19       		.uleb128 0x19
 609 009e 00       		.byte	0
 610 009f 00       		.byte	0
 611 00a0 0E       		.uleb128 0xe
 612 00a1 2E       		.uleb128 0x2e
 613 00a2 01       		.byte	0x1
 614 00a3 3F       		.uleb128 0x3f
 615 00a4 19       		.uleb128 0x19
 616 00a5 03       		.uleb128 0x3
 617 00a6 0E       		.uleb128 0xe
 618 00a7 3A       		.uleb128 0x3a
 619 00a8 0B       		.uleb128 0xb
 620 00a9 3B       		.uleb128 0x3b
 621 00aa 0B       		.uleb128 0xb
 622 00ab 27       		.uleb128 0x27
 623 00ac 19       		.uleb128 0x19
 624 00ad 11       		.uleb128 0x11
ARM GAS  /tmp/cccINAIo.s 			page 12


 625 00ae 01       		.uleb128 0x1
 626 00af 12       		.uleb128 0x12
 627 00b0 06       		.uleb128 0x6
 628 00b1 40       		.uleb128 0x40
 629 00b2 18       		.uleb128 0x18
 630 00b3 9742     		.uleb128 0x2117
 631 00b5 19       		.uleb128 0x19
 632 00b6 01       		.uleb128 0x1
 633 00b7 13       		.uleb128 0x13
 634 00b8 00       		.byte	0
 635 00b9 00       		.byte	0
 636 00ba 0F       		.uleb128 0xf
 637 00bb 05       		.uleb128 0x5
 638 00bc 00       		.byte	0
 639 00bd 03       		.uleb128 0x3
 640 00be 08       		.uleb128 0x8
 641 00bf 3A       		.uleb128 0x3a
 642 00c0 0B       		.uleb128 0xb
 643 00c1 3B       		.uleb128 0x3b
 644 00c2 0B       		.uleb128 0xb
 645 00c3 49       		.uleb128 0x49
 646 00c4 13       		.uleb128 0x13
 647 00c5 02       		.uleb128 0x2
 648 00c6 18       		.uleb128 0x18
 649 00c7 00       		.byte	0
 650 00c8 00       		.byte	0
 651 00c9 10       		.uleb128 0x10
 652 00ca 05       		.uleb128 0x5
 653 00cb 00       		.byte	0
 654 00cc 03       		.uleb128 0x3
 655 00cd 0E       		.uleb128 0xe
 656 00ce 3A       		.uleb128 0x3a
 657 00cf 0B       		.uleb128 0xb
 658 00d0 3B       		.uleb128 0x3b
 659 00d1 0B       		.uleb128 0xb
 660 00d2 49       		.uleb128 0x49
 661 00d3 13       		.uleb128 0x13
 662 00d4 02       		.uleb128 0x2
 663 00d5 17       		.uleb128 0x17
 664 00d6 00       		.byte	0
 665 00d7 00       		.byte	0
 666 00d8 11       		.uleb128 0x11
 667 00d9 05       		.uleb128 0x5
 668 00da 00       		.byte	0
 669 00db 03       		.uleb128 0x3
 670 00dc 08       		.uleb128 0x8
 671 00dd 3A       		.uleb128 0x3a
 672 00de 0B       		.uleb128 0xb
 673 00df 3B       		.uleb128 0x3b
 674 00e0 0B       		.uleb128 0xb
 675 00e1 49       		.uleb128 0x49
 676 00e2 13       		.uleb128 0x13
 677 00e3 02       		.uleb128 0x2
 678 00e4 17       		.uleb128 0x17
 679 00e5 00       		.byte	0
 680 00e6 00       		.byte	0
 681 00e7 12       		.uleb128 0x12
ARM GAS  /tmp/cccINAIo.s 			page 13


 682 00e8 34       		.uleb128 0x34
 683 00e9 00       		.byte	0
 684 00ea 03       		.uleb128 0x3
 685 00eb 08       		.uleb128 0x8
 686 00ec 3A       		.uleb128 0x3a
 687 00ed 0B       		.uleb128 0xb
 688 00ee 3B       		.uleb128 0x3b
 689 00ef 0B       		.uleb128 0xb
 690 00f0 49       		.uleb128 0x49
 691 00f1 13       		.uleb128 0x13
 692 00f2 02       		.uleb128 0x2
 693 00f3 17       		.uleb128 0x17
 694 00f4 00       		.byte	0
 695 00f5 00       		.byte	0
 696 00f6 13       		.uleb128 0x13
 697 00f7 34       		.uleb128 0x34
 698 00f8 00       		.byte	0
 699 00f9 03       		.uleb128 0x3
 700 00fa 0E       		.uleb128 0xe
 701 00fb 3A       		.uleb128 0x3a
 702 00fc 0B       		.uleb128 0xb
 703 00fd 3B       		.uleb128 0x3b
 704 00fe 0B       		.uleb128 0xb
 705 00ff 49       		.uleb128 0x49
 706 0100 13       		.uleb128 0x13
 707 0101 3F       		.uleb128 0x3f
 708 0102 19       		.uleb128 0x19
 709 0103 02       		.uleb128 0x2
 710 0104 18       		.uleb128 0x18
 711 0105 00       		.byte	0
 712 0106 00       		.byte	0
 713 0107 00       		.byte	0
 714              		.section	.debug_loc,"",%progbits
 715              	.Ldebug_loc0:
 716              	.LLST0:
 717 0000 00000000 		.4byte	.LVL0
 718 0004 14000000 		.4byte	.LVL4
 719 0008 0100     		.2byte	0x1
 720 000a 51       		.byte	0x51
 721 000b 14000000 		.4byte	.LVL4
 722 000f 2E000000 		.4byte	.LVL5
 723 0013 0100     		.2byte	0x1
 724 0015 51       		.byte	0x51
 725 0016 2E000000 		.4byte	.LVL5
 726 001a 30000000 		.4byte	.LVL6
 727 001e 0200     		.2byte	0x2
 728 0020 70       		.byte	0x70
 729 0021 08       		.sleb128 8
 730 0022 00000000 		.4byte	0
 731 0026 00000000 		.4byte	0
 732              	.LLST1:
 733 002a 00000000 		.4byte	.LVL0
 734 002e 0C000000 		.4byte	.LVL2
 735 0032 0100     		.2byte	0x1
 736 0034 52       		.byte	0x52
 737 0035 0C000000 		.4byte	.LVL2
 738 0039 38000000 		.4byte	.LFE8
ARM GAS  /tmp/cccINAIo.s 			page 14


 739 003d 0200     		.2byte	0x2
 740 003f 70       		.byte	0x70
 741 0040 0C       		.sleb128 12
 742 0041 00000000 		.4byte	0
 743 0045 00000000 		.4byte	0
 744              	.LLST2:
 745 0049 00000000 		.4byte	.LVL0
 746 004d 08000000 		.4byte	.LVL1
 747 0051 0100     		.2byte	0x1
 748 0053 53       		.byte	0x53
 749 0054 08000000 		.4byte	.LVL1
 750 0058 38000000 		.4byte	.LFE8
 751 005c 0200     		.2byte	0x2
 752 005e 70       		.byte	0x70
 753 005f 10       		.sleb128 16
 754 0060 00000000 		.4byte	0
 755 0064 00000000 		.4byte	0
 756              	.LLST3:
 757 0068 08000000 		.4byte	.LVL1
 758 006c 12000000 		.4byte	.LVL3
 759 0070 0100     		.2byte	0x1
 760 0072 53       		.byte	0x53
 761 0073 14000000 		.4byte	.LVL4
 762 0077 38000000 		.4byte	.LFE8
 763 007b 0100     		.2byte	0x1
 764 007d 53       		.byte	0x53
 765 007e 00000000 		.4byte	0
 766 0082 00000000 		.4byte	0
 767              		.section	.debug_aranges,"",%progbits
 768 0000 2C000000 		.4byte	0x2c
 769 0004 0200     		.2byte	0x2
 770 0006 00000000 		.4byte	.Ldebug_info0
 771 000a 04       		.byte	0x4
 772 000b 00       		.byte	0
 773 000c 0000     		.2byte	0
 774 000e 0000     		.2byte	0
 775 0010 00000000 		.4byte	.LFB7
 776 0014 18000000 		.4byte	.LFE7-.LFB7
 777 0018 00000000 		.4byte	.LFB8
 778 001c 38000000 		.4byte	.LFE8-.LFB8
 779 0020 00000000 		.4byte	.LFB9
 780 0024 24000000 		.4byte	.LFE9-.LFB9
 781 0028 00000000 		.4byte	0
 782 002c 00000000 		.4byte	0
 783              		.section	.debug_ranges,"",%progbits
 784              	.Ldebug_ranges0:
 785 0000 00000000 		.4byte	.LFB7
 786 0004 18000000 		.4byte	.LFE7
 787 0008 00000000 		.4byte	.LFB8
 788 000c 38000000 		.4byte	.LFE8
 789 0010 00000000 		.4byte	.LFB9
 790 0014 24000000 		.4byte	.LFE9
 791 0018 00000000 		.4byte	0
 792 001c 00000000 		.4byte	0
 793              		.section	.debug_line,"",%progbits
 794              	.Ldebug_line0:
 795 0000 91010000 		.section	.debug_str,"MS",%progbits,1
ARM GAS  /tmp/cccINAIo.s 			page 15


 795      02003D01 
 795      00000201 
 795      FB0E0D00 
 795      01010101 
 796              	.LASF27:
 797 0000 63685654 		.ascii	"chVTSetI\000"
 797      53657449 
 797      00
 798              	.LASF13:
 799 0009 73797374 		.ascii	"systime_t\000"
 799      696D655F 
 799      7400
 800              	.LASF15:
 801 0013 76746675 		.ascii	"vtfunc_t\000"
 801      6E635F74 
 801      00
 802              	.LASF8:
 803 001c 6C6F6E67 		.ascii	"long unsigned int\000"
 803      20756E73 
 803      69676E65 
 803      6420696E 
 803      7400
 804              	.LASF6:
 805 002e 73686F72 		.ascii	"short unsigned int\000"
 805      7420756E 
 805      7369676E 
 805      65642069 
 805      6E7400
 806              	.LASF16:
 807 0041 56697274 		.ascii	"VirtualTimer\000"
 807      75616C54 
 807      696D6572 
 807      00
 808              	.LASF31:
 809 004e 2F686F6D 		.ascii	"/home/lithium/Documentos/ChibiOS_2.6.8/demos/BikeTr"
 809      652F6C69 
 809      74686975 
 809      6D2F446F 
 809      63756D65 
 810 0081 61636B65 		.ascii	"acker\000"
 810      7200
 811              	.LASF4:
 812 0087 756E7369 		.ascii	"unsigned char\000"
 812      676E6564 
 812      20636861 
 812      7200
 813              	.LASF32:
 814 0095 5F76745F 		.ascii	"_vt_init\000"
 814      696E6974 
 814      00
 815              	.LASF10:
 816 009e 5F5F7569 		.ascii	"__uint32_t\000"
 816      6E743332 
 816      5F7400
 817              	.LASF29:
 818 00a9 474E5520 		.ascii	"GNU C11 5.3.1 20160307 (release) [ARM/embedded-5-br"
 818      43313120 
ARM GAS  /tmp/cccINAIo.s 			page 16


 818      352E332E 
 818      31203230 
 818      31363033 
 819 00dc 616E6368 		.ascii	"anch revision 234589] -mcpu=cortex-m0 -mno-thumb-in"
 819      20726576 
 819      6973696F 
 819      6E203233 
 819      34353839 
 820 010f 74657277 		.ascii	"terwork -mthumb -ggdb -O2 -fomit-frame-pointer -fal"
 820      6F726B20 
 820      2D6D7468 
 820      756D6220 
 820      2D676764 
 821 0142 69676E2D 		.ascii	"ign-functions=16 -ffunction-sections -fdata-section"
 821      66756E63 
 821      74696F6E 
 821      733D3136 
 821      202D6666 
 822 0175 73202D66 		.ascii	"s -fno-common\000"
 822      6E6F2D63 
 822      6F6D6D6F 
 822      6E00
 823              	.LASF0:
 824 0183 756E7369 		.ascii	"unsigned int\000"
 824      676E6564 
 824      20696E74 
 824      00
 825              	.LASF9:
 826 0190 6C6F6E67 		.ascii	"long long unsigned int\000"
 826      206C6F6E 
 826      6720756E 
 826      7369676E 
 826      65642069 
 827              	.LASF33:
 828 01a7 76746C69 		.ascii	"vtlist\000"
 828      737400
 829              	.LASF25:
 830 01ae 74696D65 		.ascii	"time\000"
 830      00
 831              	.LASF19:
 832 01b3 76745F74 		.ascii	"vt_time\000"
 832      696D6500 
 833              	.LASF14:
 834 01bb 73697A65 		.ascii	"sizetype\000"
 834      74797065 
 834      00
 835              	.LASF22:
 836 01c4 76745F73 		.ascii	"vt_systime\000"
 836      79737469 
 836      6D6500
 837              	.LASF30:
 838 01cf 2E2E2F2E 		.ascii	"../../os/kernel/src/chvt.c\000"
 838      2E2F6F73 
 838      2F6B6572 
 838      6E656C2F 
 838      7372632F 
 839              	.LASF1:
ARM GAS  /tmp/cccINAIo.s 			page 17


 840 01ea 6C6F6E67 		.ascii	"long long int\000"
 840      206C6F6E 
 840      6720696E 
 840      7400
 841              	.LASF20:
 842 01f8 76745F66 		.ascii	"vt_func\000"
 842      756E6300 
 843              	.LASF26:
 844 0200 76746675 		.ascii	"vtfunc\000"
 844      6E6300
 845              	.LASF24:
 846 0207 63686172 		.ascii	"char\000"
 846      00
 847              	.LASF21:
 848 020c 76745F70 		.ascii	"vt_par\000"
 848      617200
 849              	.LASF5:
 850 0213 73686F72 		.ascii	"short int\000"
 850      7420696E 
 850      7400
 851              	.LASF18:
 852 021d 76745F70 		.ascii	"vt_prev\000"
 852      72657600 
 853              	.LASF11:
 854 0225 75696E74 		.ascii	"uint32_t\000"
 854      33325F74 
 854      00
 855              	.LASF7:
 856 022e 6C6F6E67 		.ascii	"long int\000"
 856      20696E74 
 856      00
 857              	.LASF2:
 858 0237 6C6F6E67 		.ascii	"long double\000"
 858      20646F75 
 858      626C6500 
 859              	.LASF3:
 860 0243 7369676E 		.ascii	"signed char\000"
 860      65642063 
 860      68617200 
 861              	.LASF23:
 862 024f 56544C69 		.ascii	"VTList\000"
 862      737400
 863              	.LASF17:
 864 0256 76745F6E 		.ascii	"vt_next\000"
 864      65787400 
 865              	.LASF28:
 866 025e 63685654 		.ascii	"chVTResetI\000"
 866      52657365 
 866      744900
 867              	.LASF12:
 868 0269 5F426F6F 		.ascii	"_Bool\000"
 868      6C00
 869              		.ident	"GCC: (GNU Tools for ARM Embedded Processors) 5.3.1 20160307 (release) [ARM/embedded-5-bran
ARM GAS  /tmp/cccINAIo.s 			page 18


DEFINED SYMBOLS
                            *ABS*:00000000 chvt.c
     /tmp/cccINAIo.s:20     .text._vt_init:00000000 $t
     /tmp/cccINAIo.s:26     .text._vt_init:00000000 _vt_init
     /tmp/cccINAIo.s:54     .text._vt_init:00000014 $d
     /tmp/cccINAIo.s:59     .text.chVTSetI:00000000 $t
     /tmp/cccINAIo.s:65     .text.chVTSetI:00000000 chVTSetI
     /tmp/cccINAIo.s:127    .text.chVTSetI:00000034 $d
     /tmp/cccINAIo.s:132    .text.chVTResetI:00000000 $t
     /tmp/cccINAIo.s:138    .text.chVTResetI:00000000 chVTResetI
     /tmp/cccINAIo.s:175    .text.chVTResetI:00000020 $d
     /tmp/cccINAIo.s:185    .bss.vtlist:00000000 vtlist
     /tmp/cccINAIo.s:181    .bss.vtlist:00000000 $d
                     .debug_frame:00000010 $d

NO UNDEFINED SYMBOLS
