ARM GAS  /tmp/ccd9mBCh.s 			page 1


   1              		.syntax unified
   2              		.cpu cortex-m0
   3              		.fpu softvfp
   4              		.eabi_attribute 20, 1
   5              		.eabi_attribute 21, 1
   6              		.eabi_attribute 23, 3
   7              		.eabi_attribute 24, 1
   8              		.eabi_attribute 25, 1
   9              		.eabi_attribute 26, 1
  10              		.eabi_attribute 30, 2
  11              		.eabi_attribute 34, 0
  12              		.eabi_attribute 18, 4
  13              		.thumb
  14              		.syntax unified
  15              		.file	"hal.c"
  16              		.text
  17              	.Ltext0:
  18              		.cfi_sections	.debug_frame
  19              		.section	.text.halInit,"ax",%progbits
  20              		.align	2
  21              		.p2align 4,,15
  22              		.global	halInit
  23              		.code	16
  24              		.thumb_func
  25              		.type	halInit, %function
  26              	halInit:
  27              	.LFB40:
  28              		.file 1 "../../os/hal/src/hal.c"
  29              		.loc 1 68 0
  30              		.cfi_startproc
  31              		@ args = 0, pretend = 0, frame = 0
  32              		@ frame_needed = 0, uses_anonymous_args = 0
  33 0000 10B5     		push	{r4, lr}
  34              		.cfi_def_cfa_offset 8
  35              		.cfi_offset 4, -8
  36              		.cfi_offset 14, -4
  37              		.loc 1 70 0
  38 0002 FFF7FEFF 		bl	hal_lld_init
  39              	.LVL0:
  40              		.loc 1 76 0
  41 0006 0648     		ldr	r0, .L2
  42 0008 FFF7FEFF 		bl	_pal_lld_init
  43              	.LVL1:
  44              		.loc 1 128 0
  45              		@ sp needed
  46              		.loc 1 88 0
  47 000c FFF7FEFF 		bl	gptInit
  48              	.LVL2:
  49              		.loc 1 91 0
  50 0010 FFF7FEFF 		bl	i2cInit
  51              	.LVL3:
  52              		.loc 1 112 0
  53 0014 FFF7FEFF 		bl	uartInit
  54              	.LVL4:
  55              		.loc 1 127 0
  56 0018 FFF7FEFF 		bl	boardInit
  57              	.LVL5:
ARM GAS  /tmp/ccd9mBCh.s 			page 2


  58              		.loc 1 128 0
  59 001c 10BD     		pop	{r4, pc}
  60              	.L3:
  61 001e C046     		.align	2
  62              	.L2:
  63 0020 00000000 		.word	pal_default_config
  64              		.cfi_endproc
  65              	.LFE40:
  66              		.size	halInit, .-halInit
  67              		.text
  68              	.Letext0:
  69              		.file 2 "/home/lithium/Descargas/gcc-arm-none-eabi-5_3-2016q1/arm-none-eabi/include/machine/_defau
  70              		.file 3 "/home/lithium/Descargas/gcc-arm-none-eabi-5_3-2016q1/arm-none-eabi/include/sys/_stdint.h"
  71              		.file 4 "../../os/hal/platforms/STM32/GPIOv2/pal_lld.h"
  72              		.file 5 "../../os/hal/platforms/STM32F0xx/hal_lld.h"
  73              		.file 6 "../../os/hal/include/gpt.h"
  74              		.file 7 "../../os/hal/include/i2c.h"
  75              		.file 8 "../../os/hal/include/uart.h"
  76              		.file 9 "../../boards/BikeTracker/board.h"
  77              		.section	.debug_info,"",%progbits
  78              	.Ldebug_info0:
  79 0000 E8010000 		.4byte	0x1e8
  80 0004 0400     		.2byte	0x4
  81 0006 00000000 		.4byte	.Ldebug_abbrev0
  82 000a 04       		.byte	0x4
  83 000b 01       		.uleb128 0x1
  84 000c D6000000 		.4byte	.LASF33
  85 0010 0C       		.byte	0xc
  86 0011 DE010000 		.4byte	.LASF34
  87 0015 01020000 		.4byte	.LASF35
  88 0019 00000000 		.4byte	.Ldebug_ranges0+0
  89 001d 00000000 		.4byte	0
  90 0021 00000000 		.4byte	.Ldebug_line0
  91 0025 02       		.uleb128 0x2
  92 0026 04       		.byte	0x4
  93 0027 05       		.byte	0x5
  94 0028 696E7400 		.ascii	"int\000"
  95 002c 03       		.uleb128 0x3
  96 002d 04       		.byte	0x4
  97 002e 07       		.byte	0x7
  98 002f B0010000 		.4byte	.LASF0
  99 0033 03       		.uleb128 0x3
 100 0034 08       		.byte	0x8
 101 0035 05       		.byte	0x5
 102 0036 4F020000 		.4byte	.LASF1
 103 003a 03       		.uleb128 0x3
 104 003b 08       		.byte	0x8
 105 003c 04       		.byte	0x4
 106 003d F5010000 		.4byte	.LASF2
 107 0041 03       		.uleb128 0x3
 108 0042 01       		.byte	0x1
 109 0043 06       		.byte	0x6
 110 0044 93020000 		.4byte	.LASF3
 111 0048 03       		.uleb128 0x3
 112 0049 01       		.byte	0x1
 113 004a 08       		.byte	0x8
 114 004b 48000000 		.4byte	.LASF4
ARM GAS  /tmp/ccd9mBCh.s 			page 3


 115 004f 03       		.uleb128 0x3
 116 0050 02       		.byte	0x2
 117 0051 05       		.byte	0x5
 118 0052 62020000 		.4byte	.LASF5
 119 0056 03       		.uleb128 0x3
 120 0057 02       		.byte	0x2
 121 0058 07       		.byte	0x7
 122 0059 1D000000 		.4byte	.LASF6
 123 005d 03       		.uleb128 0x3
 124 005e 04       		.byte	0x4
 125 005f 05       		.byte	0x5
 126 0060 84020000 		.4byte	.LASF7
 127 0064 04       		.uleb128 0x4
 128 0065 BE000000 		.4byte	.LASF10
 129 0069 02       		.byte	0x2
 130 006a 41       		.byte	0x41
 131 006b 6F000000 		.4byte	0x6f
 132 006f 03       		.uleb128 0x3
 133 0070 04       		.byte	0x4
 134 0071 07       		.byte	0x7
 135 0072 70000000 		.4byte	.LASF8
 136 0076 03       		.uleb128 0x3
 137 0077 08       		.byte	0x8
 138 0078 07       		.byte	0x7
 139 0079 BD010000 		.4byte	.LASF9
 140 007d 04       		.uleb128 0x4
 141 007e 7B020000 		.4byte	.LASF11
 142 0082 03       		.byte	0x3
 143 0083 20       		.byte	0x20
 144 0084 64000000 		.4byte	0x64
 145 0088 03       		.uleb128 0x3
 146 0089 01       		.byte	0x1
 147 008a 02       		.byte	0x2
 148 008b 9F020000 		.4byte	.LASF12
 149 008f 03       		.uleb128 0x3
 150 0090 04       		.byte	0x4
 151 0091 07       		.byte	0x7
 152 0092 46020000 		.4byte	.LASF13
 153 0096 03       		.uleb128 0x3
 154 0097 01       		.byte	0x1
 155 0098 08       		.byte	0x8
 156 0099 5D020000 		.4byte	.LASF14
 157 009d 05       		.uleb128 0x5
 158 009e 1C       		.byte	0x1c
 159 009f 04       		.byte	0x4
 160 00a0 A3       		.byte	0xa3
 161 00a1 FA000000 		.4byte	0xfa
 162 00a5 06       		.uleb128 0x6
 163 00a6 8D020000 		.4byte	.LASF15
 164 00aa 04       		.byte	0x4
 165 00ab A5       		.byte	0xa5
 166 00ac 7D000000 		.4byte	0x7d
 167 00b0 00       		.byte	0
 168 00b1 06       		.uleb128 0x6
 169 00b2 30000000 		.4byte	.LASF16
 170 00b6 04       		.byte	0x4
 171 00b7 A7       		.byte	0xa7
ARM GAS  /tmp/ccd9mBCh.s 			page 4


 172 00b8 7D000000 		.4byte	0x7d
 173 00bc 04       		.byte	0x4
 174 00bd 06       		.uleb128 0x6
 175 00be 00000000 		.4byte	.LASF17
 176 00c2 04       		.byte	0x4
 177 00c3 A9       		.byte	0xa9
 178 00c4 7D000000 		.4byte	0x7d
 179 00c8 08       		.byte	0x8
 180 00c9 06       		.uleb128 0x6
 181 00ca C9000000 		.4byte	.LASF18
 182 00ce 04       		.byte	0x4
 183 00cf AB       		.byte	0xab
 184 00d0 7D000000 		.4byte	0x7d
 185 00d4 0C       		.byte	0xc
 186 00d5 07       		.uleb128 0x7
 187 00d6 6F647200 		.ascii	"odr\000"
 188 00da 04       		.byte	0x4
 189 00db AD       		.byte	0xad
 190 00dc 7D000000 		.4byte	0x7d
 191 00e0 10       		.byte	0x10
 192 00e1 06       		.uleb128 0x6
 193 00e2 94000000 		.4byte	.LASF19
 194 00e6 04       		.byte	0x4
 195 00e7 AF       		.byte	0xaf
 196 00e8 7D000000 		.4byte	0x7d
 197 00ec 14       		.byte	0x14
 198 00ed 06       		.uleb128 0x6
 199 00ee 8F000000 		.4byte	.LASF20
 200 00f2 04       		.byte	0x4
 201 00f3 B1       		.byte	0xb1
 202 00f4 7D000000 		.4byte	0x7d
 203 00f8 18       		.byte	0x18
 204 00f9 00       		.byte	0
 205 00fa 04       		.uleb128 0x4
 206 00fb 56000000 		.4byte	.LASF21
 207 00ff 04       		.byte	0x4
 208 0100 B2       		.byte	0xb2
 209 0101 9D000000 		.4byte	0x9d
 210 0105 05       		.uleb128 0x5
 211 0106 70       		.byte	0x70
 212 0107 04       		.byte	0x4
 213 0108 BB       		.byte	0xbb
 214 0109 3E010000 		.4byte	0x13e
 215 010d 06       		.uleb128 0x6
 216 010e 69000000 		.4byte	.LASF22
 217 0112 04       		.byte	0x4
 218 0113 BE       		.byte	0xbe
 219 0114 FA000000 		.4byte	0xfa
 220 0118 00       		.byte	0
 221 0119 06       		.uleb128 0x6
 222 011a 08000000 		.4byte	.LASF23
 223 011e 04       		.byte	0x4
 224 011f C2       		.byte	0xc2
 225 0120 FA000000 		.4byte	0xfa
 226 0124 1C       		.byte	0x1c
 227 0125 06       		.uleb128 0x6
 228 0126 6C020000 		.4byte	.LASF24
ARM GAS  /tmp/ccd9mBCh.s 			page 5


 229 012a 04       		.byte	0x4
 230 012b C6       		.byte	0xc6
 231 012c FA000000 		.4byte	0xfa
 232 0130 38       		.byte	0x38
 233 0131 06       		.uleb128 0x6
 234 0132 CF000000 		.4byte	.LASF25
 235 0136 04       		.byte	0x4
 236 0137 D2       		.byte	0xd2
 237 0138 FA000000 		.4byte	0xfa
 238 013c 54       		.byte	0x54
 239 013d 00       		.byte	0
 240 013e 04       		.uleb128 0x4
 241 013f A1000000 		.4byte	.LASF26
 242 0143 04       		.byte	0x4
 243 0144 E0       		.byte	0xe0
 244 0145 05010000 		.4byte	0x105
 245 0149 08       		.uleb128 0x8
 246 014a 40000000 		.4byte	.LASF36
 247 014e 01       		.byte	0x1
 248 014f 44       		.byte	0x44
 249 0150 00000000 		.4byte	.LFB40
 250 0154 24000000 		.4byte	.LFE40-.LFB40
 251 0158 01       		.uleb128 0x1
 252 0159 9C       		.byte	0x9c
 253 015a 95010000 		.4byte	0x195
 254 015e 09       		.uleb128 0x9
 255 015f 06000000 		.4byte	.LVL0
 256 0163 A6010000 		.4byte	0x1a6
 257 0167 09       		.uleb128 0x9
 258 0168 0C000000 		.4byte	.LVL1
 259 016c B2010000 		.4byte	0x1b2
 260 0170 09       		.uleb128 0x9
 261 0171 10000000 		.4byte	.LVL2
 262 0175 BE010000 		.4byte	0x1be
 263 0179 09       		.uleb128 0x9
 264 017a 14000000 		.4byte	.LVL3
 265 017e C9010000 		.4byte	0x1c9
 266 0182 09       		.uleb128 0x9
 267 0183 18000000 		.4byte	.LVL4
 268 0187 D4010000 		.4byte	0x1d4
 269 018b 09       		.uleb128 0x9
 270 018c 1C000000 		.4byte	.LVL5
 271 0190 DF010000 		.4byte	0x1df
 272 0194 00       		.byte	0
 273 0195 0A       		.uleb128 0xa
 274 0196 AB000000 		.4byte	.LASF37
 275 019a 04       		.byte	0x4
 276 019b BC01     		.2byte	0x1bc
 277 019d A1010000 		.4byte	0x1a1
 278 01a1 0B       		.uleb128 0xb
 279 01a2 3E010000 		.4byte	0x13e
 280 01a6 0C       		.uleb128 0xc
 281 01a7 82000000 		.4byte	.LASF27
 282 01ab 82000000 		.4byte	.LASF27
 283 01af 05       		.byte	0x5
 284 01b0 1403     		.2byte	0x314
 285 01b2 0C       		.uleb128 0xc
ARM GAS  /tmp/ccd9mBCh.s 			page 6


 286 01b3 0F000000 		.4byte	.LASF28
 287 01b7 0F000000 		.4byte	.LASF28
 288 01bb 04       		.byte	0x4
 289 01bc C101     		.2byte	0x1c1
 290 01be 0D       		.uleb128 0xd
 291 01bf 73020000 		.4byte	.LASF29
 292 01c3 73020000 		.4byte	.LASF29
 293 01c7 06       		.byte	0x6
 294 01c8 6E       		.byte	0x6e
 295 01c9 0D       		.uleb128 0xd
 296 01ca 99000000 		.4byte	.LASF30
 297 01ce 99000000 		.4byte	.LASF30
 298 01d2 07       		.byte	0x7
 299 01d3 7F       		.byte	0x7f
 300 01d4 0D       		.uleb128 0xd
 301 01d5 37000000 		.4byte	.LASF31
 302 01d9 37000000 		.4byte	.LASF31
 303 01dd 08       		.byte	0x8
 304 01de 6D       		.byte	0x6d
 305 01df 0C       		.uleb128 0xc
 306 01e0 D4010000 		.4byte	.LASF32
 307 01e4 D4010000 		.4byte	.LASF32
 308 01e8 09       		.byte	0x9
 309 01e9 EE02     		.2byte	0x2ee
 310 01eb 00       		.byte	0
 311              		.section	.debug_abbrev,"",%progbits
 312              	.Ldebug_abbrev0:
 313 0000 01       		.uleb128 0x1
 314 0001 11       		.uleb128 0x11
 315 0002 01       		.byte	0x1
 316 0003 25       		.uleb128 0x25
 317 0004 0E       		.uleb128 0xe
 318 0005 13       		.uleb128 0x13
 319 0006 0B       		.uleb128 0xb
 320 0007 03       		.uleb128 0x3
 321 0008 0E       		.uleb128 0xe
 322 0009 1B       		.uleb128 0x1b
 323 000a 0E       		.uleb128 0xe
 324 000b 55       		.uleb128 0x55
 325 000c 17       		.uleb128 0x17
 326 000d 11       		.uleb128 0x11
 327 000e 01       		.uleb128 0x1
 328 000f 10       		.uleb128 0x10
 329 0010 17       		.uleb128 0x17
 330 0011 00       		.byte	0
 331 0012 00       		.byte	0
 332 0013 02       		.uleb128 0x2
 333 0014 24       		.uleb128 0x24
 334 0015 00       		.byte	0
 335 0016 0B       		.uleb128 0xb
 336 0017 0B       		.uleb128 0xb
 337 0018 3E       		.uleb128 0x3e
 338 0019 0B       		.uleb128 0xb
 339 001a 03       		.uleb128 0x3
 340 001b 08       		.uleb128 0x8
 341 001c 00       		.byte	0
 342 001d 00       		.byte	0
ARM GAS  /tmp/ccd9mBCh.s 			page 7


 343 001e 03       		.uleb128 0x3
 344 001f 24       		.uleb128 0x24
 345 0020 00       		.byte	0
 346 0021 0B       		.uleb128 0xb
 347 0022 0B       		.uleb128 0xb
 348 0023 3E       		.uleb128 0x3e
 349 0024 0B       		.uleb128 0xb
 350 0025 03       		.uleb128 0x3
 351 0026 0E       		.uleb128 0xe
 352 0027 00       		.byte	0
 353 0028 00       		.byte	0
 354 0029 04       		.uleb128 0x4
 355 002a 16       		.uleb128 0x16
 356 002b 00       		.byte	0
 357 002c 03       		.uleb128 0x3
 358 002d 0E       		.uleb128 0xe
 359 002e 3A       		.uleb128 0x3a
 360 002f 0B       		.uleb128 0xb
 361 0030 3B       		.uleb128 0x3b
 362 0031 0B       		.uleb128 0xb
 363 0032 49       		.uleb128 0x49
 364 0033 13       		.uleb128 0x13
 365 0034 00       		.byte	0
 366 0035 00       		.byte	0
 367 0036 05       		.uleb128 0x5
 368 0037 13       		.uleb128 0x13
 369 0038 01       		.byte	0x1
 370 0039 0B       		.uleb128 0xb
 371 003a 0B       		.uleb128 0xb
 372 003b 3A       		.uleb128 0x3a
 373 003c 0B       		.uleb128 0xb
 374 003d 3B       		.uleb128 0x3b
 375 003e 0B       		.uleb128 0xb
 376 003f 01       		.uleb128 0x1
 377 0040 13       		.uleb128 0x13
 378 0041 00       		.byte	0
 379 0042 00       		.byte	0
 380 0043 06       		.uleb128 0x6
 381 0044 0D       		.uleb128 0xd
 382 0045 00       		.byte	0
 383 0046 03       		.uleb128 0x3
 384 0047 0E       		.uleb128 0xe
 385 0048 3A       		.uleb128 0x3a
 386 0049 0B       		.uleb128 0xb
 387 004a 3B       		.uleb128 0x3b
 388 004b 0B       		.uleb128 0xb
 389 004c 49       		.uleb128 0x49
 390 004d 13       		.uleb128 0x13
 391 004e 38       		.uleb128 0x38
 392 004f 0B       		.uleb128 0xb
 393 0050 00       		.byte	0
 394 0051 00       		.byte	0
 395 0052 07       		.uleb128 0x7
 396 0053 0D       		.uleb128 0xd
 397 0054 00       		.byte	0
 398 0055 03       		.uleb128 0x3
 399 0056 08       		.uleb128 0x8
ARM GAS  /tmp/ccd9mBCh.s 			page 8


 400 0057 3A       		.uleb128 0x3a
 401 0058 0B       		.uleb128 0xb
 402 0059 3B       		.uleb128 0x3b
 403 005a 0B       		.uleb128 0xb
 404 005b 49       		.uleb128 0x49
 405 005c 13       		.uleb128 0x13
 406 005d 38       		.uleb128 0x38
 407 005e 0B       		.uleb128 0xb
 408 005f 00       		.byte	0
 409 0060 00       		.byte	0
 410 0061 08       		.uleb128 0x8
 411 0062 2E       		.uleb128 0x2e
 412 0063 01       		.byte	0x1
 413 0064 3F       		.uleb128 0x3f
 414 0065 19       		.uleb128 0x19
 415 0066 03       		.uleb128 0x3
 416 0067 0E       		.uleb128 0xe
 417 0068 3A       		.uleb128 0x3a
 418 0069 0B       		.uleb128 0xb
 419 006a 3B       		.uleb128 0x3b
 420 006b 0B       		.uleb128 0xb
 421 006c 27       		.uleb128 0x27
 422 006d 19       		.uleb128 0x19
 423 006e 11       		.uleb128 0x11
 424 006f 01       		.uleb128 0x1
 425 0070 12       		.uleb128 0x12
 426 0071 06       		.uleb128 0x6
 427 0072 40       		.uleb128 0x40
 428 0073 18       		.uleb128 0x18
 429 0074 9742     		.uleb128 0x2117
 430 0076 19       		.uleb128 0x19
 431 0077 01       		.uleb128 0x1
 432 0078 13       		.uleb128 0x13
 433 0079 00       		.byte	0
 434 007a 00       		.byte	0
 435 007b 09       		.uleb128 0x9
 436 007c 898201   		.uleb128 0x4109
 437 007f 00       		.byte	0
 438 0080 11       		.uleb128 0x11
 439 0081 01       		.uleb128 0x1
 440 0082 31       		.uleb128 0x31
 441 0083 13       		.uleb128 0x13
 442 0084 00       		.byte	0
 443 0085 00       		.byte	0
 444 0086 0A       		.uleb128 0xa
 445 0087 34       		.uleb128 0x34
 446 0088 00       		.byte	0
 447 0089 03       		.uleb128 0x3
 448 008a 0E       		.uleb128 0xe
 449 008b 3A       		.uleb128 0x3a
 450 008c 0B       		.uleb128 0xb
 451 008d 3B       		.uleb128 0x3b
 452 008e 05       		.uleb128 0x5
 453 008f 49       		.uleb128 0x49
 454 0090 13       		.uleb128 0x13
 455 0091 3F       		.uleb128 0x3f
 456 0092 19       		.uleb128 0x19
ARM GAS  /tmp/ccd9mBCh.s 			page 9


 457 0093 3C       		.uleb128 0x3c
 458 0094 19       		.uleb128 0x19
 459 0095 00       		.byte	0
 460 0096 00       		.byte	0
 461 0097 0B       		.uleb128 0xb
 462 0098 26       		.uleb128 0x26
 463 0099 00       		.byte	0
 464 009a 49       		.uleb128 0x49
 465 009b 13       		.uleb128 0x13
 466 009c 00       		.byte	0
 467 009d 00       		.byte	0
 468 009e 0C       		.uleb128 0xc
 469 009f 2E       		.uleb128 0x2e
 470 00a0 00       		.byte	0
 471 00a1 3F       		.uleb128 0x3f
 472 00a2 19       		.uleb128 0x19
 473 00a3 3C       		.uleb128 0x3c
 474 00a4 19       		.uleb128 0x19
 475 00a5 6E       		.uleb128 0x6e
 476 00a6 0E       		.uleb128 0xe
 477 00a7 03       		.uleb128 0x3
 478 00a8 0E       		.uleb128 0xe
 479 00a9 3A       		.uleb128 0x3a
 480 00aa 0B       		.uleb128 0xb
 481 00ab 3B       		.uleb128 0x3b
 482 00ac 05       		.uleb128 0x5
 483 00ad 00       		.byte	0
 484 00ae 00       		.byte	0
 485 00af 0D       		.uleb128 0xd
 486 00b0 2E       		.uleb128 0x2e
 487 00b1 00       		.byte	0
 488 00b2 3F       		.uleb128 0x3f
 489 00b3 19       		.uleb128 0x19
 490 00b4 3C       		.uleb128 0x3c
 491 00b5 19       		.uleb128 0x19
 492 00b6 6E       		.uleb128 0x6e
 493 00b7 0E       		.uleb128 0xe
 494 00b8 03       		.uleb128 0x3
 495 00b9 0E       		.uleb128 0xe
 496 00ba 3A       		.uleb128 0x3a
 497 00bb 0B       		.uleb128 0xb
 498 00bc 3B       		.uleb128 0x3b
 499 00bd 0B       		.uleb128 0xb
 500 00be 00       		.byte	0
 501 00bf 00       		.byte	0
 502 00c0 00       		.byte	0
 503              		.section	.debug_aranges,"",%progbits
 504 0000 1C000000 		.4byte	0x1c
 505 0004 0200     		.2byte	0x2
 506 0006 00000000 		.4byte	.Ldebug_info0
 507 000a 04       		.byte	0x4
 508 000b 00       		.byte	0
 509 000c 0000     		.2byte	0
 510 000e 0000     		.2byte	0
 511 0010 00000000 		.4byte	.LFB40
 512 0014 24000000 		.4byte	.LFE40-.LFB40
 513 0018 00000000 		.4byte	0
ARM GAS  /tmp/ccd9mBCh.s 			page 10


 514 001c 00000000 		.4byte	0
 515              		.section	.debug_ranges,"",%progbits
 516              	.Ldebug_ranges0:
 517 0000 00000000 		.4byte	.LFB40
 518 0004 24000000 		.4byte	.LFE40
 519 0008 00000000 		.4byte	0
 520 000c 00000000 		.4byte	0
 521              		.section	.debug_line,"",%progbits
 522              	.Ldebug_line0:
 523 0000 CA010000 		.section	.debug_str,"MS",%progbits,1
 523      0200A401 
 523      00000201 
 523      FB0E0D00 
 523      01010101 
 524              	.LASF17:
 525 0000 6F737065 		.ascii	"ospeedr\000"
 525      65647200 
 526              	.LASF23:
 527 0008 50424461 		.ascii	"PBData\000"
 527      746100
 528              	.LASF28:
 529 000f 5F70616C 		.ascii	"_pal_lld_init\000"
 529      5F6C6C64 
 529      5F696E69 
 529      7400
 530              	.LASF6:
 531 001d 73686F72 		.ascii	"short unsigned int\000"
 531      7420756E 
 531      7369676E 
 531      65642069 
 531      6E7400
 532              	.LASF16:
 533 0030 6F747970 		.ascii	"otyper\000"
 533      657200
 534              	.LASF31:
 535 0037 75617274 		.ascii	"uartInit\000"
 535      496E6974 
 535      00
 536              	.LASF36:
 537 0040 68616C49 		.ascii	"halInit\000"
 537      6E697400 
 538              	.LASF4:
 539 0048 756E7369 		.ascii	"unsigned char\000"
 539      676E6564 
 539      20636861 
 539      7200
 540              	.LASF21:
 541 0056 73746D33 		.ascii	"stm32_gpio_setup_t\000"
 541      325F6770 
 541      696F5F73 
 541      65747570 
 541      5F7400
 542              	.LASF22:
 543 0069 50414461 		.ascii	"PAData\000"
 543      746100
 544              	.LASF8:
 545 0070 6C6F6E67 		.ascii	"long unsigned int\000"
ARM GAS  /tmp/ccd9mBCh.s 			page 11


 545      20756E73 
 545      69676E65 
 545      6420696E 
 545      7400
 546              	.LASF27:
 547 0082 68616C5F 		.ascii	"hal_lld_init\000"
 547      6C6C645F 
 547      696E6974 
 547      00
 548              	.LASF20:
 549 008f 61667268 		.ascii	"afrh\000"
 549      00
 550              	.LASF19:
 551 0094 6166726C 		.ascii	"afrl\000"
 551      00
 552              	.LASF30:
 553 0099 69326349 		.ascii	"i2cInit\000"
 553      6E697400 
 554              	.LASF26:
 555 00a1 50414C43 		.ascii	"PALConfig\000"
 555      6F6E6669 
 555      6700
 556              	.LASF37:
 557 00ab 70616C5F 		.ascii	"pal_default_config\000"
 557      64656661 
 557      756C745F 
 557      636F6E66 
 557      696700
 558              	.LASF10:
 559 00be 5F5F7569 		.ascii	"__uint32_t\000"
 559      6E743332 
 559      5F7400
 560              	.LASF18:
 561 00c9 70757064 		.ascii	"pupdr\000"
 561      7200
 562              	.LASF25:
 563 00cf 50464461 		.ascii	"PFData\000"
 563      746100
 564              	.LASF33:
 565 00d6 474E5520 		.ascii	"GNU C11 5.3.1 20160307 (release) [ARM/embedded-5-br"
 565      43313120 
 565      352E332E 
 565      31203230 
 565      31363033 
 566 0109 616E6368 		.ascii	"anch revision 234589] -mcpu=cortex-m0 -mno-thumb-in"
 566      20726576 
 566      6973696F 
 566      6E203233 
 566      34353839 
 567 013c 74657277 		.ascii	"terwork -mthumb -ggdb -O2 -fomit-frame-pointer -fal"
 567      6F726B20 
 567      2D6D7468 
 567      756D6220 
 567      2D676764 
 568 016f 69676E2D 		.ascii	"ign-functions=16 -ffunction-sections -fdata-section"
 568      66756E63 
 568      74696F6E 
ARM GAS  /tmp/ccd9mBCh.s 			page 12


 568      733D3136 
 568      202D6666 
 569 01a2 73202D66 		.ascii	"s -fno-common\000"
 569      6E6F2D63 
 569      6F6D6D6F 
 569      6E00
 570              	.LASF0:
 571 01b0 756E7369 		.ascii	"unsigned int\000"
 571      676E6564 
 571      20696E74 
 571      00
 572              	.LASF9:
 573 01bd 6C6F6E67 		.ascii	"long long unsigned int\000"
 573      206C6F6E 
 573      6720756E 
 573      7369676E 
 573      65642069 
 574              	.LASF32:
 575 01d4 626F6172 		.ascii	"boardInit\000"
 575      64496E69 
 575      7400
 576              	.LASF34:
 577 01de 2E2E2F2E 		.ascii	"../../os/hal/src/hal.c\000"
 577      2E2F6F73 
 577      2F68616C 
 577      2F737263 
 577      2F68616C 
 578              	.LASF2:
 579 01f5 6C6F6E67 		.ascii	"long double\000"
 579      20646F75 
 579      626C6500 
 580              	.LASF35:
 581 0201 2F686F6D 		.ascii	"/home/lithium/Documentos/BikeTracker/ChibiOS_2.6.8/"
 581      652F6C69 
 581      74686975 
 581      6D2F446F 
 581      63756D65 
 582 0234 64656D6F 		.ascii	"demos/BikeTracker\000"
 582      732F4269 
 582      6B655472 
 582      61636B65 
 582      7200
 583              	.LASF13:
 584 0246 73697A65 		.ascii	"sizetype\000"
 584      74797065 
 584      00
 585              	.LASF1:
 586 024f 6C6F6E67 		.ascii	"long long int\000"
 586      206C6F6E 
 586      6720696E 
 586      7400
 587              	.LASF14:
 588 025d 63686172 		.ascii	"char\000"
 588      00
 589              	.LASF5:
 590 0262 73686F72 		.ascii	"short int\000"
 590      7420696E 
ARM GAS  /tmp/ccd9mBCh.s 			page 13


 590      7400
 591              	.LASF24:
 592 026c 50434461 		.ascii	"PCData\000"
 592      746100
 593              	.LASF29:
 594 0273 67707449 		.ascii	"gptInit\000"
 594      6E697400 
 595              	.LASF11:
 596 027b 75696E74 		.ascii	"uint32_t\000"
 596      33325F74 
 596      00
 597              	.LASF7:
 598 0284 6C6F6E67 		.ascii	"long int\000"
 598      20696E74 
 598      00
 599              	.LASF15:
 600 028d 6D6F6465 		.ascii	"moder\000"
 600      7200
 601              	.LASF3:
 602 0293 7369676E 		.ascii	"signed char\000"
 602      65642063 
 602      68617200 
 603              	.LASF12:
 604 029f 5F426F6F 		.ascii	"_Bool\000"
 604      6C00
 605              		.ident	"GCC: (GNU Tools for ARM Embedded Processors) 5.3.1 20160307 (release) [ARM/embedded-5-bran
ARM GAS  /tmp/ccd9mBCh.s 			page 14


DEFINED SYMBOLS
                            *ABS*:00000000 hal.c
     /tmp/ccd9mBCh.s:20     .text.halInit:00000000 $t
     /tmp/ccd9mBCh.s:26     .text.halInit:00000000 halInit
     /tmp/ccd9mBCh.s:63     .text.halInit:00000020 $d
                     .debug_frame:00000010 $d

UNDEFINED SYMBOLS
hal_lld_init
_pal_lld_init
gptInit
i2cInit
uartInit
boardInit
pal_default_config
