ARM GAS  /tmp/ccqzxmgb.s 			page 1


   1              		.syntax unified
   2              		.cpu cortex-m0
   3              		.fpu softvfp
   4              		.eabi_attribute 20, 1
   5              		.eabi_attribute 21, 1
   6              		.eabi_attribute 23, 3
   7              		.eabi_attribute 24, 1
   8              		.eabi_attribute 25, 1
   9              		.eabi_attribute 26, 1
  10              		.eabi_attribute 30, 2
  11              		.eabi_attribute 34, 0
  12              		.eabi_attribute 18, 4
  13              		.thumb
  14              		.syntax unified
  15              		.file	"nvic.c"
  16              		.text
  17              	.Ltext0:
  18              		.cfi_sections	.debug_frame
  19              		.section	.text.nvicEnableVector,"ax",%progbits
  20              		.align	2
  21              		.p2align 4,,15
  22              		.global	nvicEnableVector
  23              		.code	16
  24              		.thumb_func
  25              		.type	nvicEnableVector, %function
  26              	nvicEnableVector:
  27              	.LFB7:
  28              		.file 1 "../../os/ports/common/ARMCMx/nvic.c"
  29              		.loc 1 46 0
  30              		.cfi_startproc
  31              		@ args = 0, pretend = 0, frame = 0
  32              		@ frame_needed = 0, uses_anonymous_args = 0
  33              	.LVL0:
  34              		.loc 1 47 0
  35 0000 1822     		movs	r2, #24
  36              		.loc 1 46 0
  37 0002 70B5     		push	{r4, r5, r6, lr}
  38              		.cfi_def_cfa_offset 16
  39              		.cfi_offset 4, -16
  40              		.cfi_offset 5, -12
  41              		.cfi_offset 6, -8
  42              		.cfi_offset 14, -4
  43              		.loc 1 49 0
  44 0004 FF25     		movs	r5, #255
  45 0006 0D4C     		ldr	r4, .L2
  46 0008 C026     		movs	r6, #192
  47 000a A446     		mov	ip, r4
  48              		.loc 1 47 0
  49 000c C300     		lsls	r3, r0, #3
  50 000e 1A40     		ands	r2, r3
  51              	.LVL1:
  52              		.loc 1 49 0
  53 0010 9540     		lsls	r5, r5, r2
  54 0012 9140     		lsls	r1, r1, r2
  55              	.LVL2:
  56 0014 8308     		lsrs	r3, r0, #2
  57 0016 9B00     		lsls	r3, r3, #2
ARM GAS  /tmp/ccqzxmgb.s 			page 2


  58 0018 6344     		add	r3, r3, ip
  59 001a B600     		lsls	r6, r6, #2
  60 001c 9C59     		ldr	r4, [r3, r6]
  61              		.loc 1 50 0
  62 001e 1F22     		movs	r2, #31
  63              	.LVL3:
  64              		.loc 1 49 0
  65 0020 AC43     		bics	r4, r5
  66 0022 2143     		orrs	r1, r4
  67 0024 9951     		str	r1, [r3, r6]
  68              		.loc 1 50 0
  69 0026 0123     		movs	r3, #1
  70 0028 0240     		ands	r2, r0
  71 002a 9340     		lsls	r3, r3, r2
  72 002c C022     		movs	r2, #192
  73 002e 4009     		lsrs	r0, r0, #5
  74              	.LVL4:
  75 0030 8000     		lsls	r0, r0, #2
  76 0032 6044     		add	r0, r0, ip
  77 0034 5200     		lsls	r2, r2, #1
  78 0036 8350     		str	r3, [r0, r2]
  79              		.loc 1 52 0
  80              		@ sp needed
  81              		.loc 1 51 0
  82 0038 0360     		str	r3, [r0]
  83              		.loc 1 52 0
  84 003a 70BD     		pop	{r4, r5, r6, pc}
  85              	.L3:
  86              		.align	2
  87              	.L2:
  88 003c 00E100E0 		.word	-536813312
  89              		.cfi_endproc
  90              	.LFE7:
  91              		.size	nvicEnableVector, .-nvicEnableVector
  92              		.section	.text.nvicDisableVector,"ax",%progbits
  93              		.align	2
  94              		.p2align 4,,15
  95              		.global	nvicDisableVector
  96              		.code	16
  97              		.thumb_func
  98              		.type	nvicDisableVector, %function
  99              	nvicDisableVector:
 100              	.LFB8:
 101              		.loc 1 60 0
 102              		.cfi_startproc
 103              		@ args = 0, pretend = 0, frame = 0
 104              		@ frame_needed = 0, uses_anonymous_args = 0
 105              	.LVL5:
 106              		.loc 1 63 0
 107 0000 1F21     		movs	r1, #31
 108 0002 0122     		movs	r2, #1
 109 0004 0140     		ands	r1, r0
 110 0006 8A40     		lsls	r2, r2, r1
 111 0008 4309     		lsrs	r3, r0, #5
 112 000a 0A49     		ldr	r1, .L5
 113 000c 2033     		adds	r3, r3, #32
 114 000e 9B00     		lsls	r3, r3, #2
ARM GAS  /tmp/ccqzxmgb.s 			page 3


 115              		.loc 1 60 0
 116 0010 10B5     		push	{r4, lr}
 117              		.cfi_def_cfa_offset 8
 118              		.cfi_offset 4, -8
 119              		.cfi_offset 14, -4
 120 0012 8C46     		mov	ip, r1
 121              		.loc 1 63 0
 122 0014 5A50     		str	r2, [r3, r1]
 123              		.loc 1 64 0
 124 0016 1821     		movs	r1, #24
 125 0018 C024     		movs	r4, #192
 126 001a 8308     		lsrs	r3, r0, #2
 127 001c C000     		lsls	r0, r0, #3
 128              	.LVL6:
 129 001e 0840     		ands	r0, r1
 130              	.LVL7:
 131 0020 E731     		adds	r1, r1, #231
 132 0022 8140     		lsls	r1, r1, r0
 133 0024 9B00     		lsls	r3, r3, #2
 134 0026 6344     		add	r3, r3, ip
 135 0028 A400     		lsls	r4, r4, #2
 136 002a 1A59     		ldr	r2, [r3, r4]
 137              		.loc 1 65 0
 138              		@ sp needed
 139              		.loc 1 64 0
 140 002c 8A43     		bics	r2, r1
 141 002e 1A51     		str	r2, [r3, r4]
 142              		.loc 1 65 0
 143 0030 10BD     		pop	{r4, pc}
 144              	.L6:
 145 0032 C046     		.align	2
 146              	.L5:
 147 0034 00E100E0 		.word	-536813312
 148              		.cfi_endproc
 149              	.LFE8:
 150              		.size	nvicDisableVector, .-nvicDisableVector
 151              		.section	.text.nvicSetSystemHandlerPriority,"ax",%progbits
 152              		.align	2
 153              		.p2align 4,,15
 154              		.global	nvicSetSystemHandlerPriority
 155              		.code	16
 156              		.thumb_func
 157              		.type	nvicSetSystemHandlerPriority, %function
 158              	nvicSetSystemHandlerPriority:
 159              	.LFB9:
 160              		.loc 1 74 0
 161              		.cfi_startproc
 162              		@ args = 0, pretend = 0, frame = 0
 163              		@ frame_needed = 0, uses_anonymous_args = 0
 164              	.LVL8:
 165              		.loc 1 75 0
 166 0000 0323     		movs	r3, #3
 167              		.loc 1 74 0
 168 0002 10B5     		push	{r4, lr}
 169              		.cfi_def_cfa_offset 8
 170              		.cfi_offset 4, -8
 171              		.cfi_offset 14, -4
ARM GAS  /tmp/ccqzxmgb.s 			page 4


 172              		.loc 1 78 0
 173 0004 FF24     		movs	r4, #255
 174 0006 074A     		ldr	r2, .L8
 175              		.loc 1 75 0
 176 0008 0340     		ands	r3, r0
 177 000a 9446     		mov	ip, r2
 178 000c DB00     		lsls	r3, r3, #3
 179              	.LVL9:
 180              		.loc 1 78 0
 181 000e 9C40     		lsls	r4, r4, r3
 182 0010 9940     		lsls	r1, r1, r3
 183              	.LVL10:
 184 0012 8008     		lsrs	r0, r0, #2
 185              	.LVL11:
 186 0014 8000     		lsls	r0, r0, #2
 187 0016 6044     		add	r0, r0, ip
 188              		.loc 1 77 0
 189 0018 8269     		ldr	r2, [r0, #24]
 190              		.loc 1 79 0
 191              		@ sp needed
 192              		.loc 1 78 0
 193 001a A243     		bics	r2, r4
 194 001c 1143     		orrs	r1, r2
 195              		.loc 1 77 0
 196 001e 8161     		str	r1, [r0, #24]
 197              		.loc 1 79 0
 198 0020 10BD     		pop	{r4, pc}
 199              	.L9:
 200 0022 C046     		.align	2
 201              	.L8:
 202 0024 00ED00E0 		.word	-536810240
 203              		.cfi_endproc
 204              	.LFE9:
 205              		.size	nvicSetSystemHandlerPriority, .-nvicSetSystemHandlerPriority
 206              		.text
 207              	.Letext0:
 208              		.file 2 "/home/lithium/Descargas/gcc-arm-none-eabi-5_3-2016q1/arm-none-eabi/include/machine/_defau
 209              		.file 3 "/home/lithium/Descargas/gcc-arm-none-eabi-5_3-2016q1/arm-none-eabi/include/sys/_stdint.h"
 210              		.file 4 "../../os/ports/common/ARMCMx/nvic.h"
 211              		.section	.debug_info,"",%progbits
 212              	.Ldebug_info0:
 213 0000 07040000 		.4byte	0x407
 214 0004 0400     		.2byte	0x4
 215 0006 00000000 		.4byte	.Ldebug_abbrev0
 216 000a 04       		.byte	0x4
 217 000b 01       		.uleb128 0x1
 218 000c 2C010000 		.4byte	.LASF48
 219 0010 0C       		.byte	0xc
 220 0011 0F000000 		.4byte	.LASF49
 221 0015 C6000000 		.4byte	.LASF50
 222 0019 00000000 		.4byte	.Ldebug_ranges0+0
 223 001d 00000000 		.4byte	0
 224 0021 00000000 		.4byte	.Ldebug_line0
 225 0025 02       		.uleb128 0x2
 226 0026 04       		.byte	0x4
 227 0027 05       		.byte	0x5
 228 0028 696E7400 		.ascii	"int\000"
ARM GAS  /tmp/ccqzxmgb.s 			page 5


 229 002c 03       		.uleb128 0x3
 230 002d 04       		.byte	0x4
 231 002e 07       		.byte	0x7
 232 002f 06020000 		.4byte	.LASF0
 233 0033 03       		.uleb128 0x3
 234 0034 08       		.byte	0x8
 235 0035 05       		.byte	0x5
 236 0036 5D020000 		.4byte	.LASF1
 237 003a 03       		.uleb128 0x3
 238 003b 08       		.byte	0x8
 239 003c 04       		.byte	0x4
 240 003d A3020000 		.4byte	.LASF2
 241 0041 03       		.uleb128 0x3
 242 0042 01       		.byte	0x1
 243 0043 06       		.byte	0x6
 244 0044 AF020000 		.4byte	.LASF3
 245 0048 03       		.uleb128 0x3
 246 0049 01       		.byte	0x1
 247 004a 08       		.byte	0x8
 248 004b 70000000 		.4byte	.LASF4
 249 004f 03       		.uleb128 0x3
 250 0050 02       		.byte	0x2
 251 0051 05       		.byte	0x5
 252 0052 53000000 		.4byte	.LASF5
 253 0056 03       		.uleb128 0x3
 254 0057 02       		.byte	0x2
 255 0058 07       		.byte	0x7
 256 0059 AE000000 		.4byte	.LASF6
 257 005d 03       		.uleb128 0x3
 258 005e 04       		.byte	0x4
 259 005f 05       		.byte	0x5
 260 0060 95020000 		.4byte	.LASF7
 261 0064 04       		.uleb128 0x4
 262 0065 21010000 		.4byte	.LASF10
 263 0069 02       		.byte	0x2
 264 006a 41       		.byte	0x41
 265 006b 6F000000 		.4byte	0x6f
 266 006f 03       		.uleb128 0x3
 267 0070 04       		.byte	0x4
 268 0071 07       		.byte	0x7
 269 0072 04010000 		.4byte	.LASF8
 270 0076 03       		.uleb128 0x3
 271 0077 08       		.byte	0x8
 272 0078 07       		.byte	0x7
 273 0079 1D020000 		.4byte	.LASF9
 274 007d 04       		.uleb128 0x4
 275 007e 8C020000 		.4byte	.LASF11
 276 0082 03       		.byte	0x3
 277 0083 20       		.byte	0x20
 278 0084 64000000 		.4byte	0x64
 279 0088 03       		.uleb128 0x3
 280 0089 01       		.byte	0x1
 281 008a 02       		.byte	0x2
 282 008b 5D000000 		.4byte	.LASF12
 283 008f 04       		.uleb128 0x4
 284 0090 68000000 		.4byte	.LASF13
 285 0094 04       		.byte	0x4
ARM GAS  /tmp/ccqzxmgb.s 			page 6


 286 0095 3A       		.byte	0x3a
 287 0096 9A000000 		.4byte	0x9a
 288 009a 05       		.uleb128 0x5
 289 009b 7D000000 		.4byte	0x7d
 290 009f 06       		.uleb128 0x6
 291 00a0 040E     		.2byte	0xe04
 292 00a2 04       		.byte	0x4
 293 00a3 6A       		.byte	0x6a
 294 00a4 4E010000 		.4byte	0x14e
 295 00a8 07       		.uleb128 0x7
 296 00a9 76020000 		.4byte	.LASF14
 297 00ad 04       		.byte	0x4
 298 00ae 6B       		.byte	0x6b
 299 00af 65010000 		.4byte	0x165
 300 00b3 00       		.byte	0
 301 00b4 07       		.uleb128 0x7
 302 00b5 7E000000 		.4byte	.LASF15
 303 00b9 04       		.byte	0x4
 304 00ba 6C       		.byte	0x6c
 305 00bb 7A010000 		.4byte	0x17a
 306 00bf 20       		.byte	0x20
 307 00c0 07       		.uleb128 0x7
 308 00c1 63000000 		.4byte	.LASF16
 309 00c5 04       		.byte	0x4
 310 00c6 6D       		.byte	0x6d
 311 00c7 7F010000 		.4byte	0x17f
 312 00cb 80       		.byte	0x80
 313 00cc 07       		.uleb128 0x7
 314 00cd 86000000 		.4byte	.LASF17
 315 00d1 04       		.byte	0x4
 316 00d2 6E       		.byte	0x6e
 317 00d3 84010000 		.4byte	0x184
 318 00d7 A0       		.byte	0xa0
 319 00d8 08       		.uleb128 0x8
 320 00d9 13020000 		.4byte	.LASF18
 321 00dd 04       		.byte	0x4
 322 00de 6F       		.byte	0x6f
 323 00df 89010000 		.4byte	0x189
 324 00e3 0001     		.2byte	0x100
 325 00e5 08       		.uleb128 0x8
 326 00e6 8E000000 		.4byte	.LASF19
 327 00ea 04       		.byte	0x4
 328 00eb 70       		.byte	0x70
 329 00ec 8E010000 		.4byte	0x18e
 330 00f0 2001     		.2byte	0x120
 331 00f2 08       		.uleb128 0x8
 332 00f3 05000000 		.4byte	.LASF20
 333 00f7 04       		.byte	0x4
 334 00f8 71       		.byte	0x71
 335 00f9 93010000 		.4byte	0x193
 336 00fd 8001     		.2byte	0x180
 337 00ff 08       		.uleb128 0x8
 338 0100 96000000 		.4byte	.LASF21
 339 0104 04       		.byte	0x4
 340 0105 72       		.byte	0x72
 341 0106 98010000 		.4byte	0x198
 342 010a A001     		.2byte	0x1a0
ARM GAS  /tmp/ccqzxmgb.s 			page 7


 343 010c 08       		.uleb128 0x8
 344 010d D8020000 		.4byte	.LASF22
 345 0111 04       		.byte	0x4
 346 0112 73       		.byte	0x73
 347 0113 9D010000 		.4byte	0x19d
 348 0117 0002     		.2byte	0x200
 349 0119 08       		.uleb128 0x8
 350 011a 9E000000 		.4byte	.LASF23
 351 011e 04       		.byte	0x4
 352 011f 74       		.byte	0x74
 353 0120 B2010000 		.4byte	0x1b2
 354 0124 2002     		.2byte	0x220
 355 0126 09       		.uleb128 0x9
 356 0127 49505200 		.ascii	"IPR\000"
 357 012b 04       		.byte	0x4
 358 012c 75       		.byte	0x75
 359 012d C7010000 		.4byte	0x1c7
 360 0131 0003     		.2byte	0x300
 361 0133 08       		.uleb128 0x8
 362 0134 A6000000 		.4byte	.LASF24
 363 0138 04       		.byte	0x4
 364 0139 76       		.byte	0x76
 365 013a DD010000 		.4byte	0x1dd
 366 013e F003     		.2byte	0x3f0
 367 0140 08       		.uleb128 0x8
 368 0141 1C010000 		.4byte	.LASF25
 369 0145 04       		.byte	0x4
 370 0146 77       		.byte	0x77
 371 0147 8F000000 		.4byte	0x8f
 372 014b 000E     		.2byte	0xe00
 373 014d 00       		.byte	0
 374 014e 0A       		.uleb128 0xa
 375 014f 8F000000 		.4byte	0x8f
 376 0153 5E010000 		.4byte	0x15e
 377 0157 0B       		.uleb128 0xb
 378 0158 5E010000 		.4byte	0x15e
 379 015c 07       		.byte	0x7
 380 015d 00       		.byte	0
 381 015e 03       		.uleb128 0x3
 382 015f 04       		.byte	0x4
 383 0160 07       		.byte	0x7
 384 0161 54020000 		.4byte	.LASF26
 385 0165 05       		.uleb128 0x5
 386 0166 4E010000 		.4byte	0x14e
 387 016a 0A       		.uleb128 0xa
 388 016b 8F000000 		.4byte	0x8f
 389 016f 7A010000 		.4byte	0x17a
 390 0173 0B       		.uleb128 0xb
 391 0174 5E010000 		.4byte	0x15e
 392 0178 17       		.byte	0x17
 393 0179 00       		.byte	0
 394 017a 05       		.uleb128 0x5
 395 017b 6A010000 		.4byte	0x16a
 396 017f 05       		.uleb128 0x5
 397 0180 4E010000 		.4byte	0x14e
 398 0184 05       		.uleb128 0x5
 399 0185 6A010000 		.4byte	0x16a
ARM GAS  /tmp/ccqzxmgb.s 			page 8


 400 0189 05       		.uleb128 0x5
 401 018a 4E010000 		.4byte	0x14e
 402 018e 05       		.uleb128 0x5
 403 018f 6A010000 		.4byte	0x16a
 404 0193 05       		.uleb128 0x5
 405 0194 4E010000 		.4byte	0x14e
 406 0198 05       		.uleb128 0x5
 407 0199 6A010000 		.4byte	0x16a
 408 019d 05       		.uleb128 0x5
 409 019e 4E010000 		.4byte	0x14e
 410 01a2 0A       		.uleb128 0xa
 411 01a3 8F000000 		.4byte	0x8f
 412 01a7 B2010000 		.4byte	0x1b2
 413 01ab 0B       		.uleb128 0xb
 414 01ac 5E010000 		.4byte	0x15e
 415 01b0 37       		.byte	0x37
 416 01b1 00       		.byte	0
 417 01b2 05       		.uleb128 0x5
 418 01b3 A2010000 		.4byte	0x1a2
 419 01b7 0A       		.uleb128 0xa
 420 01b8 8F000000 		.4byte	0x8f
 421 01bc C7010000 		.4byte	0x1c7
 422 01c0 0B       		.uleb128 0xb
 423 01c1 5E010000 		.4byte	0x15e
 424 01c5 3B       		.byte	0x3b
 425 01c6 00       		.byte	0
 426 01c7 05       		.uleb128 0x5
 427 01c8 B7010000 		.4byte	0x1b7
 428 01cc 0A       		.uleb128 0xa
 429 01cd 8F000000 		.4byte	0x8f
 430 01d1 DD010000 		.4byte	0x1dd
 431 01d5 0C       		.uleb128 0xc
 432 01d6 5E010000 		.4byte	0x15e
 433 01da 8302     		.2byte	0x283
 434 01dc 00       		.byte	0
 435 01dd 05       		.uleb128 0x5
 436 01de CC010000 		.4byte	0x1cc
 437 01e2 04       		.uleb128 0x4
 438 01e3 45000000 		.4byte	.LASF27
 439 01e7 04       		.byte	0x4
 440 01e8 78       		.byte	0x78
 441 01e9 9F000000 		.4byte	0x9f
 442 01ed 0D       		.uleb128 0xd
 443 01ee 8C       		.byte	0x8c
 444 01ef 04       		.byte	0x4
 445 01f0 89       		.byte	0x89
 446 01f1 F2020000 		.4byte	0x2f2
 447 01f5 07       		.uleb128 0x7
 448 01f6 6B020000 		.4byte	.LASF28
 449 01fa 04       		.byte	0x4
 450 01fb 8A       		.byte	0x8a
 451 01fc 8F000000 		.4byte	0x8f
 452 0200 00       		.byte	0
 453 0201 07       		.uleb128 0x7
 454 0202 34020000 		.4byte	.LASF29
 455 0206 04       		.byte	0x4
 456 0207 8B       		.byte	0x8b
ARM GAS  /tmp/ccqzxmgb.s 			page 9


 457 0208 8F000000 		.4byte	0x8f
 458 020c 04       		.byte	0x4
 459 020d 07       		.uleb128 0x7
 460 020e 4E000000 		.4byte	.LASF30
 461 0212 04       		.byte	0x4
 462 0213 8C       		.byte	0x8c
 463 0214 8F000000 		.4byte	0x8f
 464 0218 08       		.byte	0x8
 465 0219 07       		.uleb128 0x7
 466 021a 41020000 		.4byte	.LASF31
 467 021e 04       		.byte	0x4
 468 021f 8D       		.byte	0x8d
 469 0220 8F000000 		.4byte	0x8f
 470 0224 0C       		.byte	0xc
 471 0225 0E       		.uleb128 0xe
 472 0226 53435200 		.ascii	"SCR\000"
 473 022a 04       		.byte	0x4
 474 022b 8E       		.byte	0x8e
 475 022c 8F000000 		.4byte	0x8f
 476 0230 10       		.byte	0x10
 477 0231 0E       		.uleb128 0xe
 478 0232 43435200 		.ascii	"CCR\000"
 479 0236 04       		.byte	0x4
 480 0237 8F       		.byte	0x8f
 481 0238 8F000000 		.4byte	0x8f
 482 023c 14       		.byte	0x14
 483 023d 07       		.uleb128 0x7
 484 023e 9E020000 		.4byte	.LASF32
 485 0242 04       		.byte	0x4
 486 0243 90       		.byte	0x90
 487 0244 02030000 		.4byte	0x302
 488 0248 18       		.byte	0x18
 489 0249 07       		.uleb128 0x7
 490 024a 86020000 		.4byte	.LASF33
 491 024e 04       		.byte	0x4
 492 024f 91       		.byte	0x91
 493 0250 8F000000 		.4byte	0x8f
 494 0254 24       		.byte	0x24
 495 0255 07       		.uleb128 0x7
 496 0256 C1000000 		.4byte	.LASF34
 497 025a 04       		.byte	0x4
 498 025b 92       		.byte	0x92
 499 025c 8F000000 		.4byte	0x8f
 500 0260 28       		.byte	0x28
 501 0261 07       		.uleb128 0x7
 502 0262 FF000000 		.4byte	.LASF35
 503 0266 04       		.byte	0x4
 504 0267 93       		.byte	0x93
 505 0268 8F000000 		.4byte	0x8f
 506 026c 2C       		.byte	0x2c
 507 026d 07       		.uleb128 0x7
 508 026e 18020000 		.4byte	.LASF36
 509 0272 04       		.byte	0x4
 510 0273 94       		.byte	0x94
 511 0274 8F000000 		.4byte	0x8f
 512 0278 30       		.byte	0x30
 513 0279 07       		.uleb128 0x7
ARM GAS  /tmp/ccqzxmgb.s 			page 10


 514 027a 80020000 		.4byte	.LASF37
 515 027e 04       		.byte	0x4
 516 027f 95       		.byte	0x95
 517 0280 8F000000 		.4byte	0x8f
 518 0284 34       		.byte	0x34
 519 0285 07       		.uleb128 0x7
 520 0286 47020000 		.4byte	.LASF38
 521 028a 04       		.byte	0x4
 522 028b 96       		.byte	0x96
 523 028c 8F000000 		.4byte	0x8f
 524 0290 38       		.byte	0x38
 525 0291 07       		.uleb128 0x7
 526 0292 7B020000 		.4byte	.LASF39
 527 0296 04       		.byte	0x4
 528 0297 97       		.byte	0x97
 529 0298 8F000000 		.4byte	0x8f
 530 029c 3C       		.byte	0x3c
 531 029d 0E       		.uleb128 0xe
 532 029e 50465200 		.ascii	"PFR\000"
 533 02a2 04       		.byte	0x4
 534 02a3 98       		.byte	0x98
 535 02a4 17030000 		.4byte	0x317
 536 02a8 40       		.byte	0x40
 537 02a9 0E       		.uleb128 0xe
 538 02aa 44465200 		.ascii	"DFR\000"
 539 02ae 04       		.byte	0x4
 540 02af 99       		.byte	0x99
 541 02b0 8F000000 		.4byte	0x8f
 542 02b4 48       		.byte	0x48
 543 02b5 0E       		.uleb128 0xe
 544 02b6 41445200 		.ascii	"ADR\000"
 545 02ba 04       		.byte	0x4
 546 02bb 9A       		.byte	0x9a
 547 02bc 8F000000 		.4byte	0x8f
 548 02c0 4C       		.byte	0x4c
 549 02c1 07       		.uleb128 0x7
 550 02c2 0A000000 		.4byte	.LASF40
 551 02c6 04       		.byte	0x4
 552 02c7 9B       		.byte	0x9b
 553 02c8 2C030000 		.4byte	0x32c
 554 02cc 50       		.byte	0x50
 555 02cd 0E       		.uleb128 0xe
 556 02ce 53415200 		.ascii	"SAR\000"
 557 02d2 04       		.byte	0x4
 558 02d3 9C       		.byte	0x9c
 559 02d4 41030000 		.4byte	0x341
 560 02d8 60       		.byte	0x60
 561 02d9 07       		.uleb128 0x7
 562 02da 7E000000 		.4byte	.LASF15
 563 02de 04       		.byte	0x4
 564 02df 9D       		.byte	0x9d
 565 02e0 46030000 		.4byte	0x346
 566 02e4 74       		.byte	0x74
 567 02e5 07       		.uleb128 0x7
 568 02e6 16010000 		.4byte	.LASF41
 569 02ea 04       		.byte	0x4
 570 02eb 9E       		.byte	0x9e
ARM GAS  /tmp/ccqzxmgb.s 			page 11


 571 02ec 8F000000 		.4byte	0x8f
 572 02f0 88       		.byte	0x88
 573 02f1 00       		.byte	0
 574 02f2 0A       		.uleb128 0xa
 575 02f3 8F000000 		.4byte	0x8f
 576 02f7 02030000 		.4byte	0x302
 577 02fb 0B       		.uleb128 0xb
 578 02fc 5E010000 		.4byte	0x15e
 579 0300 02       		.byte	0x2
 580 0301 00       		.byte	0
 581 0302 05       		.uleb128 0x5
 582 0303 F2020000 		.4byte	0x2f2
 583 0307 0A       		.uleb128 0xa
 584 0308 8F000000 		.4byte	0x8f
 585 030c 17030000 		.4byte	0x317
 586 0310 0B       		.uleb128 0xb
 587 0311 5E010000 		.4byte	0x15e
 588 0315 01       		.byte	0x1
 589 0316 00       		.byte	0
 590 0317 05       		.uleb128 0x5
 591 0318 07030000 		.4byte	0x307
 592 031c 0A       		.uleb128 0xa
 593 031d 8F000000 		.4byte	0x8f
 594 0321 2C030000 		.4byte	0x32c
 595 0325 0B       		.uleb128 0xb
 596 0326 5E010000 		.4byte	0x15e
 597 032a 03       		.byte	0x3
 598 032b 00       		.byte	0
 599 032c 05       		.uleb128 0x5
 600 032d 1C030000 		.4byte	0x31c
 601 0331 0A       		.uleb128 0xa
 602 0332 8F000000 		.4byte	0x8f
 603 0336 41030000 		.4byte	0x341
 604 033a 0B       		.uleb128 0xb
 605 033b 5E010000 		.4byte	0x15e
 606 033f 04       		.byte	0x4
 607 0340 00       		.byte	0
 608 0341 05       		.uleb128 0x5
 609 0342 31030000 		.4byte	0x331
 610 0346 05       		.uleb128 0x5
 611 0347 31030000 		.4byte	0x331
 612 034b 04       		.uleb128 0x4
 613 034c 39020000 		.4byte	.LASF42
 614 0350 04       		.byte	0x4
 615 0351 9F       		.byte	0x9f
 616 0352 ED010000 		.4byte	0x1ed
 617 0356 03       		.uleb128 0x3
 618 0357 01       		.byte	0x1
 619 0358 08       		.byte	0x8
 620 0359 71020000 		.4byte	.LASF43
 621 035d 0F       		.uleb128 0xf
 622 035e DD020000 		.4byte	.LASF45
 623 0362 01       		.byte	0x1
 624 0363 2E       		.byte	0x2e
 625 0364 00000000 		.4byte	.LFB7
 626 0368 40000000 		.4byte	.LFE7-.LFB7
 627 036c 01       		.uleb128 0x1
ARM GAS  /tmp/ccqzxmgb.s 			page 12


 628 036d 9C       		.byte	0x9c
 629 036e 9D030000 		.4byte	0x39d
 630 0372 10       		.uleb128 0x10
 631 0373 6E00     		.ascii	"n\000"
 632 0375 01       		.byte	0x1
 633 0376 2E       		.byte	0x2e
 634 0377 7D000000 		.4byte	0x7d
 635 037b 00000000 		.4byte	.LLST0
 636 037f 11       		.uleb128 0x11
 637 0380 00000000 		.4byte	.LASF44
 638 0384 01       		.byte	0x1
 639 0385 2E       		.byte	0x2e
 640 0386 7D000000 		.4byte	0x7d
 641 038a 21000000 		.4byte	.LLST1
 642 038e 12       		.uleb128 0x12
 643 038f 736800   		.ascii	"sh\000"
 644 0392 01       		.byte	0x1
 645 0393 2F       		.byte	0x2f
 646 0394 2C000000 		.4byte	0x2c
 647 0398 42000000 		.4byte	.LLST2
 648 039c 00       		.byte	0
 649 039d 0F       		.uleb128 0xf
 650 039e 33000000 		.4byte	.LASF46
 651 03a2 01       		.byte	0x1
 652 03a3 3C       		.byte	0x3c
 653 03a4 00000000 		.4byte	.LFB8
 654 03a8 38000000 		.4byte	.LFE8-.LFB8
 655 03ac 01       		.uleb128 0x1
 656 03ad 9C       		.byte	0x9c
 657 03ae CE030000 		.4byte	0x3ce
 658 03b2 10       		.uleb128 0x10
 659 03b3 6E00     		.ascii	"n\000"
 660 03b5 01       		.byte	0x1
 661 03b6 3C       		.byte	0x3c
 662 03b7 7D000000 		.4byte	0x7d
 663 03bb 78000000 		.4byte	.LLST3
 664 03bf 12       		.uleb128 0x12
 665 03c0 736800   		.ascii	"sh\000"
 666 03c3 01       		.byte	0x1
 667 03c4 3D       		.byte	0x3d
 668 03c5 2C000000 		.4byte	0x2c
 669 03c9 99000000 		.4byte	.LLST4
 670 03cd 00       		.byte	0
 671 03ce 13       		.uleb128 0x13
 672 03cf BB020000 		.4byte	.LASF51
 673 03d3 01       		.byte	0x1
 674 03d4 4A       		.byte	0x4a
 675 03d5 00000000 		.4byte	.LFB9
 676 03d9 28000000 		.4byte	.LFE9-.LFB9
 677 03dd 01       		.uleb128 0x1
 678 03de 9C       		.byte	0x9c
 679 03df 11       		.uleb128 0x11
 680 03e0 4C020000 		.4byte	.LASF47
 681 03e4 01       		.byte	0x1
 682 03e5 4A       		.byte	0x4a
 683 03e6 7D000000 		.4byte	0x7d
 684 03ea CF000000 		.4byte	.LLST5
ARM GAS  /tmp/ccqzxmgb.s 			page 13


 685 03ee 11       		.uleb128 0x11
 686 03ef 00000000 		.4byte	.LASF44
 687 03f3 01       		.byte	0x1
 688 03f4 4A       		.byte	0x4a
 689 03f5 7D000000 		.4byte	0x7d
 690 03f9 F0000000 		.4byte	.LLST6
 691 03fd 14       		.uleb128 0x14
 692 03fe 736800   		.ascii	"sh\000"
 693 0401 01       		.byte	0x1
 694 0402 4B       		.byte	0x4b
 695 0403 2C000000 		.4byte	0x2c
 696 0407 01       		.uleb128 0x1
 697 0408 53       		.byte	0x53
 698 0409 00       		.byte	0
 699 040a 00       		.byte	0
 700              		.section	.debug_abbrev,"",%progbits
 701              	.Ldebug_abbrev0:
 702 0000 01       		.uleb128 0x1
 703 0001 11       		.uleb128 0x11
 704 0002 01       		.byte	0x1
 705 0003 25       		.uleb128 0x25
 706 0004 0E       		.uleb128 0xe
 707 0005 13       		.uleb128 0x13
 708 0006 0B       		.uleb128 0xb
 709 0007 03       		.uleb128 0x3
 710 0008 0E       		.uleb128 0xe
 711 0009 1B       		.uleb128 0x1b
 712 000a 0E       		.uleb128 0xe
 713 000b 55       		.uleb128 0x55
 714 000c 17       		.uleb128 0x17
 715 000d 11       		.uleb128 0x11
 716 000e 01       		.uleb128 0x1
 717 000f 10       		.uleb128 0x10
 718 0010 17       		.uleb128 0x17
 719 0011 00       		.byte	0
 720 0012 00       		.byte	0
 721 0013 02       		.uleb128 0x2
 722 0014 24       		.uleb128 0x24
 723 0015 00       		.byte	0
 724 0016 0B       		.uleb128 0xb
 725 0017 0B       		.uleb128 0xb
 726 0018 3E       		.uleb128 0x3e
 727 0019 0B       		.uleb128 0xb
 728 001a 03       		.uleb128 0x3
 729 001b 08       		.uleb128 0x8
 730 001c 00       		.byte	0
 731 001d 00       		.byte	0
 732 001e 03       		.uleb128 0x3
 733 001f 24       		.uleb128 0x24
 734 0020 00       		.byte	0
 735 0021 0B       		.uleb128 0xb
 736 0022 0B       		.uleb128 0xb
 737 0023 3E       		.uleb128 0x3e
 738 0024 0B       		.uleb128 0xb
 739 0025 03       		.uleb128 0x3
 740 0026 0E       		.uleb128 0xe
 741 0027 00       		.byte	0
ARM GAS  /tmp/ccqzxmgb.s 			page 14


 742 0028 00       		.byte	0
 743 0029 04       		.uleb128 0x4
 744 002a 16       		.uleb128 0x16
 745 002b 00       		.byte	0
 746 002c 03       		.uleb128 0x3
 747 002d 0E       		.uleb128 0xe
 748 002e 3A       		.uleb128 0x3a
 749 002f 0B       		.uleb128 0xb
 750 0030 3B       		.uleb128 0x3b
 751 0031 0B       		.uleb128 0xb
 752 0032 49       		.uleb128 0x49
 753 0033 13       		.uleb128 0x13
 754 0034 00       		.byte	0
 755 0035 00       		.byte	0
 756 0036 05       		.uleb128 0x5
 757 0037 35       		.uleb128 0x35
 758 0038 00       		.byte	0
 759 0039 49       		.uleb128 0x49
 760 003a 13       		.uleb128 0x13
 761 003b 00       		.byte	0
 762 003c 00       		.byte	0
 763 003d 06       		.uleb128 0x6
 764 003e 13       		.uleb128 0x13
 765 003f 01       		.byte	0x1
 766 0040 0B       		.uleb128 0xb
 767 0041 05       		.uleb128 0x5
 768 0042 3A       		.uleb128 0x3a
 769 0043 0B       		.uleb128 0xb
 770 0044 3B       		.uleb128 0x3b
 771 0045 0B       		.uleb128 0xb
 772 0046 01       		.uleb128 0x1
 773 0047 13       		.uleb128 0x13
 774 0048 00       		.byte	0
 775 0049 00       		.byte	0
 776 004a 07       		.uleb128 0x7
 777 004b 0D       		.uleb128 0xd
 778 004c 00       		.byte	0
 779 004d 03       		.uleb128 0x3
 780 004e 0E       		.uleb128 0xe
 781 004f 3A       		.uleb128 0x3a
 782 0050 0B       		.uleb128 0xb
 783 0051 3B       		.uleb128 0x3b
 784 0052 0B       		.uleb128 0xb
 785 0053 49       		.uleb128 0x49
 786 0054 13       		.uleb128 0x13
 787 0055 38       		.uleb128 0x38
 788 0056 0B       		.uleb128 0xb
 789 0057 00       		.byte	0
 790 0058 00       		.byte	0
 791 0059 08       		.uleb128 0x8
 792 005a 0D       		.uleb128 0xd
 793 005b 00       		.byte	0
 794 005c 03       		.uleb128 0x3
 795 005d 0E       		.uleb128 0xe
 796 005e 3A       		.uleb128 0x3a
 797 005f 0B       		.uleb128 0xb
 798 0060 3B       		.uleb128 0x3b
ARM GAS  /tmp/ccqzxmgb.s 			page 15


 799 0061 0B       		.uleb128 0xb
 800 0062 49       		.uleb128 0x49
 801 0063 13       		.uleb128 0x13
 802 0064 38       		.uleb128 0x38
 803 0065 05       		.uleb128 0x5
 804 0066 00       		.byte	0
 805 0067 00       		.byte	0
 806 0068 09       		.uleb128 0x9
 807 0069 0D       		.uleb128 0xd
 808 006a 00       		.byte	0
 809 006b 03       		.uleb128 0x3
 810 006c 08       		.uleb128 0x8
 811 006d 3A       		.uleb128 0x3a
 812 006e 0B       		.uleb128 0xb
 813 006f 3B       		.uleb128 0x3b
 814 0070 0B       		.uleb128 0xb
 815 0071 49       		.uleb128 0x49
 816 0072 13       		.uleb128 0x13
 817 0073 38       		.uleb128 0x38
 818 0074 05       		.uleb128 0x5
 819 0075 00       		.byte	0
 820 0076 00       		.byte	0
 821 0077 0A       		.uleb128 0xa
 822 0078 01       		.uleb128 0x1
 823 0079 01       		.byte	0x1
 824 007a 49       		.uleb128 0x49
 825 007b 13       		.uleb128 0x13
 826 007c 01       		.uleb128 0x1
 827 007d 13       		.uleb128 0x13
 828 007e 00       		.byte	0
 829 007f 00       		.byte	0
 830 0080 0B       		.uleb128 0xb
 831 0081 21       		.uleb128 0x21
 832 0082 00       		.byte	0
 833 0083 49       		.uleb128 0x49
 834 0084 13       		.uleb128 0x13
 835 0085 2F       		.uleb128 0x2f
 836 0086 0B       		.uleb128 0xb
 837 0087 00       		.byte	0
 838 0088 00       		.byte	0
 839 0089 0C       		.uleb128 0xc
 840 008a 21       		.uleb128 0x21
 841 008b 00       		.byte	0
 842 008c 49       		.uleb128 0x49
 843 008d 13       		.uleb128 0x13
 844 008e 2F       		.uleb128 0x2f
 845 008f 05       		.uleb128 0x5
 846 0090 00       		.byte	0
 847 0091 00       		.byte	0
 848 0092 0D       		.uleb128 0xd
 849 0093 13       		.uleb128 0x13
 850 0094 01       		.byte	0x1
 851 0095 0B       		.uleb128 0xb
 852 0096 0B       		.uleb128 0xb
 853 0097 3A       		.uleb128 0x3a
 854 0098 0B       		.uleb128 0xb
 855 0099 3B       		.uleb128 0x3b
ARM GAS  /tmp/ccqzxmgb.s 			page 16


 856 009a 0B       		.uleb128 0xb
 857 009b 01       		.uleb128 0x1
 858 009c 13       		.uleb128 0x13
 859 009d 00       		.byte	0
 860 009e 00       		.byte	0
 861 009f 0E       		.uleb128 0xe
 862 00a0 0D       		.uleb128 0xd
 863 00a1 00       		.byte	0
 864 00a2 03       		.uleb128 0x3
 865 00a3 08       		.uleb128 0x8
 866 00a4 3A       		.uleb128 0x3a
 867 00a5 0B       		.uleb128 0xb
 868 00a6 3B       		.uleb128 0x3b
 869 00a7 0B       		.uleb128 0xb
 870 00a8 49       		.uleb128 0x49
 871 00a9 13       		.uleb128 0x13
 872 00aa 38       		.uleb128 0x38
 873 00ab 0B       		.uleb128 0xb
 874 00ac 00       		.byte	0
 875 00ad 00       		.byte	0
 876 00ae 0F       		.uleb128 0xf
 877 00af 2E       		.uleb128 0x2e
 878 00b0 01       		.byte	0x1
 879 00b1 3F       		.uleb128 0x3f
 880 00b2 19       		.uleb128 0x19
 881 00b3 03       		.uleb128 0x3
 882 00b4 0E       		.uleb128 0xe
 883 00b5 3A       		.uleb128 0x3a
 884 00b6 0B       		.uleb128 0xb
 885 00b7 3B       		.uleb128 0x3b
 886 00b8 0B       		.uleb128 0xb
 887 00b9 27       		.uleb128 0x27
 888 00ba 19       		.uleb128 0x19
 889 00bb 11       		.uleb128 0x11
 890 00bc 01       		.uleb128 0x1
 891 00bd 12       		.uleb128 0x12
 892 00be 06       		.uleb128 0x6
 893 00bf 40       		.uleb128 0x40
 894 00c0 18       		.uleb128 0x18
 895 00c1 9742     		.uleb128 0x2117
 896 00c3 19       		.uleb128 0x19
 897 00c4 01       		.uleb128 0x1
 898 00c5 13       		.uleb128 0x13
 899 00c6 00       		.byte	0
 900 00c7 00       		.byte	0
 901 00c8 10       		.uleb128 0x10
 902 00c9 05       		.uleb128 0x5
 903 00ca 00       		.byte	0
 904 00cb 03       		.uleb128 0x3
 905 00cc 08       		.uleb128 0x8
 906 00cd 3A       		.uleb128 0x3a
 907 00ce 0B       		.uleb128 0xb
 908 00cf 3B       		.uleb128 0x3b
 909 00d0 0B       		.uleb128 0xb
 910 00d1 49       		.uleb128 0x49
 911 00d2 13       		.uleb128 0x13
 912 00d3 02       		.uleb128 0x2
ARM GAS  /tmp/ccqzxmgb.s 			page 17


 913 00d4 17       		.uleb128 0x17
 914 00d5 00       		.byte	0
 915 00d6 00       		.byte	0
 916 00d7 11       		.uleb128 0x11
 917 00d8 05       		.uleb128 0x5
 918 00d9 00       		.byte	0
 919 00da 03       		.uleb128 0x3
 920 00db 0E       		.uleb128 0xe
 921 00dc 3A       		.uleb128 0x3a
 922 00dd 0B       		.uleb128 0xb
 923 00de 3B       		.uleb128 0x3b
 924 00df 0B       		.uleb128 0xb
 925 00e0 49       		.uleb128 0x49
 926 00e1 13       		.uleb128 0x13
 927 00e2 02       		.uleb128 0x2
 928 00e3 17       		.uleb128 0x17
 929 00e4 00       		.byte	0
 930 00e5 00       		.byte	0
 931 00e6 12       		.uleb128 0x12
 932 00e7 34       		.uleb128 0x34
 933 00e8 00       		.byte	0
 934 00e9 03       		.uleb128 0x3
 935 00ea 08       		.uleb128 0x8
 936 00eb 3A       		.uleb128 0x3a
 937 00ec 0B       		.uleb128 0xb
 938 00ed 3B       		.uleb128 0x3b
 939 00ee 0B       		.uleb128 0xb
 940 00ef 49       		.uleb128 0x49
 941 00f0 13       		.uleb128 0x13
 942 00f1 02       		.uleb128 0x2
 943 00f2 17       		.uleb128 0x17
 944 00f3 00       		.byte	0
 945 00f4 00       		.byte	0
 946 00f5 13       		.uleb128 0x13
 947 00f6 2E       		.uleb128 0x2e
 948 00f7 01       		.byte	0x1
 949 00f8 3F       		.uleb128 0x3f
 950 00f9 19       		.uleb128 0x19
 951 00fa 03       		.uleb128 0x3
 952 00fb 0E       		.uleb128 0xe
 953 00fc 3A       		.uleb128 0x3a
 954 00fd 0B       		.uleb128 0xb
 955 00fe 3B       		.uleb128 0x3b
 956 00ff 0B       		.uleb128 0xb
 957 0100 27       		.uleb128 0x27
 958 0101 19       		.uleb128 0x19
 959 0102 11       		.uleb128 0x11
 960 0103 01       		.uleb128 0x1
 961 0104 12       		.uleb128 0x12
 962 0105 06       		.uleb128 0x6
 963 0106 40       		.uleb128 0x40
 964 0107 18       		.uleb128 0x18
 965 0108 9742     		.uleb128 0x2117
 966 010a 19       		.uleb128 0x19
 967 010b 00       		.byte	0
 968 010c 00       		.byte	0
 969 010d 14       		.uleb128 0x14
ARM GAS  /tmp/ccqzxmgb.s 			page 18


 970 010e 34       		.uleb128 0x34
 971 010f 00       		.byte	0
 972 0110 03       		.uleb128 0x3
 973 0111 08       		.uleb128 0x8
 974 0112 3A       		.uleb128 0x3a
 975 0113 0B       		.uleb128 0xb
 976 0114 3B       		.uleb128 0x3b
 977 0115 0B       		.uleb128 0xb
 978 0116 49       		.uleb128 0x49
 979 0117 13       		.uleb128 0x13
 980 0118 02       		.uleb128 0x2
 981 0119 18       		.uleb128 0x18
 982 011a 00       		.byte	0
 983 011b 00       		.byte	0
 984 011c 00       		.byte	0
 985              		.section	.debug_loc,"",%progbits
 986              	.Ldebug_loc0:
 987              	.LLST0:
 988 0000 00000000 		.4byte	.LVL0
 989 0004 30000000 		.4byte	.LVL4
 990 0008 0100     		.2byte	0x1
 991 000a 50       		.byte	0x50
 992 000b 30000000 		.4byte	.LVL4
 993 000f 40000000 		.4byte	.LFE7
 994 0013 0400     		.2byte	0x4
 995 0015 F3       		.byte	0xf3
 996 0016 01       		.uleb128 0x1
 997 0017 50       		.byte	0x50
 998 0018 9F       		.byte	0x9f
 999 0019 00000000 		.4byte	0
 1000 001d 00000000 		.4byte	0
 1001              	.LLST1:
 1002 0021 00000000 		.4byte	.LVL0
 1003 0025 14000000 		.4byte	.LVL2
 1004 0029 0100     		.2byte	0x1
 1005 002b 51       		.byte	0x51
 1006 002c 14000000 		.4byte	.LVL2
 1007 0030 40000000 		.4byte	.LFE7
 1008 0034 0400     		.2byte	0x4
 1009 0036 F3       		.byte	0xf3
 1010 0037 01       		.uleb128 0x1
 1011 0038 51       		.byte	0x51
 1012 0039 9F       		.byte	0x9f
 1013 003a 00000000 		.4byte	0
 1014 003e 00000000 		.4byte	0
 1015              	.LLST2:
 1016 0042 10000000 		.4byte	.LVL1
 1017 0046 20000000 		.4byte	.LVL3
 1018 004a 0100     		.2byte	0x1
 1019 004c 52       		.byte	0x52
 1020 004d 20000000 		.4byte	.LVL3
 1021 0051 30000000 		.4byte	.LVL4
 1022 0055 0700     		.2byte	0x7
 1023 0057 70       		.byte	0x70
 1024 0058 00       		.sleb128 0
 1025 0059 33       		.byte	0x33
 1026 005a 24       		.byte	0x24
ARM GAS  /tmp/ccqzxmgb.s 			page 19


 1027 005b 48       		.byte	0x48
 1028 005c 1A       		.byte	0x1a
 1029 005d 9F       		.byte	0x9f
 1030 005e 30000000 		.4byte	.LVL4
 1031 0062 40000000 		.4byte	.LFE7
 1032 0066 0800     		.2byte	0x8
 1033 0068 F3       		.byte	0xf3
 1034 0069 01       		.uleb128 0x1
 1035 006a 50       		.byte	0x50
 1036 006b 33       		.byte	0x33
 1037 006c 24       		.byte	0x24
 1038 006d 48       		.byte	0x48
 1039 006e 1A       		.byte	0x1a
 1040 006f 9F       		.byte	0x9f
 1041 0070 00000000 		.4byte	0
 1042 0074 00000000 		.4byte	0
 1043              	.LLST3:
 1044 0078 00000000 		.4byte	.LVL5
 1045 007c 1E000000 		.4byte	.LVL6
 1046 0080 0100     		.2byte	0x1
 1047 0082 50       		.byte	0x50
 1048 0083 1E000000 		.4byte	.LVL6
 1049 0087 38000000 		.4byte	.LFE8
 1050 008b 0400     		.2byte	0x4
 1051 008d F3       		.byte	0xf3
 1052 008e 01       		.uleb128 0x1
 1053 008f 50       		.byte	0x50
 1054 0090 9F       		.byte	0x9f
 1055 0091 00000000 		.4byte	0
 1056 0095 00000000 		.4byte	0
 1057              	.LLST4:
 1058 0099 00000000 		.4byte	.LVL5
 1059 009d 1E000000 		.4byte	.LVL6
 1060 00a1 0700     		.2byte	0x7
 1061 00a3 70       		.byte	0x70
 1062 00a4 00       		.sleb128 0
 1063 00a5 33       		.byte	0x33
 1064 00a6 24       		.byte	0x24
 1065 00a7 48       		.byte	0x48
 1066 00a8 1A       		.byte	0x1a
 1067 00a9 9F       		.byte	0x9f
 1068 00aa 1E000000 		.4byte	.LVL6
 1069 00ae 20000000 		.4byte	.LVL7
 1070 00b2 0800     		.2byte	0x8
 1071 00b4 F3       		.byte	0xf3
 1072 00b5 01       		.uleb128 0x1
 1073 00b6 50       		.byte	0x50
 1074 00b7 33       		.byte	0x33
 1075 00b8 24       		.byte	0x24
 1076 00b9 48       		.byte	0x48
 1077 00ba 1A       		.byte	0x1a
 1078 00bb 9F       		.byte	0x9f
 1079 00bc 20000000 		.4byte	.LVL7
 1080 00c0 38000000 		.4byte	.LFE8
 1081 00c4 0100     		.2byte	0x1
 1082 00c6 50       		.byte	0x50
 1083 00c7 00000000 		.4byte	0
ARM GAS  /tmp/ccqzxmgb.s 			page 20


 1084 00cb 00000000 		.4byte	0
 1085              	.LLST5:
 1086 00cf 00000000 		.4byte	.LVL8
 1087 00d3 14000000 		.4byte	.LVL11
 1088 00d7 0100     		.2byte	0x1
 1089 00d9 50       		.byte	0x50
 1090 00da 14000000 		.4byte	.LVL11
 1091 00de 28000000 		.4byte	.LFE9
 1092 00e2 0400     		.2byte	0x4
 1093 00e4 F3       		.byte	0xf3
 1094 00e5 01       		.uleb128 0x1
 1095 00e6 50       		.byte	0x50
 1096 00e7 9F       		.byte	0x9f
 1097 00e8 00000000 		.4byte	0
 1098 00ec 00000000 		.4byte	0
 1099              	.LLST6:
 1100 00f0 00000000 		.4byte	.LVL8
 1101 00f4 12000000 		.4byte	.LVL10
 1102 00f8 0100     		.2byte	0x1
 1103 00fa 51       		.byte	0x51
 1104 00fb 12000000 		.4byte	.LVL10
 1105 00ff 28000000 		.4byte	.LFE9
 1106 0103 0400     		.2byte	0x4
 1107 0105 F3       		.byte	0xf3
 1108 0106 01       		.uleb128 0x1
 1109 0107 51       		.byte	0x51
 1110 0108 9F       		.byte	0x9f
 1111 0109 00000000 		.4byte	0
 1112 010d 00000000 		.4byte	0
 1113              		.section	.debug_aranges,"",%progbits
 1114 0000 2C000000 		.4byte	0x2c
 1115 0004 0200     		.2byte	0x2
 1116 0006 00000000 		.4byte	.Ldebug_info0
 1117 000a 04       		.byte	0x4
 1118 000b 00       		.byte	0
 1119 000c 0000     		.2byte	0
 1120 000e 0000     		.2byte	0
 1121 0010 00000000 		.4byte	.LFB7
 1122 0014 40000000 		.4byte	.LFE7-.LFB7
 1123 0018 00000000 		.4byte	.LFB8
 1124 001c 38000000 		.4byte	.LFE8-.LFB8
 1125 0020 00000000 		.4byte	.LFB9
 1126 0024 28000000 		.4byte	.LFE9-.LFB9
 1127 0028 00000000 		.4byte	0
 1128 002c 00000000 		.4byte	0
 1129              		.section	.debug_ranges,"",%progbits
 1130              	.Ldebug_ranges0:
 1131 0000 00000000 		.4byte	.LFB7
 1132 0004 40000000 		.4byte	.LFE7
 1133 0008 00000000 		.4byte	.LFB8
 1134 000c 38000000 		.4byte	.LFE8
 1135 0010 00000000 		.4byte	.LFB9
 1136 0014 28000000 		.4byte	.LFE9
 1137 0018 00000000 		.4byte	0
 1138 001c 00000000 		.4byte	0
 1139              		.section	.debug_line,"",%progbits
 1140              	.Ldebug_line0:
ARM GAS  /tmp/ccqzxmgb.s 			page 21


 1141 0000 57010000 		.section	.debug_str,"MS",%progbits,1
 1141      02000701 
 1141      00000201 
 1141      FB0E0D00 
 1141      01010101 
 1142              	.LASF44:
 1143 0000 7072696F 		.ascii	"prio\000"
 1143      00
 1144              	.LASF20:
 1145 0005 49435052 		.ascii	"ICPR\000"
 1145      00
 1146              	.LASF40:
 1147 000a 4D4D4652 		.ascii	"MMFR\000"
 1147      00
 1148              	.LASF49:
 1149 000f 2E2E2F2E 		.ascii	"../../os/ports/common/ARMCMx/nvic.c\000"
 1149      2E2F6F73 
 1149      2F706F72 
 1149      74732F63 
 1149      6F6D6D6F 
 1150              	.LASF46:
 1151 0033 6E766963 		.ascii	"nvicDisableVector\000"
 1151      44697361 
 1151      626C6556 
 1151      6563746F 
 1151      7200
 1152              	.LASF27:
 1153 0045 434D785F 		.ascii	"CMx_NVIC\000"
 1153      4E564943 
 1153      00
 1154              	.LASF30:
 1155 004e 56544F52 		.ascii	"VTOR\000"
 1155      00
 1156              	.LASF5:
 1157 0053 73686F72 		.ascii	"short int\000"
 1157      7420696E 
 1157      7400
 1158              	.LASF12:
 1159 005d 5F426F6F 		.ascii	"_Bool\000"
 1159      6C00
 1160              	.LASF16:
 1161 0063 49434552 		.ascii	"ICER\000"
 1161      00
 1162              	.LASF13:
 1163 0068 494F5245 		.ascii	"IOREG32\000"
 1163      47333200 
 1164              	.LASF4:
 1165 0070 756E7369 		.ascii	"unsigned char\000"
 1165      676E6564 
 1165      20636861 
 1165      7200
 1166              	.LASF15:
 1167 007e 756E7573 		.ascii	"unused1\000"
 1167      65643100 
 1168              	.LASF17:
 1169 0086 756E7573 		.ascii	"unused2\000"
 1169      65643200 
ARM GAS  /tmp/ccqzxmgb.s 			page 22


 1170              	.LASF19:
 1171 008e 756E7573 		.ascii	"unused3\000"
 1171      65643300 
 1172              	.LASF21:
 1173 0096 756E7573 		.ascii	"unused4\000"
 1173      65643400 
 1174              	.LASF23:
 1175 009e 756E7573 		.ascii	"unused5\000"
 1175      65643500 
 1176              	.LASF24:
 1177 00a6 756E7573 		.ascii	"unused6\000"
 1177      65643600 
 1178              	.LASF6:
 1179 00ae 73686F72 		.ascii	"short unsigned int\000"
 1179      7420756E 
 1179      7369676E 
 1179      65642069 
 1179      6E7400
 1180              	.LASF34:
 1181 00c1 43465352 		.ascii	"CFSR\000"
 1181      00
 1182              	.LASF50:
 1183 00c6 2F686F6D 		.ascii	"/home/lithium/Documentos/ChibiOS_2.6.8/demos/BikeTr"
 1183      652F6C69 
 1183      74686975 
 1183      6D2F446F 
 1183      63756D65 
 1184 00f9 61636B65 		.ascii	"acker\000"
 1184      7200
 1185              	.LASF35:
 1186 00ff 48465352 		.ascii	"HFSR\000"
 1186      00
 1187              	.LASF8:
 1188 0104 6C6F6E67 		.ascii	"long unsigned int\000"
 1188      20756E73 
 1188      69676E65 
 1188      6420696E 
 1188      7400
 1189              	.LASF41:
 1190 0116 43504143 		.ascii	"CPACR\000"
 1190      5200
 1191              	.LASF25:
 1192 011c 53544952 		.ascii	"STIR\000"
 1192      00
 1193              	.LASF10:
 1194 0121 5F5F7569 		.ascii	"__uint32_t\000"
 1194      6E743332 
 1194      5F7400
 1195              	.LASF48:
 1196 012c 474E5520 		.ascii	"GNU C11 5.3.1 20160307 (release) [ARM/embedded-5-br"
 1196      43313120 
 1196      352E332E 
 1196      31203230 
 1196      31363033 
 1197 015f 616E6368 		.ascii	"anch revision 234589] -mcpu=cortex-m0 -mno-thumb-in"
 1197      20726576 
 1197      6973696F 
ARM GAS  /tmp/ccqzxmgb.s 			page 23


 1197      6E203233 
 1197      34353839 
 1198 0192 74657277 		.ascii	"terwork -mthumb -ggdb -O2 -fomit-frame-pointer -fal"
 1198      6F726B20 
 1198      2D6D7468 
 1198      756D6220 
 1198      2D676764 
 1199 01c5 69676E2D 		.ascii	"ign-functions=16 -ffunction-sections -fdata-section"
 1199      66756E63 
 1199      74696F6E 
 1199      733D3136 
 1199      202D6666 
 1200 01f8 73202D66 		.ascii	"s -fno-common\000"
 1200      6E6F2D63 
 1200      6F6D6D6F 
 1200      6E00
 1201              	.LASF0:
 1202 0206 756E7369 		.ascii	"unsigned int\000"
 1202      676E6564 
 1202      20696E74 
 1202      00
 1203              	.LASF18:
 1204 0213 49535052 		.ascii	"ISPR\000"
 1204      00
 1205              	.LASF36:
 1206 0218 44465352 		.ascii	"DFSR\000"
 1206      00
 1207              	.LASF9:
 1208 021d 6C6F6E67 		.ascii	"long long unsigned int\000"
 1208      206C6F6E 
 1208      6720756E 
 1208      7369676E 
 1208      65642069 
 1209              	.LASF29:
 1210 0234 49435352 		.ascii	"ICSR\000"
 1210      00
 1211              	.LASF42:
 1212 0239 434D785F 		.ascii	"CMx_SCB\000"
 1212      53434200 
 1213              	.LASF31:
 1214 0241 41495243 		.ascii	"AIRCR\000"
 1214      5200
 1215              	.LASF38:
 1216 0247 42464152 		.ascii	"BFAR\000"
 1216      00
 1217              	.LASF47:
 1218 024c 68616E64 		.ascii	"handler\000"
 1218      6C657200 
 1219              	.LASF26:
 1220 0254 73697A65 		.ascii	"sizetype\000"
 1220      74797065 
 1220      00
 1221              	.LASF1:
 1222 025d 6C6F6E67 		.ascii	"long long int\000"
 1222      206C6F6E 
 1222      6720696E 
 1222      7400
ARM GAS  /tmp/ccqzxmgb.s 			page 24


 1223              	.LASF28:
 1224 026b 43505549 		.ascii	"CPUID\000"
 1224      4400
 1225              	.LASF43:
 1226 0271 63686172 		.ascii	"char\000"
 1226      00
 1227              	.LASF14:
 1228 0276 49534552 		.ascii	"ISER\000"
 1228      00
 1229              	.LASF39:
 1230 027b 41465352 		.ascii	"AFSR\000"
 1230      00
 1231              	.LASF37:
 1232 0280 4D4D4641 		.ascii	"MMFAR\000"
 1232      5200
 1233              	.LASF33:
 1234 0286 53484353 		.ascii	"SHCSR\000"
 1234      5200
 1235              	.LASF11:
 1236 028c 75696E74 		.ascii	"uint32_t\000"
 1236      33325F74 
 1236      00
 1237              	.LASF7:
 1238 0295 6C6F6E67 		.ascii	"long int\000"
 1238      20696E74 
 1238      00
 1239              	.LASF32:
 1240 029e 53485052 		.ascii	"SHPR\000"
 1240      00
 1241              	.LASF2:
 1242 02a3 6C6F6E67 		.ascii	"long double\000"
 1242      20646F75 
 1242      626C6500 
 1243              	.LASF3:
 1244 02af 7369676E 		.ascii	"signed char\000"
 1244      65642063 
 1244      68617200 
 1245              	.LASF51:
 1246 02bb 6E766963 		.ascii	"nvicSetSystemHandlerPriority\000"
 1246      53657453 
 1246      79737465 
 1246      6D48616E 
 1246      646C6572 
 1247              	.LASF22:
 1248 02d8 49414252 		.ascii	"IABR\000"
 1248      00
 1249              	.LASF45:
 1250 02dd 6E766963 		.ascii	"nvicEnableVector\000"
 1250      456E6162 
 1250      6C655665 
 1250      63746F72 
 1250      00
 1251              		.ident	"GCC: (GNU Tools for ARM Embedded Processors) 5.3.1 20160307 (release) [ARM/embedded-5-bran
ARM GAS  /tmp/ccqzxmgb.s 			page 25


DEFINED SYMBOLS
                            *ABS*:00000000 nvic.c
     /tmp/ccqzxmgb.s:20     .text.nvicEnableVector:00000000 $t
     /tmp/ccqzxmgb.s:26     .text.nvicEnableVector:00000000 nvicEnableVector
     /tmp/ccqzxmgb.s:88     .text.nvicEnableVector:0000003c $d
     /tmp/ccqzxmgb.s:93     .text.nvicDisableVector:00000000 $t
     /tmp/ccqzxmgb.s:99     .text.nvicDisableVector:00000000 nvicDisableVector
     /tmp/ccqzxmgb.s:147    .text.nvicDisableVector:00000034 $d
     /tmp/ccqzxmgb.s:152    .text.nvicSetSystemHandlerPriority:00000000 $t
     /tmp/ccqzxmgb.s:158    .text.nvicSetSystemHandlerPriority:00000000 nvicSetSystemHandlerPriority
     /tmp/ccqzxmgb.s:202    .text.nvicSetSystemHandlerPriority:00000024 $d
                     .debug_frame:00000010 $d

NO UNDEFINED SYMBOLS
