ARM GAS  /tmp/ccc3ZbzT.s 			page 1


   1              		.syntax unified
   2              		.cpu cortex-m0
   3              		.fpu softvfp
   4              		.eabi_attribute 20, 1
   5              		.eabi_attribute 21, 1
   6              		.eabi_attribute 23, 3
   7              		.eabi_attribute 24, 1
   8              		.eabi_attribute 25, 1
   9              		.eabi_attribute 26, 1
  10              		.eabi_attribute 30, 2
  11              		.eabi_attribute 34, 0
  12              		.eabi_attribute 18, 4
  13              		.thumb
  14              		.syntax unified
  15              		.file	"pal_lld.c"
  16              		.text
  17              	.Ltext0:
  18              		.cfi_sections	.debug_frame
  19              		.section	.text._pal_lld_init,"ax",%progbits
  20              		.align	2
  21              		.p2align 4,,15
  22              		.global	_pal_lld_init
  23              		.code	16
  24              		.thumb_func
  25              		.type	_pal_lld_init, %function
  26              	_pal_lld_init:
  27              	.LFB41:
  28              		.file 1 "../../os/hal/platforms/STM32/GPIOv2/pal_lld.c"
  29              		.loc 1 119 0
  30              		.cfi_startproc
  31              		@ args = 0, pretend = 0, frame = 0
  32              		@ frame_needed = 0, uses_anonymous_args = 0
  33              		@ link register save eliminated.
  34              	.LVL0:
  35              		.loc 1 128 0
  36 0000 BC21     		movs	r1, #188
  37 0002 214A     		ldr	r2, .L2
  38 0004 C903     		lsls	r1, r1, #15
  39 0006 5369     		ldr	r3, [r2, #20]
  40              		.loc 1 166 0
  41              		@ sp needed
  42              		.loc 1 128 0
  43 0008 0B43     		orrs	r3, r1
  44 000a 5361     		str	r3, [r2, #20]
  45              	.LVL1:
  46              	.LBB10:
  47              	.LBB11:
  48              		.loc 1 94 0
  49 000c 9023     		movs	r3, #144
  50 000e 4268     		ldr	r2, [r0, #4]
  51 0010 DB05     		lsls	r3, r3, #23
  52 0012 5A60     		str	r2, [r3, #4]
  53              		.loc 1 95 0
  54 0014 8268     		ldr	r2, [r0, #8]
  55 0016 9A60     		str	r2, [r3, #8]
  56              		.loc 1 96 0
  57 0018 C268     		ldr	r2, [r0, #12]
ARM GAS  /tmp/ccc3ZbzT.s 			page 2


  58 001a DA60     		str	r2, [r3, #12]
  59              		.loc 1 97 0
  60 001c 0269     		ldr	r2, [r0, #16]
  61 001e 5A61     		str	r2, [r3, #20]
  62              		.loc 1 98 0
  63 0020 4269     		ldr	r2, [r0, #20]
  64 0022 1A62     		str	r2, [r3, #32]
  65              		.loc 1 99 0
  66 0024 8269     		ldr	r2, [r0, #24]
  67 0026 5A62     		str	r2, [r3, #36]
  68              		.loc 1 100 0
  69 0028 0268     		ldr	r2, [r0]
  70 002a 1A60     		str	r2, [r3]
  71              	.LVL2:
  72              	.LBE11:
  73              	.LBE10:
  74              	.LBB12:
  75              	.LBB13:
  76              		.loc 1 94 0
  77 002c 026A     		ldr	r2, [r0, #32]
  78 002e 174B     		ldr	r3, .L2+4
  79 0030 5A60     		str	r2, [r3, #4]
  80              		.loc 1 95 0
  81 0032 426A     		ldr	r2, [r0, #36]
  82 0034 9A60     		str	r2, [r3, #8]
  83              		.loc 1 96 0
  84 0036 826A     		ldr	r2, [r0, #40]
  85 0038 DA60     		str	r2, [r3, #12]
  86              		.loc 1 97 0
  87 003a C26A     		ldr	r2, [r0, #44]
  88 003c 5A61     		str	r2, [r3, #20]
  89              		.loc 1 98 0
  90 003e 026B     		ldr	r2, [r0, #48]
  91 0040 1A62     		str	r2, [r3, #32]
  92              		.loc 1 99 0
  93 0042 426B     		ldr	r2, [r0, #52]
  94 0044 5A62     		str	r2, [r3, #36]
  95              		.loc 1 100 0
  96 0046 C269     		ldr	r2, [r0, #28]
  97 0048 1A60     		str	r2, [r3]
  98              	.LVL3:
  99              	.LBE13:
 100              	.LBE12:
 101              	.LBB14:
 102              	.LBB15:
 103              		.loc 1 94 0
 104 004a C26B     		ldr	r2, [r0, #60]
 105 004c 104B     		ldr	r3, .L2+8
 106 004e 5A60     		str	r2, [r3, #4]
 107              		.loc 1 95 0
 108 0050 026C     		ldr	r2, [r0, #64]
 109 0052 9A60     		str	r2, [r3, #8]
 110              		.loc 1 96 0
 111 0054 426C     		ldr	r2, [r0, #68]
 112 0056 DA60     		str	r2, [r3, #12]
 113              		.loc 1 97 0
 114 0058 826C     		ldr	r2, [r0, #72]
ARM GAS  /tmp/ccc3ZbzT.s 			page 3


 115 005a 5A61     		str	r2, [r3, #20]
 116              		.loc 1 98 0
 117 005c C26C     		ldr	r2, [r0, #76]
 118 005e 1A62     		str	r2, [r3, #32]
 119              		.loc 1 99 0
 120 0060 026D     		ldr	r2, [r0, #80]
 121 0062 5A62     		str	r2, [r3, #36]
 122              		.loc 1 100 0
 123 0064 826B     		ldr	r2, [r0, #56]
 124 0066 1A60     		str	r2, [r3]
 125              	.LVL4:
 126              	.LBE15:
 127              	.LBE14:
 128              	.LBB16:
 129              	.LBB17:
 130              		.loc 1 94 0
 131 0068 826D     		ldr	r2, [r0, #88]
 132 006a 0A4B     		ldr	r3, .L2+12
 133 006c 5A60     		str	r2, [r3, #4]
 134              		.loc 1 95 0
 135 006e C26D     		ldr	r2, [r0, #92]
 136 0070 9A60     		str	r2, [r3, #8]
 137              		.loc 1 96 0
 138 0072 026E     		ldr	r2, [r0, #96]
 139 0074 DA60     		str	r2, [r3, #12]
 140              		.loc 1 97 0
 141 0076 426E     		ldr	r2, [r0, #100]
 142 0078 5A61     		str	r2, [r3, #20]
 143              		.loc 1 98 0
 144 007a 826E     		ldr	r2, [r0, #104]
 145 007c 1A62     		str	r2, [r3, #32]
 146              		.loc 1 99 0
 147 007e C26E     		ldr	r2, [r0, #108]
 148 0080 5A62     		str	r2, [r3, #36]
 149              		.loc 1 100 0
 150 0082 426D     		ldr	r2, [r0, #84]
 151 0084 1A60     		str	r2, [r3]
 152              	.LVL5:
 153              	.LBE17:
 154              	.LBE16:
 155              		.loc 1 166 0
 156 0086 7047     		bx	lr
 157              	.L3:
 158              		.align	2
 159              	.L2:
 160 0088 00100240 		.word	1073876992
 161 008c 00040048 		.word	1207960576
 162 0090 00080048 		.word	1207961600
 163 0094 00140048 		.word	1207964672
 164              		.cfi_endproc
 165              	.LFE41:
 166              		.size	_pal_lld_init, .-_pal_lld_init
 167              		.section	.text._pal_lld_setgroupmode,"ax",%progbits
 168              		.align	2
 169              		.p2align 4,,15
 170              		.global	_pal_lld_setgroupmode
 171              		.code	16
ARM GAS  /tmp/ccc3ZbzT.s 			page 4


 172              		.thumb_func
 173              		.type	_pal_lld_setgroupmode, %function
 174              	_pal_lld_setgroupmode:
 175              	.LFB42:
 176              		.loc 1 184 0
 177              		.cfi_startproc
 178              		@ args = 0, pretend = 0, frame = 8
 179              		@ frame_needed = 0, uses_anonymous_args = 0
 180              	.LVL6:
 181 0000 F0B5     		push	{r4, r5, r6, r7, lr}
 182              		.cfi_def_cfa_offset 20
 183              		.cfi_offset 4, -20
 184              		.cfi_offset 5, -16
 185              		.cfi_offset 6, -12
 186              		.cfi_offset 7, -8
 187              		.cfi_offset 14, -4
 188              		.loc 1 186 0
 189 0002 0323     		movs	r3, #3
 190              		.loc 1 184 0
 191 0004 5F46     		mov	r7, fp
 192 0006 4D46     		mov	r5, r9
 193 0008 4446     		mov	r4, r8
 194 000a 5646     		mov	r6, r10
 195 000c F0B4     		push	{r4, r5, r6, r7}
 196              		.cfi_def_cfa_offset 36
 197              		.cfi_offset 8, -36
 198              		.cfi_offset 9, -32
 199              		.cfi_offset 10, -28
 200              		.cfi_offset 11, -24
 201              		.loc 1 186 0
 202 000e 1C00     		movs	r4, r3
 203              		.loc 1 187 0
 204 0010 5707     		lsls	r7, r2, #29
 205              		.loc 1 186 0
 206 0012 1440     		ands	r4, r2
 207              		.loc 1 188 0
 208 0014 D608     		lsrs	r6, r2, #3
 209              		.loc 1 189 0
 210 0016 5509     		lsrs	r5, r2, #5
 211              		.loc 1 190 0
 212 0018 5205     		lsls	r2, r2, #21
 213              	.LVL7:
 214              		.loc 1 188 0
 215 001a 1E40     		ands	r6, r3
 216              		.loc 1 189 0
 217 001c 1D40     		ands	r5, r3
 218              		.loc 1 190 0
 219 001e 130F     		lsrs	r3, r2, #28
 220 0020 9946     		mov	r9, r3
 221              		.loc 1 193 0
 222 0022 0123     		movs	r3, #1
 223              		.loc 1 186 0
 224 0024 A446     		mov	ip, r4
 225              	.LVL8:
 226              		.loc 1 193 0
 227 0026 9846     		mov	r8, r3
 228              	.LBB18:
ARM GAS  /tmp/ccc3ZbzT.s 			page 5


 229              		.loc 1 196 0
 230 0028 0633     		adds	r3, r3, #6
 231 002a 9B46     		mov	fp, r3
 232              		.loc 1 205 0
 233 002c 6346     		mov	r3, ip
 234              	.LBE18:
 235              		.loc 1 184 0
 236 002e 83B0     		sub	sp, sp, #12
 237              		.cfi_def_cfa_offset 48
 238              		.loc 1 187 0
 239 0030 FF0F     		lsrs	r7, r7, #31
 240              	.LVL9:
 241              		.loc 1 191 0
 242 0032 0024     		movs	r4, #0
 243              	.LVL10:
 244              	.LBB19:
 245              		.loc 1 205 0
 246 0034 0193     		str	r3, [sp, #4]
 247 0036 26E0     		b	.L9
 248              	.LVL11:
 249              	.L14:
 250              		.loc 1 199 0
 251 0038 036A     		ldr	r3, [r0, #32]
 252 003a 9343     		bics	r3, r2
 253 003c 6246     		mov	r2, ip
 254 003e 1343     		orrs	r3, r2
 255 0040 0362     		str	r3, [r0, #32]
 256              	.LVL12:
 257              	.L7:
 258              		.loc 1 203 0
 259 0042 4246     		mov	r2, r8
 260              	.LVL13:
 261 0044 A240     		lsls	r2, r2, r4
 262 0046 4368     		ldr	r3, [r0, #4]
 263 0048 9343     		bics	r3, r2
 264              		.loc 1 205 0
 265 004a 0322     		movs	r2, #3
 266              		.loc 1 203 0
 267 004c 3B43     		orrs	r3, r7
 268 004e 4360     		str	r3, [r0, #4]
 269              	.LVL14:
 270              		.loc 1 205 0
 271 0050 8368     		ldr	r3, [r0, #8]
 272 0052 9C46     		mov	ip, r3
 273              	.LVL15:
 274 0054 6300     		lsls	r3, r4, #1
 275 0056 9A40     		lsls	r2, r2, r3
 276              	.LVL16:
 277 0058 D343     		mvns	r3, r2
 278 005a 6246     		mov	r2, ip
 279              	.LVL17:
 280 005c 1A40     		ands	r2, r3
 281 005e 3243     		orrs	r2, r6
 282 0060 8260     		str	r2, [r0, #8]
 283              		.loc 1 206 0
 284 0062 C268     		ldr	r2, [r0, #12]
 285 0064 1A40     		ands	r2, r3
ARM GAS  /tmp/ccc3ZbzT.s 			page 6


 286 0066 2A43     		orrs	r2, r5
 287 0068 C260     		str	r2, [r0, #12]
 288              		.loc 1 207 0
 289 006a 0268     		ldr	r2, [r0]
 290 006c 1340     		ands	r3, r2
 291              	.LVL18:
 292 006e 019A     		ldr	r2, [sp, #4]
 293 0070 1343     		orrs	r3, r2
 294 0072 0360     		str	r3, [r0]
 295              	.LVL19:
 296              	.L5:
 297              	.LBE19:
 298              		.loc 1 209 0
 299 0074 4908     		lsrs	r1, r1, #1
 300              	.LVL20:
 301              		.loc 1 210 0
 302 0076 19D0     		beq	.L4
 303              		.loc 1 215 0
 304 0078 019B     		ldr	r3, [sp, #4]
 305              		.loc 1 212 0
 306 007a 7F00     		lsls	r7, r7, #1
 307              	.LVL21:
 308              		.loc 1 215 0
 309 007c 9B00     		lsls	r3, r3, #2
 310              		.loc 1 213 0
 311 007e B600     		lsls	r6, r6, #2
 312              	.LVL22:
 313              		.loc 1 214 0
 314 0080 AD00     		lsls	r5, r5, #2
 315              	.LVL23:
 316              		.loc 1 215 0
 317 0082 0193     		str	r3, [sp, #4]
 318              	.LVL24:
 319              		.loc 1 216 0
 320 0084 0134     		adds	r4, r4, #1
 321              	.LVL25:
 322              	.L9:
 323              		.loc 1 193 0
 324 0086 4346     		mov	r3, r8
 325 0088 0B42     		tst	r3, r1
 326 008a F3D0     		beq	.L5
 327              	.LBB20:
 328              		.loc 1 196 0
 329 008c 5B46     		mov	r3, fp
 330 008e 4A46     		mov	r2, r9
 331 0090 2340     		ands	r3, r4
 332 0092 9B00     		lsls	r3, r3, #2
 333 0094 9A40     		lsls	r2, r2, r3
 334 0096 9446     		mov	ip, r2
 335              	.LVL26:
 336              		.loc 1 197 0
 337 0098 0F22     		movs	r2, #15
 338              	.LVL27:
 339 009a 9A40     		lsls	r2, r2, r3
 340              	.LVL28:
 341              		.loc 1 198 0
 342 009c 072C     		cmp	r4, #7
ARM GAS  /tmp/ccc3ZbzT.s 			page 7


 343 009e CBD9     		bls	.L14
 344              		.loc 1 201 0
 345 00a0 436A     		ldr	r3, [r0, #36]
 346 00a2 9343     		bics	r3, r2
 347 00a4 6246     		mov	r2, ip
 348              	.LVL29:
 349 00a6 1343     		orrs	r3, r2
 350 00a8 4362     		str	r3, [r0, #36]
 351 00aa CAE7     		b	.L7
 352              	.LVL30:
 353              	.L4:
 354              	.LBE20:
 355              		.loc 1 218 0
 356 00ac 03B0     		add	sp, sp, #12
 357              		@ sp needed
 358              	.LVL31:
 359              	.LVL32:
 360              	.LVL33:
 361              	.LVL34:
 362              	.LVL35:
 363 00ae 3CBC     		pop	{r2, r3, r4, r5}
 364 00b0 9046     		mov	r8, r2
 365 00b2 9946     		mov	r9, r3
 366 00b4 A246     		mov	r10, r4
 367 00b6 AB46     		mov	fp, r5
 368 00b8 F0BD     		pop	{r4, r5, r6, r7, pc}
 369              		.cfi_endproc
 370              	.LFE42:
 371              		.size	_pal_lld_setgroupmode, .-_pal_lld_setgroupmode
 372 00ba C046     		.text
 373              	.Letext0:
 374              		.file 2 "/home/lithium/Descargas/gcc-arm-none-eabi-5_3-2016q1/arm-none-eabi/include/machine/_defau
 375              		.file 3 "/home/lithium/Descargas/gcc-arm-none-eabi-5_3-2016q1/arm-none-eabi/include/sys/_stdint.h"
 376              		.file 4 "../../os/hal/platforms/STM32F0xx/stm32f0xx.h"
 377              		.file 5 "../../os/hal/platforms/STM32/GPIOv2/pal_lld.h"
 378              		.section	.debug_info,"",%progbits
 379              	.Ldebug_info0:
 380 0000 E6040000 		.4byte	0x4e6
 381 0004 0400     		.2byte	0x4
 382 0006 00000000 		.4byte	.Ldebug_abbrev0
 383 000a 04       		.byte	0x4
 384 000b 01       		.uleb128 0x1
 385 000c 6B020000 		.4byte	.LASF60
 386 0010 0C       		.byte	0xc
 387 0011 4A030000 		.4byte	.LASF61
 388 0015 1E020000 		.4byte	.LASF62
 389 0019 20000000 		.4byte	.Ldebug_ranges0+0x20
 390 001d 00000000 		.4byte	0
 391 0021 00000000 		.4byte	.Ldebug_line0
 392 0025 02       		.uleb128 0x2
 393 0026 04       		.byte	0x4
 394 0027 05       		.byte	0x5
 395 0028 696E7400 		.ascii	"int\000"
 396 002c 03       		.uleb128 0x3
 397 002d 04       		.byte	0x4
 398 002e 07       		.byte	0x7
 399 002f 71010000 		.4byte	.LASF0
ARM GAS  /tmp/ccc3ZbzT.s 			page 8


 400 0033 03       		.uleb128 0x3
 401 0034 08       		.byte	0x8
 402 0035 05       		.byte	0x5
 403 0036 C6000000 		.4byte	.LASF1
 404 003a 03       		.uleb128 0x3
 405 003b 08       		.byte	0x8
 406 003c 04       		.byte	0x4
 407 003d 23010000 		.4byte	.LASF2
 408 0041 03       		.uleb128 0x3
 409 0042 01       		.byte	0x1
 410 0043 06       		.byte	0x6
 411 0044 45010000 		.4byte	.LASF3
 412 0048 03       		.uleb128 0x3
 413 0049 01       		.byte	0x1
 414 004a 08       		.byte	0x8
 415 004b 2F010000 		.4byte	.LASF4
 416 004f 03       		.uleb128 0x3
 417 0050 02       		.byte	0x2
 418 0051 05       		.byte	0x5
 419 0052 5B000000 		.4byte	.LASF5
 420 0056 04       		.uleb128 0x4
 421 0057 92000000 		.4byte	.LASF8
 422 005b 02       		.byte	0x2
 423 005c 2B       		.byte	0x2b
 424 005d 61000000 		.4byte	0x61
 425 0061 03       		.uleb128 0x3
 426 0062 02       		.byte	0x2
 427 0063 07       		.byte	0x7
 428 0064 9D010000 		.4byte	.LASF6
 429 0068 03       		.uleb128 0x3
 430 0069 04       		.byte	0x4
 431 006a 05       		.byte	0x5
 432 006b E2000000 		.4byte	.LASF7
 433 006f 04       		.uleb128 0x4
 434 0070 82000000 		.4byte	.LASF9
 435 0074 02       		.byte	0x2
 436 0075 41       		.byte	0x41
 437 0076 7A000000 		.4byte	0x7a
 438 007a 03       		.uleb128 0x3
 439 007b 04       		.byte	0x4
 440 007c 07       		.byte	0x7
 441 007d F4010000 		.4byte	.LASF10
 442 0081 03       		.uleb128 0x3
 443 0082 08       		.byte	0x8
 444 0083 07       		.byte	0x7
 445 0084 51010000 		.4byte	.LASF11
 446 0088 04       		.uleb128 0x4
 447 0089 C2010000 		.4byte	.LASF12
 448 008d 03       		.byte	0x3
 449 008e 1A       		.byte	0x1a
 450 008f 56000000 		.4byte	0x56
 451 0093 04       		.uleb128 0x4
 452 0094 68010000 		.4byte	.LASF13
 453 0098 03       		.byte	0x3
 454 0099 20       		.byte	0x20
 455 009a 6F000000 		.4byte	0x6f
 456 009e 03       		.uleb128 0x3
ARM GAS  /tmp/ccc3ZbzT.s 			page 9


 457 009f 01       		.byte	0x1
 458 00a0 02       		.byte	0x2
 459 00a1 DC010000 		.4byte	.LASF14
 460 00a5 05       		.uleb128 0x5
 461 00a6 93000000 		.4byte	0x93
 462 00aa 03       		.uleb128 0x3
 463 00ab 04       		.byte	0x4
 464 00ac 07       		.byte	0x7
 465 00ad 6E000000 		.4byte	.LASF15
 466 00b1 03       		.uleb128 0x3
 467 00b2 01       		.byte	0x1
 468 00b3 08       		.byte	0x8
 469 00b4 BD010000 		.4byte	.LASF16
 470 00b8 06       		.uleb128 0x6
 471 00b9 38       		.byte	0x38
 472 00ba 04       		.byte	0x4
 473 00bb 1702     		.2byte	0x217
 474 00bd 77010000 		.4byte	0x177
 475 00c1 07       		.uleb128 0x7
 476 00c2 435200   		.ascii	"CR\000"
 477 00c5 04       		.byte	0x4
 478 00c6 1902     		.2byte	0x219
 479 00c8 A5000000 		.4byte	0xa5
 480 00cc 00       		.byte	0
 481 00cd 08       		.uleb128 0x8
 482 00ce A4000000 		.4byte	.LASF17
 483 00d2 04       		.byte	0x4
 484 00d3 1A02     		.2byte	0x21a
 485 00d5 A5000000 		.4byte	0xa5
 486 00d9 04       		.byte	0x4
 487 00da 07       		.uleb128 0x7
 488 00db 43495200 		.ascii	"CIR\000"
 489 00df 04       		.byte	0x4
 490 00e0 1B02     		.2byte	0x21b
 491 00e2 A5000000 		.4byte	0xa5
 492 00e6 08       		.byte	0x8
 493 00e7 08       		.uleb128 0x8
 494 00e8 09010000 		.4byte	.LASF18
 495 00ec 04       		.byte	0x4
 496 00ed 1C02     		.2byte	0x21c
 497 00ef A5000000 		.4byte	0xa5
 498 00f3 0C       		.byte	0xc
 499 00f4 08       		.uleb128 0x8
 500 00f5 2A000000 		.4byte	.LASF19
 501 00f9 04       		.byte	0x4
 502 00fa 1D02     		.2byte	0x21d
 503 00fc A5000000 		.4byte	0xa5
 504 0100 10       		.byte	0x10
 505 0101 08       		.uleb128 0x8
 506 0102 FC000000 		.4byte	.LASF20
 507 0106 04       		.byte	0x4
 508 0107 1E02     		.2byte	0x21e
 509 0109 A5000000 		.4byte	0xa5
 510 010d 14       		.byte	0x14
 511 010e 08       		.uleb128 0x8
 512 010f 3D010000 		.4byte	.LASF21
 513 0113 04       		.byte	0x4
ARM GAS  /tmp/ccc3ZbzT.s 			page 10


 514 0114 1F02     		.2byte	0x21f
 515 0116 A5000000 		.4byte	0xa5
 516 011a 18       		.byte	0x18
 517 011b 08       		.uleb128 0x8
 518 011c B0000000 		.4byte	.LASF22
 519 0120 04       		.byte	0x4
 520 0121 2002     		.2byte	0x220
 521 0123 A5000000 		.4byte	0xa5
 522 0127 1C       		.byte	0x1c
 523 0128 08       		.uleb128 0x8
 524 0129 77000000 		.4byte	.LASF23
 525 012d 04       		.byte	0x4
 526 012e 2102     		.2byte	0x221
 527 0130 A5000000 		.4byte	0xa5
 528 0134 20       		.byte	0x20
 529 0135 07       		.uleb128 0x7
 530 0136 43535200 		.ascii	"CSR\000"
 531 013a 04       		.byte	0x4
 532 013b 2202     		.2byte	0x222
 533 013d A5000000 		.4byte	0xa5
 534 0141 24       		.byte	0x24
 535 0142 08       		.uleb128 0x8
 536 0143 16020000 		.4byte	.LASF24
 537 0147 04       		.byte	0x4
 538 0148 2302     		.2byte	0x223
 539 014a A5000000 		.4byte	0xa5
 540 014e 28       		.byte	0x28
 541 014f 08       		.uleb128 0x8
 542 0150 7E010000 		.4byte	.LASF25
 543 0154 04       		.byte	0x4
 544 0155 2402     		.2byte	0x224
 545 0157 A5000000 		.4byte	0xa5
 546 015b 2C       		.byte	0x2c
 547 015c 08       		.uleb128 0x8
 548 015d 84010000 		.4byte	.LASF26
 549 0161 04       		.byte	0x4
 550 0162 2502     		.2byte	0x225
 551 0164 A5000000 		.4byte	0xa5
 552 0168 30       		.byte	0x30
 553 0169 07       		.uleb128 0x7
 554 016a 43523200 		.ascii	"CR2\000"
 555 016e 04       		.byte	0x4
 556 016f 2602     		.2byte	0x226
 557 0171 A5000000 		.4byte	0xa5
 558 0175 34       		.byte	0x34
 559 0176 00       		.byte	0
 560 0177 09       		.uleb128 0x9
 561 0178 EB000000 		.4byte	.LASF27
 562 017c 04       		.byte	0x4
 563 017d 2702     		.2byte	0x227
 564 017f B8000000 		.4byte	0xb8
 565 0183 0A       		.uleb128 0xa
 566 0184 04       		.byte	0x4
 567 0185 05       		.byte	0x5
 568 0186 96       		.byte	0x96
 569 0187 A4010000 		.4byte	0x1a4
 570 018b 0B       		.uleb128 0xb
ARM GAS  /tmp/ccc3ZbzT.s 			page 11


 571 018c 73657400 		.ascii	"set\000"
 572 0190 05       		.byte	0x5
 573 0191 97       		.byte	0x97
 574 0192 88000000 		.4byte	0x88
 575 0196 00       		.byte	0
 576 0197 0C       		.uleb128 0xc
 577 0198 12010000 		.4byte	.LASF28
 578 019c 05       		.byte	0x5
 579 019d 98       		.byte	0x98
 580 019e 88000000 		.4byte	0x88
 581 01a2 02       		.byte	0x2
 582 01a3 00       		.byte	0
 583 01a4 0D       		.uleb128 0xd
 584 01a5 04       		.byte	0x4
 585 01a6 05       		.byte	0x5
 586 01a7 94       		.byte	0x94
 587 01a8 BF010000 		.4byte	0x1bf
 588 01ac 0E       		.uleb128 0xe
 589 01ad 5700     		.ascii	"W\000"
 590 01af 05       		.byte	0x5
 591 01b0 95       		.byte	0x95
 592 01b1 93000000 		.4byte	0x93
 593 01b5 0E       		.uleb128 0xe
 594 01b6 4800     		.ascii	"H\000"
 595 01b8 05       		.byte	0x5
 596 01b9 99       		.byte	0x99
 597 01ba 83010000 		.4byte	0x183
 598 01be 00       		.byte	0
 599 01bf 0A       		.uleb128 0xa
 600 01c0 28       		.byte	0x28
 601 01c1 05       		.byte	0x5
 602 01c2 8C       		.byte	0x8c
 603 01c3 40020000 		.4byte	0x240
 604 01c7 0C       		.uleb128 0xc
 605 01c8 03010000 		.4byte	.LASF29
 606 01cc 05       		.byte	0x5
 607 01cd 8E       		.byte	0x8e
 608 01ce A5000000 		.4byte	0xa5
 609 01d2 00       		.byte	0
 610 01d3 0C       		.uleb128 0xc
 611 01d4 B8000000 		.4byte	.LASF30
 612 01d8 05       		.byte	0x5
 613 01d9 8F       		.byte	0x8f
 614 01da A5000000 		.4byte	0xa5
 615 01de 04       		.byte	0x4
 616 01df 0C       		.uleb128 0xc
 617 01e0 EC010000 		.4byte	.LASF31
 618 01e4 05       		.byte	0x5
 619 01e5 90       		.byte	0x90
 620 01e6 A5000000 		.4byte	0xa5
 621 01ea 08       		.byte	0x8
 622 01eb 0C       		.uleb128 0xc
 623 01ec D4000000 		.4byte	.LASF32
 624 01f0 05       		.byte	0x5
 625 01f1 91       		.byte	0x91
 626 01f2 A5000000 		.4byte	0xa5
 627 01f6 0C       		.byte	0xc
ARM GAS  /tmp/ccc3ZbzT.s 			page 12


 628 01f7 0B       		.uleb128 0xb
 629 01f8 49445200 		.ascii	"IDR\000"
 630 01fc 05       		.byte	0x5
 631 01fd 92       		.byte	0x92
 632 01fe A5000000 		.4byte	0xa5
 633 0202 10       		.byte	0x10
 634 0203 0B       		.uleb128 0xb
 635 0204 4F445200 		.ascii	"ODR\000"
 636 0208 05       		.byte	0x5
 637 0209 93       		.byte	0x93
 638 020a A5000000 		.4byte	0xa5
 639 020e 14       		.byte	0x14
 640 020f 0C       		.uleb128 0xc
 641 0210 F7000000 		.4byte	.LASF33
 642 0214 05       		.byte	0x5
 643 0215 9A       		.byte	0x9a
 644 0216 40020000 		.4byte	0x240
 645 021a 18       		.byte	0x18
 646 021b 0C       		.uleb128 0xc
 647 021c 45030000 		.4byte	.LASF34
 648 0220 05       		.byte	0x5
 649 0221 9B       		.byte	0x9b
 650 0222 A5000000 		.4byte	0xa5
 651 0226 1C       		.byte	0x1c
 652 0227 0C       		.uleb128 0xc
 653 0228 98010000 		.4byte	.LASF35
 654 022c 05       		.byte	0x5
 655 022d 9C       		.byte	0x9c
 656 022e A5000000 		.4byte	0xa5
 657 0232 20       		.byte	0x20
 658 0233 0C       		.uleb128 0xc
 659 0234 93010000 		.4byte	.LASF36
 660 0238 05       		.byte	0x5
 661 0239 9D       		.byte	0x9d
 662 023a A5000000 		.4byte	0xa5
 663 023e 24       		.byte	0x24
 664 023f 00       		.byte	0
 665 0240 05       		.uleb128 0x5
 666 0241 A4010000 		.4byte	0x1a4
 667 0245 04       		.uleb128 0x4
 668 0246 00000000 		.4byte	.LASF37
 669 024a 05       		.byte	0x5
 670 024b 9E       		.byte	0x9e
 671 024c BF010000 		.4byte	0x1bf
 672 0250 0A       		.uleb128 0xa
 673 0251 1C       		.byte	0x1c
 674 0252 05       		.byte	0x5
 675 0253 A3       		.byte	0xa3
 676 0254 AD020000 		.4byte	0x2ad
 677 0258 0C       		.uleb128 0xc
 678 0259 5C020000 		.4byte	.LASF38
 679 025d 05       		.byte	0x5
 680 025e A5       		.byte	0xa5
 681 025f 93000000 		.4byte	0x93
 682 0263 00       		.byte	0
 683 0264 0C       		.uleb128 0xc
 684 0265 A9000000 		.4byte	.LASF39
ARM GAS  /tmp/ccc3ZbzT.s 			page 13


 685 0269 05       		.byte	0x5
 686 026a A7       		.byte	0xa7
 687 026b 93000000 		.4byte	0x93
 688 026f 04       		.byte	0x4
 689 0270 0C       		.uleb128 0xc
 690 0271 DA000000 		.4byte	.LASF40
 691 0275 05       		.byte	0x5
 692 0276 A9       		.byte	0xa9
 693 0277 93000000 		.4byte	0x93
 694 027b 08       		.byte	0x8
 695 027c 0C       		.uleb128 0xc
 696 027d 0B020000 		.4byte	.LASF41
 697 0281 05       		.byte	0x5
 698 0282 AB       		.byte	0xab
 699 0283 93000000 		.4byte	0x93
 700 0287 0C       		.byte	0xc
 701 0288 0B       		.uleb128 0xb
 702 0289 6F647200 		.ascii	"odr\000"
 703 028d 05       		.byte	0x5
 704 028e AD       		.byte	0xad
 705 028f 93000000 		.4byte	0x93
 706 0293 10       		.byte	0x10
 707 0294 0C       		.uleb128 0xc
 708 0295 57020000 		.4byte	.LASF42
 709 0299 05       		.byte	0x5
 710 029a AF       		.byte	0xaf
 711 029b 93000000 		.4byte	0x93
 712 029f 14       		.byte	0x14
 713 02a0 0C       		.uleb128 0xc
 714 02a1 11020000 		.4byte	.LASF43
 715 02a5 05       		.byte	0x5
 716 02a6 B1       		.byte	0xb1
 717 02a7 93000000 		.4byte	0x93
 718 02ab 18       		.byte	0x18
 719 02ac 00       		.byte	0
 720 02ad 04       		.uleb128 0x4
 721 02ae 41000000 		.4byte	.LASF44
 722 02b2 05       		.byte	0x5
 723 02b3 B2       		.byte	0xb2
 724 02b4 50020000 		.4byte	0x250
 725 02b8 0A       		.uleb128 0xa
 726 02b9 70       		.byte	0x70
 727 02ba 05       		.byte	0x5
 728 02bb BB       		.byte	0xbb
 729 02bc F1020000 		.4byte	0x2f1
 730 02c0 0C       		.uleb128 0xc
 731 02c1 BF000000 		.4byte	.LASF45
 732 02c5 05       		.byte	0x5
 733 02c6 BE       		.byte	0xbe
 734 02c7 AD020000 		.4byte	0x2ad
 735 02cb 00       		.byte	0
 736 02cc 0C       		.uleb128 0xc
 737 02cd D5010000 		.4byte	.LASF46
 738 02d1 05       		.byte	0x5
 739 02d2 C2       		.byte	0xc2
 740 02d3 AD020000 		.4byte	0x2ad
 741 02d7 1C       		.byte	0x1c
ARM GAS  /tmp/ccc3ZbzT.s 			page 14


 742 02d8 0C       		.uleb128 0xc
 743 02d9 0D000000 		.4byte	.LASF47
 744 02dd 05       		.byte	0x5
 745 02de C6       		.byte	0xc6
 746 02df AD020000 		.4byte	0x2ad
 747 02e3 38       		.byte	0x38
 748 02e4 0C       		.uleb128 0xc
 749 02e5 54000000 		.4byte	.LASF48
 750 02e9 05       		.byte	0x5
 751 02ea D2       		.byte	0xd2
 752 02eb AD020000 		.4byte	0x2ad
 753 02ef 54       		.byte	0x54
 754 02f0 00       		.byte	0
 755 02f1 04       		.uleb128 0x4
 756 02f2 CB010000 		.4byte	.LASF49
 757 02f6 05       		.byte	0x5
 758 02f7 E0       		.byte	0xe0
 759 02f8 B8020000 		.4byte	0x2b8
 760 02fc 04       		.uleb128 0x4
 761 02fd B0010000 		.4byte	.LASF50
 762 0301 05       		.byte	0x5
 763 0302 F0       		.byte	0xf0
 764 0303 93000000 		.4byte	0x93
 765 0307 04       		.uleb128 0x4
 766 0308 8A010000 		.4byte	.LASF51
 767 030c 05       		.byte	0x5
 768 030d F5       		.byte	0xf5
 769 030e 93000000 		.4byte	0x93
 770 0312 04       		.uleb128 0x4
 771 0313 18010000 		.4byte	.LASF52
 772 0317 05       		.byte	0x5
 773 0318 FD       		.byte	0xfd
 774 0319 1D030000 		.4byte	0x31d
 775 031d 0F       		.uleb128 0xf
 776 031e 04       		.byte	0x4
 777 031f 45020000 		.4byte	0x245
 778 0323 10       		.uleb128 0x10
 779 0324 65000000 		.4byte	.LASF63
 780 0328 01       		.byte	0x1
 781 0329 5C       		.byte	0x5c
 782 032a 01       		.byte	0x1
 783 032b 46030000 		.4byte	0x346
 784 032f 11       		.uleb128 0x11
 785 0330 7C000000 		.4byte	.LASF53
 786 0334 01       		.byte	0x1
 787 0335 5C       		.byte	0x5c
 788 0336 1D030000 		.4byte	0x31d
 789 033a 11       		.uleb128 0x11
 790 033b 9D000000 		.4byte	.LASF54
 791 033f 01       		.byte	0x1
 792 0340 5C       		.byte	0x5c
 793 0341 46030000 		.4byte	0x346
 794 0345 00       		.byte	0
 795 0346 0F       		.uleb128 0xf
 796 0347 04       		.byte	0x4
 797 0348 4C030000 		.4byte	0x34c
 798 034c 12       		.uleb128 0x12
ARM GAS  /tmp/ccc3ZbzT.s 			page 15


 799 034d AD020000 		.4byte	0x2ad
 800 0351 13       		.uleb128 0x13
 801 0352 33000000 		.4byte	.LASF64
 802 0356 01       		.byte	0x1
 803 0357 77       		.byte	0x77
 804 0358 00000000 		.4byte	.LFB41
 805 035c 98000000 		.4byte	.LFE41-.LFB41
 806 0360 01       		.uleb128 0x1
 807 0361 9C       		.byte	0x9c
 808 0362 08040000 		.4byte	0x408
 809 0366 14       		.uleb128 0x14
 810 0367 9D000000 		.4byte	.LASF54
 811 036b 01       		.byte	0x1
 812 036c 77       		.byte	0x77
 813 036d 08040000 		.4byte	0x408
 814 0371 01       		.uleb128 0x1
 815 0372 50       		.byte	0x50
 816 0373 15       		.uleb128 0x15
 817 0374 23030000 		.4byte	0x323
 818 0378 0C000000 		.4byte	.LBB10
 819 037c 20000000 		.4byte	.LBE10-.LBB10
 820 0380 01       		.byte	0x1
 821 0381 8C       		.byte	0x8c
 822 0382 99030000 		.4byte	0x399
 823 0386 16       		.uleb128 0x16
 824 0387 3A030000 		.4byte	0x33a
 825 038b 00000000 		.4byte	.LLST0
 826 038f 16       		.uleb128 0x16
 827 0390 2F030000 		.4byte	0x32f
 828 0394 13000000 		.4byte	.LLST1
 829 0398 00       		.byte	0
 830 0399 15       		.uleb128 0x15
 831 039a 23030000 		.4byte	0x323
 832 039e 2C000000 		.4byte	.LBB12
 833 03a2 1E000000 		.4byte	.LBE12-.LBB12
 834 03a6 01       		.byte	0x1
 835 03a7 8F       		.byte	0x8f
 836 03a8 BF030000 		.4byte	0x3bf
 837 03ac 16       		.uleb128 0x16
 838 03ad 3A030000 		.4byte	0x33a
 839 03b1 29000000 		.4byte	.LLST2
 840 03b5 16       		.uleb128 0x16
 841 03b6 2F030000 		.4byte	0x32f
 842 03ba 3E000000 		.4byte	.LLST3
 843 03be 00       		.byte	0
 844 03bf 15       		.uleb128 0x15
 845 03c0 23030000 		.4byte	0x323
 846 03c4 4A000000 		.4byte	.LBB14
 847 03c8 1E000000 		.4byte	.LBE14-.LBB14
 848 03cc 01       		.byte	0x1
 849 03cd 92       		.byte	0x92
 850 03ce E5030000 		.4byte	0x3e5
 851 03d2 16       		.uleb128 0x16
 852 03d3 3A030000 		.4byte	0x33a
 853 03d7 56000000 		.4byte	.LLST4
 854 03db 16       		.uleb128 0x16
 855 03dc 2F030000 		.4byte	0x32f
ARM GAS  /tmp/ccc3ZbzT.s 			page 16


 856 03e0 6B000000 		.4byte	.LLST5
 857 03e4 00       		.byte	0
 858 03e5 17       		.uleb128 0x17
 859 03e6 23030000 		.4byte	0x323
 860 03ea 68000000 		.4byte	.LBB16
 861 03ee 1E000000 		.4byte	.LBE16-.LBB16
 862 03f2 01       		.byte	0x1
 863 03f3 9B       		.byte	0x9b
 864 03f4 16       		.uleb128 0x16
 865 03f5 3A030000 		.4byte	0x33a
 866 03f9 83000000 		.4byte	.LLST6
 867 03fd 16       		.uleb128 0x16
 868 03fe 2F030000 		.4byte	0x32f
 869 0402 99000000 		.4byte	.LLST7
 870 0406 00       		.byte	0
 871 0407 00       		.byte	0
 872 0408 0F       		.uleb128 0xf
 873 0409 04       		.byte	0x4
 874 040a 0E040000 		.4byte	0x40e
 875 040e 12       		.uleb128 0x12
 876 040f F1020000 		.4byte	0x2f1
 877 0413 18       		.uleb128 0x18
 878 0414 14000000 		.4byte	.LASF65
 879 0418 01       		.byte	0x1
 880 0419 B6       		.byte	0xb6
 881 041a 00000000 		.4byte	.LFB42
 882 041e BA000000 		.4byte	.LFE42-.LFB42
 883 0422 01       		.uleb128 0x1
 884 0423 9C       		.byte	0x9c
 885 0424 14       		.uleb128 0x14
 886 0425 E2010000 		.4byte	.LASF55
 887 0429 01       		.byte	0x1
 888 042a B6       		.byte	0xb6
 889 042b 12030000 		.4byte	0x312
 890 042f 01       		.uleb128 0x1
 891 0430 50       		.byte	0x50
 892 0431 19       		.uleb128 0x19
 893 0432 06020000 		.4byte	.LASF56
 894 0436 01       		.byte	0x1
 895 0437 B7       		.byte	0xb7
 896 0438 FC020000 		.4byte	0x2fc
 897 043c B1000000 		.4byte	.LLST8
 898 0440 19       		.uleb128 0x19
 899 0441 8D000000 		.4byte	.LASF57
 900 0445 01       		.byte	0x1
 901 0446 B8       		.byte	0xb8
 902 0447 07030000 		.4byte	0x307
 903 044b CF000000 		.4byte	.LLST9
 904 044f 1A       		.uleb128 0x1a
 905 0450 5C020000 		.4byte	.LASF38
 906 0454 01       		.byte	0x1
 907 0455 BA       		.byte	0xba
 908 0456 93000000 		.4byte	0x93
 909 045a F0000000 		.4byte	.LLST10
 910 045e 1A       		.uleb128 0x1a
 911 045f A9000000 		.4byte	.LASF39
 912 0463 01       		.byte	0x1
ARM GAS  /tmp/ccc3ZbzT.s 			page 17


 913 0464 BB       		.byte	0xbb
 914 0465 93000000 		.4byte	0x93
 915 0469 31010000 		.4byte	.LLST11
 916 046d 1A       		.uleb128 0x1a
 917 046e DA000000 		.4byte	.LASF40
 918 0472 01       		.byte	0x1
 919 0473 BC       		.byte	0xbc
 920 0474 93000000 		.4byte	0x93
 921 0478 44010000 		.4byte	.LLST12
 922 047c 1A       		.uleb128 0x1a
 923 047d 0B020000 		.4byte	.LASF41
 924 0481 01       		.byte	0x1
 925 0482 BD       		.byte	0xbd
 926 0483 93000000 		.4byte	0x93
 927 0487 57010000 		.4byte	.LLST13
 928 048b 1A       		.uleb128 0x1a
 929 048c E7010000 		.4byte	.LASF58
 930 0490 01       		.byte	0x1
 931 0491 BE       		.byte	0xbe
 932 0492 93000000 		.4byte	0x93
 933 0496 6A010000 		.4byte	.LLST14
 934 049a 1B       		.uleb128 0x1b
 935 049b 62697400 		.ascii	"bit\000"
 936 049f 01       		.byte	0x1
 937 04a0 BF       		.byte	0xbf
 938 04a1 93000000 		.4byte	0x93
 939 04a5 8F010000 		.4byte	.LLST15
 940 04a9 1C       		.uleb128 0x1c
 941 04aa 00000000 		.4byte	.Ldebug_ranges0+0
 942 04ae 1A       		.uleb128 0x1a
 943 04af 62020000 		.4byte	.LASF59
 944 04b3 01       		.byte	0x1
 945 04b4 C2       		.byte	0xc2
 946 04b5 93000000 		.4byte	0x93
 947 04b9 AE010000 		.4byte	.LLST16
 948 04bd 1B       		.uleb128 0x1b
 949 04be 6D3100   		.ascii	"m1\000"
 950 04c1 01       		.byte	0x1
 951 04c2 C2       		.byte	0xc2
 952 04c3 93000000 		.4byte	0x93
 953 04c7 02020000 		.4byte	.LLST17
 954 04cb 1B       		.uleb128 0x1b
 955 04cc 6D3200   		.ascii	"m2\000"
 956 04cf 01       		.byte	0x1
 957 04d0 C2       		.byte	0xc2
 958 04d1 93000000 		.4byte	0x93
 959 04d5 19020000 		.4byte	.LLST18
 960 04d9 1B       		.uleb128 0x1b
 961 04da 6D3400   		.ascii	"m4\000"
 962 04dd 01       		.byte	0x1
 963 04de C2       		.byte	0xc2
 964 04df 93000000 		.4byte	0x93
 965 04e3 5C020000 		.4byte	.LLST19
 966 04e7 00       		.byte	0
 967 04e8 00       		.byte	0
 968 04e9 00       		.byte	0
 969              		.section	.debug_abbrev,"",%progbits
ARM GAS  /tmp/ccc3ZbzT.s 			page 18


 970              	.Ldebug_abbrev0:
 971 0000 01       		.uleb128 0x1
 972 0001 11       		.uleb128 0x11
 973 0002 01       		.byte	0x1
 974 0003 25       		.uleb128 0x25
 975 0004 0E       		.uleb128 0xe
 976 0005 13       		.uleb128 0x13
 977 0006 0B       		.uleb128 0xb
 978 0007 03       		.uleb128 0x3
 979 0008 0E       		.uleb128 0xe
 980 0009 1B       		.uleb128 0x1b
 981 000a 0E       		.uleb128 0xe
 982 000b 55       		.uleb128 0x55
 983 000c 17       		.uleb128 0x17
 984 000d 11       		.uleb128 0x11
 985 000e 01       		.uleb128 0x1
 986 000f 10       		.uleb128 0x10
 987 0010 17       		.uleb128 0x17
 988 0011 00       		.byte	0
 989 0012 00       		.byte	0
 990 0013 02       		.uleb128 0x2
 991 0014 24       		.uleb128 0x24
 992 0015 00       		.byte	0
 993 0016 0B       		.uleb128 0xb
 994 0017 0B       		.uleb128 0xb
 995 0018 3E       		.uleb128 0x3e
 996 0019 0B       		.uleb128 0xb
 997 001a 03       		.uleb128 0x3
 998 001b 08       		.uleb128 0x8
 999 001c 00       		.byte	0
 1000 001d 00       		.byte	0
 1001 001e 03       		.uleb128 0x3
 1002 001f 24       		.uleb128 0x24
 1003 0020 00       		.byte	0
 1004 0021 0B       		.uleb128 0xb
 1005 0022 0B       		.uleb128 0xb
 1006 0023 3E       		.uleb128 0x3e
 1007 0024 0B       		.uleb128 0xb
 1008 0025 03       		.uleb128 0x3
 1009 0026 0E       		.uleb128 0xe
 1010 0027 00       		.byte	0
 1011 0028 00       		.byte	0
 1012 0029 04       		.uleb128 0x4
 1013 002a 16       		.uleb128 0x16
 1014 002b 00       		.byte	0
 1015 002c 03       		.uleb128 0x3
 1016 002d 0E       		.uleb128 0xe
 1017 002e 3A       		.uleb128 0x3a
 1018 002f 0B       		.uleb128 0xb
 1019 0030 3B       		.uleb128 0x3b
 1020 0031 0B       		.uleb128 0xb
 1021 0032 49       		.uleb128 0x49
 1022 0033 13       		.uleb128 0x13
 1023 0034 00       		.byte	0
 1024 0035 00       		.byte	0
 1025 0036 05       		.uleb128 0x5
 1026 0037 35       		.uleb128 0x35
ARM GAS  /tmp/ccc3ZbzT.s 			page 19


 1027 0038 00       		.byte	0
 1028 0039 49       		.uleb128 0x49
 1029 003a 13       		.uleb128 0x13
 1030 003b 00       		.byte	0
 1031 003c 00       		.byte	0
 1032 003d 06       		.uleb128 0x6
 1033 003e 13       		.uleb128 0x13
 1034 003f 01       		.byte	0x1
 1035 0040 0B       		.uleb128 0xb
 1036 0041 0B       		.uleb128 0xb
 1037 0042 3A       		.uleb128 0x3a
 1038 0043 0B       		.uleb128 0xb
 1039 0044 3B       		.uleb128 0x3b
 1040 0045 05       		.uleb128 0x5
 1041 0046 01       		.uleb128 0x1
 1042 0047 13       		.uleb128 0x13
 1043 0048 00       		.byte	0
 1044 0049 00       		.byte	0
 1045 004a 07       		.uleb128 0x7
 1046 004b 0D       		.uleb128 0xd
 1047 004c 00       		.byte	0
 1048 004d 03       		.uleb128 0x3
 1049 004e 08       		.uleb128 0x8
 1050 004f 3A       		.uleb128 0x3a
 1051 0050 0B       		.uleb128 0xb
 1052 0051 3B       		.uleb128 0x3b
 1053 0052 05       		.uleb128 0x5
 1054 0053 49       		.uleb128 0x49
 1055 0054 13       		.uleb128 0x13
 1056 0055 38       		.uleb128 0x38
 1057 0056 0B       		.uleb128 0xb
 1058 0057 00       		.byte	0
 1059 0058 00       		.byte	0
 1060 0059 08       		.uleb128 0x8
 1061 005a 0D       		.uleb128 0xd
 1062 005b 00       		.byte	0
 1063 005c 03       		.uleb128 0x3
 1064 005d 0E       		.uleb128 0xe
 1065 005e 3A       		.uleb128 0x3a
 1066 005f 0B       		.uleb128 0xb
 1067 0060 3B       		.uleb128 0x3b
 1068 0061 05       		.uleb128 0x5
 1069 0062 49       		.uleb128 0x49
 1070 0063 13       		.uleb128 0x13
 1071 0064 38       		.uleb128 0x38
 1072 0065 0B       		.uleb128 0xb
 1073 0066 00       		.byte	0
 1074 0067 00       		.byte	0
 1075 0068 09       		.uleb128 0x9
 1076 0069 16       		.uleb128 0x16
 1077 006a 00       		.byte	0
 1078 006b 03       		.uleb128 0x3
 1079 006c 0E       		.uleb128 0xe
 1080 006d 3A       		.uleb128 0x3a
 1081 006e 0B       		.uleb128 0xb
 1082 006f 3B       		.uleb128 0x3b
 1083 0070 05       		.uleb128 0x5
ARM GAS  /tmp/ccc3ZbzT.s 			page 20


 1084 0071 49       		.uleb128 0x49
 1085 0072 13       		.uleb128 0x13
 1086 0073 00       		.byte	0
 1087 0074 00       		.byte	0
 1088 0075 0A       		.uleb128 0xa
 1089 0076 13       		.uleb128 0x13
 1090 0077 01       		.byte	0x1
 1091 0078 0B       		.uleb128 0xb
 1092 0079 0B       		.uleb128 0xb
 1093 007a 3A       		.uleb128 0x3a
 1094 007b 0B       		.uleb128 0xb
 1095 007c 3B       		.uleb128 0x3b
 1096 007d 0B       		.uleb128 0xb
 1097 007e 01       		.uleb128 0x1
 1098 007f 13       		.uleb128 0x13
 1099 0080 00       		.byte	0
 1100 0081 00       		.byte	0
 1101 0082 0B       		.uleb128 0xb
 1102 0083 0D       		.uleb128 0xd
 1103 0084 00       		.byte	0
 1104 0085 03       		.uleb128 0x3
 1105 0086 08       		.uleb128 0x8
 1106 0087 3A       		.uleb128 0x3a
 1107 0088 0B       		.uleb128 0xb
 1108 0089 3B       		.uleb128 0x3b
 1109 008a 0B       		.uleb128 0xb
 1110 008b 49       		.uleb128 0x49
 1111 008c 13       		.uleb128 0x13
 1112 008d 38       		.uleb128 0x38
 1113 008e 0B       		.uleb128 0xb
 1114 008f 00       		.byte	0
 1115 0090 00       		.byte	0
 1116 0091 0C       		.uleb128 0xc
 1117 0092 0D       		.uleb128 0xd
 1118 0093 00       		.byte	0
 1119 0094 03       		.uleb128 0x3
 1120 0095 0E       		.uleb128 0xe
 1121 0096 3A       		.uleb128 0x3a
 1122 0097 0B       		.uleb128 0xb
 1123 0098 3B       		.uleb128 0x3b
 1124 0099 0B       		.uleb128 0xb
 1125 009a 49       		.uleb128 0x49
 1126 009b 13       		.uleb128 0x13
 1127 009c 38       		.uleb128 0x38
 1128 009d 0B       		.uleb128 0xb
 1129 009e 00       		.byte	0
 1130 009f 00       		.byte	0
 1131 00a0 0D       		.uleb128 0xd
 1132 00a1 17       		.uleb128 0x17
 1133 00a2 01       		.byte	0x1
 1134 00a3 0B       		.uleb128 0xb
 1135 00a4 0B       		.uleb128 0xb
 1136 00a5 3A       		.uleb128 0x3a
 1137 00a6 0B       		.uleb128 0xb
 1138 00a7 3B       		.uleb128 0x3b
 1139 00a8 0B       		.uleb128 0xb
 1140 00a9 01       		.uleb128 0x1
ARM GAS  /tmp/ccc3ZbzT.s 			page 21


 1141 00aa 13       		.uleb128 0x13
 1142 00ab 00       		.byte	0
 1143 00ac 00       		.byte	0
 1144 00ad 0E       		.uleb128 0xe
 1145 00ae 0D       		.uleb128 0xd
 1146 00af 00       		.byte	0
 1147 00b0 03       		.uleb128 0x3
 1148 00b1 08       		.uleb128 0x8
 1149 00b2 3A       		.uleb128 0x3a
 1150 00b3 0B       		.uleb128 0xb
 1151 00b4 3B       		.uleb128 0x3b
 1152 00b5 0B       		.uleb128 0xb
 1153 00b6 49       		.uleb128 0x49
 1154 00b7 13       		.uleb128 0x13
 1155 00b8 00       		.byte	0
 1156 00b9 00       		.byte	0
 1157 00ba 0F       		.uleb128 0xf
 1158 00bb 0F       		.uleb128 0xf
 1159 00bc 00       		.byte	0
 1160 00bd 0B       		.uleb128 0xb
 1161 00be 0B       		.uleb128 0xb
 1162 00bf 49       		.uleb128 0x49
 1163 00c0 13       		.uleb128 0x13
 1164 00c1 00       		.byte	0
 1165 00c2 00       		.byte	0
 1166 00c3 10       		.uleb128 0x10
 1167 00c4 2E       		.uleb128 0x2e
 1168 00c5 01       		.byte	0x1
 1169 00c6 03       		.uleb128 0x3
 1170 00c7 0E       		.uleb128 0xe
 1171 00c8 3A       		.uleb128 0x3a
 1172 00c9 0B       		.uleb128 0xb
 1173 00ca 3B       		.uleb128 0x3b
 1174 00cb 0B       		.uleb128 0xb
 1175 00cc 27       		.uleb128 0x27
 1176 00cd 19       		.uleb128 0x19
 1177 00ce 20       		.uleb128 0x20
 1178 00cf 0B       		.uleb128 0xb
 1179 00d0 01       		.uleb128 0x1
 1180 00d1 13       		.uleb128 0x13
 1181 00d2 00       		.byte	0
 1182 00d3 00       		.byte	0
 1183 00d4 11       		.uleb128 0x11
 1184 00d5 05       		.uleb128 0x5
 1185 00d6 00       		.byte	0
 1186 00d7 03       		.uleb128 0x3
 1187 00d8 0E       		.uleb128 0xe
 1188 00d9 3A       		.uleb128 0x3a
 1189 00da 0B       		.uleb128 0xb
 1190 00db 3B       		.uleb128 0x3b
 1191 00dc 0B       		.uleb128 0xb
 1192 00dd 49       		.uleb128 0x49
 1193 00de 13       		.uleb128 0x13
 1194 00df 00       		.byte	0
 1195 00e0 00       		.byte	0
 1196 00e1 12       		.uleb128 0x12
 1197 00e2 26       		.uleb128 0x26
ARM GAS  /tmp/ccc3ZbzT.s 			page 22


 1198 00e3 00       		.byte	0
 1199 00e4 49       		.uleb128 0x49
 1200 00e5 13       		.uleb128 0x13
 1201 00e6 00       		.byte	0
 1202 00e7 00       		.byte	0
 1203 00e8 13       		.uleb128 0x13
 1204 00e9 2E       		.uleb128 0x2e
 1205 00ea 01       		.byte	0x1
 1206 00eb 3F       		.uleb128 0x3f
 1207 00ec 19       		.uleb128 0x19
 1208 00ed 03       		.uleb128 0x3
 1209 00ee 0E       		.uleb128 0xe
 1210 00ef 3A       		.uleb128 0x3a
 1211 00f0 0B       		.uleb128 0xb
 1212 00f1 3B       		.uleb128 0x3b
 1213 00f2 0B       		.uleb128 0xb
 1214 00f3 27       		.uleb128 0x27
 1215 00f4 19       		.uleb128 0x19
 1216 00f5 11       		.uleb128 0x11
 1217 00f6 01       		.uleb128 0x1
 1218 00f7 12       		.uleb128 0x12
 1219 00f8 06       		.uleb128 0x6
 1220 00f9 40       		.uleb128 0x40
 1221 00fa 18       		.uleb128 0x18
 1222 00fb 9742     		.uleb128 0x2117
 1223 00fd 19       		.uleb128 0x19
 1224 00fe 01       		.uleb128 0x1
 1225 00ff 13       		.uleb128 0x13
 1226 0100 00       		.byte	0
 1227 0101 00       		.byte	0
 1228 0102 14       		.uleb128 0x14
 1229 0103 05       		.uleb128 0x5
 1230 0104 00       		.byte	0
 1231 0105 03       		.uleb128 0x3
 1232 0106 0E       		.uleb128 0xe
 1233 0107 3A       		.uleb128 0x3a
 1234 0108 0B       		.uleb128 0xb
 1235 0109 3B       		.uleb128 0x3b
 1236 010a 0B       		.uleb128 0xb
 1237 010b 49       		.uleb128 0x49
 1238 010c 13       		.uleb128 0x13
 1239 010d 02       		.uleb128 0x2
 1240 010e 18       		.uleb128 0x18
 1241 010f 00       		.byte	0
 1242 0110 00       		.byte	0
 1243 0111 15       		.uleb128 0x15
 1244 0112 1D       		.uleb128 0x1d
 1245 0113 01       		.byte	0x1
 1246 0114 31       		.uleb128 0x31
 1247 0115 13       		.uleb128 0x13
 1248 0116 11       		.uleb128 0x11
 1249 0117 01       		.uleb128 0x1
 1250 0118 12       		.uleb128 0x12
 1251 0119 06       		.uleb128 0x6
 1252 011a 58       		.uleb128 0x58
 1253 011b 0B       		.uleb128 0xb
 1254 011c 59       		.uleb128 0x59
ARM GAS  /tmp/ccc3ZbzT.s 			page 23


 1255 011d 0B       		.uleb128 0xb
 1256 011e 01       		.uleb128 0x1
 1257 011f 13       		.uleb128 0x13
 1258 0120 00       		.byte	0
 1259 0121 00       		.byte	0
 1260 0122 16       		.uleb128 0x16
 1261 0123 05       		.uleb128 0x5
 1262 0124 00       		.byte	0
 1263 0125 31       		.uleb128 0x31
 1264 0126 13       		.uleb128 0x13
 1265 0127 02       		.uleb128 0x2
 1266 0128 17       		.uleb128 0x17
 1267 0129 00       		.byte	0
 1268 012a 00       		.byte	0
 1269 012b 17       		.uleb128 0x17
 1270 012c 1D       		.uleb128 0x1d
 1271 012d 01       		.byte	0x1
 1272 012e 31       		.uleb128 0x31
 1273 012f 13       		.uleb128 0x13
 1274 0130 11       		.uleb128 0x11
 1275 0131 01       		.uleb128 0x1
 1276 0132 12       		.uleb128 0x12
 1277 0133 06       		.uleb128 0x6
 1278 0134 58       		.uleb128 0x58
 1279 0135 0B       		.uleb128 0xb
 1280 0136 59       		.uleb128 0x59
 1281 0137 0B       		.uleb128 0xb
 1282 0138 00       		.byte	0
 1283 0139 00       		.byte	0
 1284 013a 18       		.uleb128 0x18
 1285 013b 2E       		.uleb128 0x2e
 1286 013c 01       		.byte	0x1
 1287 013d 3F       		.uleb128 0x3f
 1288 013e 19       		.uleb128 0x19
 1289 013f 03       		.uleb128 0x3
 1290 0140 0E       		.uleb128 0xe
 1291 0141 3A       		.uleb128 0x3a
 1292 0142 0B       		.uleb128 0xb
 1293 0143 3B       		.uleb128 0x3b
 1294 0144 0B       		.uleb128 0xb
 1295 0145 27       		.uleb128 0x27
 1296 0146 19       		.uleb128 0x19
 1297 0147 11       		.uleb128 0x11
 1298 0148 01       		.uleb128 0x1
 1299 0149 12       		.uleb128 0x12
 1300 014a 06       		.uleb128 0x6
 1301 014b 40       		.uleb128 0x40
 1302 014c 18       		.uleb128 0x18
 1303 014d 9742     		.uleb128 0x2117
 1304 014f 19       		.uleb128 0x19
 1305 0150 00       		.byte	0
 1306 0151 00       		.byte	0
 1307 0152 19       		.uleb128 0x19
 1308 0153 05       		.uleb128 0x5
 1309 0154 00       		.byte	0
 1310 0155 03       		.uleb128 0x3
 1311 0156 0E       		.uleb128 0xe
ARM GAS  /tmp/ccc3ZbzT.s 			page 24


 1312 0157 3A       		.uleb128 0x3a
 1313 0158 0B       		.uleb128 0xb
 1314 0159 3B       		.uleb128 0x3b
 1315 015a 0B       		.uleb128 0xb
 1316 015b 49       		.uleb128 0x49
 1317 015c 13       		.uleb128 0x13
 1318 015d 02       		.uleb128 0x2
 1319 015e 17       		.uleb128 0x17
 1320 015f 00       		.byte	0
 1321 0160 00       		.byte	0
 1322 0161 1A       		.uleb128 0x1a
 1323 0162 34       		.uleb128 0x34
 1324 0163 00       		.byte	0
 1325 0164 03       		.uleb128 0x3
 1326 0165 0E       		.uleb128 0xe
 1327 0166 3A       		.uleb128 0x3a
 1328 0167 0B       		.uleb128 0xb
 1329 0168 3B       		.uleb128 0x3b
 1330 0169 0B       		.uleb128 0xb
 1331 016a 49       		.uleb128 0x49
 1332 016b 13       		.uleb128 0x13
 1333 016c 02       		.uleb128 0x2
 1334 016d 17       		.uleb128 0x17
 1335 016e 00       		.byte	0
 1336 016f 00       		.byte	0
 1337 0170 1B       		.uleb128 0x1b
 1338 0171 34       		.uleb128 0x34
 1339 0172 00       		.byte	0
 1340 0173 03       		.uleb128 0x3
 1341 0174 08       		.uleb128 0x8
 1342 0175 3A       		.uleb128 0x3a
 1343 0176 0B       		.uleb128 0xb
 1344 0177 3B       		.uleb128 0x3b
 1345 0178 0B       		.uleb128 0xb
 1346 0179 49       		.uleb128 0x49
 1347 017a 13       		.uleb128 0x13
 1348 017b 02       		.uleb128 0x2
 1349 017c 17       		.uleb128 0x17
 1350 017d 00       		.byte	0
 1351 017e 00       		.byte	0
 1352 017f 1C       		.uleb128 0x1c
 1353 0180 0B       		.uleb128 0xb
 1354 0181 01       		.byte	0x1
 1355 0182 55       		.uleb128 0x55
 1356 0183 17       		.uleb128 0x17
 1357 0184 00       		.byte	0
 1358 0185 00       		.byte	0
 1359 0186 00       		.byte	0
 1360              		.section	.debug_loc,"",%progbits
 1361              	.Ldebug_loc0:
 1362              	.LLST0:
 1363 0000 0C000000 		.4byte	.LVL1
 1364 0004 2C000000 		.4byte	.LVL2
 1365 0008 0100     		.2byte	0x1
 1366 000a 50       		.byte	0x50
 1367 000b 00000000 		.4byte	0
 1368 000f 00000000 		.4byte	0
ARM GAS  /tmp/ccc3ZbzT.s 			page 25


 1369              	.LLST1:
 1370 0013 0C000000 		.4byte	.LVL1
 1371 0017 2C000000 		.4byte	.LVL2
 1372 001b 0400     		.2byte	0x4
 1373 001d 42       		.byte	0x42
 1374 001e 4A       		.byte	0x4a
 1375 001f 24       		.byte	0x24
 1376 0020 9F       		.byte	0x9f
 1377 0021 00000000 		.4byte	0
 1378 0025 00000000 		.4byte	0
 1379              	.LLST2:
 1380 0029 2C000000 		.4byte	.LVL2
 1381 002d 4A000000 		.4byte	.LVL3
 1382 0031 0300     		.2byte	0x3
 1383 0033 70       		.byte	0x70
 1384 0034 1C       		.sleb128 28
 1385 0035 9F       		.byte	0x9f
 1386 0036 00000000 		.4byte	0
 1387 003a 00000000 		.4byte	0
 1388              	.LLST3:
 1389 003e 2C000000 		.4byte	.LVL2
 1390 0042 4A000000 		.4byte	.LVL3
 1391 0046 0600     		.2byte	0x6
 1392 0048 0C       		.byte	0xc
 1393 0049 00040048 		.4byte	0x48000400
 1394 004d 9F       		.byte	0x9f
 1395 004e 00000000 		.4byte	0
 1396 0052 00000000 		.4byte	0
 1397              	.LLST4:
 1398 0056 4A000000 		.4byte	.LVL3
 1399 005a 68000000 		.4byte	.LVL4
 1400 005e 0300     		.2byte	0x3
 1401 0060 70       		.byte	0x70
 1402 0061 38       		.sleb128 56
 1403 0062 9F       		.byte	0x9f
 1404 0063 00000000 		.4byte	0
 1405 0067 00000000 		.4byte	0
 1406              	.LLST5:
 1407 006b 4A000000 		.4byte	.LVL3
 1408 006f 68000000 		.4byte	.LVL4
 1409 0073 0600     		.2byte	0x6
 1410 0075 0C       		.byte	0xc
 1411 0076 00080048 		.4byte	0x48000800
 1412 007a 9F       		.byte	0x9f
 1413 007b 00000000 		.4byte	0
 1414 007f 00000000 		.4byte	0
 1415              	.LLST6:
 1416 0083 68000000 		.4byte	.LVL4
 1417 0087 86000000 		.4byte	.LVL5
 1418 008b 0400     		.2byte	0x4
 1419 008d 70       		.byte	0x70
 1420 008e D400     		.sleb128 84
 1421 0090 9F       		.byte	0x9f
 1422 0091 00000000 		.4byte	0
 1423 0095 00000000 		.4byte	0
 1424              	.LLST7:
 1425 0099 68000000 		.4byte	.LVL4
ARM GAS  /tmp/ccc3ZbzT.s 			page 26


 1426 009d 86000000 		.4byte	.LVL5
 1427 00a1 0600     		.2byte	0x6
 1428 00a3 0C       		.byte	0xc
 1429 00a4 00140048 		.4byte	0x48001400
 1430 00a8 9F       		.byte	0x9f
 1431 00a9 00000000 		.4byte	0
 1432 00ad 00000000 		.4byte	0
 1433              	.LLST8:
 1434 00b1 00000000 		.4byte	.LVL6
 1435 00b5 76000000 		.4byte	.LVL20
 1436 00b9 0100     		.2byte	0x1
 1437 00bb 51       		.byte	0x51
 1438 00bc 76000000 		.4byte	.LVL20
 1439 00c0 BA000000 		.4byte	.LFE42
 1440 00c4 0100     		.2byte	0x1
 1441 00c6 51       		.byte	0x51
 1442 00c7 00000000 		.4byte	0
 1443 00cb 00000000 		.4byte	0
 1444              	.LLST9:
 1445 00cf 00000000 		.4byte	.LVL6
 1446 00d3 1A000000 		.4byte	.LVL7
 1447 00d7 0100     		.2byte	0x1
 1448 00d9 52       		.byte	0x52
 1449 00da 1A000000 		.4byte	.LVL7
 1450 00de BA000000 		.4byte	.LFE42
 1451 00e2 0400     		.2byte	0x4
 1452 00e4 F3       		.byte	0xf3
 1453 00e5 01       		.uleb128 0x1
 1454 00e6 52       		.byte	0x52
 1455 00e7 9F       		.byte	0x9f
 1456 00e8 00000000 		.4byte	0
 1457 00ec 00000000 		.4byte	0
 1458              	.LLST10:
 1459 00f0 26000000 		.4byte	.LVL8
 1460 00f4 34000000 		.4byte	.LVL10
 1461 00f8 0100     		.2byte	0x1
 1462 00fa 54       		.byte	0x54
 1463 00fb 34000000 		.4byte	.LVL10
 1464 00ff 38000000 		.4byte	.LVL11
 1465 0103 0100     		.2byte	0x1
 1466 0105 53       		.byte	0x53
 1467 0106 38000000 		.4byte	.LVL11
 1468 010a 84000000 		.4byte	.LVL24
 1469 010e 0200     		.2byte	0x2
 1470 0110 91       		.byte	0x91
 1471 0111 54       		.sleb128 -44
 1472 0112 84000000 		.4byte	.LVL24
 1473 0116 86000000 		.4byte	.LVL25
 1474 011a 0100     		.2byte	0x1
 1475 011c 53       		.byte	0x53
 1476 011d 86000000 		.4byte	.LVL25
 1477 0121 BA000000 		.4byte	.LFE42
 1478 0125 0200     		.2byte	0x2
 1479 0127 91       		.byte	0x91
 1480 0128 54       		.sleb128 -44
 1481 0129 00000000 		.4byte	0
 1482 012d 00000000 		.4byte	0
ARM GAS  /tmp/ccc3ZbzT.s 			page 27


 1483              	.LLST11:
 1484 0131 32000000 		.4byte	.LVL9
 1485 0135 AE000000 		.4byte	.LVL34
 1486 0139 0100     		.2byte	0x1
 1487 013b 57       		.byte	0x57
 1488 013c 00000000 		.4byte	0
 1489 0140 00000000 		.4byte	0
 1490              	.LLST12:
 1491 0144 32000000 		.4byte	.LVL9
 1492 0148 AE000000 		.4byte	.LVL33
 1493 014c 0100     		.2byte	0x1
 1494 014e 56       		.byte	0x56
 1495 014f 00000000 		.4byte	0
 1496 0153 00000000 		.4byte	0
 1497              	.LLST13:
 1498 0157 32000000 		.4byte	.LVL9
 1499 015b AE000000 		.4byte	.LVL32
 1500 015f 0100     		.2byte	0x1
 1501 0161 55       		.byte	0x55
 1502 0162 00000000 		.4byte	0
 1503 0166 00000000 		.4byte	0
 1504              	.LLST14:
 1505 016a 32000000 		.4byte	.LVL9
 1506 016e AE000000 		.4byte	.LVL35
 1507 0172 0100     		.2byte	0x1
 1508 0174 59       		.byte	0x59
 1509 0175 AE000000 		.4byte	.LVL35
 1510 0179 BA000000 		.4byte	.LFE42
 1511 017d 0800     		.2byte	0x8
 1512 017f F3       		.byte	0xf3
 1513 0180 01       		.uleb128 0x1
 1514 0181 52       		.byte	0x52
 1515 0182 45       		.byte	0x45
 1516 0183 24       		.byte	0x24
 1517 0184 4C       		.byte	0x4c
 1518 0185 25       		.byte	0x25
 1519 0186 9F       		.byte	0x9f
 1520 0187 00000000 		.4byte	0
 1521 018b 00000000 		.4byte	0
 1522              	.LLST15:
 1523 018f 32000000 		.4byte	.LVL9
 1524 0193 38000000 		.4byte	.LVL11
 1525 0197 0200     		.2byte	0x2
 1526 0199 30       		.byte	0x30
 1527 019a 9F       		.byte	0x9f
 1528 019b 38000000 		.4byte	.LVL11
 1529 019f AE000000 		.4byte	.LVL31
 1530 01a3 0100     		.2byte	0x1
 1531 01a5 54       		.byte	0x54
 1532 01a6 00000000 		.4byte	0
 1533 01aa 00000000 		.4byte	0
 1534              	.LLST16:
 1535 01ae 38000000 		.4byte	.LVL11
 1536 01b2 42000000 		.4byte	.LVL12
 1537 01b6 0100     		.2byte	0x1
 1538 01b8 5C       		.byte	0x5c
 1539 01b9 42000000 		.4byte	.LVL12
ARM GAS  /tmp/ccc3ZbzT.s 			page 28


 1540 01bd 44000000 		.4byte	.LVL13
 1541 01c1 0100     		.2byte	0x1
 1542 01c3 52       		.byte	0x52
 1543 01c4 44000000 		.4byte	.LVL13
 1544 01c8 54000000 		.4byte	.LVL15
 1545 01cc 0100     		.2byte	0x1
 1546 01ce 5C       		.byte	0x5c
 1547 01cf 54000000 		.4byte	.LVL15
 1548 01d3 74000000 		.4byte	.LVL19
 1549 01d7 0B00     		.2byte	0xb
 1550 01d9 79       		.byte	0x79
 1551 01da 00       		.sleb128 0
 1552 01db 7B       		.byte	0x7b
 1553 01dc 00       		.sleb128 0
 1554 01dd 74       		.byte	0x74
 1555 01de 00       		.sleb128 0
 1556 01df 1A       		.byte	0x1a
 1557 01e0 32       		.byte	0x32
 1558 01e1 24       		.byte	0x24
 1559 01e2 24       		.byte	0x24
 1560 01e3 9F       		.byte	0x9f
 1561 01e4 98000000 		.4byte	.LVL26
 1562 01e8 9A000000 		.4byte	.LVL27
 1563 01ec 0100     		.2byte	0x1
 1564 01ee 52       		.byte	0x52
 1565 01ef 9A000000 		.4byte	.LVL27
 1566 01f3 AC000000 		.4byte	.LVL30
 1567 01f7 0100     		.2byte	0x1
 1568 01f9 5C       		.byte	0x5c
 1569 01fa 00000000 		.4byte	0
 1570 01fe 00000000 		.4byte	0
 1571              	.LLST17:
 1572 0202 42000000 		.4byte	.LVL12
 1573 0206 74000000 		.4byte	.LVL19
 1574 020a 0500     		.2byte	0x5
 1575 020c 31       		.byte	0x31
 1576 020d 74       		.byte	0x74
 1577 020e 00       		.sleb128 0
 1578 020f 24       		.byte	0x24
 1579 0210 9F       		.byte	0x9f
 1580 0211 00000000 		.4byte	0
 1581 0215 00000000 		.4byte	0
 1582              	.LLST18:
 1583 0219 50000000 		.4byte	.LVL14
 1584 021d 58000000 		.4byte	.LVL16
 1585 0221 0700     		.2byte	0x7
 1586 0223 33       		.byte	0x33
 1587 0224 74       		.byte	0x74
 1588 0225 00       		.sleb128 0
 1589 0226 31       		.byte	0x31
 1590 0227 24       		.byte	0x24
 1591 0228 24       		.byte	0x24
 1592 0229 9F       		.byte	0x9f
 1593 022a 58000000 		.4byte	.LVL16
 1594 022e 5C000000 		.4byte	.LVL17
 1595 0232 0100     		.2byte	0x1
 1596 0234 52       		.byte	0x52
ARM GAS  /tmp/ccc3ZbzT.s 			page 29


 1597 0235 5C000000 		.4byte	.LVL17
 1598 0239 6E000000 		.4byte	.LVL18
 1599 023d 0400     		.2byte	0x4
 1600 023f 73       		.byte	0x73
 1601 0240 00       		.sleb128 0
 1602 0241 20       		.byte	0x20
 1603 0242 9F       		.byte	0x9f
 1604 0243 6E000000 		.4byte	.LVL18
 1605 0247 74000000 		.4byte	.LVL19
 1606 024b 0700     		.2byte	0x7
 1607 024d 33       		.byte	0x33
 1608 024e 74       		.byte	0x74
 1609 024f 00       		.sleb128 0
 1610 0250 31       		.byte	0x31
 1611 0251 24       		.byte	0x24
 1612 0252 24       		.byte	0x24
 1613 0253 9F       		.byte	0x9f
 1614 0254 00000000 		.4byte	0
 1615 0258 00000000 		.4byte	0
 1616              	.LLST19:
 1617 025c 9C000000 		.4byte	.LVL28
 1618 0260 A6000000 		.4byte	.LVL29
 1619 0264 0100     		.2byte	0x1
 1620 0266 52       		.byte	0x52
 1621 0267 A6000000 		.4byte	.LVL29
 1622 026b AC000000 		.4byte	.LVL30
 1623 026f 0A00     		.2byte	0xa
 1624 0271 3F       		.byte	0x3f
 1625 0272 7B       		.byte	0x7b
 1626 0273 00       		.sleb128 0
 1627 0274 74       		.byte	0x74
 1628 0275 00       		.sleb128 0
 1629 0276 1A       		.byte	0x1a
 1630 0277 32       		.byte	0x32
 1631 0278 24       		.byte	0x24
 1632 0279 24       		.byte	0x24
 1633 027a 9F       		.byte	0x9f
 1634 027b 00000000 		.4byte	0
 1635 027f 00000000 		.4byte	0
 1636              		.section	.debug_aranges,"",%progbits
 1637 0000 24000000 		.4byte	0x24
 1638 0004 0200     		.2byte	0x2
 1639 0006 00000000 		.4byte	.Ldebug_info0
 1640 000a 04       		.byte	0x4
 1641 000b 00       		.byte	0
 1642 000c 0000     		.2byte	0
 1643 000e 0000     		.2byte	0
 1644 0010 00000000 		.4byte	.LFB41
 1645 0014 98000000 		.4byte	.LFE41-.LFB41
 1646 0018 00000000 		.4byte	.LFB42
 1647 001c BA000000 		.4byte	.LFE42-.LFB42
 1648 0020 00000000 		.4byte	0
 1649 0024 00000000 		.4byte	0
 1650              		.section	.debug_ranges,"",%progbits
 1651              	.Ldebug_ranges0:
 1652 0000 28000000 		.4byte	.LBB18
 1653 0004 2E000000 		.4byte	.LBE18
ARM GAS  /tmp/ccc3ZbzT.s 			page 30


 1654 0008 34000000 		.4byte	.LBB19
 1655 000c 74000000 		.4byte	.LBE19
 1656 0010 8C000000 		.4byte	.LBB20
 1657 0014 AC000000 		.4byte	.LBE20
 1658 0018 00000000 		.4byte	0
 1659 001c 00000000 		.4byte	0
 1660 0020 00000000 		.4byte	.LFB41
 1661 0024 98000000 		.4byte	.LFE41
 1662 0028 00000000 		.4byte	.LFB42
 1663 002c BA000000 		.4byte	.LFE42
 1664 0030 00000000 		.4byte	0
 1665 0034 00000000 		.4byte	0
 1666              		.section	.debug_line,"",%progbits
 1667              	.Ldebug_line0:
 1668 0000 D3010000 		.section	.debug_str,"MS",%progbits,1
 1668      02004401 
 1668      00000201 
 1668      FB0E0D00 
 1668      01010101 
 1669              	.LASF37:
 1670 0000 4750494F 		.ascii	"GPIO_TypeDef\000"
 1670      5F547970 
 1670      65446566 
 1670      00
 1671              	.LASF47:
 1672 000d 50434461 		.ascii	"PCData\000"
 1672      746100
 1673              	.LASF65:
 1674 0014 5F70616C 		.ascii	"_pal_lld_setgroupmode\000"
 1674      5F6C6C64 
 1674      5F736574 
 1674      67726F75 
 1674      706D6F64 
 1675              	.LASF19:
 1676 002a 41504231 		.ascii	"APB1RSTR\000"
 1676      52535452 
 1676      00
 1677              	.LASF64:
 1678 0033 5F70616C 		.ascii	"_pal_lld_init\000"
 1678      5F6C6C64 
 1678      5F696E69 
 1678      7400
 1679              	.LASF44:
 1680 0041 73746D33 		.ascii	"stm32_gpio_setup_t\000"
 1680      325F6770 
 1680      696F5F73 
 1680      65747570 
 1680      5F7400
 1681              	.LASF48:
 1682 0054 50464461 		.ascii	"PFData\000"
 1682      746100
 1683              	.LASF5:
 1684 005b 73686F72 		.ascii	"short int\000"
 1684      7420696E 
 1684      7400
 1685              	.LASF63:
 1686 0065 696E6974 		.ascii	"initgpio\000"
ARM GAS  /tmp/ccc3ZbzT.s 			page 31


 1686      6770696F 
 1686      00
 1687              	.LASF15:
 1688 006e 73697A65 		.ascii	"sizetype\000"
 1688      74797065 
 1688      00
 1689              	.LASF23:
 1690 0077 42444352 		.ascii	"BDCR\000"
 1690      00
 1691              	.LASF53:
 1692 007c 6770696F 		.ascii	"gpiop\000"
 1692      7000
 1693              	.LASF9:
 1694 0082 5F5F7569 		.ascii	"__uint32_t\000"
 1694      6E743332 
 1694      5F7400
 1695              	.LASF57:
 1696 008d 6D6F6465 		.ascii	"mode\000"
 1696      00
 1697              	.LASF8:
 1698 0092 5F5F7569 		.ascii	"__uint16_t\000"
 1698      6E743136 
 1698      5F7400
 1699              	.LASF54:
 1700 009d 636F6E66 		.ascii	"config\000"
 1700      696700
 1701              	.LASF17:
 1702 00a4 43464752 		.ascii	"CFGR\000"
 1702      00
 1703              	.LASF39:
 1704 00a9 6F747970 		.ascii	"otyper\000"
 1704      657200
 1705              	.LASF22:
 1706 00b0 41504231 		.ascii	"APB1ENR\000"
 1706      454E5200 
 1707              	.LASF30:
 1708 00b8 4F545950 		.ascii	"OTYPER\000"
 1708      455200
 1709              	.LASF45:
 1710 00bf 50414461 		.ascii	"PAData\000"
 1710      746100
 1711              	.LASF1:
 1712 00c6 6C6F6E67 		.ascii	"long long int\000"
 1712      206C6F6E 
 1712      6720696E 
 1712      7400
 1713              	.LASF32:
 1714 00d4 50555044 		.ascii	"PUPDR\000"
 1714      5200
 1715              	.LASF40:
 1716 00da 6F737065 		.ascii	"ospeedr\000"
 1716      65647200 
 1717              	.LASF7:
 1718 00e2 6C6F6E67 		.ascii	"long int\000"
 1718      20696E74 
 1718      00
 1719              	.LASF27:
ARM GAS  /tmp/ccc3ZbzT.s 			page 32


 1720 00eb 5243435F 		.ascii	"RCC_TypeDef\000"
 1720      54797065 
 1720      44656600 
 1721              	.LASF33:
 1722 00f7 42535252 		.ascii	"BSRR\000"
 1722      00
 1723              	.LASF20:
 1724 00fc 41484245 		.ascii	"AHBENR\000"
 1724      4E5200
 1725              	.LASF29:
 1726 0103 4D4F4445 		.ascii	"MODER\000"
 1726      5200
 1727              	.LASF18:
 1728 0109 41504232 		.ascii	"APB2RSTR\000"
 1728      52535452 
 1728      00
 1729              	.LASF28:
 1730 0112 636C6561 		.ascii	"clear\000"
 1730      7200
 1731              	.LASF52:
 1732 0118 696F706F 		.ascii	"ioportid_t\000"
 1732      72746964 
 1732      5F7400
 1733              	.LASF2:
 1734 0123 6C6F6E67 		.ascii	"long double\000"
 1734      20646F75 
 1734      626C6500 
 1735              	.LASF4:
 1736 012f 756E7369 		.ascii	"unsigned char\000"
 1736      676E6564 
 1736      20636861 
 1736      7200
 1737              	.LASF21:
 1738 013d 41504232 		.ascii	"APB2ENR\000"
 1738      454E5200 
 1739              	.LASF3:
 1740 0145 7369676E 		.ascii	"signed char\000"
 1740      65642063 
 1740      68617200 
 1741              	.LASF11:
 1742 0151 6C6F6E67 		.ascii	"long long unsigned int\000"
 1742      206C6F6E 
 1742      6720756E 
 1742      7369676E 
 1742      65642069 
 1743              	.LASF13:
 1744 0168 75696E74 		.ascii	"uint32_t\000"
 1744      33325F74 
 1744      00
 1745              	.LASF0:
 1746 0171 756E7369 		.ascii	"unsigned int\000"
 1746      676E6564 
 1746      20696E74 
 1746      00
 1747              	.LASF25:
 1748 017e 43464752 		.ascii	"CFGR2\000"
 1748      3200
ARM GAS  /tmp/ccc3ZbzT.s 			page 33


 1749              	.LASF26:
 1750 0184 43464752 		.ascii	"CFGR3\000"
 1750      3300
 1751              	.LASF51:
 1752 018a 696F6D6F 		.ascii	"iomode_t\000"
 1752      64655F74 
 1752      00
 1753              	.LASF36:
 1754 0193 41465248 		.ascii	"AFRH\000"
 1754      00
 1755              	.LASF35:
 1756 0198 4146524C 		.ascii	"AFRL\000"
 1756      00
 1757              	.LASF6:
 1758 019d 73686F72 		.ascii	"short unsigned int\000"
 1758      7420756E 
 1758      7369676E 
 1758      65642069 
 1758      6E7400
 1759              	.LASF50:
 1760 01b0 696F706F 		.ascii	"ioportmask_t\000"
 1760      72746D61 
 1760      736B5F74 
 1760      00
 1761              	.LASF16:
 1762 01bd 63686172 		.ascii	"char\000"
 1762      00
 1763              	.LASF12:
 1764 01c2 75696E74 		.ascii	"uint16_t\000"
 1764      31365F74 
 1764      00
 1765              	.LASF49:
 1766 01cb 50414C43 		.ascii	"PALConfig\000"
 1766      6F6E6669 
 1766      6700
 1767              	.LASF46:
 1768 01d5 50424461 		.ascii	"PBData\000"
 1768      746100
 1769              	.LASF14:
 1770 01dc 5F426F6F 		.ascii	"_Bool\000"
 1770      6C00
 1771              	.LASF55:
 1772 01e2 706F7274 		.ascii	"port\000"
 1772      00
 1773              	.LASF58:
 1774 01e7 616C7472 		.ascii	"altr\000"
 1774      00
 1775              	.LASF31:
 1776 01ec 4F535045 		.ascii	"OSPEEDR\000"
 1776      45445200 
 1777              	.LASF10:
 1778 01f4 6C6F6E67 		.ascii	"long unsigned int\000"
 1778      20756E73 
 1778      69676E65 
 1778      6420696E 
 1778      7400
 1779              	.LASF56:
ARM GAS  /tmp/ccc3ZbzT.s 			page 34


 1780 0206 6D61736B 		.ascii	"mask\000"
 1780      00
 1781              	.LASF41:
 1782 020b 70757064 		.ascii	"pupdr\000"
 1782      7200
 1783              	.LASF43:
 1784 0211 61667268 		.ascii	"afrh\000"
 1784      00
 1785              	.LASF24:
 1786 0216 41484252 		.ascii	"AHBRSTR\000"
 1786      53545200 
 1787              	.LASF62:
 1788 021e 2F686F6D 		.ascii	"/home/lithium/Documentos/ChibiOS_2.6.8/demos/BikeTr"
 1788      652F6C69 
 1788      74686975 
 1788      6D2F446F 
 1788      63756D65 
 1789 0251 61636B65 		.ascii	"acker\000"
 1789      7200
 1790              	.LASF42:
 1791 0257 6166726C 		.ascii	"afrl\000"
 1791      00
 1792              	.LASF38:
 1793 025c 6D6F6465 		.ascii	"moder\000"
 1793      7200
 1794              	.LASF59:
 1795 0262 616C7472 		.ascii	"altrmask\000"
 1795      6D61736B 
 1795      00
 1796              	.LASF60:
 1797 026b 474E5520 		.ascii	"GNU C11 5.3.1 20160307 (release) [ARM/embedded-5-br"
 1797      43313120 
 1797      352E332E 
 1797      31203230 
 1797      31363033 
 1798 029e 616E6368 		.ascii	"anch revision 234589] -mcpu=cortex-m0 -mno-thumb-in"
 1798      20726576 
 1798      6973696F 
 1798      6E203233 
 1798      34353839 
 1799 02d1 74657277 		.ascii	"terwork -mthumb -ggdb -O2 -fomit-frame-pointer -fal"
 1799      6F726B20 
 1799      2D6D7468 
 1799      756D6220 
 1799      2D676764 
 1800 0304 69676E2D 		.ascii	"ign-functions=16 -ffunction-sections -fdata-section"
 1800      66756E63 
 1800      74696F6E 
 1800      733D3136 
 1800      202D6666 
 1801 0337 73202D66 		.ascii	"s -fno-common\000"
 1801      6E6F2D63 
 1801      6F6D6D6F 
 1801      6E00
 1802              	.LASF34:
 1803 0345 4C434B52 		.ascii	"LCKR\000"
 1803      00
ARM GAS  /tmp/ccc3ZbzT.s 			page 35


 1804              	.LASF61:
 1805 034a 2E2E2F2E 		.ascii	"../../os/hal/platforms/STM32/GPIOv2/pal_lld.c\000"
 1805      2E2F6F73 
 1805      2F68616C 
 1805      2F706C61 
 1805      74666F72 
 1806              		.ident	"GCC: (GNU Tools for ARM Embedded Processors) 5.3.1 20160307 (release) [ARM/embedded-5-bran
ARM GAS  /tmp/ccc3ZbzT.s 			page 36


DEFINED SYMBOLS
                            *ABS*:00000000 pal_lld.c
     /tmp/ccc3ZbzT.s:20     .text._pal_lld_init:00000000 $t
     /tmp/ccc3ZbzT.s:26     .text._pal_lld_init:00000000 _pal_lld_init
     /tmp/ccc3ZbzT.s:160    .text._pal_lld_init:00000088 $d
     /tmp/ccc3ZbzT.s:168    .text._pal_lld_setgroupmode:00000000 $t
     /tmp/ccc3ZbzT.s:174    .text._pal_lld_setgroupmode:00000000 _pal_lld_setgroupmode
                     .debug_frame:00000010 $d

NO UNDEFINED SYMBOLS
