ARM GAS  /tmp/ccs0g1hN.s 			page 1


   1              		.syntax unified
   2              		.cpu cortex-m0
   3              		.fpu softvfp
   4              		.eabi_attribute 20, 1
   5              		.eabi_attribute 21, 1
   6              		.eabi_attribute 23, 3
   7              		.eabi_attribute 24, 1
   8              		.eabi_attribute 25, 1
   9              		.eabi_attribute 26, 1
  10              		.eabi_attribute 30, 2
  11              		.eabi_attribute 34, 0
  12              		.eabi_attribute 18, 4
  13              		.thumb
  14              		.syntax unified
  15              		.file	"vectors.c"
  16              		.text
  17              	.Ltext0:
  18              		.cfi_sections	.debug_frame
  19              		.section	.text._unhandled_exception,"ax",%progbits
  20              		.align	2
  21              		.p2align 4,,15
  22              		.global	_unhandled_exception
  23              		.code	16
  24              		.thumb_func
  25              		.type	_unhandled_exception, %function
  26              	_unhandled_exception:
  27              	.LFB7:
  28              		.file 1 "../../os/ports/GCC/ARMCMx/STM32F0xx/vectors.c"
  29              		.loc 1 152 0
  30              		.cfi_startproc
  31              		@ Naked Function: prologue and epilogue provided by programmer.
  32              		@ Volatile: function does not return.
  33              		@ args = 0, pretend = 0, frame = 0
  34              		@ frame_needed = 0, uses_anonymous_args = 0
  35              	.L2:
  36 0000 FEE7     		b	.L2
  37              		.cfi_endproc
  38              	.LFE7:
  39              		.size	_unhandled_exception, .-_unhandled_exception
  40              		.weak	VectorBC
  41              		.thumb_set VectorBC,_unhandled_exception
  42              		.weak	VectorB8
  43              		.thumb_set VectorB8,_unhandled_exception
  44              		.weak	VectorB4
  45              		.thumb_set VectorB4,_unhandled_exception
  46              		.weak	VectorB0
  47              		.thumb_set VectorB0,_unhandled_exception
  48              		.weak	VectorAC
  49              		.thumb_set VectorAC,_unhandled_exception
  50              		.weak	VectorA8
  51              		.thumb_set VectorA8,_unhandled_exception
  52              		.weak	VectorA4
  53              		.thumb_set VectorA4,_unhandled_exception
  54              		.weak	VectorA0
  55              		.thumb_set VectorA0,_unhandled_exception
  56              		.weak	Vector9C
  57              		.thumb_set Vector9C,_unhandled_exception
ARM GAS  /tmp/ccs0g1hN.s 			page 2


  58              		.weak	Vector98
  59              		.thumb_set Vector98,_unhandled_exception
  60              		.weak	Vector94
  61              		.thumb_set Vector94,_unhandled_exception
  62              		.weak	Vector90
  63              		.thumb_set Vector90,_unhandled_exception
  64              		.weak	Vector8C
  65              		.thumb_set Vector8C,_unhandled_exception
  66              		.weak	Vector88
  67              		.thumb_set Vector88,_unhandled_exception
  68              		.weak	Vector84
  69              		.thumb_set Vector84,_unhandled_exception
  70              		.weak	Vector80
  71              		.thumb_set Vector80,_unhandled_exception
  72              		.weak	Vector7C
  73              		.thumb_set Vector7C,_unhandled_exception
  74              		.weak	Vector78
  75              		.thumb_set Vector78,_unhandled_exception
  76              		.weak	Vector74
  77              		.thumb_set Vector74,_unhandled_exception
  78              		.weak	Vector70
  79              		.thumb_set Vector70,_unhandled_exception
  80              		.weak	Vector6C
  81              		.thumb_set Vector6C,_unhandled_exception
  82              		.weak	Vector68
  83              		.thumb_set Vector68,_unhandled_exception
  84              		.weak	Vector64
  85              		.thumb_set Vector64,_unhandled_exception
  86              		.weak	Vector60
  87              		.thumb_set Vector60,_unhandled_exception
  88              		.weak	Vector5C
  89              		.thumb_set Vector5C,_unhandled_exception
  90              		.weak	Vector58
  91              		.thumb_set Vector58,_unhandled_exception
  92              		.weak	Vector54
  93              		.thumb_set Vector54,_unhandled_exception
  94              		.weak	Vector50
  95              		.thumb_set Vector50,_unhandled_exception
  96              		.weak	Vector4C
  97              		.thumb_set Vector4C,_unhandled_exception
  98              		.weak	Vector48
  99              		.thumb_set Vector48,_unhandled_exception
 100              		.weak	Vector44
 101              		.thumb_set Vector44,_unhandled_exception
 102              		.weak	Vector40
 103              		.thumb_set Vector40,_unhandled_exception
 104              		.weak	SysTickVector
 105              		.thumb_set SysTickVector,_unhandled_exception
 106              		.weak	PendSVVector
 107              		.thumb_set PendSVVector,_unhandled_exception
 108              		.weak	Vector34
 109              		.thumb_set Vector34,_unhandled_exception
 110              		.weak	DebugMonitorVector
 111              		.thumb_set DebugMonitorVector,_unhandled_exception
 112              		.weak	SVCallVector
 113              		.thumb_set SVCallVector,_unhandled_exception
 114              		.weak	Vector28
ARM GAS  /tmp/ccs0g1hN.s 			page 3


 115              		.thumb_set Vector28,_unhandled_exception
 116              		.weak	Vector24
 117              		.thumb_set Vector24,_unhandled_exception
 118              		.weak	Vector20
 119              		.thumb_set Vector20,_unhandled_exception
 120              		.weak	Vector1C
 121              		.thumb_set Vector1C,_unhandled_exception
 122              		.weak	UsageFaultVector
 123              		.thumb_set UsageFaultVector,_unhandled_exception
 124              		.weak	BusFaultVector
 125              		.thumb_set BusFaultVector,_unhandled_exception
 126              		.weak	MemManageVector
 127              		.thumb_set MemManageVector,_unhandled_exception
 128              		.weak	HardFaultVector
 129              		.thumb_set HardFaultVector,_unhandled_exception
 130              		.weak	NMIVector
 131              		.thumb_set NMIVector,_unhandled_exception
 132              		.global	_vectors
 133 0002 C046     		.section	vectors,"aw",%progbits
 134              		.align	2
 135              		.type	_vectors, %object
 136              		.size	_vectors, 192
 137              	_vectors:
 138 0000 00000000 		.word	__main_stack_end__
 139 0004 00000000 		.word	ResetHandler
 140 0008 00000000 		.word	NMIVector
 141 000c 00000000 		.word	HardFaultVector
 142 0010 00000000 		.word	MemManageVector
 143 0014 00000000 		.word	BusFaultVector
 144 0018 00000000 		.word	UsageFaultVector
 145 001c 00000000 		.word	Vector1C
 146 0020 00000000 		.word	Vector20
 147 0024 00000000 		.word	Vector24
 148 0028 00000000 		.word	Vector28
 149 002c 00000000 		.word	SVCallVector
 150 0030 00000000 		.word	DebugMonitorVector
 151 0034 00000000 		.word	Vector34
 152 0038 00000000 		.word	PendSVVector
 153 003c 00000000 		.word	SysTickVector
 154 0040 00000000 		.word	Vector40
 155 0044 00000000 		.word	Vector44
 156 0048 00000000 		.word	Vector48
 157 004c 00000000 		.word	Vector4C
 158 0050 00000000 		.word	Vector50
 159 0054 00000000 		.word	Vector54
 160 0058 00000000 		.word	Vector58
 161 005c 00000000 		.word	Vector5C
 162 0060 00000000 		.word	Vector60
 163 0064 00000000 		.word	Vector64
 164 0068 00000000 		.word	Vector68
 165 006c 00000000 		.word	Vector6C
 166 0070 00000000 		.word	Vector70
 167 0074 00000000 		.word	Vector74
 168 0078 00000000 		.word	Vector78
 169 007c 00000000 		.word	Vector7C
 170 0080 00000000 		.word	Vector80
 171 0084 00000000 		.word	Vector84
ARM GAS  /tmp/ccs0g1hN.s 			page 4


 172 0088 00000000 		.word	Vector88
 173 008c 00000000 		.word	Vector8C
 174 0090 00000000 		.word	Vector90
 175 0094 00000000 		.word	Vector94
 176 0098 00000000 		.word	Vector98
 177 009c 00000000 		.word	Vector9C
 178 00a0 00000000 		.word	VectorA0
 179 00a4 00000000 		.word	VectorA4
 180 00a8 00000000 		.word	VectorA8
 181 00ac 00000000 		.word	VectorAC
 182 00b0 00000000 		.word	VectorB0
 183 00b4 00000000 		.word	VectorB4
 184 00b8 00000000 		.word	VectorB8
 185 00bc 00000000 		.word	VectorBC
 186              		.text
 187              	.Letext0:
 188              		.file 2 "/home/lithium/Descargas/gcc-arm-none-eabi-5_3-2016q1/arm-none-eabi/include/machine/_defau
 189              		.file 3 "/home/lithium/Descargas/gcc-arm-none-eabi-5_3-2016q1/arm-none-eabi/include/sys/_stdint.h"
 190              		.section	.debug_info,"",%progbits
 191              	.Ldebug_info0:
 192 0000 CF010000 		.4byte	0x1cf
 193 0004 0400     		.2byte	0x4
 194 0006 00000000 		.4byte	.Ldebug_abbrev0
 195 000a 04       		.byte	0x4
 196 000b 01       		.uleb128 0x1
 197 000c A0000000 		.4byte	.LASF36
 198 0010 0C       		.byte	0xc
 199 0011 A3020000 		.4byte	.LASF37
 200 0015 DE010000 		.4byte	.LASF38
 201 0019 00000000 		.4byte	.Ldebug_ranges0+0
 202 001d 00000000 		.4byte	0
 203 0021 00000000 		.4byte	.Ldebug_line0
 204 0025 02       		.uleb128 0x2
 205 0026 04       		.byte	0x4
 206 0027 05       		.byte	0x5
 207 0028 696E7400 		.ascii	"int\000"
 208 002c 03       		.uleb128 0x3
 209 002d 04       		.byte	0x4
 210 002e 07       		.byte	0x7
 211 002f 7A010000 		.4byte	.LASF0
 212 0033 03       		.uleb128 0x3
 213 0034 08       		.byte	0x8
 214 0035 05       		.byte	0x5
 215 0036 3A020000 		.4byte	.LASF1
 216 003a 03       		.uleb128 0x3
 217 003b 08       		.byte	0x8
 218 003c 04       		.byte	0x4
 219 003d DA020000 		.4byte	.LASF2
 220 0041 03       		.uleb128 0x3
 221 0042 01       		.byte	0x1
 222 0043 06       		.byte	0x6
 223 0044 E6020000 		.4byte	.LASF3
 224 0048 03       		.uleb128 0x3
 225 0049 01       		.byte	0x1
 226 004a 08       		.byte	0x8
 227 004b 41000000 		.4byte	.LASF4
 228 004f 03       		.uleb128 0x3
ARM GAS  /tmp/ccs0g1hN.s 			page 5


 229 0050 02       		.byte	0x2
 230 0051 05       		.byte	0x5
 231 0052 7B020000 		.4byte	.LASF5
 232 0056 03       		.uleb128 0x3
 233 0057 02       		.byte	0x2
 234 0058 07       		.byte	0x7
 235 0059 61000000 		.4byte	.LASF6
 236 005d 03       		.uleb128 0x3
 237 005e 04       		.byte	0x4
 238 005f 05       		.byte	0x5
 239 0060 D1020000 		.4byte	.LASF7
 240 0064 04       		.uleb128 0x4
 241 0065 95000000 		.4byte	.LASF10
 242 0069 02       		.byte	0x2
 243 006a 41       		.byte	0x41
 244 006b 6F000000 		.4byte	0x6f
 245 006f 03       		.uleb128 0x3
 246 0070 04       		.byte	0x4
 247 0071 07       		.byte	0x7
 248 0072 4F000000 		.4byte	.LASF8
 249 0076 03       		.uleb128 0x3
 250 0077 08       		.byte	0x8
 251 0078 07       		.byte	0x7
 252 0079 92010000 		.4byte	.LASF9
 253 007d 04       		.uleb128 0x4
 254 007e 74000000 		.4byte	.LASF11
 255 0082 03       		.byte	0x3
 256 0083 20       		.byte	0x20
 257 0084 64000000 		.4byte	0x64
 258 0088 03       		.uleb128 0x3
 259 0089 01       		.byte	0x1
 260 008a 02       		.byte	0x2
 261 008b 0F030000 		.4byte	.LASF12
 262 008f 03       		.uleb128 0x3
 263 0090 04       		.byte	0x4
 264 0091 07       		.byte	0x7
 265 0092 31020000 		.4byte	.LASF13
 266 0096 03       		.uleb128 0x3
 267 0097 01       		.byte	0x1
 268 0098 08       		.byte	0x8
 269 0099 48020000 		.4byte	.LASF14
 270 009d 04       		.uleb128 0x4
 271 009e 09000000 		.4byte	.LASF15
 272 00a2 01       		.byte	0x1
 273 00a3 2B       		.byte	0x2b
 274 00a4 A8000000 		.4byte	0xa8
 275 00a8 05       		.uleb128 0x5
 276 00a9 04       		.byte	0x4
 277 00aa AE000000 		.4byte	0xae
 278 00ae 06       		.uleb128 0x6
 279 00af 07       		.uleb128 0x7
 280 00b0 C0       		.byte	0xc0
 281 00b1 01       		.byte	0x1
 282 00b2 30       		.byte	0x30
 283 00b3 84010000 		.4byte	0x184
 284 00b7 08       		.uleb128 0x8
 285 00b8 28000000 		.4byte	.LASF16
ARM GAS  /tmp/ccs0g1hN.s 			page 6


 286 00bc 01       		.byte	0x1
 287 00bd 31       		.byte	0x31
 288 00be 84010000 		.4byte	0x184
 289 00c2 00       		.byte	0
 290 00c3 08       		.uleb128 0x8
 291 00c4 85020000 		.4byte	.LASF17
 292 00c8 01       		.byte	0x1
 293 00c9 32       		.byte	0x32
 294 00ca 9D000000 		.4byte	0x9d
 295 00ce 04       		.byte	0x4
 296 00cf 08       		.uleb128 0x8
 297 00d0 87010000 		.4byte	.LASF18
 298 00d4 01       		.byte	0x1
 299 00d5 33       		.byte	0x33
 300 00d6 9D000000 		.4byte	0x9d
 301 00da 08       		.byte	0x8
 302 00db 08       		.uleb128 0x8
 303 00dc 92020000 		.4byte	.LASF19
 304 00e0 01       		.byte	0x1
 305 00e1 34       		.byte	0x34
 306 00e2 9D000000 		.4byte	0x9d
 307 00e6 0C       		.byte	0xc
 308 00e7 08       		.uleb128 0x8
 309 00e8 4D020000 		.4byte	.LASF20
 310 00ec 01       		.byte	0x1
 311 00ed 35       		.byte	0x35
 312 00ee 9D000000 		.4byte	0x9d
 313 00f2 10       		.byte	0x10
 314 00f3 08       		.uleb128 0x8
 315 00f4 A9010000 		.4byte	.LASF21
 316 00f8 01       		.byte	0x1
 317 00f9 36       		.byte	0x36
 318 00fa 9D000000 		.4byte	0x9d
 319 00fe 14       		.byte	0x14
 320 00ff 08       		.uleb128 0x8
 321 0100 C2010000 		.4byte	.LASF22
 322 0104 01       		.byte	0x1
 323 0105 37       		.byte	0x37
 324 0106 9D000000 		.4byte	0x9d
 325 010a 18       		.byte	0x18
 326 010b 08       		.uleb128 0x8
 327 010c 7D000000 		.4byte	.LASF23
 328 0110 01       		.byte	0x1
 329 0111 38       		.byte	0x38
 330 0112 9D000000 		.4byte	0x9d
 331 0116 1C       		.byte	0x1c
 332 0117 08       		.uleb128 0x8
 333 0118 06030000 		.4byte	.LASF24
 334 011c 01       		.byte	0x1
 335 011d 39       		.byte	0x39
 336 011e 9D000000 		.4byte	0x9d
 337 0122 20       		.byte	0x20
 338 0123 08       		.uleb128 0x8
 339 0124 00000000 		.4byte	.LASF25
 340 0128 01       		.byte	0x1
 341 0129 3A       		.byte	0x3a
 342 012a 9D000000 		.4byte	0x9d
ARM GAS  /tmp/ccs0g1hN.s 			page 7


 343 012e 24       		.byte	0x24
 344 012f 08       		.uleb128 0x8
 345 0130 B9010000 		.4byte	.LASF26
 346 0134 01       		.byte	0x1
 347 0135 3B       		.byte	0x3b
 348 0136 9D000000 		.4byte	0x9d
 349 013a 28       		.byte	0x28
 350 013b 08       		.uleb128 0x8
 351 013c 33000000 		.4byte	.LASF27
 352 0140 01       		.byte	0x1
 353 0141 3C       		.byte	0x3c
 354 0142 9D000000 		.4byte	0x9d
 355 0146 2C       		.byte	0x2c
 356 0147 08       		.uleb128 0x8
 357 0148 F2020000 		.4byte	.LASF28
 358 014c 01       		.byte	0x1
 359 014d 3D       		.byte	0x3d
 360 014e 9D000000 		.4byte	0x9d
 361 0152 30       		.byte	0x30
 362 0153 08       		.uleb128 0x8
 363 0154 16000000 		.4byte	.LASF29
 364 0158 01       		.byte	0x1
 365 0159 3E       		.byte	0x3e
 366 015a 9D000000 		.4byte	0x9d
 367 015e 34       		.byte	0x34
 368 015f 08       		.uleb128 0x8
 369 0160 23020000 		.4byte	.LASF30
 370 0164 01       		.byte	0x1
 371 0165 3F       		.byte	0x3f
 372 0166 9D000000 		.4byte	0x9d
 373 016a 38       		.byte	0x38
 374 016b 08       		.uleb128 0x8
 375 016c 86000000 		.4byte	.LASF31
 376 0170 01       		.byte	0x1
 377 0171 40       		.byte	0x40
 378 0172 9D000000 		.4byte	0x9d
 379 0176 3C       		.byte	0x3c
 380 0177 08       		.uleb128 0x8
 381 0178 73020000 		.4byte	.LASF32
 382 017c 01       		.byte	0x1
 383 017d 41       		.byte	0x41
 384 017e 8A010000 		.4byte	0x18a
 385 0182 40       		.byte	0x40
 386 0183 00       		.byte	0
 387 0184 05       		.uleb128 0x5
 388 0185 04       		.byte	0x4
 389 0186 7D000000 		.4byte	0x7d
 390 018a 09       		.uleb128 0x9
 391 018b 9D000000 		.4byte	0x9d
 392 018f 9A010000 		.4byte	0x19a
 393 0193 0A       		.uleb128 0xa
 394 0194 8F000000 		.4byte	0x8f
 395 0198 1F       		.byte	0x1f
 396 0199 00       		.byte	0
 397 019a 04       		.uleb128 0x4
 398 019b D4010000 		.4byte	.LASF33
 399 019f 01       		.byte	0x1
ARM GAS  /tmp/ccs0g1hN.s 			page 8


 400 01a0 42       		.byte	0x42
 401 01a1 AF000000 		.4byte	0xaf
 402 01a5 0B       		.uleb128 0xb
 403 01a6 5E020000 		.4byte	.LASF39
 404 01aa 01       		.byte	0x1
 405 01ab 98       		.byte	0x98
 406 01ac 00000000 		.4byte	.LFB7
 407 01b0 02000000 		.4byte	.LFE7-.LFB7
 408 01b4 01       		.uleb128 0x1
 409 01b5 9C       		.byte	0x9c
 410 01b6 0C       		.uleb128 0xc
 411 01b7 15030000 		.4byte	.LASF34
 412 01bb 01       		.byte	0x1
 413 01bc 45       		.byte	0x45
 414 01bd 7D000000 		.4byte	0x7d
 415 01c1 0D       		.uleb128 0xd
 416 01c2 1F000000 		.4byte	.LASF35
 417 01c6 01       		.byte	0x1
 418 01c7 7D       		.byte	0x7d
 419 01c8 9A010000 		.4byte	0x19a
 420 01cc 05       		.uleb128 0x5
 421 01cd 03       		.byte	0x3
 422 01ce 00000000 		.4byte	_vectors
 423 01d2 00       		.byte	0
 424              		.section	.debug_abbrev,"",%progbits
 425              	.Ldebug_abbrev0:
 426 0000 01       		.uleb128 0x1
 427 0001 11       		.uleb128 0x11
 428 0002 01       		.byte	0x1
 429 0003 25       		.uleb128 0x25
 430 0004 0E       		.uleb128 0xe
 431 0005 13       		.uleb128 0x13
 432 0006 0B       		.uleb128 0xb
 433 0007 03       		.uleb128 0x3
 434 0008 0E       		.uleb128 0xe
 435 0009 1B       		.uleb128 0x1b
 436 000a 0E       		.uleb128 0xe
 437 000b 55       		.uleb128 0x55
 438 000c 17       		.uleb128 0x17
 439 000d 11       		.uleb128 0x11
 440 000e 01       		.uleb128 0x1
 441 000f 10       		.uleb128 0x10
 442 0010 17       		.uleb128 0x17
 443 0011 00       		.byte	0
 444 0012 00       		.byte	0
 445 0013 02       		.uleb128 0x2
 446 0014 24       		.uleb128 0x24
 447 0015 00       		.byte	0
 448 0016 0B       		.uleb128 0xb
 449 0017 0B       		.uleb128 0xb
 450 0018 3E       		.uleb128 0x3e
 451 0019 0B       		.uleb128 0xb
 452 001a 03       		.uleb128 0x3
 453 001b 08       		.uleb128 0x8
 454 001c 00       		.byte	0
 455 001d 00       		.byte	0
 456 001e 03       		.uleb128 0x3
ARM GAS  /tmp/ccs0g1hN.s 			page 9


 457 001f 24       		.uleb128 0x24
 458 0020 00       		.byte	0
 459 0021 0B       		.uleb128 0xb
 460 0022 0B       		.uleb128 0xb
 461 0023 3E       		.uleb128 0x3e
 462 0024 0B       		.uleb128 0xb
 463 0025 03       		.uleb128 0x3
 464 0026 0E       		.uleb128 0xe
 465 0027 00       		.byte	0
 466 0028 00       		.byte	0
 467 0029 04       		.uleb128 0x4
 468 002a 16       		.uleb128 0x16
 469 002b 00       		.byte	0
 470 002c 03       		.uleb128 0x3
 471 002d 0E       		.uleb128 0xe
 472 002e 3A       		.uleb128 0x3a
 473 002f 0B       		.uleb128 0xb
 474 0030 3B       		.uleb128 0x3b
 475 0031 0B       		.uleb128 0xb
 476 0032 49       		.uleb128 0x49
 477 0033 13       		.uleb128 0x13
 478 0034 00       		.byte	0
 479 0035 00       		.byte	0
 480 0036 05       		.uleb128 0x5
 481 0037 0F       		.uleb128 0xf
 482 0038 00       		.byte	0
 483 0039 0B       		.uleb128 0xb
 484 003a 0B       		.uleb128 0xb
 485 003b 49       		.uleb128 0x49
 486 003c 13       		.uleb128 0x13
 487 003d 00       		.byte	0
 488 003e 00       		.byte	0
 489 003f 06       		.uleb128 0x6
 490 0040 15       		.uleb128 0x15
 491 0041 00       		.byte	0
 492 0042 27       		.uleb128 0x27
 493 0043 19       		.uleb128 0x19
 494 0044 00       		.byte	0
 495 0045 00       		.byte	0
 496 0046 07       		.uleb128 0x7
 497 0047 13       		.uleb128 0x13
 498 0048 01       		.byte	0x1
 499 0049 0B       		.uleb128 0xb
 500 004a 0B       		.uleb128 0xb
 501 004b 3A       		.uleb128 0x3a
 502 004c 0B       		.uleb128 0xb
 503 004d 3B       		.uleb128 0x3b
 504 004e 0B       		.uleb128 0xb
 505 004f 01       		.uleb128 0x1
 506 0050 13       		.uleb128 0x13
 507 0051 00       		.byte	0
 508 0052 00       		.byte	0
 509 0053 08       		.uleb128 0x8
 510 0054 0D       		.uleb128 0xd
 511 0055 00       		.byte	0
 512 0056 03       		.uleb128 0x3
 513 0057 0E       		.uleb128 0xe
ARM GAS  /tmp/ccs0g1hN.s 			page 10


 514 0058 3A       		.uleb128 0x3a
 515 0059 0B       		.uleb128 0xb
 516 005a 3B       		.uleb128 0x3b
 517 005b 0B       		.uleb128 0xb
 518 005c 49       		.uleb128 0x49
 519 005d 13       		.uleb128 0x13
 520 005e 38       		.uleb128 0x38
 521 005f 0B       		.uleb128 0xb
 522 0060 00       		.byte	0
 523 0061 00       		.byte	0
 524 0062 09       		.uleb128 0x9
 525 0063 01       		.uleb128 0x1
 526 0064 01       		.byte	0x1
 527 0065 49       		.uleb128 0x49
 528 0066 13       		.uleb128 0x13
 529 0067 01       		.uleb128 0x1
 530 0068 13       		.uleb128 0x13
 531 0069 00       		.byte	0
 532 006a 00       		.byte	0
 533 006b 0A       		.uleb128 0xa
 534 006c 21       		.uleb128 0x21
 535 006d 00       		.byte	0
 536 006e 49       		.uleb128 0x49
 537 006f 13       		.uleb128 0x13
 538 0070 2F       		.uleb128 0x2f
 539 0071 0B       		.uleb128 0xb
 540 0072 00       		.byte	0
 541 0073 00       		.byte	0
 542 0074 0B       		.uleb128 0xb
 543 0075 2E       		.uleb128 0x2e
 544 0076 00       		.byte	0
 545 0077 3F       		.uleb128 0x3f
 546 0078 19       		.uleb128 0x19
 547 0079 03       		.uleb128 0x3
 548 007a 0E       		.uleb128 0xe
 549 007b 3A       		.uleb128 0x3a
 550 007c 0B       		.uleb128 0xb
 551 007d 3B       		.uleb128 0x3b
 552 007e 0B       		.uleb128 0xb
 553 007f 27       		.uleb128 0x27
 554 0080 19       		.uleb128 0x19
 555 0081 8701     		.uleb128 0x87
 556 0083 19       		.uleb128 0x19
 557 0084 11       		.uleb128 0x11
 558 0085 01       		.uleb128 0x1
 559 0086 12       		.uleb128 0x12
 560 0087 06       		.uleb128 0x6
 561 0088 40       		.uleb128 0x40
 562 0089 18       		.uleb128 0x18
 563 008a 9742     		.uleb128 0x2117
 564 008c 19       		.uleb128 0x19
 565 008d 00       		.byte	0
 566 008e 00       		.byte	0
 567 008f 0C       		.uleb128 0xc
 568 0090 34       		.uleb128 0x34
 569 0091 00       		.byte	0
 570 0092 03       		.uleb128 0x3
ARM GAS  /tmp/ccs0g1hN.s 			page 11


 571 0093 0E       		.uleb128 0xe
 572 0094 3A       		.uleb128 0x3a
 573 0095 0B       		.uleb128 0xb
 574 0096 3B       		.uleb128 0x3b
 575 0097 0B       		.uleb128 0xb
 576 0098 49       		.uleb128 0x49
 577 0099 13       		.uleb128 0x13
 578 009a 3F       		.uleb128 0x3f
 579 009b 19       		.uleb128 0x19
 580 009c 3C       		.uleb128 0x3c
 581 009d 19       		.uleb128 0x19
 582 009e 00       		.byte	0
 583 009f 00       		.byte	0
 584 00a0 0D       		.uleb128 0xd
 585 00a1 34       		.uleb128 0x34
 586 00a2 00       		.byte	0
 587 00a3 03       		.uleb128 0x3
 588 00a4 0E       		.uleb128 0xe
 589 00a5 3A       		.uleb128 0x3a
 590 00a6 0B       		.uleb128 0xb
 591 00a7 3B       		.uleb128 0x3b
 592 00a8 0B       		.uleb128 0xb
 593 00a9 49       		.uleb128 0x49
 594 00aa 13       		.uleb128 0x13
 595 00ab 3F       		.uleb128 0x3f
 596 00ac 19       		.uleb128 0x19
 597 00ad 02       		.uleb128 0x2
 598 00ae 18       		.uleb128 0x18
 599 00af 00       		.byte	0
 600 00b0 00       		.byte	0
 601 00b1 00       		.byte	0
 602              		.section	.debug_aranges,"",%progbits
 603 0000 1C000000 		.4byte	0x1c
 604 0004 0200     		.2byte	0x2
 605 0006 00000000 		.4byte	.Ldebug_info0
 606 000a 04       		.byte	0x4
 607 000b 00       		.byte	0
 608 000c 0000     		.2byte	0
 609 000e 0000     		.2byte	0
 610 0010 00000000 		.4byte	.LFB7
 611 0014 02000000 		.4byte	.LFE7-.LFB7
 612 0018 00000000 		.4byte	0
 613 001c 00000000 		.4byte	0
 614              		.section	.debug_ranges,"",%progbits
 615              	.Ldebug_ranges0:
 616 0000 00000000 		.4byte	.LFB7
 617 0004 02000000 		.4byte	.LFE7
 618 0008 00000000 		.4byte	0
 619 000c 00000000 		.4byte	0
 620              		.section	.debug_line,"",%progbits
 621              	.Ldebug_line0:
 622 0000 1D010000 		.section	.debug_str,"MS",%progbits,1
 622      02000701 
 622      00000201 
 622      FB0E0D00 
 622      01010101 
 623              	.LASF25:
ARM GAS  /tmp/ccs0g1hN.s 			page 12


 624 0000 76656374 		.ascii	"vector24\000"
 624      6F723234 
 624      00
 625              	.LASF15:
 626 0009 6972715F 		.ascii	"irq_vector_t\000"
 626      76656374 
 626      6F725F74 
 626      00
 627              	.LASF29:
 628 0016 76656374 		.ascii	"vector34\000"
 628      6F723334 
 628      00
 629              	.LASF35:
 630 001f 5F766563 		.ascii	"_vectors\000"
 630      746F7273 
 630      00
 631              	.LASF16:
 632 0028 696E6974 		.ascii	"init_stack\000"
 632      5F737461 
 632      636B00
 633              	.LASF27:
 634 0033 73766361 		.ascii	"svcall_vector\000"
 634      6C6C5F76 
 634      6563746F 
 634      7200
 635              	.LASF4:
 636 0041 756E7369 		.ascii	"unsigned char\000"
 636      676E6564 
 636      20636861 
 636      7200
 637              	.LASF8:
 638 004f 6C6F6E67 		.ascii	"long unsigned int\000"
 638      20756E73 
 638      69676E65 
 638      6420696E 
 638      7400
 639              	.LASF6:
 640 0061 73686F72 		.ascii	"short unsigned int\000"
 640      7420756E 
 640      7369676E 
 640      65642069 
 640      6E7400
 641              	.LASF11:
 642 0074 75696E74 		.ascii	"uint32_t\000"
 642      33325F74 
 642      00
 643              	.LASF23:
 644 007d 76656374 		.ascii	"vector1c\000"
 644      6F723163 
 644      00
 645              	.LASF31:
 646 0086 73797374 		.ascii	"systick_vector\000"
 646      69636B5F 
 646      76656374 
 646      6F7200
 647              	.LASF10:
 648 0095 5F5F7569 		.ascii	"__uint32_t\000"
ARM GAS  /tmp/ccs0g1hN.s 			page 13


 648      6E743332 
 648      5F7400
 649              	.LASF36:
 650 00a0 474E5520 		.ascii	"GNU C11 5.3.1 20160307 (release) [ARM/embedded-5-br"
 650      43313120 
 650      352E332E 
 650      31203230 
 650      31363033 
 651 00d3 616E6368 		.ascii	"anch revision 234589] -mcpu=cortex-m0 -mno-thumb-in"
 651      20726576 
 651      6973696F 
 651      6E203233 
 651      34353839 
 652 0106 74657277 		.ascii	"terwork -mthumb -ggdb -O2 -fomit-frame-pointer -fal"
 652      6F726B20 
 652      2D6D7468 
 652      756D6220 
 652      2D676764 
 653 0139 69676E2D 		.ascii	"ign-functions=16 -ffunction-sections -fdata-section"
 653      66756E63 
 653      74696F6E 
 653      733D3136 
 653      202D6666 
 654 016c 73202D66 		.ascii	"s -fno-common\000"
 654      6E6F2D63 
 654      6F6D6D6F 
 654      6E00
 655              	.LASF0:
 656 017a 756E7369 		.ascii	"unsigned int\000"
 656      676E6564 
 656      20696E74 
 656      00
 657              	.LASF18:
 658 0187 6E6D695F 		.ascii	"nmi_vector\000"
 658      76656374 
 658      6F7200
 659              	.LASF9:
 660 0192 6C6F6E67 		.ascii	"long long unsigned int\000"
 660      206C6F6E 
 660      6720756E 
 660      7369676E 
 660      65642069 
 661              	.LASF21:
 662 01a9 62757366 		.ascii	"busfault_vector\000"
 662      61756C74 
 662      5F766563 
 662      746F7200 
 663              	.LASF26:
 664 01b9 76656374 		.ascii	"vector28\000"
 664      6F723238 
 664      00
 665              	.LASF22:
 666 01c2 75736167 		.ascii	"usagefault_vector\000"
 666      65666175 
 666      6C745F76 
 666      6563746F 
 666      7200
ARM GAS  /tmp/ccs0g1hN.s 			page 14


 667              	.LASF33:
 668 01d4 76656374 		.ascii	"vectors_t\000"
 668      6F72735F 
 668      7400
 669              	.LASF38:
 670 01de 2F686F6D 		.ascii	"/home/lithium/Documentos/BikeTracker/ChibiOS_2.6.8/"
 670      652F6C69 
 670      74686975 
 670      6D2F446F 
 670      63756D65 
 671 0211 64656D6F 		.ascii	"demos/BikeTracker\000"
 671      732F4269 
 671      6B655472 
 671      61636B65 
 671      7200
 672              	.LASF30:
 673 0223 70656E64 		.ascii	"pendsv_vector\000"
 673      73765F76 
 673      6563746F 
 673      7200
 674              	.LASF13:
 675 0231 73697A65 		.ascii	"sizetype\000"
 675      74797065 
 675      00
 676              	.LASF1:
 677 023a 6C6F6E67 		.ascii	"long long int\000"
 677      206C6F6E 
 677      6720696E 
 677      7400
 678              	.LASF14:
 679 0248 63686172 		.ascii	"char\000"
 679      00
 680              	.LASF20:
 681 024d 6D656D6D 		.ascii	"memmanage_vector\000"
 681      616E6167 
 681      655F7665 
 681      63746F72 
 681      00
 682              	.LASF39:
 683 025e 5F756E68 		.ascii	"_unhandled_exception\000"
 683      616E646C 
 683      65645F65 
 683      78636570 
 683      74696F6E 
 684              	.LASF32:
 685 0273 76656374 		.ascii	"vectors\000"
 685      6F727300 
 686              	.LASF5:
 687 027b 73686F72 		.ascii	"short int\000"
 687      7420696E 
 687      7400
 688              	.LASF17:
 689 0285 72657365 		.ascii	"reset_vector\000"
 689      745F7665 
 689      63746F72 
 689      00
 690              	.LASF19:
ARM GAS  /tmp/ccs0g1hN.s 			page 15


 691 0292 68617264 		.ascii	"hardfault_vector\000"
 691      6661756C 
 691      745F7665 
 691      63746F72 
 691      00
 692              	.LASF37:
 693 02a3 2E2E2F2E 		.ascii	"../../os/ports/GCC/ARMCMx/STM32F0xx/vectors.c\000"
 693      2E2F6F73 
 693      2F706F72 
 693      74732F47 
 693      43432F41 
 694              	.LASF7:
 695 02d1 6C6F6E67 		.ascii	"long int\000"
 695      20696E74 
 695      00
 696              	.LASF2:
 697 02da 6C6F6E67 		.ascii	"long double\000"
 697      20646F75 
 697      626C6500 
 698              	.LASF3:
 699 02e6 7369676E 		.ascii	"signed char\000"
 699      65642063 
 699      68617200 
 700              	.LASF28:
 701 02f2 64656275 		.ascii	"debugmonitor_vector\000"
 701      676D6F6E 
 701      69746F72 
 701      5F766563 
 701      746F7200 
 702              	.LASF24:
 703 0306 76656374 		.ascii	"vector20\000"
 703      6F723230 
 703      00
 704              	.LASF12:
 705 030f 5F426F6F 		.ascii	"_Bool\000"
 705      6C00
 706              	.LASF34:
 707 0315 5F5F6D61 		.ascii	"__main_stack_end__\000"
 707      696E5F73 
 707      7461636B 
 707      5F656E64 
 707      5F5F00
 708              		.ident	"GCC: (GNU Tools for ARM Embedded Processors) 5.3.1 20160307 (release) [ARM/embedded-5-bran
ARM GAS  /tmp/ccs0g1hN.s 			page 16


DEFINED SYMBOLS
                            *ABS*:00000000 vectors.c
     /tmp/ccs0g1hN.s:20     .text._unhandled_exception:00000000 $t
     /tmp/ccs0g1hN.s:26     .text._unhandled_exception:00000000 _unhandled_exception
     /tmp/ccs0g1hN.s:26     .text._unhandled_exception:00000000 VectorBC
     /tmp/ccs0g1hN.s:26     .text._unhandled_exception:00000000 VectorB8
     /tmp/ccs0g1hN.s:26     .text._unhandled_exception:00000000 VectorB4
     /tmp/ccs0g1hN.s:26     .text._unhandled_exception:00000000 VectorB0
     /tmp/ccs0g1hN.s:26     .text._unhandled_exception:00000000 VectorAC
     /tmp/ccs0g1hN.s:26     .text._unhandled_exception:00000000 VectorA8
     /tmp/ccs0g1hN.s:26     .text._unhandled_exception:00000000 VectorA4
     /tmp/ccs0g1hN.s:26     .text._unhandled_exception:00000000 VectorA0
     /tmp/ccs0g1hN.s:26     .text._unhandled_exception:00000000 Vector9C
     /tmp/ccs0g1hN.s:26     .text._unhandled_exception:00000000 Vector98
     /tmp/ccs0g1hN.s:26     .text._unhandled_exception:00000000 Vector94
     /tmp/ccs0g1hN.s:26     .text._unhandled_exception:00000000 Vector90
     /tmp/ccs0g1hN.s:26     .text._unhandled_exception:00000000 Vector8C
     /tmp/ccs0g1hN.s:26     .text._unhandled_exception:00000000 Vector88
     /tmp/ccs0g1hN.s:26     .text._unhandled_exception:00000000 Vector84
     /tmp/ccs0g1hN.s:26     .text._unhandled_exception:00000000 Vector80
     /tmp/ccs0g1hN.s:26     .text._unhandled_exception:00000000 Vector7C
     /tmp/ccs0g1hN.s:26     .text._unhandled_exception:00000000 Vector78
     /tmp/ccs0g1hN.s:26     .text._unhandled_exception:00000000 Vector74
     /tmp/ccs0g1hN.s:26     .text._unhandled_exception:00000000 Vector70
     /tmp/ccs0g1hN.s:26     .text._unhandled_exception:00000000 Vector6C
     /tmp/ccs0g1hN.s:26     .text._unhandled_exception:00000000 Vector68
     /tmp/ccs0g1hN.s:26     .text._unhandled_exception:00000000 Vector64
     /tmp/ccs0g1hN.s:26     .text._unhandled_exception:00000000 Vector60
     /tmp/ccs0g1hN.s:26     .text._unhandled_exception:00000000 Vector5C
     /tmp/ccs0g1hN.s:26     .text._unhandled_exception:00000000 Vector58
     /tmp/ccs0g1hN.s:26     .text._unhandled_exception:00000000 Vector54
     /tmp/ccs0g1hN.s:26     .text._unhandled_exception:00000000 Vector50
     /tmp/ccs0g1hN.s:26     .text._unhandled_exception:00000000 Vector4C
     /tmp/ccs0g1hN.s:26     .text._unhandled_exception:00000000 Vector48
     /tmp/ccs0g1hN.s:26     .text._unhandled_exception:00000000 Vector44
     /tmp/ccs0g1hN.s:26     .text._unhandled_exception:00000000 Vector40
     /tmp/ccs0g1hN.s:26     .text._unhandled_exception:00000000 SysTickVector
     /tmp/ccs0g1hN.s:26     .text._unhandled_exception:00000000 PendSVVector
     /tmp/ccs0g1hN.s:26     .text._unhandled_exception:00000000 Vector34
     /tmp/ccs0g1hN.s:26     .text._unhandled_exception:00000000 DebugMonitorVector
     /tmp/ccs0g1hN.s:26     .text._unhandled_exception:00000000 SVCallVector
     /tmp/ccs0g1hN.s:26     .text._unhandled_exception:00000000 Vector28
     /tmp/ccs0g1hN.s:26     .text._unhandled_exception:00000000 Vector24
     /tmp/ccs0g1hN.s:26     .text._unhandled_exception:00000000 Vector20
     /tmp/ccs0g1hN.s:26     .text._unhandled_exception:00000000 Vector1C
     /tmp/ccs0g1hN.s:26     .text._unhandled_exception:00000000 UsageFaultVector
     /tmp/ccs0g1hN.s:26     .text._unhandled_exception:00000000 BusFaultVector
     /tmp/ccs0g1hN.s:26     .text._unhandled_exception:00000000 MemManageVector
     /tmp/ccs0g1hN.s:26     .text._unhandled_exception:00000000 HardFaultVector
     /tmp/ccs0g1hN.s:26     .text._unhandled_exception:00000000 NMIVector
     /tmp/ccs0g1hN.s:137    vectors:00000000 _vectors
     /tmp/ccs0g1hN.s:134    vectors:00000000 $d
                     .debug_frame:00000010 $d

UNDEFINED SYMBOLS
__main_stack_end__
ResetHandler
ARM GAS  /tmp/ccs0g1hN.s 			page 17


